number,value,datetime_start,datetime_complete,duration,params_lasso_alpha,params_selector__k,user_attrs_feat_level,user_attrs_label,user_attrs_model_type,user_attrs_pca_mode,user_attrs_top_k_features,user_attrs_use_PCA,state
0,-0.0012615299666745461,2025-12-08 19:35:49.481807,2025-12-08 19:35:55.291493,0 days 00:00:05.809686,0.117288537580501,22,extensive,final,lasso,,22,False,COMPLETE
1,-0.0012615299666745461,2025-12-08 19:35:55.291493,2025-12-08 19:36:02.162084,0 days 00:00:06.870591,0.026835192876676718,53,extensive,final,lasso,,53,False,COMPLETE
2,-0.0012615299666745461,2025-12-08 19:36:02.162084,2025-12-08 19:36:10.411686,0 days 00:00:08.249602,0.001206658940850124,68,extensive,final,lasso,,68,False,COMPLETE
3,-0.0012615299666745461,2025-12-08 19:36:10.411686,2025-12-08 19:36:16.270872,0 days 00:00:05.859186,0.004857910525726701,28,extensive,final,lasso,,28,False,COMPLETE
4,-0.0012615299666745461,2025-12-08 19:36:16.270872,2025-12-08 19:36:23.351415,0 days 00:00:07.080543,6.798510923519562,55,extensive,final,lasso,,55,False,COMPLETE
5,-0.0012615299666745461,2025-12-08 19:36:23.351415,2025-12-08 19:36:28.958771,0 days 00:00:05.607356,0.01074874944463258,6,extensive,final,lasso,,6,False,COMPLETE
6,-0.0012615299666745461,2025-12-08 19:36:28.958771,2025-12-08 19:36:34.743071,0 days 00:00:05.784300,0.0189613935532304,23,extensive,final,lasso,,23,False,COMPLETE
7,-0.0012615299666745461,2025-12-08 19:36:34.743071,2025-12-08 19:36:40.541472,0 days 00:00:05.798401,1.7828381416134038,26,extensive,final,lasso,,26,False,COMPLETE
8,-0.01599896024526748,2025-12-08 19:36:40.541472,2025-12-08 19:36:49.292888,0 days 00:00:08.751416,0.0004486939344670513,71,extensive,final,lasso,,71,False,COMPLETE
9,-0.0012615299666745461,2025-12-08 19:36:49.292888,2025-12-08 19:36:56.445818,0 days 00:00:07.152930,3.768769305997713,55,extensive,final,lasso,,55,False,COMPLETE
10,-0.0012615299666745461,2025-12-08 19:36:56.445818,2025-12-08 19:37:02.100508,0 days 00:00:05.654690,0.345345107252227,5,extensive,final,lasso,,5,False,COMPLETE
11,-0.0012615299666745461,2025-12-08 19:37:02.100508,2025-12-08 19:37:08.382566,0 days 00:00:06.282058,0.16409272897908406,43,extensive,final,lasso,,43,False,COMPLETE
12,-0.0012615299666745461,2025-12-08 19:37:08.382566,2025-12-08 19:37:14.582350,0 days 00:00:06.199784,0.11279791589787208,40,extensive,final,lasso,,40,False,COMPLETE
13,-0.7999734548304349,2025-12-08 19:37:14.582350,2025-12-08 19:37:24.771363,0 days 00:00:10.189013,0.00011354406352826134,80,extensive,final,lasso,,80,False,COMPLETE
14,-0.0012615299666745461,2025-12-08 19:37:24.771363,2025-12-08 19:37:30.449107,0 days 00:00:05.677744,0.04103706356847211,15,extensive,final,lasso,,15,False,COMPLETE
15,-0.0012615299666745461,2025-12-08 19:37:30.449107,2025-12-08 19:37:36.597864,0 days 00:00:06.148757,1.1546935853938545,40,extensive,final,lasso,,40,False,COMPLETE
16,-0.0012615299666745461,2025-12-08 19:37:36.598467,2025-12-08 19:37:43.321530,0 days 00:00:06.723063,0.002971731288361139,51,extensive,final,lasso,,51,False,COMPLETE
17,-0.0012615299666745461,2025-12-08 19:37:43.321530,2025-12-08 19:37:49.221029,0 days 00:00:05.899499,0.0641027077715263,33,extensive,final,lasso,,33,False,COMPLETE
18,-0.0012615299666745461,2025-12-08 19:37:49.221029,2025-12-08 19:37:54.929937,0 days 00:00:05.708908,0.364873768438315,15,extensive,final,lasso,,15,False,COMPLETE
19,-0.0012615299666745461,2025-12-08 19:37:54.932067,2025-12-08 19:38:02.899966,0 days 00:00:07.967899,0.009821713767352969,62,extensive,final,lasso,,62,False,COMPLETE
20,-0.0012615299666745461,2025-12-08 19:38:02.899966,2025-12-08 19:38:09.432306,0 days 00:00:06.532340,0.5518635031236269,47,extensive,final,lasso,,47,False,COMPLETE
21,-0.0016943757612363885,2025-12-08 19:38:09.432306,2025-12-08 19:38:17.396885,0 days 00:00:07.964579,0.000844041672249268,65,extensive,final,lasso,,65,False,COMPLETE
22,-0.0012615299666745461,2025-12-08 19:38:17.396885,2025-12-08 19:38:26.721416,0 days 00:00:09.324531,0.0013612685065179065,74,extensive,final,lasso,,74,False,COMPLETE
23,-0.07578531877230232,2025-12-08 19:38:26.721416,2025-12-08 19:38:34.591536,0 days 00:00:07.870120,0.00023586425839434795,64,extensive,final,lasso,,64,False,COMPLETE
24,-0.0012615299666745461,2025-12-08 19:38:34.591536,2025-12-08 19:38:41.905290,0 days 00:00:07.313754,0.02953121135364372,58,extensive,final,lasso,,58,False,COMPLETE
25,-0.0012615299666745461,2025-12-08 19:38:41.905290,2025-12-08 19:38:47.921959,0 days 00:00:06.016669,0.00298856546390401,34,extensive,final,lasso,,34,False,COMPLETE
26,-0.0012615299666745461,2025-12-08 19:38:47.921959,2025-12-08 19:38:56.792332,0 days 00:00:08.870373,0.09372674641273405,72,extensive,final,lasso,,72,False,COMPLETE
27,-0.0012615299666745461,2025-12-08 19:38:56.792332,2025-12-08 19:39:02.561868,0 days 00:00:05.769536,0.007563948064321113,17,extensive,final,lasso,,17,False,COMPLETE
28,-0.0012615299666745461,2025-12-08 19:39:02.561868,2025-12-08 19:39:09.280070,0 days 00:00:06.718202,0.00133848780188644,50,extensive,final,lasso,,50,False,COMPLETE
29,-0.0012615299666745461,2025-12-08 19:39:09.280070,2025-12-08 19:39:19.500195,0 days 00:00:10.220125,0.21143072208002373,79,extensive,final,lasso,,79,False,COMPLETE
30,-0.0012615299666745461,2025-12-08 19:39:19.500195,2025-12-08 19:39:25.421384,0 days 00:00:05.921189,0.003917484622909525,31,extensive,final,lasso,,31,False,COMPLETE
31,-0.0012615299666745461,2025-12-08 19:39:25.421384,2025-12-08 19:39:31.239341,0 days 00:00:05.817957,0.016156234174200697,23,extensive,final,lasso,,23,False,COMPLETE
32,-0.0012615299666745461,2025-12-08 19:39:31.239341,2025-12-08 19:39:36.912904,0 days 00:00:05.673563,0.004549571053743047,10,extensive,final,lasso,,10,False,COMPLETE
33,-0.0012615299666745461,2025-12-08 19:39:36.912904,2025-12-08 19:39:42.832685,0 days 00:00:05.919781,0.03240018117154988,25,extensive,final,lasso,,25,False,COMPLETE
34,-0.0012615299666745461,2025-12-08 19:39:42.832685,2025-12-08 19:39:48.711942,0 days 00:00:05.879257,0.0014992260206334433,29,extensive,final,lasso,,29,False,COMPLETE
35,-0.006241720035440657,2025-12-08 19:39:48.711942,2025-12-08 19:39:54.841501,0 days 00:00:06.129559,0.0006050884921586006,37,extensive,final,lasso,,37,False,COMPLETE
36,-0.0012615299666745461,2025-12-08 19:39:54.841501,2025-12-08 19:40:00.635404,0 days 00:00:05.793903,0.01656460078875655,18,extensive,final,lasso,,18,False,COMPLETE
37,-0.0012615299666745461,2025-12-08 19:40:00.635404,2025-12-08 19:40:08.262123,0 days 00:00:07.626719,0.007607650009579325,61,extensive,final,lasso,,61,False,COMPLETE
38,0.0019393702575916105,2025-12-08 19:40:08.262123,2025-12-08 19:40:14.014328,0 days 00:00:05.752205,0.00027123224401816033,2,extensive,final,lasso,,2,False,COMPLETE
39,0.0017431775217850332,2025-12-08 19:40:14.014328,2025-12-08 19:40:19.723436,0 days 00:00:05.709108,0.00012124282254880816,2,extensive,final,lasso,,2,False,COMPLETE
40,0.0022255490713166902,2025-12-08 19:40:19.723436,2025-12-08 19:40:25.627839,0 days 00:00:05.904403,0.00022251341185523002,3,extensive,final,lasso,,3,False,COMPLETE
41,0.0018345818983544816,2025-12-08 19:40:25.627839,2025-12-08 19:40:31.286931,0 days 00:00:05.659092,0.00012119535240846838,3,extensive,final,lasso,,3,False,COMPLETE
42,0.002121550025494701,2025-12-08 19:40:31.286931,2025-12-08 19:40:37.009304,0 days 00:00:05.722373,0.00012194551089601217,1,extensive,final,lasso,,1,False,COMPLETE
43,0.0021203400043790397,2025-12-08 19:40:37.010305,2025-12-08 19:40:42.671255,0 days 00:00:05.660950,0.0001208123377806652,1,extensive,final,lasso,,1,False,COMPLETE
44,0.002062337768033773,2025-12-08 19:40:42.671255,2025-12-08 19:40:48.411700,0 days 00:00:05.740445,0.0002680217264915219,1,extensive,final,lasso,,1,False,COMPLETE
45,-0.02324453812600329,2025-12-08 19:40:48.411700,2025-12-08 19:40:54.132688,0 days 00:00:05.720988,0.0002721588502453629,10,extensive,final,lasso,,10,False,COMPLETE
46,-0.023543748061837566,2025-12-08 19:40:54.132688,2025-12-08 19:40:59.841355,0 days 00:00:05.708667,0.0002840271688713702,9,extensive,final,lasso,,9,False,COMPLETE
47,0.0021447764673266033,2025-12-08 19:40:59.841355,2025-12-08 19:41:05.499430,0 days 00:00:05.658075,0.00019630250740259022,1,extensive,final,lasso,,1,False,COMPLETE
48,0.0019442579270876337,2025-12-08 19:41:05.499430,2025-12-08 19:41:11.186223,0 days 00:00:05.686793,0.00043791088906632426,6,extensive,final,lasso,,6,False,COMPLETE
49,-0.03384327595387846,2025-12-08 19:41:11.186223,2025-12-08 19:41:16.912032,0 days 00:00:05.725809,0.0001776235953139513,8,extensive,final,lasso,,8,False,COMPLETE
50,-0.0107459345192924,2025-12-08 19:41:16.912032,2025-12-08 19:41:22.741381,0 days 00:00:05.829349,0.0004893980801431277,13,extensive,final,lasso,,13,False,COMPLETE
51,0.0019666621289865295,2025-12-08 19:41:22.741381,2025-12-08 19:41:28.411986,0 days 00:00:05.670605,0.0004190491486281686,6,extensive,final,lasso,,6,False,COMPLETE
52,0.0021492632964789315,2025-12-08 19:41:28.411986,2025-12-08 19:41:34.091199,0 days 00:00:05.679213,0.00017060984137585127,1,extensive,final,lasso,,1,False,COMPLETE
53,0.0021478543813992167,2025-12-08 19:41:34.091199,2025-12-08 19:41:39.761890,0 days 00:00:05.670691,0.00018729151033150125,1,extensive,final,lasso,,1,False,COMPLETE
54,-5.984785147248317e-05,2025-12-08 19:41:39.761890,2025-12-08 19:41:45.461803,0 days 00:00:05.699913,0.00017134492818206683,5,extensive,final,lasso,,5,False,COMPLETE
55,-0.0010837890870961208,2025-12-08 19:41:45.461803,2025-12-08 19:41:51.149102,0 days 00:00:05.687299,0.000781152747547585,1,extensive,final,lasso,,1,False,COMPLETE
56,-0.041613522417375925,2025-12-08 19:41:51.149102,2025-12-08 19:41:56.845766,0 days 00:00:05.696664,0.00010381656590826286,12,extensive,final,lasso,,12,False,COMPLETE
57,-0.03785194210629812,2025-12-08 19:41:56.849268,2025-12-08 19:42:02.509072,0 days 00:00:05.659804,0.00014077687043714758,7,extensive,final,lasso,,7,False,COMPLETE
58,-0.0020186304627868522,2025-12-08 19:42:02.509072,2025-12-08 19:42:08.362504,0 days 00:00:05.853432,0.0008156971015446971,20,extensive,final,lasso,,20,False,COMPLETE
59,0.00023845542353155834,2025-12-08 19:42:08.362504,2025-12-08 19:42:14.030134,0 days 00:00:05.667630,0.00017217791426246988,4,extensive,final,lasso,,4,False,COMPLETE
60,-0.0012615299666745461,2025-12-08 19:42:14.030134,2025-12-08 19:42:19.713924,0 days 00:00:05.683790,0.0020106073775930863,13,extensive,final,lasso,,13,False,COMPLETE
61,0.0018730482846313734,2025-12-08 19:42:19.713924,2025-12-08 19:42:25.358710,0 days 00:00:05.644786,0.00034091846461348354,1,extensive,final,lasso,,1,False,COMPLETE
62,0.0007134257077795914,2025-12-08 19:42:25.358710,2025-12-08 19:42:30.977388,0 days 00:00:05.618678,0.00020562097896759406,4,extensive,final,lasso,,4,False,COMPLETE
63,0.00047563684807625515,2025-12-08 19:42:30.977388,2025-12-08 19:42:36.639205,0 days 00:00:05.661817,0.0005837021425617592,1,extensive,final,lasso,,1,False,COMPLETE
64,-0.018310580520072107,2025-12-08 19:42:36.639205,2025-12-08 19:42:42.299510,0 days 00:00:05.660305,0.00035178860003867436,9,extensive,final,lasso,,9,False,COMPLETE
65,0.000621609378031529,2025-12-08 19:42:42.299510,2025-12-08 19:42:47.962025,0 days 00:00:05.662515,0.00021200942495837977,5,extensive,final,lasso,,5,False,COMPLETE
66,-0.03570018324490378,2025-12-08 19:42:47.962025,2025-12-08 19:42:53.680265,0 days 00:00:05.718240,0.00015145249003282416,12,extensive,final,lasso,,12,False,COMPLETE
67,-0.04175545178072304,2025-12-08 19:42:53.680265,2025-12-08 19:42:59.387525,0 days 00:00:05.707260,0.00010828233566930852,7,extensive,final,lasso,,7,False,COMPLETE
68,-0.0012459017897251457,2025-12-08 19:42:59.387525,2025-12-08 19:43:05.102532,0 days 00:00:05.715007,0.0009096933337297471,15,extensive,final,lasso,,15,False,COMPLETE
69,0.002235159733548353,2025-12-08 19:43:05.102532,2025-12-08 19:43:10.773869,0 days 00:00:05.671337,0.00023855667355937249,3,extensive,final,lasso,,3,False,COMPLETE
70,-0.0012615299666745461,2025-12-08 19:43:10.773869,2025-12-08 19:43:16.430073,0 days 00:00:05.656204,4.9028525293354015,5,extensive,final,lasso,,5,False,COMPLETE
71,0.0019627656170804197,2025-12-08 19:43:16.430073,2025-12-08 19:43:22.022786,0 days 00:00:05.592713,0.0003113073356588985,1,extensive,final,lasso,,1,False,COMPLETE
72,0.0022258253149769923,2025-12-08 19:43:22.022786,2025-12-08 19:43:27.645396,0 days 00:00:05.622610,0.0002227797328475556,3,extensive,final,lasso,,3,False,COMPLETE
73,0.0006801992701250592,2025-12-08 19:43:27.645396,2025-12-08 19:43:33.246147,0 days 00:00:05.600751,0.0005872393702629904,4,extensive,final,lasso,,4,False,COMPLETE
74,-0.04201482108840802,2025-12-08 19:43:33.246147,2025-12-08 19:43:38.950094,0 days 00:00:05.703947,0.0001010106367303038,11,extensive,final,lasso,,11,False,COMPLETE
75,-0.03165446293950578,2025-12-08 19:43:38.950094,2025-12-08 19:43:44.650281,0 days 00:00:05.700187,0.00019836564670795996,8,extensive,final,lasso,,8,False,COMPLETE
76,0.0019720762238453204,2025-12-08 19:43:44.650281,2025-12-08 19:43:50.280072,0 days 00:00:05.629791,0.00014395642689273198,3,extensive,final,lasso,,3,False,COMPLETE
77,-0.014628551878239615,2025-12-08 19:43:50.280072,2025-12-08 19:43:55.961843,0 days 00:00:05.681771,0.0004056487307304117,7,extensive,final,lasso,,7,False,COMPLETE
78,0.0022269124229342685,2025-12-08 19:43:55.961843,2025-12-08 19:44:01.661771,0 days 00:00:05.699928,0.00022386721511010596,3,extensive,final,lasso,,3,False,COMPLETE
79,-0.0012615299666745461,2025-12-08 19:44:01.661771,2025-12-08 19:44:07.621365,0 days 00:00:05.959594,0.002039019632863218,15,extensive,final,lasso,,15,False,COMPLETE
80,-0.0012615299666745461,2025-12-08 19:44:07.621365,2025-12-08 19:44:13.326144,0 days 00:00:05.704779,0.0010549013742014563,3,extensive,final,lasso,,3,False,COMPLETE
81,0.0022237202513701202,2025-12-08 19:44:13.326144,2025-12-08 19:44:18.992641,0 days 00:00:05.666497,0.00022083744984847535,3,extensive,final,lasso,,3,False,COMPLETE
82,-0.02927902568909242,2025-12-08 19:44:18.992641,2025-12-08 19:44:24.669104,0 days 00:00:05.676463,0.00022021095615570483,9,extensive,final,lasso,,9,False,COMPLETE
83,0.000287115366523194,2025-12-08 19:44:24.669603,2025-12-08 19:44:30.290367,0 days 00:00:05.620764,0.0006115130671169509,3,extensive,final,lasso,,3,False,COMPLETE
84,0.0005493881200242745,2025-12-08 19:44:30.290367,2025-12-08 19:44:35.976265,0 days 00:00:05.685898,0.00023348315164568365,6,extensive,final,lasso,,6,False,COMPLETE
85,-0.016730989552911878,2025-12-08 19:44:35.976265,2025-12-08 19:44:41.608852,0 days 00:00:05.632587,0.00035997109655913916,10,extensive,final,lasso,,10,False,COMPLETE
86,-3.089710620804986e-05,2025-12-08 19:44:41.608852,2025-12-08 19:44:47.306084,0 days 00:00:05.697232,0.00015560463708514858,4,extensive,final,lasso,,4,False,COMPLETE
87,-0.00959876304438827,2025-12-08 19:44:47.306084,2025-12-08 19:44:52.966684,0 days 00:00:05.660600,0.0005031096176352315,7,extensive,final,lasso,,7,False,COMPLETE
88,0.0022149354205198923,2025-12-08 19:44:52.966684,2025-12-08 19:44:58.682413,0 days 00:00:05.715729,0.0002684437836107594,3,extensive,final,lasso,,3,False,COMPLETE
89,-0.0012615299666745461,2025-12-08 19:44:58.682413,2025-12-08 19:45:04.443576,0 days 00:00:05.761163,1.8766691308786212,18,extensive,final,lasso,,18,False,COMPLETE
90,0.0021383031365274307,2025-12-08 19:45:04.443576,2025-12-08 19:45:10.150047,0 days 00:00:05.706471,0.000309930188183898,3,extensive,final,lasso,,3,False,COMPLETE
91,0.0021799607492135166,2025-12-08 19:45:10.150047,2025-12-08 19:45:15.889410,0 days 00:00:05.739363,0.00028664869262703615,3,extensive,final,lasso,,3,False,COMPLETE
92,0.0011083159056075377,2025-12-08 19:45:15.889410,2025-12-08 19:45:21.608593,0 days 00:00:05.719183,0.0002485563040846511,5,extensive,final,lasso,,5,False,COMPLETE
93,-0.033479261541961416,2025-12-08 19:45:21.608593,2025-12-08 19:45:27.482834,0 days 00:00:05.874241,0.00018102397401885281,8,extensive,final,lasso,,8,False,COMPLETE
94,0.001308700023551368,2025-12-08 19:45:27.482834,2025-12-08 19:45:33.132488,0 days 00:00:05.649654,0.0004947885500568902,3,extensive,final,lasso,,3,False,COMPLETE
95,-0.0041303515555989765,2025-12-08 19:45:33.132488,2025-12-08 19:45:38.883703,0 days 00:00:05.751215,0.0006826914883999364,11,extensive,final,lasso,,11,False,COMPLETE
96,-0.026836124420459774,2025-12-08 19:45:38.883703,2025-12-08 19:45:45.282684,0 days 00:00:06.398981,0.00038858466585764184,44,extensive,final,lasso,,44,False,COMPLETE
97,0.0004853031147537878,2025-12-08 19:45:45.282684,2025-12-08 19:45:50.979839,0 days 00:00:05.697155,0.0002295327156876992,6,extensive,final,lasso,,6,False,COMPLETE
98,0.001872545040333562,2025-12-08 19:45:50.979839,2025-12-08 19:45:56.936699,0 days 00:00:05.956860,0.0003066888327850925,2,extensive,final,lasso,,2,False,COMPLETE
99,-0.04887513312621237,2025-12-08 19:45:56.936699,2025-12-08 19:46:02.682547,0 days 00:00:05.745848,0.00017126824399542925,13,extensive,final,lasso,,13,False,COMPLETE
