number,value,datetime_start,datetime_complete,duration,params_lgbm_colsample_bytree,params_lgbm_learning_rate,params_lgbm_max_depth,params_lgbm_min_child_samples,params_lgbm_n_estimators,params_lgbm_num_leaves,params_lgbm_reg_alpha,params_lgbm_reg_lambda,params_lgbm_subsample,params_selector__k,user_attrs_feat_level,user_attrs_label,user_attrs_model_type,user_attrs_pca_mode,user_attrs_top_k_features,user_attrs_use_PCA,state
82,-0.0022427002829488395,2025-12-08 20:19:53.733108,2025-12-08 20:20:00.659270,0 days 00:00:06.926162,0.838135460500362,0.06945094116238155,10,17,2993,76,0.9392280482265605,14.862031754424551,0.6217535792273123,36,extensive,final,lgbm,,36,False,COMPLETE
83,-0.0010977118996769342,2025-12-08 20:20:00.659270,2025-12-08 20:20:07.487566,0 days 00:00:06.828296,0.8235012184766374,0.09087390409955531,11,10,3724,73,1.3127310739224924,10.766981711960936,0.5427401784805976,29,extensive,final,lgbm,,29,False,COMPLETE
84,-0.0010658282966011568,2025-12-08 20:20:07.487566,2025-12-08 20:20:14.518994,0 days 00:00:07.031428,0.873329411925498,0.09491573850721889,11,11,3742,95,1.291554435576936,11.156747103147271,0.5445329469471686,28,extensive,final,lgbm,,28,False,COMPLETE
85,-0.001261529934154515,2025-12-08 20:20:14.518994,2025-12-08 20:20:21.103954,0 days 00:00:06.584960,0.8970358138061063,0.09884143198911872,9,22,3629,104,1.5718441013129523,11.254569623380872,0.567608898827851,16,extensive,final,lgbm,,16,False,COMPLETE
86,-0.003158637299367739,2025-12-08 20:20:21.103954,2025-12-08 20:20:27.507985,0 days 00:00:06.404031,0.8766182104502662,0.015783914158275566,11,97,3911,95,0.7881014647335081,17.745110057887253,0.5021139780285512,7,extensive,final,lgbm,,7,False,COMPLETE
87,-0.0011615988325726968,2025-12-08 20:20:27.507985,2025-12-08 20:20:34.200261,0 days 00:00:06.692276,0.8595897037875175,0.07685074561997104,12,79,3408,86,1.1030038548548176,7.210897207458864,0.6036159462990317,26,extensive,final,lgbm,,26,False,COMPLETE
88,-0.0020576008171960146,2025-12-08 20:20:34.200261,2025-12-08 20:20:41.241396,0 days 00:00:07.041135,0.7027786442403872,0.08489679341857316,10,21,3558,109,0.8857069589269382,13.247087410381416,0.5787836486963485,35,extensive,final,lgbm,,35,False,COMPLETE
89,-0.001163977383356918,2025-12-08 20:20:41.241396,2025-12-08 20:20:48.760320,0 days 00:00:07.518924,0.8328417802971171,0.06260441619874872,12,29,3277,99,1.4021693130251291,9.286148691065106,0.5439681840339387,45,extensive,final,lgbm,,45,False,COMPLETE
90,-0.001128275464828321,2025-12-08 20:20:48.760320,2025-12-08 20:20:55.463319,0 days 00:00:06.702999,0.8101526135784776,0.021129500029466876,11,88,4000,91,1.238349873088105,15.53775601082439,0.5236218707924915,21,extensive,final,lgbm,,21,False,COMPLETE
91,-0.0010140378874886834,2025-12-08 20:20:55.463319,2025-12-08 20:21:02.205252,0 days 00:00:06.741933,0.8432619050424273,0.09318899495791941,11,10,3129,83,1.3079230364329453,10.558665989939213,0.5387294294724193,30,extensive,final,lgbm,,30,False,COMPLETE
92,-0.0015134771790022762,2025-12-08 20:21:02.205252,2025-12-08 20:21:09.003001,0 days 00:00:06.797749,0.8469599095532634,0.09333295771457503,11,13,3065,83,1.0137390101346673,10.18081882871252,0.5348044272960756,31,extensive,final,lgbm,,31,False,COMPLETE
93,-0.001261529934154515,2025-12-08 20:21:09.003001,2025-12-08 20:21:15.382817,0 days 00:00:06.379816,0.8689691353645947,0.0869322348044662,12,10,3150,80,1.5231276147341444,8.168401650237934,0.5954778831472634,16,extensive,final,lgbm,,16,False,COMPLETE
94,-0.001261529934154515,2025-12-08 20:21:15.382817,2025-12-08 20:21:22.242466,0 days 00:00:06.859649,0.9042084561877761,0.09999952197381463,11,18,3694,84,1.7028075882850302,11.375632980338178,0.5614716024056708,24,extensive,final,lgbm,,24,False,COMPLETE
95,-0.0010606263390666726,2025-12-08 20:21:22.242466,2025-12-08 20:21:29.320939,0 days 00:00:07.078473,0.8834255055025463,0.03688090992355792,10,15,2854,82,1.2978388825415237,1.1605347666526613,0.5780221853776991,38,extensive,final,lgbm,,38,False,COMPLETE
96,-0.001261529934154515,2025-12-08 20:21:29.320939,2025-12-08 20:21:36.363696,0 days 00:00:07.042757,0.8849175543761207,0.05568635654587412,9,16,2862,82,1.9131343161628438,13.262168069525313,0.5795281886483636,38,extensive,final,lgbm,,38,False,COMPLETE
97,-0.0009956160786302125,2025-12-08 20:21:36.364742,2025-12-08 20:21:43.094014,0 days 00:00:06.729272,0.9528010603305997,0.03320769091855891,10,15,2977,88,1.1351697184233067,1.05322966711308,0.5107947273168237,29,extensive,final,lgbm,,29,False,COMPLETE
98,-0.0008852828082785092,2025-12-08 20:21:43.097726,2025-12-08 20:21:50.064924,0 days 00:00:06.967198,0.9901826942850986,0.005438438385377398,10,20,2954,92,1.1963266443743439,1.3311779012395806,0.5070229333209203,28,extensive,final,lgbm,,28,False,COMPLETE
99,-0.000957450111750191,2025-12-08 20:21:50.064924,2025-12-08 20:21:56.899458,0 days 00:00:06.834534,0.9819805629858831,0.005340140440776236,10,14,2989,92,1.1620893591399282,1.2572297933947882,0.5122490214713394,27,extensive,final,lgbm,,27,False,COMPLETE
