number,value,datetime_start,datetime_complete,duration,params_selector__k,params_xgb_colsample_bytree,params_xgb_learning_rate,params_xgb_max_depth,params_xgb_min_child_weight,params_xgb_n_estimators,params_xgb_reg_alpha,params_xgb_reg_lambda,params_xgb_subsample,user_attrs_feat_level,user_attrs_label,user_attrs_model_type,user_attrs_pca_mode,user_attrs_top_k_features,user_attrs_use_PCA,state
0,-0.001234399,21:56.9,22:16.2,0 days 00:00:19.295809,34,0.41300145,0.001424028,8,18,2785,1.20727792,0.634968969,0.809992719,extensive,final,xgb,,34,FALSE,COMPLETE
1,-0.00126153,22:16.2,22:44.1,0 days 00:00:27.945694,119,0.808246325,0.003819507,6,10,823,3.989553848,0.133384253,0.555220892,extensive,final,xgb,,119,FALSE,COMPLETE
2,-0.00126153,22:44.1,23:00.7,0 days 00:00:16.564807,69,0.693244745,0.039622505,8,10,2006,4.27719034,1.945573217,0.695445693,extensive,final,xgb,,69,FALSE,COMPLETE
3,-0.00126153,23:00.7,23:29.9,0 days 00:00:29.238889,104,0.370788871,0.004844306,5,14,2889,2.414416449,1.209979741,0.388527449,extensive,final,xgb,,104,FALSE,COMPLETE
4,-0.00126153,23:29.9,23:54.9,0 days 00:00:24.951544,94,0.628188867,0.010457351,8,8,2677,3.972036643,10.12812171,0.715272673,extensive,final,xgb,,94,FALSE,COMPLETE
5,-0.00126153,23:54.9,24:07.9,0 days 00:00:12.955349,22,0.300122958,0.004513504,9,3,2309,2.71890059,3.804101173,0.450082772,extensive,final,xgb,,22,FALSE,COMPLETE
6,-0.00126153,24:07.9,24:17.8,0 days 00:00:09.913652,49,0.827256044,0.026354321,8,9,781,3.333926801,0.659289518,0.302830985,extensive,final,xgb,,49,FALSE,COMPLETE
7,-0.003173503,24:17.8,24:34.8,0 days 00:00:17.074565,56,0.657227304,0.027964651,9,3,2514,1.022335828,1.210419914,0.337266315,extensive,final,xgb,,56,FALSE,COMPLETE
8,-0.003514612,24:34.8,24:53.6,0 days 00:00:18.735153,43,0.492041575,0.005978612,10,3,1980,0.937893784,1.934511114,0.750656287,extensive,final,xgb,,43,FALSE,COMPLETE
9,-0.034948975,24:53.6,25:04.5,0 days 00:00:10.902942,44,0.847007732,0.021040144,4,19,548,0.220498746,19.88054938,0.403404597,extensive,final,xgb,,44,FALSE,COMPLETE
10,-0.001260614,25:04.5,26:09.4,0 days 00:01:04.891063,146,0.490037169,0.001073406,6,17,3918,1.787591713,0.245194546,0.893205028,extensive,final,xgb,,146,FALSE,COMPLETE
11,-0.001262866,26:09.4,27:07.9,0 days 00:00:58.509048,140,0.488723384,0.001060361,6,20,3950,1.793067575,0.261336544,0.89943262,extensive,final,xgb,,140,FALSE,COMPLETE
12,-0.001291578,27:07.9,27:24.7,0 days 00:00:16.849786,14,0.48062189,0.001266147,3,16,3930,1.650192292,0.374926187,0.898768771,extensive,final,xgb,,14,FALSE,COMPLETE
13,-0.02651409,27:24.7,29:27.0,0 days 00:02:02.275894,148,0.414867948,0.002322948,7,15,3379,0.152141633,0.100748895,0.801474052,extensive,final,xgb,,148,FALSE,COMPLETE
14,-0.00126248,29:27.0,29:42.2,0 days 00:00:15.232820,2,0.55608912,0.002162355,5,17,3274,1.595545896,0.295009464,0.811129087,extensive,final,xgb,,2,FALSE,COMPLETE
15,-0.00126153,29:42.2,30:06.9,0 days 00:00:24.611282,84,0.382602049,0.001743084,7,13,3332,2.783384121,0.529385744,0.607577362,extensive,final,xgb,,84,FALSE,COMPLETE
16,-0.003577423,30:06.9,30:41.5,0 days 00:00:34.673539,120,0.553977128,0.009348367,5,18,1668,0.999269005,0.202162933,0.824977358,extensive,final,xgb,,120,FALSE,COMPLETE
17,-0.00126153,30:41.5,30:52.4,0 days 00:00:10.888572,31,0.729450882,0.002955277,10,12,1395,4.968532224,0.723529837,0.633151653,extensive,final,xgb,,31,FALSE,COMPLETE
18,-0.00126153,30:52.4,31:13.6,0 days 00:00:21.201312,68,0.303327204,0.001568989,7,7,3574,2.065373328,5.513933947,0.515761089,extensive,final,xgb,,68,FALSE,COMPLETE
19,-0.001754324,31:13.6,32:18.0,0 days 00:01:04.355498,129,0.421264145,0.001037164,6,20,2858,0.716188178,0.157144316,0.868809141,extensive,final,xgb,,129,FALSE,COMPLETE
20,-0.00126153,32:18.0,32:48.8,0 days 00:00:30.862892,109,0.562034943,0.002865472,9,17,3015,3.202063055,0.415255655,0.767329002,extensive,final,xgb,,109,FALSE,COMPLETE
21,-0.001194995,32:48.8,33:29.2,0 days 00:00:40.366664,129,0.453892273,0.003545015,6,12,1154,1.370309639,0.100257711,0.541091336,extensive,final,xgb,,129,FALSE,COMPLETE
22,-0.001242591,33:29.2,34:14.0,0 days 00:00:44.758981,136,0.461511204,0.001476194,4,6,1161,1.542503937,0.18369811,0.668946189,extensive,final,xgb,,136,FALSE,COMPLETE
23,-0.001156681,34:14.0,34:54.9,0 days 00:00:40.908097,128,0.439141939,0.001612791,3,5,1351,1.323075103,0.13040535,0.670587569,extensive,final,xgb,,128,FALSE,COMPLETE
24,-0.001467433,34:54.9,35:17.6,0 days 00:00:22.709334,84,0.364805912,0.002117501,4,1,1483,0.543914259,0.139010426,0.539462776,extensive,final,xgb,,84,FALSE,COMPLETE
25,-0.001233041,35:17.6,35:49.0,0 days 00:00:31.455264,125,0.443822755,0.003225308,3,5,322,1.229591937,0.102605677,0.478750191,extensive,final,xgb,,125,FALSE,COMPLETE
26,-0.00126153,35:49.0,36:20.5,0 days 00:00:31.485808,125,0.339697884,0.007868337,3,5,300,2.095429305,0.100360891,0.481641557,extensive,final,xgb,,125,FALSE,COMPLETE
27,-0.001241657,36:20.5,36:40.9,0 days 00:00:20.332404,109,0.530820158,0.003089523,3,5,203,1.37992593,0.100182507,0.56672838,extensive,final,xgb,,109,FALSE,COMPLETE
28,-0.005284052,36:40.9,37:04.8,0 days 00:00:23.928306,100,0.606217101,0.006100493,4,12,1051,0.617553283,0.156621958,0.479274656,extensive,final,xgb,,100,FALSE,COMPLETE
29,-0.001076686,37:04.8,37:46.0,0 days 00:00:41.162427,134,0.439082149,0.003684764,3,1,553,1.164829704,0.325362727,0.652789965,extensive,final,xgb,,134,FALSE,COMPLETE
30,-0.00126153,37:46.0,38:32.4,0 days 00:00:46.441655,135,0.528450803,0.004297029,5,3,1751,2.210074189,0.838969657,0.640073678,extensive,final,xgb,,135,FALSE,COMPLETE
31,-0.001195731,38:32.4,38:56.5,0 days 00:00:24.087596,114,0.436459977,0.003450502,3,1,546,1.327907515,0.207655934,0.585021203,extensive,final,xgb,,114,FALSE,COMPLETE
32,-0.001226552,38:56.5,39:22.4,0 days 00:00:25.887906,115,0.427682644,0.003692962,3,1,668,0.42458781,0.353301155,0.58566007,extensive,final,xgb,,115,FALSE,COMPLETE
33,-0.00111003,39:22.4,40:04.7,0 days 00:00:42.316894,132,0.395697047,0.002515128,4,1,1056,1.244608719,0.214711324,0.672500503,extensive,final,xgb,,132,FALSE,COMPLETE
34,-0.000937682,40:04.7,40:49.0,0 days 00:00:44.314128,133,0.385996859,0.002338497,4,2,996,0.835548165,0.463255835,0.694070237,extensive,final,xgb,,133,FALSE,COMPLETE
35,-0.00080775,40:49.0,41:48.7,0 days 00:00:59.720040,149,0.383481586,0.00201652,4,2,973,0.808605908,0.512858783,0.717319603,extensive,final,xgb,,149,FALSE,COMPLETE
36,-0.000856153,41:48.7,42:47.9,0 days 00:00:59.216963,149,0.338770839,0.002414997,4,2,948,0.802994092,0.474149814,0.720869366,extensive,final,xgb,,149,FALSE,COMPLETE
37,-0.000689036,42:47.9,43:45.6,0 days 00:00:57.623564,148,0.341324264,0.001939464,4,2,883,0.800618664,0.910716139,0.714258077,extensive,final,xgb,,148,FALSE,COMPLETE
38,-0.006079541,43:45.6,44:48.9,0 days 00:01:03.353194,150,0.346090813,0.001872189,5,4,902,0.003864049,0.936407503,0.722587058,extensive,final,xgb,,150,FALSE,COMPLETE
39,-0.000604816,44:48.9,45:43.8,0 days 00:00:54.851272,145,0.327923274,0.001241341,4,2,862,0.706159199,0.522527426,0.714432224,extensive,final,xgb,,145,FALSE,COMPLETE
40,-0.000132369,45:43.8,46:38.4,0 days 00:00:54.625570,143,0.321113737,0.001306874,5,8,791,0.420556745,1.715821095,0.751513985,extensive,final,xgb,,143,FALSE,COMPLETE
41,-2.85E-06,46:38.4,47:30.6,0 days 00:00:52.184930,141,0.328953231,0.001249146,5,8,724,0.388704906,1.633998465,0.744864815,extensive,final,xgb,,141,FALSE,COMPLETE
42,0.000307068,47:30.6,48:24.4,0 days 00:00:53.789147,142,0.325636994,0.001271394,5,9,790,0.361208541,1.78878352,0.775516752,extensive,final,xgb,,142,FALSE,COMPLETE
43,0.000158678,48:24.4,49:16.2,0 days 00:00:51.791830,142,0.312765599,0.001317802,5,9,644,0.37802347,1.759934779,0.768110147,extensive,final,xgb,,142,FALSE,COMPLETE
44,0.000337327,49:16.2,50:06.4,0 days 00:00:50.219397,140,0.326430191,0.001318438,5,9,670,0.352392064,2.078728476,0.770729162,extensive,final,xgb,,140,FALSE,COMPLETE
45,0.00033636,50:06.4,50:58.9,0 days 00:00:52.519723,142,0.30396232,0.001269826,5,9,698,0.330818436,2.078209215,0.762977243,extensive,final,xgb,,142,FALSE,COMPLETE
46,-0.012596167,50:58.9,51:44.7,0 days 00:00:45.813386,138,0.300622979,0.016209699,5,10,400,0.258915568,2.730416724,0.844391133,extensive,final,xgb,,138,FALSE,COMPLETE
47,0.001178682,51:44.7,52:19.5,0 days 00:00:34.781780,120,0.364748715,0.001214463,6,9,666,0.004764472,2.535244419,0.782634158,extensive,final,xgb,,120,FALSE,COMPLETE
48,0.001007064,52:19.5,52:51.9,0 days 00:00:32.372072,120,0.35874389,0.001026062,6,10,450,0.064401024,2.455537422,0.782983868,extensive,final,xgb,,120,FALSE,COMPLETE
49,0.000681983,52:51.9,53:25.7,0 days 00:00:33.833654,118,0.887695823,0.001008836,6,11,492,0.291661528,2.577186208,0.783335314,extensive,final,xgb,,118,FALSE,COMPLETE
50,-0.105759902,53:25.7,53:48.0,0 days 00:00:22.311872,93,0.788392842,0.0456717,6,11,438,0.108798652,3.231636309,0.794216694,extensive,final,xgb,,93,FALSE,COMPLETE
51,0.001807581,53:48.0,54:20.6,0 days 00:00:32.555780,118,0.891222723,0.001066295,6,9,480,0.028214833,2.420610569,0.840904618,extensive,final,xgb,,118,FALSE,COMPLETE
52,0.001444571,54:20.6,54:55.3,0 days 00:00:34.766632,120,0.8907967,0.00103466,6,10,459,0.073879838,5.06523599,0.849468297,extensive,final,xgb,,120,FALSE,COMPLETE
53,0.000831075,54:55.3,55:24.7,0 days 00:00:29.364066,102,0.899214516,0.001060958,7,11,485,0.102576763,5.514381422,0.845536158,extensive,final,xgb,,102,FALSE,COMPLETE
54,0.000721011,55:24.7,55:46.8,0 days 00:00:22.070451,103,0.887807086,0.001066143,7,11,222,0.009977134,5.798680026,0.862031882,extensive,final,xgb,,103,FALSE,COMPLETE
55,0.000374316,55:46.8,56:08.1,0 days 00:00:21.363967,99,0.896209116,0.001100367,7,14,209,0.117962052,5.325690778,0.859487183,extensive,final,xgb,,99,FALSE,COMPLETE
56,-0.024444561,56:08.1,57:30.1,0 days 00:01:21.933643,107,0.862225336,0.001619816,8,10,2186,0.025074043,9.632215068,0.828477395,extensive,final,xgb,,107,FALSE,COMPLETE
57,-0.000568438,57:30.1,57:48.7,0 days 00:00:18.586707,86,0.775830861,0.001006264,7,7,392,0.545122243,4.492599057,0.874774869,extensive,final,xgb,,86,FALSE,COMPLETE
58,-0.00126153,57:48.7,58:01.0,0 days 00:00:12.324657,76,0.828425846,0.00113293,7,13,288,3.928924445,8.264634263,0.820219395,extensive,final,xgb,,76,FALSE,COMPLETE
59,-0.025533843,58:01.0,59:18.5,0 days 00:01:17.523244,93,0.855837207,0.001489242,8,11,2451,0.019439417,6.656547079,0.842485445,extensive,final,xgb,,93,FALSE,COMPLETE
60,-0.004322641,59:18.5,00:11.8,0 days 00:00:53.241567,122,0.873499415,0.00172282,6,7,1222,0.195754451,4.046673928,0.880463827,extensive,final,xgb,,122,FALSE,COMPLETE
61,0.001004255,00:11.8,00:43.4,0 days 00:00:31.619613,115,0.89294233,0.001024679,6,11,489,0.204904747,2.869255659,0.796517169,extensive,final,xgb,,115,FALSE,COMPLETE
62,0.001236638,00:43.4,01:17.5,0 days 00:00:34.166914,114,0.804362061,0.001129971,7,13,515,0.178388337,14.99717039,0.805438371,extensive,final,xgb,,114,FALSE,COMPLETE
63,-0.000235937,01:17.5,01:46.2,0 days 00:00:28.661907,115,0.826729808,0.001399798,6,13,529,0.595195778,18.11735617,0.803863421,extensive,final,xgb,,115,FALSE,COMPLETE
64,-0.000869709,01:46.2,02:09.3,0 days 00:00:23.044117,108,0.729098592,0.00115445,7,12,365,0.959989576,14.50632957,0.83825978,extensive,final,xgb,,108,FALSE,COMPLETE
65,0.001016582,02:09.3,02:48.1,0 days 00:00:38.839112,122,0.835578859,0.001517072,6,14,628,0.219754098,3.392531161,0.797574622,extensive,final,xgb,,122,FALSE,COMPLETE
66,0.000120774,02:48.1,03:23.2,0 days 00:00:35.064165,122,0.802959761,0.001519469,6,15,598,0.536868738,1.302681358,0.79673503,extensive,final,xgb,,122,FALSE,COMPLETE
67,-0.003795117,03:23.2,04:06.8,0 days 00:00:43.671557,112,0.844418783,0.0017968,6,14,1266,0.259710553,2.85144868,0.814285649,extensive,final,xgb,,112,FALSE,COMPLETE
68,-0.000832657,04:06.8,04:43.2,0 days 00:00:36.386664,119,0.759413497,0.001186047,6,15,1559,1.070941036,3.496439714,0.748098798,extensive,final,xgb,,119,FALSE,COMPLETE
69,-0.00126153,04:43.2,05:21.0,0 days 00:00:37.818495,125,0.871794873,0.014865014,6,10,1836,2.927347107,2.537567481,0.887977402,extensive,final,xgb,,125,FALSE,COMPLETE
70,1.14E-05,05:21.0,06:03.3,0 days 00:00:42.217380,128,0.824673879,0.001454162,7,13,421,0.510132737,4.530394409,0.790979917,extensive,final,xgb,,128,FALSE,COMPLETE
71,0.000591476,06:03.3,06:31.7,0 days 00:00:28.416882,103,0.644874058,0.001023479,7,12,501,0.165214163,2.300700842,0.856725919,extensive,final,xgb,,103,FALSE,COMPLETE
72,0.000838007,06:31.7,07:03.9,0 days 00:00:32.208248,111,0.897014366,0.001179944,6,8,597,0.198580384,3.12518169,0.823437735,extensive,final,xgb,,111,FALSE,COMPLETE
73,-0.00023821,07:03.9,07:34.1,0 days 00:00:30.241655,112,0.841427932,0.001578316,6,8,772,0.680990941,3.049447326,0.818984114,extensive,final,xgb,,112,FALSE,COMPLETE
74,0.000552982,07:34.1,08:07.6,0 days 00:00:33.462380,117,0.67767551,0.001156244,6,10,585,0.212222131,3.933612527,0.394308968,extensive,final,xgb,,117,FALSE,COMPLETE
75,-0.00126153,08:07.6,08:24.2,0 days 00:00:16.581384,96,0.869880379,0.001446356,6,8,311,4.938527532,1.4978428,0.80792445,extensive,final,xgb,,96,FALSE,COMPLETE
76,-0.002878447,08:24.2,08:44.3,0 days 00:00:20.164203,61,0.809350528,0.001701386,6,6,1108,0.486418971,1.10312283,0.734420136,extensive,final,xgb,,61,FALSE,COMPLETE
77,-0.00146651,08:44.3,09:24.2,0 days 00:00:39.898329,124,0.874856127,0.002732134,6,9,601,0.223687468,3.524835924,0.832423916,extensive,final,xgb,,124,FALSE,COMPLETE
78,-0.024531144,09:24.2,10:09.4,0 days 00:00:45.222450,131,0.853553247,0.029015332,8,16,857,0.664618356,2.256512091,0.787635195,extensive,final,xgb,,131,FALSE,COMPLETE
79,0.00091469,10:09.4,10:41.6,0 days 00:00:32.196798,111,0.359853902,0.001178648,6,12,773,0.151308214,13.66087083,0.870979596,extensive,final,xgb,,111,FALSE,COMPLETE
80,-0.00056884,10:41.6,11:16.7,0 days 00:00:35.040050,121,0.729314276,0.001375406,7,14,761,0.89198326,14.18612339,0.891667374,extensive,final,xgb,,121,FALSE,COMPLETE
81,0.000497019,11:16.7,11:43.3,0 days 00:00:26.605911,112,0.884335204,0.001150253,6,12,301,0.155756339,13.92819987,0.854370671,extensive,final,xgb,,112,FALSE,COMPLETE
82,0.001071131,11:43.3,12:11.4,0 days 00:00:28.121273,107,0.366887942,0.001182918,6,10,674,0.001262243,11.2834018,0.826236887,extensive,final,xgb,,107,FALSE,COMPLETE
83,-0.000230322,12:11.4,12:38.5,0 days 00:00:27.046312,107,0.357496221,0.001327178,6,10,689,0.437413053,10.78050154,0.873241137,extensive,final,xgb,,107,FALSE,COMPLETE
84,-0.002955807,12:38.5,13:14.8,0 days 00:00:36.374922,117,0.361186746,0.002001743,6,13,937,0.010420853,7.52003422,0.758303709,extensive,final,xgb,,117,FALSE,COMPLETE
85,0.000136328,13:14.8,13:52.4,0 days 00:00:37.589133,126,0.372321367,0.001007495,7,12,395,0.263845301,12.23602528,0.805495061,extensive,final,xgb,,126,FALSE,COMPLETE
86,-0.00047102,13:52.4,14:15.5,0 days 00:00:23.053854,106,0.396161077,0.001414101,5,9,477,0.365262625,17.72655136,0.351854701,extensive,final,xgb,,106,FALSE,COMPLETE
87,-0.00126153,14:15.5,14:57.0,0 days 00:00:41.494095,131,0.405556766,0.005491369,6,11,1039,2.468510506,8.791540211,0.696301772,extensive,final,xgb,,131,FALSE,COMPLETE
88,-0.016746972,14:57.0,15:54.6,0 days 00:00:57.592959,89,0.569206133,0.001206363,5,10,3794,0.10411445,11.59320985,0.779176048,extensive,final,xgb,,89,FALSE,COMPLETE
89,-0.000392538,15:54.6,16:21.2,0 days 00:00:26.671092,98,0.467169401,0.001621792,6,14,795,0.002597681,4.904399603,0.899053713,extensive,final,xgb,,98,FALSE,COMPLETE
90,3.37E-05,16:21.2,16:53.1,0 days 00:00:31.835307,115,0.50502492,0.001118744,7,11,696,0.465720068,6.144227516,0.737464346,extensive,final,xgb,,115,FALSE,COMPLETE
91,0.000888729,16:53.1,17:24.5,0 days 00:00:31.378244,111,0.885813315,0.001247442,6,8,581,0.285790701,3.285927933,0.816641082,extensive,final,xgb,,111,FALSE,COMPLETE
92,0.001011883,17:24.5,17:59.0,0 days 00:00:34.511903,118,0.844965534,0.001255739,6,9,537,0.307150827,2.399194241,0.849546095,extensive,final,xgb,,118,FALSE,COMPLETE
93,0.000787727,17:59.0,18:28.7,0 days 00:00:29.757463,119,0.810538244,0.00109214,6,9,259,0.100367249,2.288935853,0.850084403,extensive,final,xgb,,119,FALSE,COMPLETE
94,-0.015928747,18:28.7,19:57.9,0 days 00:01:29.136570,128,0.838492601,0.002198781,6,12,3056,0.313543182,1.903675759,0.835925079,extensive,final,xgb,,128,FALSE,COMPLETE
95,-0.000438854,19:57.9,20:29.0,0 days 00:00:31.120872,122,0.374693475,0.001354144,5,10,462,0.58154364,2.546026642,0.882896282,extensive,final,xgb,,122,FALSE,COMPLETE
96,-0.00015276,20:29.0,20:56.1,0 days 00:00:27.097286,116,0.861051096,0.001867542,7,7,345,0.74168701,17.83622204,0.865959991,extensive,final,xgb,,116,FALSE,COMPLETE
97,7.26E-06,20:56.1,21:30.5,0 days 00:00:34.378225,104,0.793816479,0.001006401,6,9,862,0.137227317,1.511510659,0.831073879,extensive,final,xgb,,104,FALSE,COMPLETE
98,-0.00126153,21:30.5,22:01.2,0 days 00:00:30.766984,124,0.416900805,0.001244454,5,11,628,3.507069628,16.13608784,0.78474638,extensive,final,xgb,,124,FALSE,COMPLETE
99,-0.001768434,22:01.2,22:12.0,0 days 00:00:10.800507,15,0.834068689,0.001495996,6,10,512,0.42933996,4.297601559,0.799343884,extensive,final,xgb,,15,FALSE,COMPLETE
