number,value,datetime_start,datetime_complete,duration,params_lgbm_colsample_bytree,params_lgbm_learning_rate,params_lgbm_max_depth,params_lgbm_min_child_samples,params_lgbm_n_estimators,params_lgbm_num_leaves,params_lgbm_reg_alpha,params_lgbm_reg_lambda,params_lgbm_subsample,user_attrs_feature_level,state
0,-0.0009470627455911244,2025-12-04 19:12:37.033942,2025-12-04 19:12:41.818759,0 days 00:00:04.784817,0.5779972601681014,0.044803926826840625,12,64,420,58,4.330880728874676,2.416482602989751,0.5780093202212182,medium,COMPLETE
1,-0.0010412823986429103,2025-12-04 19:12:41.819762,2025-12-04 19:12:49.034241,0 days 00:00:07.214479,0.5909124836035503,0.09138013915892866,3,85,897,96,1.5212112147976886,1.6124278458562613,0.6061695553391381,advanced,COMPLETE
2,-0.0009470627455911244,2025-12-04 19:12:49.036240,2025-12-04 19:13:00.672567,0 days 00:00:11.636327,0.6831809216468459,0.03126143958203108,5,22,1933,64,3.925879806965068,0.2880416977880551,0.6460723242676091,extensive,COMPLETE
3,-0.0009470627455911244,2025-12-04 19:13:00.674567,2025-12-04 19:13:09.891172,0 days 00:00:09.216605,0.5325257964926398,0.005746499650110705,8,65,3806,74,4.828160165372797,7.246804518258447,0.5852620618436457,medium,COMPLETE
4,-0.0009470627455911244,2025-12-04 19:13:09.892171,2025-12-04 19:13:14.788867,0 days 00:00:04.896696,0.7475884550556351,0.03883092140196444,3,50,330,50,4.546602010393911,0.3939675937754722,0.5610191174223894,advanced,COMPLETE
5,-0.0009470627455911244,2025-12-04 19:13:14.789867,2025-12-04 19:13:33.961166,0 days 00:00:19.171299,0.9847923138822793,0.023746198818402044,6,59,3146,90,4.697494707820946,11.455777613940603,0.5924272277627636,extensive,COMPLETE
6,-0.0010108576033974377,2025-12-04 19:13:33.962166,2025-12-04 19:13:39.309483,0 days 00:00:05.347317,0.6626651653816322,0.006517805612564439,12,27,1677,83,1.3567451588694794,8.071418522169695,0.522613644455269,medium,COMPLETE
7,-0.0009470627455911244,2025-12-04 19:13:39.311481,2025-12-04 19:13:55.867264,0 days 00:00:16.555783,0.5372753218398854,0.025411709798607296,5,22,3951,56,3.861223846483287,0.28658321062461245,0.9010984903770198,advanced,COMPLETE
8,-0.01821002700117284,2025-12-04 19:13:55.868254,2025-12-04 19:14:06.424146,0 days 00:00:10.555892,0.5370223258670452,0.04155397855708038,11,76,1562,16,0.5793452976256486,9.683377710407786,0.8856351733429728,extensive,COMPLETE
9,-0.0009470627455911244,2025-12-04 19:14:06.426146,2025-12-04 19:14:14.582043,0 days 00:00:08.155897,0.864803089169032,0.006048689963516921,6,38,2623,86,4.436063712881633,1.2206206339370174,0.6625916610133735,medium,COMPLETE
10,-0.0009470627455911244,2025-12-04 19:14:14.583577,2025-12-04 19:14:19.762518,0 days 00:00:05.178941,0.8451235367845726,0.012568672294227045,10,94,257,122,3.1168825931473276,2.0551699966459283,0.7606700059313507,advanced,COMPLETE
11,-0.0009470627455911244,2025-12-04 19:14:19.763516,2025-12-04 19:14:28.087919,0 days 00:00:08.324403,0.6712579968688783,0.06801792870270096,9,42,1112,42,3.035921370166128,0.10491008795326386,0.7171781358782057,extensive,COMPLETE
12,-0.0009470627455911244,2025-12-04 19:14:28.088916,2025-12-04 19:14:34.309057,0 days 00:00:06.220141,0.6677053164327783,0.04532239420908332,5,11,2257,33,3.6022462429065305,0.5924403347999859,0.793493864660677,medium,COMPLETE
13,-0.0009470627455911244,2025-12-04 19:14:34.310029,2025-12-04 19:14:48.781269,0 days 00:00:14.471240,0.7484483315394533,0.013018642134250098,7,65,2734,68,2.3574036960553473,3.2488221005892646,0.675740511956825,advanced,COMPLETE
14,-0.0009470627455911244,2025-12-04 19:14:48.782269,2025-12-04 19:14:57.111851,0 days 00:00:08.329582,0.6173983977980622,0.01488482502567071,12,77,1188,62,3.910875896204159,0.1618418829859547,0.9801248314395012,extensive,COMPLETE
15,-0.0009470627455911244,2025-12-04 19:14:57.112893,2025-12-04 19:15:03.311765,0 days 00:00:06.198872,0.8083236047451089,0.05405395291019681,9,48,1959,106,2.539728801000257,3.9890917111759894,0.5130307607596081,medium,COMPLETE
16,-0.0009470627455911244,2025-12-04 19:15:03.313811,2025-12-04 19:15:09.239268,0 days 00:00:05.925457,0.6063151814651538,0.02478794070916184,4,34,672,26,4.064676113552498,0.8592696413184279,0.6569226111586831,advanced,COMPLETE
17,-0.0009470627455911244,2025-12-04 19:15:09.240268,2025-12-04 19:15:25.524415,0 days 00:00:16.284147,0.71078703429053,0.03255090017172061,7,18,3293,45,3.3970776103681573,19.078647856602792,0.8132394567758081,extensive,COMPLETE
18,-0.0009470627455911244,2025-12-04 19:15:25.525414,2025-12-04 19:15:31.208420,0 days 00:00:05.683006,0.961885142943517,0.07975818872855356,10,61,1485,71,2.414243232306961,0.23893612955741908,0.7097403731067032,medium,COMPLETE
19,-0.0009470627455911244,2025-12-04 19:15:31.208926,2025-12-04 19:15:42.421509,0 days 00:00:11.212583,0.5035688138117864,0.01760686538594443,8,100,2262,106,4.991776730623377,0.6311284724814733,0.6267280407601736,advanced,COMPLETE
20,-0.0009470627455911244,2025-12-04 19:15:42.423021,2025-12-04 19:15:49.309686,0 days 00:00:06.886665,0.5953430002624879,0.06250033572484387,5,73,727,56,4.291506117365491,3.2669321908887397,0.553801730914383,extensive,COMPLETE
21,-0.0009470627455911244,2025-12-04 19:15:49.311686,2025-12-04 19:15:58.497427,0 days 00:00:09.185741,0.5513335604203182,0.00878171010338589,8,68,3821,74,4.804385584664498,5.643391364007214,0.5949218502169088,medium,COMPLETE
22,-0.0009470627455911244,2025-12-04 19:15:58.498427,2025-12-04 19:16:13.969738,0 days 00:00:15.471311,0.6483900816759383,0.03231484197856781,11,55,3566,79,4.987349142404867,2.199495951486489,0.5580786748829545,advanced,COMPLETE
23,-0.0009470627455911244,2025-12-04 19:16:13.971240,2025-12-04 19:16:28.420496,0 days 00:00:14.449256,0.5564001685010252,0.008751040942934843,6,84,2956,64,4.091972034364747,5.349049229465341,0.6350824785460615,extensive,COMPLETE
24,-0.0009470627455911244,2025-12-04 19:16:28.420998,2025-12-04 19:16:34.022931,0 days 00:00:05.601933,0.708113486995972,0.03217013535544255,4,48,1919,35,3.537273634029762,18.036977740980966,0.7041978603097443,medium,COMPLETE
25,-0.0009470627455911244,2025-12-04 19:16:34.023931,2025-12-04 19:16:48.655629,0 days 00:00:14.631698,0.5016216715208529,0.018691729023918215,9,56,3537,75,4.46118262716303,1.0537669107751781,0.5769580205167225,advanced,COMPLETE
26,-0.0009470627455911244,2025-12-04 19:16:48.656628,2025-12-04 19:17:01.746442,0 days 00:00:13.089814,0.6318183055360883,0.051678821666055655,11,68,2636,57,2.898021307013137,2.4520788364039303,0.5316259173626035,extensive,COMPLETE
27,-0.0009470627455911244,2025-12-04 19:17:01.747447,2025-12-04 19:17:06.259670,0 days 00:00:04.512223,0.5824131016865504,0.00511551578857937,7,29,1287,93,3.6756965920817457,4.743843167208924,0.5003712886849931,medium,COMPLETE
28,-0.0009470627455911244,2025-12-04 19:17:06.260670,2025-12-04 19:17:17.945877,0 days 00:00:11.685207,0.7127472863074971,0.01953214220964272,10,84,2268,48,4.287106437812772,7.5394801520906265,0.6199101734871251,advanced,COMPLETE
29,-0.0009470627455911244,2025-12-04 19:17:17.947877,2025-12-04 19:17:24.289822,0 days 00:00:06.341945,0.563917670501326,0.09081233325472558,3,42,527,104,1.9863961820855325,12.797370946116917,0.6098706349031786,extensive,COMPLETE
30,-0.021201480442258964,2025-12-04 19:17:24.290324,2025-12-04 19:17:31.779748,0 days 00:00:07.489424,0.7949866834933749,0.009153854066940399,4,89,879,100,0.4467440183902922,1.743767283939546,0.6902474537269896,medium,COMPLETE
31,-0.0009470627455911244,2025-12-04 19:17:31.781250,2025-12-04 19:17:36.176019,0 days 00:00:04.394769,0.7757832874522333,0.03903963879726621,3,50,217,50,4.5734191374127455,0.3669309336864385,0.5614056816669607,advanced,COMPLETE
32,-0.0009470627455911244,2025-12-04 19:17:36.177021,2025-12-04 19:17:42.083752,0 days 00:00:05.906731,0.7510230289488433,0.028935041857740554,3,62,448,63,4.599089117612934,0.4319838554672013,0.5793549136358757,extensive,COMPLETE
33,-0.0009470627455911244,2025-12-04 19:17:42.084753,2025-12-04 19:17:45.842765,0 days 00:00:03.758012,0.699024716737144,0.038297379276387995,4,73,922,53,4.162281634874389,0.13061857220901027,0.5416221638301811,medium,COMPLETE
34,-0.0009470627455911244,2025-12-04 19:17:45.843769,2025-12-04 19:17:51.649981,0 days 00:00:05.806212,0.8918836681823549,0.05043940970277584,6,52,546,40,4.819405057542807,0.21304122443704354,0.6008147597351519,advanced,COMPLETE
35,-0.00014660209271370275,2025-12-04 19:17:51.650981,2025-12-04 19:18:01.841245,0 days 00:00:10.190264,0.526378004201571,0.023711199843122237,5,12,1707,81,1.1715273955778782,0.7352307880125634,0.6490536092760588,extensive,COMPLETE
36,-0.0009847564887507005,2025-12-04 19:18:01.842246,2025-12-04 19:18:07.377599,0 days 00:00:05.535353,0.5226234941859192,0.02203340502370693,5,13,1786,82,0.9272723870125723,0.5384248606927464,0.7388696179222386,medium,COMPLETE
37,-0.0010323646150973698,2025-12-04 19:18:07.378600,2025-12-04 19:18:16.079618,0 days 00:00:08.701018,0.5803095503942293,0.02769121188982386,6,21,1429,86,1.579459169521728,0.8375105863762761,0.6523790762424088,advanced,COMPLETE
38,-0.0016584623837167338,2025-12-04 19:18:16.080618,2025-12-04 19:18:28.001450,0 days 00:00:11.920832,0.5391510267344972,0.021798256688881978,12,28,2085,116,0.9218215917205947,0.3141915143153944,0.6369773590169387,extensive,COMPLETE
39,-0.0008178676763028007,2025-12-04 19:18:28.002449,2025-12-04 19:18:34.624038,0 days 00:00:06.621589,0.6267625891752904,0.016174213967352673,8,15,2467,78,1.14611977537422,1.135779516749809,0.6828052053384607,medium,COMPLETE
40,-0.08388516556829521,2025-12-04 19:18:34.626562,2025-12-04 19:19:24.304675,0 days 00:00:49.678113,0.6389357165196757,0.015511950253826966,5,16,2552,90,0.1671244308164277,1.3142830209649874,0.7539149371387642,advanced,COMPLETE
41,-0.0010013629381292837,2025-12-04 19:19:24.306179,2025-12-04 19:19:37.351565,0 days 00:00:13.045386,0.5741334625584384,0.010630925759982389,8,10,2384,77,1.671246046216039,0.7852905745355437,0.6726986387408206,extensive,COMPLETE
42,-0.0008821024250203665,2025-12-04 19:19:37.352568,2025-12-04 19:19:42.617666,0 days 00:00:05.265098,0.6163692333683082,0.035384881606800075,7,18,1673,68,1.1251584172886309,1.4131452772529882,0.6532258500502228,medium,COMPLETE
43,-0.000348434232204801,2025-12-04 19:19:42.620183,2025-12-04 19:19:52.426605,0 days 00:00:09.806422,0.6766643899084799,0.03559199759615631,7,23,1713,66,1.1307291292717245,1.5202859286363704,0.7274478844768734,advanced,COMPLETE
44,-5.1855258308641794e-05,2025-12-04 19:19:52.428607,2025-12-04 19:20:02.619440,0 days 00:00:10.190833,0.6101815453289838,0.036169337146057454,7,24,1720,69,1.1290880047819238,1.5870141047767599,0.8004792388244336,extensive,COMPLETE
45,-0.0007475543465608562,2025-12-04 19:20:02.620951,2025-12-04 19:20:07.860623,0 days 00:00:05.239672,0.6076978950068089,0.03588520152940266,7,24,1695,69,1.1865293674360475,1.6012846726270518,0.8194303327978071,medium,COMPLETE
46,-0.0006785333316695249,2025-12-04 19:20:07.861625,2025-12-04 19:20:17.872730,0 days 00:00:10.011105,0.6885273623227558,0.026159369819115895,8,25,1809,69,1.3099020743593384,1.7278201468226957,0.8457893461842667,advanced,COMPLETE
47,-0.0009492669777335649,2025-12-04 19:20:17.873232,2025-12-04 19:20:28.553303,0 days 00:00:10.680071,0.6768327812068917,0.04384908133527582,6,24,1814,69,1.8259414086783448,1.7168318773802034,0.8474138050832299,extensive,COMPLETE
48,-0.010135683909394086,2025-12-04 19:20:28.553303,2025-12-04 19:20:33.703024,0 days 00:00:05.149721,0.6519948792121484,0.02661969651406998,7,31,1341,61,0.6175724355116722,2.6974189755034157,0.7867806698927493,medium,COMPLETE
49,-0.0008675246273212404,2025-12-04 19:20:33.705024,2025-12-04 19:20:44.520893,0 days 00:00:10.815869,0.6861109332629941,0.023041892047468975,7,35,2037,84,1.3731368650411557,1.8046363155129919,0.8642988060545811,advanced,COMPLETE
50,-0.0009470627455911244,2025-12-04 19:20:44.521893,2025-12-04 19:20:54.603185,0 days 00:00:10.081292,0.7268566668874217,0.03609540637991434,9,25,1608,71,2.1284887157572467,1.034562851654899,0.9400541927375621,extensive,COMPLETE
51,-0.0005420934878601624,2025-12-04 19:20:54.605185,2025-12-04 19:20:59.965293,0 days 00:00:05.360108,0.6206159089728702,0.029339426553910933,8,16,1777,66,1.1096024176456103,1.1446407408004025,0.8249277545980963,medium,COMPLETE
52,-0.004484651800208368,2025-12-04 19:20:59.966293,2025-12-04 19:21:10.090673,0 days 00:00:10.124380,0.6000142478834717,0.029476018862396144,8,20,1804,61,0.7741896084426361,0.7136300050754585,0.816670104453846,advanced,COMPLETE
53,-0.0004279362659858806,2025-12-04 19:21:10.092179,2025-12-04 19:21:18.222930,0 days 00:00:08.130751,0.6810145200138557,0.04571394146833006,9,33,1087,66,1.282236945929099,1.4274040685722784,0.8374256250232149,extensive,COMPLETE
54,-0.000995607847322703,2025-12-04 19:21:18.224439,2025-12-04 19:21:22.365393,0 days 00:00:04.140954,0.7331019944483848,0.059635916625548874,9,34,1079,66,1.4363767738189166,0.5048541482537237,0.9031830820447495,medium,COMPLETE
55,-0.04575773216791686,2025-12-04 19:21:22.366395,2025-12-04 19:21:36.400663,0 days 00:00:14.034268,0.6609561011468018,0.04658246749962375,8,14,1507,53,0.29752027375134227,0.9575771833744052,0.7735982514286406,advanced,COMPLETE
56,-0.0009605273482798937,2025-12-04 19:21:36.401665,2025-12-04 19:21:45.123978,0 days 00:00:08.722313,0.6878913172127422,0.025186850971487915,9,40,1215,80,0.9537076306229799,2.966958494907513,0.8400660340197824,extensive,COMPLETE
57,-0.0009811911014355375,2025-12-04 19:21:45.126016,2025-12-04 19:21:50.703036,0 days 00:00:05.577020,0.663775979702301,0.020394774197358155,8,18,1942,73,1.7674182670406462,2.0208930700292758,0.89563571811426,medium,COMPLETE
58,-0.0006188072636907534,2025-12-04 19:21:50.704037,2025-12-04 19:22:01.906116,0 days 00:00:11.202079,0.6410534359646193,0.04146705765018729,10,30,2172,88,1.2490933822029016,1.44464500340468,0.7284629203446314,advanced,COMPLETE
59,-0.013006507223828493,2025-12-04 19:22:01.907620,2025-12-04 19:22:14.251555,0 days 00:00:12.343935,0.6414329768470556,0.04184948387356312,10,31,2106,88,0.6357253094700599,1.2932508152274436,0.7337211227051411,extensive,COMPLETE
60,-0.0009470627455911244,2025-12-04 19:22:14.252556,2025-12-04 19:22:21.507060,0 days 00:00:07.254504,0.624125086043557,0.05930034273115741,10,10,2831,96,2.014238463834163,3.914516526986746,0.7958568263635406,medium,COMPLETE
61,-0.0006860760942721811,2025-12-04 19:22:21.508063,2025-12-04 19:22:30.548891,0 days 00:00:09.040828,0.6907741680465428,0.030587860335498675,9,26,1538,59,1.291774059271409,1.4530705219186668,0.8608598458641437,advanced,COMPLETE
62,-0.0009880734278816898,2025-12-04 19:22:30.551442,2025-12-04 19:22:42.241743,0 days 00:00:11.690301,0.6715380827921733,0.0339354397349009,11,37,2171,74,1.5500309513970023,0.6910997237177893,0.7681817628804158,extensive,COMPLETE
63,-0.0005916114206941936,2025-12-04 19:22:42.242744,2025-12-04 19:22:47.810117,0 days 00:00:05.567373,0.6513066950871288,0.04713411341474715,8,22,1875,64,1.0217183948383737,2.1235338863748416,0.7998255989043644,medium,COMPLETE
64,-0.000945434889575251,2025-12-04 19:22:47.812120,2025-12-04 19:22:57.897938,0 days 00:00:10.085818,0.5921846668298735,0.06899542221788413,9,22,1934,56,1.0335480265864532,2.321089261975908,0.7297199775277625,advanced,COMPLETE
65,-0.0059428803761436555,2025-12-04 19:22:57.900448,2025-12-04 19:23:07.374657,0 days 00:00:09.474209,0.6078327030565549,0.04795059909289068,7,19,1408,65,0.7741782574028689,0.9207562594280692,0.7971918690656163,extensive,COMPLETE
66,-0.03437790341459901,2025-12-04 19:23:07.376661,2025-12-04 19:23:15.533955,0 days 00:00:08.157294,0.6524514300483795,0.05581386782796991,10,13,2343,94,0.3572178021033663,1.1884020493603495,0.8330387274398515,medium,COMPLETE
67,-0.0019518457138330374,2025-12-04 19:23:15.535957,2025-12-04 19:23:22.633842,0 days 00:00:07.097885,0.5170992535086407,0.03988383980686956,9,31,1050,78,0.82912348641627,1.9313195777633334,0.8674512368033642,advanced,COMPLETE
68,-0.1284958934966566,2025-12-04 19:23:22.635850,2025-12-04 19:23:57.678872,0 days 00:00:35.043022,0.5647865212085328,0.06849002368146373,8,22,2168,82,0.01782778657403261,3.7025927727493113,0.7794208240918872,extensive,COMPLETE
69,-0.02186956680539794,2025-12-04 19:23:57.679872,2025-12-04 19:24:03.788497,0 days 00:00:06.108625,0.721798713724403,0.045900015566180924,6,16,1664,54,0.5357956687858944,2.612895317190419,0.8056994487731086,medium,COMPLETE
70,-0.00046791805376863077,2025-12-04 19:24:03.789500,2025-12-04 19:24:11.565979,0 days 00:00:07.776479,0.6341162581532331,0.041650674724640235,7,42,1267,46,1.2461104630809527,1.5699651760959477,0.7481274583788312,advanced,COMPLETE
71,-0.0002843062614543331,2025-12-04 19:24:11.566979,2025-12-04 19:24:20.336411,0 days 00:00:08.769432,0.6236818444959068,0.042371755072036804,7,45,1289,27,1.2159094147062497,1.5551304477800918,0.7492275147406178,extensive,COMPLETE
72,-0.0010035190264266654,2025-12-04 19:24:20.337916,2025-12-04 19:24:24.696857,0 days 00:00:04.358941,0.6238157801901999,0.0513704853514304,7,43,1285,18,1.4620804900599045,2.265216397285667,0.751818663978727,medium,COMPLETE
73,-0.00045418483621921063,2025-12-04 19:24:24.697857,2025-12-04 19:24:31.036989,0 days 00:00:06.339132,0.5899490891115822,0.03731086385135398,6,45,794,43,1.0202605120469004,1.1306235548579076,0.8258728526873417,advanced,COMPLETE
74,0.0001574937070923932,2025-12-04 19:24:31.037989,2025-12-04 19:24:38.447082,0 days 00:00:07.409093,0.5509148572679938,0.03149495870985399,6,45,927,29,1.0825625403429564,1.1272497467751423,0.8248090913455564,extensive,COMPLETE
75,-0.0034005498033851853,2025-12-04 19:24:38.448082,2025-12-04 19:24:42.361694,0 days 00:00:03.913612,0.528499529598536,0.0376420914547012,6,44,910,27,0.729249503676757,0.777220853931177,0.70430417858358,medium,COMPLETE
76,-0.000955945196895606,2025-12-04 19:24:42.362694,2025-12-04 19:24:48.513765,0 days 00:00:06.151071,0.5472163483093554,0.042429807572111525,6,47,804,37,1.7777797550340102,0.9850145339917354,0.7154922292062998,advanced,COMPLETE
77,-0.0009470627455911244,2025-12-04 19:24:48.514766,2025-12-04 19:24:54.965744,0 days 00:00:06.450978,0.5715411300635118,0.03237819979687566,5,39,665,31,2.6565398118514043,0.6237779139189157,0.7605225947769734,extensive,COMPLETE
78,-0.0010360287523727418,2025-12-04 19:24:54.967744,2025-12-04 19:24:58.979100,0 days 00:00:04.011356,0.5919344507510258,0.033334286605676465,7,46,1053,44,1.585466924058125,1.5604839926776108,0.6927556259430323,medium,COMPLETE
79,-0.0024562709228596416,2025-12-04 19:24:58.980103,2025-12-04 19:25:06.435489,0 days 00:00:07.455386,0.5119672725922012,0.03774498006975119,6,53,1162,19,0.8914466747892574,1.2459814161061522,0.745062290493404,advanced,COMPLETE
80,-0.0007633272711659403,2025-12-04 19:25:06.436490,2025-12-04 19:25:14.059406,0 days 00:00:07.622916,0.5430677684040404,0.028067418558707615,5,57,1015,24,1.3411019149493022,0.8770063247474369,0.779673111868303,extensive,COMPLETE
81,-0.0005195943874830208,2025-12-04 19:25:14.060909,2025-12-04 19:25:18.723897,0 days 00:00:04.662988,0.5567286966058314,0.03108918111256499,7,50,1381,32,1.0919330315358595,1.099919513213121,0.8775715115293119,medium,COMPLETE
82,-0.000460974453225127,2025-12-04 19:25:18.725399,2025-12-04 19:25:27.024961,0 days 00:00:08.299562,0.5565383456876175,0.03170641091096571,7,50,1378,30,1.064477474453199,1.363813207573228,0.9133009651877697,advanced,COMPLETE
83,-0.00043075411870704033,2025-12-04 19:25:27.026964,2025-12-04 19:25:35.444112,0 days 00:00:08.417148,0.583078554054997,0.024251935299134424,6,45,1214,23,1.2368793047301825,1.573331895755459,0.9225899858667106,extensive,COMPLETE
84,-0.0010004610659658149,2025-12-04 19:25:35.446112,2025-12-04 19:25:38.878897,0 days 00:00:03.432785,0.5819320414630395,0.024129763779074855,6,36,740,22,1.4856945890953361,1.2919814164106287,0.9306790237453263,medium,COMPLETE
85,-0.011176528529964461,2025-12-04 19:25:38.880399,2025-12-04 19:25:46.810110,0 days 00:00:07.929711,0.55905650402732,0.01720814458295857,6,52,963,38,0.6734186653433889,1.881873304037261,0.9746493928287344,advanced,COMPLETE
86,-0.00023642408219911223,2025-12-04 19:25:46.811613,2025-12-04 19:25:55.108077,0 days 00:00:08.296464,0.5744939407176903,0.021165587955752466,6,44,1145,28,1.0410961621826578,0.49121602538737924,0.9197719839301074,extensive,COMPLETE
87,-0.0009962795847537897,2025-12-04 19:25:55.109077,2025-12-04 19:25:58.658126,0 days 00:00:03.549049,0.5340999679933948,0.021007392219171847,5,46,829,29,1.680129823780823,0.4383837833415671,0.9628667305062246,medium,COMPLETE
88,-0.000742282560095305,2025-12-04 19:25:58.658641,2025-12-04 19:26:04.458118,0 days 00:00:05.799477,0.6105325667260876,0.01912745025470213,5,40,597,22,0.9316725401714914,0.5502129677392034,0.9940180441743305,advanced,COMPLETE
89,-0.0002853762140145137,2025-12-04 19:26:04.459118,2025-12-04 19:26:12.781442,0 days 00:00:08.322324,0.5827027616864096,0.023308851786061062,6,33,1170,35,1.2122449064905325,0.356237180669784,0.9428219142443294,extensive,COMPLETE
90,-0.03390565183661557,2025-12-04 19:26:12.782944,2025-12-04 19:26:18.601931,0 days 00:00:05.818987,0.5721651739383802,0.022991708243749527,4,32,1162,34,0.4721811000340801,0.32538456350020534,0.9410801248606181,medium,COMPLETE
91,-0.0002852803475457873,2025-12-04 19:26:18.602931,2025-12-04 19:26:27.163074,0 days 00:00:08.560143,0.5900796170279048,0.014075419328896173,6,44,1456,27,1.1684840144129223,0.2145051914270694,0.9271017158518271,advanced,COMPLETE
92,-0.000252376299412956,2025-12-04 19:26:27.165074,2025-12-04 19:26:36.420400,0 days 00:00:09.255326,0.5977585510879013,0.01284637924372569,6,33,1456,25,1.2017550839358209,0.2462498424450079,0.9190414218758105,extensive,COMPLETE
