number,value,datetime_start,datetime_complete,duration,params_ridge_alpha,user_attrs_feature_level,state
0,-7.398268076222919,2025-12-04 19:09:25.735728,2025-12-04 19:09:25.840884,0 days 00:00:00.105156,0.041858227295469716,none,COMPLETE
1,-0.135941895856697,2025-12-04 19:09:25.841883,2025-12-04 19:09:25.990222,0 days 00:00:00.148339,451.85609510240965,simple,COMPLETE
2,-1.52424436463954,2025-12-04 19:09:25.991221,2025-12-04 19:09:26.351641,0 days 00:00:00.360420,13.3032451015229,simple2,COMPLETE
3,-141106.18266190813,2025-12-04 19:09:26.351641,2025-12-04 19:09:28.219377,0 days 00:00:01.867736,1.55099139875943,medium,COMPLETE
4,-7.63357080277914,2025-12-04 19:09:28.220377,2025-12-04 19:09:28.325994,0 days 00:00:00.105617,0.0012363188277052211,none,COMPLETE
5,-9.956236033980273,2025-12-04 19:09:28.326993,2025-12-04 19:09:28.476005,0 days 00:00:00.149012,0.0012358382772306934,simple,COMPLETE
6,-11.277348452473964,2025-12-04 19:09:28.477004,2025-12-04 19:09:28.855014,0 days 00:00:00.378010,0.00025502648504032837,simple2,COMPLETE
7,-23759.42449273473,2025-12-04 19:09:28.856019,2025-12-04 19:09:30.760239,0 days 00:00:01.904220,115.67327199145953,medium,COMPLETE
8,-3.5988216828823223,2025-12-04 19:09:30.761238,2025-12-04 19:09:30.864350,0 days 00:00:00.103112,1.6136341713591311,none,COMPLETE
9,-1.9031745205959467,2025-12-04 19:09:30.865351,2025-12-04 19:09:31.025818,0 days 00:00:00.160467,9.047071957568372,simple,COMPLETE
10,-0.12539343534876246,2025-12-04 19:09:31.026817,2025-12-04 19:09:31.405066,0 days 00:00:00.378249,718.5614470935544,simple2,COMPLETE
11,-10648.818706846849,2025-12-04 19:09:31.406068,2025-12-04 19:09:33.267947,0 days 00:00:01.861879,338.8706842735184,medium,COMPLETE
12,-0.10132022374876566,2025-12-04 19:09:33.269951,2025-12-04 19:09:33.374445,0 days 00:00:00.104494,612.0117715317866,none,COMPLETE
13,-0.6222477291748528,2025-12-04 19:09:33.375442,2025-12-04 19:09:33.525623,0 days 00:00:00.150181,42.78248928108161,simple,COMPLETE
14,-0.11004451683578331,2025-12-04 19:09:33.526623,2025-12-04 19:09:33.915413,0 days 00:00:00.388790,864.5839377181267,simple2,COMPLETE
15,-2677209.1839970504,2025-12-04 19:09:33.916412,2025-12-04 19:09:35.761216,0 days 00:00:01.844804,0.025531292949199733,medium,COMPLETE
16,-0.4641765161667037,2025-12-04 19:09:35.762216,2025-12-04 19:09:35.862647,0 days 00:00:00.100431,51.596749232467324,none,COMPLETE
17,-7.5618034383128645,2025-12-04 19:09:35.864150,2025-12-04 19:09:36.025485,0 days 00:00:00.161335,0.6053400498632163,simple,COMPLETE
18,-1.5112601990781425,2025-12-04 19:09:36.026490,2025-12-04 19:09:36.388487,0 days 00:00:00.361997,13.472557458267847,simple2,COMPLETE
19,-7745.389610939167,2025-12-04 19:09:36.389486,2025-12-04 19:09:38.212391,0 days 00:00:01.822905,964.0917821827791,medium,COMPLETE
20,-7.000217523968861,2025-12-04 19:09:38.213894,2025-12-04 19:09:38.315363,0 days 00:00:00.101469,0.11793745695956787,none,COMPLETE
21,-0.2551516300338284,2025-12-04 19:09:38.316925,2025-12-04 19:09:38.454832,0 days 00:00:00.137907,167.88599878053668,simple,COMPLETE
22,-0.12546766377956206,2025-12-04 19:09:38.455837,2025-12-04 19:09:38.809635,0 days 00:00:00.353798,717.9511997643347,simple2,COMPLETE
23,-34601.12767571066,2025-12-04 19:09:38.810634,2025-12-04 19:09:40.592900,0 days 00:00:01.782266,74.59008837827736,medium,COMPLETE
24,-0.07649769141580709,2025-12-04 19:09:40.593905,2025-12-04 19:09:40.693154,0 days 00:00:00.099249,907.9074779343943,none,COMPLETE
25,-0.23116942748612676,2025-12-04 19:09:40.694155,2025-12-04 19:09:40.836340,0 days 00:00:00.142185,196.45388306838223,simple,COMPLETE
26,-2.46203522243976,2025-12-04 19:09:40.836340,2025-12-04 19:09:41.190548,0 days 00:00:00.354208,6.491844837508791,simple2,COMPLETE
27,-42600.49761782983,2025-12-04 19:09:41.191552,2025-12-04 19:09:42.955818,0 days 00:00:01.764266,23.625553061762325,medium,COMPLETE
28,-0.23336615421410856,2025-12-04 19:09:42.956817,2025-12-04 19:09:43.054800,0 days 00:00:00.097983,172.04596928827974,none,COMPLETE
29,-3.7057928469157937,2025-12-04 19:09:43.055800,2025-12-04 19:09:43.199258,0 days 00:00:00.143458,3.3189070139692487,simple,COMPLETE
30,-11.052711855830173,2025-12-04 19:09:43.199258,2025-12-04 19:09:43.560986,0 days 00:00:00.361728,0.022626965239992254,simple2,COMPLETE
31,-7692.776962237077,2025-12-04 19:09:43.562986,2025-12-04 19:09:45.415537,0 days 00:00:01.852551,992.336262515439,medium,COMPLETE
32,-0.13928645628126857,2025-12-04 19:09:45.416540,2025-12-04 19:09:45.524143,0 days 00:00:00.107603,384.7442376756769,none,COMPLETE
33,-0.16443034925877384,2025-12-04 19:09:45.525150,2025-12-04 19:09:45.680827,0 days 00:00:00.155677,336.61228871046615,simple,COMPLETE
34,-0.6698427601750311,2025-12-04 19:09:45.681830,2025-12-04 19:09:46.050042,0 days 00:00:00.368212,47.529352552309014,simple2,COMPLETE
35,-9522.830256047973,2025-12-04 19:09:46.051043,2025-12-04 19:09:47.918145,0 days 00:00:01.867102,448.69112417669015,medium,COMPLETE
36,-0.07392457044462519,2025-12-04 19:09:47.919145,2025-12-04 19:09:48.019499,0 days 00:00:00.100354,951.5882739193461,none,COMPLETE
37,-0.2909083819416789,2025-12-04 19:09:48.021119,2025-12-04 19:09:48.167233,0 days 00:00:00.146114,136.2998700278594,simple,COMPLETE
38,-11.217141707826256,2025-12-04 19:09:48.168243,2025-12-04 19:09:48.532939,0 days 00:00:00.364696,0.006090362383240358,simple2,COMPLETE
39,-38278.83685649276,2025-12-04 19:09:48.534939,2025-12-04 19:09:50.277409,0 days 00:00:01.742470,20.006661625585924,medium,COMPLETE
40,-0.348941595602206,2025-12-04 19:09:50.279409,2025-12-04 19:09:50.381674,0 days 00:00:00.102265,86.42255938900578,none,COMPLETE
41,-0.08711296224865321,2025-12-04 19:09:50.382674,2025-12-04 19:09:50.529673,0 days 00:00:00.146999,873.7888288008688,simple,COMPLETE
42,-0.22693370420314726,2025-12-04 19:09:50.530781,2025-12-04 19:09:50.896647,0 days 00:00:00.365866,292.32593533935284,simple2,COMPLETE
43,-7781.750979988495,2025-12-04 19:09:50.897647,2025-12-04 19:09:52.686018,0 days 00:00:01.788371,945.155601420767,medium,COMPLETE
44,-0.16771288557175823,2025-12-04 19:09:52.687019,2025-12-04 19:09:52.789046,0 days 00:00:00.102027,290.520082379792,none,COMPLETE
45,-0.12365702426342073,2025-12-04 19:09:52.790047,2025-12-04 19:09:52.940289,0 days 00:00:00.150242,521.8793684282986,simple,COMPLETE
46,-0.4402184684627588,2025-12-04 19:09:52.941288,2025-12-04 19:09:53.290546,0 days 00:00:00.349258,97.03695344449349,simple2,COMPLETE
47,-43605.23401381161,2025-12-04 19:09:53.290546,2025-12-04 19:09:55.072321,0 days 00:00:01.781775,24.733464426545662,medium,COMPLETE
48,-0.19183474011629675,2025-12-04 19:09:55.073319,2025-12-04 19:09:55.171931,0 days 00:00:00.098612,235.7316312655318,none,COMPLETE
49,-0.12290639370397043,2025-12-04 19:09:55.172930,2025-12-04 19:09:55.315292,0 days 00:00:00.142362,526.701875119489,simple,COMPLETE
50,-0.7052870649226349,2025-12-04 19:09:55.317368,2025-12-04 19:09:55.677250,0 days 00:00:00.359882,43.64464688679683,simple2,COMPLETE
51,-8888.123983477459,2025-12-04 19:09:55.679250,2025-12-04 19:09:57.441603,0 days 00:00:01.762353,559.3297098198651,medium,COMPLETE
52,-7.639077462586606,2025-12-04 19:09:57.442608,2025-12-04 19:09:57.545786,0 days 00:00:00.103178,0.00032090906137060806,none,COMPLETE
53,-0.12180019706048406,2025-12-04 19:09:57.547789,2025-12-04 19:09:57.692803,0 days 00:00:00.145014,533.9372506048713,simple,COMPLETE
54,-0.36350246072753595,2025-12-04 19:09:57.693804,2025-12-04 19:09:58.056044,0 days 00:00:00.362240,134.55363590021094,simple2,COMPLETE
55,-7792.146600722968,2025-12-04 19:09:58.057043,2025-12-04 19:09:59.865106,0 days 00:00:01.808063,939.8288508309353,medium,COMPLETE
56,-0.17673018222462625,2025-12-04 19:09:59.866106,2025-12-04 19:09:59.969253,0 days 00:00:00.103147,267.96335087225754,none,COMPLETE
57,-0.4356040121133174,2025-12-04 19:09:59.970254,2025-12-04 19:10:00.121529,0 days 00:00:00.151275,72.6196450526607,simple,COMPLETE
58,-0.15807292160790207,2025-12-04 19:10:00.123529,2025-12-04 19:10:00.488732,0 days 00:00:00.365203,511.4586350880541,simple2,COMPLETE
59,-124915.01436773156,2025-12-04 19:10:00.489732,2025-12-04 19:10:02.271558,0 days 00:00:01.781826,0.9399855845736846,medium,COMPLETE
60,-6.38262777005761,2025-12-04 19:10:02.272558,2025-12-04 19:10:02.372949,0 days 00:00:00.100391,0.25816021612175477,none,COMPLETE
61,-0.11591344230038685,2025-12-04 19:10:02.373949,2025-12-04 19:10:02.518370,0 days 00:00:00.144421,575.2015008375348,simple,COMPLETE
62,-0.2968756623976512,2025-12-04 19:10:02.519371,2025-12-04 19:10:02.876274,0 days 00:00:00.356903,188.9253737494806,simple2,COMPLETE
63,-8599.778048665266,2025-12-04 19:10:02.877274,2025-12-04 19:10:04.669552,0 days 00:00:01.792278,630.3287400156153,medium,COMPLETE
64,-0.07565035431944193,2025-12-04 19:10:04.670550,2025-12-04 19:10:04.769477,0 days 00:00:00.098927,921.9267891226345,none,COMPLETE
65,-0.17448289613475745,2025-12-04 19:10:04.769477,2025-12-04 19:10:04.914381,0 days 00:00:00.144904,306.7246060533827,simple,COMPLETE
66,-0.10341423907357876,2025-12-04 19:10:04.915387,2025-12-04 19:10:05.285074,0 days 00:00:00.369687,942.5098710770567,simple2,COMPLETE
67,-7758.563940582815,2025-12-04 19:10:05.286077,2025-12-04 19:10:07.101007,0 days 00:00:01.814930,957.1760206091919,medium,COMPLETE
68,-0.23957581143721898,2025-12-04 19:10:07.102013,2025-12-04 19:10:07.199530,0 days 00:00:00.097517,164.77168243843198,none,COMPLETE
69,-0.34507096589416064,2025-12-04 19:10:07.201035,2025-12-04 19:10:07.349128,0 days 00:00:00.148093,104.12358831125462,simple,COMPLETE
70,-0.10159293392064843,2025-12-04 19:10:07.350127,2025-12-04 19:10:07.709097,0 days 00:00:00.358970,965.8529624680253,simple2,COMPLETE
71,-10080.045904069959,2025-12-04 19:10:07.711149,2025-12-04 19:10:09.486620,0 days 00:00:01.775471,384.9694979662716,medium,COMPLETE
72,-0.08216086734884616,2025-12-04 19:10:09.487621,2025-12-04 19:10:09.589086,0 days 00:00:00.101465,822.4657174573897,none,COMPLETE
73,-0.08310728361720887,2025-12-04 19:10:09.590086,2025-12-04 19:10:09.733557,0 days 00:00:00.143471,934.3204114836959,simple,COMPLETE
74,-0.18806135977446004,2025-12-04 19:10:09.734558,2025-12-04 19:10:10.098677,0 days 00:00:00.364119,392.5780792650179,simple2,COMPLETE
75,-13311.829752811618,2025-12-04 19:10:10.099677,2025-12-04 19:10:11.878449,0 days 00:00:01.778772,229.4501920600174,medium,COMPLETE
76,-0.09090143125538153,2025-12-04 19:10:11.878449,2025-12-04 19:10:11.982300,0 days 00:00:00.103851,713.9035841964452,none,COMPLETE
77,-0.43494187572257537,2025-12-04 19:10:11.982300,2025-12-04 19:10:12.127914,0 days 00:00:00.145614,72.78819784321695,simple,COMPLETE
78,-0.13754741488276792,2025-12-04 19:10:12.127914,2025-12-04 19:10:12.495364,0 days 00:00:00.367450,628.4337313632365,simple2,COMPLETE
79,-13112.396561590338,2025-12-04 19:10:12.496364,2025-12-04 19:10:14.295489,0 days 00:00:01.799125,234.57139818373417,medium,COMPLETE
80,-0.2762164809136441,2025-12-04 19:10:14.296488,2025-12-04 19:10:14.395517,0 days 00:00:00.099029,129.8186922167515,none,COMPLETE
81,-0.1027860563940995,2025-12-04 19:10:14.395517,2025-12-04 19:10:14.589285,0 days 00:00:00.193768,687.482529784922,simple,COMPLETE
82,-0.1831696259716468,2025-12-04 19:10:14.590283,2025-12-04 19:10:14.955701,0 days 00:00:00.365418,408.8626393564269,simple2,COMPLETE
83,-8414.034942257851,2025-12-04 19:10:14.956701,2025-12-04 19:10:16.720238,0 days 00:00:01.763537,685.4039519880002,medium,COMPLETE
84,-0.14605679935139823,2025-12-04 19:10:16.721237,2025-12-04 19:10:16.819372,0 days 00:00:00.098135,358.37523316736423,none,COMPLETE
85,-0.09400927305903783,2025-12-04 19:10:16.820371,2025-12-04 19:10:16.972962,0 days 00:00:00.152591,783.0881826566374,simple,COMPLETE
86,-11.226587683301526,2025-12-04 19:10:16.973961,2025-12-04 19:10:17.336224,0 days 00:00:00.362263,0.005167181749401055,simple2,COMPLETE
87,-16632.75183453789,2025-12-04 19:10:17.337224,2025-12-04 19:10:19.131697,0 days 00:00:01.794473,171.9861164595986,medium,COMPLETE
88,-0.13484272000072028,2025-12-04 19:10:19.133003,2025-12-04 19:10:19.224639,0 days 00:00:00.091636,403.74851423330205,none,COMPLETE
89,-0.19766438463780278,2025-12-04 19:10:19.224639,2025-12-04 19:10:19.364507,0 days 00:00:00.139868,251.92824926321578,simple,COMPLETE
90,-10.689975306011169,2025-12-04 19:10:19.365527,2025-12-04 19:10:19.714355,0 days 00:00:00.348828,0.06238246595163458,simple2,COMPLETE
91,-7709.851744201108,2025-12-04 19:10:19.715825,2025-12-04 19:10:21.535655,0 days 00:00:01.819830,983.0597787744716,medium,COMPLETE
92,-0.09139820588545204,2025-12-04 19:10:21.536658,2025-12-04 19:10:21.636181,0 days 00:00:00.099523,708.4386016447639,none,COMPLETE
93,-0.10036978687189684,2025-12-04 19:10:21.637773,2025-12-04 19:10:21.782256,0 days 00:00:00.144483,711.8930023696606,simple,COMPLETE
94,-0.1248650720365716,2025-12-04 19:10:21.783255,2025-12-04 19:10:22.149942,0 days 00:00:00.366687,722.9286851395165,simple2,COMPLETE
95,-9459.412928523514,2025-12-04 19:10:22.152453,2025-12-04 19:10:23.932163,0 days 00:00:01.779710,457.5786208185227,medium,COMPLETE
96,-2.497133849417072,2025-12-04 19:10:23.932719,2025-12-04 19:10:24.033269,0 days 00:00:00.100550,3.149811527860438,none,COMPLETE
97,-0.10224698422905047,2025-12-04 19:10:24.034270,2025-12-04 19:10:24.176941,0 days 00:00:00.142671,692.8133972993224,simple,COMPLETE
98,-0.222357739765446,2025-12-04 19:10:24.177941,2025-12-04 19:10:24.534380,0 days 00:00:00.356439,301.9508849496773,simple2,COMPLETE
99,-9142.302618041336,2025-12-04 19:10:24.535380,2025-12-04 19:10:26.317561,0 days 00:00:01.782181,508.6610410948683,medium,COMPLETE
