number,value,datetime_start,datetime_complete,duration,params_xgb_colsample_bytree,params_xgb_learning_rate,params_xgb_max_depth,params_xgb_min_child_weight,params_xgb_n_estimators,params_xgb_reg_alpha,params_xgb_reg_lambda,params_xgb_subsample,user_attrs_feature_level,state
0,-0.0009470627425554786,2025-12-04 19:27:30.186710,2025-12-04 19:27:37.973768,0 days 00:00:07.787058,0.659195090518222,0.0018410729205738682,5,20,792,4.330880728874676,0.1360354613611808,0.7391963650868432,medium,COMPLETE
1,-0.004247749463161791,2025-12-04 19:27:37.974768,2025-12-04 19:28:02.369154,0 days 00:00:24.394386,0.8819459112971966,0.025959425503112647,7,15,1007,0.9170225492671691,0.2620503255096255,0.31235069657748143,advanced,COMPLETE
2,-0.0009461098848919658,2025-12-04 19:28:02.370153,2025-12-04 19:28:14.773395,0 days 00:00:12.403242,0.47473748411882516,0.010952662748632562,5,11,730,1.8318092164684585,0.4701469243560972,0.5591670111852695,extensive,COMPLETE
3,-0.000782936637587032,2025-12-04 19:28:14.785438,2025-12-04 19:28:23.041329,0 days 00:00:08.255891,0.608540663048167,0.010150667045928576,6,16,376,0.8526206184364576,2.5002240473339543,0.41980426929501585,medium,COMPLETE
4,-0.0009483428096922856,2025-12-04 19:28:23.042329,2025-12-04 19:28:33.006442,0 days 00:00:09.964113,0.7850384088698767,0.0032925293631105254,3,19,571,2.2007624686980067,3.753537145233125,0.8793792198447357,advanced,COMPLETE
5,-0.0009470627425554786,2025-12-04 19:28:33.007442,2025-12-04 19:29:08.349852,0 days 00:00:35.342410,0.8455922412472694,0.0027520696850790523,3,10,2718,2.600340105889054,0.5215026697411662,0.320633112669131,extensive,COMPLETE
6,-0.0009470627425554786,2025-12-04 19:29:08.350853,2025-12-04 19:29:36.704031,0 days 00:00:28.353178,0.7650796940166689,0.03946212980759095,7,4,3601,4.609371175115584,2.375668206925437,0.8817507766587351,medium,COMPLETE
7,-0.0009470627425554786,2025-12-04 19:29:36.705030,2025-12-04 19:29:53.481386,0 days 00:00:16.776356,0.49519819845795865,0.004574578205475401,3,4,1231,1.7837666334679465,8.071418522169695,0.32713637334632284,advanced,COMPLETE
8,-0.0007087295578758201,2025-12-04 19:29:53.482386,2025-12-04 19:31:19.829600,0 days 00:01:26.347214,0.7813181884524238,0.0013386261584543908,5,11,3951,0.993578407670862,5.983542473217019,0.3845545349848576,extensive,COMPLETE
9,-0.013856642234680713,2025-12-04 19:31:19.830601,2025-12-04 19:31:28.743693,0 days 00:00:08.913092,0.7374043008245925,0.0204345549841614,3,17,481,0.5793452976256486,0.6680983417211186,0.7241144063085703,medium,COMPLETE
10,-0.0009470627425554786,2025-12-04 19:31:28.744694,2025-12-04 19:32:10.869555,0 days 00:00:42.124861,0.310777125368892,0.0010586414866322784,10,10,3650,3.3820892378437533,16.685321327549868,0.48461652687015744,advanced,COMPLETE
11,-0.07948019680255973,2025-12-04 19:32:10.871555,2025-12-04 19:33:47.350143,0 days 00:01:36.478588,0.6122043737729015,0.00929558204571347,5,13,1930,0.11389806391162005,5.531817948589211,0.44877230848385635,extensive,COMPLETE
12,-0.001055052396994179,2025-12-04 19:33:47.351144,2025-12-04 19:34:12.893833,0 days 00:00:25.542689,0.5121247007031318,0.006848342316856315,9,7,2820,1.3724248664124048,1.4102385037522365,0.4357297432683836,medium,COMPLETE
13,-0.11805723294746288,2025-12-04 19:34:12.895833,2025-12-04 19:36:21.965742,0 days 00:02:09.069909,0.6868767216042063,0.012929109590202272,6,14,1777,0.02616525959119631,1.654667832673062,0.5502249707155165,advanced,COMPLETE
14,-0.0007083561337805447,2025-12-04 19:36:21.966742,2025-12-04 19:37:36.203157,0 days 00:01:14.236415,0.5768429036921325,0.0010527493992239132,8,7,3093,1.0521471406933727,12.653974483143825,0.41052777792639944,extensive,COMPLETE
15,-0.0006181415893167971,2025-12-04 19:37:36.204157,2025-12-04 19:38:22.378142,0 days 00:00:46.173985,0.39933376883122673,0.0011992676813657864,8,1,3972,1.2610455351873031,19.632608536202262,0.6411740507755772,medium,COMPLETE
16,-0.0009470627425554786,2025-12-04 19:38:22.379648,2025-12-04 19:38:59.305050,0 days 00:00:36.925402,0.34538972792469413,0.001739992513359272,8,1,3045,2.7394183009450592,17.953024930662092,0.6722417975397463,advanced,COMPLETE
17,-0.0009470627425554786,2025-12-04 19:38:59.306050,2025-12-04 19:39:40.490779,0 days 00:00:41.184729,0.4098198017102643,0.0010034519882919303,9,1,3290,3.348854617915514,10.5548093564242,0.6349984685340704,extensive,COMPLETE
18,-0.0009121034497552305,2025-12-04 19:39:40.492281,2025-12-04 19:40:05.174308,0 days 00:00:24.682027,0.5467800682438999,0.0024047192356631154,8,6,2584,1.5805620053249603,19.929368963076485,0.8109104317140341,medium,COMPLETE
19,-0.01708988227555867,2025-12-04 19:40:05.176309,2025-12-04 19:42:33.874002,0 days 00:02:28.697693,0.42567652732474737,0.004084829101437756,10,7,2270,0.4508702647371394,10.69809122384853,0.5261975824598271,advanced,COMPLETE
20,-0.0006797897158630217,2025-12-04 19:42:33.876004,2025-12-04 19:43:53.026027,0 days 00:01:19.150023,0.39041314209204325,0.0018085774979386977,8,3,3958,1.207917130883944,4.990821588678151,0.65112670252026,extensive,COMPLETE
21,-0.0006325625505185783,2025-12-04 19:43:53.027027,2025-12-04 19:44:36.291300,0 days 00:00:43.264273,0.39129578099903506,0.001609397586439086,8,3,3935,1.2462871314911264,10.850725756055738,0.5996503226744458,medium,COMPLETE
22,-0.0009470627425554786,2025-12-04 19:44:36.293300,2025-12-04 19:45:21.653567,0 days 00:00:45.360267,0.3824994348301845,0.0018577340190085681,9,3,3827,2.1498727945817766,4.945753660050298,0.6067457421076956,advanced,COMPLETE
23,-0.000422081442561469,2025-12-04 19:45:21.655573,2025-12-04 19:46:25.214876,0 days 00:01:03.559303,0.4550042873565994,0.0014870851012272238,8,3,3436,1.3441476540940918,8.960020836291921,0.6784037351341254,extensive,COMPLETE
24,-0.0009493764443306111,2025-12-04 19:46:25.215874,2025-12-04 19:46:52.376423,0 days 00:00:27.160549,0.4533305973700009,0.005230643823754551,7,1,3569,2.0333507582025057,7.435000884393246,0.7203734668018497,medium,COMPLETE
25,-0.0008461523845672373,2025-12-04 19:46:52.378424,2025-12-04 19:47:45.865300,0 days 00:00:53.486876,0.30385393402144706,0.0013976577861803112,9,3,3286,1.48171281169021,11.839450420223303,0.7932880902849423,advanced,COMPLETE
26,-0.014377894450895953,2025-12-04 19:47:45.866300,2025-12-04 19:50:23.916510,0 days 00:02:38.050210,0.35259549166026094,0.002670553261734134,8,5,3419,0.5649595273128221,3.167506345730143,0.5936470791253672,extensive,COMPLETE
27,-0.0009470627425554786,2025-12-04 19:50:23.917510,2025-12-04 19:50:43.099957,0 days 00:00:19.182447,0.4430206659862206,0.0014333084262816832,7,2,2434,3.1206492325909077,1.0901855465036632,0.6781296696270194,medium,COMPLETE
28,-0.0009470627425554786,2025-12-04 19:50:43.101460,2025-12-04 19:51:19.761675,0 days 00:00:36.660215,0.5321297657311508,0.002187453216745278,10,8,3013,2.335606217255968,8.495925993099613,0.7734890707910653,advanced,COMPLETE
29,-0.0009179255999546646,2025-12-04 19:51:19.762246,2025-12-04 19:52:08.613771,0 days 00:00:48.851525,0.33875470903264737,0.0014076263404857355,6,5,3713,1.7160190803633228,14.53687417782185,0.7053770092050519,extensive,COMPLETE
30,-0.0009470627425554786,2025-12-04 19:52:08.615772,2025-12-04 19:52:33.829485,0 days 00:00:25.213713,0.38101735729819225,0.00357286842515305,9,9,3423,2.9315495422632063,0.1254174428157919,0.6034492147166468,medium,COMPLETE
31,-0.0007718085642135867,2025-12-04 19:52:33.830489,2025-12-04 19:53:44.984996,0 days 00:01:11.154507,0.39549574089157735,0.0018565549644282992,8,3,3974,1.2723530293274286,4.200461603097126,0.6504105777510252,advanced,COMPLETE
32,-0.0007322141361423284,2025-12-04 19:53:44.986499,2025-12-04 19:55:10.535587,0 days 00:01:25.549088,0.4705902932686574,0.0018590716648292458,8,2,3985,1.2445172550224832,6.8714971333017365,0.7529904551250473,extensive,COMPLETE
33,-0.010865378115824406,2025-12-04 19:55:10.537091,2025-12-04 19:57:36.851462,0 days 00:02:26.314371,0.43097873443282053,0.0012992535202811823,7,5,3760,0.3440755833986744,9.785080343709723,0.6327189193673565,medium,COMPLETE
34,-0.005964483410230555,2025-12-04 19:57:36.852463,2025-12-04 19:59:28.921689,0 days 00:01:52.069226,0.3697346265094217,0.0022133821603946067,7,2,3480,0.7653946523569894,0.2249567115874426,0.5562553709229584,advanced,COMPLETE
35,-0.00044570234623727184,2025-12-04 19:59:28.922689,2025-12-04 19:59:57.228647,0 days 00:00:28.305958,0.4854838587098457,0.0030282278090897788,4,4,1314,1.1483228870322568,14.679309267709332,0.6776099617878936,extensive,COMPLETE
36,-0.0009470627425554786,2025-12-04 19:59:57.230650,2025-12-04 20:00:09.161903,0 days 00:00:11.931253,0.49252037285174327,0.003059611898931616,4,4,1390,4.0663367595425175,19.86045668295125,0.49765819830545566,medium,COMPLETE
37,-0.0009548189622498408,2025-12-04 20:00:09.162904,2025-12-04 20:00:22.589703,0 days 00:00:13.426799,0.5674901600575579,0.00641135794353046,4,6,858,1.9378942712500395,13.940706870809812,0.6964205351622753,advanced,COMPLETE
38,-0.00018227353437653507,2025-12-04 20:00:22.591709,2025-12-04 20:00:32.079555,0 days 00:00:09.487846,0.47066932409466267,0.0035877851324643125,4,1,210,0.9687044683877986,2.590962043295184,0.8187263961202348,extensive,COMPLETE
39,-0.009073508888963078,2025-12-04 20:00:32.080555,2025-12-04 20:00:59.711360,0 days 00:00:27.630805,0.6388527137049204,0.005498833951977125,4,1,1495,0.7426647005374469,2.7040776236785105,0.8331716140575977,medium,COMPLETE
40,-7.259570806668798e-05,2025-12-04 20:00:59.713362,2025-12-04 20:01:09.772822,0 days 00:00:10.059460,0.47510046513859067,0.0037365192776165415,4,2,272,0.9965129874706948,1.7371639265996512,0.8604791116202523,advanced,COMPLETE
41,-0.0005599894961301569,2025-12-04 20:01:09.774822,2025-12-04 20:01:32.377069,0 days 00:00:22.602247,0.48715613835661886,0.0037991818765202674,4,2,771,0.9342971349481257,1.6891656691320522,0.8349645151481407,extensive,COMPLETE
42,-5.1544084994266846e-05,2025-12-04 20:01:32.379075,2025-12-04 20:01:38.695608,0 days 00:00:06.316533,0.47115728737338625,0.00394387036675955,4,4,282,0.9384761757513309,0.9228039399926127,0.8450253901145656,medium,COMPLETE
43,-0.0011397460948216291,2025-12-04 20:01:38.697608,2025-12-04 20:01:47.414432,0 days 00:00:08.716824,0.46371600363524895,0.004572690330967848,3,4,259,0.2077139913182341,0.717426862287492,0.8924416649201877,advanced,COMPLETE
44,-0.0057535574807380625,2025-12-04 20:01:47.416432,2025-12-04 20:02:11.169636,0 days 00:00:23.753204,0.5217784979411219,0.008508843854281871,5,5,588,0.7642596192354758,0.8531708953561065,0.8550154679353159,extensive,COMPLETE
45,-0.0009753403435541763,2025-12-04 20:02:11.170636,2025-12-04 20:02:21.712657,0 days 00:00:10.542021,0.5565865989704906,0.0032417675663152503,4,12,1025,1.6035738069372796,0.4685876681251462,0.7498526465700367,medium,COMPLETE
46,-0.0003534185090125301,2025-12-04 20:02:21.713658,2025-12-04 20:02:29.935420,0 days 00:00:08.221762,0.5902369575326292,0.013963479353686687,3,17,227,1.0610069913510383,2.097108680866598,0.8656758600199479,advanced,COMPLETE
47,-0.0009470627425554786,2025-12-04 20:02:29.937421,2025-12-04 20:02:37.152820,0 days 00:00:07.215399,0.6838265180490897,0.017016043792378893,3,19,209,4.971509633507084,2.0786030972833216,0.8514605282333524,extensive,COMPLETE
48,-0.03677624452975681,2025-12-04 20:02:37.154323,2025-12-04 20:02:48.711023,0 days 00:00:11.556700,0.6038923608170583,0.04049888875585703,5,16,416,0.5652402262665017,1.0611780249100213,0.7986764401467586,medium,COMPLETE
49,-0.0029553043747632866,2025-12-04 20:02:48.712023,2025-12-04 20:03:05.992617,0 days 00:00:17.280594,0.8705794622727765,0.012221754025205717,3,14,609,0.9228445841942019,2.0259967047324103,0.8693219728036383,advanced,COMPLETE
50,-0.024348649734389882,2025-12-04 20:03:05.994119,2025-12-04 20:03:33.541274,0 days 00:00:27.547155,0.6357338258975932,0.007906399922110926,3,20,1052,0.272291890458929,1.3260773830633092,0.8940653262834932,extensive,COMPLETE
51,-0.0005866159609280904,2025-12-04 20:03:33.541274,2025-12-04 20:03:41.046816,0 days 00:00:07.505542,0.5242839654534103,0.005785132505206033,4,18,382,1.0005659734771666,3.4833127080542985,0.7747463031386927,medium,COMPLETE
52,-0.0010054195658737441,2025-12-04 20:03:41.047816,2025-12-04 20:03:52.484762,0 days 00:00:11.436946,0.5009096619444652,0.02631323158492016,4,4,647,1.7633726394543117,0.3851803529555436,0.8066660896112702,advanced,COMPLETE
53,-0.00011429986863065178,2025-12-04 20:03:52.485764,2025-12-04 20:04:05.609679,0 days 00:00:13.123915,0.5855761766856341,0.00445021107317724,5,2,304,1.0987107163271939,2.4264470608551436,0.8337547468281788,extensive,COMPLETE
54,-0.0008014687953803445,2025-12-04 20:04:05.610679,2025-12-04 20:04:10.483132,0 days 00:00:04.872453,0.682512975301029,0.004368859869639493,5,2,202,1.4406367318752353,2.7194692759885175,0.8300015415383216,medium,COMPLETE
55,-0.010962857790832356,2025-12-04 20:04:10.484133,2025-12-04 20:04:35.529026,0 days 00:00:25.044893,0.7112048804505432,0.016331458710900644,6,1,444,0.7019283500402147,1.7256332801873846,0.8599293869587389,advanced,COMPLETE
56,-0.0016975702647880435,2025-12-04 20:04:35.530531,2025-12-04 20:04:55.362581,0 days 00:00:19.832050,0.5848851455620406,0.01011132193000148,3,6,874,1.0603129297693672,1.2867289111362108,0.8222021544787119,extensive,COMPLETE
57,-0.0050370471917962805,2025-12-04 20:04:55.363583,2025-12-04 20:05:08.470076,0 days 00:00:13.106493,0.4185090418074336,0.00746182644735475,5,2,496,0.5244992144310489,2.2246582558896604,0.7778832772860487,medium,COMPLETE
58,-0.0007499863754933204,2025-12-04 20:05:08.470581,2025-12-04 20:05:19.265427,0 days 00:00:10.794846,0.5516293303715489,0.0025279447717205406,5,11,359,1.4337869696369563,0.9860851503262567,0.8982644909401419,advanced,COMPLETE
59,-0.0009470627425554786,2025-12-04 20:05:19.266427,2025-12-04 20:05:44.052479,0 days 00:00:24.786052,0.6214473642595816,0.005006444484779961,3,16,1795,2.3732547110812847,4.257101933779258,0.8752413221004774,extensive,COMPLETE
60,-0.026319212038461437,2025-12-04 20:05:44.052981,2025-12-04 20:05:52.448348,0 days 00:00:08.395367,0.5916804145571708,0.03070812888979104,4,3,311,0.43942489933877027,0.6379105959465604,0.8448051220662298,medium,COMPLETE
61,-0.0005520484205913482,2025-12-04 20:05:52.449349,2025-12-04 20:06:10.036320,0 days 00:00:17.586971,0.44570437601566654,0.003112774780915413,4,4,706,1.110512976488416,1.5945858723430109,0.7299810196015353,advanced,COMPLETE
62,-0.006254385457345357,2025-12-04 20:06:10.038320,2025-12-04 20:07:12.187869,0 days 00:01:02.149549,0.4705411987045095,0.0039331394237271545,5,1,2150,0.8665246542358831,3.0673885039140996,0.8149011443526049,extensive,COMPLETE
63,-0.00095851397473908,2025-12-04 20:07:12.188869,2025-12-04 20:07:22.702635,0 days 00:00:10.513766,0.5096381566722368,0.006313434836552091,4,3,1189,1.6148754493733286,0.863663407972264,0.3539802577310378,medium,COMPLETE
64,-0.00027796553970467947,2025-12-04 20:07:22.703634,2025-12-04 20:07:35.566189,0 days 00:00:12.862555,0.5378490422728563,0.0036081243426483124,3,8,530,1.1320663218457798,2.4287646053377423,0.7535824226004106,advanced,COMPLETE
65,-0.13864077276482,2025-12-04 20:07:35.567189,2025-12-04 20:07:49.796474,0 days 00:00:14.229285,0.5420660138930881,0.04959155869234469,3,9,510,0.016296606601548858,2.4155039766209274,0.7881667073497605,extensive,COMPLETE
66,-0.0006912025620559407,2025-12-04 20:07:49.797477,2025-12-04 20:07:56.321142,0 days 00:00:06.523665,0.6566764046727476,0.0035177413773230283,6,8,310,1.3381363664005659,1.94490588921079,0.753032408630611,medium,COMPLETE
67,-0.0009578322422008808,2025-12-04 20:07:56.322142,2025-12-04 20:08:06.161873,0 days 00:00:09.839731,0.5690795338561866,0.0048797529747634455,3,12,539,1.932637632257804,1.2372188929928147,0.8740218136171416,advanced,COMPLETE
68,-0.0003896625784038932,2025-12-04 20:08:06.162873,2025-12-04 20:08:28.294093,0 days 00:00:22.131220,0.4520964035834634,0.0023154373838490533,3,15,884,0.6883843555677671,5.906156974051029,0.8133514209647738,extensive,COMPLETE
69,-0.0009801872864083256,2025-12-04 20:08:28.295093,2025-12-04 20:08:42.431280,0 days 00:00:14.136187,0.5318566700518084,0.0027847931712139708,3,17,910,0.6211749016305885,4.046177311600503,0.8438376890083532,medium,COMPLETE
70,-0.0009470627425554786,2025-12-04 20:08:42.432782,2025-12-04 20:08:54.974135,0 days 00:00:12.541353,0.5106817318081064,0.0021503389313632026,3,15,755,3.946825437812098,5.234502458013663,0.8137397972910555,advanced,COMPLETE
71,-7.716522414498901e-05,2025-12-04 20:08:54.975136,2025-12-04 20:09:07.215755,0 days 00:00:12.240619,0.43889212195181404,0.00428698380401605,3,18,392,0.8715460989435155,5.8373460497306695,0.769634118586863,extensive,COMPLETE
72,-0.0001296088996767253,2025-12-04 20:09:07.217755,2025-12-04 20:09:14.015522,0 days 00:00:06.797767,0.427414438387352,0.004225360409693952,3,19,399,0.870666760326266,6.360237457472392,0.7653949171814738,medium,COMPLETE
73,-2.0903592307885965e-05,2025-12-04 20:09:14.016520,2025-12-04 20:09:25.133033,0 days 00:00:11.116513,0.42916244960573885,0.003922640717913112,3,20,402,0.8523403984313007,3.2967727778708595,0.7677533266182159,advanced,COMPLETE
74,-0.0002035814359612198,2025-12-04 20:09:25.134541,2025-12-04 20:09:38.717059,0 days 00:00:13.582518,0.4286543897926231,0.00425859748755199,4,19,391,0.8861367396561685,6.583733556080586,0.7634787378408691,extensive,COMPLETE
75,-0.0009832744863149667,2025-12-04 20:09:38.719059,2025-12-04 20:09:47.778664,0 days 00:00:09.059605,0.4365665075778465,0.004157408174707209,4,20,397,0.36107263906756726,7.241287884523956,0.7824912186902415,medium,COMPLETE
76,-0.0003084430256588,2025-12-04 20:09:47.779665,2025-12-04 20:09:59.277055,0 days 00:00:11.497390,0.41493975677876654,0.005652817304704795,4,19,342,0.8567050475756846,4.468030627686923,0.7195826741207317,advanced,COMPLETE
77,-0.000574344063657195,2025-12-04 20:09:59.278054,2025-12-04 20:10:18.441432,0 days 00:00:19.163378,0.3656555365688676,0.0042876026042121046,4,18,681,0.8734764683216732,3.191700358973236,0.7645902076866268,extensive,COMPLETE
78,0.0005577312231706729,2025-12-04 20:10:18.442432,2025-12-04 20:10:29.864156,0 days 00:00:11.421724,0.3230846867045536,0.002822516521762467,5,19,441,0.4169407646233081,6.3930192987577,0.7030373237046756,medium,COMPLETE
79,-0.0021578864603665573,2025-12-04 20:10:29.865155,2025-12-04 20:10:54.901932,0 days 00:00:25.036777,0.3193883518075785,0.0027532470673657214,5,19,619,0.19352139018101744,3.3925861635484105,0.795331939884081,advanced,COMPLETE
80,-0.0016239784154046255,2025-12-04 20:10:54.903940,2025-12-04 20:11:14.978913,0 days 00:00:20.074973,0.3307078013364748,0.004700162808291714,5,18,474,0.4803229962448724,4.920635820394905,0.7087512929904464,extensive,COMPLETE
81,-4.4717171463481975e-05,2025-12-04 20:11:14.979416,2025-12-04 20:11:21.514095,0 days 00:00:06.534679,0.4044244949789009,0.003324706136153333,4,20,281,0.7704006551320748,6.801009623932488,0.7411375685145023,medium,COMPLETE
82,0.00017458291677485693,2025-12-04 20:11:21.515651,2025-12-04 20:11:37.233981,0 days 00:00:15.718330,0.4000117639570395,0.003495585450881859,6,20,301,0.6427589113240015,8.450016269907607,0.7320754243692521,advanced,COMPLETE
83,-0.0018572104541838552,2025-12-04 20:11:37.234986,2025-12-04 20:12:04.472553,0 days 00:00:27.237567,0.4031180855643935,0.0032568319878832656,6,20,462,0.3783567113691586,8.560138535032522,0.7308252867976861,extensive,COMPLETE
84,0.00024382832463243354,2025-12-04 20:12:04.473557,2025-12-04 20:12:13.633654,0 days 00:00:09.160097,0.3580424134050359,0.0029629769615437656,6,20,310,0.6537094330886356,9.747257290783041,0.7408072575181932,medium,COMPLETE
85,0.00010154705351572701,2025-12-04 20:12:13.635160,2025-12-04 20:12:28.351583,0 days 00:00:14.716423,0.3575690758766152,0.0029052853103975515,6,20,298,0.6499110647768865,12.129784492351666,0.7443102090169299,advanced,COMPLETE
86,-0.0007447894676670211,2025-12-04 20:12:28.352584,2025-12-04 20:13:01.079575,0 days 00:00:32.726991,0.3558048636857755,0.002023681850506033,6,20,584,0.14362094029813072,11.97163756994551,0.6906586045481252,extensive,COMPLETE
87,0.0003071613650705111,2025-12-04 20:13:01.081575,2025-12-04 20:13:09.459715,0 days 00:00:08.378140,0.3696493913298611,0.0029700831590457268,6,20,265,0.6273523662222661,9.28778461640565,0.7423537115303305,medium,COMPLETE
88,5.5537921883397345e-05,2025-12-04 20:13:09.460715,2025-12-04 20:13:23.031959,0 days 00:00:13.571244,0.38129932630125657,0.002813323894010281,6,20,255,0.6407253244528247,9.764420557571668,0.7403958992394206,advanced,COMPLETE
89,-0.0011778394895845719,2025-12-04 20:13:23.033462,2025-12-04 20:13:59.106681,0 days 00:00:36.073219,0.374856455089326,0.002955681799374672,6,20,794,0.5839060500610235,7.751485018870997,0.7405066100898576,extensive,COMPLETE
90,0.0006154916165617882,2025-12-04 20:13:59.107685,2025-12-04 20:14:09.515836,0 days 00:00:10.408151,0.32127726160274805,0.0024837191399781798,6,20,291,0.2846440603636923,9.664957874767879,0.711826548954638,medium,COMPLETE
91,0.0001661048849573484,2025-12-04 20:14:09.517836,2025-12-04 20:14:22.911381,0 days 00:00:13.393545,0.30118065717316184,0.0026042299188474734,6,20,289,0.6715472224948029,9.998084090235372,0.7123534540504308,advanced,COMPLETE
92,-4.666593596673133e-05,2025-12-04 20:14:22.912886,2025-12-04 20:14:37.056724,0 days 00:00:14.143838,0.30386104369430944,0.002589938084762288,6,19,204,0.23621757941936966,9.66308850298806,0.6670842144281431,extensive,COMPLETE
93,0.0003818508325629244,2025-12-04 20:14:37.057229,2025-12-04 20:14:49.833513,0 days 00:00:12.776284,0.31665015455540696,0.0016577644784275107,7,20,308,0.08560974060739013,16.337735861551728,0.7140372874205886,medium,COMPLETE
