number,value,datetime_start,datetime_complete,duration,params_xgb_colsample_bytree,params_xgb_learning_rate,params_xgb_max_depth,params_xgb_min_child_weight,params_xgb_n_estimators,params_xgb_reg_alpha,params_xgb_reg_lambda,params_xgb_subsample,user_attrs_feature_level,state
94,-0.0004655085712202596,2025-12-04 20:14:49.835518,2025-12-04 20:15:22.057501,0 days 00:00:32.221983,0.32009385158669473,0.0015999824447301535,7,20,537,0.06649166662262251,16.789288309967706,0.7107067704255512,advanced,COMPLETE
95,-0.0018413039900323873,2025-12-04 20:15:22.059500,2025-12-04 20:16:08.558157,0 days 00:00:46.498657,0.33304892790845864,0.0024148111234496483,7,19,691,0.26967556241115137,13.798123602684212,0.6896442642457987,extensive,COMPLETE
96,0.00047814084407856355,2025-12-04 20:16:08.559156,2025-12-04 20:16:22.586291,0 days 00:00:14.027135,0.3469875087210743,0.002087739681957562,6,18,458,0.4256167058008325,10.960975826388136,0.6561598110773209,medium,COMPLETE
97,0.00030757481030111816,2025-12-04 20:16:22.587297,2025-12-04 20:16:46.832757,0 days 00:00:24.245460,0.35020346175690825,0.0020477501292256845,6,18,491,0.4463384545968042,10.961655624230438,0.6672018146956465,advanced,COMPLETE
98,0.00021531421007621918,2025-12-04 20:16:46.835263,2025-12-04 20:17:19.049404,0 days 00:00:32.214141,0.35061649733978195,0.0012094571095911664,6,17,626,0.41127472547456856,10.974167345814173,0.6565551000200658,extensive,COMPLETE
99,0.0005101605881312476,2025-12-04 20:17:19.050907,2025-12-04 20:17:37.187306,0 days 00:00:18.136399,0.3449160406150239,0.0012051727501573547,6,17,602,0.38194064631328406,15.485551612288042,0.6204737170371749,medium,COMPLETE
