number,value,datetime_start,datetime_complete,duration,params_enet_alpha,params_enet_l1_ratio,user_attrs_feature_level,state
0,-0.01049344349965157,2025-12-07 17:23:16.757217,2025-12-07 17:23:16.974632,0 days 00:00:00.217415,0.00031489116479568613,0.9507143064099162,none,COMPLETE
1,-0.0016559721242364045,2025-12-07 17:23:16.974632,2025-12-07 17:23:17.173356,0 days 00:00:00.198724,0.008471801418819975,0.5986584841970366,none,COMPLETE
2,-10.068725053887093,2025-12-07 17:23:17.174362,2025-12-07 17:23:17.901029,0 days 00:00:00.726667,4.207988669606632e-05,0.15599452033620265,none,COMPLETE
3,-1.3782450400353479,2025-12-07 17:23:17.902413,2025-12-07 17:23:18.152945,0 days 00:00:00.250532,1.7073967431528103e-05,0.8661761457749352,none,COMPLETE
4,-0.0016559721242364045,2025-12-07 17:23:18.152945,2025-12-07 17:23:18.342817,0 days 00:00:00.189872,0.002537815508265664,0.7080725777960455,none,COMPLETE
5,-2.3342193819667245,2025-12-07 17:23:18.344827,2025-12-07 17:23:18.602985,0 days 00:00:00.258158,1.2087541473056957e-05,0.9699098521619943,none,COMPLETE
6,-0.0016559721242364045,2025-12-07 17:23:18.602985,2025-12-07 17:23:18.778549,0 days 00:00:00.175564,0.021368329072358756,0.21233911067827616,none,COMPLETE
7,-4.361065120094485,2025-12-07 17:23:18.778549,2025-12-07 17:23:19.228327,0 days 00:00:00.449778,5.3370327626039544e-05,0.18340450985343382,none,COMPLETE
8,-0.21530885939172198,2025-12-07 17:23:19.228327,2025-12-07 17:23:19.425626,0 days 00:00:00.197299,0.00016480446427978953,0.5247564316322378,none,COMPLETE
9,-0.081013245696773,2025-12-07 17:23:19.429466,2025-12-07 17:23:19.719235,0 days 00:00:00.289769,0.0005342937261279777,0.2912291401980419,none,COMPLETE
10,-0.0016559721242364045,2025-12-07 17:23:19.719235,2025-12-07 17:23:19.924215,0 days 00:00:00.204980,0.07606194283024033,0.47332732145466855,none,COMPLETE
11,-0.0016559721242364045,2025-12-07 17:23:19.926037,2025-12-07 17:23:20.123920,0 days 00:00:00.197883,0.005953887145582646,0.6990886947608699,none,COMPLETE
12,-0.0016559721242364045,2025-12-07 17:23:20.123920,2025-12-07 17:23:20.325059,0 days 00:00:00.201139,0.0036337413409136773,0.6902470735691452,none,COMPLETE
13,-0.0016559721242364045,2025-12-07 17:23:20.325059,2025-12-07 17:23:20.523757,0 days 00:00:00.198698,0.0029714502927617806,0.6472204460094831,none,COMPLETE
14,-0.0016559721242364045,2025-12-07 17:23:20.525570,2025-12-07 17:23:20.723899,0 days 00:00:00.198329,0.013630710204863549,0.3796042434202235,none,COMPLETE
15,-0.0016559721242364045,2025-12-07 17:23:20.723899,2025-12-07 17:23:20.813321,0 days 00:00:00.089422,0.001868165694521581,0.7757183712887339,none,COMPLETE
16,-0.0016559721242364045,2025-12-07 17:23:20.814327,2025-12-07 17:23:21.011177,0 days 00:00:00.196850,0.040000592548039206,0.5402069591555734,none,COMPLETE
17,0.0005298634208316851,2025-12-07 17:23:21.013188,2025-12-07 17:23:21.208019,0 days 00:00:00.194831,0.0008464188343830302,0.8072280306853136,none,COMPLETE
18,0.00019767458628402088,2025-12-07 17:23:21.208019,2025-12-07 17:23:21.407541,0 days 00:00:00.199522,0.0008943227783322239,0.8182300018921357,none,COMPLETE
19,0.00014104194692373304,2025-12-07 17:23:21.409361,2025-12-07 17:23:21.607290,0 days 00:00:00.197929,0.000560497402946097,0.8407543787677791,none,COMPLETE
20,-18.011572235907664,2025-12-07 17:23:21.607290,2025-12-07 17:23:22.464585,0 days 00:00:00.857295,0.0001310897045698038,0.026368084405807735,none,COMPLETE
21,-0.00020944650690879474,2025-12-07 17:23:22.464585,2025-12-07 17:23:22.659563,0 days 00:00:00.194978,0.0009522737650689477,0.8240042723485829,none,COMPLETE
22,3.086394394476629e-05,2025-12-07 17:23:22.659563,2025-12-07 17:23:22.859155,0 days 00:00:00.199592,0.0008394067543033944,0.8949298145128244,none,COMPLETE
23,-0.009379931791976085,2025-12-07 17:23:22.859155,2025-12-07 17:23:23.045881,0 days 00:00:00.186726,0.00039712262161515743,0.7712579552024951,none,COMPLETE
24,-0.06250252581536923,2025-12-07 17:23:23.047296,2025-12-07 17:23:23.243667,0 days 00:00:00.196371,0.00017945598131044005,0.9909252829191902,none,COMPLETE
25,-0.0016559721242364045,2025-12-07 17:23:23.246088,2025-12-07 17:23:23.441396,0 days 00:00:00.195308,0.0014583501500092775,0.7897321541305902,none,COMPLETE
26,0.0007833869972681725,2025-12-07 17:23:23.445896,2025-12-07 17:23:23.529974,0 days 00:00:00.084078,0.0007209676464037681,0.8786098173289282,none,COMPLETE
27,-0.3419216539745427,2025-12-07 17:23:23.529974,2025-12-07 17:23:23.741850,0 days 00:00:00.211876,7.332042541865959e-05,0.9130911809185114,none,COMPLETE
28,-0.04792598687206858,2025-12-07 17:23:23.741850,2025-12-07 17:23:23.943522,0 days 00:00:00.201672,0.0003211005097309501,0.60935255071615,none,COMPLETE
29,-0.0015568819324602856,2025-12-07 17:23:23.945034,2025-12-07 17:23:24.143255,0 days 00:00:00.198221,0.0010474530680306229,0.9212340362201722,none,COMPLETE
30,-0.0016559721242364045,2025-12-07 17:23:24.145308,2025-12-07 17:23:24.343352,0 days 00:00:00.198044,0.005444240235468192,0.4190029424484062,none,COMPLETE
31,0.0007461770967363742,2025-12-07 17:23:24.344863,2025-12-07 17:23:24.541037,0 days 00:00:00.196174,0.0006166253726677935,0.8174142427160797,none,COMPLETE
32,-0.03263065092391545,2025-12-07 17:23:24.541037,2025-12-07 17:23:24.739245,0 days 00:00:00.198208,0.0002877972985439903,0.7582236170130733,none,COMPLETE
33,0.0006034608575564334,2025-12-07 17:23:24.739245,2025-12-07 17:23:24.928199,0 days 00:00:00.188954,0.000785830561991035,0.8528757972520675,none,COMPLETE
34,-0.0016559721242364045,2025-12-07 17:23:24.928199,2025-12-07 17:23:25.125849,0 days 00:00:00.197650,0.001603173340864319,0.8751878096465799,none,COMPLETE
35,-0.17311173437427363,2025-12-07 17:23:25.127275,2025-12-07 17:23:25.325861,0 days 00:00:00.198586,0.00010100158978355208,0.9458842059216922,none,COMPLETE
36,-0.025636949412234822,2025-12-07 17:23:25.325861,2025-12-07 17:23:25.525339,0 days 00:00:00.199478,0.0003214132129744943,0.7217544415667914,none,COMPLETE
37,-0.0031227961602621943,2025-12-07 17:23:25.525339,2025-12-07 17:23:25.728528,0 days 00:00:00.203189,0.0005608884890754734,0.6394684662708776,none,COMPLETE
38,-0.5815744862963229,2025-12-07 17:23:25.728528,2025-12-07 17:23:25.941256,0 days 00:00:00.212728,3.21214555847955e-05,0.990810788708718,none,COMPLETE
39,-0.033034318956000064,2025-12-07 17:23:25.941256,2025-12-07 17:23:26.150705,0 days 00:00:00.209449,0.00025307143175572997,0.8596498751955511,none,COMPLETE
40,-0.0016559721242364045,2025-12-07 17:23:26.152449,2025-12-07 17:23:26.343464,0 days 00:00:00.191015,0.0021286329062106535,0.7291274547522828,none,COMPLETE
41,0.0009123464951951524,2025-12-07 17:23:26.345634,2025-12-07 17:23:26.543267,0 days 00:00:00.197633,0.00071595971452924,0.8393092348473364,none,COMPLETE
42,0.0010806156712955817,2025-12-07 17:23:26.543267,2025-12-07 17:23:26.729408,0 days 00:00:00.186141,0.000559733567204323,0.9381812380173992,none,COMPLETE
43,0.0011124169424773973,2025-12-07 17:23:26.731111,2025-12-07 17:23:26.927107,0 days 00:00:00.195996,0.0005859987681828978,0.9338350433056107,none,COMPLETE
44,-0.0007145331845354411,2025-12-07 17:23:26.927107,2025-12-07 17:23:27.125847,0 days 00:00:00.198740,0.0004625122332960574,0.9463931643864414,none,COMPLETE
45,-0.03582875545321074,2025-12-07 17:23:27.128253,2025-12-07 17:23:27.328111,0 days 00:00:00.199858,0.00023542721212183184,0.905152318447388,none,COMPLETE
46,-0.0016559721242364045,2025-12-07 17:23:27.328111,2025-12-07 17:23:27.525522,0 days 00:00:00.197411,0.0013532994750871583,0.9652325178791947,none,COMPLETE
47,-0.0016559721242364045,2025-12-07 17:23:27.525522,2025-12-07 17:23:27.724551,0 days 00:00:00.199029,0.002962821649968617,0.9370438795921135,none,COMPLETE
48,-0.0016559721242364045,2025-12-07 17:23:27.724551,2025-12-07 17:23:27.925954,0 days 00:00:00.201403,0.0049822473250960885,0.6718460040487543,none,COMPLETE
49,-0.0016559721242364045,2025-12-07 17:23:27.927817,2025-12-07 17:23:28.126650,0 days 00:00:00.198833,0.009331094499054097,0.880701085408847,none,COMPLETE
50,-0.17265197625042208,2025-12-07 17:23:28.126650,2025-12-07 17:23:28.312891,0 days 00:00:00.186241,0.0001701081412480716,0.5623313944781276,none,COMPLETE
51,0.0011592268212542816,2025-12-07 17:23:28.315105,2025-12-07 17:23:28.511219,0 days 00:00:00.196114,0.0006362436195339596,0.8418979650008087,none,COMPLETE
52,-0.0009289651381697942,2025-12-07 17:23:28.511219,2025-12-07 17:23:28.710562,0 days 00:00:00.199343,0.0005180265061926963,0.8320132122278385,none,COMPLETE
53,0.000990959327736925,2025-12-07 17:23:28.710562,2025-12-07 17:23:28.895203,0 days 00:00:00.184641,0.0006585757128763068,0.8808275603439726,none,COMPLETE
54,-0.0016559721242364045,2025-12-07 17:23:28.896654,2025-12-07 17:23:29.093509,0 days 00:00:00.196855,0.0011115387177590254,0.992758023858002,none,COMPLETE
55,-0.0016559721242364045,2025-12-07 17:23:29.095020,2025-12-07 17:23:29.294360,0 days 00:00:00.199340,0.002393256242037455,0.7363854257045728,none,COMPLETE
56,0.0008335651819660154,2025-12-07 17:23:29.295368,2025-12-07 17:23:29.496545,0 days 00:00:00.201177,0.0006970663074559155,0.8914381392167553,none,COMPLETE
57,-0.10464096775136023,2025-12-07 17:23:29.496545,2025-12-07 17:23:29.773855,0 days 00:00:00.277310,0.00041368999427323505,0.31874259599615673,none,COMPLETE
58,-0.0016226428884260624,2025-12-07 17:23:29.773855,2025-12-07 17:23:29.960646,0 days 00:00:00.186791,0.001234086963895313,0.7942624993126912,none,COMPLETE
59,-1.7645986874499187,2025-12-07 17:23:29.962106,2025-12-07 17:23:30.221277,0 days 00:00:00.259171,0.00011244417118686024,0.11315151444651206,none,COMPLETE
60,-0.0016559721242364045,2025-12-07 17:23:30.221277,2025-12-07 17:23:30.408848,0 days 00:00:00.187571,0.003799940694601394,0.9184603536528367,none,COMPLETE
61,0.0009945494048933707,2025-12-07 17:23:30.411021,2025-12-07 17:23:30.609628,0 days 00:00:00.198607,0.0006590564201294462,0.8786741372674013,none,COMPLETE
62,-0.06343195694385158,2025-12-07 17:23:30.609628,2025-12-07 17:23:30.808019,0 days 00:00:00.198391,0.0002076568126348401,0.8512090363859327,none,COMPLETE
63,-0.0025243991417374842,2025-12-07 17:23:30.808019,2025-12-07 17:23:31.010954,0 days 00:00:00.202935,0.0003877689853550605,0.9608011225629307,none,COMPLETE
64,0.0008854476316335994,2025-12-07 17:23:31.016141,2025-12-07 17:23:31.207900,0 days 00:00:00.191759,0.0006702789738066144,0.9065551865933478,none,COMPLETE
65,-0.014498837802178274,2025-12-07 17:23:31.207900,2025-12-07 17:23:31.409099,0 days 00:00:00.201199,0.0003616386089020032,0.7638912161381487,none,COMPLETE
66,-0.0016219202775118458,2025-12-07 17:23:31.410763,2025-12-07 17:23:31.608592,0 days 00:00:00.197829,0.0010500374543110957,0.9332007916369821,none,COMPLETE
67,-0.0016559721242364045,2025-12-07 17:23:31.610228,2025-12-07 17:23:31.807611,0 days 00:00:00.197383,0.0016049200083920584,0.9974698284809733,none,COMPLETE
68,0.0010896459981208917,2025-12-07 17:23:31.809371,2025-12-07 17:23:32.011288,0 days 00:00:00.201917,0.0006764368566529639,0.8162086775664815,none,COMPLETE
69,-0.0025786343753715357,2025-12-07 17:23:32.014522,2025-12-07 17:23:32.209158,0 days 00:00:00.194636,0.00045878063833254345,0.8056884175124635,none,COMPLETE
70,-0.10794416760532995,2025-12-07 17:23:32.211096,2025-12-07 17:23:32.409682,0 days 00:00:00.198586,0.0001509699864208519,0.8551835501420398,none,COMPLETE
71,0.0008645448033199887,2025-12-07 17:23:32.411401,2025-12-07 17:23:32.611212,0 days 00:00:00.199811,0.000664622135669616,0.9228888599833275,none,COMPLETE
72,-0.0001657065891432404,2025-12-07 17:23:32.612940,2025-12-07 17:23:32.809938,0 days 00:00:00.196998,0.0008710412988125484,0.8935016400057076,none,COMPLETE
73,0.0004528519752896217,2025-12-07 17:23:32.811947,2025-12-07 17:23:33.010227,0 days 00:00:00.198280,0.0005829290042831571,0.8374156965997946,none,COMPLETE
74,-0.012518353854281794,2025-12-07 17:23:33.013237,2025-12-07 17:23:33.207241,0 days 00:00:00.194004,0.0002982009578307786,0.9633886693749182,none,COMPLETE
75,-0.0016559721242364045,2025-12-07 17:23:33.209249,2025-12-07 17:23:33.410952,0 days 00:00:00.201703,0.0016125171656578912,0.7906124112550517,none,COMPLETE
76,0.0009194307353262247,2025-12-07 17:23:33.412960,2025-12-07 17:23:33.608583,0 days 00:00:00.195623,0.0007977689507398275,0.7509266050048562,none,COMPLETE
77,0.0006537272361456145,2025-12-07 17:23:33.610590,2025-12-07 17:23:33.697410,0 days 00:00:00.086820,0.0008747900690088177,0.7552731856201748,none,COMPLETE
78,-0.0013006051529674452,2025-12-07 17:23:33.697410,2025-12-07 17:23:33.892785,0 days 00:00:00.195375,0.001888616954528162,0.48567173505534666,none,COMPLETE
79,-0.0005015288215606631,2025-12-07 17:23:33.894733,2025-12-07 17:23:34.091561,0 days 00:00:00.196828,0.0012132581640448604,0.6798750814012435,none,COMPLETE
80,-0.055416561208299374,2025-12-07 17:23:34.091561,2025-12-07 17:23:34.325751,0 days 00:00:00.234190,0.00022736345865114098,0.8187788254672594,none,COMPLETE
81,0.0008129992363166139,2025-12-07 17:23:34.325751,2025-12-07 17:23:34.526529,0 days 00:00:00.200778,0.0007229239445018885,0.86655795180605,none,COMPLETE
82,0.0003010167821269801,2025-12-07 17:23:34.528327,2025-12-07 17:23:34.712101,0 days 00:00:00.183774,0.0005301146795869786,0.9046447717355391,none,COMPLETE
83,-0.010070221109366026,2025-12-07 17:23:34.713563,2025-12-07 17:23:34.909427,0 days 00:00:00.195864,0.00034633372599005436,0.8718867137857049,none,COMPLETE
84,-0.0002629421975642125,2025-12-07 17:23:34.911277,2025-12-07 17:23:35.111364,0 days 00:00:00.200087,0.0009504762830819764,0.8336586458993827,none,COMPLETE
85,-0.0027101162999007,2025-12-07 17:23:35.113376,2025-12-07 17:23:35.308716,0 days 00:00:00.195340,0.0004647111647880367,0.7843049965840249,none,COMPLETE
86,0.0006599962539544461,2025-12-07 17:23:35.314533,2025-12-07 17:23:35.509603,0 days 00:00:00.195070,0.0007045058682493601,0.7088669557800662,none,COMPLETE
87,-0.018374970790165517,2025-12-07 17:23:35.511380,2025-12-07 17:23:35.709851,0 days 00:00:00.198471,0.0002735387269519648,0.9381359464463886,none,COMPLETE
88,-0.0016559721242364045,2025-12-07 17:23:35.709851,2025-12-07 17:23:35.909404,0 days 00:00:00.199553,0.0013717759952478722,0.9759325316215341,none,COMPLETE
89,0.001104466504487071,2025-12-07 17:23:35.911141,2025-12-07 17:23:36.109241,0 days 00:00:00.198100,0.0005904452702014789,0.8924079515570875,none,COMPLETE
90,-0.0016559721242364045,2025-12-07 17:23:36.110801,2025-12-07 17:23:36.311423,0 days 00:00:00.200622,0.03874692718654916,0.8833107982511741,none,COMPLETE
91,0.0011109501486806783,2025-12-07 17:23:36.317299,2025-12-07 17:23:36.509329,0 days 00:00:00.192030,0.0006042598506851328,0.9061684855986948,none,COMPLETE
92,0.0001395544432856536,2025-12-07 17:23:36.511085,2025-12-07 17:23:36.709072,0 days 00:00:00.197987,0.0005562262917139481,0.8470778908937001,none,COMPLETE
93,-0.005335168805789732,2025-12-07 17:23:36.710793,2025-12-07 17:23:36.909587,0 days 00:00:00.198794,0.00041734871970707476,0.8042894759963498,none,COMPLETE
94,-0.0014297421146252838,2025-12-07 17:23:36.911357,2025-12-07 17:23:37.111697,0 days 00:00:00.200340,0.0009966322360917767,0.9449918837451514,none,COMPLETE
95,-0.0010508531639562186,2025-12-07 17:23:37.114100,2025-12-07 17:23:37.313910,0 days 00:00:00.199810,0.0004880005206982678,0.8757627245776031,none,COMPLETE
96,-0.000179796249566914,2025-12-07 17:23:37.314916,2025-12-07 17:23:37.509650,0 days 00:00:00.194734,0.0008488828931366443,0.9192785309525089,none,COMPLETE
97,-0.016087550970549664,2025-12-07 17:23:37.511405,2025-12-07 17:23:37.710763,0 days 00:00:00.199358,0.00035859927366896344,0.7472575757224246,none,COMPLETE
98,-0.0011649981178009083,2025-12-07 17:23:37.710763,2025-12-07 17:23:37.895758,0 days 00:00:00.184995,0.001999469539398573,0.4504780732186941,none,COMPLETE
99,-0.0016559721242364045,2025-12-07 17:23:37.897861,2025-12-07 17:23:38.093960,0 days 00:00:00.196099,0.0011878991620707146,0.9736425426843458,none,COMPLETE
100,0.0007450651869379913,2025-12-07 17:23:38.093960,2025-12-07 17:23:38.293993,0 days 00:00:00.200033,0.0007772996164291407,0.8259446768850452,none,COMPLETE
101,0.0010648351454544864,2025-12-07 17:23:38.293993,2025-12-07 17:23:38.494297,0 days 00:00:00.200304,0.000618727563008092,0.9007601447350958,none,COMPLETE
102,0.0008676436538952448,2025-12-07 17:23:38.494297,2025-12-07 17:23:38.694445,0 days 00:00:00.200148,0.0006833705833075261,0.8963408550374734,none,COMPLETE
103,0.0010277084910415013,2025-12-07 17:23:38.695956,2025-12-07 17:23:38.894873,0 days 00:00:00.198917,0.0006030561391557928,0.8645440342049155,none,COMPLETE
104,0.0008466334148100977,2025-12-07 17:23:38.895885,2025-12-07 17:23:39.094750,0 days 00:00:00.198865,0.0005905755724576038,0.8632015974318406,none,COMPLETE
105,-0.00223165826458945,2025-12-07 17:23:39.095760,2025-12-07 17:23:39.293663,0 days 00:00:00.197903,0.00040826760973382314,0.9536124085454029,none,COMPLETE
106,-0.06066144931219256,2025-12-07 17:23:39.295405,2025-12-07 17:23:39.481856,0 days 00:00:00.186451,0.0001942651148870968,0.9262379832963457,none,COMPLETE
107,-0.014616220240841823,2025-12-07 17:23:39.481856,2025-12-07 17:23:39.678023,0 days 00:00:00.196167,0.000301004311689998,0.9157699890165002,none,COMPLETE
108,-0.0009472866522500419,2025-12-07 17:23:39.679869,2025-12-07 17:23:39.876742,0 days 00:00:00.196873,0.0009878067419414305,0.8891817740999995,none,COMPLETE
109,-0.0024497542308726805,2025-12-07 17:23:39.876742,2025-12-07 17:23:40.076609,0 days 00:00:00.199867,0.00048613121532923887,0.77524641308227,none,COMPLETE
110,0.0006857677928625202,2025-12-07 17:23:40.078048,2025-12-07 17:23:40.278801,0 days 00:00:00.200753,0.0005869025243848795,0.8532253908493561,none,COMPLETE
111,0.0005945332733184502,2025-12-07 17:23:40.278801,2025-12-07 17:23:40.477413,0 days 00:00:00.198612,0.0008280874521751496,0.8113116496105715,none,COMPLETE
112,-0.0016559721242364045,2025-12-07 17:23:40.477413,2025-12-07 17:23:40.676342,0 days 00:00:00.198929,0.001425899009558154,0.8404653278925495,none,COMPLETE
113,-0.0016559721242364045,2025-12-07 17:23:40.676342,2025-12-07 17:23:40.877320,0 days 00:00:00.200978,0.0011391092448303861,0.8996738671333008,none,COMPLETE
114,-2.4202402049545086,2025-12-07 17:23:40.877320,2025-12-07 17:23:41.143300,0 days 00:00:00.265980,1.3278424367701114e-05,0.8742780691381216,none,COMPLETE
115,-0.021574397386723915,2025-12-07 17:23:41.143300,2025-12-07 17:23:41.344538,0 days 00:00:00.201238,0.00026044099963801594,0.9326169517853269,none,COMPLETE
116,0.0008626977673027447,2025-12-07 17:23:41.346050,2025-12-07 17:23:41.542791,0 days 00:00:00.196741,0.0006290073761753689,0.9759496351609935,none,COMPLETE
117,-0.003285752288095504,2025-12-07 17:23:41.544708,2025-12-07 17:23:41.744013,0 days 00:00:00.199305,0.00043038862815617077,0.8290759087425009,none,COMPLETE
118,-0.007419865211002241,2025-12-07 17:23:41.744013,2025-12-07 17:23:41.943616,0 days 00:00:00.199603,0.0003520337175769483,0.9073583048524074,none,COMPLETE
119,-0.0010106521742209533,2025-12-07 17:23:41.943616,2025-12-07 17:23:42.132500,0 days 00:00:00.188884,0.0007259600533577203,0.5902806831743648,none,COMPLETE
120,-0.0017838999488078617,2025-12-07 17:23:42.135082,2025-12-07 17:23:42.326808,0 days 00:00:00.191726,0.0005161381469075258,0.791022702680354,none,COMPLETE
121,0.0010630908266073453,2025-12-07 17:23:42.326808,2025-12-07 17:23:42.528138,0 days 00:00:00.201330,0.0006458838110585392,0.8638094385973837,none,COMPLETE
122,0.00022119456592987566,2025-12-07 17:23:42.528138,2025-12-07 17:23:42.726489,0 days 00:00:00.198351,0.0008438778146419235,0.8638015852943223,none,COMPLETE
123,0.0010183412653740713,2025-12-07 17:23:42.726489,2025-12-07 17:23:42.925832,0 days 00:00:00.199343,0.0006451622987243108,0.8869934707348347,none,COMPLETE
124,0.0010186175330162046,2025-12-07 17:23:42.927654,2025-12-07 17:23:43.128262,0 days 00:00:00.200608,0.0006046331945494113,0.946339496862512,none,COMPLETE
125,0.0009706574894888057,2025-12-07 17:23:43.128262,2025-12-07 17:23:43.327420,0 days 00:00:00.199158,0.0006147696584401699,0.9525096970600687,none,COMPLETE
126,-0.001098854052719626,2025-12-07 17:23:43.327420,2025-12-07 17:23:43.527088,0 days 00:00:00.199668,0.0010014004097380971,0.8927771381992611,none,COMPLETE
127,-0.0007668493823613787,2025-12-07 17:23:43.529149,2025-12-07 17:23:43.729284,0 days 00:00:00.200135,0.00046809892024630317,0.9315186495435696,none,COMPLETE
128,0.0011143020050955466,2025-12-07 17:23:43.731827,2025-12-07 17:23:43.927606,0 days 00:00:00.195779,0.0005451861027511862,0.9678589768738607,none,COMPLETE
129,-0.006100151278484438,2025-12-07 17:23:43.927606,2025-12-07 17:23:44.127375,0 days 00:00:00.199769,0.00032955333566682,0.998224140213433,none,COMPLETE
130,-0.002267381663636381,2025-12-07 17:23:44.127375,2025-12-07 17:23:44.326495,0 days 00:00:00.199120,0.00039730748699838385,0.9742807167127887,none,COMPLETE
131,0.0009031609278817113,2025-12-07 17:23:44.326495,2025-12-07 17:23:44.529340,0 days 00:00:00.202845,0.000545996547958061,0.9399495644436011,none,COMPLETE
132,0.0009235700764632279,2025-12-07 17:23:44.529340,2025-12-07 17:23:44.728690,0 days 00:00:00.199350,0.0006545585791542781,0.9136598056124138,none,COMPLETE
133,7.99358081722638e-05,2025-12-07 17:23:44.731224,2025-12-07 17:23:44.928872,0 days 00:00:00.197648,0.0004901989791046522,0.9552546515419195,none,COMPLETE
134,-0.0016399081495562424,2025-12-07 17:23:44.928872,2025-12-07 17:23:45.127223,0 days 00:00:00.198351,0.0011247135904091485,0.8777249164578256,none,COMPLETE
135,-0.030284363847808304,2025-12-07 17:23:45.129890,2025-12-07 17:23:45.406912,0 days 00:00:00.277022,0.0008817802292536676,0.252254217350417,none,COMPLETE
136,-0.8946039307669763,2025-12-07 17:23:45.408672,2025-12-07 17:23:45.629429,0 days 00:00:00.220757,2.7236173404178103e-05,0.8530798605092514,none,COMPLETE
137,0.0010975344036500505,2025-12-07 17:23:45.629429,2025-12-07 17:23:45.830221,0 days 00:00:00.200792,0.0005800753934254596,0.9074568867240923,none,COMPLETE
