number,value,datetime_start,datetime_complete,duration,params_enet_alpha,params_enet_l1_ratio,user_attrs_feature_level,state
0,-0.041513589760170166,2025-12-07 17:51:05.828695,2025-12-07 17:51:07.662603,0 days 00:00:01.833908,0.00031489116479568613,0.9507143064099162,extensive,COMPLETE
1,-0.0016559721242364045,2025-12-07 17:51:07.664607,2025-12-07 17:51:09.315024,0 days 00:00:01.650417,0.008471801418819975,0.5986584841970366,extensive,COMPLETE
2,-126852.97251706537,2025-12-07 17:51:09.316790,2025-12-07 17:52:20.611457,0 days 00:01:11.294667,4.207988669606632e-05,0.15599452033620265,extensive,COMPLETE
3,-39864.55906977568,2025-12-07 17:52:20.613465,2025-12-07 17:53:10.918233,0 days 00:00:50.304768,1.7073967431528103e-05,0.8661761457749352,extensive,COMPLETE
4,-0.0016559721242364045,2025-12-07 17:53:10.919933,2025-12-07 17:53:12.531403,0 days 00:00:01.611470,0.002537815508265664,0.7080725777960455,extensive,COMPLETE
5,-12256.625013571758,2025-12-07 17:53:12.531403,2025-12-07 17:54:31.393117,0 days 00:01:18.861714,1.2087541473056957e-05,0.9699098521619943,extensive,COMPLETE
6,-0.0016559721242364045,2025-12-07 17:54:31.395377,2025-12-07 17:54:33.009232,0 days 00:00:01.613855,0.021368329072358756,0.21233911067827616,extensive,COMPLETE
7,-63256.92318858818,2025-12-07 17:54:33.010989,2025-12-07 17:55:51.416196,0 days 00:01:18.405207,5.3370327626039544e-05,0.18340450985343382,extensive,COMPLETE
8,-4.765035088364001,2025-12-07 17:55:51.416196,2025-12-07 17:55:54.710690,0 days 00:00:03.294494,0.00016480446427978953,0.5247564316322378,extensive,COMPLETE
9,-0.2737373052632322,2025-12-07 17:55:54.711607,2025-12-07 17:55:57.582638,0 days 00:00:02.871031,0.0005342937261279777,0.2912291401980419,extensive,COMPLETE
10,-0.0016559721242364045,2025-12-07 17:55:57.582638,2025-12-07 17:55:59.212875,0 days 00:00:01.630237,0.07606194283024033,0.47332732145466855,extensive,COMPLETE
11,-0.0016559721242364045,2025-12-07 17:55:59.214928,2025-12-07 17:56:00.843677,0 days 00:00:01.628749,0.005953887145582646,0.6990886947608699,extensive,COMPLETE
12,-0.0016559721242364045,2025-12-07 17:56:00.844302,2025-12-07 17:56:02.477597,0 days 00:00:01.633295,0.0036337413409136773,0.6902470735691452,extensive,COMPLETE
13,-0.0016559721242364045,2025-12-07 17:56:02.477597,2025-12-07 17:56:04.183254,0 days 00:00:01.705657,0.0029714502927617806,0.6472204460094831,extensive,COMPLETE
14,-0.0016559721242364045,2025-12-07 17:56:04.183254,2025-12-07 17:56:05.829108,0 days 00:00:01.645854,0.013630710204863549,0.3796042434202235,extensive,COMPLETE
15,-0.0016559721242364045,2025-12-07 17:56:05.830585,2025-12-07 17:56:07.382416,0 days 00:00:01.551831,0.001868165694521581,0.7757183712887339,extensive,COMPLETE
16,-0.0016559721242364045,2025-12-07 17:56:07.382923,2025-12-07 17:56:09.011055,0 days 00:00:01.628132,0.040000592548039206,0.5402069591555734,extensive,COMPLETE
17,-0.0001276993614325687,2025-12-07 17:56:09.013207,2025-12-07 17:56:10.690502,0 days 00:00:01.677295,0.0008464188343830302,0.8072280306853136,extensive,COMPLETE
18,-0.0005530965834957083,2025-12-07 17:56:10.690502,2025-12-07 17:56:12.338986,0 days 00:00:01.648484,0.0008943227783322239,0.8182300018921357,extensive,COMPLETE
19,-0.0035551307557426894,2025-12-07 17:56:12.340994,2025-12-07 17:56:14.049890,0 days 00:00:01.708896,0.000560497402946097,0.8407543787677791,extensive,COMPLETE
20,-3317969.5618687253,2025-12-07 17:56:14.051897,2025-12-07 17:57:09.722481,0 days 00:00:55.670584,0.0001310897045698038,0.026368084405807735,extensive,COMPLETE
21,-0.0011283583918487345,2025-12-07 17:57:09.724492,2025-12-07 17:57:11.348623,0 days 00:00:01.624131,0.0010475459782992205,0.8374293009946657,extensive,COMPLETE
22,-0.0016559721242364045,2025-12-07 17:57:11.349668,2025-12-07 17:57:12.966936,0 days 00:00:01.617268,0.0014403910932208465,0.8349218903741812,extensive,COMPLETE
23,-0.0009604414169380368,2025-12-07 17:57:12.966936,2025-12-07 17:57:14.590884,0 days 00:00:01.623948,0.0008416934971427061,0.9960165317474352,extensive,COMPLETE
24,-0.0009829708313097891,2025-12-07 17:57:14.593054,2025-12-07 17:57:16.332041,0 days 00:00:01.738987,0.0005437071770122751,0.9909252829191902,extensive,COMPLETE
25,-1.8229129542869262,2025-12-07 17:57:16.334175,2025-12-07 17:57:19.658653,0 days 00:00:03.324478,0.00010269363194469811,0.8991469162476181,extensive,COMPLETE
26,-0.10264949852411953,2025-12-07 17:57:19.658653,2025-12-07 17:57:21.465564,0 days 00:00:01.806911,0.00028662610135092234,0.7574921977047434,extensive,COMPLETE
27,-0.0009124250290652262,2025-12-07 17:57:21.466563,2025-12-07 17:57:23.090061,0 days 00:00:01.623498,0.0009158840075967216,0.9055445473281558,extensive,COMPLETE
28,-0.14359578934233683,2025-12-07 17:57:23.092068,2025-12-07 17:57:24.896361,0 days 00:00:01.804293,0.00025721929684513283,0.7713983226180783,extensive,COMPLETE
29,-0.0016559721242364045,2025-12-07 17:57:24.897084,2025-12-07 17:57:26.513136,0 days 00:00:01.616052,0.0057242999270429,0.9097155864623354,extensive,COMPLETE
30,-0.01915532366932034,2025-12-07 17:57:26.515112,2025-12-07 17:57:28.206928,0 days 00:00:01.691816,0.0009225514300552157,0.4190029424484062,extensive,COMPLETE
31,-0.0006713690248215295,2025-12-07 17:57:28.206928,2025-12-07 17:57:29.838869,0 days 00:00:01.631941,0.0007809985135420871,0.9964918574503155,extensive,COMPLETE
32,-0.021636734989124884,2025-12-07 17:57:29.838869,2025-12-07 17:57:31.542030,0 days 00:00:01.703161,0.00040850815084177616,0.9255214889243792,extensive,COMPLETE
33,-0.0012541811402405252,2025-12-07 17:57:31.544244,2025-12-07 17:57:33.082296,0 days 00:00:01.538052,0.0015216198647865118,0.5982726364827973,extensive,COMPLETE
34,-94.40971031853125,2025-12-07 17:57:33.082296,2025-12-07 17:57:36.561798,0 days 00:00:03.479502,7.328760455995637e-05,0.9224054708326115,extensive,COMPLETE
35,-0.15237736660967807,2025-12-07 17:57:36.563303,2025-12-07 17:57:38.382651,0 days 00:00:01.819348,0.0002457494543397245,0.7934329884778691,extensive,COMPLETE
36,-53081.57699790884,2025-12-07 17:57:38.384112,2025-12-07 17:58:02.772671,0 days 00:00:24.388559,2.5941899623997246e-05,0.8781325622915361,extensive,COMPLETE
37,-0.0016559721242364045,2025-12-07 17:58:02.774679,2025-12-07 17:58:04.303543,0 days 00:00:01.528864,0.0039506824996529905,0.9400656060281708,extensive,COMPLETE
38,-0.002007575469477015,2025-12-07 17:58:04.305558,2025-12-07 17:58:05.994329,0 days 00:00:01.688771,0.0008097707934026706,0.6188408158652258,extensive,COMPLETE
39,-0.0016559721242364045,2025-12-07 17:58:05.995926,2025-12-07 17:58:07.626173,0 days 00:00:01.630247,0.0021687124483620013,0.732945750016036,extensive,COMPLETE
40,-0.3378364829797646,2025-12-07 17:58:07.635221,2025-12-07 17:58:10.420002,0 days 00:00:02.784781,0.00017488706073998147,0.8159414354995232,extensive,COMPLETE
41,-0.001429598865736829,2025-12-07 17:58:10.422010,2025-12-07 17:58:12.050459,0 days 00:00:01.628449,0.0009951131621175416,0.9942408942590644,extensive,COMPLETE
42,-0.0009981226942356036,2025-12-07 17:58:12.050459,2025-12-07 17:58:13.710747,0 days 00:00:01.660288,0.000559733567204323,0.9608193027580728,extensive,COMPLETE
43,-0.0016559721242364045,2025-12-07 17:58:13.710747,2025-12-07 17:58:15.344822,0 days 00:00:01.634075,0.0013251788380646261,0.8759319499264159,extensive,COMPLETE
44,-0.0006073862613414915,2025-12-07 17:58:15.347336,2025-12-07 17:58:17.005659,0 days 00:00:01.658323,0.0007524602935211987,0.9832274786997698,extensive,COMPLETE
45,-0.018277779277454036,2025-12-07 17:58:17.007666,2025-12-07 17:58:18.729638,0 days 00:00:01.721972,0.00041509565548657364,0.939125876666849,extensive,COMPLETE
46,-0.0016559721242364045,2025-12-07 17:58:18.729638,2025-12-07 17:58:20.344957,0 days 00:00:01.615319,0.0023932528377508906,0.860043461940371,extensive,COMPLETE
47,-0.0016559721242364045,2025-12-07 17:58:20.344957,2025-12-07 17:58:21.992411,0 days 00:00:01.647454,0.006921230011628105,0.6631217756564227,extensive,COMPLETE
48,-0.031554338255872505,2025-12-07 17:58:21.992411,2025-12-07 17:58:23.734398,0 days 00:00:01.741987,0.00035340497453889254,0.9539561395282327,extensive,COMPLETE
49,-0.0016559721242364045,2025-12-07 17:58:23.734398,2025-12-07 17:58:25.395890,0 days 00:00:01.661492,0.013487626553297025,0.7981877936034134,extensive,COMPLETE
50,-0.0016559721242364045,2025-12-07 17:58:25.397898,2025-12-07 17:58:27.011653,0 days 00:00:01.613755,0.0036796104390777397,0.7138139954090842,extensive,COMPLETE
51,5.625620515433324e-05,2025-12-07 17:58:27.013677,2025-12-07 17:58:28.657578,0 days 00:00:01.643901,0.0006540794109824172,0.9801983679027995,extensive,COMPLETE
52,-0.16646237850016768,2025-12-07 17:58:28.657578,2025-12-07 17:58:31.339582,0 days 00:00:02.682004,0.00020890445794269333,0.9091952991225635,extensive,COMPLETE
53,-8.836765332032037e-06,2025-12-07 17:58:31.341590,2025-12-07 17:58:32.984017,0 days 00:00:01.642427,0.0006820887345440442,0.9669473394331043,extensive,COMPLETE
54,5.631788485408832e-05,2025-12-07 17:58:32.984017,2025-12-07 17:58:34.629770,0 days 00:00:01.645753,0.0006603734178956117,0.9702170640071739,extensive,COMPLETE
55,4.6108870864943384e-05,2025-12-07 17:58:34.629770,2025-12-07 17:58:36.306838,0 days 00:00:01.677068,0.000659427561534345,0.9668285540541484,extensive,COMPLETE
56,-0.0016559721242364045,2025-12-07 17:58:36.308773,2025-12-07 17:58:37.859425,0 days 00:00:01.550652,0.0017318715806185364,0.8628737891688237,extensive,COMPLETE
57,-0.3589321099896931,2025-12-07 17:58:37.859425,2025-12-07 17:58:40.653313,0 days 00:00:02.793888,0.0004376061070208573,0.31874259599615673,extensive,COMPLETE
58,-0.0016559721242364045,2025-12-07 17:58:40.654514,2025-12-07 17:58:42.269382,0 days 00:00:01.614868,0.0013229632878502587,0.9571037987471132,extensive,COMPLETE
59,-69091.19233136215,2025-12-07 17:58:42.271254,2025-12-07 17:59:56.697030,0 days 00:01:14.425776,0.000132871972391223,0.11315151444651206,extensive,COMPLETE
60,-0.0013352251835066682,2025-12-07 17:59:56.697030,2025-12-07 17:59:58.367294,0 days 00:00:01.670264,0.00059076879222938,0.8827202997647186,extensive,COMPLETE
61,-6.277606404484863e-05,2025-12-07 17:59:58.369535,2025-12-07 17:59:59.922053,0 days 00:00:01.552518,0.0006342773280916451,0.9725055018512141,extensive,COMPLETE
62,-0.05152326983672317,2025-12-07 17:59:59.922053,2025-12-07 18:00:01.694430,0 days 00:00:01.772377,0.00032724292066255075,0.8354937610069284,extensive,COMPLETE
63,-0.0016559721242364045,2025-12-07 18:00:01.696438,2025-12-07 18:00:03.311186,0 days 00:00:01.614748,0.001191200487329823,0.9611489046401603,extensive,COMPLETE
64,-0.0016570725487929556,2025-12-07 18:00:03.313194,2025-12-07 18:00:05.064901,0 days 00:00:01.751707,0.0005538163422868522,0.921896426206436,extensive,COMPLETE
65,-0.0018946916332915527,2025-12-07 18:00:05.064901,2025-12-07 18:00:06.759962,0 days 00:00:01.695061,0.0006693048898607458,0.7528332753672473,extensive,COMPLETE
66,-0.028372607289594825,2025-12-07 18:00:06.759962,2025-12-07 18:00:08.468250,0 days 00:00:01.708288,0.0004317227264547595,0.811126417022907,extensive,COMPLETE
67,-0.0016559721242364045,2025-12-07 18:00:08.472262,2025-12-07 18:00:10.082856,0 days 00:00:01.610594,0.0029356649532542318,0.9718094057280838,extensive,COMPLETE
68,-0.0015450292083892443,2025-12-07 18:00:10.084865,2025-12-07 18:00:11.591905,0 days 00:00:01.507040,0.0018182819825239254,0.5699054756297403,extensive,COMPLETE
69,-0.04877421160958617,2025-12-07 18:00:11.591905,2025-12-07 18:00:13.377438,0 days 00:00:01.785533,0.0003126178807951644,0.8938320231202008,extensive,COMPLETE
70,-0.19495648512649963,2025-12-07 18:00:13.379444,2025-12-07 18:00:16.831421,0 days 00:00:03.451977,0.0002122965964409561,0.8498125310664991,extensive,COMPLETE
71,-0.0004083756707573549,2025-12-07 18:00:16.833429,2025-12-07 18:00:18.496325,0 days 00:00:01.662896,0.0007282929328202557,0.9809304903487633,extensive,COMPLETE
72,-0.0012787682480384088,2025-12-07 18:00:18.497324,2025-12-07 18:00:20.151008,0 days 00:00:01.653684,0.00098014488592425,0.9408560626616324,extensive,COMPLETE
73,-0.0003260553795341921,2025-12-07 18:00:20.151665,2025-12-07 18:00:21.906503,0 days 00:00:01.754838,0.0007062706686916538,0.9999207620006089,extensive,COMPLETE
74,-0.0002694118589285181,2025-12-07 18:00:21.906503,2025-12-07 18:00:23.539425,0 days 00:00:01.632922,0.0007018888074569316,0.9977791852608977,extensive,COMPLETE
75,-0.009859076202335023,2025-12-07 18:00:23.539425,2025-12-07 18:00:25.401641,0 days 00:00:01.862216,0.00045868198523924686,0.9319923896476591,extensive,COMPLETE
76,-2.727764311753293e-05,2025-12-07 18:00:25.403853,2025-12-07 18:00:27.018472,0 days 00:00:01.614619,0.0006660705909212886,0.9972364509915994,extensive,COMPLETE
77,-0.0014668950228220456,2025-12-07 18:00:27.019523,2025-12-07 18:00:28.650980,0 days 00:00:01.631457,0.0011207661895945083,0.8966218431602081,extensive,COMPLETE
78,-0.0006627361656600014,2025-12-07 18:00:28.652771,2025-12-07 18:00:30.281275,0 days 00:00:01.628504,0.0015981705984267753,0.48567173505534666,extensive,COMPLETE
79,-0.05979341928984505,2025-12-07 18:00:30.283023,2025-12-07 18:00:32.229900,0 days 00:00:01.946877,0.0002646385504172102,0.970684881252781,extensive,COMPLETE
80,-0.0016559721242364045,2025-12-07 18:00:32.229900,2025-12-07 18:00:33.859710,0 days 00:00:01.629810,0.002196134896146488,0.9389283005244653,extensive,COMPLETE
81,3.356048100044973e-05,2025-12-07 18:00:33.860710,2025-12-07 18:00:35.487234,0 days 00:00:01.626524,0.0006361226904953434,0.9966731695173895,extensive,COMPLETE
82,-9.382596970105202e-05,2025-12-07 18:00:35.487234,2025-12-07 18:00:37.030258,0 days 00:00:01.543024,0.0006267098091780487,0.9773832999919293,extensive,COMPLETE
83,-0.003537957591126184,2025-12-07 18:00:37.030258,2025-12-07 18:00:38.782133,0 days 00:00:01.751875,0.0004885404503054456,0.9649265005805114,extensive,COMPLETE
84,-0.029764930601011708,2025-12-07 18:00:38.782133,2025-12-07 18:00:40.520369,0 days 00:00:01.738236,0.0003747224420263084,0.9189471938656275,extensive,COMPLETE
85,-0.0009529713820282115,2025-12-07 18:00:40.522373,2025-12-07 18:00:42.170418,0 days 00:00:01.648045,0.0009421954628162112,0.8883075041501882,extensive,COMPLETE
86,-0.0016559721242364045,2025-12-07 18:00:42.171882,2025-12-07 18:00:43.783758,0 days 00:00:01.611876,0.0011799662679983151,0.9439805443248045,extensive,COMPLETE
87,-0.0007184741298026746,2025-12-07 18:00:43.783758,2025-12-07 18:00:45.463557,0 days 00:00:01.679799,0.0005708082592292471,0.9739076791776328,extensive,COMPLETE
88,-0.036123821296989135,2025-12-07 18:00:45.463557,2025-12-07 18:00:47.185090,0 days 00:00:01.721533,0.0003503632715631351,0.9094706953292567,extensive,COMPLETE
89,-0.0004241368007061874,2025-12-07 18:00:47.186600,2025-12-07 18:00:48.849303,0 days 00:00:01.662703,0.0008292444709255515,0.8634149661280347,extensive,COMPLETE
90,-0.1118439734666045,2025-12-07 18:00:48.849303,2025-12-07 18:00:50.668558,0 days 00:00:01.819255,0.00022354156036737114,0.9491154696937593,extensive,COMPLETE
91,-0.00010549015600169742,2025-12-07 18:00:50.670742,2025-12-07 18:00:52.351815,0 days 00:00:01.681073,0.0006148318504957577,0.9936318707727557,extensive,COMPLETE
92,-0.0002434463227712532,2025-12-07 18:00:52.352504,2025-12-07 18:00:54.021838,0 days 00:00:01.669334,0.0006056925753830488,0.9768826822066711,extensive,COMPLETE
93,-0.24766740898112793,2025-12-07 18:00:54.021838,2025-12-07 18:00:56.908939,0 days 00:00:02.887101,0.00016307380849170519,0.9972021646044943,extensive,COMPLETE
94,-0.0016559721242364045,2025-12-07 18:00:56.908939,2025-12-07 18:00:58.524563,0 days 00:00:01.615624,0.0014669602003698318,0.9287613515065732,extensive,COMPLETE
95,-0.003481832713269591,2025-12-07 18:00:58.524563,2025-12-07 18:01:00.234455,0 days 00:00:01.709892,0.000493524922213611,0.9562038395133666,extensive,COMPLETE
96,-0.0016559721242364045,2025-12-07 18:01:00.234455,2025-12-07 18:01:02.098335,0 days 00:00:01.863880,0.0787654649641982,0.9137816235880519,extensive,COMPLETE
97,-0.045849126070697986,2025-12-07 18:01:02.098335,2025-12-07 18:01:03.966855,0 days 00:00:01.868520,0.0002962793373248201,0.9677148609128055,extensive,COMPLETE
98,-0.0013111546487151553,2025-12-07 18:01:03.968871,2025-12-07 18:01:05.598558,0 days 00:00:01.629687,0.00107253493292406,0.8738731994579827,extensive,COMPLETE
99,2.567266209611378e-05,2025-12-07 18:01:05.600418,2025-12-07 18:01:07.243329,0 days 00:00:01.642911,0.0006504407377339299,0.9994471787286126,extensive,COMPLETE
100,-0.017916268640049398,2025-12-07 18:01:07.245193,2025-12-07 18:01:08.935431,0 days 00:00:01.690238,0.00039904039478104805,0.9801028052501511,extensive,COMPLETE
101,-0.0009968359509662978,2025-12-07 18:01:08.937436,2025-12-07 18:01:10.566558,0 days 00:00:01.629122,0.00084767693453909,0.9992860061467173,extensive,COMPLETE
102,4.992936832685461e-05,2025-12-07 18:01:10.570422,2025-12-07 18:01:12.104521,0 days 00:00:01.534099,0.0006728980596520257,0.9491849333794967,extensive,COMPLETE
103,-1.4123859555533377e-05,2025-12-07 18:01:12.104521,2025-12-07 18:01:13.752117,0 days 00:00:01.647596,0.0006966208553927511,0.9488005067278708,extensive,COMPLETE
104,-0.006953235277283458,2025-12-07 18:01:13.752972,2025-12-07 18:01:15.445217,0 days 00:00:01.692245,0.0004734823354717272,0.9408655796488999,extensive,COMPLETE
105,-0.0016559721242364045,2025-12-07 18:01:15.447225,2025-12-07 18:01:17.154506,0 days 00:00:01.707281,0.0012646831382275758,0.9575921104529065,extensive,COMPLETE
106,-0.00013904846674150928,2025-12-07 18:01:17.154506,2025-12-07 18:01:19.002539,0 days 00:00:01.848033,0.0006730895809694485,0.89989689953571,extensive,COMPLETE
107,-0.0006550428418619451,2025-12-07 18:01:19.004327,2025-12-07 18:01:20.746080,0 days 00:00:01.741753,0.0008269907292140341,0.9282884195768378,extensive,COMPLETE
108,-0.0020763243765489583,2025-12-07 18:01:20.748085,2025-12-07 18:01:22.455151,0 days 00:00:01.707066,0.0005122316478644672,0.9752932740410625,extensive,COMPLETE
109,-0.03141344961092559,2025-12-07 18:01:22.457282,2025-12-07 18:01:24.103130,0 days 00:00:01.645848,0.0003545472855730329,0.9525801297187775,extensive,COMPLETE
110,-0.0012843139558649241,2025-12-07 18:01:24.104133,2025-12-07 18:01:25.752608,0 days 00:00:01.648475,0.0010093023973536531,0.9162614601775865,extensive,COMPLETE
111,-0.0583295626824066,2025-12-07 18:01:25.753752,2025-12-07 18:01:27.661495,0 days 00:00:01.907743,0.0006112064872318737,0.424461847095818,extensive,COMPLETE
112,-5.036223621542509e-06,2025-12-07 18:01:27.661495,2025-12-07 18:01:29.323498,0 days 00:00:01.662003,0.000666258640966522,0.9883409385662396,extensive,COMPLETE
113,-7.621360958546634e-05,2025-12-07 18:01:29.323498,2025-12-07 18:01:30.972900,0 days 00:00:01.649402,0.0006894593900557167,0.9782536855381775,extensive,COMPLETE
114,-8066.489822559654,2025-12-07 18:01:30.972900,2025-12-07 18:02:50.240121,0 days 00:01:19.267221,1.3278424367701114e-05,0.9439664084969416,extensive,COMPLETE
115,-0.0006052427883616781,2025-12-07 18:02:50.241704,2025-12-07 18:02:51.887230,0 days 00:00:01.645526,0.0008322364895858891,0.8886015647612793,extensive,COMPLETE
116,-0.010263754578986909,2025-12-07 18:02:51.889181,2025-12-07 18:02:53.643648,0 days 00:00:01.754467,0.0004322191394819647,0.9839436852417633,extensive,COMPLETE
117,-0.0016559721242364045,2025-12-07 18:02:53.643648,2025-12-07 18:02:55.277831,0 days 00:00:01.634183,0.04064102384321797,0.9593860746695471,extensive,COMPLETE
118,-0.0016559721242364045,2025-12-07 18:02:55.277831,2025-12-07 18:02:56.902802,0 days 00:00:01.624971,0.0018965561856076189,0.9993622856870982,extensive,COMPLETE
119,3.5874289458244966e-05,2025-12-07 18:02:56.902802,2025-12-07 18:02:58.551407,0 days 00:00:01.648605,0.0006984970706905763,0.9271822829094531,extensive,COMPLETE
120,-0.0016559721242364045,2025-12-07 18:02:58.552782,2025-12-07 18:03:00.164255,0 days 00:00:01.611473,0.0013697524951285706,0.8495742924490386,extensive,COMPLETE
121,-0.0956093378294481,2025-12-07 18:03:00.164255,2025-12-07 18:03:03.081416,0 days 00:00:02.917161,0.0009505040952841743,0.23265021630938093,extensive,COMPLETE
122,-3.8091939552324185e-05,2025-12-07 18:03:03.081416,2025-12-07 18:03:04.729246,0 days 00:00:01.647830,0.0006687271776631141,0.9280308520031506,extensive,COMPLETE
123,-0.00241347918130023,2025-12-07 18:03:04.729246,2025-12-07 18:03:06.422403,0 days 00:00:01.693157,0.0005351715257331887,0.9189756216895376,extensive,COMPLETE
124,-189982.30899098978,2025-12-07 18:03:06.423912,2025-12-07 18:04:27.483126,0 days 00:01:21.059214,0.0007444419049280506,0.01676983095338097,extensive,COMPLETE
125,-0.0015499497364445485,2025-12-07 18:04:27.487106,2025-12-07 18:04:29.113502,0 days 00:00:01.626396,0.0011105259035635398,0.9348773793718939,extensive,COMPLETE
126,-0.051831364674462144,2025-12-07 18:04:29.113502,2025-12-07 18:04:30.820132,0 days 00:00:01.706630,0.00030111821903268897,0.9058837288945837,extensive,COMPLETE
127,-0.02065723746760721,2025-12-07 18:04:30.820132,2025-12-07 18:04:32.560378,0 days 00:00:01.740246,0.0004011570158565458,0.9508380949542055,extensive,COMPLETE
128,-0.004607629972641414,2025-12-07 18:04:32.560378,2025-12-07 18:04:34.366107,0 days 00:00:01.805729,0.0005252878973663855,0.8798301981572292,extensive,COMPLETE
129,-0.0007080977024662705,2025-12-07 18:04:34.366107,2025-12-07 18:04:36.030192,0 days 00:00:01.664085,0.0008160647964857603,0.9639924337698641,extensive,COMPLETE
130,-5.406261967969931e-05,2025-12-07 18:04:36.030192,2025-12-07 18:04:37.703809,0 days 00:00:01.673617,0.0006688442239826081,0.9241600088912908,extensive,COMPLETE
131,-9.973820634031257e-05,2025-12-07 18:04:37.703809,2025-12-07 18:04:39.350876,0 days 00:00:01.647067,0.0007310525131271096,0.9283434791071625,extensive,COMPLETE
132,-0.00019505995432067547,2025-12-07 18:04:39.355395,2025-12-07 18:04:40.996853,0 days 00:00:01.641458,0.000609019155644463,0.9800054286181404,extensive,COMPLETE
133,-0.0012825261926098601,2025-12-07 18:04:40.999009,2025-12-07 18:04:42.737201,0 days 00:00:01.738192,0.0009779741679641415,0.9447574009249804,extensive,COMPLETE
