number,value,datetime_start,datetime_complete,duration,params_enet_alpha,params_enet_l1_ratio,user_attrs_feature_level,state
268,-0.001295255170414548,2025-12-07 17:50:24.743993,2025-12-07 17:50:25.980670,0 days 00:00:01.236677,0.001156342125510972,0.8041608942912859,advanced,COMPLETE
269,-0.0006777184023218178,2025-12-07 17:50:25.980670,2025-12-07 17:50:27.203696,0 days 00:00:01.223026,0.0009219342615163826,0.8457484027743286,advanced,COMPLETE
270,3.894752228528198e-05,2025-12-07 17:50:27.205138,2025-12-07 17:50:28.475597,0 days 00:00:01.270459,0.0007712163843895773,0.8239638013910631,advanced,COMPLETE
271,3.789873659099108e-05,2025-12-07 17:50:28.477605,2025-12-07 17:50:29.837357,0 days 00:00:01.359752,0.0007890145253669226,0.8201752022225512,advanced,COMPLETE
272,-0.0011155655482386988,2025-12-07 17:50:29.839570,2025-12-07 17:50:31.158571,0 days 00:00:01.319001,0.0006113346775803954,0.7942982002828615,advanced,COMPLETE
273,-0.0009550940854754497,2025-12-07 17:50:31.160579,2025-12-07 17:50:32.410113,0 days 00:00:01.249534,0.0010149545549727765,0.8250121247620914,advanced,COMPLETE
274,-0.00038867713131499987,2025-12-07 17:50:32.412118,2025-12-07 17:50:33.678931,0 days 00:00:01.266813,0.0007045396865329363,0.7827149078967744,advanced,COMPLETE
275,-0.002744018397707363,2025-12-07 17:50:33.678931,2025-12-07 17:50:35.059335,0 days 00:00:01.380404,0.0005134485354290688,0.8578610136048247,advanced,COMPLETE
276,4.0839510736523366e-06,2025-12-07 17:50:35.061279,2025-12-07 17:50:36.348163,0 days 00:00:01.286884,0.0008208734641428218,0.7640146549497672,advanced,COMPLETE
277,-0.0016559721242364045,2025-12-07 17:50:36.348163,2025-12-07 17:50:37.568983,0 days 00:00:01.220820,0.0015307121616507393,0.7462983355258199,advanced,COMPLETE
278,-0.0012510910174900285,2025-12-07 17:50:37.569993,2025-12-07 17:50:38.842454,0 days 00:00:01.272461,0.0012532132504084054,0.7252514314099474,advanced,COMPLETE
279,-0.0006564808285943006,2025-12-07 17:50:38.842454,2025-12-07 17:50:40.095274,0 days 00:00:01.252820,0.0010044931891778643,0.7662019530463856,advanced,COMPLETE
280,-7.077632385025605e-05,2025-12-07 17:50:40.095274,2025-12-07 17:50:41.346113,0 days 00:00:01.250839,0.0008775960104105548,0.7673690879351363,advanced,COMPLETE
281,-0.0004961908031987372,2025-12-07 17:50:41.349980,2025-12-07 17:50:42.665772,0 days 00:00:01.315792,0.0006573407009906032,0.7986527586011306,advanced,COMPLETE
282,-1.7587106528401304e-05,2025-12-07 17:50:42.667668,2025-12-07 17:50:43.905797,0 days 00:00:01.238129,0.0008153968364979977,0.8116891795618212,advanced,COMPLETE
283,-0.0003246253620788157,2025-12-07 17:50:43.907802,2025-12-07 17:50:45.235838,0 days 00:00:01.328036,0.0008608504500737596,0.8202000061621839,advanced,COMPLETE
284,-0.0010418641401432893,2025-12-07 17:50:45.236847,2025-12-07 17:50:46.475139,0 days 00:00:01.238292,0.0010975802759151272,0.7814172337245364,advanced,COMPLETE
285,-0.0042694930584257955,2025-12-07 17:50:46.475139,2025-12-07 17:50:47.777893,0 days 00:00:01.302754,0.0005296367468416298,0.8011045728003152,advanced,COMPLETE
286,4.617048123852404e-05,2025-12-07 17:50:47.779900,2025-12-07 17:50:49.048623,0 days 00:00:01.268723,0.0007576270526182791,0.8513059867711785,advanced,COMPLETE
287,-0.00020811575651728345,2025-12-07 17:50:49.050631,2025-12-07 17:50:50.304984,0 days 00:00:01.254353,0.000668785860608204,0.8680158785129093,advanced,COMPLETE
288,-0.0009700873735829507,2025-12-07 17:50:50.307015,2025-12-07 17:50:51.556002,0 days 00:00:01.248987,0.0009898368386363568,0.8492121898505152,advanced,COMPLETE
289,-0.0016559721242364045,2025-12-07 17:50:51.558008,2025-12-07 17:50:52.874159,0 days 00:00:01.316151,0.04355510815514607,0.7523843717912037,advanced,COMPLETE
290,-0.0010366668756217612,2025-12-07 17:50:52.874159,2025-12-07 17:50:54.173504,0 days 00:00:01.299345,0.0005755296459837215,0.8499380370308738,advanced,COMPLETE
291,5.921140072214411e-06,2025-12-07 17:50:54.173504,2025-12-07 17:50:55.464073,0 days 00:00:01.290569,0.000755521034233362,0.8306167667879306,advanced,COMPLETE
292,-0.006599699931886434,2025-12-07 17:50:55.465099,2025-12-07 17:50:56.762424,0 days 00:00:01.297325,0.0004668638565426133,0.8688304523603043,advanced,COMPLETE
293,-0.00011596557393744877,2025-12-07 17:50:56.764429,2025-12-07 17:50:58.017987,0 days 00:00:01.253558,0.0007219736854157328,0.8310145294353583,advanced,COMPLETE
294,-0.0016205741928087363,2025-12-07 17:50:58.019995,2025-12-07 17:50:59.275743,0 days 00:00:01.255748,0.001255948938375272,0.848183407932906,advanced,COMPLETE
295,-0.0004725101711718545,2025-12-07 17:50:59.276500,2025-12-07 17:51:00.572077,0 days 00:00:01.295577,0.00064169652567027,0.8249515580585854,advanced,COMPLETE
296,-0.00012981006571703238,2025-12-07 17:51:00.574253,2025-12-07 17:51:01.830973,0 days 00:00:01.256720,0.0007831620963954328,0.872852235062882,advanced,COMPLETE
297,-0.0008281617913792338,2025-12-07 17:51:01.832980,2025-12-07 17:51:03.080567,0 days 00:00:01.247587,0.000972050159663527,0.8359597935032544,advanced,COMPLETE
298,-0.02163818226878315,2025-12-07 17:51:03.082574,2025-12-07 17:51:04.510928,0 days 00:00:01.428354,0.00040882792209240797,0.8134232632641851,advanced,COMPLETE
299,-0.00310685956522642,2025-12-07 17:51:04.510928,2025-12-07 17:51:05.826685,0 days 00:00:01.315757,0.0005630162348223959,0.7748907740589224,advanced,COMPLETE
