number,value,datetime_start,datetime_complete,duration,params_enet_alpha,params_enet_l1_ratio,user_attrs_feature_level,state
272,0.0008976168031969989,2025-12-07 17:37:37.911380,2025-12-07 17:37:38.960993,0 days 00:00:01.049613,0.0007997137747387765,0.7573445148188599,medium,COMPLETE
273,-0.006645436037774122,2025-12-07 17:37:38.960993,2025-12-07 17:37:40.028532,0 days 00:00:01.067539,0.00053669023787809,0.7308172742720873,medium,COMPLETE
274,0.0008915450693919672,2025-12-07 17:37:40.028532,2025-12-07 17:37:41.078562,0 days 00:00:01.050030,0.0007948656911780495,0.8038527472601866,medium,COMPLETE
275,0.0006922542644326827,2025-12-07 17:37:41.078562,2025-12-07 17:37:42.144180,0 days 00:00:01.065618,0.0006722690577351508,0.8350091950622534,medium,COMPLETE
276,0.0008366840077839166,2025-12-07 17:37:42.144180,2025-12-07 17:37:43.179216,0 days 00:00:01.035036,0.00075268251983038,0.7826880855423931,medium,COMPLETE
277,0.0008062736187779788,2025-12-07 17:37:43.181224,2025-12-07 17:37:44.213000,0 days 00:00:01.031776,0.0008195311807593467,0.8161716504535342,medium,COMPLETE
278,0.0005936839071594887,2025-12-07 17:37:44.215008,2025-12-07 17:37:45.263311,0 days 00:00:01.048303,0.000651088672302552,0.7591600513083318,medium,COMPLETE
279,-0.010497624494478996,2025-12-07 17:37:45.265319,2025-12-07 17:37:46.392215,0 days 00:00:01.126896,0.0004580763213334778,0.8021424726784869,medium,COMPLETE
280,0.0006685270285214188,2025-12-07 17:37:46.394260,2025-12-07 17:37:47.432493,0 days 00:00:01.038233,0.0010231763605852997,0.6744064245028888,medium,COMPLETE
281,0.0006872131379429177,2025-12-07 17:37:47.433999,2025-12-07 17:37:48.570444,0 days 00:00:01.136445,0.0008000224756840725,0.6939630042041866,medium,COMPLETE
282,-0.0042717382561872075,2025-12-07 17:37:48.572452,2025-12-07 17:37:49.669267,0 days 00:00:01.096815,0.0005818063663644632,0.7071850885401535,medium,COMPLETE
283,-0.0006401681241015034,2025-12-07 17:37:49.671159,2025-12-07 17:37:50.689575,0 days 00:00:01.018416,0.0010003728270022807,0.8499844703764389,medium,COMPLETE
284,0.0006115863290321322,2025-12-07 17:37:50.690352,2025-12-07 17:37:51.738370,0 days 00:00:01.048018,0.0008905906089590909,0.7819520054648293,medium,COMPLETE
285,0.0006879715405980017,2025-12-07 17:37:51.740617,2025-12-07 17:37:52.788453,0 days 00:00:01.047836,0.0007218924696796684,0.761239066380563,medium,COMPLETE
286,0.00011894554684347784,2025-12-07 17:37:52.788453,2025-12-07 17:37:53.856260,0 days 00:00:01.067807,0.0010866386112118192,0.6868821162231715,medium,COMPLETE
287,0.0006865085646562038,2025-12-07 17:37:53.857272,2025-12-07 17:37:54.905296,0 days 00:00:01.048024,0.0008370461166170096,0.651688551513583,medium,COMPLETE
288,0.0006652918698930218,2025-12-07 17:37:54.907432,2025-12-07 17:37:55.959219,0 days 00:00:01.051787,0.0006797424283202255,0.7499120359090002,medium,COMPLETE
289,9.04925187002285e-05,2025-12-07 17:37:55.960222,2025-12-07 17:37:56.994216,0 days 00:00:01.033994,0.0010492292760256967,0.7145524138589404,medium,COMPLETE
290,-0.00714555972072084,2025-12-07 17:37:56.995564,2025-12-07 17:37:58.075852,0 days 00:00:01.080288,0.0005767968118212234,0.6736996075247048,medium,COMPLETE
291,-4.483618946671264e-06,2025-12-07 17:37:58.076357,2025-12-07 17:37:59.096003,0 days 00:00:01.019646,0.0012106324040104996,0.6308629622086216,medium,COMPLETE
292,0.000891208968696211,2025-12-07 17:37:59.098170,2025-12-07 17:38:00.145802,0 days 00:00:01.047632,0.0009230326840997731,0.6925192574923555,medium,COMPLETE
293,-559229.0871132476,2025-12-07 17:38:00.149816,2025-12-07 17:38:48.539159,0 days 00:00:48.389343,1.1195674574992759e-05,0.6958177446123917,medium,COMPLETE
294,0.0007929692864101501,2025-12-07 17:38:48.540970,2025-12-07 17:38:49.603595,0 days 00:00:01.062625,0.0008878574107152628,0.6537844108032875,medium,COMPLETE
295,0.00027941034705081247,2025-12-07 17:38:49.605506,2025-12-07 17:38:50.655461,0 days 00:00:01.049955,0.0006926209594511666,0.6743337820051741,medium,COMPLETE
296,-0.010523611045162529,2025-12-07 17:38:50.657293,2025-12-07 17:38:51.724170,0 days 00:00:01.066877,0.0005151225640356423,0.713004146915254,medium,COMPLETE
297,0.00092038235614611,2025-12-07 17:38:51.726187,2025-12-07 17:38:52.755877,0 days 00:00:01.029690,0.0009087083406876772,0.6860834614814056,medium,COMPLETE
298,0.0009175118907048067,2025-12-07 17:38:52.757316,2025-12-07 17:38:53.841193,0 days 00:00:01.083877,0.0007758976693191509,0.8063674691883095,medium,COMPLETE
299,-0.03170438471921925,2025-12-07 17:38:53.841193,2025-12-07 17:38:55.064751,0 days 00:00:01.223558,0.0004183846627965207,0.665141887407532,medium,COMPLETE
