number,value,datetime_start,datetime_complete,duration,params_enet_alpha,params_enet_l1_ratio,user_attrs_feature_level,state
138,-0.002450288116591426,2025-12-07 17:23:45.830221,2025-12-07 17:23:46.028940,0 days 00:00:00.198719,0.00038405225899374693,0.9813818219671955,none,COMPLETE
139,0.00047629895909488223,2025-12-07 17:23:46.028940,2025-12-07 17:23:46.228613,0 days 00:00:00.199673,0.0007606006985534992,0.9101352526438273,none,COMPLETE
140,0.001160038902818868,2025-12-07 17:23:46.228613,2025-12-07 17:23:46.427823,0 days 00:00:00.199210,0.0005638426406674582,0.9496500349069318,none,COMPLETE
141,0.0010720887944395037,2025-12-07 17:23:46.429753,2025-12-07 17:23:46.628174,0 days 00:00:00.198421,0.0005807146709044866,0.9570181284412976,none,COMPLETE
142,0.001067282636215509,2025-12-07 17:23:46.630699,2025-12-07 17:23:46.828061,0 days 00:00:00.197362,0.0005810898929956784,0.9580767839765923,none,COMPLETE
143,0.0005600661262028517,2025-12-07 17:23:46.828572,2025-12-07 17:23:47.028049,0 days 00:00:00.199477,0.0005154044532122835,0.9584635931239518,none,COMPLETE
144,-0.011038250533686936,2025-12-07 17:23:47.031070,2025-12-07 17:23:47.227387,0 days 00:00:00.196317,0.00029632078501568726,0.999146788559075,none,COMPLETE
145,-0.001355932103017506,2025-12-07 17:23:47.229192,2025-12-07 17:23:47.413837,0 days 00:00:00.184645,0.00045026578698651663,0.9308581640640965,none,COMPLETE
146,0.001117716060797025,2025-12-07 17:23:47.416129,2025-12-07 17:23:47.611865,0 days 00:00:00.195736,0.0005682220579918429,0.9608834367071236,none,COMPLETE
147,-0.028171769224123528,2025-12-07 17:23:47.613722,2025-12-07 17:23:47.812018,0 days 00:00:00.198296,0.0002351090277869478,0.9648225172725127,none,COMPLETE
148,-0.0021977128838471804,2025-12-07 17:23:47.812018,2025-12-07 17:23:48.012642,0 days 00:00:00.200624,0.00039762988292767426,0.9846700856385563,none,COMPLETE
149,0.00031168916223382287,2025-12-07 17:23:48.015496,2025-12-07 17:23:48.211252,0 days 00:00:00.195756,0.000761277354348789,0.9426718190479305,none,COMPLETE
150,0.0005575962949853815,2025-12-07 17:23:48.211252,2025-12-07 17:23:48.409692,0 days 00:00:00.198440,0.0005360542898538861,0.9212809203797918,none,COMPLETE
151,0.0009945112020901166,2025-12-07 17:23:48.411641,2025-12-07 17:23:48.612411,0 days 00:00:00.200770,0.0006064685147331687,0.9549151551535757,none,COMPLETE
152,-0.0011295118943663123,2025-12-07 17:23:48.612916,2025-12-07 17:23:48.810807,0 days 00:00:00.197891,0.0009510065464413185,0.9433795149855579,none,COMPLETE
153,0.001090686459671512,2025-12-07 17:23:48.810807,2025-12-07 17:23:48.997399,0 days 00:00:00.186592,0.0005675919996151788,0.9723830736666071,none,COMPLETE
154,-0.00535054738689696,2025-12-07 17:23:48.999270,2025-12-07 17:23:49.194723,0 days 00:00:00.195453,0.00034465039342364035,0.9735677980344951,none,COMPLETE
155,-0.0020754044417027697,2025-12-07 17:23:49.196234,2025-12-07 17:23:49.395359,0 days 00:00:00.199125,0.00044234111809521466,0.9037192951737013,none,COMPLETE
156,0.0005423062433034254,2025-12-07 17:23:49.396369,2025-12-07 17:23:49.595896,0 days 00:00:00.199527,0.0007366872315789516,0.924595280115116,none,COMPLETE
157,0.0008645698118350253,2025-12-07 17:23:49.596402,2025-12-07 17:23:49.796269,0 days 00:00:00.199867,0.0005288740960818636,0.9659261806532669,none,COMPLETE
158,-0.0016559721242364045,2025-12-07 17:23:49.797164,2025-12-07 17:23:49.995012,0 days 00:00:00.197848,0.0013031105331170404,0.9827253674816882,none,COMPLETE
159,-15.305853241515473,2025-12-07 17:23:49.995012,2025-12-07 17:23:50.692576,0 days 00:00:00.697564,0.000411708027378551,0.009283177793250053,none,COMPLETE
160,-0.32451695190433316,2025-12-07 17:23:50.692576,2025-12-07 17:23:51.022166,0 days 00:00:00.329590,0.0008792085603881069,0.07834412377104727,none,COMPLETE
161,0.0010789307835978867,2025-12-07 17:23:51.022166,2025-12-07 17:23:51.212800,0 days 00:00:00.190634,0.0005848294228228517,0.947890008765627,none,COMPLETE
162,0.0008024065764969576,2025-12-07 17:23:51.212800,2025-12-07 17:23:51.410165,0 days 00:00:00.197365,0.0005626127445426313,0.9015154135736723,none,COMPLETE
163,0.0005726287856309872,2025-12-07 17:23:51.410165,2025-12-07 17:23:51.610522,0 days 00:00:00.200357,0.0007317225039052074,0.9235878649898461,none,COMPLETE
164,-0.0003072941596838537,2025-12-07 17:23:51.610522,2025-12-07 17:23:51.811125,0 days 00:00:00.200603,0.0004728673614143631,0.9554629102155429,none,COMPLETE
165,-0.0016559721242364045,2025-12-07 17:23:51.812927,2025-12-07 17:23:51.996375,0 days 00:00:00.183448,0.0010332770283531139,0.9999549344922999,none,COMPLETE
166,0.0009680942770384782,2025-12-07 17:23:51.998339,2025-12-07 17:23:52.181662,0 days 00:00:00.183323,0.0006268591184607954,0.9352044114812152,none,COMPLETE
167,-0.015754181904352738,2025-12-07 17:23:52.182853,2025-12-07 17:23:52.379516,0 days 00:00:00.196663,0.0003024954165801115,0.8915657362691662,none,COMPLETE
168,5.637365694688423e-05,2025-12-07 17:23:52.379516,2025-12-07 17:23:52.577615,0 days 00:00:00.198099,0.0007721311342268685,0.9691506779603652,none,COMPLETE
169,0.0006968695471743688,2025-12-07 17:23:52.579347,2025-12-07 17:23:52.778372,0 days 00:00:00.199025,0.0005495187426816768,0.9123478268645191,none,COMPLETE
170,-0.009445011234317846,2025-12-07 17:23:52.778372,2025-12-07 17:23:52.978491,0 days 00:00:00.200119,0.00035347457653833237,0.8653646320876923,none,COMPLETE
171,-0.032610726706920445,2025-12-07 17:23:52.986318,2025-12-07 17:23:53.247725,0 days 00:00:00.261407,0.0006176541097249699,0.35316872872084304,none,COMPLETE
172,-0.0008690938932351585,2025-12-07 17:23:53.249868,2025-12-07 17:23:53.445286,0 days 00:00:00.195418,0.0004569101626473261,0.9473310795595504,none,COMPLETE
173,0.0008624527860599714,2025-12-07 17:23:53.446296,2025-12-07 17:23:53.646902,0 days 00:00:00.200606,0.0006530752645754334,0.940068419952838,none,COMPLETE
174,-0.00042924939492761105,2025-12-07 17:23:53.646902,2025-12-07 17:23:53.844530,0 days 00:00:00.197628,0.0008288832839457674,0.9836699470122148,none,COMPLETE
175,0.001144290724847415,2025-12-07 17:23:53.846536,2025-12-07 17:23:54.045804,0 days 00:00:00.199268,0.0005869824535333785,0.9191502394747221,none,COMPLETE
176,-0.00017645269792176954,2025-12-07 17:23:54.046838,2025-12-07 17:23:54.243667,0 days 00:00:00.196829,0.0005132478243997518,0.8900627436485585,none,COMPLETE
177,-0.0010265837150610357,2025-12-07 17:23:54.264371,2025-12-07 17:23:54.449021,0 days 00:00:00.184650,0.0009663392818495508,0.9174767612711038,none,COMPLETE
178,-0.0016559721242364045,2025-12-07 17:23:54.449021,2025-12-07 17:23:54.645313,0 days 00:00:00.196292,0.09735348182003772,0.8459490980231185,none,COMPLETE
179,-0.00309963892810076,2025-12-07 17:23:54.648002,2025-12-07 17:23:54.846753,0 days 00:00:00.198751,0.0004074986216880643,0.8808965081090362,none,COMPLETE
180,0.0006399973476628832,2025-12-07 17:23:54.848532,2025-12-07 17:23:55.046410,0 days 00:00:00.197878,0.0006884573375287663,0.9636069407669102,none,COMPLETE
181,0.0005073974159491105,2025-12-07 17:23:55.047920,2025-12-07 17:23:55.230666,0 days 00:00:00.182746,0.0005247314416639004,0.9358477460728403,none,COMPLETE
182,0.001060766230650138,2025-12-07 17:23:55.232677,2025-12-07 17:23:55.428205,0 days 00:00:00.195528,0.0005787388043468712,0.9049029877096691,none,COMPLETE
183,0.00031516622115127885,2025-12-07 17:23:55.428205,2025-12-07 17:23:55.626798,0 days 00:00:00.198593,0.0007994877465012546,0.8969735300324173,none,COMPLETE
184,0.0010936750938316993,2025-12-07 17:23:55.628922,2025-12-07 17:23:55.829304,0 days 00:00:00.200382,0.0006032166144636137,0.9139040392701206,none,COMPLETE
185,0.0007863667390004917,2025-12-07 17:23:55.829304,2025-12-07 17:23:56.028574,0 days 00:00:00.199270,0.0006910552177051156,0.9156596325912223,none,COMPLETE
186,-0.0010280740857616655,2025-12-07 17:23:56.028574,2025-12-07 17:23:56.227370,0 days 00:00:00.198796,0.0004469941212041484,0.9576197009748111,none,COMPLETE
187,0.0009372424744912289,2025-12-07 17:23:56.227370,2025-12-07 17:23:56.415507,0 days 00:00:00.188137,0.0005550566898340971,0.9284670879974352,none,COMPLETE
188,-0.005003462478501031,2025-12-07 17:23:56.416739,2025-12-07 17:23:56.610951,0 days 00:00:00.194212,0.00036700937225463544,0.923322949680154,none,COMPLETE
189,0.00024944363308787576,2025-12-07 17:23:56.612766,2025-12-07 17:23:56.812061,0 days 00:00:00.199295,0.0009011964832927477,0.529090917791953,none,COMPLETE
190,-0.0006703564360183897,2025-12-07 17:23:56.814519,2025-12-07 17:23:57.012503,0 days 00:00:00.197984,0.00044767284604126567,0.980974883740434,none,COMPLETE
191,0.0009442567905168694,2025-12-07 17:23:57.017299,2025-12-07 17:23:57.212781,0 days 00:00:00.195482,0.0005975245338815632,0.8632339810493177,none,COMPLETE
192,0.0007752943840708681,2025-12-07 17:23:57.212781,2025-12-07 17:23:57.411272,0 days 00:00:00.198491,0.0007053462399332321,0.9007032567429076,none,COMPLETE
193,0.0011458725146081077,2025-12-07 17:23:57.411272,2025-12-07 17:23:57.609718,0 days 00:00:00.198446,0.0005696045012617014,0.946495908051127,none,COMPLETE
194,0.00025452238361471186,2025-12-07 17:23:57.609718,2025-12-07 17:23:57.699185,0 days 00:00:00.089467,0.0005005957720740946,0.953071152941331,none,COMPLETE
195,-1.5517739846241756e-05,2025-12-07 17:23:57.701195,2025-12-07 17:23:57.895389,0 days 00:00:00.194194,0.0007994861668257982,0.9461649844211983,none,COMPLETE
196,0.001153461225597267,2025-12-07 17:23:57.897602,2025-12-07 17:23:57.985187,0 days 00:00:00.087585,0.0005951472801769076,0.9025896366124725,none,COMPLETE
197,5.0695179824589154e-05,2025-12-07 17:23:57.985874,2025-12-07 17:23:58.178490,0 days 00:00:00.192616,0.0004820824867804993,0.9684600146636638,none,COMPLETE
198,0.0008084572168921186,2025-12-07 17:23:58.195101,2025-12-07 17:23:58.395311,0 days 00:00:00.200210,0.0006761837364586726,0.9281024394338753,none,COMPLETE
199,-0.0016520288981790217,2025-12-07 17:23:58.397380,2025-12-07 17:23:58.597879,0 days 00:00:00.200499,0.0011295316108926258,0.8782654080238697,none,COMPLETE
200,-0.002642294063453473,2025-12-07 17:23:58.597879,2025-12-07 17:23:58.796267,0 days 00:00:00.198388,0.0003671515322345077,0.9990821724964565,none,COMPLETE
201,0.0009589420741429322,2025-12-07 17:23:58.796777,2025-12-07 17:23:58.995715,0 days 00:00:00.198938,0.0006512353985301947,0.903820150365042,none,COMPLETE
202,0.0008880135609489933,2025-12-07 17:23:58.996726,2025-12-07 17:23:59.193144,0 days 00:00:00.196418,0.0005593940884384386,0.9157713961402144,none,COMPLETE
203,0.0011497852286604198,2025-12-07 17:23:59.193144,2025-12-07 17:23:59.397056,0 days 00:00:00.203912,0.000571619389291292,0.9414109919269138,none,COMPLETE
204,4.3362327224386967e-05,2025-12-07 17:23:59.397581,2025-12-07 17:23:59.599220,0 days 00:00:00.201639,0.0007934125941442656,0.9450245951434452,none,COMPLETE
205,-0.000827319845025265,2025-12-07 17:23:59.599724,2025-12-07 17:23:59.797135,0 days 00:00:00.197411,0.0004499753124840727,0.9648126110299378,none,COMPLETE
206,0.0007633847327322233,2025-12-07 17:23:59.797666,2025-12-07 17:23:59.994262,0 days 00:00:00.196596,0.0005405339478187899,0.9342472961536595,none,COMPLETE
207,-0.00125171573900625,2025-12-07 17:23:59.994262,2025-12-07 17:24:00.196555,0 days 00:00:00.202293,0.0009267262604957294,0.981411269329247,none,COMPLETE
208,0.0007283319338979114,2025-12-07 17:24:00.197772,2025-12-07 17:24:00.396922,0 days 00:00:00.199150,0.0006772991359164933,0.9532529300117862,none,COMPLETE
209,-0.0040259336808693424,2025-12-07 17:24:00.398386,2025-12-07 17:24:00.594603,0 days 00:00:00.196217,0.00039338070354496597,0.8865860938339001,none,COMPLETE
210,-8.868211739321286e-05,2025-12-07 17:24:00.594603,2025-12-07 17:24:00.797791,0 days 00:00:00.203188,0.0004961259004438535,0.9283119819029629,none,COMPLETE
211,0.0011601686475414263,2025-12-07 17:24:00.797791,2025-12-07 17:24:00.996591,0 days 00:00:00.198800,0.0005869773523789617,0.912153636045526,none,COMPLETE
212,0.0010583809575032133,2025-12-07 17:24:00.997844,2025-12-07 17:24:01.182290,0 days 00:00:00.184446,0.0006119404367286705,0.9143922383912906,none,COMPLETE
213,0.00020987649450543433,2025-12-07 17:24:01.182290,2025-12-07 17:24:01.380445,0 days 00:00:00.198155,0.0007767153349042264,0.9402620157464916,none,COMPLETE
214,0.0010052765917456148,2025-12-07 17:24:01.380445,2025-12-07 17:24:01.579031,0 days 00:00:00.198586,0.0005941086611966878,0.9696694184735133,none,COMPLETE
215,-0.0016123607401008118,2025-12-07 17:24:01.580793,2025-12-07 17:24:01.780008,0 days 00:00:00.199215,0.00046175856967951726,0.8935116933358196,none,COMPLETE
216,0.0008668479015061514,2025-12-07 17:24:01.781918,2025-12-07 17:24:01.976151,0 days 00:00:00.194233,0.0007005512218650284,0.8746547323830884,none,COMPLETE
217,0.0002179448125509964,2025-12-07 17:24:01.977959,2025-12-07 17:24:02.179416,0 days 00:00:00.201457,0.0005201634160633107,0.9134902269537156,none,COMPLETE
218,-0.0022401702032993263,2025-12-07 17:24:02.181280,2025-12-07 17:24:02.377197,0 days 00:00:00.195917,0.0004087110319234786,0.9512526412933018,none,COMPLETE
219,0.0003753133355879716,2025-12-07 17:24:02.393101,2025-12-07 17:24:02.580583,0 days 00:00:00.187482,0.0008460901455642556,0.8369698665746552,none,COMPLETE
220,-0.01092918325849986,2025-12-07 17:24:02.581520,2025-12-07 17:24:02.782015,0 days 00:00:00.200495,0.0003166479259725319,0.9371000747143168,none,COMPLETE
221,0.001166782933244126,2025-12-07 17:24:02.782015,2025-12-07 17:24:02.977275,0 days 00:00:00.195260,0.0005906690341210428,0.9034438175063996,none,COMPLETE
222,0.0010617126748757588,2025-12-07 17:24:02.977275,2025-12-07 17:24:03.178827,0 days 00:00:00.201552,0.0006173447632207447,0.9045343504338647,none,COMPLETE
223,0.000679549615042648,2025-12-07 17:24:03.189625,2025-12-07 17:24:03.394513,0 days 00:00:00.204888,0.0005397996532931774,0.9270633779710087,none,COMPLETE
224,0.0008113672097197119,2025-12-07 17:24:03.394513,2025-12-07 17:24:03.598059,0 days 00:00:00.203546,0.0007047985581761067,0.8894125173366678,none,COMPLETE
225,-0.00021025189607563424,2025-12-07 17:24:03.598059,2025-12-07 17:24:03.798468,0 days 00:00:00.200409,0.0004772496634528009,0.9544300677624096,none,COMPLETE
226,0.0009435747849041443,2025-12-07 17:24:03.798468,2025-12-07 17:24:03.994836,0 days 00:00:00.196368,0.000601610044015477,0.9852611946971706,none,COMPLETE
227,-0.00036599406737528967,2025-12-07 17:24:03.994836,2025-12-07 17:24:04.196171,0 days 00:00:00.201335,0.0009353897242476599,0.8624883539836078,none,COMPLETE
228,0.0005933645521546035,2025-12-07 17:24:04.197952,2025-12-07 17:24:04.397868,0 days 00:00:00.199916,0.0007344546238969328,0.9150680871597558,none,COMPLETE
229,-0.0017191180519756284,2025-12-07 17:24:04.401752,2025-12-07 17:24:04.597369,0 days 00:00:00.195617,0.00042599142193888137,0.9622302630503137,none,COMPLETE
230,0.0011391864173359394,2025-12-07 17:24:04.599296,2025-12-07 17:24:04.795289,0 days 00:00:00.195993,0.0005782144585226554,0.9353047453699879,none,COMPLETE
231,0.0011451778251884888,2025-12-07 17:24:04.795289,2025-12-07 17:24:04.996141,0 days 00:00:00.200852,0.000575249402547104,0.9375120313640273,none,COMPLETE
232,0.0009796841481373535,2025-12-07 17:24:04.997150,2025-12-07 17:24:05.194344,0 days 00:00:00.197194,0.0005525798832773606,0.9376185764265264,none,COMPLETE
233,0.00043490072906219684,2025-12-07 17:24:05.194344,2025-12-07 17:24:05.395180,0 days 00:00:00.200836,0.0005020462660745263,0.970389094445626,none,COMPLETE
234,0.0010257469783229907,2025-12-07 17:24:05.395180,2025-12-07 17:24:05.597348,0 days 00:00:00.202168,0.000614153677068787,0.9281698467274666,none,COMPLETE
235,0.0002785687491378974,2025-12-07 17:24:05.598112,2025-12-07 17:24:05.794283,0 days 00:00:00.196171,0.0007303266560975065,0.6549923161398155,none,COMPLETE
236,-0.002156380849725877,2025-12-07 17:24:05.794283,2025-12-07 17:24:05.982110,0 days 00:00:00.187827,0.00041671314895752023,0.9459869202839325,none,COMPLETE
237,0.00036482232734510084,2025-12-07 17:24:05.984064,2025-12-07 17:24:06.179645,0 days 00:00:00.195581,0.000531557651932498,0.9088182665977272,none,COMPLETE
238,-0.00024077301023968842,2025-12-07 17:24:06.179645,2025-12-07 17:24:06.376762,0 days 00:00:00.197117,0.0008145385966242461,0.9689248569568027,none,COMPLETE
239,0.0010075248102110468,2025-12-07 17:24:06.379595,2025-12-07 17:24:06.579426,0 days 00:00:00.199831,0.0006200131630823232,0.9280975945120403,none,COMPLETE
240,-0.0048168941760691935,2025-12-07 17:24:06.579426,2025-12-07 17:24:06.778743,0 days 00:00:00.199317,0.0003581154948348565,0.9513755288995303,none,COMPLETE
241,0.0009316362735819853,2025-12-07 17:24:06.778743,2025-12-07 17:24:07.017630,0 days 00:00:00.238887,0.0006608441097078073,0.9017612506688253,none,COMPLETE
242,-0.0016559721242364045,2025-12-07 17:24:07.021071,2025-12-07 17:24:07.214085,0 days 00:00:00.193014,0.01380834152315909,0.9199606680422093,none,COMPLETE
243,-0.0009668939587706241,2025-12-07 17:24:07.214085,2025-12-07 17:24:07.413623,0 days 00:00:00.199538,0.00048614969885980706,0.8842247796599578,none,COMPLETE
244,0.0011471437828669921,2025-12-07 17:24:07.413623,2025-12-07 17:24:07.598315,0 days 00:00:00.184692,0.0005648787403650664,0.9386762207877517,none,COMPLETE
245,0.0010056231211755435,2025-12-07 17:24:07.600131,2025-12-07 17:24:07.798078,0 days 00:00:00.197947,0.0005504024684353973,0.9444871851424583,none,COMPLETE
246,-0.00021434764653360805,2025-12-07 17:24:07.799352,2025-12-07 17:24:07.997355,0 days 00:00:00.198003,0.0004640297517113198,0.9812810504475681,none,COMPLETE
247,0.0005590968490381357,2025-12-07 17:24:07.998731,2025-12-07 17:24:08.193255,0 days 00:00:00.194524,0.000731912527310577,0.9266224568067435,none,COMPLETE
248,0.0010970829219519491,2025-12-07 17:24:08.214980,2025-12-07 17:24:08.413402,0 days 00:00:00.198422,0.0005484077559646172,0.9597895048022659,none,COMPLETE
249,0.0009794360935718727,2025-12-07 17:24:08.413402,2025-12-07 17:24:08.615905,0 days 00:00:00.202503,0.0005380652633078212,0.962878726719788,none,COMPLETE
250,-0.0015883752735707708,2025-12-07 17:24:08.615905,2025-12-07 17:24:08.814148,0 days 00:00:00.198243,0.0004212653618294618,0.9808726161293275,none,COMPLETE
251,0.0009042241690058924,2025-12-07 17:24:08.814148,2025-12-07 17:24:09.015351,0 days 00:00:00.201203,0.0006362403774086892,0.9477412614938533,none,COMPLETE
252,-0.0005240129280067821,2025-12-07 17:24:09.016505,2025-12-07 17:24:09.211621,0 days 00:00:00.195116,0.0008338291277189188,0.992822187942933,none,COMPLETE
253,-4.3754357012537604e-05,2025-12-07 17:24:09.213415,2025-12-07 17:24:09.411279,0 days 00:00:00.197864,0.00047950327575042124,0.9646376795734852,none,COMPLETE
254,0.0010769031424585258,2025-12-07 17:24:09.411279,2025-12-07 17:24:09.611156,0 days 00:00:00.199877,0.000561851956322963,0.9341819577921161,none,COMPLETE
255,-0.0021069999796515804,2025-12-07 17:24:09.612875,2025-12-07 17:24:09.813665,0 days 00:00:00.200790,0.0004247094293590582,0.9360307778492383,none,COMPLETE
256,0.0008083651621553963,2025-12-07 17:24:09.815514,2025-12-07 17:24:10.014719,0 days 00:00:00.199205,0.0006887366669018865,0.9112123864527417,none,COMPLETE
257,0.0007967703973038957,2025-12-07 17:24:10.014719,2025-12-07 17:24:10.200008,0 days 00:00:00.185289,0.0005419994428474029,0.9352042504856546,none,COMPLETE
258,-0.005971255603847962,2025-12-07 17:24:10.201218,2025-12-07 17:24:10.397443,0 days 00:00:00.196225,0.0003590583773534334,0.9189775627757901,none,COMPLETE
259,-0.0802826740814045,2025-12-07 17:24:10.399890,2025-12-07 17:24:10.579606,0 days 00:00:00.179716,0.000963485950345432,0.16204920183273908,none,COMPLETE
260,0.001171516539680099,2025-12-07 17:24:10.579606,2025-12-07 17:24:10.781445,0 days 00:00:00.201839,0.0005944624738698868,0.8954988365644463,none,COMPLETE
261,0.0006130927220437954,2025-12-07 17:24:10.781445,2025-12-07 17:24:10.982275,0 days 00:00:00.200830,0.0007507618449976967,0.8903588185809581,none,COMPLETE
262,-0.000813197055747783,2025-12-07 17:24:10.984286,2025-12-07 17:24:11.181973,0 days 00:00:00.197687,0.00048451563803859215,0.8969332666428653,none,COMPLETE
263,0.0009596605130873792,2025-12-07 17:24:11.181973,2025-12-07 17:24:11.381433,0 days 00:00:00.199460,0.0006464903935913733,0.9101717089519206,none,COMPLETE
264,0.0002967318366815889,2025-12-07 17:24:11.382985,2025-12-07 17:24:11.581564,0 days 00:00:00.198579,0.0008246892937347306,0.8727092965704927,none,COMPLETE
265,0.000911645934316474,2025-12-07 17:24:11.583074,2025-12-07 17:24:11.766926,0 days 00:00:00.183852,0.000551985875823833,0.9307071704183802,none,COMPLETE
266,-0.002275678772531764,2025-12-07 17:24:11.768015,2025-12-07 17:24:11.963655,0 days 00:00:00.195640,0.00040994823689989297,0.9429526167365888,none,COMPLETE
267,-0.012492778941708749,2025-12-07 17:24:11.963655,2025-12-07 17:24:12.227210,0 days 00:00:00.263555,0.0006503395136390804,0.4417572625567946,none,COMPLETE
268,-0.0007284163407900909,2025-12-07 17:24:12.227210,2025-12-07 17:24:12.429607,0 days 00:00:00.202397,0.0004847424795512782,0.902062879165097,none,COMPLETE
269,-0.0014595844341724895,2025-12-07 17:24:12.431400,2025-12-07 17:24:12.629977,0 days 00:00:00.198577,0.0010275494266278333,0.9219246876486756,none,COMPLETE
270,-0.015093735986216661,2025-12-07 17:24:12.629977,2025-12-07 17:24:12.828977,0 days 00:00:00.199000,0.00030943451931857315,0.8826424279604046,none,COMPLETE
271,0.00039871922068894045,2025-12-07 17:24:12.829984,2025-12-07 17:24:13.031476,0 days 00:00:00.201492,0.0007407353593005886,0.9512042005657233,none,COMPLETE
272,0.0010558304902236193,2025-12-07 17:24:13.031476,2025-12-07 17:24:13.230490,0 days 00:00:00.199014,0.0005783320337203392,0.9690487203900692,none,COMPLETE
273,-0.002207203280382745,2025-12-07 17:24:13.230490,2025-12-07 17:24:13.415545,0 days 00:00:00.185055,0.0004260895831979904,0.9174044912127491,none,COMPLETE
274,-0.3816155701248842,2025-12-07 17:24:13.417454,2025-12-07 17:24:13.629188,0 days 00:00:00.211734,6.515821552162403e-05,0.9368985202879854,none,COMPLETE
275,0.000997417296384658,2025-12-07 17:24:13.629188,2025-12-07 17:24:13.828394,0 days 00:00:00.199206,0.0005756317185543155,0.9021312091922921,none,COMPLETE
