number,value,datetime_start,datetime_complete,duration,params_enet_alpha,params_enet_l1_ratio,user_attrs_feature_level,state
0,-0.03131913107116876,2025-12-07 17:38:55.066760,2025-12-07 17:38:56.677100,0 days 00:00:01.610340,0.00031489116479568613,0.9507143064099162,advanced,COMPLETE
1,-0.0016559721242364045,2025-12-07 17:38:56.685798,2025-12-07 17:38:57.935746,0 days 00:00:01.249948,0.008471801418819975,0.5986584841970366,advanced,COMPLETE
2,-595166.9713333881,2025-12-07 17:38:57.937753,2025-12-07 17:39:44.709296,0 days 00:00:46.771543,4.207988669606632e-05,0.15599452033620265,advanced,COMPLETE
3,-139486.28724795076,2025-12-07 17:39:44.711302,2025-12-07 17:40:09.094257,0 days 00:00:24.382955,1.7073967431528103e-05,0.8661761457749352,advanced,COMPLETE
4,-0.0016559721242364045,2025-12-07 17:40:09.096265,2025-12-07 17:40:10.257822,0 days 00:00:01.161557,0.002537815508265664,0.7080725777960455,advanced,COMPLETE
5,-229260.77736820883,2025-12-07 17:40:10.257822,2025-12-07 17:41:04.779830,0 days 00:00:54.522008,1.2087541473056957e-05,0.9699098521619943,advanced,COMPLETE
6,-0.0016559721242364045,2025-12-07 17:41:04.781334,2025-12-07 17:41:06.020218,0 days 00:00:01.238884,0.021368329072358756,0.21233911067827616,advanced,COMPLETE
7,-581749.6609704521,2025-12-07 17:41:06.022225,2025-12-07 17:41:56.089223,0 days 00:00:50.066998,5.3370327626039544e-05,0.18340450985343382,advanced,COMPLETE
8,-138.32150776703574,2025-12-07 17:41:56.091052,2025-12-07 17:41:59.496857,0 days 00:00:03.405805,0.00016480446427978953,0.5247564316322378,advanced,COMPLETE
9,-0.2851000694445978,2025-12-07 17:41:59.499432,2025-12-07 17:42:02.288972,0 days 00:00:02.789540,0.0005342937261279777,0.2912291401980419,advanced,COMPLETE
10,-0.0016559721242364045,2025-12-07 17:42:02.288972,2025-12-07 17:42:03.523247,0 days 00:00:01.234275,0.07606194283024033,0.47332732145466855,advanced,COMPLETE
11,-0.0016559721242364045,2025-12-07 17:42:03.525254,2025-12-07 17:42:04.777706,0 days 00:00:01.252452,0.005953887145582646,0.6990886947608699,advanced,COMPLETE
12,-0.0016559721242364045,2025-12-07 17:42:04.777706,2025-12-07 17:42:06.018204,0 days 00:00:01.240498,0.0036337413409136773,0.6902470735691452,advanced,COMPLETE
13,-0.0016559721242364045,2025-12-07 17:42:06.020232,2025-12-07 17:42:07.135791,0 days 00:00:01.115559,0.0029714502927617806,0.6472204460094831,advanced,COMPLETE
14,-0.0016559721242364045,2025-12-07 17:42:07.136891,2025-12-07 17:42:08.368472,0 days 00:00:01.231581,0.013630710204863549,0.3796042434202235,advanced,COMPLETE
15,-0.0016559721242364045,2025-12-07 17:42:08.368472,2025-12-07 17:42:09.591868,0 days 00:00:01.223396,0.001868165694521581,0.7757183712887339,advanced,COMPLETE
16,-0.0016559721242364045,2025-12-07 17:42:09.607855,2025-12-07 17:42:10.908518,0 days 00:00:01.300663,0.040000592548039206,0.5402069591555734,advanced,COMPLETE
17,-0.0001276993614325687,2025-12-07 17:42:10.908518,2025-12-07 17:42:12.166825,0 days 00:00:01.258307,0.0008464188343830302,0.8072280306853136,advanced,COMPLETE
18,-0.0005530965834957083,2025-12-07 17:42:12.166825,2025-12-07 17:42:13.434034,0 days 00:00:01.267209,0.0008943227783322239,0.8182300018921357,advanced,COMPLETE
19,-0.00146479501724317,2025-12-07 17:42:13.435560,2025-12-07 17:42:14.752196,0 days 00:00:01.316636,0.000560497402946097,0.8407543787677791,advanced,COMPLETE
20,-951199.507346742,2025-12-07 17:42:14.753500,2025-12-07 17:43:03.339397,0 days 00:00:48.585897,0.0001310897045698038,0.026368084405807735,advanced,COMPLETE
21,-0.0006993012378049279,2025-12-07 17:43:03.339397,2025-12-07 17:43:04.619528,0 days 00:00:01.280131,0.0009522737650689477,0.8240042723485829,advanced,COMPLETE
22,-0.0016559721242364045,2025-12-07 17:43:04.620538,2025-12-07 17:43:05.860652,0 days 00:00:01.240114,0.0013918076789301607,0.8349218903741812,advanced,COMPLETE
23,-0.0009604414169380368,2025-12-07 17:43:05.862511,2025-12-07 17:43:07.004826,0 days 00:00:01.142315,0.0008416934971427061,0.9960165317474352,advanced,COMPLETE
24,-0.1624719622670475,2025-12-07 17:43:07.007139,2025-12-07 17:43:08.494898,0 days 00:00:01.487759,0.0002462409999139145,0.7713918717405757,advanced,COMPLETE
25,-0.0013160101124940482,2025-12-07 17:43:08.497912,2025-12-07 17:43:09.736176,0 days 00:00:01.238264,0.0010448712890807237,0.8991469162476181,advanced,COMPLETE
26,-1982.9881529971492,2025-12-07 17:43:09.737050,2025-12-07 17:43:12.275006,0 days 00:00:02.537956,8.588343382607306e-05,0.7860680243474258,advanced,COMPLETE
27,-0.22168531761238883,2025-12-07 17:43:12.275006,2025-12-07 17:43:15.004118,0 days 00:00:02.729112,0.00040162790396223454,0.42747402082625385,advanced,COMPLETE
28,-0.0005386717689800369,2025-12-07 17:43:15.004615,2025-12-07 17:43:16.303044,0 days 00:00:01.298429,0.0008518172893217294,0.6089641854946792,advanced,COMPLETE
29,-0.32052644012706627,2025-12-07 17:43:16.304555,2025-12-07 17:43:18.811078,0 days 00:00:02.506523,0.0002559127451736249,0.5850734807505863,advanced,COMPLETE
30,-0.0016559721242364045,2025-12-07 17:43:18.811078,2025-12-07 17:43:20.069891,0 days 00:00:01.258813,0.005444240235468192,0.900389044089537,advanced,COMPLETE
31,-0.0006529668370825285,2025-12-07 17:43:20.071935,2025-12-07 17:43:21.367846,0 days 00:00:01.295911,0.000824269843577317,0.9273868362338927,advanced,COMPLETE
32,3.9384100514072706e-05,2025-12-07 17:43:21.369568,2025-12-07 17:43:22.621722,0 days 00:00:01.252154,0.0006824789675445165,0.9312868127305053,advanced,COMPLETE
33,-0.0016559721242364045,2025-12-07 17:43:22.622827,2025-12-07 17:43:23.877311,0 days 00:00:01.254484,0.0017499813180027561,0.638197735380285,advanced,COMPLETE
34,-0.04761867825276286,2025-12-07 17:43:23.877311,2025-12-07 17:43:25.558664,0 days 00:00:01.681353,0.00035734087645257923,0.740305750465787,advanced,COMPLETE
35,-0.0005120443670731204,2025-12-07 17:43:25.558664,2025-12-07 17:43:26.840580,0 days 00:00:01.281916,0.0005519131358645874,0.9466169121683352,advanced,COMPLETE
36,-0.282111310749074,2025-12-07 17:43:26.840580,2025-12-07 17:43:29.460221,0 days 00:00:02.619641,0.00016079899070469274,0.9726371084914529,advanced,COMPLETE
37,-1813.890494453561,2025-12-07 17:43:29.460727,2025-12-07 17:43:32.125164,0 days 00:00:02.664437,7.270927937597292e-05,0.9076994454055386,advanced,COMPLETE
38,-30787.9049959572,2025-12-07 17:43:32.125164,2025-12-07 17:43:38.275955,0 days 00:00:06.150791,3.4989057367457064e-05,0.8654798490892153,advanced,COMPLETE
39,-0.0010070963160359419,2025-12-07 17:43:38.275955,2025-12-07 17:43:39.558605,0 days 00:00:01.282650,0.0005209082901925691,0.9416945470446609,advanced,COMPLETE
40,-0.0016559721242364045,2025-12-07 17:43:39.558605,2025-12-07 17:43:40.799571,0 days 00:00:01.240966,0.0020142864113542065,0.5882166687353478,advanced,COMPLETE
41,-0.001449896591006657,2025-12-07 17:43:40.800509,2025-12-07 17:43:42.059654,0 days 00:00:01.259145,0.0012362034839181928,0.807199033978222,advanced,COMPLETE
42,-0.00042602238752686983,2025-12-07 17:43:42.059654,2025-12-07 17:43:43.324562,0 days 00:00:01.264908,0.0007443114554094525,0.7227380568642588,advanced,COMPLETE
43,-0.0031074158090883173,2025-12-07 17:43:43.326641,2025-12-07 17:43:44.625854,0 days 00:00:01.299213,0.0005957205854336128,0.7323299822649386,advanced,COMPLETE
44,-0.26103324544290735,2025-12-07 17:43:44.625854,2025-12-07 17:43:47.680284,0 days 00:00:03.054430,0.00024775250267077947,0.6501246985292477,advanced,COMPLETE
45,-0.0016559721242364045,2025-12-07 17:43:47.680284,2025-12-07 17:43:48.922048,0 days 00:00:01.241764,0.003973809342796725,0.8690733123222578,advanced,COMPLETE
46,-0.074991213892597,2025-12-07 17:43:48.924254,2025-12-07 17:43:50.541107,0 days 00:00:01.616853,0.0003421541947039797,0.682788043978857,advanced,COMPLETE
47,-0.0016559721242364045,2025-12-07 17:43:50.542070,2025-12-07 17:43:51.791849,0 days 00:00:01.249779,0.0025021511189531986,0.7251631165298421,advanced,COMPLETE
48,-0.03649382969850564,2025-12-07 17:43:51.791849,2025-12-07 17:43:53.468177,0 days 00:00:01.676328,0.0005944233902733632,0.4809853451486056,advanced,COMPLETE
49,-0.0016559721242364045,2025-12-07 17:43:53.470183,2025-12-07 17:43:54.726864,0 days 00:00:01.256681,0.00798310544045975,0.9505193672297392,advanced,COMPLETE
50,-0.0016559721242364045,2025-12-07 17:43:54.731378,2025-12-07 17:43:55.960901,0 days 00:00:01.229523,0.001446979112649434,0.9973504985452696,advanced,COMPLETE
51,-0.00028051402124810537,2025-12-07 17:43:55.960901,2025-12-07 17:43:57.295362,0 days 00:00:01.334461,0.0006540794109824172,0.8661220529918848,advanced,COMPLETE
52,-0.017306287211464582,2025-12-07 17:43:57.295362,2025-12-07 17:43:58.644646,0 days 00:00:01.349284,0.00040400575110621095,0.8709907735115137,advanced,COMPLETE
53,-0.0003955142817982556,2025-12-07 17:43:58.644646,2025-12-07 17:43:59.787530,0 days 00:00:01.142884,0.0007172940469106169,0.762905567545762,advanced,COMPLETE
54,-0.2558723436690047,2025-12-07 17:43:59.789173,2025-12-07 17:44:02.876940,0 days 00:00:03.087767,0.00021017290440109065,0.772283916550224,advanced,COMPLETE
55,-2.8879610017688075,2025-12-07 17:44:02.878948,2025-12-07 17:44:06.609745,0 days 00:00:03.730797,0.00010890893201927765,0.8625304303691477,advanced,COMPLETE
56,-7.510294924821063e-05,2025-12-07 17:44:06.609745,2025-12-07 17:44:07.865974,0 days 00:00:01.256229,0.0006627021547970201,0.9208905504497754,advanced,COMPLETE
57,-0.0011076605815164935,2025-12-07 17:44:07.865974,2025-12-07 17:44:09.101800,0 days 00:00:01.235826,0.0027372595559934545,0.31874259599615673,advanced,COMPLETE
58,-0.00044275844675412124,2025-12-07 17:44:09.102804,2025-12-07 17:44:10.422918,0 days 00:00:01.320114,0.0006683496440577795,0.799867730861118,advanced,COMPLETE
59,-0.0016559721242364045,2025-12-07 17:44:10.424275,2025-12-07 17:44:11.688518,0 days 00:00:01.264243,0.0013145997411140975,0.9107487458848851,advanced,COMPLETE
60,-0.0016559721242364045,2025-12-07 17:44:11.690021,2025-12-07 17:44:12.929885,0 days 00:00:01.239864,0.0021982111311482735,0.749406042731109,advanced,COMPLETE
61,-2.7318600107295588e-05,2025-12-07 17:44:12.931893,2025-12-07 17:44:14.184197,0 days 00:00:01.252304,0.0007737262156840922,0.8016039043136878,advanced,COMPLETE
62,-0.010542295669134671,2025-12-07 17:44:14.184197,2025-12-07 17:44:15.501258,0 days 00:00:01.317061,0.00045610993788175957,0.8400023689457317,advanced,COMPLETE
63,-0.00040121038379292706,2025-12-07 17:44:15.501258,2025-12-07 17:44:16.771747,0 days 00:00:01.270489,0.0008082052099623238,0.6740670363991461,advanced,COMPLETE
64,-0.00025290077110125725,2025-12-07 17:44:16.773131,2025-12-07 17:44:18.058099,0 days 00:00:01.284968,0.0010248556402949196,0.6815901893907998,advanced,COMPLETE
65,-0.0012998501042091142,2025-12-07 17:44:18.060127,2025-12-07 17:44:19.294413,0 days 00:00:01.234286,0.0011418602094076578,0.8162337526603146,advanced,COMPLETE
66,-0.0016559721242364045,2025-12-07 17:44:19.296420,2025-12-07 17:44:20.534803,0 days 00:00:01.238383,0.004270114461101326,0.7597131729781246,advanced,COMPLETE
67,-0.0016559721242364045,2025-12-07 17:44:20.534803,2025-12-07 17:44:21.779490,0 days 00:00:01.244687,0.001614975248234297,0.8774827893660926,advanced,COMPLETE
68,-0.03922713649698658,2025-12-07 17:44:21.781242,2025-12-07 17:44:23.450404,0 days 00:00:01.669162,0.000289126443845231,0.9676791175344002,advanced,COMPLETE
69,-0.2773734208577412,2025-12-07 17:44:23.451903,2025-12-07 17:44:26.212791,0 days 00:00:02.760888,0.00018760423882175072,0.8389999781832691,advanced,COMPLETE
70,-7224.557090029107,2025-12-07 17:44:26.212791,2025-12-07 17:44:30.589039,0 days 00:00:04.376248,0.00043723403372763765,0.09941750363166757,advanced,COMPLETE
71,-0.00015602090815114433,2025-12-07 17:44:30.590839,2025-12-07 17:44:31.859109,0 days 00:00:01.268270,0.0010069525465493717,0.6823327466330045,advanced,COMPLETE
72,-0.00014439119050087731,2025-12-07 17:44:31.859109,2025-12-07 17:44:33.112280,0 days 00:00:01.253171,0.0010620506977535803,0.5573699357382542,advanced,COMPLETE
73,-0.0020815278492238485,2025-12-07 17:44:33.114287,2025-12-07 17:44:34.415274,0 days 00:00:01.300987,0.0010868341113188479,0.4139862084027019,advanced,COMPLETE
74,-0.000523662064220165,2025-12-07 17:44:34.417282,2025-12-07 17:44:35.713872,0 days 00:00:01.296590,0.0009763169279860785,0.5330778116378241,advanced,COMPLETE
75,-0.0013187281433105398,2025-12-07 17:44:35.715854,2025-12-07 17:44:36.953541,0 days 00:00:01.237687,0.0016795739130147944,0.5600525060974382,advanced,COMPLETE
76,-0.0016559721242364045,2025-12-07 17:44:36.953541,2025-12-07 17:44:38.195841,0 days 00:00:01.242300,0.003505891055432541,0.6366547125955127,advanced,COMPLETE
77,-0.00040087648871545145,2025-12-07 17:44:38.201480,2025-12-07 17:44:39.495021,0 days 00:00:01.293541,0.001066621540552017,0.5105955906054873,advanced,COMPLETE
78,-0.07454434810319421,2025-12-07 17:44:39.497031,2025-12-07 17:44:41.157498,0 days 00:00:01.660467,0.00033745581168998645,0.6934475769512665,advanced,COMPLETE
79,-0.027747277141694077,2025-12-07 17:44:41.158631,2025-12-07 17:44:42.772462,0 days 00:00:01.613831,0.0005036667565523482,0.6163543660273569,advanced,COMPLETE
80,-0.0004067597383756727,2025-12-07 17:44:42.772462,2025-12-07 17:44:44.044703,0 days 00:00:01.272241,0.0006829668991143302,0.7951262163160682,advanced,COMPLETE
81,-0.000257537826893343,2025-12-07 17:44:44.044703,2025-12-07 17:44:45.312559,0 days 00:00:01.267856,0.0008069121921103285,0.7062946974024558,advanced,COMPLETE
82,-0.0012677427616807346,2025-12-07 17:44:45.312559,2025-12-07 17:44:46.535941,0 days 00:00:01.223382,0.0013708380418449657,0.6688450261613145,advanced,COMPLETE
83,-0.0007124074671825594,2025-12-07 17:44:46.537947,2025-12-07 17:44:47.867930,0 days 00:00:01.329983,0.0009069054520678666,0.5580375355916127,advanced,COMPLETE
84,-0.0016559721242364045,2025-12-07 17:44:47.867930,2025-12-07 17:44:49.154298,0 days 00:00:01.286368,0.0019625599243624815,0.706515748928546,advanced,COMPLETE
85,-0.0002283816989544866,2025-12-07 17:44:49.154298,2025-12-07 17:44:50.408515,0 days 00:00:01.254217,0.0006454422184374075,0.8933105609804869,advanced,COMPLETE
86,-0.001818511175454914,2025-12-07 17:44:50.409953,2025-12-07 17:44:51.698186,0 days 00:00:01.288233,0.0004971351989564148,0.9213324796625716,advanced,COMPLETE
87,-0.0006467888417270121,2025-12-07 17:44:51.699443,2025-12-07 17:44:52.952747,0 days 00:00:01.253304,0.0008412622852967743,0.887096806293748,advanced,COMPLETE
88,-0.044349293554981926,2025-12-07 17:44:52.954755,2025-12-07 17:44:54.629187,0 days 00:00:01.674432,0.0002883983325637153,0.9360095008232289,advanced,COMPLETE
89,-0.0016559721242364045,2025-12-07 17:44:54.629187,2025-12-07 17:44:55.880626,0 days 00:00:01.251439,0.0022753945317970804,0.9725662636183593,advanced,COMPLETE
90,-0.0016559721242364045,2025-12-07 17:44:55.880626,2025-12-07 17:44:57.108269,0 days 00:00:01.227643,0.03874692718654916,0.620196917808251,advanced,COMPLETE
91,-0.00022852225604326945,2025-12-07 17:44:57.109801,2025-12-07 17:44:58.375125,0 days 00:00:01.265324,0.0006744620248502669,0.8547956951101501,advanced,COMPLETE
92,-0.0015730950337652743,2025-12-07 17:44:58.375125,2025-12-07 17:44:59.628505,0 days 00:00:01.253380,0.0012730464480101439,0.822586550510706,advanced,COMPLETE
93,-0.019360114735172,2025-12-07 17:44:59.628505,2025-12-07 17:45:00.981540,0 days 00:00:01.353035,0.0004019346262907438,0.8529090400135986,advanced,COMPLETE
94,-0.001355770392017101,2025-12-07 17:45:00.983548,2025-12-07 17:45:02.295416,0 days 00:00:01.311868,0.0006015508780856283,0.7903049925335293,advanced,COMPLETE
95,-0.0009460537629678948,2025-12-07 17:45:02.297423,2025-12-07 17:45:03.424668,0 days 00:00:01.127245,0.0009369963622655106,0.8918684057323647,advanced,COMPLETE
96,-0.0016559721242364045,2025-12-07 17:45:03.426397,2025-12-07 17:45:04.665617,0 days 00:00:01.239220,0.0015625612153972704,0.7154668660558525,advanced,COMPLETE
97,-0.0004100391587001928,2025-12-07 17:45:04.667625,2025-12-07 17:45:05.949460,0 days 00:00:01.281835,0.0007362121088659254,0.7362021886760985,advanced,COMPLETE
98,-0.0006775260802303062,2025-12-07 17:45:05.949460,2025-12-07 17:45:07.191172,0 days 00:00:01.241712,0.001176555953638021,0.6626658708375706,advanced,COMPLETE
99,-0.0010790175917686495,2025-12-07 17:45:07.192182,2025-12-07 17:45:08.489371,0 days 00:00:01.297189,0.0005287954945154061,0.9214459314818986,advanced,COMPLETE
100,-0.039031695044494365,2025-12-07 17:45:08.505285,2025-12-07 17:45:10.214944,0 days 00:00:01.709659,0.0003608392177055977,0.7765348062779979,advanced,COMPLETE
101,-0.00010201132090107794,2025-12-07 17:45:10.214944,2025-12-07 17:45:11.486534,0 days 00:00:01.271590,0.0007111488417603542,0.8486734264410405,advanced,COMPLETE
102,-9.856495993780061e-05,2025-12-07 17:45:11.488542,2025-12-07 17:45:12.769094,0 days 00:00:01.280552,0.0007993790873300143,0.8487410766721796,advanced,COMPLETE
103,-0.00022216316555045967,2025-12-07 17:45:12.769094,2025-12-07 17:45:14.076297,0 days 00:00:01.307203,0.0006823498738916376,0.8476157486671423,advanced,COMPLETE
104,-0.0005347193256409385,2025-12-07 17:45:14.078302,2025-12-07 17:45:15.373616,0 days 00:00:01.295314,0.0006146975080791663,0.8446271247167558,advanced,COMPLETE
105,-9.885899309839778e-05,2025-12-07 17:45:15.374547,2025-12-07 17:45:16.646073,0 days 00:00:01.271526,0.0006710614745981184,0.9006855040925874,advanced,COMPLETE
106,-0.003361690629088754,2025-12-07 17:45:16.646073,2025-12-07 17:45:17.960085,0 days 00:00:01.314012,0.0004528970965024165,0.9569235594652626,advanced,COMPLETE
107,-0.14565484057221392,2025-12-07 17:45:17.960085,2025-12-07 17:45:19.295029,0 days 00:00:01.334944,0.000218011023949107,0.9016178327581668,advanced,COMPLETE
108,-0.0016559721242364045,2025-12-07 17:45:19.297052,2025-12-07 17:45:20.598906,0 days 00:00:01.301854,0.0014643082128210753,0.9847200029224294,advanced,COMPLETE
109,-0.06459838335713264,2025-12-07 17:45:20.598906,2025-12-07 17:45:22.478419,0 days 00:00:01.879513,0.0002952645855532712,0.8256166746513558,advanced,COMPLETE
110,-0.0016559721242364045,2025-12-07 17:45:22.478419,2025-12-07 17:45:23.781558,0 days 00:00:01.303139,0.0018940555776766357,0.8866343885370231,advanced,COMPLETE
111,4.9901969635612886e-05,2025-12-07 17:45:23.781558,2025-12-07 17:45:25.176426,0 days 00:00:01.394868,0.0007511609521779175,0.8502723780225169,advanced,COMPLETE
112,-0.002130160277394063,2025-12-07 17:45:25.176426,2025-12-07 17:45:26.354568,0 days 00:00:01.178142,0.000554859629014972,0.8088320010847209,advanced,COMPLETE
113,-0.0006470909490524646,2025-12-07 17:45:26.354568,2025-12-07 17:45:27.634914,0 days 00:00:01.280346,0.0007994791387189032,0.9337439976107855,advanced,COMPLETE
114,-218271.24805631817,2025-12-07 17:45:27.636623,2025-12-07 17:46:05.916467,0 days 00:00:38.279844,1.3278424367701114e-05,0.9010014004350275,advanced,COMPLETE
115,-0.0011609095360264703,2025-12-07 17:46:05.918857,2025-12-07 17:46:07.171029,0 days 00:00:01.252172,0.0010099183210952772,0.8756697580710946,advanced,COMPLETE
116,-0.008167783712470436,2025-12-07 17:46:07.171029,2025-12-07 17:46:08.486398,0 days 00:00:01.315369,0.0004151328206585832,0.9524346605075118,advanced,COMPLETE
117,-0.0015153075278718415,2025-12-07 17:46:08.488406,2025-12-07 17:46:09.726941,0 days 00:00:01.238535,0.0012273800948501758,0.8347160369664863,advanced,COMPLETE
118,-0.00014295050704068077,2025-12-07 17:46:09.729107,2025-12-07 17:46:11.022004,0 days 00:00:01.292897,0.0006511426999515235,0.9098430064406183,advanced,COMPLETE
119,-9.560598115032626e-05,2025-12-07 17:46:11.024034,2025-12-07 17:46:12.282279,0 days 00:00:01.258245,0.0007427700409413017,0.9127385246448644,advanced,COMPLETE
120,-0.0009843214723776288,2025-12-07 17:46:12.282279,2025-12-07 17:46:13.538605,0 days 00:00:01.256326,0.0009142945327330437,0.923171570781707,advanced,COMPLETE
121,-0.00012075611878977395,2025-12-07 17:46:13.540611,2025-12-07 17:46:14.806637,0 days 00:00:01.266026,0.0006939478833524857,0.86226205700749,advanced,COMPLETE
122,-0.0018616360824032323,2025-12-07 17:46:14.821273,2025-12-07 17:46:16.124043,0 days 00:00:01.302770,0.0005219533889696868,0.8746759394741271,advanced,COMPLETE
123,-0.00047151516821009043,2025-12-07 17:46:16.126048,2025-12-07 17:46:17.536969,0 days 00:00:01.410921,0.0007842623176738088,0.9188064161571479,advanced,COMPLETE
124,-0.0013366602970883434,2025-12-07 17:46:17.536969,2025-12-07 17:46:18.872713,0 days 00:00:01.335744,0.0010067195705817144,0.9425504839068605,advanced,COMPLETE
125,-0.0016559721242364045,2025-12-07 17:46:18.874460,2025-12-07 17:46:20.250083,0 days 00:00:01.375623,0.0015513273364142685,0.8108309293923087,advanced,COMPLETE
126,-0.0016559721242364045,2025-12-07 17:46:20.252091,2025-12-07 17:46:21.551991,0 days 00:00:01.299900,0.001241238905434613,0.9817699143203319,advanced,COMPLETE
127,-0.029114520653177694,2025-12-07 17:46:21.551991,2025-12-07 17:46:23.158167,0 days 00:00:01.606176,0.00035403968636559766,0.864785777520737,advanced,COMPLETE
128,-0.019588978283564835,2025-12-07 17:46:23.158167,2025-12-07 17:46:24.561660,0 days 00:00:01.403493,0.0004310792925609081,0.7929350113173474,advanced,COMPLETE
129,-0.04595057238267719,2025-12-07 17:46:24.562893,2025-12-07 17:46:26.147004,0 days 00:00:01.584111,0.0005730809425180793,0.46614433432939806,advanced,COMPLETE
130,-0.00016123008879087575,2025-12-07 17:46:26.147004,2025-12-07 17:46:27.405375,0 days 00:00:01.258371,0.0007544052623309663,0.9116348091511822,advanced,COMPLETE
131,-0.00030342471067512644,2025-12-07 17:46:27.406539,2025-12-07 17:46:28.669352,0 days 00:00:01.262813,0.000783761115237756,0.8981189682980286,advanced,COMPLETE
132,-0.0015203323290377362,2025-12-07 17:46:28.669352,2025-12-07 17:46:29.974497,0 days 00:00:01.305145,0.0010712833817126532,0.9582196693790361,advanced,COMPLETE
133,-59775.79406932377,2025-12-07 17:46:29.976505,2025-12-07 17:46:38.331475,0 days 00:00:08.354970,2.6588660073128436e-05,0.9150583756300067,advanced,COMPLETE
