number,value,datetime_start,datetime_complete,duration,params_enet_alpha,params_enet_l1_ratio,user_attrs_feature_level,state
276,0.0006483104715935643,2025-12-07 17:24:13.828394,2025-12-07 17:24:14.028545,0 days 00:00:00.200151,0.0007717268680175812,0.857535524705325,none,COMPLETE
277,-0.002717780168785322,2025-12-07 17:24:14.028545,2025-12-07 17:24:14.230567,0 days 00:00:00.202022,0.0003653621849840872,0.9972947638630002,none,COMPLETE
278,5.643974375442914e-05,2025-12-07 17:24:14.230567,2025-12-07 17:24:14.417186,0 days 00:00:00.186619,0.0004876208030422982,0.9580149251608266,none,COMPLETE
279,0.0010259199015427711,2025-12-07 17:24:14.419402,2025-12-07 17:24:14.614273,0 days 00:00:00.194871,0.0006459434688101779,0.8823895214598656,none,COMPLETE
280,-0.000312495107693563,2025-12-07 17:24:14.614273,2025-12-07 17:24:14.814128,0 days 00:00:00.199855,0.0008587698150723483,0.9308367436744172,none,COMPLETE
281,0.0007968429584356285,2025-12-07 17:24:14.816084,2025-12-07 17:24:15.000418,0 days 00:00:00.184334,0.0005177878895099062,0.9789400216377391,none,COMPLETE
282,0.0009564377993133514,2025-12-07 17:24:15.000418,2025-12-07 17:24:15.197926,0 days 00:00:00.197508,0.0006450597582940179,0.9134675715182775,none,COMPLETE
283,-0.0015063958947831118,2025-12-07 17:24:15.199819,2025-12-07 17:24:15.398305,0 days 00:00:00.198486,0.00043624618931736755,0.9519237523576345,none,COMPLETE
284,-0.014563037483917962,2025-12-07 17:24:15.399601,2025-12-07 17:24:15.628191,0 days 00:00:00.228590,0.0005500831808461224,0.5014269975860739,none,COMPLETE
285,-0.0009301519383766813,2025-12-07 17:24:15.628191,2025-12-07 17:24:15.829961,0 days 00:00:00.201770,0.0006940934832112135,0.6208687190703504,none,COMPLETE
286,-0.0003702297676186535,2025-12-07 17:24:15.833807,2025-12-07 17:24:16.018914,0 days 00:00:00.185107,0.000900215285950119,0.8968386513672771,none,COMPLETE
287,-0.004777513240526554,2025-12-07 17:24:16.019694,2025-12-07 17:24:16.214796,0 days 00:00:00.195102,0.0003630552732820379,0.9395037395924744,none,COMPLETE
288,-0.006124773005220037,2025-12-07 17:24:16.214796,2025-12-07 17:24:16.411170,0 days 00:00:00.196374,0.0005815721617087264,0.5652183489556901,none,COMPLETE
289,-0.0016559721242364045,2025-12-07 17:24:16.413065,2025-12-07 17:24:16.613831,0 days 00:00:00.200766,0.04355510815514607,0.9720646802357233,none,COMPLETE
290,-0.0010879544242200871,2025-12-07 17:24:16.615650,2025-12-07 17:24:16.814538,0 days 00:00:00.198888,0.00046180053379938426,0.923205903610441,none,COMPLETE
291,0.0008742000025305785,2025-12-07 17:24:16.814538,2025-12-07 17:24:17.013858,0 days 00:00:00.199320,0.000719374467148104,0.8489869481516255,none,COMPLETE
292,-0.0016559721242364045,2025-12-07 17:24:17.018535,2025-12-07 17:24:17.211344,0 days 00:00:00.192809,0.0011268532542160442,0.9471903915895679,none,COMPLETE
293,-0.10604630875842647,2025-12-07 17:24:17.213197,2025-12-07 17:24:17.509897,0 days 00:00:00.296700,0.0005476677708987016,0.23834449476684083,none,COMPLETE
294,0.000478865093878363,2025-12-07 17:24:17.530539,2025-12-07 17:24:17.731883,0 days 00:00:00.201344,0.0007905079674898016,0.8751601963946312,none,COMPLETE
295,-0.0024980335715996116,2025-12-07 17:24:17.731883,2025-12-07 17:24:17.929734,0 days 00:00:00.197851,0.0004137779793343464,0.9040826837419286,none,COMPLETE
296,0.0008332034807433756,2025-12-07 17:24:17.929734,2025-12-07 17:24:18.129452,0 days 00:00:00.199718,0.0006451303101417187,0.9633739065253518,none,COMPLETE
297,-0.0022659323713694057,2025-12-07 17:24:18.130459,2025-12-07 17:24:18.332151,0 days 00:00:00.201692,0.0004768360317689063,0.8118793243952501,none,COMPLETE
298,-0.0011195562852394831,2025-12-07 17:24:18.332151,2025-12-07 17:24:18.532362,0 days 00:00:00.200211,0.0009663931856992254,0.9273083162611288,none,COMPLETE
299,-0.007117999630960159,2025-12-07 17:24:18.532362,2025-12-07 17:24:18.731197,0 days 00:00:00.198835,0.00032846070569426847,0.9788132658215976,none,COMPLETE
