number,value,datetime_start,datetime_complete,duration,params_enet_alpha,params_enet_l1_ratio,user_attrs_feature_level,state
272,-0.046129584726209615,2025-12-07 17:25:22.768631,2025-12-07 17:25:23.050109,0 days 00:00:00.281478,0.00042547901068052643,0.443070763283878,simple,COMPLETE
273,0.0010196818210187104,2025-12-07 17:25:23.051120,2025-12-07 17:25:23.270108,0 days 00:00:00.218988,0.0012181122293208975,0.3921174760929112,simple,COMPLETE
274,-0.0017297505925416938,2025-12-07 17:25:23.270108,2025-12-07 17:25:23.516439,0 days 00:00:00.246331,0.0009628380608594331,0.4196904634012119,simple,COMPLETE
275,0.00028482589409091946,2025-12-07 17:25:23.516439,2025-12-07 17:25:23.736191,0 days 00:00:00.219752,0.0019780284970372136,0.3673499460314641,simple,COMPLETE
276,0.0002697204964493549,2025-12-07 17:25:23.736191,2025-12-07 17:25:23.968750,0 days 00:00:00.232559,0.001260041023205244,0.5783068601259366,simple,COMPLETE
277,-0.00011902127243686629,2025-12-07 17:25:23.968750,2025-12-07 17:25:24.203044,0 days 00:00:00.234294,0.0008181234370720514,0.5350973411038169,simple,COMPLETE
278,0.001096475912952107,2025-12-07 17:25:24.203044,2025-12-07 17:25:24.406387,0 days 00:00:00.203343,0.0015711591917014686,0.3462466487414694,simple,COMPLETE
279,-0.0002987463856696608,2025-12-07 17:25:24.408694,2025-12-07 17:25:24.651342,0 days 00:00:00.242648,0.0010586615311771247,0.40921249970058476,simple,COMPLETE
280,0.0008208862597047784,2025-12-07 17:25:24.652256,2025-12-07 17:25:24.867637,0 days 00:00:00.215381,0.0013898374220416628,0.45041298161257604,simple,COMPLETE
281,-0.015216361306756262,2025-12-07 17:25:24.869584,2025-12-07 17:25:25.181595,0 days 00:00:00.312011,0.0006789437547692438,0.38610287032924967,simple,COMPLETE
282,0.0010700510336952111,2025-12-07 17:25:25.181595,2025-12-07 17:25:25.406739,0 days 00:00:00.225144,0.0011007362147584506,0.4364206075859391,simple,COMPLETE
283,-0.0016559721242364045,2025-12-07 17:25:25.407745,2025-12-07 17:25:25.620410,0 days 00:00:00.212665,0.0022355313598139484,0.7244606181985841,simple,COMPLETE
284,-0.0007034940493599132,2025-12-07 17:25:25.620410,2025-12-07 17:25:25.835661,0 days 00:00:00.215251,0.0018134695610937546,0.47295483520059584,simple,COMPLETE
285,-0.006622291177382371,2025-12-07 17:25:25.835661,2025-12-07 17:25:26.116680,0 days 00:00:00.281019,0.0008798842277483188,0.3681203224212141,simple,COMPLETE
286,-0.0016559721242364045,2025-12-07 17:25:26.116680,2025-12-07 17:25:26.319033,0 days 00:00:00.202353,0.008025256401233336,0.40943438348007655,simple,COMPLETE
287,7.32460865605263e-05,2025-12-07 17:25:26.320865,2025-12-07 17:25:26.571252,0 days 00:00:00.250387,0.0012700407601227439,0.3486779837643212,simple,COMPLETE
288,-0.003973492534732263,2025-12-07 17:25:26.571252,2025-12-07 17:25:26.786385,0 days 00:00:00.215133,0.0005720495468978933,0.6162535925675567,simple,COMPLETE
289,-0.0016559721242364045,2025-12-07 17:25:26.786385,2025-12-07 17:25:27.001916,0 days 00:00:00.215531,0.04355510815514607,0.4254028502663817,simple,COMPLETE
290,-0.0016559721242364045,2025-12-07 17:25:27.003267,2025-12-07 17:25:27.204517,0 days 00:00:00.201250,0.0015713989910606941,0.8675758506755029,simple,COMPLETE
291,-0.0058161578420449596,2025-12-07 17:25:27.204517,2025-12-07 17:25:27.481956,0 days 00:00:00.277439,0.0010106645271851567,0.3285461482348622,simple,COMPLETE
292,0.001122977373593274,2025-12-07 17:25:27.481956,2025-12-07 17:25:27.699918,0 days 00:00:00.217962,0.0012440516314738213,0.39046228146690165,simple,COMPLETE
293,-0.0016559721242364045,2025-12-07 17:25:27.699918,2025-12-07 17:25:27.919793,0 days 00:00:00.219875,0.0013720012080259173,0.8310705530583435,simple,COMPLETE
294,-0.012082013392680113,2025-12-07 17:25:27.919793,2025-12-07 17:25:28.218432,0 days 00:00:00.298639,0.0007534853862890298,0.3737238554663222,simple,COMPLETE
295,0.0002775200974415674,2025-12-07 17:25:28.218432,2025-12-07 17:25:28.324380,0 days 00:00:00.105948,0.0018351327214591164,0.3964796143441953,simple,COMPLETE
296,0.0010562485419493006,2025-12-07 17:25:28.324380,2025-12-07 17:25:28.537275,0 days 00:00:00.212895,0.0015301543776683837,0.3637982314047393,simple,COMPLETE
297,-0.0026776194941855827,2025-12-07 17:25:28.537275,2025-12-07 17:25:28.801660,0 days 00:00:00.264385,0.0009653812982647743,0.3893838068968133,simple,COMPLETE
298,0.0009932186792666053,2025-12-07 17:25:28.802912,2025-12-07 17:25:29.017559,0 days 00:00:00.214647,0.0011925797204689315,0.48853148577550254,simple,COMPLETE
299,-0.00015504860030868262,2025-12-07 17:25:29.017559,2025-12-07 17:25:29.223169,0 days 00:00:00.205610,0.0023251822032518193,0.33858597368427545,simple,COMPLETE
