number,value,datetime_start,datetime_complete,duration,params_enet_alpha,params_enet_l1_ratio,user_attrs_feature_level,state
0,-0.025520067162627447,2025-12-07 17:27:01.194537,2025-12-07 17:27:02.330182,0 days 00:00:01.135645,0.00031489116479568613,0.9507143064099162,medium,COMPLETE
1,-0.0016559721242364045,2025-12-07 17:27:02.330182,2025-12-07 17:27:03.378027,0 days 00:00:01.047845,0.008471801418819975,0.5986584841970366,medium,COMPLETE
2,-879299.8848175817,2025-12-07 17:27:03.378881,2025-12-07 17:27:51.665557,0 days 00:00:48.286676,4.207988669606632e-05,0.15599452033620265,medium,COMPLETE
3,-206396.342175666,2025-12-07 17:27:51.666660,2025-12-07 17:28:29.223973,0 days 00:00:37.557313,1.7073967431528103e-05,0.8661761457749352,medium,COMPLETE
4,-0.0016559721242364045,2025-12-07 17:28:29.225975,2025-12-07 17:28:30.240648,0 days 00:00:01.014673,0.002537815508265664,0.7080725777960455,medium,COMPLETE
5,-265607.72353005206,2025-12-07 17:28:30.240648,2025-12-07 17:29:09.303359,0 days 00:00:39.062711,1.2087541473056957e-05,0.9699098521619943,medium,COMPLETE
6,-0.0016559721242364045,2025-12-07 17:29:09.305533,2025-12-07 17:29:10.322674,0 days 00:00:01.017141,0.021368329072358756,0.21233911067827616,medium,COMPLETE
7,-884830.5751337223,2025-12-07 17:29:10.322674,2025-12-07 17:29:57.397056,0 days 00:00:47.074382,5.3370327626039544e-05,0.18340450985343382,medium,COMPLETE
8,-1225.0894491159563,2025-12-07 17:29:57.399063,2025-12-07 17:29:59.077017,0 days 00:00:01.677954,0.00016480446427978953,0.5247564316322378,medium,COMPLETE
9,-0.27442990331028144,2025-12-07 17:29:59.077017,2025-12-07 17:30:01.728306,0 days 00:00:02.651289,0.0005342937261279777,0.2912291401980419,medium,COMPLETE
10,-0.0016559721242364045,2025-12-07 17:30:01.730317,2025-12-07 17:30:02.746009,0 days 00:00:01.015692,0.07606194283024033,0.47332732145466855,medium,COMPLETE
11,-0.0016559721242364045,2025-12-07 17:30:02.748020,2025-12-07 17:30:03.785145,0 days 00:00:01.037125,0.005953887145582646,0.6990886947608699,medium,COMPLETE
12,-0.0016559721242364045,2025-12-07 17:30:03.785145,2025-12-07 17:30:04.799436,0 days 00:00:01.014291,0.0036337413409136773,0.6902470735691452,medium,COMPLETE
13,-0.0016559721242364045,2025-12-07 17:30:04.799436,2025-12-07 17:30:05.817695,0 days 00:00:01.018259,0.0029714502927617806,0.6472204460094831,medium,COMPLETE
14,-0.0016559721242364045,2025-12-07 17:30:05.817695,2025-12-07 17:30:06.840614,0 days 00:00:01.022919,0.013630710204863549,0.3796042434202235,medium,COMPLETE
15,-0.0016559721242364045,2025-12-07 17:30:06.840614,2025-12-07 17:30:07.875795,0 days 00:00:01.035181,0.001868165694521581,0.7757183712887339,medium,COMPLETE
16,-0.0016559721242364045,2025-12-07 17:30:07.875795,2025-12-07 17:30:08.894143,0 days 00:00:01.018348,0.040000592548039206,0.5402069591555734,medium,COMPLETE
17,0.0007252322990495644,2025-12-07 17:30:08.896152,2025-12-07 17:30:09.930075,0 days 00:00:01.033923,0.0008464188343830302,0.8072280306853136,medium,COMPLETE
18,0.00024072375178348557,2025-12-07 17:30:09.932082,2025-12-07 17:30:10.965138,0 days 00:00:01.033056,0.0008943227783322239,0.8182300018921357,medium,COMPLETE
19,0.0003779687052411311,2025-12-07 17:30:10.966643,2025-12-07 17:30:11.903681,0 days 00:00:00.937038,0.000560497402946097,0.8407543787677791,medium,COMPLETE
20,-2540489.162023925,2025-12-07 17:30:11.905000,2025-12-07 17:30:59.833700,0 days 00:00:47.928700,0.00016543822184376413,0.026368084405807735,medium,COMPLETE
21,-0.00014281580708970973,2025-12-07 17:30:59.835708,2025-12-07 17:31:00.864142,0 days 00:00:01.028434,0.0009522737650689477,0.8240042723485829,medium,COMPLETE
22,7.794744246062783e-05,2025-12-07 17:31:00.864142,2025-12-07 17:31:01.883218,0 days 00:00:01.019076,0.0008394067543033944,0.8949298145128244,medium,COMPLETE
23,-0.15469279310086304,2025-12-07 17:31:01.883218,2025-12-07 17:31:03.215551,0 days 00:00:01.332333,0.0002400288412677501,0.7712579552024951,medium,COMPLETE
24,-2353.7943155704857,2025-12-07 17:31:03.215551,2025-12-07 17:31:05.522851,0 days 00:00:02.307300,7.858225236486107e-05,0.9909252829191902,medium,COMPLETE
25,-0.0036328365686939534,2025-12-07 17:31:05.524859,2025-12-07 17:31:06.715513,0 days 00:00:01.190654,0.0005284919026755062,0.7897321541305902,medium,COMPLETE
26,-0.0016559721242364045,2025-12-07 17:31:06.715513,2025-12-07 17:31:07.762925,0 days 00:00:01.047412,0.0013978648250335174,0.8786098173289282,medium,COMPLETE
27,-0.09510188525530035,2025-12-07 17:31:07.764933,2025-12-07 17:31:09.399934,0 days 00:00:01.635001,0.0004909773309964403,0.42747402082625385,medium,COMPLETE
28,-3258.1073300790063,2025-12-07 17:31:09.401941,2025-12-07 17:31:12.326060,0 days 00:00:02.924119,9.391232328339791e-05,0.60935255071615,medium,COMPLETE
29,-0.03066386514259567,2025-12-07 17:31:12.327751,2025-12-07 17:31:13.505235,0 days 00:00:01.177484,0.00030580181484875674,0.9212340362201722,medium,COMPLETE
30,-0.0015732764603294165,2025-12-07 17:31:13.505235,2025-12-07 17:31:14.523691,0 days 00:00:01.018456,0.0011854549172164027,0.8179024660943778,medium,COMPLETE
31,0.0006179722423699981,2025-12-07 17:31:14.527245,2025-12-07 17:31:15.573500,0 days 00:00:01.046255,0.0007655910698628264,0.9087400378378843,medium,COMPLETE
32,0.0008580772588906438,2025-12-07 17:31:15.575165,2025-12-07 17:31:16.686673,0 days 00:00:01.111508,0.0006975299446912336,0.9398615010651856,medium,COMPLETE
33,-0.0016559721242364045,2025-12-07 17:31:16.686673,2025-12-07 17:31:17.796537,0 days 00:00:01.109864,0.005639307182615801,0.9458648425147831,medium,COMPLETE
34,-0.00838713156404336,2025-12-07 17:31:17.796537,2025-12-07 17:31:18.881546,0 days 00:00:01.085009,0.00043443789104500414,0.8751878096465799,medium,COMPLETE
35,-0.10786460656712109,2025-12-07 17:31:18.881546,2025-12-07 17:31:20.276559,0 days 00:00:01.395013,0.00020617576883897822,0.9813161611068333,medium,COMPLETE
36,-0.0016559721242364045,2025-12-07 17:31:20.277623,2025-12-07 17:31:21.297795,0 days 00:00:01.020172,0.001999643985730898,0.7505589794411317,medium,COMPLETE
37,-0.024381165807614735,2025-12-07 17:31:21.299803,2025-12-07 17:31:22.458525,0 days 00:00:01.158722,0.00033313236308932215,0.9108091215421869,medium,COMPLETE
38,-37369.78742102263,2025-12-07 17:31:22.461730,2025-12-07 17:31:28.228053,0 days 00:00:05.766323,3.865703886034957e-05,0.8498589760605334,medium,COMPLETE
39,-2581.0576313874712,2025-12-07 17:31:28.228053,2025-12-07 17:31:30.672137,0 days 00:00:02.444084,0.00010476790916451212,0.7224077014162339,medium,COMPLETE
40,0.0008279473349180888,2025-12-07 17:31:30.674143,2025-12-07 17:31:31.742275,0 days 00:00:01.068132,0.0006290424324305684,0.9335745775141304,medium,COMPLETE
41,-0.0005095624917646665,2025-12-07 17:31:31.742748,2025-12-07 17:31:32.754207,0 days 00:00:01.011459,0.0008426872953204328,0.990013898658734,medium,COMPLETE
42,-0.0016559721242364045,2025-12-07 17:31:32.755229,2025-12-07 17:31:33.780462,0 days 00:00:01.025233,0.0014681670656718508,0.932581198438624,medium,COMPLETE
43,0.0005584463303593598,2025-12-07 17:31:33.783242,2025-12-07 17:31:34.815758,0 days 00:00:01.032516,0.0005720028897931793,0.855758314012487,medium,COMPLETE
44,0.0009184713574527844,2025-12-07 17:31:34.817765,2025-12-07 17:31:35.867872,0 days 00:00:01.050107,0.0006576340936407243,0.9402589772016975,medium,COMPLETE
45,-0.0016559721242364045,2025-12-07 17:31:35.869569,2025-12-07 17:31:36.901012,0 days 00:00:01.031443,0.004068561088747606,0.9519451553329662,medium,COMPLETE
46,-0.0016559721242364045,2025-12-07 17:31:36.901012,2025-12-07 17:31:37.809896,0 days 00:00:00.908884,0.002654104881541881,0.9503835395242354,medium,COMPLETE
47,-0.08894213195319156,2025-12-07 17:31:37.810907,2025-12-07 17:31:39.016979,0 days 00:00:01.206072,0.0003220949257663767,0.6638950785857483,medium,COMPLETE
48,-0.8874564343200486,2025-12-07 17:31:39.016979,2025-12-07 17:31:42.514229,0 days 00:00:03.497250,0.00013952542997775277,0.8862032773119302,medium,COMPLETE
49,-0.0016559721242364045,2025-12-07 17:31:42.516237,2025-12-07 17:31:43.531357,0 days 00:00:01.015120,0.011566713947706638,0.7333889168271628,medium,COMPLETE
50,0.0005581934394723135,2025-12-07 17:31:43.531357,2025-12-07 17:31:44.569132,0 days 00:00:01.037775,0.0007037667495129447,0.9975007762453031,medium,COMPLETE
51,-0.0016559721242364045,2025-12-07 17:31:44.589606,2025-12-07 17:31:45.651659,0 days 00:00:01.062053,0.0018818179157207668,0.8589631274794081,medium,COMPLETE
52,-0.008934037124604647,2025-12-07 17:31:45.653666,2025-12-07 17:31:46.748121,0 days 00:00:01.094455,0.00041290735731671323,0.9120772407292274,medium,COMPLETE
53,0.0006639749018969946,2025-12-07 17:31:46.748121,2025-12-07 17:31:47.799504,0 days 00:00:01.051383,0.0006590646998176614,0.8006546282928824,medium,COMPLETE
54,-0.0013034314173459016,2025-12-07 17:31:47.801510,2025-12-07 17:31:48.833989,0 days 00:00:01.032479,0.0011885580356991447,0.7778230350577204,medium,COMPLETE
55,0.0008336215836323158,2025-12-07 17:31:48.835997,2025-12-07 17:31:49.916422,0 days 00:00:01.080425,0.0007370939552141164,0.7983779012436967,medium,COMPLETE
56,-0.4662430535558431,2025-12-07 17:31:49.916422,2025-12-07 17:31:53.163864,0 days 00:00:03.247442,0.00023075653358557366,0.5647304025311302,medium,COMPLETE
57,-0.0016559721242364045,2025-12-07 17:31:53.165872,2025-12-07 17:31:54.181810,0 days 00:00:01.015938,0.001723612244888529,0.8057304970070083,medium,COMPLETE
58,0.00025093772589768193,2025-12-07 17:31:54.181810,2025-12-07 17:31:55.240627,0 days 00:00:01.058817,0.001186525319912865,0.615917088666452,medium,COMPLETE
59,-0.0016559721242364045,2025-12-07 17:31:55.241698,2025-12-07 17:31:56.268432,0 days 00:00:01.026734,0.0035680200838425027,0.29838012966497707,medium,COMPLETE
60,-0.0014238395885132575,2025-12-07 17:31:56.268432,2025-12-07 17:31:57.319392,0 days 00:00:01.050960,0.000664139080002845,0.6679340636760656,medium,COMPLETE
61,0.0006291248084580777,2025-12-07 17:31:57.319392,2025-12-07 17:31:58.371917,0 days 00:00:01.052525,0.0007737262156840922,0.8976096824401338,medium,COMPLETE
62,-0.017095639979980277,2025-12-07 17:31:58.372782,2025-12-07 17:31:59.530960,0 days 00:00:01.158178,0.0003991752205365128,0.8292453942904693,medium,COMPLETE
63,0.0008114044826785053,2025-12-07 17:31:59.533100,2025-12-07 17:32:00.580229,0 days 00:00:01.047129,0.0008790543227523988,0.7595982236828628,medium,COMPLETE
64,0.0006946289984071097,2025-12-07 17:32:00.583699,2025-12-07 17:32:01.616327,0 days 00:00:01.032628,0.0009763364903919986,0.7036271338040009,medium,COMPLETE
65,-0.0016559721242364045,2025-12-07 17:32:01.616327,2025-12-07 17:32:02.620698,0 days 00:00:01.004371,0.0022754934288655914,0.6922959348733247,medium,COMPLETE
66,-0.00046960889364751807,2025-12-07 17:32:02.622202,2025-12-07 17:32:03.652965,0 days 00:00:01.030763,0.0010853363619193841,0.763985320310232,medium,COMPLETE
67,-0.16054298367758504,2025-12-07 17:32:03.654972,2025-12-07 17:32:05.036639,0 days 00:00:01.381667,0.00024823591791845384,0.7385648634958667,medium,COMPLETE
68,-0.0016559721242364045,2025-12-07 17:32:05.037373,2025-12-07 17:32:06.054988,0 days 00:00:01.017615,0.0014289250706612958,0.9618467644994342,medium,COMPLETE
69,-0.013859317626595388,2025-12-07 17:32:06.056996,2025-12-07 17:32:07.197562,0 days 00:00:01.140566,0.0004924727894648553,0.7031258984589775,medium,COMPLETE
70,0.0006724520938142797,2025-12-07 17:32:07.197562,2025-12-07 17:32:08.374309,0 days 00:00:01.176747,0.005360183882529722,0.09941750363166757,medium,COMPLETE
71,0.000400074500657895,2025-12-07 17:32:08.376316,2025-12-07 17:32:09.408540,0 days 00:00:01.032224,0.000986085748598729,0.4801114907634164,medium,COMPLETE
72,-0.0016559721242364045,2025-12-07 17:32:09.409551,2025-12-07 17:32:10.442679,0 days 00:00:01.033128,0.01816807700751952,0.06318390884535105,medium,COMPLETE
73,-0.0016559721242364045,2025-12-07 17:32:10.444722,2025-12-07 17:32:11.448958,0 days 00:00:01.004236,0.006064510588284687,0.30690096247253185,medium,COMPLETE
74,-0.0016559721242364045,2025-12-07 17:32:11.449964,2025-12-07 17:32:12.484645,0 days 00:00:01.034681,0.06439453685844854,0.12818117555813402,medium,COMPLETE
75,-1083.2548127141272,2025-12-07 17:32:12.484645,2025-12-07 17:32:14.160818,0 days 00:00:01.676173,0.00035915433596992027,0.2444890679464807,medium,COMPLETE
76,-0.0016559721242364045,2025-12-07 17:32:14.162893,2025-12-07 17:32:15.178154,0 days 00:00:01.015261,0.03415769500964427,0.3671448305090659,medium,COMPLETE
77,-0.0016559721242364045,2025-12-07 17:32:15.179747,2025-12-07 17:32:16.221091,0 days 00:00:01.041344,0.0031394836234172586,0.8352507350501817,medium,COMPLETE
78,-0.0016559721242364045,2025-12-07 17:32:16.222090,2025-12-07 17:32:17.233557,0 days 00:00:01.011467,0.0015981705984267753,0.9314894019103684,medium,COMPLETE
79,-0.016511756674637185,2025-12-07 17:32:17.235564,2025-12-07 17:32:18.393366,0 days 00:00:01.157802,0.0005764036724812173,0.578965438596549,medium,COMPLETE
80,-0.00032530556682982176,2025-12-07 17:32:18.394406,2025-12-07 17:32:19.413595,0 days 00:00:01.019189,0.0009260535369066287,0.8749675893706719,medium,COMPLETE
81,0.0006529310570767924,2025-12-07 17:32:19.413595,2025-12-07 17:32:20.441125,0 days 00:00:01.027530,0.0006361226904953434,0.7950060100917699,medium,COMPLETE
82,-0.013338996181614307,2025-12-07 17:32:20.441125,2025-12-07 17:32:21.561206,0 days 00:00:01.120081,0.000460562792004603,0.7587490421650805,medium,COMPLETE
83,0.00046585840027231945,2025-12-07 17:32:21.562256,2025-12-07 17:32:22.612248,0 days 00:00:01.049992,0.0007557936115467324,0.6351108735483473,medium,COMPLETE
84,-0.06557940679972891,2025-12-07 17:32:22.613259,2025-12-07 17:32:23.694577,0 days 00:00:01.081318,0.0002887726354004555,0.8012448962134727,medium,COMPLETE
85,-0.8874447631739356,2025-12-07 17:32:23.696365,2025-12-07 17:32:26.159881,0 days 00:00:02.463516,0.0001605240736339931,0.728072066830958,medium,COMPLETE
86,0.0006722366835888819,2025-12-07 17:32:26.164254,2025-12-07 17:32:27.194686,0 days 00:00:01.030432,0.0011799662679983151,0.43370553443463183,medium,COMPLETE
87,-0.001112658532543757,2025-12-07 17:32:27.195417,2025-12-07 17:32:28.323878,0 days 00:00:01.128461,0.0021226523377725287,0.4239993974287455,medium,COMPLETE
88,-0.0003091392374300339,2025-12-07 17:32:28.323878,2025-12-07 17:32:29.344797,0 days 00:00:01.020919,0.005287856194506735,0.15271741268303218,medium,COMPLETE
89,-0.0016559721242364045,2025-12-07 17:32:29.344797,2025-12-07 17:32:30.362131,0 days 00:00:01.017334,0.00129586997596377,0.9747977184875947,medium,COMPLETE
90,-529198.6243525763,2025-12-07 17:32:30.362131,2025-12-07 17:33:18.973304,0 days 00:00:48.611173,1.626177801572583e-05,0.5190633050422104,medium,COMPLETE
91,-460004.6155060958,2025-12-07 17:33:18.975638,2025-12-07 17:33:35.359157,0 days 00:00:16.383519,0.000963092835330409,0.021808952650836155,medium,COMPLETE
92,-4019.1876615222395,2025-12-07 17:33:35.359157,2025-12-07 17:33:38.480604,0 days 00:00:03.121447,0.0006087519933998444,0.08938492320068009,medium,COMPLETE
93,-0.0016559721242364045,2025-12-07 17:33:38.482609,2025-12-07 17:33:39.499674,0 days 00:00:01.017065,0.0085029724550053,0.8425282901308171,medium,COMPLETE
94,0.0008939853108806961,2025-12-07 17:33:39.499674,2025-12-07 17:33:40.533498,0 days 00:00:01.033824,0.0007784547162074955,0.815981592450115,medium,COMPLETE
95,-0.1349726282826864,2025-12-07 17:33:40.535525,2025-12-07 17:33:43.374151,0 days 00:00:02.838626,0.0008271192948578971,0.23117425657283563,medium,COMPLETE
96,-0.0016559721242364045,2025-12-07 17:33:43.376201,2025-12-07 17:33:44.283017,0 days 00:00:00.906816,0.0016249226432369732,0.8675751685778044,medium,COMPLETE
97,-0.0016559721242364045,2025-12-07 17:33:44.284753,2025-12-07 17:33:45.301307,0 days 00:00:01.016554,0.001112423618573599,0.9312072856535337,medium,COMPLETE
98,-0.0016559721242364045,2025-12-07 17:33:45.303488,2025-12-07 17:33:46.326905,0 days 00:00:01.023417,0.0025884370370528923,0.6679851082724919,medium,COMPLETE
99,-0.00934469703938349,2025-12-07 17:33:46.328788,2025-12-07 17:33:47.328264,0 days 00:00:00.999476,0.00047863281690920504,0.781656720234691,medium,COMPLETE
100,-0.047387785268200235,2025-12-07 17:33:47.330270,2025-12-07 17:33:48.609959,0 days 00:00:01.279689,0.00027800177531391333,0.8961410613245894,medium,COMPLETE
101,-0.023393892423806628,2025-12-07 17:33:48.611967,2025-12-07 17:33:49.758980,0 days 00:00:01.147013,0.0003774611592198415,0.8128321265686171,medium,COMPLETE
102,0.0004914615326087798,2025-12-07 17:33:49.760988,2025-12-07 17:33:50.809053,0 days 00:00:01.048065,0.0005865646671462611,0.8226933357321746,medium,COMPLETE
103,0.000687090661344166,2025-12-07 17:33:50.809053,2025-12-07 17:33:51.858940,0 days 00:00:01.049887,0.0007469696315520317,0.7434999451995528,medium,COMPLETE
104,0.000681724515461557,2025-12-07 17:33:51.858940,2025-12-07 17:33:52.923119,0 days 00:00:01.064179,0.0007593371565814878,0.713465040932852,medium,COMPLETE
105,0.0006835809671127032,2025-12-07 17:33:52.923119,2025-12-07 17:33:53.974956,0 days 00:00:01.051837,0.000749601545938522,0.7244491520588988,medium,COMPLETE
106,0.0006868023417697285,2025-12-07 17:33:53.976961,2025-12-07 17:33:55.059155,0 days 00:00:01.082194,0.0007795369536946625,0.7141101715827335,medium,COMPLETE
107,0.000880401120433083,2025-12-07 17:33:55.061166,2025-12-07 17:33:56.123093,0 days 00:00:01.061927,0.0009497205877398001,0.6817378352771423,medium,COMPLETE
108,0.00090062191899735,2025-12-07 17:33:56.123093,2025-12-07 17:33:57.173634,0 days 00:00:01.050541,0.0009142072652628477,0.6909698631977028,medium,COMPLETE
109,-0.0016064373635456726,2025-12-07 17:33:57.175642,2025-12-07 17:33:58.219221,0 days 00:00:01.043579,0.0014307493498191672,0.6813149630999318,medium,COMPLETE
110,6.852543825538089e-05,2025-12-07 17:33:58.219221,2025-12-07 17:33:59.243960,0 days 00:00:01.024739,0.0010093023973536531,0.7453501071657884,medium,COMPLETE
111,0.000904366750309101,2025-12-07 17:33:59.243960,2025-12-07 17:34:00.183514,0 days 00:00:00.939554,0.0009051503733179175,0.6959526032741683,medium,COMPLETE
112,0.0008158400622698311,2025-12-07 17:34:00.186064,2025-12-07 17:34:01.234427,0 days 00:00:01.048363,0.0009051868724248443,0.6459912031220854,medium,COMPLETE
113,-0.016084081279271818,2025-12-07 17:34:01.236340,2025-12-07 17:34:02.253679,0 days 00:00:01.017339,0.0005254979131005471,0.638874632104142,medium,COMPLETE
114,0.0007913837250921688,2025-12-07 17:34:02.253679,2025-12-07 17:34:03.303098,0 days 00:00:01.049419,0.0009822895836626299,0.5906364177562848,medium,COMPLETE
115,-1.3124255949348296e-05,2025-12-07 17:34:03.304390,2025-12-07 17:34:04.355452,0 days 00:00:01.051062,0.0012888335017650838,0.5936222328068413,medium,COMPLETE
116,-0.037335775278013315,2025-12-07 17:34:04.355452,2025-12-07 17:34:05.531163,0 days 00:00:01.175711,0.00043104361817566125,0.6107672000273988,medium,COMPLETE
117,-0.0016559721242364045,2025-12-07 17:34:05.531163,2025-12-07 17:34:06.613333,0 days 00:00:01.082170,0.0016733760143029367,0.6599627184699025,medium,COMPLETE
118,-0.006428771676114072,2025-12-07 17:34:06.613333,2025-12-07 17:34:07.712338,0 days 00:00:01.099005,0.0006137139782485369,0.6416882159584814,medium,COMPLETE
119,0.0008537914204220417,2025-12-07 17:34:07.712338,2025-12-07 17:34:08.843400,0 days 00:00:01.131062,0.0009489863844135009,0.6247086240839463,medium,COMPLETE
120,-0.0016559721242364045,2025-12-07 17:34:08.843400,2025-12-07 17:34:09.892717,0 days 00:00:01.049317,0.0019252141047707368,0.5690389579192605,medium,COMPLETE
121,0.0009068058652430544,2025-12-07 17:34:09.892717,2025-12-07 17:34:10.942142,0 days 00:00:01.049425,0.0008866096591064737,0.6877562019986165,medium,COMPLETE
122,0.0009171557395541985,2025-12-07 17:34:10.942142,2025-12-07 17:34:11.978476,0 days 00:00:01.036334,0.0009859290379718908,0.6257499250746432,medium,COMPLETE
123,-3.2298104191141874e-06,2025-12-07 17:34:11.981774,2025-12-07 17:34:13.012872,0 days 00:00:01.031098,0.0011282870213013684,0.6767424464016731,medium,COMPLETE
124,0.0006883200838294264,2025-12-07 17:34:13.017111,2025-12-07 17:34:14.012371,0 days 00:00:00.995260,0.0008759698396584008,0.6266807180076224,medium,COMPLETE
125,-0.013407820865260526,2025-12-07 17:34:14.012371,2025-12-07 17:34:15.160039,0 days 00:00:01.147668,0.0005057045668220826,0.6901386277699816,medium,COMPLETE
126,-0.0016559721242364045,2025-12-07 17:34:15.161856,2025-12-07 17:34:16.212801,0 days 00:00:01.050945,0.0013501932025988695,0.7613223322894866,medium,COMPLETE
127,-0.0014021276518054737,2025-12-07 17:34:16.212801,2025-12-07 17:34:17.182727,0 days 00:00:00.969926,0.0006700956931985997,0.6623462280223362,medium,COMPLETE
128,0.0007928184455343231,2025-12-07 17:34:17.182727,2025-12-07 17:34:18.216223,0 days 00:00:01.033496,0.0008889932187663623,0.6529189138000914,medium,COMPLETE
129,-0.0826183091979853,2025-12-07 17:34:18.217608,2025-12-07 17:34:19.431706,0 days 00:00:01.214098,0.00035376018369890033,0.6160514744107626,medium,COMPLETE
130,0.0009080992110032845,2025-12-07 17:34:19.431706,2025-12-07 17:34:20.475617,0 days 00:00:01.043911,0.0011077850638717987,0.5510782349716458,medium,COMPLETE
131,0.0008596574525090809,2025-12-07 17:34:20.477622,2025-12-07 17:34:21.531843,0 days 00:00:01.054221,0.0011060391316380005,0.5372526695727318,medium,COMPLETE
132,0.0008690116303053941,2025-12-07 17:34:21.535698,2025-12-07 17:34:22.578290,0 days 00:00:01.042592,0.0011313665285673544,0.5273182898460792,medium,COMPLETE
133,-0.0016559721242364045,2025-12-07 17:34:22.578290,2025-12-07 17:34:23.613699,0 days 00:00:01.035409,0.0022222411125768483,0.5242273082077075,medium,COMPLETE
134,-0.00034121943507940217,2025-12-07 17:34:23.616662,2025-12-07 17:34:24.535334,0 days 00:00:00.918672,0.0014733490024887437,0.5513571743582619,medium,COMPLETE
135,0.0008879060425347104,2025-12-07 17:34:24.535334,2025-12-07 17:34:25.571725,0 days 00:00:01.036391,0.0011780589231477267,0.5451262039496456,medium,COMPLETE
