number,value,datetime_start,datetime_complete,duration,params_enet_alpha,params_enet_l1_ratio,user_attrs_feature_level,state
267,-0.016974702666554025,2025-12-07 18:08:37.804128,2025-12-07 18:08:39.513155,0 days 00:00:01.709027,0.0005005010674435744,0.7881404918326276,extensive,COMPLETE
268,-0.0007877295931837391,2025-12-07 18:08:39.513789,2025-12-07 18:08:41.127241,0 days 00:00:01.613452,0.0008986693722901938,0.8947908832662201,extensive,COMPLETE
269,3.653370797314833e-05,2025-12-07 18:08:41.129249,2025-12-07 18:08:42.803984,0 days 00:00:01.674735,0.0006996899143675593,0.9072526245769308,extensive,COMPLETE
270,-0.0009449491686129852,2025-12-07 18:08:42.805992,2025-12-07 18:08:44.453561,0 days 00:00:01.647569,0.000570072015218417,0.9493869400275748,extensive,COMPLETE
271,-0.000828358146094906,2025-12-07 18:08:44.473081,2025-12-07 18:08:46.084824,0 days 00:00:01.611743,0.0011248662372867427,0.7224222869884922,extensive,COMPLETE
272,-0.00018698989585848777,2025-12-07 18:08:46.084824,2025-12-07 18:08:47.825268,0 days 00:00:01.740444,0.0006531490385743929,0.9152536029538156,extensive,COMPLETE
273,-0.63468383907145,2025-12-07 18:08:47.827010,2025-12-07 18:08:51.227311,0 days 00:00:03.400301,0.0005095254908377828,0.2180480631265841,extensive,COMPLETE
274,-0.03194681560681367,2025-12-07 18:08:51.227311,2025-12-07 18:08:53.000079,0 days 00:00:01.772768,0.000348930620096476,0.9614876860630764,extensive,COMPLETE
275,-0.02293980607351383,2025-12-07 18:08:53.002149,2025-12-07 18:08:54.711964,0 days 00:00:01.709815,0.0004290646410536829,0.870123450850745,extensive,COMPLETE
276,-0.021993611962561516,2025-12-07 18:08:54.713551,2025-12-07 18:08:56.415831,0 days 00:00:01.702280,0.0008274542102985098,0.4552432971431851,extensive,COMPLETE
277,-0.00048037469457569887,2025-12-07 18:08:56.415831,2025-12-07 18:08:57.970216,0 days 00:00:01.554385,0.0006948904058563497,0.8238557731027479,extensive,COMPLETE
278,-0.0012863643743455573,2025-12-07 18:08:57.970216,2025-12-07 18:08:59.602830,0 days 00:00:01.632614,0.000988617920403552,0.9364097957085973,extensive,COMPLETE
279,-0.0005203393843086582,2025-12-07 18:08:59.602830,2025-12-07 18:09:01.295165,0 days 00:00:01.692335,0.0005805659956902752,0.9810031739608439,extensive,COMPLETE
280,-0.0006070178326694394,2025-12-07 18:09:01.297173,2025-12-07 18:09:02.974036,0 days 00:00:01.676863,0.0008136400704391017,0.9092279913305911,extensive,COMPLETE
281,-1.0494297081701613e-06,2025-12-07 18:09:02.976043,2025-12-07 18:09:04.617692,0 days 00:00:01.641649,0.0006582781820376297,0.9514762605610219,extensive,COMPLETE
282,-0.009265754828453118,2025-12-07 18:09:04.617692,2025-12-07 18:09:06.359052,0 days 00:00:01.741360,0.00046458241185989363,0.9275677104794395,extensive,COMPLETE
283,-0.001051728177595727,2025-12-07 18:09:06.360354,2025-12-07 18:09:08.018984,0 days 00:00:01.658630,0.0005503127609333982,0.9713638041817475,extensive,COMPLETE
284,-3.2239476905152976e-05,2025-12-07 18:09:08.020990,2025-12-07 18:09:09.650032,0 days 00:00:01.629042,0.0007525985204057573,0.8841282611922334,extensive,COMPLETE
285,-0.0012418545400669039,2025-12-07 18:09:09.652128,2025-12-07 18:09:11.298972,0 days 00:00:01.646844,0.000953858660559074,0.9482083314388647,extensive,COMPLETE
286,1.3740650880185909e-05,2025-12-07 18:09:11.300116,2025-12-07 18:09:12.944372,0 days 00:00:01.644256,0.0006535144794081778,0.9986896446509697,extensive,COMPLETE
287,-0.009049737039016459,2025-12-07 18:09:12.944372,2025-12-07 18:09:14.545790,0 days 00:00:01.601418,0.0004422437285550414,0.9773518654886346,extensive,COMPLETE
288,-0.02992621815568719,2025-12-07 18:09:14.545790,2025-12-07 18:09:16.174643,0 days 00:00:01.628853,0.0006078529511708515,0.5652183489556901,extensive,COMPLETE
289,-0.0007255292867607288,2025-12-07 18:09:16.174643,2025-12-07 18:09:17.836749,0 days 00:00:01.662106,0.0008537976356582181,0.9259671775784475,extensive,COMPLETE
290,-0.00033349935095102384,2025-12-07 18:09:17.838756,2025-12-07 18:09:19.486977,0 days 00:00:01.648221,0.0007336559937614038,0.9636112750032721,extensive,COMPLETE
291,-0.0016382176271962923,2025-12-07 18:09:19.488985,2025-12-07 18:09:21.146088,0 days 00:00:01.657103,0.0011787392906727277,0.9093423053667502,extensive,COMPLETE
292,-0.0010808469755977008,2025-12-07 18:09:21.146088,2025-12-07 18:09:22.830900,0 days 00:00:01.684812,0.0005334063013717114,0.9990211008947135,extensive,COMPLETE
293,3.605133956496864e-05,2025-12-07 18:09:22.832670,2025-12-07 18:09:24.485641,0 days 00:00:01.652971,0.000676657658317323,0.9379436868981297,extensive,COMPLETE
294,-0.00014229506284380022,2025-12-07 18:09:24.485641,2025-12-07 18:09:26.149416,0 days 00:00:01.663775,0.0006404211272263627,0.9445926442643253,extensive,COMPLETE
295,-0.0035709268765854083,2025-12-07 18:09:26.150281,2025-12-07 18:09:27.858855,0 days 00:00:01.708574,0.0004887977105342785,0.9637967988035195,extensive,COMPLETE
296,-0.001235965310919888,2025-12-07 18:09:27.860863,2025-12-07 18:09:29.493287,0 days 00:00:01.632424,0.0009216575086769917,0.9782167082451585,extensive,COMPLETE
297,-0.0013203381960834963,2025-12-07 18:09:29.494840,2025-12-07 18:09:31.199578,0 days 00:00:01.704738,0.0005568573152715359,0.9375238420339903,extensive,COMPLETE
298,-0.023838170807710002,2025-12-07 18:09:31.199578,2025-12-07 18:09:32.937249,0 days 00:00:01.737671,0.00038675157421766063,0.9550610211163801,extensive,COMPLETE
299,-0.0005715741117104193,2025-12-07 18:09:32.939256,2025-12-07 18:09:34.583534,0 days 00:00:01.644278,0.0007495160387630577,0.9800396385965341,extensive,COMPLETE
