number,value,datetime_start,datetime_complete,duration,params_lasso_alpha,user_attrs_feature_level,state
0,-0.0016559721242364045,2025-12-07 17:00:35.717594,2025-12-07 17:00:35.997456,0 days 00:00:00.279862,0.0074593432857265485,simple2,COMPLETE
1,-0.0016559721242364045,2025-12-07 17:00:35.998939,2025-12-07 17:00:36.289806,0 days 00:00:00.290867,5.669849511478847,simple2,COMPLETE
2,-0.0016559721242364045,2025-12-07 17:00:36.290812,2025-12-07 17:00:36.590617,0 days 00:00:00.299805,0.4570563099801455,simple2,COMPLETE
3,-0.0016559721242364045,2025-12-07 17:00:36.590617,2025-12-07 17:00:36.902524,0 days 00:00:00.311907,0.09846738873614563,simple2,COMPLETE
4,0.0001406080743682573,2025-12-07 17:00:36.902524,2025-12-07 17:00:37.214877,0 days 00:00:00.312353,0.0006026889128682511,simple2,COMPLETE
5,0.00014131802020911355,2025-12-07 17:00:37.214877,2025-12-07 17:00:37.527669,0 days 00:00:00.312792,0.000602521573620386,simple2,COMPLETE
6,-0.06644468324332298,2025-12-07 17:00:37.528673,2025-12-07 17:00:37.840253,0 days 00:00:00.311580,0.00019517224641449495,simple2,COMPLETE
7,-0.0016559721242364045,2025-12-07 17:00:37.840253,2025-12-07 17:00:38.129099,0 days 00:00:00.288846,2.1423021757741068,simple2,COMPLETE
8,-0.0016559721242364045,2025-12-07 17:00:38.130103,2025-12-07 17:00:38.435143,0 days 00:00:00.305040,0.10129197956845731,simple2,COMPLETE
9,-0.0016559721242364045,2025-12-07 17:00:38.436156,2025-12-07 17:00:38.731755,0 days 00:00:00.295599,0.3470266988650412,simple2,COMPLETE
10,-0.0016559721242364045,2025-12-07 17:00:38.731755,2025-12-07 17:00:39.026754,0 days 00:00:00.294999,0.0036035178201071797,simple2,COMPLETE
11,-0.29018280630080856,2025-12-07 17:00:39.027264,2025-12-07 17:00:39.356993,0 days 00:00:00.329729,0.00010359916440554263,simple2,COMPLETE
12,-0.0016426797902154473,2025-12-07 17:00:39.356993,2025-12-07 17:00:39.667111,0 days 00:00:00.310118,0.0010735378215036783,simple2,COMPLETE
13,-0.0010716451142991357,2025-12-07 17:00:39.667985,2025-12-07 17:00:39.958251,0 days 00:00:00.290266,0.0008645528610564826,simple2,COMPLETE
14,-0.0016559721242364045,2025-12-07 17:00:39.958251,2025-12-07 17:00:40.263163,0 days 00:00:00.304912,0.009683790422339342,simple2,COMPLETE
15,-0.0008366162732877195,2025-12-07 17:00:40.265173,2025-12-07 17:00:40.561460,0 days 00:00:00.296287,0.0008146970248165323,simple2,COMPLETE
16,-0.015342722071851536,2025-12-07 17:00:40.562467,2025-12-07 17:00:40.872456,0 days 00:00:00.309989,0.00029837746301121656,simple2,COMPLETE
17,-0.0016559721242364045,2025-12-07 17:00:40.872456,2025-12-07 17:00:41.185015,0 days 00:00:00.312559,0.01932360965321236,simple2,COMPLETE
18,-0.0016559721242364045,2025-12-07 17:00:41.186019,2025-12-07 17:00:41.507171,0 days 00:00:00.321152,0.004579169815969729,simple2,COMPLETE
19,-0.0016559721242364045,2025-12-07 17:00:41.507171,2025-12-07 17:00:41.814314,0 days 00:00:00.307143,0.001825302404290731,simple2,COMPLETE
20,-0.0016559721242364045,2025-12-07 17:00:41.814314,2025-12-07 17:00:42.122331,0 days 00:00:00.308017,0.04633043521124795,simple2,COMPLETE
21,-0.00012712899715994208,2025-12-07 17:00:42.122331,2025-12-07 17:00:42.426805,0 days 00:00:00.304474,0.0005078929047587406,simple2,COMPLETE
22,-0.003183108083501492,2025-12-07 17:00:42.427313,2025-12-07 17:00:42.730767,0 days 00:00:00.303454,0.00041165833877968575,simple2,COMPLETE
23,-0.0016559721242364045,2025-12-07 17:00:42.730767,2025-12-07 17:00:43.027031,0 days 00:00:00.296264,0.0019069508654554663,simple2,COMPLETE
24,-0.17364831883826834,2025-12-07 17:00:43.027538,2025-12-07 17:00:43.325045,0 days 00:00:00.297507,0.0001352710343160136,simple2,COMPLETE
25,-0.006581884720894789,2025-12-07 17:00:43.326049,2025-12-07 17:00:43.622276,0 days 00:00:00.296227,0.00036124964043704927,simple2,COMPLETE
26,-0.0016559721242364045,2025-12-07 17:00:43.622276,2025-12-07 17:00:43.919697,0 days 00:00:00.297421,0.002154851188001226,simple2,COMPLETE
27,0.00013786143314694263,2025-12-07 17:00:43.919697,2025-12-07 17:00:44.209046,0 days 00:00:00.289349,0.0006033175476678097,simple2,COMPLETE
28,-0.0016559721242364045,2025-12-07 17:00:44.210050,2025-12-07 17:00:44.496808,0 days 00:00:00.286758,0.01505345110786249,simple2,COMPLETE
29,-0.0016559721242364045,2025-12-07 17:00:44.496808,2025-12-07 17:00:44.777551,0 days 00:00:00.280743,0.007788333626887665,simple2,COMPLETE
30,-0.0016559721242364045,2025-12-07 17:00:44.778216,2025-12-07 17:00:45.075641,0 days 00:00:00.297425,0.003778628826890182,simple2,COMPLETE
31,-0.0003411651610638981,2025-12-07 17:00:45.076651,2025-12-07 17:00:45.373246,0 days 00:00:00.296595,0.00046042181370349106,simple2,COMPLETE
32,0.00016817637864903942,2025-12-07 17:00:45.374313,2025-12-07 17:00:45.686085,0 days 00:00:00.311772,0.0005959439946187845,simple2,COMPLETE
33,-0.0016559721242364045,2025-12-07 17:00:45.686085,2025-12-07 17:00:45.981652,0 days 00:00:00.295567,0.0012086006550743914,simple2,COMPLETE
34,-0.04085598055751986,2025-12-07 17:00:45.981652,2025-12-07 17:00:46.293187,0 days 00:00:00.311535,0.0002291027226303695,simple2,COMPLETE
35,-0.00010672326384908448,2025-12-07 17:00:46.293187,2025-12-07 17:00:46.597967,0 days 00:00:00.304780,0.0006622599815293231,simple2,COMPLETE
36,-0.11448921795450029,2025-12-07 17:00:46.597967,2025-12-07 17:00:46.905887,0 days 00:00:00.307920,0.00016234677172838175,simple2,COMPLETE
37,-0.0016559721242364045,2025-12-07 17:00:46.906892,2025-12-07 17:00:47.209061,0 days 00:00:00.302169,9.551743658898701,simple2,COMPLETE
38,-0.0016559721242364045,2025-12-07 17:00:47.209061,2025-12-07 17:00:47.513380,0 days 00:00:00.304319,1.7178317166633594,simple2,COMPLETE
39,-0.0016559721242364045,2025-12-07 17:00:47.513380,2025-12-07 17:00:47.810284,0 days 00:00:00.296904,0.002818239024859027,simple2,COMPLETE
40,-0.0016559721242364045,2025-12-07 17:00:47.810284,2025-12-07 17:00:48.112179,0 days 00:00:00.301895,0.0012056614085382612,simple2,COMPLETE
41,-3.7939930223200115e-05,2025-12-07 17:00:48.113429,2025-12-07 17:00:48.420785,0 days 00:00:00.307356,0.0006503260573439714,simple2,COMPLETE
42,-0.03880108680925746,2025-12-07 17:00:48.421788,2025-12-07 17:00:48.747814,0 days 00:00:00.326026,0.00023251552830485026,simple2,COMPLETE
43,-0.00012517797912192652,2025-12-07 17:00:48.748819,2025-12-07 17:00:49.076297,0 days 00:00:00.327478,0.0006653791962641976,simple2,COMPLETE
44,-0.0016559721242364045,2025-12-07 17:00:49.076808,2025-12-07 17:00:49.389059,0 days 00:00:00.312251,0.2761515974037503,simple2,COMPLETE
45,-0.0016559721242364045,2025-12-07 17:00:49.389059,2025-12-07 17:00:49.701646,0 days 00:00:00.312587,0.0013515485054136644,simple2,COMPLETE
46,-0.2610466951033584,2025-12-07 17:00:49.701646,2025-12-07 17:00:50.013705,0 days 00:00:00.312059,0.00010935767944590784,simple2,COMPLETE
47,-0.02948571301878004,2025-12-07 17:00:50.013705,2025-12-07 17:00:50.313653,0 days 00:00:00.299948,0.00024962037724843294,simple2,COMPLETE
48,-0.0016559721242364045,2025-12-07 17:00:50.313653,2025-12-07 17:00:50.644313,0 days 00:00:00.330660,0.005028183372852883,simple2,COMPLETE
49,-0.00013033763737013704,2025-12-07 17:00:50.645320,2025-12-07 17:00:50.951663,0 days 00:00:00.306343,0.000666414385137066,simple2,COMPLETE
50,-0.0016559721242364045,2025-12-07 17:00:50.952668,2025-12-07 17:00:51.249047,0 days 00:00:00.296379,0.03644635262407314,simple2,COMPLETE
51,-0.00032932448573079015,2025-12-07 17:00:51.249047,2025-12-07 17:00:51.542307,0 days 00:00:00.293260,0.0007011796293361658,simple2,COMPLETE
52,-0.0016559721242364045,2025-12-07 17:00:51.542307,2025-12-07 17:00:51.857743,0 days 00:00:00.315436,0.001591741804392406,simple2,COMPLETE
53,-0.0076349727199240824,2025-12-07 17:00:51.857743,2025-12-07 17:00:52.155589,0 days 00:00:00.297846,0.00034841557234053676,simple2,COMPLETE
54,-0.0014160841308810863,2025-12-07 17:00:52.157161,2025-12-07 17:00:52.447745,0 days 00:00:00.290584,0.000983659300347598,simple2,COMPLETE
55,-4.2458302068134245e-05,2025-12-07 17:00:52.448257,2025-12-07 17:00:52.762771,0 days 00:00:00.314514,0.000523847257198303,simple2,COMPLETE
56,-0.0016559721242364045,2025-12-07 17:00:52.763815,2025-12-07 17:00:53.060221,0 days 00:00:00.296406,0.002638002595744201,simple2,COMPLETE
57,-0.0655958237511743,2025-12-07 17:00:53.060221,2025-12-07 17:00:53.362547,0 days 00:00:00.302326,0.00019616784699844737,simple2,COMPLETE
58,-0.00028747662249128947,2025-12-07 17:00:53.363058,2025-12-07 17:00:53.655280,0 days 00:00:00.292222,0.00046715361701820074,simple2,COMPLETE
59,-0.015845523257479528,2025-12-07 17:00:53.655790,2025-12-07 17:00:53.966946,0 days 00:00:00.311156,0.0002959938231945327,simple2,COMPLETE
60,-0.0016559721242364045,2025-12-07 17:00:53.967952,2025-12-07 17:00:54.279296,0 days 00:00:00.311344,0.143861493238921,simple2,COMPLETE
61,-0.0003785052069980033,2025-12-07 17:00:54.279296,2025-12-07 17:00:54.608170,0 days 00:00:00.328874,0.0007086357360054424,simple2,COMPLETE
62,-0.0008162360574868929,2025-12-07 17:00:54.608170,2025-12-07 17:00:54.935438,0 days 00:00:00.327268,0.0004468360244426663,simple2,COMPLETE
63,-0.0015943400385663626,2025-12-07 17:00:54.935438,2025-12-07 17:00:55.227915,0 days 00:00:00.292477,0.0010553463674435948,simple2,COMPLETE
64,0.0001380840442817647,2025-12-07 17:00:55.228426,2025-12-07 17:00:55.544926,0 days 00:00:00.316500,0.0005642285916789913,simple2,COMPLETE
65,-0.14895933331661282,2025-12-07 17:00:55.546145,2025-12-07 17:00:55.862847,0 days 00:00:00.316702,0.00014575096349001083,simple2,COMPLETE
66,-0.0016559721242364045,2025-12-07 17:00:55.863355,2025-12-07 17:00:56.155230,0 days 00:00:00.291875,0.005764543229713059,simple2,COMPLETE
67,-0.0016559721242364045,2025-12-07 17:00:56.155739,2025-12-07 17:00:56.435799,0 days 00:00:00.280060,0.0018554740093686861,simple2,COMPLETE
68,-0.0016559721242364045,2025-12-07 17:00:56.435799,2025-12-07 17:00:56.729975,0 days 00:00:00.294176,0.0030113749141193725,simple2,COMPLETE
69,4.842260522293825e-05,2025-12-07 17:00:56.729975,2025-12-07 17:00:57.013895,0 days 00:00:00.283920,0.0005407556380870594,simple2,COMPLETE
70,-0.3041261356133235,2025-12-07 17:00:57.013895,2025-12-07 17:00:57.312030,0 days 00:00:00.298135,0.00010114857178489314,simple2,COMPLETE
71,-0.009694500664408356,2025-12-07 17:00:57.312537,2025-12-07 17:00:57.622268,0 days 00:00:00.309731,0.0003317499274649971,simple2,COMPLETE
72,8.022135296966344e-05,2025-12-07 17:00:57.622268,2025-12-07 17:00:57.920058,0 days 00:00:00.297790,0.000547462706921012,simple2,COMPLETE
73,-0.0011542273827487293,2025-12-07 17:00:57.920560,2025-12-07 17:00:58.202671,0 days 00:00:00.282111,0.0008829189272740405,simple2,COMPLETE
74,-0.08431775465738552,2025-12-07 17:00:58.202671,2025-12-07 17:00:58.514997,0 days 00:00:00.312326,0.00017864213987177433,simple2,COMPLETE
75,-0.0016559721242364045,2025-12-07 17:00:58.514997,2025-12-07 17:00:58.811340,0 days 00:00:00.296343,0.0014400779467517268,simple2,COMPLETE
76,-0.0001955620631389395,2025-12-07 17:00:58.812352,2025-12-07 17:00:59.095154,0 days 00:00:00.282802,0.0004900611525610884,simple2,COMPLETE
77,-0.019272684366707666,2025-12-07 17:00:59.096194,2025-12-07 17:00:59.451380,0 days 00:00:00.355186,0.0002806259685751827,simple2,COMPLETE
78,-0.0016559721242364045,2025-12-07 17:00:59.452390,2025-12-07 17:00:59.748829,0 days 00:00:00.296439,0.002253823167741802,simple2,COMPLETE
79,-0.0016559721242364045,2025-12-07 17:00:59.748829,2025-12-07 17:01:00.045933,0 days 00:00:00.297104,1.1748124164727554,simple2,COMPLETE
80,-0.0016559721242364045,2025-12-07 17:01:00.046447,2025-12-07 17:01:00.335122,0 days 00:00:00.288675,0.01246752483155351,simple2,COMPLETE
81,9.856922770146159e-05,2025-12-07 17:01:00.335122,2025-12-07 17:01:00.623639,0 days 00:00:00.288517,0.0005516476202867599,simple2,COMPLETE
82,-0.0013739819801395676,2025-12-07 17:01:00.624643,2025-12-07 17:01:00.919739,0 days 00:00:00.295096,0.0009654797915915992,simple2,COMPLETE
83,0.00010821331481566017,2025-12-07 17:01:00.919739,2025-12-07 17:01:01.217834,0 days 00:00:00.298095,0.0006132829272077221,simple2,COMPLETE
84,0.00014051078314680776,2025-12-07 17:01:01.217834,2025-12-07 17:01:01.510090,0 days 00:00:00.292256,0.0005649323273279052,simple2,COMPLETE
85,-0.006019722779007604,2025-12-07 17:01:01.511094,2025-12-07 17:01:01.810878,0 days 00:00:00.299784,0.00036813754082818176,simple2,COMPLETE
86,-0.0016559721242364045,2025-12-07 17:01:01.810878,2025-12-07 17:01:02.201910,0 days 00:00:00.391032,0.0012575442899286026,simple2,COMPLETE
87,-0.0006509420117488304,2025-12-07 17:01:02.201910,2025-12-07 17:01:02.483450,0 days 00:00:00.281540,0.0007695466143595933,simple2,COMPLETE
88,-0.05415462861891607,2025-12-07 17:01:02.484454,2025-12-07 17:01:02.777444,0 days 00:00:00.292990,0.0002097731645083854,simple2,COMPLETE
89,-0.005153563616692909,2025-12-07 17:01:02.778480,2025-12-07 17:01:03.076778,0 days 00:00:00.298298,0.00037959168777832266,simple2,COMPLETE
90,-0.0016559721242364045,2025-12-07 17:01:03.077786,2025-12-07 17:01:03.388773,0 days 00:00:00.310987,0.001668761965510396,simple2,COMPLETE
91,-0.00028705155512646446,2025-12-07 17:01:03.389777,2025-12-07 17:01:03.685776,0 days 00:00:00.295999,0.0004672096013646905,simple2,COMPLETE
92,3.3306069846713214e-05,2025-12-07 17:01:03.685776,2025-12-07 17:01:03.983032,0 days 00:00:00.297256,0.0006352675238010466,simple2,COMPLETE
93,-0.02166908813989617,2025-12-07 17:01:03.983032,2025-12-07 17:01:04.280406,0 days 00:00:00.297374,0.000271151928659072,simple2,COMPLETE
94,-0.001132585043561433,2025-12-07 17:01:04.280406,2025-12-07 17:01:04.569077,0 days 00:00:00.288671,0.0008781925307744682,simple2,COMPLETE
95,0.00016653747941249483,2025-12-07 17:01:04.570211,2025-12-07 17:01:04.859993,0 days 00:00:00.289782,0.0005735710783958702,simple2,COMPLETE
96,-0.0015698948690604138,2025-12-07 17:01:04.859993,2025-12-07 17:01:05.149606,0 days 00:00:00.289613,0.001045962090880242,simple2,COMPLETE
97,0.00019742257196013005,2025-12-07 17:01:05.149606,2025-12-07 17:01:05.445290,0 days 00:00:00.295684,0.0005870617935282341,simple2,COMPLETE
98,-0.0041167204281909635,2025-12-07 17:01:05.445290,2025-12-07 17:01:05.749180,0 days 00:00:00.303890,0.000395247549464959,simple2,COMPLETE
99,-0.0016559721242364045,2025-12-07 17:01:05.749180,2025-12-07 17:01:06.045339,0 days 00:00:00.296159,0.060857377538644244,simple2,COMPLETE
100,-0.1321783541162563,2025-12-07 17:01:06.045339,2025-12-07 17:01:06.342905,0 days 00:00:00.297566,0.00015353561468781402,simple2,COMPLETE
101,0.00011311441113581733,2025-12-07 17:01:06.342905,2025-12-07 17:01:06.639477,0 days 00:00:00.296572,0.0005557981220500975,simple2,COMPLETE
102,6.065426480976003e-05,2025-12-07 17:01:06.639477,2025-12-07 17:01:06.945373,0 days 00:00:00.305896,0.0006283362914291671,simple2,COMPLETE
103,-0.0016559721242364045,2025-12-07 17:01:06.946882,2025-12-07 17:01:07.236113,0 days 00:00:00.289231,0.0011771950629952538,simple2,COMPLETE
104,-0.0008159598960505073,2025-12-07 17:01:07.236610,2025-12-07 17:01:07.530775,0 days 00:00:00.294165,0.0008105750189992851,simple2,COMPLETE
105,-0.013565514807952908,2025-12-07 17:01:07.530775,2025-12-07 17:01:07.843310,0 days 00:00:00.312535,0.0003077896538959236,simple2,COMPLETE
106,-0.03842611633387542,2025-12-07 17:01:07.844819,2025-12-07 17:01:08.145487,0 days 00:00:00.300668,0.00023317102263251504,simple2,COMPLETE
107,0.0001036759710796679,2025-12-07 17:01:08.145487,2025-12-07 17:01:08.463783,0 days 00:00:00.318296,0.0005529580029249313,simple2,COMPLETE
108,-0.0016559721242364045,2025-12-07 17:01:08.464290,2025-12-07 17:01:08.778424,0 days 00:00:00.314134,0.002126874321527726,simple2,COMPLETE
109,-0.0016559721242364045,2025-12-07 17:01:08.779297,2025-12-07 17:01:09.095552,0 days 00:00:00.316255,0.001567692459055041,simple2,COMPLETE
110,-0.003170173809853923,2025-12-07 17:01:09.097063,2025-12-07 17:01:09.413812,0 days 00:00:00.316749,0.00041180956778617475,simple2,COMPLETE
111,-0.0006537329605909395,2025-12-07 17:01:09.415181,2025-12-07 17:01:09.745615,0 days 00:00:00.330434,0.0007730619304375857,simple2,COMPLETE
112,0.00015551666535329467,2025-12-07 17:01:09.745615,2025-12-07 17:01:10.046569,0 days 00:00:00.300954,0.0005696261114168642,simple2,COMPLETE
113,0.0001481154868591498,2025-12-07 17:01:10.048265,2025-12-07 17:01:10.343738,0 days 00:00:00.295473,0.0005672306980209919,simple2,COMPLETE
114,-0.008064747709235856,2025-12-07 17:01:10.345245,2025-12-07 17:01:10.654449,0 days 00:00:00.309204,0.00034422580906926496,simple2,COMPLETE
115,-0.0013350535123590006,2025-12-07 17:01:10.654449,2025-12-07 17:01:10.951812,0 days 00:00:00.297363,0.000948166756475664,simple2,COMPLETE
116,-0.20745430294546222,2025-12-07 17:01:10.952816,2025-12-07 17:01:11.261571,0 days 00:00:00.308755,0.0001221214683643462,simple2,COMPLETE
117,-0.0016559721242364045,2025-12-07 17:01:11.261571,2025-12-07 17:01:11.576745,0 days 00:00:00.315174,0.02233953718061218,simple2,COMPLETE
118,-0.0016559721242364045,2025-12-07 17:01:11.582362,2025-12-07 17:01:11.889981,0 days 00:00:00.307619,0.0014141788477268905,simple2,COMPLETE
119,-0.023865082014276468,2025-12-07 17:01:11.890985,2025-12-07 17:01:12.202458,0 days 00:00:00.311473,0.0002631399304766536,simple2,COMPLETE
120,-0.06802125397525671,2025-12-07 17:01:12.202458,2025-12-07 17:01:12.504474,0 days 00:00:00.302016,0.00019332651419622356,simple2,COMPLETE
121,0.000179352564837069,2025-12-07 17:01:12.504474,2025-12-07 17:01:12.811523,0 days 00:00:00.307049,0.0005929404011306638,simple2,COMPLETE
122,0.0001177234687540496,2025-12-07 17:01:12.811523,2025-12-07 17:01:13.115200,0 days 00:00:00.303677,0.0006094573533103804,simple2,COMPLETE
123,-0.0008854429958295255,2025-12-07 17:01:13.115200,2025-12-07 17:01:13.422030,0 days 00:00:00.306830,0.00044522199133364884,simple2,COMPLETE
124,-0.0006425803375831688,2025-12-07 17:01:13.423034,2025-12-07 17:01:13.734084,0 days 00:00:00.311050,0.000755592375967818,simple2,COMPLETE
125,-0.0016559721242364045,2025-12-07 17:01:13.735089,2025-12-07 17:01:14.029096,0 days 00:00:00.294007,0.0012465215787070107,simple2,COMPLETE
126,-0.00019058499925421005,2025-12-07 17:01:14.029602,2025-12-07 17:01:14.344393,0 days 00:00:00.314791,0.0004911527033752468,simple2,COMPLETE
127,-0.011532298149610468,2025-12-07 17:01:14.345403,2025-12-07 17:01:14.653440,0 days 00:00:00.308037,0.00031972627862779124,simple2,COMPLETE
128,-0.0014865603524003568,2025-12-07 17:01:14.653440,2025-12-07 17:01:14.960933,0 days 00:00:00.307493,0.0010129503488321924,simple2,COMPLETE
129,-4.679944198474987e-05,2025-12-07 17:01:14.960933,2025-12-07 17:01:15.279703,0 days 00:00:00.318770,0.0006519884239704075,simple2,COMPLETE
130,-0.0029849199987900623,2025-12-07 17:01:15.279703,2025-12-07 17:01:15.595953,0 days 00:00:00.316250,0.0004140073211496481,simple2,COMPLETE
131,-0.0006502409102274731,2025-12-07 17:01:15.595953,2025-12-07 17:01:15.905350,0 days 00:00:00.309397,0.0007686636186761397,simple2,COMPLETE
132,0.0001948507597563376,2025-12-07 17:01:15.906355,2025-12-07 17:01:16.196937,0 days 00:00:00.290582,0.0005884249316924216,simple2,COMPLETE
133,-0.000258641190009401,2025-12-07 17:01:16.197729,2025-12-07 17:01:16.561853,0 days 00:00:00.364124,0.00047269285108444216,simple2,COMPLETE
134,0.00012011434617442696,2025-12-07 17:01:16.561853,2025-12-07 17:01:16.895970,0 days 00:00:00.334117,0.0006084233673296557,simple2,COMPLETE
135,-0.0012764797995252763,2025-12-07 17:01:16.895970,2025-12-07 17:01:17.229343,0 days 00:00:00.333373,0.0009211022477646669,simple2,COMPLETE
136,-0.00729718771723246,2025-12-07 17:01:17.230356,2025-12-07 17:01:17.546395,0 days 00:00:00.316039,0.00035240317012051126,simple2,COMPLETE
137,-4.430455141439064e-05,2025-12-07 17:01:17.547403,2025-12-07 17:01:17.836677,0 days 00:00:00.289274,0.0006515244483001833,simple2,COMPLETE
138,-0.02462221604884814,2025-12-07 17:01:17.837681,2025-12-07 17:01:18.142273,0 days 00:00:00.304592,0.00026076137753442964,simple2,COMPLETE
139,-0.0016559721242364045,2025-12-07 17:01:18.142273,2025-12-07 17:01:18.468973,0 days 00:00:00.326700,0.0010913425103280128,simple2,COMPLETE
140,-0.0007821942285376841,2025-12-07 17:01:18.468973,2025-12-07 17:01:18.796238,0 days 00:00:00.327265,0.0008037147268196716,simple2,COMPLETE
141,6.616973138036848e-05,2025-12-07 17:01:18.797747,2025-12-07 17:01:19.109918,0 days 00:00:00.312171,0.0005444388925115286,simple2,COMPLETE
142,0.00013858050059933902,2025-12-07 17:01:19.109918,2025-12-07 17:01:19.435944,0 days 00:00:00.326026,0.0005643714750252366,simple2,COMPLETE
143,-0.0039023592575317956,2025-12-07 17:01:19.435944,2025-12-07 17:01:19.749883,0 days 00:00:00.313939,0.0003989614247088133,simple2,COMPLETE
144,-0.0016559721242364045,2025-12-07 17:01:19.749883,2025-12-07 17:01:20.058253,0 days 00:00:00.308370,3.9629313768031795,simple2,COMPLETE
145,0.00017783612754940226,2025-12-07 17:01:20.058253,2025-12-07 17:01:20.344995,0 days 00:00:00.286742,0.0005779539684798381,simple2,COMPLETE
146,-0.011178770642751412,2025-12-07 17:01:20.345996,2025-12-07 17:01:20.672314,0 days 00:00:00.326318,0.0003219033759403466,simple2,COMPLETE
147,-0.0010053970181642669,2025-12-07 17:01:20.673317,2025-12-07 17:01:21.008267,0 days 00:00:00.334950,0.0008491169520660699,simple2,COMPLETE
148,-0.0003154363475253996,2025-12-07 17:01:21.008267,2025-12-07 17:01:21.329823,0 days 00:00:00.321556,0.000463567894741749,simple2,COMPLETE
149,-0.0016559721242364045,2025-12-07 17:01:21.330330,2025-12-07 17:01:21.625433,0 days 00:00:00.295103,0.001132986376585013,simple2,COMPLETE
150,-0.0001331787831252429,2025-12-07 17:01:21.625433,2025-12-07 17:01:21.922610,0 days 00:00:00.297177,0.0006669806489004696,simple2,COMPLETE
151,0.00016507600268189648,2025-12-07 17:01:21.922610,2025-12-07 17:01:22.218912,0 days 00:00:00.296302,0.0005730165031134959,simple2,COMPLETE
152,-0.004261539921459871,2025-12-07 17:01:22.218912,2025-12-07 17:01:22.516176,0 days 00:00:00.297264,0.00039281735119481504,simple2,COMPLETE
