number,value,datetime_start,datetime_complete,duration,params_lasso_alpha,user_attrs_feature_level,state
0,-0.0016559721242364045,2025-12-07 17:14:41.231663,2025-12-07 17:14:42.938315,0 days 00:00:01.706652,0.0074593432857265485,extensive,COMPLETE
1,-0.0016559721242364045,2025-12-07 17:14:42.938315,2025-12-07 17:14:44.662364,0 days 00:00:01.724049,5.669849511478847,extensive,COMPLETE
2,-0.0016559721242364045,2025-12-07 17:14:44.662364,2025-12-07 17:14:46.386485,0 days 00:00:01.724121,0.4570563099801455,extensive,COMPLETE
3,-0.0016559721242364045,2025-12-07 17:14:46.386485,2025-12-07 17:14:48.050289,0 days 00:00:01.663804,0.09846738873614563,extensive,COMPLETE
4,-0.00015244632443785674,2025-12-07 17:14:48.050289,2025-12-07 17:14:49.823618,0 days 00:00:01.773329,0.0006026889128682511,extensive,COMPLETE
5,-0.00015324740669890127,2025-12-07 17:14:49.824694,2025-12-07 17:14:51.563982,0 days 00:00:01.739288,0.000602521573620386,extensive,COMPLETE
6,-0.151916170390906,2025-12-07 17:14:51.563982,2025-12-07 17:14:53.790578,0 days 00:00:02.226596,0.00019517224641449495,extensive,COMPLETE
7,-0.0016559721242364045,2025-12-07 17:14:53.790578,2025-12-07 17:14:55.453502,0 days 00:00:01.662924,2.1423021757741068,extensive,COMPLETE
8,-0.0016559721242364045,2025-12-07 17:14:55.453502,2025-12-07 17:14:57.116044,0 days 00:00:01.662542,0.10129197956845731,extensive,COMPLETE
9,-0.0016559721242364045,2025-12-07 17:14:57.118047,2025-12-07 17:14:58.843087,0 days 00:00:01.725040,0.3470266988650412,extensive,COMPLETE
10,-0.0016559721242364045,2025-12-07 17:14:58.843087,2025-12-07 17:15:00.548606,0 days 00:00:01.705519,0.0036035178201071797,extensive,COMPLETE
11,-0.9983572100270838,2025-12-07 17:15:00.548606,2025-12-07 17:15:03.608480,0 days 00:00:03.059874,0.00010359916440554263,extensive,COMPLETE
12,-0.0016426797902154473,2025-12-07 17:15:03.608480,2025-12-07 17:15:05.290123,0 days 00:00:01.681643,0.0010735378215036783,extensive,COMPLETE
13,-0.0010716451142991357,2025-12-07 17:15:05.291345,2025-12-07 17:15:06.995065,0 days 00:00:01.703720,0.0008645528610564826,extensive,COMPLETE
14,-0.0016559721242364045,2025-12-07 17:15:06.995065,2025-12-07 17:15:08.706702,0 days 00:00:01.711637,0.009683790422339342,extensive,COMPLETE
15,-0.0008383296674938645,2025-12-07 17:15:08.707205,2025-12-07 17:15:10.398830,0 days 00:00:01.691625,0.0008146970248165323,extensive,COMPLETE
16,-0.0418339946160066,2025-12-07 17:15:10.398830,2025-12-07 17:15:12.263308,0 days 00:00:01.864478,0.00029837746301121656,extensive,COMPLETE
17,-0.0016559721242364045,2025-12-07 17:15:12.263308,2025-12-07 17:15:13.988553,0 days 00:00:01.725245,0.01932360965321236,extensive,COMPLETE
18,-0.0016559721242364045,2025-12-07 17:15:13.988553,2025-12-07 17:15:15.667192,0 days 00:00:01.678639,0.004579169815969729,extensive,COMPLETE
19,-0.0016559721242364045,2025-12-07 17:15:15.669195,2025-12-07 17:15:17.361535,0 days 00:00:01.692340,0.001825302404290731,extensive,COMPLETE
20,-0.0016559721242364045,2025-12-07 17:15:17.361535,2025-12-07 17:15:19.054961,0 days 00:00:01.693426,0.04633043521124795,extensive,COMPLETE
21,-0.0017467949838709436,2025-12-07 17:15:19.054961,2025-12-07 17:15:20.876243,0 days 00:00:01.821282,0.0005078929047587406,extensive,COMPLETE
22,-0.0016559721242364045,2025-12-07 17:15:20.876750,2025-12-07 17:15:22.661305,0 days 00:00:01.784555,0.002139089935552731,extensive,COMPLETE
23,-0.0036084182128684286,2025-12-07 17:15:22.661305,2025-12-07 17:15:24.574667,0 days 00:00:01.913362,0.0004707564561736037,extensive,COMPLETE
24,-0.39051838147411905,2025-12-07 17:15:24.576180,2025-12-07 17:15:27.600228,0 days 00:00:03.024048,0.0001352710343160136,extensive,COMPLETE
25,-4.7046687320362324e-05,2025-12-07 17:15:27.600228,2025-12-07 17:15:29.327431,0 days 00:00:01.727203,0.0006686702875917742,extensive,COMPLETE
26,-0.0436552488139362,2025-12-07 17:15:29.327431,2025-12-07 17:15:31.193094,0 days 00:00:01.865663,0.0002928038914201676,extensive,COMPLETE
27,-0.0016559721242364045,2025-12-07 17:15:31.193094,2025-12-07 17:15:32.885249,0 days 00:00:01.692155,0.0020022933864824594,extensive,COMPLETE
28,-0.0016559721242364045,2025-12-07 17:15:32.885249,2025-12-07 17:15:34.578853,0 days 00:00:01.693604,0.01505345110786249,extensive,COMPLETE
29,-0.0016559721242364045,2025-12-07 17:15:34.578853,2025-12-07 17:15:36.336972,0 days 00:00:01.758119,0.007788333626887665,extensive,COMPLETE
30,-0.0016559721242364045,2025-12-07 17:15:36.336972,2025-12-07 17:15:38.029509,0 days 00:00:01.692537,0.003778628826890182,extensive,COMPLETE
31,-0.0016559721242364045,2025-12-07 17:15:38.029509,2025-12-07 17:15:39.692900,0 days 00:00:01.663391,0.0010825321061144432,extensive,COMPLETE
32,-0.0335385914741532,2025-12-07 17:15:39.694922,2025-12-07 17:15:41.494703,0 days 00:00:01.799781,0.0003289029200130744,extensive,COMPLETE
33,-0.0013864156971329737,2025-12-07 17:15:41.494703,2025-12-07 17:15:43.204672,0 days 00:00:01.709969,0.0009709053568635715,extensive,COMPLETE
34,-0.0021772865684812257,2025-12-07 17:15:43.204672,2025-12-07 17:15:44.977142,0 days 00:00:01.772470,0.0004972810201662107,extensive,COMPLETE
35,-0.29935819075469955,2025-12-07 17:15:44.978259,2025-12-07 17:15:47.877280,0 days 00:00:02.899021,0.00014975300997086588,extensive,COMPLETE
36,-0.00011935685782523316,2025-12-07 17:15:47.879078,2025-12-07 17:15:49.619026,0 days 00:00:01.739948,0.0006090703613152357,extensive,COMPLETE
37,-0.0016559721242364045,2025-12-07 17:15:49.619026,2025-12-07 17:15:51.344144,0 days 00:00:01.725118,9.551743658898701,extensive,COMPLETE
38,-0.0016559721242364045,2025-12-07 17:15:51.344144,2025-12-07 17:15:53.210627,0 days 00:00:01.866483,1.7178317166633594,extensive,COMPLETE
39,-0.10179282330022928,2025-12-07 17:15:53.211138,2025-12-07 17:15:55.153279,0 days 00:00:01.942141,0.00021761369308141078,extensive,COMPLETE
40,-0.0016559721242364045,2025-12-07 17:15:55.153279,2025-12-07 17:15:56.832622,0 days 00:00:01.679343,0.001919616461973897,extensive,COMPLETE
41,-0.0002015713972124041,2025-12-07 17:15:56.832622,2025-12-07 17:15:58.588138,0 days 00:00:01.755516,0.0005960931946059234,extensive,COMPLETE
42,-0.00011258608256155729,2025-12-07 17:15:58.588138,2025-12-07 17:16:00.332440,0 days 00:00:01.744302,0.0006099620180385877,extensive,COMPLETE
43,-0.0016559721242364045,2025-12-07 17:16:00.332440,2025-12-07 17:16:02.037991,0 days 00:00:01.705551,0.0014853270888050979,extensive,COMPLETE
44,-0.0016559721242364045,2025-12-07 17:16:02.037991,2025-12-07 17:16:03.714870,0 days 00:00:01.676879,0.003178569606943416,extensive,COMPLETE
45,-0.11794275620536847,2025-12-07 17:16:03.714870,2025-12-07 17:16:05.615563,0 days 00:00:01.900693,0.00020929918699035923,extensive,COMPLETE
46,-0.6787109537947215,2025-12-07 17:16:05.615563,2025-12-07 17:16:08.610108,0 days 00:00:02.994545,0.00010800877652975414,extensive,COMPLETE
47,-0.0191486468331102,2025-12-07 17:16:08.610108,2025-12-07 17:16:10.397378,0 days 00:00:01.787270,0.0003868010102251596,extensive,COMPLETE
48,-0.0016559721242364045,2025-12-07 17:16:10.397378,2025-12-07 17:16:12.076455,0 days 00:00:01.679077,0.3936695786462719,extensive,COMPLETE
49,-0.0016559721242364045,2025-12-07 17:16:12.076455,2025-12-07 17:16:13.736474,0 days 00:00:01.660019,0.005098599542963937,extensive,COMPLETE
50,-0.0016559721242364045,2025-12-07 17:16:13.736474,2025-12-07 17:16:15.429973,0 days 00:00:01.693499,0.08227957450650736,extensive,COMPLETE
51,-0.0002773507351286157,2025-12-07 17:16:15.429973,2025-12-07 17:16:17.270450,0 days 00:00:01.840477,0.0007011796293361658,extensive,COMPLETE
52,2.0203040794123755e-05,2025-12-07 17:16:17.272454,2025-12-07 17:16:19.149171,0 days 00:00:01.876717,0.0006512812091263548,extensive,COMPLETE
53,-0.0013250610096344762,2025-12-07 17:16:19.151179,2025-12-07 17:16:20.985604,0 days 00:00:01.834425,0.0009436391719495003,extensive,COMPLETE
54,-0.07278513998072038,2025-12-07 17:16:20.985604,2025-12-07 17:16:22.864608,0 days 00:00:01.879004,0.00024016138386702236,extensive,COMPLETE
55,-0.0016559721242364045,2025-12-07 17:16:22.866708,2025-12-07 17:16:24.559498,0 days 00:00:01.692790,0.0013252950453252297,extensive,COMPLETE
56,-0.0016559721242364045,2025-12-07 17:16:24.561007,2025-12-07 17:16:26.177348,0 days 00:00:01.616341,0.0026652713935942074,extensive,COMPLETE
57,-0.00022191030202186232,2025-12-07 17:16:26.179390,2025-12-07 17:16:27.842350,0 days 00:00:01.662960,0.0006950536221481456,extensive,COMPLETE
58,-0.008496218619108578,2025-12-07 17:16:27.842350,2025-12-07 17:16:29.563659,0 days 00:00:01.721309,0.00043563385310059477,extensive,COMPLETE
59,-0.0016559721242364045,2025-12-07 17:16:29.564198,2025-12-07 17:16:31.206697,0 days 00:00:01.642499,0.005554237075440987,extensive,COMPLETE
60,-0.0016559721242364045,2025-12-07 17:16:31.208395,2025-12-07 17:16:32.823051,0 days 00:00:01.614656,0.6750994385978152,extensive,COMPLETE
61,3.896575762189306e-05,2025-12-07 17:16:32.824499,2025-12-07 17:16:34.532624,0 days 00:00:01.708125,0.0006468547822057459,extensive,COMPLETE
62,-0.0016559721242364045,2025-12-07 17:16:34.534838,2025-12-07 17:16:36.196156,0 days 00:00:01.661318,0.0012698322342278693,extensive,COMPLETE
63,-0.2699071815942969,2025-12-07 17:16:36.197908,2025-12-07 17:16:39.020023,0 days 00:00:02.822115,0.00015669827587930582,extensive,COMPLETE
64,-0.02964488479082787,2025-12-07 17:16:39.020023,2025-12-07 17:16:40.739634,0 days 00:00:01.719611,0.000344826988084426,extensive,COMPLETE
65,-0.00043852264032240296,2025-12-07 17:16:40.740639,2025-12-07 17:16:42.390345,0 days 00:00:01.649706,0.000717402258175492,extensive,COMPLETE
66,-0.0016559721242364045,2025-12-07 17:16:42.390345,2025-12-07 17:16:43.898654,0 days 00:00:01.508309,0.0025178135047733722,extensive,COMPLETE
67,-0.05879009056004114,2025-12-07 17:16:43.899654,2025-12-07 17:16:45.840102,0 days 00:00:01.940448,0.00025872293454507297,extensive,COMPLETE
68,-0.0006457552106807393,2025-12-07 17:16:45.842110,2025-12-07 17:16:47.517463,0 days 00:00:01.675353,0.0005605808865815861,extensive,COMPLETE
69,-0.0016559721242364045,2025-12-07 17:16:47.519724,2025-12-07 17:16:49.151451,0 days 00:00:01.631727,0.0017308404457781448,extensive,COMPLETE
70,-0.0016559721242364045,2025-12-07 17:16:49.153459,2025-12-07 17:16:50.656214,0 days 00:00:01.502755,0.01014409889509678,extensive,COMPLETE
71,-0.00019335316619221535,2025-12-07 17:16:50.657207,2025-12-07 17:16:52.318610,0 days 00:00:01.661403,0.0005970443975915699,extensive,COMPLETE
72,-0.001276294741016167,2025-12-07 17:16:52.318610,2025-12-07 17:16:53.951007,0 days 00:00:01.632397,0.0009210146527235384,extensive,COMPLETE
73,-0.01950966108981711,2025-12-07 17:16:53.951007,2025-12-07 17:16:55.654203,0 days 00:00:01.703196,0.00038550048366385874,extensive,COMPLETE
74,-0.0016559721242364045,2025-12-07 17:16:55.656211,2025-12-07 17:16:57.272348,0 days 00:00:01.616137,0.0012631266016656455,extensive,COMPLETE
75,-0.0010416729373711926,2025-12-07 17:16:57.272348,2025-12-07 17:16:58.950878,0 days 00:00:01.678530,0.000535151801249724,extensive,COMPLETE
76,-0.17222193919591663,2025-12-07 17:16:58.953046,2025-12-07 17:17:01.919235,0 days 00:00:02.966189,0.00018803414792031243,extensive,COMPLETE
77,-0.04830721311834788,2025-12-07 17:17:01.921242,2025-12-07 17:17:03.717455,0 days 00:00:01.796213,0.0002806259685751827,extensive,COMPLETE
78,-0.0006909673391090424,2025-12-07 17:17:03.719464,2025-12-07 17:17:05.363339,0 days 00:00:01.643875,0.0007827854477333064,extensive,COMPLETE
79,-0.0030932890395731403,2025-12-07 17:17:05.363926,2025-12-07 17:17:07.072451,0 days 00:00:01.708525,0.0004767876263407084,extensive,COMPLETE
80,-0.0016559721242364045,2025-12-07 17:17:07.072451,2025-12-07 17:17:08.704639,0 days 00:00:01.632188,0.16756406438381566,extensive,COMPLETE
81,-0.00044607028663201653,2025-12-07 17:17:08.704639,2025-12-07 17:17:10.368727,0 days 00:00:01.664088,0.0005752486472833993,extensive,COMPLETE
82,-0.0016559721242364045,2025-12-07 17:17:10.370734,2025-12-07 17:17:12.019627,0 days 00:00:01.648893,0.001534312036869071,extensive,COMPLETE
83,-0.0015387109359355684,2025-12-07 17:17:12.021503,2025-12-07 17:17:13.569582,0 days 00:00:01.548079,0.0010337998074721553,extensive,COMPLETE
84,-5.679562380260054e-05,2025-12-07 17:17:13.569582,2025-12-07 17:17:15.209804,0 days 00:00:01.640222,0.0006706932774329518,extensive,COMPLETE
85,-1.2246193783618462,2025-12-07 17:17:15.211812,2025-12-07 17:17:18.209104,0 days 00:00:02.997292,0.00010071338224287751,extensive,COMPLETE
86,-0.03154004131913631,2025-12-07 17:17:18.211112,2025-12-07 17:17:19.953278,0 days 00:00:01.742166,0.0003372082492526267,extensive,COMPLETE
87,-0.0016559721242364045,2025-12-07 17:17:19.954283,2025-12-07 17:17:21.561084,0 days 00:00:01.606801,0.0321577072390126,extensive,COMPLETE
88,-0.0016559721242364045,2025-12-07 17:17:21.561084,2025-12-07 17:17:23.192082,0 days 00:00:01.630998,0.00234277247313059,extensive,COMPLETE
89,-0.0016559721242364045,2025-12-07 17:17:23.194090,2025-12-07 17:17:24.823368,0 days 00:00:01.629278,0.003290245711578515,extensive,COMPLETE
90,-0.21302263706135607,2025-12-07 17:17:24.823368,2025-12-07 17:17:28.101239,0 days 00:00:03.277871,0.0001739098035548557,extensive,COMPLETE
91,-2.5354859405061585e-05,2025-12-07 17:17:28.103241,2025-12-07 17:17:29.748935,0 days 00:00:01.645694,0.0006227201949169356,extensive,COMPLETE
92,-0.0006562663351486661,2025-12-07 17:17:29.750125,2025-12-07 17:17:31.427330,0 days 00:00:01.677205,0.0007694359287254657,extensive,COMPLETE
93,-0.01316963087837623,2025-12-07 17:17:31.429786,2025-12-07 17:17:33.152730,0 days 00:00:01.722944,0.0004104068106132086,extensive,COMPLETE
94,-0.0015201475458391418,2025-12-07 17:17:33.154850,2025-12-07 17:17:34.779907,0 days 00:00:01.625057,0.0010264536049570624,extensive,COMPLETE
95,-2.47719044704775e-05,2025-12-07 17:17:34.782129,2025-12-07 17:17:36.354386,0 days 00:00:01.572257,0.0006636284390785983,extensive,COMPLETE
96,-0.05288623645335725,2025-12-07 17:17:36.354386,2025-12-07 17:17:38.168614,0 days 00:00:01.814228,0.00027064404064677686,extensive,COMPLETE
97,-0.0016559721242364045,2025-12-07 17:17:38.170620,2025-12-07 17:17:39.805542,0 days 00:00:01.634922,0.001623393623030379,extensive,COMPLETE
98,-0.00024589270772856775,2025-12-07 17:17:39.807550,2025-12-07 17:17:41.465163,0 days 00:00:01.657613,0.0006977606992001516,extensive,COMPLETE
99,-0.0016559721242364045,2025-12-07 17:17:41.466232,2025-12-07 17:17:43.079941,0 days 00:00:01.613709,0.001196186456784446,extensive,COMPLETE
100,-0.0011236594559435413,2025-12-07 17:17:43.079941,2025-12-07 17:17:44.743439,0 days 00:00:01.663498,0.0008762258991627686,extensive,COMPLETE
101,-0.0006629092279529422,2025-12-07 17:17:44.744885,2025-12-07 17:17:46.405825,0 days 00:00:01.660940,0.0005594315530126609,extensive,COMPLETE
102,-0.009278732128563116,2025-12-07 17:17:46.407833,2025-12-07 17:17:48.174323,0 days 00:00:01.766490,0.0004308641683955416,extensive,COMPLETE
103,5.327098867946578e-05,2025-12-07 17:17:48.176353,2025-12-07 17:17:49.820919,0 days 00:00:01.644566,0.0006429590394857627,extensive,COMPLETE
104,-0.029848181308286554,2025-12-07 17:17:49.822040,2025-12-07 17:17:51.547033,0 days 00:00:01.724993,0.0003440586011583687,extensive,COMPLETE
105,-0.07297389751664778,2025-12-07 17:17:51.547033,2025-12-07 17:17:53.444787,0 days 00:00:01.897754,0.00023996685648465272,extensive,COMPLETE
106,-0.0016559721242364045,2025-12-07 17:17:53.444787,2025-12-07 17:17:54.948801,0 days 00:00:01.504014,0.0011932817690853913,extensive,COMPLETE
107,-3.250616648731164e-05,2025-12-07 17:17:54.950424,2025-12-07 17:17:56.579525,0 days 00:00:01.629101,0.0006654543708803623,extensive,COMPLETE
108,-0.0008479892834286998,2025-12-07 17:17:56.581530,2025-12-07 17:17:58.210589,0 days 00:00:01.629059,0.0008166740547150453,extensive,COMPLETE
109,-0.0016559721242364045,2025-12-07 17:17:58.210589,2025-12-07 17:17:59.810109,0 days 00:00:01.599520,0.0019675075077497015,extensive,COMPLETE
110,-0.0035530765511437856,2025-12-07 17:17:59.810109,2025-12-07 17:18:01.520746,0 days 00:00:01.710637,0.0004712695888653038,extensive,COMPLETE
111,-0.03697898387780859,2025-12-07 17:18:01.522753,2025-12-07 17:18:03.280006,0 days 00:00:01.757253,0.00031540623418891236,extensive,COMPLETE
112,-2.9518929538507876e-06,2025-12-07 17:18:03.282014,2025-12-07 17:18:04.922123,0 days 00:00:01.640109,0.0006578977422398789,extensive,COMPLETE
113,4.6733058577423194e-05,2025-12-07 17:18:04.924130,2025-12-07 17:18:06.588028,0 days 00:00:01.663898,0.0006377468024988895,extensive,COMPLETE
114,-4.2353824588429546e-05,2025-12-07 17:18:06.594033,2025-12-07 17:18:08.247295,0 days 00:00:01.653262,0.0006676602880863954,extensive,COMPLETE
115,-5.297796753678252e-05,2025-12-07 17:18:08.247295,2025-12-07 17:18:09.878501,0 days 00:00:01.631206,0.0006699123444186021,extensive,COMPLETE
116,-0.0011749133855918359,2025-12-07 17:18:09.879821,2025-12-07 17:18:11.540881,0 days 00:00:01.661060,0.0008873822428533934,extensive,COMPLETE
117,-0.0016559721242364045,2025-12-07 17:18:11.542889,2025-12-07 17:18:13.157732,0 days 00:00:01.614843,0.0014051849979998285,extensive,COMPLETE
118,5.5875723133554565e-05,2025-12-07 17:18:13.160239,2025-12-07 17:18:14.802329,0 days 00:00:01.642090,0.0006413751766241281,extensive,COMPLETE
119,-0.0093068071574135,2025-12-07 17:18:14.803257,2025-12-07 17:18:16.512448,0 days 00:00:01.709191,0.00043069870659692396,extensive,COMPLETE
120,-0.0014603800615702693,2025-12-07 17:18:16.514374,2025-12-07 17:18:18.223666,0 days 00:00:01.709292,0.0005168661023399559,extensive,COMPLETE
121,-0.00021296669390732012,2025-12-07 17:18:18.225813,2025-12-07 17:18:19.867280,0 days 00:00:01.641467,0.0006940197177735691,extensive,COMPLETE
122,-0.0016377850305662929,2025-12-07 17:18:19.868706,2025-12-07 17:18:21.547263,0 days 00:00:01.678557,0.0010717171041687242,extensive,COMPLETE
123,-0.0003211114075842847,2025-12-07 17:18:21.547263,2025-12-07 17:18:23.064980,0 days 00:00:01.517717,0.0007057166402717743,extensive,COMPLETE
124,-0.019279162855524407,2025-12-07 17:18:23.067484,2025-12-07 17:18:24.760214,0 days 00:00:01.692730,0.00038633074102101424,extensive,COMPLETE
125,-0.001355144980042781,2025-12-07 17:18:24.760214,2025-12-07 17:18:26.358821,0 days 00:00:01.598607,0.0009571654238300728,extensive,COMPLETE
126,-2.640184265663888e-05,2025-12-07 17:18:26.358821,2025-12-07 17:18:28.009425,0 days 00:00:01.650604,0.0006225410303920777,extensive,COMPLETE
127,-0.0016559721242364045,2025-12-07 17:18:28.009425,2025-12-07 17:18:29.638201,0 days 00:00:01.628776,0.0014804890422875552,extensive,COMPLETE
128,-0.0024648615795061315,2025-12-07 17:18:29.638201,2025-12-07 17:18:31.364822,0 days 00:00:01.726621,0.000490654257332397,extensive,COMPLETE
129,-0.03758882432787214,2025-12-07 17:18:31.366826,2025-12-07 17:18:33.148650,0 days 00:00:01.781824,0.0003128712916730552,extensive,COMPLETE
130,-0.0016559721242364045,2025-12-07 17:18:33.148650,2025-12-07 17:18:34.776870,0 days 00:00:01.628220,3.3049705327135275,extensive,COMPLETE
131,-7.087436612596143e-05,2025-12-07 17:18:34.776870,2025-12-07 17:18:36.429003,0 days 00:00:01.652133,0.0006734594836965965,extensive,COMPLETE
132,-0.000246092802298592,2025-12-07 17:18:36.431088,2025-12-07 17:18:38.091035,0 days 00:00:01.659947,0.000591435393678758,extensive,COMPLETE
133,-0.0007951990419251912,2025-12-07 17:18:38.091035,2025-12-07 17:18:39.706617,0 days 00:00:01.615582,0.0008057099564922118,extensive,COMPLETE
134,-0.11552337594689573,2025-12-07 17:18:39.706617,2025-12-07 17:18:41.511615,0 days 00:00:01.804998,0.0002104121414458572,extensive,COMPLETE
135,-0.0016559721242364045,2025-12-07 17:18:41.513623,2025-12-07 17:18:43.143463,0 days 00:00:01.629840,0.0011392653981168678,extensive,COMPLETE
136,-0.01733905170723841,2025-12-07 17:18:43.145206,2025-12-07 17:18:44.848895,0 days 00:00:01.703689,0.0003931715359548513,extensive,COMPLETE
137,-0.00015056704300453472,2025-12-07 17:18:44.848895,2025-12-07 17:18:46.418342,0 days 00:00:01.569447,0.0006030873244342982,extensive,COMPLETE
138,-0.0009708724672497689,2025-12-07 17:18:46.418342,2025-12-07 17:18:47.953998,0 days 00:00:01.535656,0.0008407937229212175,extensive,COMPLETE
139,-0.0016559721242364045,2025-12-07 17:18:47.953998,2025-12-07 17:18:49.568721,0 days 00:00:01.614723,0.0017548698951009418,extensive,COMPLETE
140,-0.002355193937956024,2025-12-07 17:18:49.569260,2025-12-07 17:18:51.261493,0 days 00:00:01.692233,0.0004931653958070214,extensive,COMPLETE
141,-2.4006164061322426e-05,2025-12-07 17:18:51.263420,2025-12-07 17:18:52.893381,0 days 00:00:01.629961,0.0006634426605473265,extensive,COMPLETE
142,-0.001549495252945195,2025-12-07 17:18:52.893381,2025-12-07 17:18:54.524753,0 days 00:00:01.631372,0.0010380307370674538,extensive,COMPLETE
143,-0.00011182727229423299,2025-12-07 17:18:54.524753,2025-12-07 17:18:56.284241,0 days 00:00:01.759488,0.000680699504280023,extensive,COMPLETE
144,-0.04169758236349871,2025-12-07 17:18:56.284241,2025-12-07 17:18:58.163486,0 days 00:00:01.879245,0.00029881071963182857,extensive,COMPLETE
145,-0.0016559721242364045,2025-12-07 17:18:58.163486,2025-12-07 17:18:59.794168,0 days 00:00:01.630682,0.0012956756800807856,extensive,COMPLETE
146,-0.001996506115070592,2025-12-07 17:18:59.796203,2025-12-07 17:19:01.519326,0 days 00:00:01.723123,0.0005014466922024743,extensive,COMPLETE
147,-0.0013087547630077356,2025-12-07 17:19:01.519326,2025-12-07 17:19:03.151184,0 days 00:00:01.631858,0.0009361737987897003,extensive,COMPLETE
148,-0.015524604763868929,2025-12-07 17:19:03.152687,2025-12-07 17:19:04.900299,0 days 00:00:01.747612,0.0003999509825393344,extensive,COMPLETE
149,-1.3834915002027456e-05,2025-12-07 17:19:04.900299,2025-12-07 17:19:06.550379,0 days 00:00:01.650080,0.0006245168781309088,extensive,COMPLETE
150,-0.00046926135715260237,2025-12-07 17:19:06.552884,2025-12-07 17:19:08.213574,0 days 00:00:01.660690,0.0005733757845478595,extensive,COMPLETE
