number,value,datetime_start,datetime_complete,duration,params_lasso_alpha,user_attrs_feature_level,state
0,-0.0016559721242364045,2025-12-07 17:07:50.827301,2025-12-07 17:07:52.079655,0 days 00:00:01.252354,0.0074593432857265485,advanced,COMPLETE
1,-0.0016559721242364045,2025-12-07 17:07:52.079655,2025-12-07 17:07:53.320339,0 days 00:00:01.240684,5.669849511478847,advanced,COMPLETE
2,-0.0016559721242364045,2025-12-07 17:07:53.322344,2025-12-07 17:07:54.560650,0 days 00:00:01.238306,0.4570563099801455,advanced,COMPLETE
3,-0.0016559721242364045,2025-12-07 17:07:54.562327,2025-12-07 17:07:55.800040,0 days 00:00:01.237713,0.09846738873614563,advanced,COMPLETE
4,-0.00010531584498603881,2025-12-07 17:07:55.800040,2025-12-07 17:07:57.051029,0 days 00:00:01.250989,0.0006026889128682511,advanced,COMPLETE
5,-0.00010595992013051614,2025-12-07 17:07:57.051029,2025-12-07 17:07:58.338909,0 days 00:00:01.287880,0.000602521573620386,advanced,COMPLETE
6,-0.14920902580473752,2025-12-07 17:07:58.338909,2025-12-07 17:07:59.780017,0 days 00:00:01.441108,0.00019517224641449495,advanced,COMPLETE
7,-0.0016559721242364045,2025-12-07 17:07:59.780017,2025-12-07 17:08:01.037204,0 days 00:00:01.257187,2.1423021757741068,advanced,COMPLETE
8,-0.0016559721242364045,2025-12-07 17:08:01.038558,2025-12-07 17:08:02.274377,0 days 00:00:01.235819,0.10129197956845731,advanced,COMPLETE
9,-0.0016559721242364045,2025-12-07 17:08:02.275386,2025-12-07 17:08:03.592250,0 days 00:00:01.316864,0.3470266988650412,advanced,COMPLETE
10,-0.0016559721242364045,2025-12-07 17:08:03.593761,2025-12-07 17:08:04.878257,0 days 00:00:01.284496,0.0036035178201071797,advanced,COMPLETE
11,-1.0775405921768009,2025-12-07 17:08:04.879100,2025-12-07 17:08:08.953848,0 days 00:00:04.074748,0.00010359916440554263,advanced,COMPLETE
12,-0.0016426797902154473,2025-12-07 17:08:08.956459,2025-12-07 17:08:10.179641,0 days 00:00:01.223182,0.0010735378215036783,advanced,COMPLETE
13,-0.0010716451142991357,2025-12-07 17:08:10.179641,2025-12-07 17:08:11.432251,0 days 00:00:01.252610,0.0008645528610564826,advanced,COMPLETE
14,-0.0016559721242364045,2025-12-07 17:08:11.432251,2025-12-07 17:08:12.671543,0 days 00:00:01.239292,0.009683790422339342,advanced,COMPLETE
15,-0.0008383296674938645,2025-12-07 17:08:12.671543,2025-12-07 17:08:13.944815,0 days 00:00:01.273272,0.0008146970248165323,advanced,COMPLETE
16,-0.03168765374352726,2025-12-07 17:08:13.946636,2025-12-07 17:08:15.559507,0 days 00:00:01.612871,0.00029837746301121656,advanced,COMPLETE
17,-0.0016559721242364045,2025-12-07 17:08:15.561165,2025-12-07 17:08:16.796522,0 days 00:00:01.235357,0.01932360965321236,advanced,COMPLETE
18,-0.0016559721242364045,2025-12-07 17:08:16.797566,2025-12-07 17:08:18.052320,0 days 00:00:01.254754,0.004579169815969729,advanced,COMPLETE
19,-0.0016559721242364045,2025-12-07 17:08:18.052320,2025-12-07 17:08:19.302671,0 days 00:00:01.250351,0.001825302404290731,advanced,COMPLETE
20,-0.0016559721242364045,2025-12-07 17:08:19.304646,2025-12-07 17:08:20.532551,0 days 00:00:01.227905,0.04633043521124795,advanced,COMPLETE
21,-0.0006863351398396592,2025-12-07 17:08:20.534294,2025-12-07 17:08:21.832903,0 days 00:00:01.298609,0.0005078929047587406,advanced,COMPLETE
22,-0.00579428052296264,2025-12-07 17:08:21.832903,2025-12-07 17:08:23.146988,0 days 00:00:01.314085,0.00041165833877968575,advanced,COMPLETE
23,-0.0016559721242364045,2025-12-07 17:08:23.147860,2025-12-07 17:08:24.384086,0 days 00:00:01.236226,0.0019069508654554663,advanced,COMPLETE
24,-0.4238848467843129,2025-12-07 17:08:24.384086,2025-12-07 17:08:26.709719,0 days 00:00:02.325633,0.0001352710343160136,advanced,COMPLETE
25,-0.01521133022719523,2025-12-07 17:08:26.711548,2025-12-07 17:08:28.039142,0 days 00:00:01.327594,0.00036124964043704927,advanced,COMPLETE
26,-0.0016559721242364045,2025-12-07 17:08:28.040962,2025-12-07 17:08:29.282111,0 days 00:00:01.241149,0.002154851188001226,advanced,COMPLETE
27,-0.0001029365587518205,2025-12-07 17:08:29.282111,2025-12-07 17:08:30.564970,0 days 00:00:01.282859,0.0006033175476678097,advanced,COMPLETE
28,-0.0016559721242364045,2025-12-07 17:08:30.564970,2025-12-07 17:08:31.836533,0 days 00:00:01.271563,0.01505345110786249,advanced,COMPLETE
29,-0.0016559721242364045,2025-12-07 17:08:31.836533,2025-12-07 17:08:33.079422,0 days 00:00:01.242889,0.007788333626887665,advanced,COMPLETE
30,-0.0016559721242364045,2025-12-07 17:08:33.080851,2025-12-07 17:08:34.328042,0 days 00:00:01.247191,0.003778628826890182,advanced,COMPLETE
31,-0.0017508205745532985,2025-12-07 17:08:34.329671,2025-12-07 17:08:35.617090,0 days 00:00:01.287419,0.00046042181370349106,advanced,COMPLETE
32,-0.0001291369009835952,2025-12-07 17:08:35.617090,2025-12-07 17:08:36.884996,0 days 00:00:01.267906,0.0005959439946187845,advanced,COMPLETE
33,-0.0016559721242364045,2025-12-07 17:08:36.884996,2025-12-07 17:08:38.124470,0 days 00:00:01.239474,0.0012086006550743914,advanced,COMPLETE
34,-0.08058875164758288,2025-12-07 17:08:38.124470,2025-12-07 17:08:39.661782,0 days 00:00:01.537312,0.0002291027226303695,advanced,COMPLETE
35,-1.9223185880249776e-05,2025-12-07 17:08:39.662622,2025-12-07 17:08:40.917473,0 days 00:00:01.254851,0.0006622599815293231,advanced,COMPLETE
36,-0.20513266511928166,2025-12-07 17:08:40.917473,2025-12-07 17:08:43.631149,0 days 00:00:02.713676,0.00017669536308457547,advanced,COMPLETE
37,-0.0016559721242364045,2025-12-07 17:08:43.631149,2025-12-07 17:08:44.869382,0 days 00:00:01.238233,9.551743658898701,advanced,COMPLETE
38,-0.0016559721242364045,2025-12-07 17:08:44.869382,2025-12-07 17:08:46.100204,0 days 00:00:01.230822,1.7178317166633594,advanced,COMPLETE
39,-0.0016559721242364045,2025-12-07 17:08:46.100204,2025-12-07 17:08:47.348693,0 days 00:00:01.248489,0.0022837951632769184,advanced,COMPLETE
40,-0.0016559721242364045,2025-12-07 17:08:47.349588,2025-12-07 17:08:48.598497,0 days 00:00:01.248909,0.05108656238468169,advanced,COMPLETE
41,2.461338815858601e-05,2025-12-07 17:08:48.600522,2025-12-07 17:08:49.855469,0 days 00:00:01.254947,0.0006503260573439714,advanced,COMPLETE
42,-0.0016559721242364045,2025-12-07 17:08:49.857475,2025-12-07 17:08:51.095079,0 days 00:00:01.237604,0.0011932009586720785,advanced,COMPLETE
43,-0.06720029867730222,2025-12-07 17:08:51.097375,2025-12-07 17:08:52.802029,0 days 00:00:01.704654,0.0002409074973559125,advanced,COMPLETE
44,-2.2001707387013052e-05,2025-12-07 17:08:52.806044,2025-12-07 17:08:54.057349,0 days 00:00:01.251305,0.000662951779198869,advanced,COMPLETE
45,-0.0001730078964653122,2025-12-07 17:08:54.059356,2025-12-07 17:08:55.373339,0 days 00:00:01.313983,0.0006892196695507865,advanced,COMPLETE
46,-0.9610633022722749,2025-12-07 17:08:55.373339,2025-12-07 17:08:59.779773,0 days 00:00:04.406434,0.00010938250288168403,advanced,COMPLETE
47,-0.0016559721242364045,2025-12-07 17:08:59.779773,2025-12-07 17:09:00.945296,0 days 00:00:01.165523,0.0032902697482205625,advanced,COMPLETE
48,-0.0016559721242364045,2025-12-07 17:09:00.945296,2025-12-07 17:09:02.214613,0 days 00:00:01.269317,0.005420068732928994,advanced,COMPLETE
49,-0.0016559721242364045,2025-12-07 17:09:02.215737,2025-12-07 17:09:03.465325,0 days 00:00:01.249588,0.0013104013837572804,advanced,COMPLETE
50,-0.029703916273170188,2025-12-07 17:09:03.465325,2025-12-07 17:09:05.049507,0 days 00:00:01.584182,0.00030431352683266214,advanced,COMPLETE
51,-0.0002773507351286157,2025-12-07 17:09:05.051625,2025-12-07 17:09:06.305298,0 days 00:00:01.253673,0.0007011796293361658,advanced,COMPLETE
52,-0.2632962694436605,2025-12-07 17:09:06.307017,2025-12-07 17:09:09.300259,0 days 00:00:02.993242,0.00016057737531205852,advanced,COMPLETE
53,-0.0013250610096344762,2025-12-07 17:09:09.300259,2025-12-07 17:09:10.554772,0 days 00:00:01.254513,0.0009436391719495003,advanced,COMPLETE
54,-0.0016559721242364045,2025-12-07 17:09:10.554772,2025-12-07 17:09:11.793198,0 days 00:00:01.238426,0.3346843561591912,advanced,COMPLETE
55,-0.016675302119981177,2025-12-07 17:09:11.794414,2025-12-07 17:09:13.156793,0 days 00:00:01.362379,0.0003547639106425727,advanced,COMPLETE
56,-0.0016559721242364045,2025-12-07 17:09:13.158800,2025-12-07 17:09:14.384904,0 days 00:00:01.226104,0.0026652713935942074,advanced,COMPLETE
57,-0.0008331950764357184,2025-12-07 17:09:14.386914,2025-12-07 17:09:15.682735,0 days 00:00:01.295821,0.000499201616573557,advanced,COMPLETE
58,-0.0016559721242364045,2025-12-07 17:09:15.683944,2025-12-07 17:09:16.940027,0 days 00:00:01.256083,0.001440403545800379,advanced,COMPLETE
59,-0.0779335225070319,2025-12-07 17:09:16.949507,2025-12-07 17:09:18.393530,0 days 00:00:01.444023,0.0002311757631852445,advanced,COMPLETE
60,-0.0009535047051646798,2025-12-07 17:09:18.395967,2025-12-07 17:09:19.637039,0 days 00:00:01.241072,0.0008370606638657098,advanced,COMPLETE
61,-0.00048398792898503756,2025-12-07 17:09:19.637039,2025-12-07 17:09:20.951806,0 days 00:00:01.314767,0.0005273164785470803,advanced,COMPLETE
62,-9.157117062371285e-05,2025-12-07 17:09:20.953827,2025-12-07 17:09:22.207562,0 days 00:00:01.253735,0.000677249419032947,advanced,COMPLETE
63,-0.0016559721242364045,2025-12-07 17:09:22.207562,2025-12-07 17:09:23.461559,0 days 00:00:01.253997,0.001936432872599438,advanced,COMPLETE
64,-0.015278937927848476,2025-12-07 17:09:23.461559,2025-12-07 17:09:24.794975,0 days 00:00:01.333416,0.0003609398795817443,advanced,COMPLETE
65,-0.0013424604726914129,2025-12-07 17:09:24.796601,2025-12-07 17:09:26.036876,0 days 00:00:01.240275,0.0009515002866770405,advanced,COMPLETE
66,-0.0016559721242364045,2025-12-07 17:09:26.036876,2025-12-07 17:09:27.287689,0 days 00:00:01.250813,0.005764543229713059,advanced,COMPLETE
67,-0.0016559721242364045,2025-12-07 17:09:27.289697,2025-12-07 17:09:28.556470,0 days 00:00:01.266773,0.012270272017840578,advanced,COMPLETE
68,-0.0016559721242364045,2025-12-07 17:09:28.558491,2025-12-07 17:09:29.796101,0 days 00:00:01.237610,0.0013770495416386432,advanced,COMPLETE
69,5.084151631329359e-05,2025-12-07 17:09:29.797107,2025-12-07 17:09:31.067501,0 days 00:00:01.270394,0.0006389813608942747,advanced,COMPLETE
70,-1.170296730961246,2025-12-07 17:09:31.067501,2025-12-07 17:09:34.989701,0 days 00:00:03.922200,0.00010127932011951646,advanced,COMPLETE
71,5.6193782716373875e-05,2025-12-07 17:09:34.989701,2025-12-07 17:09:36.258252,0 days 00:00:01.268551,0.0006411681416549793,advanced,COMPLETE
72,-0.0001442484639524085,2025-12-07 17:09:36.258252,2025-12-07 17:09:37.544404,0 days 00:00:01.286152,0.0005921606058385034,advanced,COMPLETE
73,-0.02835973203963671,2025-12-07 17:09:37.545208,2025-12-07 17:09:39.158218,0 days 00:00:01.613010,0.00030854907162805297,advanced,COMPLETE
74,-0.0011648158125378376,2025-12-07 17:09:39.160226,2025-12-07 17:09:40.401743,0 days 00:00:01.241517,0.0008852100409322051,advanced,COMPLETE
75,-0.0016559721242364045,2025-12-07 17:09:40.402743,2025-12-07 17:09:41.654118,0 days 00:00:01.251375,0.0016754309756365515,advanced,COMPLETE
76,-0.0034229716945040436,2025-12-07 17:09:41.654118,2025-12-07 17:09:42.973139,0 days 00:00:01.319021,0.0004327066297503024,advanced,COMPLETE
77,-0.0016559721242364045,2025-12-07 17:09:42.973139,2025-12-07 17:09:44.209294,0 days 00:00:01.236155,0.0029136521174888868,advanced,COMPLETE
78,-0.2211334299849852,2025-12-07 17:09:44.211302,2025-12-07 17:09:47.046639,0 days 00:00:02.835337,0.00017196418428267187,advanced,COMPLETE
79,-2.456905302313424e-05,2025-12-07 17:09:47.048646,2025-12-07 17:09:48.318566,0 days 00:00:01.269920,0.0006635793173532215,advanced,COMPLETE
80,-0.0016559721242364045,2025-12-07 17:09:48.318566,2025-12-07 17:09:49.557426,0 days 00:00:01.238860,0.0011115578035822168,advanced,COMPLETE
81,-0.0004715995139549234,2025-12-07 17:09:49.559202,2025-12-07 17:09:50.813123,0 days 00:00:01.253921,0.0007205936844802032,advanced,COMPLETE
82,-0.0016652486056998688,2025-12-07 17:09:50.815019,2025-12-07 17:09:52.110990,0 days 00:00:01.295971,0.0004635631464757269,advanced,COMPLETE
83,-0.051524629116697605,2025-12-07 17:09:52.110990,2025-12-07 17:09:53.789141,0 days 00:00:01.678151,0.0002592189675954878,advanced,COMPLETE
84,-8.062878543343052e-06,2025-12-07 17:09:53.791148,2025-12-07 17:09:55.049164,0 days 00:00:01.258016,0.0006593317519365991,advanced,COMPLETE
85,5.6360500496399624e-05,2025-12-07 17:09:55.051171,2025-12-07 17:09:56.363514,0 days 00:00:01.312343,0.0006410578675201619,advanced,COMPLETE
86,-0.0016559721242364045,2025-12-07 17:09:56.363514,2025-12-07 17:09:57.584821,0 days 00:00:01.221307,0.0016501987222897823,advanced,COMPLETE
87,-0.0016559721242364045,2025-12-07 17:09:57.585829,2025-12-07 17:09:58.715591,0 days 00:00:01.129762,0.18758599247119154,advanced,COMPLETE
88,3.3223802518171176e-05,2025-12-07 17:09:58.717109,2025-12-07 17:09:59.987464,0 days 00:00:01.270355,0.0006339184874320032,advanced,COMPLETE
89,-0.0016559721242364045,2025-12-07 17:09:59.988515,2025-12-07 17:10:01.222398,0 days 00:00:01.233883,0.025956326731481266,advanced,COMPLETE
90,-0.0016559721242364045,2025-12-07 17:10:01.222398,2025-12-07 17:10:02.481241,0 days 00:00:01.258843,2.3051836331648867,advanced,COMPLETE
91,-0.0006514227989612061,2025-12-07 17:10:02.481241,2025-12-07 17:10:03.763556,0 days 00:00:01.282315,0.0007616210081534453,advanced,COMPLETE
92,-0.009431836055155185,2025-12-07 17:10:03.765530,2025-12-07 17:10:05.066014,0 days 00:00:01.300484,0.00038864467293742036,advanced,COMPLETE
93,-0.0015602765062262176,2025-12-07 17:10:05.067518,2025-12-07 17:10:06.306838,0 days 00:00:01.239320,0.0010422340501149905,advanced,COMPLETE
94,-0.0003664922619472562,2025-12-07 17:10:06.308685,2025-12-07 17:10:07.604607,0 days 00:00:01.295922,0.0005545355798174198,advanced,COMPLETE
95,-0.12408113594783865,2025-12-07 17:10:07.604607,2025-12-07 17:10:09.004696,0 days 00:00:01.400089,0.00020632246146388844,advanced,COMPLETE
96,-0.03570898150996449,2025-12-07 17:10:09.006086,2025-12-07 17:10:10.575059,0 days 00:00:01.568973,0.00028793659454141363,advanced,COMPLETE
97,-0.0016559721242364045,2025-12-07 17:10:10.575059,2025-12-07 17:10:11.807971,0 days 00:00:01.232912,0.0021928920646720335,advanced,COMPLETE
98,-0.00019760462813204574,2025-12-07 17:10:11.809664,2025-12-07 17:10:13.083188,0 days 00:00:01.273524,0.0006922106334396602,advanced,COMPLETE
99,-0.32061201651114213,2025-12-07 17:10:13.085194,2025-12-07 17:10:15.510538,0 days 00:00:02.425344,0.00014977717625035532,advanced,COMPLETE
100,-0.0016559721242364045,2025-12-07 17:10:15.512545,2025-12-07 17:10:16.763429,0 days 00:00:01.250884,0.004073914075944961,advanced,COMPLETE
101,5.24279480878335e-05,2025-12-07 17:10:16.763429,2025-12-07 17:10:18.098141,0 days 00:00:01.334712,0.0006394672688739031,advanced,COMPLETE
102,-0.0016559721242364045,2025-12-07 17:10:18.098141,2025-12-07 17:10:19.352894,0 days 00:00:01.254753,0.0011166217694653922,advanced,COMPLETE
103,-0.005447675860976053,2025-12-07 17:10:19.353904,2025-12-07 17:10:20.675015,0 days 00:00:01.321111,0.0004143923802337237,advanced,COMPLETE
104,-0.0002951366124671617,2025-12-07 17:10:20.676015,2025-12-07 17:10:22.113781,0 days 00:00:01.437766,0.0005643477684104641,advanced,COMPLETE
105,-0.0016559721242364045,2025-12-07 17:10:22.113781,2025-12-07 17:10:23.427069,0 days 00:00:01.313288,0.0013414101241140174,advanced,COMPLETE
106,-0.023222597660853477,2025-12-07 17:10:23.427069,2025-12-07 17:10:24.966071,0 days 00:00:01.539002,0.00032586441077183276,advanced,COMPLETE
107,-0.0009111001714517583,2025-12-07 17:10:24.966071,2025-12-07 17:10:26.220706,0 days 00:00:01.254635,0.0008291256538364953,advanced,COMPLETE
108,-0.0016949543225035872,2025-12-07 17:10:26.220706,2025-12-07 17:10:27.526592,0 days 00:00:01.305886,0.00046246823719925693,advanced,COMPLETE
109,-3.219749669406783e-05,2025-12-07 17:10:27.526592,2025-12-07 17:10:28.699767,0 days 00:00:01.173175,0.0006653831698883705,advanced,COMPLETE
110,-0.0013073803405147337,2025-12-07 17:10:28.699767,2025-12-07 17:10:29.939835,0 days 00:00:01.240068,0.0009355400941490124,advanced,COMPLETE
111,-0.0016559721242364045,2025-12-07 17:10:29.941843,2025-12-07 17:10:31.225281,0 days 00:00:01.283438,0.0014338082899272725,advanced,COMPLETE
112,-2.7157856288262394e-06,2025-12-07 17:10:31.225281,2025-12-07 17:10:32.367328,0 days 00:00:01.142047,0.000657829876460945,advanced,COMPLETE
113,-7.50101706071445e-05,2025-12-07 17:10:32.367328,2025-12-07 17:10:33.640406,0 days 00:00:01.273078,0.0006103031860621202,advanced,COMPLETE
114,-0.008327764202511615,2025-12-07 17:10:33.642414,2025-12-07 17:10:34.941719,0 days 00:00:01.299305,0.0003945075610222206,advanced,COMPLETE
115,-0.0010057413285933976,2025-12-07 17:10:34.941719,2025-12-07 17:10:36.194774,0 days 00:00:01.253055,0.000849198952956455,advanced,COMPLETE
116,-0.07499643390432535,2025-12-07 17:10:36.196117,2025-12-07 17:10:37.842280,0 days 00:00:01.646163,0.0002336399570370044,advanced,COMPLETE
117,-0.00045688265357513025,2025-12-07 17:10:37.842280,2025-12-07 17:10:39.051146,0 days 00:00:01.208866,0.0005320327219689866,advanced,COMPLETE
118,-0.0016559721242364045,2025-12-07 17:10:39.051146,2025-12-07 17:10:40.302146,0 days 00:00:01.251000,0.0017213617602059041,advanced,COMPLETE
119,-0.0016559721242364045,2025-12-07 17:10:40.302146,2025-12-07 17:10:41.574219,0 days 00:00:01.272073,0.0023721889768812563,advanced,COMPLETE
120,-0.03328897783142337,2025-12-07 17:10:41.574219,2025-12-07 17:10:43.253196,0 days 00:00:01.678977,0.00029410561753131305,advanced,COMPLETE
121,-5.093842418324446e-05,2025-12-07 17:10:43.253196,2025-12-07 17:10:44.535844,0 days 00:00:01.282648,0.0006694892349225322,advanced,COMPLETE
122,-0.0016559721242364045,2025-12-07 17:10:44.537483,2025-12-07 17:10:45.822117,0 days 00:00:01.284634,0.0011109969043990966,advanced,COMPLETE
123,-0.0004927566231973287,2025-12-07 17:10:45.822117,2025-12-07 17:10:47.128801,0 days 00:00:01.306684,0.0007232632528907573,advanced,COMPLETE
124,-0.0014425354112051296,2025-12-07 17:10:47.128801,2025-12-07 17:10:48.411758,0 days 00:00:01.282957,0.0004720981114836548,advanced,COMPLETE
125,-0.0014550807666345496,2025-12-07 17:10:48.413766,2025-12-07 17:10:49.684926,0 days 00:00:01.271160,0.0010000338711984092,advanced,COMPLETE
126,5.106785881444272e-05,2025-12-07 17:10:49.686932,2025-12-07 17:10:50.951122,0 days 00:00:01.264190,0.0006390500441362724,advanced,COMPLETE
127,-0.018387004549778114,2025-12-07 17:10:50.952814,2025-12-07 17:10:52.366742,0 days 00:00:01.413928,0.0003470840707224948,advanced,COMPLETE
128,-0.0002224504664649999,2025-12-07 17:10:52.366742,2025-12-07 17:10:53.618179,0 days 00:00:01.251437,0.000578342770042129,advanced,COMPLETE
129,-0.0016559721242364045,2025-12-07 17:10:53.618179,2025-12-07 17:10:54.857727,0 days 00:00:01.239548,0.0012408417664679721,advanced,COMPLETE
130,-0.0038086558774516797,2025-12-07 17:10:54.859850,2025-12-07 17:10:56.143009,0 days 00:00:01.283159,0.00042862412069817314,advanced,COMPLETE
131,-7.061704501446868e-05,2025-12-07 17:10:56.145017,2025-12-07 17:10:57.412880,0 days 00:00:01.267863,0.0006734104092980752,advanced,COMPLETE
132,-0.0008478897923864803,2025-12-07 17:10:57.414888,2025-12-07 17:10:58.687038,0 days 00:00:01.272150,0.0008166537562294941,advanced,COMPLETE
133,-0.00041287831366776384,2025-12-07 17:10:58.688542,2025-12-07 17:11:00.000667,0 days 00:00:01.312125,0.0005413744831436711,advanced,COMPLETE
134,-0.000307487741877166,2025-12-07 17:11:00.000667,2025-12-07 17:11:01.271558,0 days 00:00:01.270891,0.0007043294595019491,advanced,COMPLETE
135,-0.0013726170696120032,2025-12-07 17:11:01.272763,2025-12-07 17:11:02.498639,0 days 00:00:01.225876,0.0009648812121957364,advanced,COMPLETE
136,-0.016646746238980104,2025-12-07 17:11:02.502828,2025-12-07 17:11:03.832120,0 days 00:00:01.329292,0.0003548942417601818,advanced,COMPLETE
137,-0.0016559721242364045,2025-12-07 17:11:03.834059,2025-12-07 17:11:04.973896,0 days 00:00:01.139837,0.0015302997993513398,advanced,COMPLETE
138,-0.12434249009526195,2025-12-07 17:11:04.973896,2025-12-07 17:11:06.351487,0 days 00:00:01.377591,0.00020620526048585716,advanced,COMPLETE
139,-0.041661136450308556,2025-12-07 17:11:06.351487,2025-12-07 17:11:08.060836,0 days 00:00:01.709349,0.0002748415739742342,advanced,COMPLETE
140,-0.0018541914721793191,2025-12-07 17:11:08.060836,2025-12-07 17:11:09.366692,0 days 00:00:01.305856,0.00045681370203084045,advanced,COMPLETE
141,-2.0101326678401144e-05,2025-12-07 17:11:09.366692,2025-12-07 17:11:10.649226,0 days 00:00:01.282534,0.0006624800859663223,advanced,COMPLETE
142,-3.0572180988711985e-05,2025-12-07 17:11:10.651545,2025-12-07 17:11:11.899706,0 days 00:00:01.248161,0.0006650060480560404,advanced,COMPLETE
143,-0.0006716223129703547,2025-12-07 17:11:11.901180,2025-12-07 17:11:13.157106,0 days 00:00:01.255926,0.000778317820992679,advanced,COMPLETE
144,-0.0016559721242364045,2025-12-07 17:11:13.157632,2025-12-07 17:11:14.397596,0 days 00:00:01.239964,0.001167867588358834,advanced,COMPLETE
145,-0.0011726118009766455,2025-12-07 17:11:14.399605,2025-12-07 17:11:15.636797,0 days 00:00:01.237192,0.0008868882030072105,advanced,COMPLETE
146,-0.00026232762071842775,2025-12-07 17:11:15.638806,2025-12-07 17:11:16.968518,0 days 00:00:01.329712,0.0005690896864706605,advanced,COMPLETE
147,-0.006715659471005646,2025-12-07 17:11:16.968518,2025-12-07 17:11:18.371516,0 days 00:00:01.402998,0.0004047916411446515,advanced,COMPLETE
148,-0.0006586337784700488,2025-12-07 17:11:18.373022,2025-12-07 17:11:19.715173,0 days 00:00:01.342151,0.0005097511351341529,advanced,COMPLETE
149,-0.0014651732608590429,2025-12-07 17:11:19.715173,2025-12-07 17:11:21.002391,0 days 00:00:01.287218,0.0010042033706901914,advanced,COMPLETE
150,-4.4849345170239197e-05,2025-12-07 17:11:21.004367,2025-12-07 17:11:22.302722,0 days 00:00:01.298355,0.0006163682785654928,advanced,COMPLETE
151,5.506087355548287e-05,2025-12-07 17:11:22.302722,2025-12-07 17:11:23.573445,0 days 00:00:01.270723,0.0006418908235701464,advanced,COMPLETE
