number,value,datetime_start,datetime_complete,duration,params_lgbm_colsample_bytree,params_lgbm_learning_rate,params_lgbm_max_depth,params_lgbm_min_child_samples,params_lgbm_n_estimators,params_lgbm_num_leaves,params_lgbm_reg_alpha,params_lgbm_reg_lambda,params_lgbm_subsample,user_attrs_feature_level,state
0,-0.0016559720935109083,2025-12-07 19:16:00.268428,2025-12-07 19:16:03.232860,0 days 00:00:02.964432,0.5779972601681014,0.044803926826840625,12,64,420,88,4.330880728874676,2.416482602989751,0.5780093202212182,extensive,COMPLETE
1,-0.0015968917655884152,2025-12-07 19:16:03.232860,2025-12-07 19:16:07.283977,0 days 00:00:04.051117,0.5909124836035503,0.09138013915892866,3,85,897,110,1.5212112147976886,1.6124278458562613,0.6061695553391381,extensive,COMPLETE
2,-0.0016559720935109083,2025-12-07 19:16:07.286068,2025-12-07 19:16:14.106341,0 days 00:00:06.820273,0.6831809216468459,0.03126143958203108,5,22,1933,92,3.925879806965068,0.2880416977880551,0.6460723242676091,extensive,COMPLETE
3,-0.0016559720935109083,2025-12-07 19:16:14.106341,2025-12-07 19:16:24.748982,0 days 00:00:10.642641,0.5325257964926398,0.005746499650110705,8,65,3806,97,4.828160165372797,7.246804518258447,0.5852620618436457,extensive,COMPLETE
4,-0.0016559720935109083,2025-12-07 19:16:24.748982,2025-12-07 19:16:27.612499,0 days 00:00:02.863517,0.7475884550556351,0.03883092140196444,3,50,330,83,4.546602010393911,0.3939675937754722,0.5610191174223894,extensive,COMPLETE
5,-0.0016559720935109083,2025-12-07 19:16:27.613502,2025-12-07 19:16:40.179482,0 days 00:00:12.565980,0.9847923138822793,0.023746198818402044,6,59,3146,107,4.697494707820946,11.455777613940603,0.5924272277627636,extensive,COMPLETE
6,-0.0015581738575403496,2025-12-07 19:16:40.181485,2025-12-07 19:16:46.581467,0 days 00:00:06.399982,0.6626651653816322,0.006517805612564439,12,27,1677,102,1.3567451588694794,8.071418522169695,0.522613644455269,extensive,COMPLETE
7,-0.0016559720935109083,2025-12-07 19:16:46.581467,2025-12-07 19:16:57.219639,0 days 00:00:10.638172,0.5372753218398854,0.025411709798607296,5,22,3951,87,3.861223846483287,0.28658321062461245,0.9010984903770198,extensive,COMPLETE
8,-0.02898804879350207,2025-12-07 19:16:57.219639,2025-12-07 19:17:03.095643,0 days 00:00:05.876004,0.5370223258670452,0.04155397855708038,11,76,1562,64,0.5793452976256486,9.683377710407786,0.8856351733429728,extensive,COMPLETE
9,-0.0016559720935109083,2025-12-07 19:17:03.097719,2025-12-07 19:17:13.385931,0 days 00:00:10.288212,0.864803089169032,0.006048689963516921,6,38,2623,104,4.436063712881633,1.2206206339370174,0.6625916610133735,extensive,COMPLETE
10,-0.0016559720935109083,2025-12-07 19:17:13.386956,2025-12-07 19:17:18.582763,0 days 00:00:05.195807,0.6808837830192477,0.010604680227394138,10,11,1217,125,1.962264460513162,3.461107795152951,0.7828065453407016,extensive,COMPLETE
11,-0.0015990190008993526,2025-12-07 19:17:18.582763,2025-12-07 19:17:23.321883,0 days 00:00:04.739120,0.6362066546548342,0.08501524685764594,9,93,1112,117,1.555763097643428,1.1403038251575308,0.5156896024754595,extensive,COMPLETE
12,-0.02766600759357285,2025-12-07 19:17:23.323161,2025-12-07 19:17:29.736828,0 days 00:00:06.413667,0.7921336951296047,0.012360518948427945,3,100,890,115,0.520143065510358,17.168591741112003,0.7343526094439211,extensive,COMPLETE
13,-0.0016559720935109083,2025-12-07 19:17:29.736828,2025-12-07 19:17:37.143146,0 days 00:00:07.406318,0.6223441463224711,0.09763736312909067,12,82,2293,105,2.6249498782445357,3.778911015940192,0.5013757785563149,extensive,COMPLETE
14,-0.0024810203645991846,2025-12-07 19:17:37.145153,2025-12-07 19:17:43.568401,0 days 00:00:06.423248,0.7655620151757301,0.06459707889991848,8,42,1656,74,1.179550269314269,0.5657813839369397,0.6889433141323535,extensive,COMPLETE
15,-0.0016559720935109083,2025-12-07 19:17:43.568401,2025-12-07 19:17:47.598127,0 days 00:00:04.029726,0.6926810476928463,0.014512527206346004,10,34,794,127,2.6566644327095226,5.638469835798718,0.8202139292383122,extensive,COMPLETE
16,-0.09421960883363682,2025-12-07 19:17:47.599319,2025-12-07 19:18:17.664820,0 days 00:00:30.065501,0.6063151814651538,0.008527188292483303,4,75,2554,114,0.13609513195598488,0.10723233615838117,0.6275285346069481,extensive,COMPLETE
17,-0.0016559720935109083,2025-12-07 19:18:17.665875,2025-12-07 19:18:24.649546,0 days 00:00:06.983671,0.8359240284043762,0.018069095856822627,7,87,1417,100,2.0555198439095372,2.272706509045642,0.7081385854343185,extensive,COMPLETE
18,-0.0022469876431491973,2025-12-07 19:18:24.649546,2025-12-07 19:18:32.191916,0 days 00:00:07.542370,0.725734480076759,0.06276397311587505,9,49,1932,110,1.1457779312798184,0.8251661907134811,0.5421961914888787,extensive,COMPLETE
19,-0.0016559720935109083,2025-12-07 19:18:32.192961,2025-12-07 19:18:35.724202,0 days 00:00:03.531241,0.5039865168923732,0.008090873871504731,7,29,718,122,3.213827272429557,18.167862554365904,0.6346279850002895,extensive,COMPLETE
20,-0.0018046555059582452,2025-12-07 19:18:35.724202,2025-12-07 19:18:47.373221,0 days 00:00:11.649019,0.9192935333529578,0.019284053667417717,11,10,2991,77,1.2837006836522393,1.7193106492588732,0.964051434116436,extensive,COMPLETE
21,-0.0016559720935109083,2025-12-07 19:18:47.374629,2025-12-07 19:18:51.957521,0 days 00:00:04.582892,0.6332395074528493,0.0862086696400962,9,99,1102,120,1.7408326745386509,1.0320970544069452,0.5001429799749768,extensive,COMPLETE
22,-0.0016559720935109083,2025-12-07 19:18:51.959533,2025-12-07 19:18:56.804335,0 days 00:00:04.844802,0.6483900816759383,0.06949591522669549,10,94,1200,116,1.7268804306583811,0.6758555240123355,0.5345684582957793,extensive,COMPLETE
23,-0.012850349474246828,2025-12-07 19:18:56.804335,2025-12-07 19:19:00.411133,0 days 00:00:03.606798,0.584695595026658,0.05119886966065657,9,90,614,111,0.7842058853734721,4.2244691360588025,0.5299253685598722,extensive,COMPLETE
24,-0.0015974274992240172,2025-12-07 19:19:00.412133,2025-12-07 19:19:06.539570,0 days 00:00:06.127437,0.6576787383533966,0.0836218450917556,11,73,1708,100,1.478152642155355,1.6321390696891902,0.6056504221839794,extensive,COMPLETE
25,-0.0016559720935109083,2025-12-07 19:19:06.539570,2025-12-07 19:19:12.910358,0 days 00:00:06.370788,0.6865276886141697,0.03456786198969557,12,71,1755,100,2.2544261089203683,1.7278294612738077,0.6071770710402661,extensive,COMPLETE
26,-0.10620203645063746,2025-12-07 19:19:12.911234,2025-12-07 19:19:26.446296,0 days 00:00:13.535062,0.5696448560950752,0.05765147568952783,11,78,2217,95,0.12664297639451316,2.425653764375219,0.6859157861469568,extensive,COMPLETE
27,-0.0016559720935109083,2025-12-07 19:19:26.449804,2025-12-07 19:19:32.019884,0 days 00:00:05.570080,0.7202432327296192,0.07943745388616107,11,84,1430,103,2.995838663306057,0.1423931953325825,0.761162884743261,extensive,COMPLETE
28,-0.005476482098661695,2025-12-07 19:19:32.019884,2025-12-07 19:19:38.758243,0 days 00:00:06.738359,0.6574781052216495,0.02815618561033593,12,66,1922,109,0.9717006794531449,5.2226235034698085,0.5617394184926987,extensive,COMPLETE
29,-0.0015967666460048324,2025-12-07 19:19:38.758243,2025-12-07 19:19:41.958687,0 days 00:00:03.200444,0.5866727917045693,0.04420400692053112,4,58,517,93,1.4965182156313488,2.4053203451289176,0.6129162605887319,extensive,COMPLETE
30,-0.0016559720935109083,2025-12-07 19:19:41.958687,2025-12-07 19:19:44.477080,0 days 00:00:02.518393,0.5789211019091118,0.04945849917739954,4,51,212,90,2.3076547174924427,2.54629728173647,0.5691926350609694,extensive,COMPLETE
31,-0.0015599559689382463,2025-12-07 19:19:44.477080,2025-12-07 19:19:47.855083,0 days 00:00:03.378003,0.5982676045134744,0.09714054491956199,3,58,536,95,1.3088402350211636,1.5555865652930188,0.6072549730365343,extensive,COMPLETE
32,-0.013618282700494625,2025-12-07 19:19:47.856082,2025-12-07 19:19:51.083113,0 days 00:00:03.227031,0.5989695555993079,0.07172035607482119,4,58,488,94,0.8085092339331666,3.362905326171213,0.6546704720657808,extensive,COMPLETE
33,-0.0015547224016351964,2025-12-07 19:19:51.083113,2025-12-07 19:19:55.006997,0 days 00:00:03.923884,0.5485654586690163,0.09461843403595528,3,43,894,86,1.3669709519891062,7.436225845235207,0.6182361902660077,extensive,COMPLETE
34,-0.0015624229131940837,2025-12-07 19:19:55.008973,2025-12-07 19:19:58.211547,0 days 00:00:03.202574,0.5503866826749809,0.05370795886066885,3,44,491,86,1.392718344811151,9.132951411643143,0.6223006897598591,extensive,COMPLETE
35,-0.0790216585566661,2025-12-07 19:19:58.212546,2025-12-07 19:20:03.328224,0 days 00:00:05.115678,0.5058375502566949,0.09393001497134178,3,42,986,85,0.3842019215236543,9.566198677714457,0.5764343675232781,extensive,COMPLETE
36,-0.0016559720935109083,2025-12-07 19:20:03.328224,2025-12-07 19:20:06.119499,0 days 00:00:02.791275,0.5530321547139204,0.055053645365198675,5,27,348,80,2.013076229561651,12.703895965636836,0.6645526487315763,extensive,COMPLETE
37,-0.0017184231492210305,2025-12-07 19:20:06.119499,2025-12-07 19:20:08.745591,0 days 00:00:02.626092,0.5496424269188376,0.005051314500146347,3,46,205,89,1.230341406761042,7.157971061974257,0.5519527670936374,extensive,COMPLETE
38,-0.010437249697750506,2025-12-07 19:20:08.746673,2025-12-07 19:20:12.312933,0 days 00:00:03.566260,0.5205347992467727,0.09939023153196001,6,16,738,71,0.9059968516921145,7.634629015297313,0.7114019843530437,extensive,COMPLETE
39,-0.0016559720935109083,2025-12-07 19:20:12.313933,2025-12-07 19:20:17.636797,0 days 00:00:05.322864,0.6144817534670763,0.038147164691567224,3,35,1387,80,1.6978718890057776,13.685762387092126,0.5923395047256981,extensive,COMPLETE
40,-0.0016559720935109083,2025-12-07 19:20:17.636797,2025-12-07 19:20:20.863931,0 days 00:00:03.227134,0.5607068899201227,0.03244655342223803,5,54,544,83,3.3912070391391778,6.28330221586299,0.63786155924294,extensive,COMPLETE
41,-0.0015713177761698116,2025-12-07 19:20:20.865033,2025-12-07 19:20:24.069762,0 days 00:00:03.204729,0.5872620573463735,0.043761389932400564,4,60,434,91,1.3836780616462894,7.762968234902078,0.6162051543688619,extensive,COMPLETE
42,-0.0016086677999716341,2025-12-07 19:20:24.069762,2025-12-07 19:20:28.119704,0 days 00:00:04.049942,0.545160424216155,0.0699859088767414,4,67,938,87,1.3356243477883127,10.899784829968858,0.6766999920153297,extensive,COMPLETE
43,-0.033361917849710356,2025-12-07 19:20:28.119704,2025-12-07 19:20:31.296772,0 days 00:00:03.177068,0.5314177113439075,0.04860396931692287,3,62,389,98,0.6330286904087521,8.626744271267397,0.5804225370545851,extensive,COMPLETE
44,-0.0016559720935109083,2025-12-07 19:20:31.297254,2025-12-07 19:20:34.840669,0 days 00:00:03.543415,0.6065047138290137,0.027743615973664475,5,45,672,91,1.8410993493244943,14.115315424466663,0.6237380680324089,extensive,COMPLETE
45,-0.0028797592719252973,2025-12-07 19:20:34.841669,2025-12-07 19:20:38.848591,0 days 00:00:04.006922,0.5756587090505232,0.07729449383834486,3,54,892,84,1.1287448335203298,4.906856902156221,0.8194303327978071,extensive,COMPLETE
46,-0.0016559720935109083,2025-12-07 19:20:38.849719,2025-12-07 19:20:41.859536,0 days 00:00:03.009817,0.6704014828516126,0.03987921351791761,4,21,442,97,2.2708814652346643,0.42432282856354664,0.6477413046409437,extensive,COMPLETE
47,-0.07581359629152473,2025-12-07 19:20:41.860535,2025-12-07 19:20:48.314374,0 days 00:00:06.453839,0.6312187384914741,0.05679762195143075,3,38,1315,87,0.39348450457056583,6.812872539176546,0.7139238525653592,extensive,COMPLETE
48,-0.0015993946796215575,2025-12-07 19:20:48.315420,2025-12-07 19:20:57.497651,0 days 00:00:09.182231,0.5267588588890688,0.020829000992681083,4,27,3337,80,1.533097768093055,3.15769693773498,0.5168659741979112,extensive,COMPLETE
49,-0.0015976954783771073,2025-12-07 19:20:57.499159,2025-12-07 19:21:02.169265,0 days 00:00:04.670106,0.6991275077164713,0.0068602953274003895,6,63,1050,92,1.4270131700929753,4.634288707842217,0.741255723980336,extensive,COMPLETE
50,-0.0016559720935109083,2025-12-07 19:21:02.170268,2025-12-07 19:21:06.713910,0 days 00:00:04.543642,0.9785739368257362,0.016146118113316406,3,48,839,103,4.137143384605636,15.974153699573575,0.5984635168170646,extensive,COMPLETE
51,-0.0016078219959047384,2025-12-07 19:21:06.713910,2025-12-07 19:21:10.120883,0 days 00:00:03.406973,0.5925772061429222,0.04276327272942149,4,59,593,94,1.6143195774709445,8.867838032225904,0.6183701965998071,extensive,COMPLETE
52,-0.003223500696953726,2025-12-07 19:21:10.120883,2025-12-07 19:21:12.899314,0 days 00:00:02.778431,0.5645856067234579,0.06149024624961983,4,56,319,92,1.101994163360874,10.820700183957547,0.5482402338159893,extensive,COMPLETE
53,-0.0016559720935109083,2025-12-07 19:21:12.900368,2025-12-07 19:21:16.105596,0 days 00:00:03.205228,0.6162132005224713,0.023377147291827827,5,69,494,88,1.9568391570736519,1.2854697394317172,0.6175192358963822,extensive,COMPLETE
54,-0.0015785943547360997,2025-12-07 19:21:16.105596,2025-12-07 19:21:20.529031,0 days 00:00:04.423435,0.5894377584907055,0.035743162907639923,3,51,736,106,1.414695456685079,5.915821513534306,0.5859178077424978,extensive,COMPLETE
55,-0.0055617796665011765,2025-12-07 19:21:20.531034,2025-12-07 19:21:24.607633,0 days 00:00:04.076599,0.5005583452139964,0.012226604186195608,3,33,745,105,0.9525621045175726,19.384254443210484,0.5712825120673579,extensive,COMPLETE
56,-0.025572135545444647,2025-12-07 19:21:24.607633,2025-12-07 19:21:31.146744,0 days 00:00:06.539111,0.7986110253487979,0.03739546390414652,8,41,1120,98,0.6169586053925319,5.371701715381628,0.5870636965318998,extensive,COMPLETE
57,-0.0014438063775673211,2025-12-07 19:21:31.148252,2025-12-07 19:21:40.417629,0 days 00:00:09.269377,0.6306265605812285,0.02816446167584391,3,53,2480,108,1.3368975811321673,7.936575108672916,0.5335397469969004,extensive,COMPLETE
58,-0.0016559720935109083,2025-12-07 19:21:40.418708,2025-12-07 19:21:48.676854,0 days 00:00:08.258146,0.6400216774420922,0.026003472638953314,5,61,2540,101,1.851622138813962,7.99931776710101,0.5323240871717854,extensive,COMPLETE
59,-0.0016559720935109083,2025-12-07 19:21:48.677852,2025-12-07 19:21:57.861148,0 days 00:00:09.183296,0.7111426192857129,0.03085033126699304,3,46,2765,76,2.475890376985374,0.2515085335154773,0.5200893418470308,extensive,COMPLETE
60,-0.0016559720935109083,2025-12-07 19:21:57.861657,2025-12-07 19:22:06.383882,0 days 00:00:08.522225,0.7423433090620978,0.010259119975887672,3,38,2367,113,2.099571851258543,11.794877366049885,0.9992682327877371,extensive,COMPLETE
61,-0.0014638659958452482,2025-12-07 19:22:06.384951,2025-12-07 19:22:15.108823,0 days 00:00:08.723872,0.6219282782139562,0.03539900459107052,3,51,2751,108,1.3519148956572533,6.659792308728902,0.5578893556288652,extensive,COMPLETE
62,-0.0019529247807104448,2025-12-07 19:22:15.108823,2025-12-07 19:22:23.781417,0 days 00:00:08.672594,0.6248991577611734,0.029213022652204632,3,53,2781,108,1.271657311783719,3.8621767699735163,0.5481088209651364,extensive,COMPLETE
63,-0.0038943171418681275,2025-12-07 19:22:23.781417,2025-12-07 19:22:31.234708,0 days 00:00:07.453291,0.6666220967725051,0.04704369761478884,4,49,2159,111,1.0217183948383737,9.683608337021964,0.5014438862159016,extensive,COMPLETE
64,-0.014696435511461306,2025-12-07 19:22:31.234708,2025-12-07 19:22:41.549578,0 days 00:00:10.314870,0.6514685578747795,0.02139541936399438,4,56,3180,107,0.7717182386483743,6.4882493674096455,0.5604146819069873,extensive,COMPLETE
65,-0.0016559720935109083,2025-12-07 19:22:41.551385,2025-12-07 19:22:49.952955,0 days 00:00:08.401570,0.6028358760416204,0.08769536951471436,7,43,2766,101,1.6851204673280993,7.84084770022039,0.5382953913065368,extensive,COMPLETE
66,-0.0017101643258441435,2025-12-07 19:22:49.952955,2025-12-07 19:22:57.816037,0 days 00:00:07.863082,0.5666758666262875,0.03285595459048536,3,18,2406,119,1.2872141987338035,3.0846025861824073,0.8894637597769549,extensive,COMPLETE
67,-0.0016559720935109083,2025-12-07 19:22:57.816037,2025-12-07 19:23:05.111316,0 days 00:00:07.295279,0.6407945702396219,0.05303654261450425,4,52,2077,95,1.8623932121368025,15.897078470175837,0.5185058478121857,extensive,COMPLETE
68,-0.0015996177305992454,2025-12-07 19:23:05.111316,2025-12-07 19:23:13.143672,0 days 00:00:08.032356,0.5152788309268087,0.024923569661889317,10,30,2924,103,1.5417004074301284,4.3741073327766715,0.6321824671858158,extensive,COMPLETE
69,-0.3635583357601551,2025-12-07 19:23:13.145507,2025-12-07 19:23:41.906011,0 days 00:00:28.760504,0.5472483515387129,0.06464795094579463,3,60,3624,112,0.001067245594987165,1.9990800205368946,0.605420830670088,extensive,COMPLETE
70,-0.0031036941762673242,2025-12-07 19:23:41.906401,2025-12-07 19:23:48.017002,0 days 00:00:06.110601,0.6171825397854426,0.07600925678052521,4,66,1810,86,1.0936201241967392,0.8909980308578423,0.5641139383717537,extensive,COMPLETE
71,-0.0015712258552914211,2025-12-07 19:23:48.017002,2025-12-07 19:23:56.238394,0 days 00:00:08.221392,0.5913832772678613,0.03540639795581885,3,50,2529,105,1.4075997036683345,6.051017282526633,0.5946684159762813,extensive,COMPLETE
72,-0.0015783665405821878,2025-12-07 19:23:56.238394,2025-12-07 19:24:04.372566,0 days 00:00:08.134172,0.5785072759723037,0.04032284942199519,3,48,2587,90,1.4150597629688657,10.25777421154939,0.6731477417492531,extensive,COMPLETE
73,-0.0070564214949933035,2025-12-07 19:24:04.372566,2025-12-07 19:24:10.340661,0 days 00:00:05.968095,0.6758994917788518,0.04412770841776768,3,56,1553,82,0.8899267415863736,5.781259715771115,0.6542368157987573,extensive,COMPLETE
74,-0.0024407958473713354,2025-12-07 19:24:10.342284,2025-12-07 19:24:17.239282,0 days 00:00:06.896998,0.6002038252297007,0.035309568241133446,3,41,2008,96,1.2063713819775903,7.389313012655666,0.5966494182249457,extensive,COMPLETE
75,-0.001618753409053116,2025-12-07 19:24:17.239282,2025-12-07 19:24:24.373414,0 days 00:00:07.134132,0.5349880928304435,0.030322741581064176,8,44,2274,109,1.6583682963413053,12.892522565518773,0.577919308638128,extensive,COMPLETE
76,-0.01429070125760871,2025-12-07 19:24:24.373414,2025-12-07 19:24:33.161859,0 days 00:00:08.788445,0.5634216578572655,0.025757397782324908,4,50,2899,115,0.7802488020335933,8.84932253650854,0.5554333784426313,extensive,COMPLETE
77,-0.0014767406284675137,2025-12-07 19:24:33.163868,2025-12-07 19:24:41.358700,0 days 00:00:08.194832,0.6292679849830343,0.09383234324636427,3,64,2475,99,1.348799052188586,4.947242634704083,0.535076286115793,extensive,COMPLETE
78,-0.0016559720935109083,2025-12-07 19:24:41.360045,2025-12-07 19:24:49.066714,0 days 00:00:07.706669,0.6259219335883466,0.09096777588406751,3,64,2402,104,1.8036240737663332,4.0300936332192325,0.530081783485155,extensive,COMPLETE
79,-0.0016559720935109083,2025-12-07 19:24:49.068948,2025-12-07 19:24:57.851540,0 days 00:00:08.782592,0.6574600366897912,0.08381893807980331,3,79,2705,99,2.1406431554563032,2.758148533624703,0.5075390252596991,extensive,COMPLETE
80,-0.0016341176515383509,2025-12-07 19:24:57.852455,2025-12-07 19:25:06.693450,0 days 00:00:08.840995,0.6904863873081103,0.09963266593367223,3,13,2513,102,1.5748734323751343,6.63476855665277,0.545437729233036,extensive,COMPLETE
81,-0.0016559720935109083,2025-12-07 19:25:06.693997,2025-12-07 19:25:15.860355,0 days 00:00:09.166358,0.6119952873440605,0.07383243873556,4,58,3045,106,4.959631110905052,5.017681454892567,0.606279348551025,extensive,COMPLETE
82,-0.0015205892128915914,2025-12-07 19:25:15.861356,2025-12-07 19:25:23.860768,0 days 00:00:07.999412,0.5860870584188643,0.06670216869522809,3,69,2471,89,1.3738594022717585,8.688750889783341,0.5698863737223356,extensive,COMPLETE
83,-0.002661291007064507,2025-12-07 19:25:23.862287,2025-12-07 19:25:31.540789,0 days 00:00:07.678502,0.5541531229609175,0.07951455726356593,3,74,2480,96,1.1768037612752482,11.463611744731494,0.565663757290578,extensive,COMPLETE
84,-0.0015393957702992307,2025-12-07 19:25:31.540789,2025-12-07 19:25:39.541031,0 days 00:00:08.000242,0.5779336154377301,0.08717172682481691,3,69,2666,108,1.3226610016561955,8.998330062068776,0.5206271559179786,extensive,COMPLETE
85,-0.06359526610286285,2025-12-07 19:25:39.541031,2025-12-07 19:25:48.331284,0 days 00:00:08.790253,0.5404131707066199,0.06842432282855863,3,71,2826,110,0.4576820550221107,9.443356887314366,0.5172398924096165,extensive,COMPLETE
86,-0.003000049398675153,2025-12-07 19:25:48.332275,2025-12-07 19:25:56.670543,0 days 00:00:08.338268,0.5780846591003731,0.0910892682211321,4,67,2697,88,1.1256690132432832,13.543398675275125,0.5337047701447093,extensive,COMPLETE
87,-0.0014838642550285182,2025-12-07 19:25:56.671587,2025-12-07 19:26:05.087618,0 days 00:00:08.416031,0.6424133432468102,0.061413955236921516,3,77,2646,82,1.3460762019408938,8.614424295944747,0.5415841302519389,extensive,COMPLETE
88,-0.005331335868023849,2025-12-07 19:26:05.087618,2025-12-07 19:26:13.696357,0 days 00:00:08.608739,0.6342239202230724,0.061386371550596175,12,71,2667,82,0.9942252010797032,14.988162304030567,0.5289097884182756,extensive,COMPLETE
89,-0.0017534609929996299,2025-12-07 19:26:13.696934,2025-12-07 19:26:23.379032,0 days 00:00:09.682098,0.6038353801672265,0.08033624806631172,3,81,3123,72,1.297163754073878,6.933684739687502,0.5077089650442151,extensive,COMPLETE
90,-0.0015976992757844588,2025-12-07 19:26:23.380036,2025-12-07 19:26:30.667576,0 days 00:00:07.287540,0.6422956376390151,0.094350826926497,6,69,2213,108,1.5389431281824217,8.306282513629965,0.5555983724283404,extensive,COMPLETE
91,-0.0015013646618859584,2025-12-07 19:26:30.669576,2025-12-07 19:26:38.170706,0 days 00:00:07.501130,0.6232400032591211,0.06594272279506759,3,78,2319,77,1.3527014494641418,9.991854590297923,0.576945054460096,extensive,COMPLETE
