number,value,datetime_start,datetime_complete,duration,params_lgbm_colsample_bytree,params_lgbm_learning_rate,params_lgbm_max_depth,params_lgbm_min_child_samples,params_lgbm_n_estimators,params_lgbm_num_leaves,params_lgbm_reg_alpha,params_lgbm_reg_lambda,params_lgbm_subsample,user_attrs_feature_level,state
0,-0.0016559720935109083,2025-12-07 18:09:34.585540,2025-12-07 18:09:36.515649,0 days 00:00:01.930109,0.5779972601681014,0.044803926826840625,12,64,420,88,4.330880728874676,2.416482602989751,0.5780093202212182,none,COMPLETE
1,-0.0016532214395248435,2025-12-07 18:09:36.515649,2025-12-07 18:09:38.284134,0 days 00:00:01.768485,0.5909124836035503,0.09138013915892866,3,85,897,110,1.5212112147976886,1.6124278458562613,0.6061695553391381,none,COMPLETE
2,-0.0016559720935109083,2025-12-07 18:09:38.284134,2025-12-07 18:09:40.296973,0 days 00:00:02.012839,0.6831809216468459,0.03126143958203108,5,22,1933,92,3.925879806965068,0.2880416977880551,0.6460723242676091,none,COMPLETE
3,-0.0016559720935109083,2025-12-07 18:09:40.296973,2025-12-07 18:09:42.598016,0 days 00:00:02.301043,0.5325257964926398,0.005746499650110705,8,65,3806,97,4.828160165372797,7.246804518258447,0.5852620618436457,none,COMPLETE
4,-0.0016559720935109083,2025-12-07 18:09:42.599529,2025-12-07 18:09:44.306074,0 days 00:00:01.706545,0.7475884550556351,0.03883092140196444,3,50,330,83,4.546602010393911,0.3939675937754722,0.5610191174223894,none,COMPLETE
5,-0.0016559720935109083,2025-12-07 18:09:44.306074,2025-12-07 18:09:46.112993,0 days 00:00:01.806919,0.9847923138822793,0.023746198818402044,6,59,3146,107,4.697494707820946,11.455777613940603,0.5924272277627636,none,COMPLETE
6,-0.0017389010904425757,2025-12-07 18:09:46.114618,2025-12-07 18:09:46.735934,0 days 00:00:00.621316,0.6626651653816322,0.006517805612564439,12,27,1677,102,1.3567451588694794,8.071418522169695,0.522613644455269,none,COMPLETE
7,-0.0016559720935109083,2025-12-07 18:09:46.735934,2025-12-07 18:09:47.711174,0 days 00:00:00.975240,0.5372753218398854,0.025411709798607296,5,22,3951,87,3.861223846483287,0.28658321062461245,0.9010984903770198,none,COMPLETE
8,-0.00364108653630039,2025-12-07 18:09:47.711174,2025-12-07 18:09:48.304743,0 days 00:00:00.593569,0.5370223258670452,0.04155397855708038,11,76,1562,64,0.5793452976256486,9.683377710407786,0.8856351733429728,none,COMPLETE
9,-0.0016559720935109083,2025-12-07 18:09:48.304743,2025-12-07 18:09:49.053505,0 days 00:00:00.748762,0.864803089169032,0.006048689963516921,6,38,2623,104,4.436063712881633,1.2206206339370174,0.6625916610133735,none,COMPLETE
10,-0.0016559720935109083,2025-12-07 18:09:49.054920,2025-12-07 18:09:49.481589,0 days 00:00:00.426669,0.8451235367845726,0.09127815799510311,3,96,1170,126,2.020130360093224,1.267279965804996,0.7728591400411078,none,COMPLETE
11,-0.0016559720935109083,2025-12-07 18:09:49.481589,2025-12-07 18:09:49.750771,0 days 00:00:00.269182,0.6284908682843016,0.09059349670307948,9,89,283,117,2.8664548882561456,2.6914964369372814,0.7464321851585245,none,COMPLETE
12,-0.0016559720935109083,2025-12-07 18:09:49.750771,2025-12-07 18:09:50.093801,0 days 00:00:00.343030,0.6368719098105871,0.05794418779515518,10,81,693,76,2.6740545336296453,2.6900747167288377,0.7343526094439211,none,COMPLETE
13,-0.001684113288051033,2025-12-07 18:09:50.093801,2025-12-07 18:09:50.563511,0 days 00:00:00.469710,0.5859890951691943,0.011578695967024497,12,71,996,118,1.4228709664159436,3.0437815990665307,0.5027261947767732,none,COMPLETE
14,-0.0016559720935109083,2025-12-07 18:09:50.564517,2025-12-07 18:09:50.971070,0 days 00:00:00.406553,0.7466249497215666,0.06088982687850378,8,47,968,111,3.44577911492431,0.6858187140623053,0.6671680435920644,none,COMPLETE
15,-0.30020776150029466,2025-12-07 18:09:50.971070,2025-12-07 18:09:53.135028,0 days 00:00:02.163958,0.5943154140680537,0.059459792058418816,10,86,2423,71,0.07755190997113548,4.436892093045354,0.8202139292383122,none,COMPLETE
16,-0.0016559720935109083,2025-12-07 18:09:53.136775,2025-12-07 18:09:53.400004,0 days 00:00:00.263229,0.51059520987161,0.013803691767380733,4,99,203,94,1.9438459739319311,0.10723233615838117,0.6274809405587258,none,COMPLETE
17,-0.0023450273366308525,2025-12-07 18:09:53.400004,2025-12-07 18:09:53.908125,0 days 00:00:00.508121,0.6900913631930553,0.07059064774462229,7,69,1335,81,1.255773118034989,19.078647856602792,0.7117505980173551,none,COMPLETE
18,-0.0016559720935109083,2025-12-07 18:09:53.910132,2025-12-07 18:09:54.266123,0 days 00:00:00.355991,0.8221116350657081,0.01546867341889106,9,10,698,128,3.111473652446301,0.8294476153405086,0.559052034925493,none,COMPLETE
19,-0.0016559720935109083,2025-12-07 18:09:54.266123,2025-12-07 18:09:54.613314,0 days 00:00:00.347191,0.586720193068739,0.0437802651972889,7,62,637,114,2.15722290553336,2.078424061187202,0.8222347859504923,none,COMPLETE
20,-0.005615554662487532,2025-12-07 18:09:54.613314,2025-12-07 18:09:55.314868,0 days 00:00:00.701554,0.7045005355351618,0.09887559544116296,4,78,2232,101,0.618589853351008,4.458534106961762,0.9725478777943671,none,COMPLETE
21,-0.0016559720935109083,2025-12-07 18:09:55.315914,2025-12-07 18:09:55.897329,0 days 00:00:00.581415,0.6004377110018971,0.030771050086020844,5,34,1793,92,3.9742730037146368,0.10794644264465772,0.6412958183502866,none,COMPLETE
22,-0.0016559720935109083,2025-12-07 18:09:55.897329,2025-12-07 18:09:56.651163,0 days 00:00:00.753834,0.6948125233608562,0.018431374036174442,4,44,2863,88,3.7720533712242816,0.2380506314855982,0.6130024066003887,none,COMPLETE
23,-0.0016559720935109083,2025-12-07 18:09:56.651163,2025-12-07 18:09:57.233641,0 days 00:00:00.582478,0.632764436659482,0.03699705602862758,3,54,1964,91,4.091972034364747,0.7149514160129203,0.689121364560726,none,COMPLETE
24,-0.0016559720935109083,2025-12-07 18:09:57.233641,2025-12-07 18:09:57.734111,0 days 00:00:00.500470,0.5615819297733018,0.029454127542558297,5,15,1376,99,3.3351944697550313,1.6766857393603045,0.5467003072018446,none,COMPLETE
25,-0.0016559720935109083,2025-12-07 18:09:57.734111,2025-12-07 18:09:58.061920,0 days 00:00:00.327809,0.5004420350889325,0.05028619606592437,6,90,570,82,2.3455058001480116,0.46535769474868277,0.6083736835510467,none,COMPLETE
26,-0.0016559720935109083,2025-12-07 18:09:58.061920,2025-12-07 18:09:58.435633,0 days 00:00:00.373713,0.7787588257864038,0.07484566659077492,4,40,907,108,4.280954315553826,0.21492084201401618,0.699168038946605,none,COMPLETE
27,-0.0016559720935109083,2025-12-07 18:09:58.435633,2025-12-07 18:09:59.050949,0 days 00:00:00.615316,0.6573590504614019,0.019184241473014715,3,29,2032,76,4.947710382037248,1.0243206507212688,0.643337973526392,none,COMPLETE
28,-0.0016559720935109083,2025-12-07 18:09:59.050949,2025-12-07 18:09:59.516605,0 days 00:00:00.465656,0.705271179276075,0.03136337867481378,11,58,1293,87,1.693508368763714,0.4795456982167832,0.5785652118081882,none,COMPLETE
29,-0.0016559720935109083,2025-12-07 18:09:59.516605,2025-12-07 18:10:00.351013,0 days 00:00:00.834408,0.5615531317018375,0.008772148782691877,8,67,3139,96,3.4964674729639986,0.17187347077081372,0.5311339949430063,none,COMPLETE
30,-0.0034435572042768037,2025-12-07 18:10:00.351013,2025-12-07 18:10:00.725380,0 days 00:00:00.374367,0.9101320728802786,0.04945849917739954,5,74,471,96,1.0004003024348411,4.885120537392572,0.5892317102518021,none,COMPLETE
31,-0.0016559720935109083,2025-12-07 18:10:00.725380,2025-12-07 18:10:01.715157,0 days 00:00:00.989777,0.5229331041927238,0.03517563165220974,9,64,3995,99,4.89510982206288,7.349111106569966,0.5592421864814638,none,COMPLETE
32,-0.0016559720935109083,2025-12-07 18:10:01.716200,2025-12-07 18:10:02.590153,0 days 00:00:00.873953,0.7510230289488433,0.008366124589805674,6,53,3573,107,4.5036542557196215,19.04302584849807,0.5946097213957298,none,COMPLETE
33,-0.0016559720935109083,2025-12-07 18:10:02.590153,2025-12-07 18:10:03.466754,0 days 00:00:00.876601,0.5628200897119829,0.023073345447499113,7,81,3367,123,4.808220494144298,6.010810311921003,0.5145617261723365,none,COMPLETE
34,-0.0016559720935109083,2025-12-07 18:10:03.468760,2025-12-07 18:10:04.253729,0 days 00:00:00.784969,0.9959782326816241,0.02627380007448027,11,60,2768,84,4.2926257653250195,12.537298741977489,0.6640253143746593,none,COMPLETE
35,-0.0016559720935109083,2025-12-07 18:10:04.253729,2025-12-07 18:10:05.196058,0 days 00:00:00.942329,0.6116462939260536,0.005435502790616668,12,49,3721,90,4.697886931795921,1.9295270537626195,0.5695450818431336,none,COMPLETE
36,-0.0016559720935109083,2025-12-07 18:10:05.196058,2025-12-07 18:10:05.735213,0 days 00:00:00.539155,0.6628135196886192,0.07787656004338056,10,68,1568,104,3.7467653789731576,13.132952391315461,0.6241854900792527,none,COMPLETE
37,-0.0016559720935109083,2025-12-07 18:10:05.735213,2025-12-07 18:10:06.416941,0 days 00:00:00.681728,0.5482928606810181,0.018738531453799834,3,21,2249,77,4.153221048375173,3.3083326455184547,0.534790250755425,none,COMPLETE
38,-0.0016559720935109083,2025-12-07 18:10:06.416941,2025-12-07 18:10:07.201819,0 days 00:00:00.784878,0.6638521091848306,0.04317171178318846,6,93,3078,85,3.099055906370385,1.500393359411223,0.6779914611744576,none,COMPLETE
39,-0.0016559720935109083,2025-12-07 18:10:07.201819,2025-12-07 18:10:07.498305,0 days 00:00:00.296486,0.5310990238874808,0.008063905563268556,8,85,414,111,4.586313284233049,0.32742508553016625,0.780955241071822,none,COMPLETE
40,-0.0016559720935109083,2025-12-07 18:10:07.498305,2025-12-07 18:10:08.201605,0 days 00:00:00.703300,0.6215401964115316,0.01041241965990479,4,74,2551,67,2.547477679199923,1.036789579086209,0.6480931339819158,none,COMPLETE
41,-0.0016559720935109083,2025-12-07 18:10:08.201605,2025-12-07 18:10:08.565524,0 days 00:00:00.363919,0.7911369381887071,0.03544700774809905,3,29,803,81,4.557821914470957,0.45906227499214985,0.5929917774437093,none,COMPLETE
42,-0.0016559720935109083,2025-12-07 18:10:08.566529,2025-12-07 18:10:09.004997,0 days 00:00:00.438468,0.7332043137642722,0.02670257014024969,5,36,1083,94,4.400483745427276,0.31650106771447845,0.5390482566911516,none,COMPLETE
43,-0.0016559720935109083,2025-12-07 18:10:09.004997,2025-12-07 18:10:09.282257,0 days 00:00:00.277260,0.8830839626320754,0.049534905876185385,3,50,347,78,3.903302544709977,0.15631108127041704,0.5027732866931287,none,COMPLETE
44,-0.0016559720935109083,2025-12-07 18:10:09.282257,2025-12-07 18:10:09.879823,0 days 00:00:00.597566,0.5766045005497372,0.03933678611171383,4,57,1803,88,3.646190253897607,3.450203638886157,0.6052923136678939,none,COMPLETE
45,-0.0016559720935109083,2025-12-07 18:10:09.879823,2025-12-07 18:10:10.150553,0 days 00:00:00.270730,0.9638038308274861,0.06462577606242959,5,21,219,104,4.721941517866013,2.2792667473932084,0.5719742030743366,none,COMPLETE
46,-0.0016559720935109083,2025-12-07 18:10:10.151060,2025-12-07 18:10:10.524869,0 days 00:00:00.373809,0.7271351998478127,0.08317077307883465,11,43,823,72,4.055498422276247,9.335301266575955,0.7330096492588787,none,COMPLETE
47,-0.0016559720935109083,2025-12-07 18:10:10.524869,2025-12-07 18:10:10.845382,0 days 00:00:00.320513,0.7724471834836292,0.053423722331752604,9,65,555,121,4.981430162211413,0.5634111297811232,0.6333535419768315,none,COMPLETE
48,-0.0016559720935109083,2025-12-07 18:10:10.845382,2025-12-07 18:10:11.279384,0 days 00:00:00.434002,0.6442386222343184,0.020492428877168206,6,100,1079,84,1.7094669090955028,0.36627116546841143,0.5619845915931688,none,COMPLETE
49,-0.0016559720935109083,2025-12-07 18:10:11.279384,2025-12-07 18:10:11.811720,0 days 00:00:00.532336,0.8097961898349167,0.01369462685029199,3,71,1513,93,2.935366265393596,1.08501145812366,0.8932453914900429,none,COMPLETE
50,-0.0035976278923613623,2025-12-07 18:10:11.811720,2025-12-07 18:10:12.580004,0 days 00:00:00.768284,0.5979782021764901,0.006879287720917479,7,25,387,97,0.4184863050130976,0.731607654798776,0.7155981420913947,none,COMPLETE
51,-0.0016559720935109083,2025-12-07 18:10:12.580004,2025-12-07 18:10:13.537541,0 days 00:00:00.957537,0.6772690925619471,0.0161399394658716,4,81,3798,115,4.308101199011924,13.12481142658571,0.5840897155159517,none,COMPLETE
52,-0.0016559720935109083,2025-12-07 18:10:13.537541,2025-12-07 18:10:14.460320,0 days 00:00:00.922779,0.862458044076365,0.024678020094433428,6,63,3395,111,4.669994277836184,5.747716211357568,0.6203139623546223,none,COMPLETE
53,-0.0016559720935109083,2025-12-07 18:10:14.460320,2025-12-07 18:10:15.282026,0 days 00:00:00.821706,0.5416737417215535,0.032796961241385196,12,53,3009,108,4.449346853019722,8.967998890865038,0.655236353748585,none,COMPLETE
54,-0.0016559720935109083,2025-12-07 18:10:15.283354,2025-12-07 18:10:16.125328,0 days 00:00:00.841974,0.5132671038313701,0.043655117428605894,7,78,3269,102,4.163803238397404,1.2651100447731587,0.9978633836110258,none,COMPLETE
55,-0.0016559720935109083,2025-12-07 18:10:16.125328,2025-12-07 18:10:16.791823,0 days 00:00:00.666495,0.830512374493261,0.06616943110767484,8,15,2333,101,4.989951525471076,2.7890229203700936,0.5192479651461765,none,COMPLETE
56,-0.003204278571960817,2025-12-07 18:10:16.791823,2025-12-07 18:10:17.788517,0 days 00:00:00.996694,0.7177729064060997,0.028821041094817455,4,58,3631,105,1.0763539317644302,15.72025621786476,0.5455353039198174,none,COMPLETE
57,-0.0016559720935109083,2025-12-07 18:10:17.788517,2025-12-07 18:10:18.179393,0 days 00:00:00.390876,0.7533197939045091,0.02334079667153544,5,47,661,90,3.876885663748681,3.7638499282795923,0.6051391532159388,none,COMPLETE
58,-0.0016559720935109083,2025-12-07 18:10:18.179393,2025-12-07 18:10:18.911464,0 days 00:00:00.732071,0.6141563066863132,0.021625471287157368,9,72,2599,118,3.55557125185424,6.821101919946466,0.5508029730305676,none,COMPLETE
59,-0.0016559720935109083,2025-12-07 18:10:18.911464,2025-12-07 18:10:19.276846,0 days 00:00:00.365382,0.5828736594459603,0.05686034326981968,10,41,782,115,2.1585108268426274,1.6687766451669614,0.6305437504229675,none,COMPLETE
60,-0.0016559720935109083,2025-12-07 18:10:19.276846,2025-12-07 18:10:20.074995,0 days 00:00:00.798149,0.6795940488530648,0.09063846463307286,3,94,2831,86,4.466949474685451,2.2557272980960277,0.8276187906573655,none,COMPLETE
61,-0.0016559720935109083,2025-12-07 18:10:20.074995,2025-12-07 18:10:21.089652,0 days 00:00:01.014657,0.5513094515367729,0.03844964876382745,5,12,3950,82,4.780430230460684,0.2265092943524089,0.9208388095985653,none,COMPLETE
62,-0.0016559720935109083,2025-12-07 18:10:21.089652,2025-12-07 18:10:22.125930,0 days 00:00:01.036278,0.5003389489367763,0.026794172648373932,6,31,3841,89,3.345035439420365,0.14090376055375572,0.7716585065365653,none,COMPLETE
63,-0.0016559720935109083,2025-12-07 18:10:22.127954,2025-12-07 18:10:22.460482,0 days 00:00:00.332528,0.5290335799043686,0.017272249304640316,5,21,520,79,4.267796615232804,0.2662165409878812,0.949238564671869,none,COMPLETE
64,-0.0016559720935109083,2025-12-07 18:10:22.460482,2025-12-07 18:10:23.413925,0 days 00:00:00.953443,0.5747692586815765,0.013863978985075062,4,25,3426,94,3.954349932047275,10.69973939379672,0.8400270478326187,none,COMPLETE
65,-0.0016559720935109083,2025-12-07 18:10:23.415473,2025-12-07 18:10:23.901757,0 days 00:00:00.486284,0.6395612321858954,0.03171913295692835,6,66,1236,99,4.621205533961311,0.4027175841889908,0.5794687549827932,none,COMPLETE
66,-0.001655063385963181,2025-12-07 18:10:23.902285,2025-12-07 18:10:24.889188,0 days 00:00:00.986903,0.5631568503856205,0.02918366089263474,4,34,3533,91,1.4998271915122168,0.26730160127766023,0.6105734384489709,none,COMPLETE
67,-0.0016617672595777104,2025-12-07 18:10:24.889188,2025-12-07 18:10:25.842366,0 days 00:00:00.953178,0.560058455391268,0.03395377936260844,4,33,3667,92,1.4729479572962711,0.5806460875479029,0.6028136631144507,none,COMPLETE
68,-0.0016559720935109083,2025-12-07 18:10:25.842366,2025-12-07 18:10:26.845801,0 days 00:00:01.003435,0.9341999285468743,0.02909497887905755,3,61,3507,96,1.8282684180016502,0.18651211237641618,0.6208259534935293,none,COMPLETE
69,-0.0017495116319272697,2025-12-07 18:10:26.848488,2025-12-07 18:10:27.554934,0 days 00:00:00.706446,0.5980063914909364,0.04663686290760369,4,46,1913,87,1.3503026757148582,0.8663494333996555,0.6655439017371831,none,COMPLETE
70,-0.003297114780519935,2025-12-07 18:10:27.554934,2025-12-07 18:10:28.483934,0 days 00:00:00.929000,0.6123175552012725,0.021561497551447338,3,38,3238,112,0.9973232792059858,4.21389253140823,0.5610179347038582,none,COMPLETE
71,-0.0016559720935109083,2025-12-07 18:10:28.483934,2025-12-07 18:10:29.480964,0 days 00:00:00.997030,0.5223737888410052,0.025344242166446426,5,23,3876,91,4.817253111170186,0.2817317237419408,0.68656641209474,none,COMPLETE
72,-0.0033929946284814902,2025-12-07 18:10:29.482526,2025-12-07 18:10:30.471337,0 days 00:00:00.988811,0.5434957638388951,0.04052670633452754,4,17,3530,85,0.7753131867374523,0.13687514611914325,0.5865038174847432,none,COMPLETE
73,-0.0016559720935109083,2025-12-07 18:10:30.471337,2025-12-07 18:10:31.430185,0 days 00:00:00.958848,0.5844113440790991,0.03682426225772519,5,51,3674,74,4.161432110697081,0.20341303991484186,0.6446054441468154,none,COMPLETE
74,-0.001656024347709062,2025-12-07 18:10:31.432254,2025-12-07 18:10:32.434235,0 days 00:00:01.001981,0.5678505757181938,0.027783018845413284,3,29,3776,89,1.491288794826632,0.2907193143891767,0.8566039101042551,none,COMPLETE
75,-0.0016559720935109083,2025-12-07 18:10:32.434235,2025-12-07 18:10:33.435928,0 days 00:00:01.001693,0.5349574877872889,0.020474286295897867,4,55,3981,82,2.3179142547283327,0.3671097969458333,0.6127654712639655,none,COMPLETE
76,-0.0016559720935109083,2025-12-07 18:10:33.435928,2025-12-07 18:10:33.716602,0 days 00:00:00.280674,0.7672037007298028,0.030695828457609188,5,85,305,80,3.7085945754126106,0.24734990215055924,0.5282256996951868,none,COMPLETE
77,-0.0016559720935109083,2025-12-07 18:10:33.716602,2025-12-07 18:10:33.987312,0 days 00:00:00.270710,0.7997749513540573,0.023690778688915903,11,59,210,106,4.384984048019464,16.675442336922877,0.7960819059389188,none,COMPLETE
78,-0.0016559720935109083,2025-12-07 18:10:33.987312,2025-12-07 18:10:34.392629,0 days 00:00:00.405317,0.5180032017708845,0.09729524939604771,3,18,939,83,2.7765768630572683,0.105518957283943,0.5952806615089621,none,COMPLETE
79,-0.0016559720935109083,2025-12-07 18:10:34.394136,2025-12-07 18:10:35.239300,0 days 00:00:00.845164,0.6513259219318192,0.010368802113423458,6,11,2995,94,4.862657248754029,10.474342763643905,0.5721145247037055,none,COMPLETE
80,-0.0016559720935109083,2025-12-07 18:10:35.239300,2025-12-07 18:10:35.552985,0 days 00:00:00.313685,0.5532407239804071,0.03534278953418582,8,69,453,87,3.1590143399821966,1.432227217201291,0.5477259150633677,none,COMPLETE
81,-0.0016559720935109083,2025-12-07 18:10:35.552985,2025-12-07 18:10:36.335734,0 days 00:00:00.782749,0.9068315909660547,0.005243927067830047,7,34,2653,98,4.247444046294607,1.8610269638310253,0.6371307147270013,none,COMPLETE
82,-0.0016559720935109083,2025-12-07 18:10:36.337330,2025-12-07 18:10:37.291412,0 days 00:00:00.954082,0.9974574435153077,0.006822731209772173,6,38,3230,108,4.553259497628664,0.543275469880939,0.6572423890721263,none,COMPLETE
83,-0.0016559720935109083,2025-12-07 18:10:37.292918,2025-12-07 18:10:38.047310,0 days 00:00:00.754392,0.852215099172673,0.0060528179371790915,7,43,2424,109,4.012519974286868,1.2564178505762982,0.7046518985037608,none,COMPLETE
84,-0.0016559720935109083,2025-12-07 18:10:38.047310,2025-12-07 18:10:38.783174,0 days 00:00:00.735864,0.9333801393512602,0.0057767990908467815,5,27,2140,104,4.670571884805503,2.5157702466133482,0.6747863822438435,none,COMPLETE
85,-0.0016559720935109083,2025-12-07 18:10:38.784192,2025-12-07 18:10:39.564884,0 days 00:00:00.780692,0.5933776687256224,0.04710463431501334,6,56,2747,102,4.3638979602425225,0.8562346049593985,0.6006351194740744,none,COMPLETE
86,-0.0016559720935109083,2025-12-07 18:10:39.566471,2025-12-07 18:10:40.116951,0 days 00:00:00.550480,0.628370362146812,0.07965168971536209,4,62,1613,91,4.525024208150858,8.107578718142154,0.7233907641350905,none,COMPLETE
87,-0.07590567233490415,2025-12-07 18:10:40.117558,2025-12-07 18:10:41.541902,0 days 00:00:01.424344,0.9652832295120185,0.05406386869980035,10,97,3579,95,0.2511705380957707,0.31788119205176346,0.6246375738440261,none,COMPLETE
88,-0.0016559720935109083,2025-12-07 18:10:41.544413,2025-12-07 18:10:42.577992,0 days 00:00:01.033579,0.7121855795984087,0.07222276830870127,12,47,3884,113,3.8373840893516724,0.4462262407021119,0.563876812042686,none,COMPLETE
89,-0.0016559720935109083,2025-12-07 18:10:42.577992,2025-12-07 18:10:43.615633,0 days 00:00:01.037641,0.8723331273737476,0.0063597348724430715,3,40,3739,100,1.9846317136902307,0.34880070568387295,0.5016504483784128,none,COMPLETE
90,-0.0016559720935109083,2025-12-07 18:10:43.617194,2025-12-07 18:10:44.569807,0 days 00:00:00.952613,0.9654776107119409,0.007335870682120242,6,50,3458,110,4.1245245734893325,0.2027240514493009,0.6151111704860137,none,COMPLETE
91,-0.0016559720935109083,2025-12-07 18:10:44.569807,2025-12-07 18:10:45.024213,0 days 00:00:00.454406,0.8465481809925516,0.08661040433196711,3,91,1076,122,2.019023938625241,1.747121557338945,0.7542313569962579,none,COMPLETE
92,-0.0016559720935109083,2025-12-07 18:10:45.024213,2025-12-07 18:10:45.400949,0 days 00:00:00.376736,0.7350158693754145,0.06543958424919909,4,87,738,127,1.6987721670574738,1.1696821394639902,0.5808493714775484,none,COMPLETE
93,-0.0017116226502066716,2025-12-07 18:10:45.401982,2025-12-07 18:10:45.984572,0 days 00:00:00.582590,0.8296303998042714,0.024628988827598796,3,78,1287,118,1.3725736774481019,0.9816213518059757,0.861998532855279,none,COMPLETE
