number,value,datetime_start,datetime_complete,duration,params_lgbm_colsample_bytree,params_lgbm_learning_rate,params_lgbm_max_depth,params_lgbm_min_child_samples,params_lgbm_n_estimators,params_lgbm_num_leaves,params_lgbm_reg_alpha,params_lgbm_reg_lambda,params_lgbm_subsample,user_attrs_feature_level,state
188,-0.002167883342319765,2025-12-07 18:14:01.856379,2025-12-07 18:14:02.329037,0 days 00:00:00.472658,0.6123172186977817,0.02040834146333426,8,63,779,92,1.266069041840327,3.9859054318120672,0.6115168365745797,simple,COMPLETE
189,-0.0016547648053268915,2025-12-07 18:14:02.329037,2025-12-07 18:14:02.782619,0 days 00:00:00.453582,0.591652283624605,0.023654091657757878,8,55,706,90,1.5027473257552966,7.139937583389396,0.5915546313414877,simple,COMPLETE
190,-0.0016559720935109083,2025-12-07 18:14:02.782619,2025-12-07 18:14:03.204398,0 days 00:00:00.421779,0.6253092794506321,0.021691441315168536,9,60,859,93,1.6704773596468085,6.300971894916039,0.5993330469521881,simple,COMPLETE
191,-0.0016520285001093704,2025-12-07 18:14:03.205951,2025-12-07 18:14:03.591194,0 days 00:00:00.385243,0.6417591634254035,0.01728346125900676,8,69,531,86,1.569510451917701,7.852991989893697,0.5844348007718064,simple,COMPLETE
192,-0.0016520443385500776,2025-12-07 18:14:03.591194,2025-12-07 18:14:03.993251,0 days 00:00:00.402057,0.6422122125241023,0.01680315623281912,8,68,564,89,1.5471653201306375,4.498602642068963,0.5839556289605223,simple,COMPLETE
193,-0.0016805432071194115,2025-12-07 18:14:03.993251,2025-12-07 18:14:04.412739,0 days 00:00:00.419488,0.6416218616608994,0.014877384678598626,8,66,545,86,1.4292318635712367,5.558698623112932,0.5901203791573806,simple,COMPLETE
194,-0.0016559720935109083,2025-12-07 18:14:04.412739,2025-12-07 18:14:04.778055,0 days 00:00:00.365316,0.6605113665777418,0.017062487000273237,8,63,514,91,1.7415913657339286,4.509730386497314,0.6065247859747905,simple,COMPLETE
195,-0.0016534348067436255,2025-12-07 18:14:04.779053,2025-12-07 18:14:05.221710,0 days 00:00:00.442657,0.6455130018551829,0.01325180236584463,8,69,671,88,1.5179375763917633,7.4139690605452,0.584804856495449,simple,COMPLETE
196,-0.001772699171569414,2025-12-07 18:14:05.221710,2025-12-07 18:14:05.655948,0 days 00:00:00.434238,0.6807949238034611,0.01616193710229469,8,65,596,89,1.3378147682980794,9.64120870014327,0.6257756127839902,simple,COMPLETE
197,-0.0016548941571534748,2025-12-07 18:14:05.655948,2025-12-07 18:14:06.108724,0 days 00:00:00.452776,0.6676790826072039,0.019311981728758223,7,62,731,86,1.615910596619078,8.583047279116823,0.5983359828884157,simple,COMPLETE
198,-0.0016875776788272123,2025-12-07 18:14:06.108724,2025-12-07 18:14:06.498554,0 days 00:00:00.389830,0.6355823151299582,0.017129034744584694,8,71,466,90,1.414833068599087,4.918597899285529,0.5759592798640306,simple,COMPLETE
199,-0.0016559720935109083,2025-12-07 18:14:06.498554,2025-12-07 18:14:06.860633,0 days 00:00:00.362079,0.6542393802002977,0.01550317217054156,9,67,559,82,1.6775358365706676,6.595088580321617,0.6180470478447335,simple,COMPLETE
200,-0.0016531543311811465,2025-12-07 18:14:06.860633,2025-12-07 18:14:07.336535,0 days 00:00:00.475902,0.6928930735985304,0.018486196156813073,8,69,780,85,1.5221930963024894,5.931201629122402,0.5842444266844381,simple,COMPLETE
201,-0.0016525744435946788,2025-12-07 18:14:07.336535,2025-12-07 18:14:07.750089,0 days 00:00:00.413554,0.6203521490009192,0.019617527624405925,8,67,645,89,1.5856021011402008,5.262331817660523,0.5816169456723674,simple,COMPLETE
202,-0.0016553212481908257,2025-12-07 18:14:07.750089,2025-12-07 18:14:08.163670,0 days 00:00:00.413581,0.6285665578602494,0.020724456274952893,8,64,618,88,1.6198683087466579,4.356777515217149,0.5718520124735933,simple,COMPLETE
203,-0.0016559720935109083,2025-12-07 18:14:08.163670,2025-12-07 18:14:08.486429,0 days 00:00:00.322759,0.6108932377194841,0.014367314152602851,8,68,438,91,1.7705815214429828,7.955892711477871,0.5923405071419943,simple,COMPLETE
204,-0.0016584994845503243,2025-12-07 18:14:08.488500,2025-12-07 18:14:08.891583,0 days 00:00:00.403083,0.6385504556806746,0.022696794274239956,8,65,524,87,1.4811758027772586,3.700728348957365,0.6037189433403225,simple,COMPLETE
205,-0.001714225099987754,2025-12-07 18:14:08.891583,2025-12-07 18:14:09.351347,0 days 00:00:00.459764,0.6727904082781705,0.017734978444526244,8,73,723,92,1.3718895344848046,6.8928832105447455,0.5565718100742899,simple,COMPLETE
206,-0.0016520222108689087,2025-12-07 18:14:09.351347,2025-12-07 18:14:09.759598,0 days 00:00:00.408251,0.6155061465203095,0.01993813675626037,8,61,624,89,1.5484041674699702,3.0883281312966235,0.5784933946737402,simple,COMPLETE
207,-0.0016559720935109083,2025-12-07 18:14:09.759598,2025-12-07 18:14:10.080027,0 days 00:00:00.320429,0.6013665704993923,0.01608747663013838,8,61,325,90,1.871021687409058,7.4322986423156925,0.5657554472204155,simple,COMPLETE
208,-0.0016559720935109083,2025-12-07 18:14:10.080998,2025-12-07 18:14:10.438617,0 days 00:00:00.357619,0.6514646987761946,0.02605029229428846,8,58,571,86,1.6850042719447798,4.75612211843406,0.5927194171791716,simple,COMPLETE
209,-0.0016567118651390118,2025-12-07 18:14:10.439138,2025-12-07 18:14:10.907232,0 days 00:00:00.468094,0.6834365900063233,0.018007953311966616,9,63,826,88,1.4859361809966585,6.157903826679338,0.5762009893154313,simple,COMPLETE
210,-0.002148015339225632,2025-12-07 18:14:10.907232,2025-12-07 18:14:11.377012,0 days 00:00:00.469780,0.6627084638430478,0.016676521143596378,7,66,695,94,1.2679752479813173,8.621821231210468,0.6120542976387955,simple,COMPLETE
211,-0.001651999355555119,2025-12-07 18:14:11.377012,2025-12-07 18:14:11.798791,0 days 00:00:00.421779,0.6292680488470646,0.01968823763663243,8,69,626,89,1.568083105379584,2.1916190643157347,0.5814640644224397,simple,COMPLETE
212,-0.0016519533564534061,2025-12-07 18:14:11.798791,2025-12-07 18:14:12.189249,0 days 00:00:00.390458,0.6333210537589938,0.01919370185798744,8,69,495,87,1.5645992048071369,2.1540991419587128,0.586217381594188,simple,COMPLETE
213,-0.0016559720935109083,2025-12-07 18:14:12.190252,2025-12-07 18:14:12.528180,0 days 00:00:00.337928,0.6277420079942924,0.019404728380727525,8,71,473,87,1.6557993311282786,1.981587692802729,0.5976924999284688,simple,COMPLETE
214,-0.0016707634611362228,2025-12-07 18:14:12.528180,2025-12-07 18:14:12.946316,0 days 00:00:00.418136,0.6389105140171611,0.021726863104338755,10,70,643,85,1.4516069784197148,2.4843338611554575,0.5873313765358998,simple,COMPLETE
215,-0.0016519810160621577,2025-12-07 18:14:12.946316,2025-12-07 18:14:13.288866,0 days 00:00:00.342550,0.6462000610150621,0.018907897807971506,8,69,382,88,1.566269000272884,3.08866596989615,0.5685652167060526,simple,COMPLETE
216,-0.0016559720935109083,2025-12-07 18:14:13.288866,2025-12-07 18:14:13.614355,0 days 00:00:00.325489,0.6186524177089195,0.018608289177525807,8,74,379,89,1.7415106170034713,2.376565938789479,0.5657033174788877,simple,COMPLETE
217,-0.0016525875847884415,2025-12-07 18:14:13.614355,2025-12-07 18:14:13.932704,0 days 00:00:00.318349,0.6454242087187644,0.019813741462724268,8,69,289,88,1.584704642416251,2.943663963270632,0.5520442412804394,simple,COMPLETE
218,-0.001752450460425159,2025-12-07 18:14:13.932704,2025-12-07 18:14:14.308669,0 days 00:00:00.375965,0.6335074691682113,0.010191097188260638,8,72,427,91,1.3431704231604429,2.944191510158768,0.582763153434077,simple,COMPLETE
219,-0.0016559720935109083,2025-12-07 18:14:14.308669,2025-12-07 18:14:14.676185,0 days 00:00:00.367516,0.6279198813109698,0.01733544371977702,8,68,505,86,1.8164918983979352,2.0824234057673525,0.5693138099070173,simple,COMPLETE
220,-0.001680139946435381,2025-12-07 18:14:14.676185,2025-12-07 18:14:15.092429,0 days 00:00:00.416244,0.6446485509289207,0.008570817611119374,8,66,578,83,1.4236476358255723,3.357722925722665,0.5605958546284948,simple,COMPLETE
221,-0.0016520184037347452,2025-12-07 18:14:15.092429,2025-12-07 18:14:15.531713,0 days 00:00:00.439284,0.6104102988049787,0.01986639089562328,8,70,712,88,1.5486258750545172,3.418843598725231,0.5947354914932763,simple,COMPLETE
222,-0.0016555668701014141,2025-12-07 18:14:15.531713,2025-12-07 18:14:15.986891,0 days 00:00:00.455178,0.6122877978480031,0.019414287187440323,8,70,592,89,1.622031496822656,3.414536539236675,0.6017563129208754,simple,COMPLETE
223,-0.001652794632799326,2025-12-07 18:14:15.988444,2025-12-07 18:14:16.424252,0 days 00:00:00.435808,0.6012726982844796,0.01854005292316384,8,71,750,88,1.5279982874454343,3.1875527813281694,0.5849834582043527,simple,COMPLETE
224,-0.0016559720935109083,2025-12-07 18:14:16.424252,2025-12-07 18:14:16.810192,0 days 00:00:00.385940,0.6207411240872261,0.01751404682888969,8,68,648,85,1.6723911211354443,2.6652424791244904,0.5748229278984529,simple,COMPLETE
225,-0.0016680737803305146,2025-12-07 18:14:16.810192,2025-12-07 18:14:17.179696,0 days 00:00:00.369504,0.6346754067145022,0.020260040986370825,8,67,413,87,1.4568858342901454,4.016060821693953,0.6069969880605511,simple,COMPLETE
226,-0.001652566001053864,2025-12-07 18:14:17.179696,2025-12-07 18:14:17.569776,0 days 00:00:00.390080,0.604286021723599,0.018701083481044194,8,73,514,89,1.5321209391011184,3.6043699236485742,0.59192920314432,simple,COMPLETE
227,-0.0016559720935109083,2025-12-07 18:14:17.571373,2025-12-07 18:14:18.024025,0 days 00:00:00.452652,0.6563059639426935,0.021962135326506243,9,69,905,91,1.7239325298333124,4.296013650642921,0.5813907498766676,simple,COMPLETE
228,-0.00170846525471872,2025-12-07 18:14:18.024025,2025-12-07 18:14:18.473008,0 days 00:00:00.448983,0.6283441098820863,0.016583329521733303,8,75,726,87,1.3778250710867825,3.2494786799739144,0.5719705544014708,simple,COMPLETE
229,-0.0016548860786916493,2025-12-07 18:14:18.473008,2025-12-07 18:14:18.888536,0 days 00:00:00.415528,0.6511667421744667,0.020243173891897028,8,65,595,84,1.6158308779983348,3.8609389487429113,0.5390012821999842,simple,COMPLETE
230,-0.0016520459478637228,2025-12-07 18:14:18.888536,2025-12-07 18:14:19.359930,0 days 00:00:00.471394,0.6175928022872014,0.015547394796440829,8,71,800,90,1.5472296909623242,2.3444764918846586,0.5992762802277506,simple,COMPLETE
231,-0.0016525831770681787,2025-12-07 18:14:19.359930,2025-12-07 18:14:19.844295,0 days 00:00:00.484365,0.5899378272699165,0.014994460877528013,8,71,809,90,1.5857618670118274,2.267814740007514,0.597913553095208,simple,COMPLETE
232,-0.0016624771993347665,2025-12-07 18:14:19.844295,2025-12-07 18:14:20.282716,0 days 00:00:00.438421,0.6189211756668032,0.01574877895044151,8,69,675,89,1.470986940630541,2.1735965729620426,0.6099106627867436,simple,COMPLETE
233,-0.0016520548268074513,2025-12-07 18:14:20.282716,2025-12-07 18:14:20.737576,0 days 00:00:00.454860,0.6138860789410856,0.017653846424058244,8,72,771,92,1.5709472290114264,2.6309593631094925,0.5905191186191637,simple,COMPLETE
234,-0.0016559720935109083,2025-12-07 18:14:20.738687,2025-12-07 18:14:21.155960,0 days 00:00:00.417273,0.6111215911298746,0.018073387679126012,8,72,819,93,1.6922022408955775,2.5410302745717344,0.5837694457210902,simple,COMPLETE
235,-0.001651950094080738,2025-12-07 18:14:21.155960,2025-12-07 18:14:21.665272,0 days 00:00:00.509312,0.6394691029678696,0.01885576197706925,8,67,962,92,1.5533507812366047,2.9088944132847256,0.5983369604291102,simple,COMPLETE
236,-0.001691269772905753,2025-12-07 18:14:21.665272,2025-12-07 18:14:22.261639,0 days 00:00:00.596367,0.639447221833534,0.01914074961189928,8,66,1176,92,1.4091102717509845,2.7598503500622935,0.592979746246451,simple,COMPLETE
237,-0.0016559720935109083,2025-12-07 18:14:22.263797,2025-12-07 18:14:22.728725,0 days 00:00:00.464928,0.6181718805597339,0.021142195609581325,8,64,993,92,1.6678052647708252,1.8341133384955075,0.5733121768863518,simple,COMPLETE
238,-0.0016559720935109083,2025-12-07 18:14:22.728725,2025-12-07 18:14:23.168758,0 days 00:00:00.440033,0.6317300373115714,0.01744098117856682,9,67,888,90,1.7567583564234106,3.1113016779526133,0.6138414271302588,simple,COMPLETE
239,-0.0016519344596242675,2025-12-07 18:14:23.169772,2025-12-07 18:14:23.671072,0 days 00:00:00.501300,0.6037380461770855,0.024063488656148824,7,75,966,94,1.56260919986294,2.6128702865296507,0.5612235873066931,simple,COMPLETE
240,-0.0018924426372806853,2025-12-07 18:14:23.671072,2025-12-07 18:14:24.203332,0 days 00:00:00.532260,0.6015673608248722,0.022877074519120404,7,76,765,94,1.3092878203511984,2.672065634677966,0.5535285383096104,simple,COMPLETE
241,-0.0016520102212006134,2025-12-07 18:14:24.204838,2025-12-07 18:14:24.721652,0 days 00:00:00.516814,0.6088786789632529,0.024635960390100634,7,73,1021,64,1.5687228641602757,2.403328405611638,0.5633408497961406,simple,COMPLETE
242,-0.0016540962809289035,2025-12-07 18:14:24.722156,2025-12-07 18:14:25.256161,0 days 00:00:00.534005,0.5938749965776091,0.025333660080208997,8,73,1055,67,1.509970451976547,2.5554264553225603,0.5644671078874434,simple,COMPLETE
243,-0.0016559720935109083,2025-12-07 18:14:25.256161,2025-12-07 18:14:25.721266,0 days 00:00:00.465105,0.580691119417159,0.023361331504778655,7,75,960,96,1.6338600228927864,2.4477087792631718,0.5584638957742998,simple,COMPLETE
244,-0.0016702674545390206,2025-12-07 18:14:25.721266,2025-12-07 18:14:26.241056,0 days 00:00:00.519790,0.6119534495060115,0.0213748353919835,7,71,916,70,1.4527559651076714,2.1167991456545843,0.5471666183867742,simple,COMPLETE
245,-0.00165218018417083,2025-12-07 18:14:26.241056,2025-12-07 18:14:26.793116,0 days 00:00:00.552060,0.6105628340531069,0.024192929765353328,7,74,1132,95,1.5757012621463655,2.7759433040133,0.5851617141055723,simple,COMPLETE
246,-0.001652548689484575,2025-12-07 18:14:26.793116,2025-12-07 18:14:27.245285,0 days 00:00:00.452169,0.6283294225139795,0.019699778588642365,7,72,733,93,1.5327188713850788,2.290390182917557,0.5958936621916893,simple,COMPLETE
247,-0.0016559720935109083,2025-12-07 18:14:27.245285,2025-12-07 18:14:27.684959,0 days 00:00:00.439674,0.6214733148374746,0.02744375094864046,7,70,836,74,1.807181825883453,2.3665431236023817,0.5777670694557057,simple,COMPLETE
248,-0.005816410927700059,2025-12-07 18:14:27.684959,2025-12-07 18:14:28.327071,0 days 00:00:00.642112,0.600889698461021,0.018496438902336414,8,64,663,91,0.5470268432591445,3.0591185226029456,0.5642962965853546,simple,COMPLETE
249,-0.0016559720935109083,2025-12-07 18:14:28.327071,2025-12-07 18:14:28.736879,0 days 00:00:00.409808,0.6422349721128006,0.020133572474283205,8,76,751,92,1.6647519064316774,2.0704391948755054,0.5858288048784321,simple,COMPLETE
250,-0.001686226085378421,2025-12-07 18:14:28.736879,2025-12-07 18:14:29.171859,0 days 00:00:00.434980,0.6267363701845396,0.02208132574967659,8,73,573,90,1.4188504394342993,1.7777598119362605,0.5672396347179527,simple,COMPLETE
251,-0.0016539645600103607,2025-12-07 18:14:29.173630,2025-12-07 18:14:29.787589,0 days 00:00:00.613959,0.6076411639691928,0.02470396077626999,7,67,1432,91,1.6061611355866288,2.7844081375742875,0.5950644483129454,simple,COMPLETE
252,-0.0016598825687913117,2025-12-07 18:14:29.788678,2025-12-07 18:14:30.287683,0 days 00:00:00.499005,0.5932176414623556,0.018774461050044457,8,70,872,88,1.4776944144872328,6.722223894543438,0.5779476709905036,simple,COMPLETE
253,-0.0017461023890258016,2025-12-07 18:14:30.288703,2025-12-07 18:14:30.753370,0 days 00:00:00.464667,0.619251635607572,0.016980384392827244,8,65,716,94,1.3514979437195664,3.197000025725262,0.6021200063487967,simple,COMPLETE
254,-0.09647104305240228,2025-12-07 18:14:30.755382,2025-12-07 18:14:32.171374,0 days 00:00:01.415992,0.6366926343619341,0.017874601734730218,8,71,617,90,0.019484600910357752,2.434830289138484,0.6184190876954225,simple,COMPLETE
255,-0.0016559720935109083,2025-12-07 18:14:32.171374,2025-12-07 18:14:32.529540,0 days 00:00:00.358166,0.6315509979834005,0.02037585538924853,8,68,519,89,1.7352862765108985,1.9063245880638557,0.5573917395801854,simple,COMPLETE
256,-0.0016519314770272835,2025-12-07 18:14:32.529540,2025-12-07 18:14:33.000518,0 days 00:00:00.470978,0.6452429935318521,0.022591811274638045,8,74,821,92,1.5621451573692018,3.7251677866359034,0.5871721920296763,simple,COMPLETE
257,-0.0016559537355168945,2025-12-07 18:14:33.000518,2025-12-07 18:14:33.533512,0 days 00:00:00.532994,0.6461063694645188,0.022657620149747384,7,78,958,93,1.4918800792600515,3.6205602293376353,0.6296391455106312,simple,COMPLETE
258,-0.0016559720935109083,2025-12-07 18:14:33.533512,2025-12-07 18:14:33.956284,0 days 00:00:00.422772,0.6199837251705277,0.021527138971198217,9,74,813,92,1.9112523732522881,3.939246451292191,0.5695085767685345,simple,COMPLETE
259,-0.0016559720935109083,2025-12-07 18:14:33.956284,2025-12-07 18:14:34.423457,0 days 00:00:00.467173,0.6446859830681695,0.025829798414192643,8,75,874,91,1.6260894393319831,3.4608879809777426,0.6063648072765442,simple,COMPLETE
260,-0.002315729952060641,2025-12-07 18:14:34.423457,2025-12-07 18:14:34.905708,0 days 00:00:00.482251,0.6058483073959475,0.023230114528009563,8,72,804,95,1.2268760131697878,3.0108567166191365,0.5889432998619946,simple,COMPLETE
261,-0.0016965438420033507,2025-12-07 18:14:34.906995,2025-12-07 18:14:35.371529,0 days 00:00:00.464534,0.6243606158930772,0.024253563687479208,8,80,727,89,1.3991754041673166,4.459936964471413,0.5439662374474157,simple,COMPLETE
262,-0.0016559720935109083,2025-12-07 18:14:35.372959,2025-12-07 18:14:35.856097,0 days 00:00:00.483138,0.6336401320209222,0.019602490953636073,9,70,1066,92,1.7290541454326513,2.246608445618904,0.5758977065184264,simple,COMPLETE
263,-0.00165238413579701,2025-12-07 18:14:35.856097,2025-12-07 18:14:36.216103,0 days 00:00:00.360006,0.6131006815293097,0.02144505627782407,8,73,368,88,1.5357232396882918,2.6539473951024855,0.5960541712550854,simple,COMPLETE
264,-0.0016559720935109083,2025-12-07 18:14:36.216103,2025-12-07 18:14:36.578705,0 days 00:00:00.362602,0.5837368579275797,0.017007603477438623,8,69,555,90,1.6397552052784032,3.5932219041463394,0.5329511563193586,simple,COMPLETE
265,-0.0017973324430690478,2025-12-07 18:14:36.579709,2025-12-07 18:14:37.096853,0 days 00:00:00.517144,0.6501521919223908,0.01916217271408937,8,67,910,91,1.3256173813786125,1.634526351242789,0.5872212561293723,simple,COMPLETE
266,-0.0016725774015713402,2025-12-07 18:14:37.096853,2025-12-07 18:14:37.474880,0 days 00:00:00.378027,0.6375219557429659,0.020564222204782105,7,77,459,93,1.4470504353387352,2.981195170014023,0.6074235000677203,simple,COMPLETE
267,-0.0016559720935109083,2025-12-07 18:14:37.474880,2025-12-07 18:14:37.860515,0 days 00:00:00.385635,0.5967991304594665,0.02670598933320642,8,66,640,88,1.8216493195512116,5.654881729081383,0.5685888385168547,simple,COMPLETE
268,-0.0016519586375163264,2025-12-07 18:14:37.860515,2025-12-07 18:14:38.315051,0 days 00:00:00.454536,0.6233335211619977,0.017826340440474264,8,71,782,90,1.5525593968546663,4.761875013209389,0.5577685143295124,simple,COMPLETE
269,-0.0016559720935109083,2025-12-07 18:14:38.315051,2025-12-07 18:14:38.739670,0 days 00:00:00.424619,0.6244646567437426,0.016522304235611962,8,71,786,90,1.7102897780717266,4.580790228843558,0.5509053421404646,simple,COMPLETE
270,-0.0016519930720051423,2025-12-07 18:14:38.739670,2025-12-07 18:14:39.256278,0 days 00:00:00.516608,0.6117162676230133,0.011838702788782154,8,74,1002,92,1.550037359945779,4.322086548473625,0.5588618254888043,simple,COMPLETE
271,-0.0016594826349100404,2025-12-07 18:14:39.256278,2025-12-07 18:14:39.837007,0 days 00:00:00.580729,0.6139289875056865,0.011597584165456275,9,75,832,97,1.478350631163857,4.028084729552159,0.5606109341031313,simple,COMPLETE
272,-0.00165270553654695,2025-12-07 18:14:39.837007,2025-12-07 18:14:40.353506,0 days 00:00:00.516499,0.6003728313778789,0.02233263767450485,8,73,1003,93,1.5881746088826358,3.2595920724967846,0.5364230235554829,simple,COMPLETE
273,-0.0017549892025014262,2025-12-07 18:14:40.353506,2025-12-07 18:14:40.887309,0 days 00:00:00.533803,0.6296127913699796,0.019075079676369143,8,69,1066,92,1.3461926243122002,3.8402808205753316,0.548515568596573,simple,COMPLETE
274,-0.0016559720935109083,2025-12-07 18:14:40.887309,2025-12-07 18:14:41.322432,0 days 00:00:00.435123,0.6164886872287287,0.01758366885862714,8,77,900,94,1.6612599286294505,4.217607840672446,0.5610932838512435,simple,COMPLETE
275,-0.0016528422356153112,2025-12-07 18:14:41.322432,2025-12-07 18:14:42.018261,0 days 00:00:00.695829,0.6403031022002255,0.020768588318134645,7,72,1159,64,1.5271871673697455,9.325113853766663,0.5724775720925863,simple,COMPLETE
276,-0.0016846930414575005,2025-12-07 18:14:42.020267,2025-12-07 18:14:42.549121,0 days 00:00:00.528854,0.6072132786153017,0.023445251393955605,8,74,985,95,1.4219974908942037,3.28348712805956,0.5543427611493236,simple,COMPLETE
277,-0.0016559720935109083,2025-12-07 18:14:42.549121,2025-12-07 18:14:42.989061,0 days 00:00:00.439940,0.6241126849322636,0.015593268737953976,8,68,920,90,1.789560329796298,2.5011241707600833,0.544057432317282,simple,COMPLETE
278,-0.001653081067371757,2025-12-07 18:14:42.989061,2025-12-07 18:14:43.441382,0 days 00:00:00.452321,0.6539970611403199,0.010646065657243183,8,70,734,91,1.5943327010806934,3.6921941859421903,0.5634871384444162,simple,COMPLETE
279,-0.0025580828465380603,2025-12-07 18:14:43.441382,2025-12-07 18:14:43.813268,0 days 00:00:00.371886,0.5890022640162802,0.020064510708639606,9,68,318,93,1.194125232736175,2.867550513488167,0.578858286267844,simple,COMPLETE
280,-0.0016559720935109083,2025-12-07 18:14:43.813268,2025-12-07 18:14:44.229546,0 days 00:00:00.416278,0.6441675897569837,0.018246141135249062,8,71,789,87,1.7054778470641851,4.92831575173244,0.8119953556253358,simple,COMPLETE
281,-0.00165851889776721,2025-12-07 18:14:44.229546,2025-12-07 18:14:44.699231,0 days 00:00:00.469685,0.633946999608654,0.02161810261022724,7,75,697,91,1.481196284532777,2.2161644432616785,0.5716754681990271,simple,COMPLETE
282,-0.0016519242191647503,2025-12-07 18:14:44.699720,2025-12-07 18:14:45.062990,0 days 00:00:00.363270,0.6173582314276924,0.016630960701240885,8,66,416,88,1.5590473359094046,4.326574726377403,0.5212388019222629,simple,COMPLETE
