number,value,datetime_start,datetime_complete,duration,params_lgbm_colsample_bytree,params_lgbm_learning_rate,params_lgbm_max_depth,params_lgbm_min_child_samples,params_lgbm_n_estimators,params_lgbm_num_leaves,params_lgbm_reg_alpha,params_lgbm_reg_lambda,params_lgbm_subsample,user_attrs_feature_level,state
286,-0.0016965285531266676,2025-12-07 18:12:03.305502,2025-12-07 18:12:03.603585,0 days 00:00:00.298083,0.621628311326647,0.02493000784152138,8,72,257,88,1.3945934535834033,2.738943970702743,0.6502086882867455,none,COMPLETE
287,-0.0016559720935109083,2025-12-07 18:12:03.603585,2025-12-07 18:12:03.902734,0 days 00:00:00.299149,0.610199641069492,0.017697268970951387,8,69,384,87,1.8380234743734556,3.47103080864026,0.5436544965093284,none,COMPLETE
288,-0.0016559720935109083,2025-12-07 18:12:03.903240,2025-12-07 18:12:04.236675,0 days 00:00:00.333435,0.6291014236077486,0.016255498109492828,8,66,508,89,2.6091901716654338,4.310236607090494,0.5807568230386787,none,COMPLETE
289,-0.0016521810307343159,2025-12-07 18:12:04.236675,2025-12-07 18:12:04.623538,0 days 00:00:00.386863,0.603396304264484,0.02223706043439939,7,63,686,73,1.5420664761475857,4.953511857317863,0.5003415281408684,none,COMPLETE
290,-0.0016559720935109083,2025-12-07 18:12:04.623538,2025-12-07 18:12:04.968971,0 days 00:00:00.345433,0.6217538494905256,0.018658407603434155,8,61,561,87,1.7160971400144118,1.467956275332777,0.525904535592527,none,COMPLETE
291,-0.09448416670861011,2025-12-07 18:12:04.968971,2025-12-07 18:12:06.590532,0 days 00:00:01.621561,0.6138522522437283,0.020137305465280222,8,68,801,89,0.18659543100644438,3.2132459273665863,0.5665939001922007,none,COMPLETE
292,-0.0016680091403005193,2025-12-07 18:12:06.592541,2025-12-07 18:12:06.920505,0 days 00:00:00.327964,0.6475859849536014,0.017664009137888244,8,76,420,86,1.4565398871024817,2.3952576750894283,0.5078223301558911,none,COMPLETE
293,-0.0016532591637399285,2025-12-07 18:12:06.920505,2025-12-07 18:12:07.336087,0 days 00:00:00.415582,0.6355042404375636,0.023375561993512477,8,71,744,88,1.5971417625092368,2.968736412554183,0.6192939788326174,none,COMPLETE
294,-0.0016559720935109083,2025-12-07 18:12:07.348482,2025-12-07 18:12:07.680822,0 days 00:00:00.332340,0.6606756777148609,0.020935726391197784,7,65,618,91,1.6707893974099428,2.0731782433280723,0.5355124788078881,none,COMPLETE
295,-0.001700284173691206,2025-12-07 18:12:07.682980,2025-12-07 18:12:08.174517,0 days 00:00:00.491537,0.5944859642822509,0.01930079787652408,8,70,1051,90,1.3923633033893463,7.329925058893887,0.5787466240711457,none,COMPLETE
296,-0.0016534457805004916,2025-12-07 18:12:08.175589,2025-12-07 18:12:08.810711,0 days 00:00:00.635122,0.6260544760693421,0.01625686584391026,8,73,1669,89,1.5180884887286463,3.9756661925496855,0.5541409452849724,none,COMPLETE
297,-0.0016559720935109083,2025-12-07 18:12:08.810711,2025-12-07 18:12:09.454172,0 days 00:00:00.643461,0.6072450735915046,0.012013941143318692,8,67,1995,92,2.3106251021210285,3.56894971091776,0.6389331430987072,none,COMPLETE
298,-0.0016559720935109083,2025-12-07 18:12:09.454172,2025-12-07 18:12:09.845360,0 days 00:00:00.391188,0.618158517282574,0.0179259850273887,10,69,835,86,1.7514359014474397,2.6178057700151554,0.7636005235695997,none,COMPLETE
299,-0.001970700896856137,2025-12-07 18:12:09.845878,2025-12-07 18:12:10.261621,0 days 00:00:00.415743,0.6424272078783595,0.027903709769645454,8,72,679,88,1.299205909845052,4.8228397642692595,0.5986060175035433,none,COMPLETE
