number,value,datetime_start,datetime_complete,duration,params_lgbm_colsample_bytree,params_lgbm_learning_rate,params_lgbm_max_depth,params_lgbm_min_child_samples,params_lgbm_n_estimators,params_lgbm_num_leaves,params_lgbm_reg_alpha,params_lgbm_reg_lambda,params_lgbm_subsample,user_attrs_feature_level,state
0,-0.0016559720935109083,2025-12-07 18:39:54.661077,2025-12-07 18:39:56.897200,0 days 00:00:02.236123,0.5779972601681014,0.044803926826840625,12,64,420,88,4.330880728874676,2.416482602989751,0.5780093202212182,advanced,COMPLETE
1,-0.0015968917655884152,2025-12-07 18:39:56.897200,2025-12-07 18:39:59.931320,0 days 00:00:03.034120,0.5909124836035503,0.09138013915892866,3,85,897,110,1.5212112147976886,1.6124278458562613,0.6061695553391381,advanced,COMPLETE
2,-0.0016559720935109083,2025-12-07 18:39:59.931320,2025-12-07 18:40:05.166106,0 days 00:00:05.234786,0.6831809216468459,0.03126143958203108,5,22,1933,92,3.925879806965068,0.2880416977880551,0.6460723242676091,advanced,COMPLETE
3,-0.0016559720935109083,2025-12-07 18:40:05.166106,2025-12-07 18:40:13.061557,0 days 00:00:07.895451,0.5325257964926398,0.005746499650110705,8,65,3806,97,4.828160165372797,7.246804518258447,0.5852620618436457,advanced,COMPLETE
4,-0.0016559720935109083,2025-12-07 18:40:13.063108,2025-12-07 18:40:15.219694,0 days 00:00:02.156586,0.7475884550556351,0.03883092140196444,3,50,330,83,4.546602010393911,0.3939675937754722,0.5610191174223894,advanced,COMPLETE
5,-0.0016559720935109083,2025-12-07 18:40:15.220742,2025-12-07 18:40:25.316980,0 days 00:00:10.096238,0.9847923138822793,0.023746198818402044,6,59,3146,107,4.697494707820946,11.455777613940603,0.5924272277627636,advanced,COMPLETE
6,-0.0015794116077837799,2025-12-07 18:40:25.317866,2025-12-07 18:40:30.103079,0 days 00:00:04.785213,0.6626651653816322,0.006517805612564439,12,27,1677,102,1.3567451588694794,8.071418522169695,0.522613644455269,advanced,COMPLETE
7,-0.0016559720935109083,2025-12-07 18:40:30.103079,2025-12-07 18:40:38.157690,0 days 00:00:08.054611,0.5372753218398854,0.025411709798607296,5,22,3951,87,3.861223846483287,0.28658321062461245,0.9010984903770198,advanced,COMPLETE
8,-0.02920814206796137,2025-12-07 18:40:38.157690,2025-12-07 18:40:42.564555,0 days 00:00:04.406865,0.5370223258670452,0.04155397855708038,11,76,1562,64,0.5793452976256486,9.683377710407786,0.8856351733429728,advanced,COMPLETE
9,-0.0016559720935109083,2025-12-07 18:40:42.564555,2025-12-07 18:40:49.912751,0 days 00:00:07.348196,0.864803089169032,0.006048689963516921,6,38,2623,104,4.436063712881633,1.2206206339370174,0.6625916610133735,advanced,COMPLETE
10,-0.0016559720935109083,2025-12-07 18:40:49.913454,2025-12-07 18:40:53.710161,0 days 00:00:03.796707,0.6808837830192477,0.010604680227394138,10,11,1217,125,1.962264460513162,3.461107795152951,0.7828065453407016,advanced,COMPLETE
11,-0.0015990190008993526,2025-12-07 18:40:53.711674,2025-12-07 18:40:57.344939,0 days 00:00:03.633265,0.6362066546548342,0.08501524685764594,9,93,1112,117,1.555763097643428,1.1403038251575308,0.5156896024754595,advanced,COMPLETE
12,-0.025694346347052328,2025-12-07 18:40:57.345984,2025-12-07 18:41:02.645142,0 days 00:00:05.299158,0.7921336951296047,0.012360518948427945,3,100,890,115,0.520143065510358,17.168591741112003,0.7343526094439211,advanced,COMPLETE
13,-0.0016559720935109083,2025-12-07 18:41:02.646392,2025-12-07 18:41:08.296307,0 days 00:00:05.649915,0.6223441463224711,0.09763736312909067,12,82,2293,105,2.6249498782445357,3.778911015940192,0.5013757785563149,advanced,COMPLETE
14,-0.0032913112819220602,2025-12-07 18:41:08.296307,2025-12-07 18:41:13.159264,0 days 00:00:04.862957,0.7655620151757301,0.06459707889991848,8,42,1656,74,1.179550269314269,0.5657813839369397,0.6889433141323535,advanced,COMPLETE
15,-0.0016559720935109083,2025-12-07 18:41:13.159264,2025-12-07 18:41:16.121716,0 days 00:00:02.962452,0.6926810476928463,0.014512527206346004,10,34,794,127,2.6566644327095226,5.638469835798718,0.8202139292383122,advanced,COMPLETE
16,-0.09551443939947202,2025-12-07 18:41:16.123786,2025-12-07 18:41:39.195566,0 days 00:00:23.071780,0.6063151814651538,0.008527188292483303,4,75,2554,114,0.13609513195598488,0.10723233615838117,0.6275285346069481,advanced,COMPLETE
17,-0.0016559720935109083,2025-12-07 18:41:39.196670,2025-12-07 18:41:43.783316,0 days 00:00:04.586646,0.8359240284043762,0.018069095856822627,7,87,1417,100,2.0555198439095372,2.272706509045642,0.7081385854343185,advanced,COMPLETE
18,-0.0036031652547773665,2025-12-07 18:41:43.785536,2025-12-07 18:41:48.868820,0 days 00:00:05.083284,0.725734480076759,0.06276397311587505,9,49,1932,110,1.1457779312798184,0.8251661907134811,0.5421961914888787,advanced,COMPLETE
19,-0.0016559720935109083,2025-12-07 18:41:48.870124,2025-12-07 18:41:51.511131,0 days 00:00:02.641007,0.5039865168923732,0.008090873871504731,7,29,718,122,3.213827272429557,18.167862554365904,0.6346279850002895,advanced,COMPLETE
20,-0.0018339961661070585,2025-12-07 18:41:51.512634,2025-12-07 18:42:00.099929,0 days 00:00:08.587295,0.9192935333529578,0.019284053667417717,11,10,2991,77,1.2837006836522393,1.7193106492588732,0.964051434116436,advanced,COMPLETE
21,-0.0016559720935109083,2025-12-07 18:42:00.101277,2025-12-07 18:42:03.542508,0 days 00:00:03.441231,0.6332395074528493,0.0862086696400962,9,99,1102,120,1.7408326745386509,1.0320970544069452,0.5001429799749768,advanced,COMPLETE
22,-0.0016559720935109083,2025-12-07 18:42:03.542508,2025-12-07 18:42:07.015641,0 days 00:00:03.473133,0.6483900816759383,0.06949591522669549,10,94,1200,116,1.7268804306583811,0.6758555240123355,0.5345684582957793,advanced,COMPLETE
23,-0.011864059434350724,2025-12-07 18:42:07.017020,2025-12-07 18:42:09.782351,0 days 00:00:02.765331,0.584695595026658,0.05119886966065657,9,90,614,111,0.7842058853734721,4.2244691360588025,0.5299253685598722,advanced,COMPLETE
24,-0.0015974274992240172,2025-12-07 18:42:09.783949,2025-12-07 18:42:14.197041,0 days 00:00:04.413092,0.6576787383533966,0.0836218450917556,11,73,1708,100,1.478152642155355,1.6321390696891902,0.6056504221839794,advanced,COMPLETE
25,-0.0016559720935109083,2025-12-07 18:42:14.197041,2025-12-07 18:42:19.100050,0 days 00:00:04.903009,0.6865276886141697,0.03456786198969557,12,71,1755,100,2.2544261089203683,1.7278294612738077,0.6071770710402661,advanced,COMPLETE
26,-0.11760946078445607,2025-12-07 18:42:19.100625,2025-12-07 18:42:29.378521,0 days 00:00:10.277896,0.5696448560950752,0.05765147568952783,11,78,2217,95,0.12664297639451316,2.425653764375219,0.6859157861469568,advanced,COMPLETE
27,-0.0016559720935109083,2025-12-07 18:42:29.379586,2025-12-07 18:42:33.369984,0 days 00:00:03.990398,0.7202432327296192,0.07943745388616107,11,84,1430,103,2.995838663306057,0.1423931953325825,0.761162884743261,advanced,COMPLETE
28,-0.007413717209403425,2025-12-07 18:42:33.370564,2025-12-07 18:42:38.593120,0 days 00:00:05.222556,0.6574781052216495,0.02815618561033593,12,66,1922,109,0.9717006794531449,5.2226235034698085,0.5617394184926987,advanced,COMPLETE
29,-0.0015967666655041974,2025-12-07 18:42:38.594640,2025-12-07 18:42:41.063577,0 days 00:00:02.468937,0.5866727917045693,0.04420400692053112,4,58,517,93,1.4965182156313488,2.4053203451289176,0.6129162605887319,advanced,COMPLETE
30,-0.0016559720935109083,2025-12-07 18:42:41.064291,2025-12-07 18:42:42.999559,0 days 00:00:01.935268,0.5789211019091118,0.04945849917739954,4,51,212,90,2.3076547174924427,2.54629728173647,0.5691926350609694,advanced,COMPLETE
31,-0.0018867480229338707,2025-12-07 18:42:43.001327,2025-12-07 18:42:45.496048,0 days 00:00:02.494721,0.5982676045134744,0.09714054491956199,3,58,536,95,1.3088402350211636,1.5555865652930188,0.6072549730365343,advanced,COMPLETE
32,-0.0015982242298963427,2025-12-07 18:42:45.498023,2025-12-07 18:42:48.652742,0 days 00:00:03.154719,0.5577556945884249,0.07406446307238934,4,70,976,101,1.4659236082008376,2.4137111529433053,0.6601321290045847,advanced,COMPLETE
33,-0.0016559720935109083,2025-12-07 18:42:48.653761,2025-12-07 18:42:50.968562,0 days 00:00:02.314801,0.660769563406926,0.05225067785683946,5,61,490,86,1.8889505458619424,7.436225845235207,0.611540021231892,advanced,COMPLETE
34,-0.009416170749923403,2025-12-07 18:42:50.968562,2025-12-07 18:42:55.436214,0 days 00:00:04.467652,0.6108339824203781,0.00508196730404413,3,43,1288,94,0.8408177174093622,0.4874193992725627,0.5725527395782424,advanced,COMPLETE
35,-0.03512439003598322,2025-12-07 18:42:55.436214,2025-12-07 18:42:58.200691,0 days 00:00:02.764477,0.5136510837209981,0.035393842379858896,6,70,368,97,0.5136724770811113,0.8858950621113109,0.6546677564908338,advanced,COMPLETE
36,-0.0016111543063822193,2025-12-07 18:42:58.200691,2025-12-07 18:43:03.035415,0 days 00:00:04.834724,0.7057072064841013,0.044066569862129125,4,53,1786,82,1.6294273351354338,12.41454964092453,0.5930389349637954,advanced,COMPLETE
37,-0.0016559720935109083,2025-12-07 18:43:03.036260,2025-12-07 18:43:08.703231,0 days 00:00:05.666971,0.5529645888401287,0.028210376317251765,12,19,2426,90,2.0836090330688988,3.0685275282173285,0.5423214569461552,advanced,COMPLETE
38,-0.0016559720935109083,2025-12-07 18:43:08.703231,2025-12-07 18:43:15.756233,0 days 00:00:07.053002,0.7480328655155228,0.05914267678761647,5,65,2911,107,3.8176130181550487,0.3528178303140873,0.7114019843530437,advanced,COMPLETE
39,-0.0016559720935109083,2025-12-07 18:43:15.757234,2025-12-07 18:43:20.354238,0 days 00:00:04.597004,0.6710535423567926,0.01935171767229588,6,57,1493,98,2.915767755828144,8.713157520938484,0.6299210227425,advanced,COMPLETE
40,-0.0016559720935109083,2025-12-07 18:43:20.355251,2025-12-07 18:43:25.313062,0 days 00:00:04.957811,0.5263357559447955,0.03776906534633885,8,79,2084,83,2.4098659335746286,5.133981271284931,0.5911077998476771,advanced,COMPLETE
41,-0.001599504236004338,2025-12-07 18:43:25.313698,2025-12-07 18:43:28.282419,0 days 00:00:02.968721,0.5620866221365747,0.07476429573227591,4,70,803,101,1.451751430421241,2.1175873780948535,0.6676768739571932,advanced,COMPLETE
42,-0.0016007331588194784,2025-12-07 18:43:28.282419,2025-12-07 18:43:31.337722,0 days 00:00:03.055303,0.5476889452443621,0.0998527453431494,3,62,927,92,1.4409819287288732,1.4370770708103766,0.6449654730833293,advanced,COMPLETE
43,-0.007283264473911366,2025-12-07 18:43:31.337722,2025-12-07 18:43:34.538110,0 days 00:00:03.200388,0.5948469210874953,0.07886182141527041,5,74,967,105,1.0217600175573698,2.653558300012141,0.6791424460626962,advanced,COMPLETE
44,-0.024145010337433954,2025-12-07 18:43:34.538110,2025-12-07 18:43:42.858520,0 days 00:00:08.320410,0.6284772482223231,0.07232954623353671,4,47,3469,112,0.6679487318319423,1.964531349728895,0.5593227205063741,advanced,COMPLETE
45,-0.0016559720935109083,2025-12-07 18:43:42.858520,2025-12-07 18:43:46.022874,0 days 00:00:03.164354,0.5785305452661514,0.08812983132087074,3,68,1011,102,1.8472195413021588,1.2704675842534972,0.8194303327978071,advanced,COMPLETE
46,-0.03906643431126766,2025-12-07 18:43:46.023830,2025-12-07 18:43:56.638046,0 days 00:00:10.614216,0.6158628515518657,0.007106062796354375,4,82,1307,107,0.2968072098886432,4.212706947260504,0.5856052276649141,advanced,COMPLETE
47,-0.0015744535675767206,2025-12-07 18:43:56.638888,2025-12-07 18:43:59.439382,0 days 00:00:02.800494,0.7843985925459784,0.06585669218565673,5,73,641,98,1.4090608128680238,3.048081584451699,0.7368178549401126,advanced,COMPLETE
48,-0.00352667398962229,2025-12-07 18:43:59.439382,2025-12-07 18:44:01.673725,0 days 00:00:02.234343,0.7809881641328636,0.014309912833296946,5,27,350,86,1.140683869504493,12.213082070970872,0.7442795803787112,advanced,COMPLETE
49,-0.0016559720935109083,2025-12-07 18:44:01.674517,2025-12-07 18:44:03.602738,0 days 00:00:01.928221,0.8053590227436652,0.06253075886321614,6,86,204,98,2.084458490880792,3.1183367294303865,0.8932453914900429,advanced,COMPLETE
50,-0.044748334111250454,2025-12-07 18:44:03.602738,2025-12-07 18:44:08.056954,0 days 00:00:04.454216,0.8420500672299005,0.04490124218729159,7,16,642,93,0.4184863050130976,6.448467827368607,0.8376667760959206,advanced,COMPLETE
51,-0.0015968815014814435,2025-12-07 18:44:08.057957,2025-12-07 18:44:13.394778,0 days 00:00:05.336821,0.7276804114230564,0.0677129675635252,3,74,1648,99,1.4915673933829252,3.4455121209476056,0.7118406088164899,advanced,COMPLETE
52,-0.0015994083865331632,2025-12-07 18:44:13.395781,2025-12-07 18:44:18.193128,0 days 00:00:04.797347,0.7350657940639167,0.05562225487497324,3,74,1615,105,1.5597257702111305,3.7528763725525636,0.7080899275057426,advanced,COMPLETE
53,-0.0014933188931085528,2025-12-07 18:44:18.194182,2025-12-07 18:44:23.944258,0 days 00:00:05.750076,0.7062035428307953,0.08801958477609699,3,82,2075,97,1.3631467278714993,1.8561333164610598,0.7763357987673278,advanced,COMPLETE
54,-0.0050275498478567675,2025-12-07 18:44:23.944258,2025-12-07 18:44:29.843138,0 days 00:00:05.898880,0.7656497425154942,0.0661392734424742,3,90,2043,90,1.0300728867951319,2.995231615050673,0.7805704511465267,advanced,COMPLETE
55,-0.0019350489993576654,2025-12-07 18:44:29.843138,2025-12-07 18:44:36.957439,0 days 00:00:07.114301,0.7009514407534333,0.08812498473074057,3,79,2746,96,1.274668874065887,4.592244829597326,0.7255220267898538,advanced,COMPLETE
56,-0.0016559720935109083,2025-12-07 18:44:36.959033,2025-12-07 18:44:43.407821,0 days 00:00:06.448788,0.7986110253487979,0.01020680104031793,4,96,2278,113,1.6966065520043176,0.9888548299772787,0.7777977120299819,advanced,COMPLETE
57,-0.010243394610278752,2025-12-07 18:44:43.407821,2025-12-07 18:44:49.305610,0 days 00:00:05.897789,0.882698362696209,0.023342156584122208,3,82,1859,66,0.8657001489144804,6.825070967733516,0.7548455376356721,advanced,COMPLETE
58,-0.0016559720935109083,2025-12-07 18:44:49.305610,2025-12-07 18:44:52.193686,0 days 00:00:02.888076,0.7143339339619328,0.06668464663923211,4,89,743,118,1.8931865998173985,1.239545068332971,0.8119931476210162,advanced,COMPLETE
59,-0.0016559720935109083,2025-12-07 18:44:52.194628,2025-12-07 18:44:55.958690,0 days 00:00:03.764062,0.7599459717774518,0.04442105930406189,5,78,1144,108,2.615851365264416,1.9638495525810928,0.801051438990283,advanced,COMPLETE
60,-0.020973790609053838,2025-12-07 18:44:55.958690,2025-12-07 18:44:58.609191,0 days 00:00:02.650501,0.8174041557395582,0.09063846463307286,3,34,505,98,0.7040862241251884,0.75112459306266,0.8364033383731859,advanced,COMPLETE
61,-0.0015685130468921689,2025-12-07 18:44:58.609191,2025-12-07 18:45:03.360331,0 days 00:00:04.751140,0.641706357908427,0.07950069840625211,11,73,1602,103,1.398537996346667,1.5396105198361472,0.8623098511727206,advanced,COMPLETE
62,-0.002305032415916027,2025-12-07 18:45:03.361330,2025-12-07 18:45:07.910203,0 days 00:00:04.548873,0.6874255244075296,0.07953069822149395,10,77,1556,106,1.271657311783719,1.8664670638141214,0.8700855449397078,advanced,COMPLETE
63,-0.0016559720935109083,2025-12-07 18:45:07.910656,2025-12-07 18:45:11.944280,0 days 00:00:04.033624,0.636946336181011,0.07257654010812589,12,84,1316,103,1.7323557947625647,1.410588137532435,0.9327627914331638,advanced,COMPLETE
64,-0.003910802689803261,2025-12-07 18:45:11.945284,2025-12-07 18:45:18.078608,0 days 00:00:06.133324,0.7347876368113684,0.04980213068447391,4,63,2169,100,1.1255935792739877,3.4383865976368178,0.9230805426270339,advanced,COMPLETE
65,-0.0016017117304223394,2025-12-07 18:45:18.079612,2025-12-07 18:45:24.379304,0 days 00:00:06.299692,0.6403824806605265,0.05947451255569702,3,55,2361,104,1.43353882155798,1.0738001502864234,0.8463665061705334,advanced,COMPLETE
66,-0.009238682414662488,2025-12-07 18:45:24.380307,2025-12-07 18:45:30.077695,0 days 00:00:05.697388,0.6744919512856549,0.09394696844294864,11,81,2042,110,0.9354511205297484,15.700428655787523,0.7249628295307208,advanced,COMPLETE
67,-0.0016559720935109083,2025-12-07 18:45:30.078699,2025-12-07 18:45:35.196016,0 days 00:00:05.117317,0.7751172148265767,0.08070413060690569,8,67,1672,93,2.175933804456987,2.628084963626073,0.8674512368033642,advanced,COMPLETE
68,-0.0015499331683903976,2025-12-07 18:45:35.197605,2025-12-07 18:45:39.361980,0 days 00:00:04.164375,0.6519096493678103,0.05495554347098009,12,93,1411,96,1.296604853335335,8.113184820115713,0.9803176678953883,advanced,COMPLETE
69,-0.0014558475106064932,2025-12-07 18:45:39.363132,2025-12-07 18:45:44.444753,0 days 00:00:05.081621,0.6723865333853151,0.054121020579141435,12,93,1776,88,1.333402433240828,5.981555686914664,0.9988058515653276,advanced,COMPLETE
70,-0.001537989359919371,2025-12-07 18:45:44.444753,2025-12-07 18:45:49.471167,0 days 00:00:05.026414,0.6673892257088773,0.04139622583191132,12,96,1843,90,1.3262498195560692,8.963426979005927,0.9829503969034242,advanced,COMPLETE
71,-0.001875503007381966,2025-12-07 18:45:49.471167,2025-12-07 18:45:54.679092,0 days 00:00:05.207925,0.6644968411548728,0.03994177022177187,12,96,1841,88,1.2944907350242087,9.538829329615732,0.998424655163783,advanced,COMPLETE
72,-0.0037149391530533573,2025-12-07 18:45:54.680478,2025-12-07 18:46:00.013387,0 days 00:00:05.332909,0.69908816907812,0.03169680115924074,11,100,1966,80,1.1467496858984876,8.096143214080799,0.9975097765168112,advanced,COMPLETE
73,-0.0016166487310436128,2025-12-07 18:46:00.013387,2025-12-07 18:46:24.797048,0 days 00:00:24.783661,0.6452530708655595,0.05273443067182282,12,93,2528,89,1.6509334420853379,6.0603985029321095,0.9742327840253507,advanced,COMPLETE
74,-0.001426566938537673,2025-12-07 18:46:24.798564,2025-12-07 18:46:29.603988,0 days 00:00:04.805424,0.6559480302061372,0.04675908222569664,12,97,1431,96,1.3344818528792814,10.627647266769959,0.954442272625057,advanced,COMPLETE
75,-0.0014994672651056362,2025-12-07 18:46:29.605993,2025-12-07 18:46:34.064309,0 days 00:00:04.458316,0.6825035121269329,0.04778847129143732,12,97,1418,96,1.325238034571986,14.961580692195053,0.9606181172548814,advanced,COMPLETE
76,-0.017814321024882823,2025-12-07 18:46:34.065569,2025-12-07 18:46:38.614953,0 days 00:00:04.549384,0.6784642356833591,0.04845057192527166,12,97,1430,96,0.7700974933751048,14.158460120891661,0.9454109144938082,advanced,COMPLETE
77,-0.0014726894184884376,2025-12-07 18:46:38.615458,2025-12-07 18:46:43.113840,0 days 00:00:04.498382,0.7109137298751865,0.05744513539955595,11,91,1534,91,1.3383025153249506,10.833629752065724,0.9750485188789983,advanced,COMPLETE
78,-0.004990725449256754,2025-12-07 18:46:43.114150,2025-12-07 18:46:47.868037,0 days 00:00:04.753887,0.6519712703767045,0.037657530154523014,11,92,1528,91,1.0147386361308377,10.869521173604687,0.9756536401491027,advanced,COMPLETE
79,-0.0016559720935109083,2025-12-07 18:46:47.868997,2025-12-07 18:46:52.684926,0 days 00:00:04.815929,0.7114999270722032,0.05370727628714769,12,88,1372,84,1.787831964710748,10.455319649870958,0.9569085823907487,advanced,COMPLETE
80,-0.0016559720935109083,2025-12-07 18:46:52.684926,2025-12-07 18:46:57.834045,0 days 00:00:05.149119,0.6904863873081103,0.04825971195084404,10,98,1469,87,1.9991199894135014,17.99975265040347,0.9129675213859537,advanced,COMPLETE
81,-0.0016559720935109083,2025-12-07 18:46:57.834580,2025-12-07 18:47:02.902667,0 days 00:00:05.068087,0.6251847257940721,0.05751046757226155,11,92,1728,94,4.959631110905052,14.213554037827494,0.9813119885773919,advanced,COMPLETE
82,-0.001377071923853353,2025-12-07 18:47:02.903668,2025-12-07 18:47:07.369646,0 days 00:00:04.465978,0.9738398498129446,0.06169195501702999,12,94,1226,95,1.3324861433918889,8.66178916183044,0.9539323047685311,advanced,COMPLETE
83,-0.002505123850056412,2025-12-07 18:47:07.370646,2025-12-07 18:47:11.698907,0 days 00:00:04.328261,0.9172176074692123,0.04309609557920295,12,96,1212,95,1.222934072517137,9.18754268245632,0.9557598402609846,advanced,COMPLETE
84,-0.0016042441557221714,2025-12-07 18:47:11.699960,2025-12-07 18:47:15.399454,0 days 00:00:03.699494,0.6683104238772961,0.06251996531301868,12,94,1094,92,1.5952912882365515,7.720386899471331,0.9365727967238878,advanced,COMPLETE
85,-0.0016559720935109083,2025-12-07 18:47:15.400003,2025-12-07 18:47:20.349366,0 days 00:00:04.949363,0.6041766635796924,0.03393168451559261,12,91,1774,85,3.481582776005973,19.36970776934014,0.9851176946981636,advanced,COMPLETE
86,-0.0015138757603069264,2025-12-07 18:47:20.350420,2025-12-07 18:47:24.648086,0 days 00:00:04.297666,0.6523398361439268,0.060129328157225395,11,86,1590,88,1.385356263900692,13.087300112825698,0.9635625947494242,advanced,COMPLETE
87,-0.01126107495729504,2025-12-07 18:47:24.650202,2025-12-07 18:47:28.834302,0 days 00:00:04.184100,0.6809095675293253,0.04044762818377866,12,100,1360,81,0.8952325909927967,13.473863798341531,0.9637428161559285,advanced,COMPLETE
88,-0.0033108558958308,2025-12-07 18:47:28.834818,2025-12-07 18:47:33.671228,0 days 00:00:04.836410,0.6564226611701574,0.047968293912586904,11,87,1849,88,1.1319214913508795,16.471100478776837,0.9073284439165055,advanced,COMPLETE
89,-0.0014911297067031388,2025-12-07 18:47:33.672229,2025-12-07 18:47:39.668230,0 days 00:00:05.996001,0.6999058363054744,0.05568833397597589,11,85,1935,91,1.3069165313593014,10.600429447565103,0.9474572057085747,advanced,COMPLETE
90,-0.0016020299319134956,2025-12-07 18:47:39.669242,2025-12-07 18:47:47.053512,0 days 00:00:07.384270,0.998394066770315,0.061690982191679414,10,84,1986,91,1.5811301547790846,11.60135942968479,0.9453444570036479,advanced,COMPLETE
91,-0.0014351827865952682,2025-12-07 18:47:47.053512,2025-12-07 18:47:56.435001,0 days 00:00:09.381489,0.7038874242169463,0.055409663243589716,11,94,2126,89,1.3282312564282563,9.9328100599132,0.987563150052748,advanced,COMPLETE
92,-0.0036872380905179636,2025-12-07 18:47:56.435001,2025-12-07 18:48:05.035269,0 days 00:00:08.600268,0.6981139407668692,0.05754498765751875,11,90,2166,89,1.0870766466957125,10.362947267142236,0.9928525844120891,advanced,COMPLETE
