number,value,datetime_start,datetime_complete,duration,params_lgbm_colsample_bytree,params_lgbm_learning_rate,params_lgbm_max_depth,params_lgbm_min_child_samples,params_lgbm_n_estimators,params_lgbm_num_leaves,params_lgbm_reg_alpha,params_lgbm_reg_lambda,params_lgbm_subsample,user_attrs_feature_level,state
281,-0.007838742696946325,2025-12-07 19:13:51.246332,2025-12-07 19:13:56.944476,0 days 00:00:05.698144,0.9478403595735053,0.006460255054373531,12,55,1629,97,0.9692539863093316,12.441386675392614,0.9620364357897095,advanced,COMPLETE
282,-0.0021310248961895852,2025-12-07 19:13:56.945673,2025-12-07 19:14:03.043543,0 days 00:00:06.097870,0.9339231646164099,0.057457137284073985,6,98,1939,69,1.2466098958370047,10.373038387203197,0.9390725115341348,advanced,COMPLETE
283,-0.0015984088629920439,2025-12-07 19:14:03.044557,2025-12-07 19:14:09.447930,0 days 00:00:06.403373,0.9812005887541153,0.04977264502000328,9,96,1800,74,1.4635878793512684,9.277656893056692,0.94906971195044,advanced,COMPLETE
284,-0.0014613973909360922,2025-12-07 19:14:09.448933,2025-12-07 19:14:16.315486,0 days 00:00:06.866553,0.9655070475082576,0.03991384447356613,10,94,2070,100,1.324448226801823,6.07375184392444,0.99913652021999,advanced,COMPLETE
285,-0.004107771251700883,2025-12-07 19:14:16.317555,2025-12-07 19:14:22.846702,0 days 00:00:06.529147,0.9730066350565713,0.025509840622622793,10,91,2057,101,1.0765647529664746,5.273865848563345,0.983754740085768,advanced,COMPLETE
286,-0.0016559720935109083,2025-12-07 19:14:22.847204,2025-12-07 19:14:30.229402,0 days 00:00:07.382198,0.9631848048933612,0.039370125735330795,10,94,2101,103,2.28778129539392,6.301680925949974,0.9982505177122247,advanced,COMPLETE
287,-0.0016105809842168473,2025-12-07 19:14:30.231092,2025-12-07 19:14:37.299986,0 days 00:00:07.068894,0.9844204754436666,0.04187846211477413,10,93,1976,100,1.626962182860587,0.141019681628679,0.9721555338181174,advanced,COMPLETE
288,-0.002787544136349629,2025-12-07 19:14:37.300989,2025-12-07 19:14:43.641083,0 days 00:00:06.340094,0.9222627887436213,0.05420774677107592,10,89,1888,99,1.201535167971481,6.140100456282112,0.9937378945965529,advanced,COMPLETE
289,-0.001469814444847506,2025-12-07 19:14:43.643090,2025-12-07 19:14:50.963480,0 days 00:00:07.320390,0.9469998784744795,0.04407120423420443,8,94,2038,96,1.3741089151412391,5.6397878545907885,0.9843008272946943,advanced,COMPLETE
290,-0.0015969747108128818,2025-12-07 19:14:50.964854,2025-12-07 19:14:57.714411,0 days 00:00:06.749557,0.9689434140012692,0.036684439238246096,10,91,1676,93,1.4885388338272094,6.973016190133452,0.9675520935063453,advanced,COMPLETE
291,-0.0016378430255509595,2025-12-07 19:14:57.715799,2025-12-07 19:15:03.903688,0 days 00:00:06.187889,0.999835838709588,0.03230347573822521,4,96,1849,98,1.281419225547669,11.667587029939524,0.998952830014419,advanced,COMPLETE
292,-0.0016108455156899442,2025-12-07 19:15:03.905327,2025-12-07 19:15:09.080805,0 days 00:00:05.175478,0.9378391463556601,0.0504407447362466,12,30,1443,65,1.370388306989032,10.322039236193692,0.9199630692978064,advanced,COMPLETE
293,-0.0029825503037872827,2025-12-07 19:15:09.081802,2025-12-07 19:15:17.887006,0 days 00:00:08.805204,0.6851669805376279,0.05920861671241699,7,93,3123,91,1.1438972970715238,13.20121170760442,0.9814315573542874,advanced,COMPLETE
294,-0.00159880669501411,2025-12-07 19:15:17.887006,2025-12-07 19:15:26.158092,0 days 00:00:08.271086,0.9525049013193889,0.04664176682590848,6,95,2115,97,1.5534631788267865,7.7270579312441,0.9308846784844952,advanced,COMPLETE
295,-0.0016559720935109083,2025-12-07 19:15:26.159084,2025-12-07 19:15:31.104048,0 days 00:00:04.944964,0.6542159502718305,0.03951133134190196,9,91,1948,99,3.2178350843742356,9.437243587822367,0.9529229331449774,advanced,COMPLETE
296,-0.0016559720935109083,2025-12-07 19:15:31.104048,2025-12-07 19:15:36.466382,0 days 00:00:05.362334,0.7666508832715957,0.06324013271800098,7,96,1986,95,1.688112273797533,11.283146385411449,0.911043298849842,advanced,COMPLETE
297,-0.0016012904320447479,2025-12-07 19:15:36.467385,2025-12-07 19:15:47.677324,0 days 00:00:11.209939,0.9755141068096764,0.05327895205676534,12,93,3984,88,1.4366465886638433,8.418172474401326,0.9779861288383781,advanced,COMPLETE
298,-0.0019256997694057458,2025-12-07 19:15:47.678278,2025-12-07 19:15:56.163364,0 days 00:00:08.485086,0.9630496556866077,0.05667162320717456,12,100,2918,96,1.265354526566967,4.4087702663941934,0.7636005235695997,advanced,COMPLETE
299,-0.0014194834837193415,2025-12-07 19:15:56.163872,2025-12-07 19:16:00.264785,0 days 00:00:04.100913,0.987780312966404,0.04865828266346615,7,89,1100,94,1.325309681598172,10.633501788096396,0.6930667999757201,advanced,COMPLETE
