number,value,datetime_start,datetime_complete,duration,params_lgbm_colsample_bytree,params_lgbm_learning_rate,params_lgbm_max_depth,params_lgbm_min_child_samples,params_lgbm_n_estimators,params_lgbm_num_leaves,params_lgbm_reg_alpha,params_lgbm_reg_lambda,params_lgbm_subsample,user_attrs_feature_level,state
185,-0.0015276664219523821,2025-12-07 19:41:25.955486,2025-12-07 19:41:36.320114,0 days 00:00:10.364628,0.8322877826620246,0.029281433159065118,3,83,2804,119,1.370992427652681,8.43785742636421,0.5518261576414356,extensive,COMPLETE
186,-0.001606905206098519,2025-12-07 19:41:36.320853,2025-12-07 19:41:44.519338,0 days 00:00:08.198485,0.7549994549584322,0.013190521686874198,3,68,2259,114,1.6097771374021765,9.859708283196952,0.6726614537573836,extensive,COMPLETE
187,-0.0022827421499345504,2025-12-07 19:41:44.521107,2025-12-07 19:41:55.754379,0 days 00:00:11.233272,0.8977275628573251,0.08962243576117272,3,70,3038,124,1.2083498425910653,3.808180654125518,0.6960771102534011,extensive,COMPLETE
188,-0.001598061457383985,2025-12-07 19:41:55.756701,2025-12-07 19:42:06.182960,0 days 00:00:10.426259,0.8818020668938308,0.038151077003187504,3,64,2689,107,1.46810052458868,7.093808168436829,0.7325388241664761,extensive,COMPLETE
189,-0.004812794900838857,2025-12-07 19:42:06.183960,2025-12-07 19:42:17.002152,0 days 00:00:10.818192,0.7887661765693057,0.07940617512414078,4,93,2859,122,0.9351462904546327,12.93500176669687,0.5743749535311867,extensive,COMPLETE
190,-0.07158798772503457,2025-12-07 19:42:17.005579,2025-12-07 19:42:38.582988,0 days 00:00:21.577409,0.9096626140426131,0.009682617205022557,3,77,2392,110,0.28528601124225084,5.587245215648909,0.7141350747657267,extensive,COMPLETE
191,-0.0014631603061981968,2025-12-07 19:42:38.582988,2025-12-07 19:42:48.771002,0 days 00:00:10.188014,0.73722589214042,0.03008576469817079,4,66,3001,113,1.3430343680004933,4.7068016953267655,0.6764108346023299,extensive,COMPLETE
192,-0.0014746479383013211,2025-12-07 19:42:48.771002,2025-12-07 19:42:59.271781,0 days 00:00:10.500779,0.627893675644802,0.028145578771910654,4,66,3329,113,1.3207504901127674,4.987621410944801,0.681547333932433,extensive,COMPLETE
193,-0.0020147589601374007,2025-12-07 19:42:59.271781,2025-12-07 19:43:10.056094,0 days 00:00:10.784313,0.6233123267493111,0.024382792551854892,3,66,3564,114,1.2563154958839946,4.293847629401845,0.6910988625057282,extensive,COMPLETE
194,-0.0015984444142353265,2025-12-07 19:43:10.056094,2025-12-07 19:43:18.876480,0 days 00:00:08.820386,0.6089445868641835,0.02763662158832035,3,62,2580,120,1.5492569041957824,7.768776869825473,0.6541565579772647,extensive,COMPLETE
195,-0.003176619095709543,2025-12-07 19:43:18.877549,2025-12-07 19:43:30.256043,0 days 00:00:11.378494,0.6348196783426512,0.030848661021231863,5,68,3656,67,1.0896314112090213,3.4040200546221624,0.6837938769663605,extensive,COMPLETE
196,-0.0015909819552589373,2025-12-07 19:43:30.256043,2025-12-07 19:43:40.445234,0 days 00:00:10.189191,0.6178873194390518,0.018000815706022095,5,64,3283,115,1.4145823834486906,6.450592174209389,0.7067822749606246,extensive,COMPLETE
197,-0.00250391543815065,2025-12-07 19:43:40.447074,2025-12-07 19:43:51.193940,0 days 00:00:10.746866,0.6565254955836688,0.08836662090320707,3,66,3342,111,1.1969152979317672,8.96477885809643,0.560754666163425,extensive,COMPLETE
198,-0.0015055567715437368,2025-12-07 19:43:51.194942,2025-12-07 19:44:00.069937,0 days 00:00:08.874995,0.6424001148226957,0.02833562669663406,3,71,2768,117,1.3166209412372119,5.144059418581223,0.539169063750593,extensive,COMPLETE
199,-0.0015993208666455299,2025-12-07 19:44:00.071639,2025-12-07 19:44:10.259563,0 days 00:00:10.187924,0.8521997367966345,0.0211364751591082,3,56,2675,125,1.4535485743646444,5.852237407787911,0.5254585923207918,extensive,COMPLETE
200,-0.0016559720935109083,2025-12-07 19:44:10.259563,2025-12-07 19:44:21.311807,0 days 00:00:11.052244,0.8009194627904023,0.08257861381897663,4,66,3122,74,2.4308476654246363,10.673653789650084,0.6668062711532288,extensive,COMPLETE
201,-0.0014859275553439355,2025-12-07 19:44:21.312419,2025-12-07 19:44:31.312266,0 days 00:00:09.999847,0.719668957037025,0.03117793923921859,4,80,2922,113,1.3136996968828292,4.772101626208806,0.6894889418936447,extensive,COMPLETE
202,-0.0014536681879637008,2025-12-07 19:44:31.312800,2025-12-07 19:44:41.244397,0 days 00:00:09.931597,0.7341087402066122,0.03458372023333263,4,80,2885,109,1.3023990400790726,3.9690488399705153,0.6985265753579708,extensive,COMPLETE
203,-0.0016559720935109083,2025-12-07 19:44:41.246404,2025-12-07 19:44:50.945301,0 days 00:00:09.698897,0.7123943644751715,0.03520652911656155,4,69,2950,109,2.8062359977629874,4.2923881882287835,0.6971698547354399,extensive,COMPLETE
204,-0.0020010541591126696,2025-12-07 19:44:50.945301,2025-12-07 19:45:02.542666,0 days 00:00:11.597365,0.7419601270150825,0.041065760772468665,4,81,3489,112,1.2549530940331977,3.0134207498524583,0.72364781674637,extensive,COMPLETE
205,-0.0026479206535387676,2025-12-07 19:45:02.542666,2025-12-07 19:45:12.414052,0 days 00:00:09.871386,0.7209228894069933,0.029894402422267975,5,72,2855,113,1.1499425455713663,3.7048074488359695,0.6897535540416024,extensive,COMPLETE
206,-0.0016559720935109083,2025-12-07 19:45:12.415660,2025-12-07 19:45:23.864659,0 days 00:00:11.448999,0.9318903921878334,0.03243939509594084,4,50,2876,104,4.299458520310756,3.9603711691553314,0.7011816716682382,extensive,COMPLETE
207,-0.0014686641302691001,2025-12-07 19:45:23.866390,2025-12-07 19:45:34.137277,0 days 00:00:10.270887,0.7280664880553309,0.03172229243157009,4,67,2952,108,1.3543539256660801,4.940674725150361,0.6776823747374205,extensive,COMPLETE
208,-0.0015927399135672686,2025-12-07 19:45:34.139482,2025-12-07 19:45:44.297145,0 days 00:00:10.157663,0.719271301845921,0.033452761232630704,4,63,2975,108,1.4158501481468169,5.24547310501252,0.6734378262195653,extensive,COMPLETE
209,-0.0015967026165918756,2025-12-07 19:45:44.297769,2025-12-07 19:45:55.044044,0 days 00:00:10.746275,0.8258042492886236,0.03444491002799852,4,67,2955,105,1.5113773502678816,4.831278467641587,0.6602637273537987,extensive,COMPLETE
210,-0.003767904619942993,2025-12-07 19:45:55.044044,2025-12-07 19:46:04.609694,0 days 00:00:09.565650,0.7300133284738656,0.03181026531760148,4,59,2787,110,1.0369821064895983,4.666514963995387,0.7144124828851481,extensive,COMPLETE
211,-0.0017349906993511983,2025-12-07 19:46:04.609694,2025-12-07 19:46:15.400364,0 days 00:00:10.790670,0.7517181169585503,0.026101608474140833,4,69,3093,107,1.2908988890895559,4.359740048739926,0.6871755278773521,extensive,COMPLETE
212,-0.0014403279571697143,2025-12-07 19:46:15.401014,2025-12-07 19:46:24.613115,0 days 00:00:09.212101,0.6991982383717058,0.031368694537031276,4,67,2723,115,1.3387342627265286,4.02257664234779,0.6800912882323252,extensive,COMPLETE
213,-0.001552528742139921,2025-12-07 19:46:24.613115,2025-12-07 19:46:35.643076,0 days 00:00:11.029961,0.7387514279134871,0.03749135640718109,4,65,3163,110,1.3826374786954037,2.5952704660509287,0.6804538231280369,extensive,COMPLETE
214,-0.0022584459817665734,2025-12-07 19:46:35.643076,2025-12-07 19:46:45.401170,0 days 00:00:09.758094,0.7014792071747362,0.030964164092589157,4,71,2906,116,1.2275199497708793,4.025391654491173,0.6618486157025497,extensive,COMPLETE
215,-0.0016026340170701332,2025-12-07 19:46:45.402173,2025-12-07 19:46:54.562720,0 days 00:00:09.160547,0.7091725116860846,0.028369453263886315,4,65,2753,114,1.5852454854266314,3.766952404131309,0.6793884603698576,extensive,COMPLETE
216,-0.0014274446019176823,2025-12-07 19:46:54.562720,2025-12-07 19:47:04.060653,0 days 00:00:09.497933,0.6951933847231287,0.030612265363405434,5,68,2856,122,1.3404763665633763,3.2366140704647712,0.6685447567736986,extensive,COMPLETE
217,-0.0025232701317245976,2025-12-07 19:47:04.060653,2025-12-07 19:47:13.549103,0 days 00:00:09.488450,0.692013250661788,0.03587055831449848,5,80,2830,123,1.1734605466019206,4.178553210438931,0.6679997591065334,extensive,COMPLETE
218,-0.0015990334193637008,2025-12-07 19:47:13.549612,2025-12-07 19:47:22.660553,0 days 00:00:09.110941,0.6881117962867559,0.03129591522178595,5,74,2722,118,1.4564924991699795,3.1231878455015067,0.6503629107866948,extensive,COMPLETE
219,-0.001558107326092184,2025-12-07 19:47:22.661602,2025-12-07 19:47:33.812810,0 days 00:00:11.151208,0.7281829235444285,0.027228239258701555,6,70,3424,113,1.3165650126623853,3.3209075738096296,0.7437606296909103,extensive,COMPLETE
220,-0.0030455966084948307,2025-12-07 19:47:33.812810,2025-12-07 19:47:43.337554,0 days 00:00:09.524744,0.7176699607300353,0.029352169636947884,4,66,2823,120,1.1258345143104174,4.73962951693647,0.7063888970380287,extensive,COMPLETE
221,-0.001468438604363631,2025-12-07 19:47:43.338474,2025-12-07 19:47:53.218390,0 days 00:00:09.879916,0.7227207629173132,0.03379909432117447,4,68,2925,122,1.351304557811831,3.385127625350278,0.6877158170279658,extensive,COMPLETE
222,-0.0015233440844831063,2025-12-07 19:47:53.220893,2025-12-07 19:48:03.149321,0 days 00:00:09.928428,0.730890391424313,0.03381182342811217,4,68,2968,123,1.367140151079697,3.4827703687484495,0.6711231721697322,extensive,COMPLETE
223,-0.0019519322225853841,2025-12-07 19:48:03.149321,2025-12-07 19:48:12.486596,0 days 00:00:09.337275,0.7216598851643852,0.03219492855105913,4,63,2652,115,1.2506635971900968,3.639796878752866,0.6832058887967654,extensive,COMPLETE
224,-0.0015980200244371339,2025-12-07 19:48:12.489734,2025-12-07 19:48:22.503814,0 days 00:00:10.014080,0.6971148350336168,0.03046229527576821,4,67,3032,122,1.4686757859994992,4.185158159982,0.7317340675970336,extensive,COMPLETE
225,-0.0014613683451309978,2025-12-07 19:48:22.505877,2025-12-07 19:48:32.034099,0 days 00:00:09.528222,0.7314903337865233,0.03421852859824994,4,70,2793,111,1.3140523789981726,5.051969917409739,0.7558507117144783,extensive,COMPLETE
226,-0.0015974622831732936,2025-12-07 19:48:32.034099,2025-12-07 19:48:41.631852,0 days 00:00:09.597753,0.744862066048701,0.03643870507604839,4,72,2740,109,1.5348966583468466,2.8374437588728862,0.7767538239776635,extensive,COMPLETE
227,-0.001564604331557029,2025-12-07 19:48:41.631852,2025-12-07 19:48:51.424822,0 days 00:00:09.792970,0.7394912310849203,0.03844400409405583,5,70,2815,111,1.3868946641430502,5.429942909009562,0.7674178362162971,extensive,COMPLETE
228,-0.0026007082731215694,2025-12-07 19:48:51.425847,2025-12-07 19:49:00.688428,0 days 00:00:09.262581,0.7326427924570965,0.03536884250767211,4,69,2698,121,1.1776166342733236,3.9401227208495895,0.7549820141977321,extensive,COMPLETE
229,-0.0016559720935109083,2025-12-07 19:49:00.689939,2025-12-07 19:49:10.096907,0 days 00:00:09.406968,0.7035900609152373,0.033673603723109055,4,65,2789,107,1.6787610819596555,3.2800362266019167,0.6313947937743427,extensive,COMPLETE
230,-0.002086032428975204,2025-12-07 19:49:10.096907,2025-12-07 19:49:19.426843,0 days 00:00:09.329936,0.7552632526446131,0.028529713002186756,3,67,2627,111,1.2636352742389136,4.980767018916782,0.7559692379643063,extensive,COMPLETE
231,-0.0015422997485960988,2025-12-07 19:49:19.427842,2025-12-07 19:49:29.256376,0 days 00:00:09.828534,0.7166377517841727,0.03143609344376982,4,75,2908,113,1.2995241528006454,4.536871807807231,0.6780170215468395,extensive,COMPLETE
232,-0.0015923469324758965,2025-12-07 19:49:29.257481,2025-12-07 19:49:39.460769,0 days 00:00:10.203288,0.7335045322124173,0.03285312855004185,4,73,2889,124,1.4305004453784695,5.587775399287218,0.6935858375200448,extensive,COMPLETE
233,-0.0015187765705149865,2025-12-07 19:49:39.461769,2025-12-07 19:49:49.207269,0 days 00:00:09.745500,0.725460271579238,0.029785355190616827,4,70,2856,109,1.3657722127242218,4.851144853691271,0.5481322534022179,extensive,COMPLETE
234,-0.001461522269901483,2025-12-07 19:49:49.208581,2025-12-07 19:49:58.838292,0 days 00:00:09.629711,0.7093613491568502,0.03974137786165876,5,67,2979,121,1.300699091188582,4.143465434547243,0.7026407845284801,extensive,COMPLETE
235,-0.002208283457598751,2025-12-07 19:49:58.840016,2025-12-07 19:50:08.668270,0 days 00:00:09.828254,0.7040482978612809,0.03622740228921458,6,67,2994,120,1.2097949893100701,3.9470563922260578,0.7227064994016018,extensive,COMPLETE
236,-0.0015971085294016103,2025-12-07 19:50:08.670271,2025-12-07 19:50:18.102024,0 days 00:00:09.431753,0.7114680700242928,0.03537794471693588,5,64,2729,121,1.4849381394349037,8.411714637381934,0.7405125953403114,extensive,COMPLETE
237,-0.0014501453657290349,2025-12-07 19:50:18.104026,2025-12-07 19:50:24.445068,0 days 00:00:06.341042,0.8171000252028215,0.04389859551350665,5,52,1280,125,1.3295778248421726,3.531786580360957,0.706462288214664,extensive,COMPLETE
238,-0.0022873399463734976,2025-12-07 19:50:24.446070,2025-12-07 19:50:29.650186,0 days 00:00:05.204116,0.8201713273784113,0.04290343981469256,3,54,1017,127,1.225815622208207,3.680868334432289,0.7042552837975546,extensive,COMPLETE
239,-0.0015923454997370061,2025-12-07 19:50:29.650186,2025-12-07 19:50:33.556259,0 days 00:00:03.906073,0.6780053577983178,0.04003201054541933,7,52,759,125,1.4251396530520895,3.346319184848179,0.7169814853029244,extensive,COMPLETE
240,-0.0032572959189262063,2025-12-07 19:50:33.557956,2025-12-07 19:50:37.807693,0 days 00:00:04.249737,0.810271319264197,0.03894087790389143,5,50,647,123,1.1092038950206504,4.2252303497304275,0.7066415274729512,extensive,COMPLETE
241,-0.001422951393948398,2025-12-07 19:50:37.807693,2025-12-07 19:50:48.103995,0 days 00:00:10.296302,0.8346530226800282,0.042756534368796895,5,68,2757,125,1.335382050064953,3.663172002393346,0.7307594902027559,extensive,COMPLETE
242,-0.0015088988271783805,2025-12-07 19:50:48.106048,2025-12-07 19:50:59.312710,0 days 00:00:11.206662,0.836227791473269,0.04571622264436589,3,68,2800,126,1.3129248826080322,3.5636397639602717,0.7316548173922955,extensive,COMPLETE
243,-0.0014567455867702621,2025-12-07 19:50:59.313235,2025-12-07 19:51:10.166134,0 days 00:00:10.852899,0.8298931829695367,0.04171983855336058,5,65,2843,124,1.350488242979647,3.1878151469596157,0.7232197140487928,extensive,COMPLETE
244,-0.0015971594549709274,2025-12-07 19:51:10.167139,2025-12-07 19:51:16.008799,0 days 00:00:05.841660,0.8259977200946925,0.045101497754811815,5,48,1287,128,1.5286932573972827,3.024217029152011,0.7226360534938477,extensive,COMPLETE
245,-0.0014335413633994227,2025-12-07 19:51:16.008799,2025-12-07 19:51:22.363858,0 days 00:00:06.355059,0.8152043427143282,0.03950512045928576,5,62,1473,125,1.3068955911163105,2.4703533522799765,0.7106707038680277,extensive,COMPLETE
246,-0.0022404416784487977,2025-12-07 19:51:22.367401,2025-12-07 19:51:25.643666,0 days 00:00:03.276265,0.8122314844534708,0.04242597723220464,5,66,458,126,1.2342324055844234,2.3930248753507994,0.7109075088060877,extensive,COMPLETE
247,-0.0017178584961949905,2025-12-07 19:51:25.643666,2025-12-07 19:51:32.449239,0 days 00:00:06.805573,0.8315486478486953,0.041607038599884495,5,65,1629,125,1.2880233516377784,2.802961118773012,0.698998094230446,extensive,COMPLETE
248,-0.0015904722996498883,2025-12-07 19:51:32.450200,2025-12-07 19:51:38.747391,0 days 00:00:06.297191,0.8046417289482007,0.039175487803136115,5,62,1499,124,1.429874523562848,2.6646355584011077,0.7009336837826589,extensive,COMPLETE
249,-0.0028975410468129827,2025-12-07 19:51:38.747391,2025-12-07 19:51:45.559662,0 days 00:00:06.812271,0.8187414358875584,0.04922415507638975,5,68,1709,123,1.1425284724951363,3.101526533161061,0.6846518818449343,extensive,COMPLETE
250,-0.001440600957000493,2025-12-07 19:51:45.559662,2025-12-07 19:51:51.192900,0 days 00:00:05.633238,0.840941499873657,0.038711136071928255,5,69,1265,122,1.343667699074879,3.4073124952144664,0.7143618058431901,extensive,COMPLETE
251,-0.0016559720935109083,2025-12-07 19:51:51.193897,2025-12-07 19:51:57.382574,0 days 00:00:06.188677,0.8343975254588026,0.04055658596446452,5,69,1432,122,3.668477509871254,3.339847186766408,0.7144691159903916,extensive,COMPLETE
252,-0.001488586979655852,2025-12-07 19:51:57.383272,2025-12-07 19:52:03.714054,0 days 00:00:06.330782,0.8412722195234089,0.037490258323099296,5,52,1390,127,1.3204092010365345,3.6520451501888997,0.710331433432072,extensive,COMPLETE
253,-0.0030577154807675346,2025-12-07 19:52:03.715054,2025-12-07 19:52:09.860639,0 days 00:00:06.145585,0.9675963496976336,0.042774260513742786,5,70,1285,125,1.065035801938528,3.3062430196429555,0.6980423339610532,extensive,COMPLETE
254,-0.0020912514217977796,2025-12-07 19:52:09.861530,2025-12-07 19:52:20.840386,0 days 00:00:10.978856,0.8241460444765419,0.03938773340201272,5,67,3021,122,1.2036500914372257,2.871376162463672,0.6690192446602521,extensive,COMPLETE
255,-0.001600238238994504,2025-12-07 19:52:20.840386,2025-12-07 19:52:26.515580,0 days 00:00:05.675194,0.8472740774208506,0.0366879804847726,5,71,1235,121,1.445090949055766,1.840873274400645,0.7176587768632816,extensive,COMPLETE
256,-0.0015977240492066613,2025-12-07 19:52:26.516623,2025-12-07 19:52:32.183393,0 days 00:00:05.666770,0.8396474950017696,0.03443937063805628,6,66,1222,123,1.5393414017519937,2.237995499145824,0.6892725140398013,extensive,COMPLETE
257,-0.0014891000179082885,2025-12-07 19:52:32.184392,2025-12-07 19:52:36.732834,0 days 00:00:04.548442,0.821590658215978,0.04718357267140044,5,55,881,124,1.3534491354992428,3.8570584453013868,0.659212162610236,extensive,COMPLETE
258,-0.0019688161905117387,2025-12-07 19:52:36.732834,2025-12-07 19:52:47.296827,0 days 00:00:10.563993,0.8151676448826845,0.03850475578692504,5,68,2939,121,1.246638501228233,3.0528273450837875,0.6811433360009795,extensive,COMPLETE
259,-0.0016559720935109083,2025-12-07 19:52:47.298156,2025-12-07 19:52:59.172646,0 days 00:00:11.874490,0.9897764053971992,0.044490098899534015,5,69,2785,125,3.159663254205753,4.017006853066041,0.7028226723023605,extensive,COMPLETE
260,-0.001579514266851545,2025-12-07 19:52:59.174303,2025-12-07 19:53:10.161079,0 days 00:00:10.986776,0.8005219067288903,0.0341272267543141,5,64,3070,108,1.4122417682133248,3.5333952558582995,0.7471892316377172,extensive,COMPLETE
261,-0.0025700454675543125,2025-12-07 19:53:10.161079,2025-12-07 19:53:15.517112,0 days 00:00:05.356033,0.9241384548486699,0.04129834118692871,5,66,1064,111,1.1625382645719768,2.4762808463375148,0.6940512834351517,extensive,COMPLETE
262,-0.001600171978941356,2025-12-07 19:53:15.519012,2025-12-07 19:53:19.126732,0 days 00:00:03.607720,0.8316735177474495,0.03682134410307587,6,71,541,119,1.5667467850543513,4.106434734059887,0.7232275672043039,extensive,COMPLETE
263,-0.0017682731688812847,2025-12-07 19:53:19.126732,2025-12-07 19:53:29.202861,0 days 00:00:10.076129,0.7247932316584174,0.032855863885053974,5,69,2884,126,1.2843932358759154,3.1777321881015266,0.7092507581587717,extensive,COMPLETE
264,-0.0015982908185433093,2025-12-07 19:53:29.202861,2025-12-07 19:53:39.030236,0 days 00:00:09.827375,0.7475203467361204,0.019115945445039417,5,67,2739,122,1.4650658335413138,3.4879228268481905,0.6724923041263858,extensive,COMPLETE
265,-0.004305312541846147,2025-12-07 19:53:39.030236,2025-12-07 19:53:49.532334,0 days 00:00:10.502098,0.8411892502104709,0.025412908698862504,5,63,2823,110,1.0264360848457446,4.410210795586151,0.6778302173948871,extensive,COMPLETE
266,-0.001455806048628346,2025-12-07 19:53:49.532334,2025-12-07 19:53:54.718825,0 days 00:00:05.186491,0.7920746860037282,0.035233753252323016,5,65,1180,124,1.3457470033133385,0.9728041193781922,0.7353788948771743,extensive,COMPLETE
267,-0.0016070127238877834,2025-12-07 19:53:54.719821,2025-12-07 19:53:59.853447,0 days 00:00:05.133626,0.7906983907291447,0.036982674975949856,5,64,1151,123,1.6103202468960665,0.4863419110787841,0.7284948528942411,extensive,COMPLETE
268,-0.0015507155443590381,2025-12-07 19:53:59.855017,2025-12-07 19:54:05.094154,0 days 00:00:05.239137,0.7969603922088992,0.03456404071260155,5,70,1169,124,1.393973011071109,0.8320660516838838,0.7386098750282986,extensive,COMPLETE
269,-0.002296279864470526,2025-12-07 19:54:05.094154,2025-12-07 19:54:15.887950,0 days 00:00:10.793796,0.8062040331039863,0.039135242031242815,5,51,2968,120,1.2050581364327886,1.0846004057700098,0.7425773426649455,extensive,COMPLETE
270,-0.001596860689903945,2025-12-07 19:54:15.888852,2025-12-07 19:54:20.551495,0 days 00:00:04.662643,0.8142397280455016,0.03179492836287411,5,61,928,127,1.492335079847739,0.8993939391767961,0.7208457533088833,extensive,COMPLETE
271,-0.0014295552953041597,2025-12-07 19:54:20.552923,2025-12-07 19:54:26.565449,0 days 00:00:06.012526,0.8617634415797535,0.04202782275025881,6,57,1315,106,1.3234139609140287,0.9572106727724853,0.7303808665636277,extensive,COMPLETE
272,-0.003199501822528409,2025-12-07 19:54:26.567704,2025-12-07 19:54:32.534882,0 days 00:00:05.967178,0.8590922987695723,0.0422178181846564,6,56,1316,123,1.0868751402241852,0.7172655676125425,0.7328016375526452,extensive,COMPLETE
273,-0.0017497416459743749,2025-12-07 19:54:32.534882,2025-12-07 19:54:38.487851,0 days 00:00:05.952969,0.8470349063367004,0.04413794741618384,6,59,1386,122,1.269449671141175,0.9912810934725164,0.7567069134633779,extensive,COMPLETE
274,-0.00254344972098434,2025-12-07 19:54:38.487851,2025-12-07 19:54:44.422564,0 days 00:00:05.934713,0.8314912790043079,0.040733069522805906,5,57,1342,124,1.1642130020189712,1.0138710866641742,0.7484007020761528,extensive,COMPLETE
275,-0.001565678311338618,2025-12-07 19:54:44.424122,2025-12-07 19:54:49.566474,0 days 00:00:05.142352,0.8252012659511804,0.046491524477202215,8,48,1105,126,1.3962268288934387,3.658476000456595,0.7220525868518431,extensive,COMPLETE
276,-0.0018202337948436769,2025-12-07 19:54:49.566474,2025-12-07 19:54:52.457779,0 days 00:00:02.891305,0.8691269161405101,0.03802886003750172,5,65,277,121,1.2778807437538644,1.1851532711000838,0.712660469166671,extensive,COMPLETE
277,-0.0015990971929481883,2025-12-07 19:54:52.458747,2025-12-07 19:54:58.691523,0 days 00:00:06.232776,0.8595756405618782,0.03549294153589605,5,54,1409,125,1.4558249643204157,1.28537699643128,0.7356875037480175,extensive,COMPLETE
