number,value,datetime_start,datetime_complete,duration,params_lgbm_colsample_bytree,params_lgbm_learning_rate,params_lgbm_max_depth,params_lgbm_min_child_samples,params_lgbm_n_estimators,params_lgbm_num_leaves,params_lgbm_reg_alpha,params_lgbm_reg_lambda,params_lgbm_subsample,user_attrs_feature_level,state
278,-0.0014092379417653955,2025-12-07 19:54:58.692483,2025-12-07 19:55:04.585422,0 days 00:00:05.892939,0.913979831433038,0.04114307802259289,6,72,1248,128,1.3312846004136651,2.7064037112537376,0.7254732749842279,extensive,COMPLETE
279,-0.0022274588230669634,2025-12-07 19:55:04.585422,2025-12-07 19:55:10.505433,0 days 00:00:05.920011,0.9110275191799663,0.0405069936995668,6,70,1259,128,1.2006644818424859,9.291602036672929,0.7371577628380807,extensive,COMPLETE
280,-0.0016112374326696284,2025-12-07 19:55:10.508195,2025-12-07 19:55:17.113054,0 days 00:00:06.604859,0.9386994511410884,0.04396385358516279,6,72,1459,128,1.6297789052238822,0.8994292159169917,0.7246722102874148,extensive,COMPLETE
281,-0.0015966857260767409,2025-12-07 19:55:17.113054,2025-12-07 19:55:23.520572,0 days 00:00:06.407518,0.9197271876608242,0.040798469278203305,7,72,1344,109,1.509216468860998,1.5469012534778028,0.7177405125893518,extensive,COMPLETE
282,-0.0014442761165284572,2025-12-07 19:55:23.523231,2025-12-07 19:55:29.458213,0 days 00:00:05.934982,0.9014570702265515,0.05075644535117146,5,53,1151,106,1.318759725126133,0.6706152585414211,0.7897365420227844,extensive,COMPLETE
283,-0.002832468780811115,2025-12-07 19:55:29.459927,2025-12-07 19:55:34.987152,0 days 00:00:05.527225,0.8928507511461832,0.05079078795004433,5,62,1139,125,1.0963545722473211,0.5679766081830626,0.7664253002494384,extensive,COMPLETE
284,-0.0018283587481265535,2025-12-07 19:55:34.988698,2025-12-07 19:55:40.926020,0 days 00:00:05.937322,0.9041577689980549,0.04709330710478249,5,52,1218,126,1.2660879815393855,0.7146699053502902,0.8085456301574041,extensive,COMPLETE
285,-0.0014822879778912206,2025-12-07 19:55:40.926981,2025-12-07 19:55:45.740652,0 days 00:00:04.813671,0.7855959138185559,0.044316653436964185,5,54,1017,106,1.3531691061607056,1.3966006299597953,0.7804150940692968,extensive,COMPLETE
286,-0.0025269924842464078,2025-12-07 19:55:45.740652,2025-12-07 19:55:51.325564,0 days 00:00:05.584912,0.911376639901208,0.05019526818211768,6,60,1205,106,1.1654480176430044,0.5948770599742181,0.8191029930782293,extensive,COMPLETE
287,-0.0015900945152353962,2025-12-07 19:55:51.327335,2025-12-07 19:55:58.100786,0 days 00:00:06.773451,0.8987859848942374,0.041373794006294234,5,69,1499,127,1.4273419710561825,2.8092319169534794,0.800544981622764,extensive,COMPLETE
288,-0.0017067941710552,2025-12-07 19:55:58.104866,2025-12-07 19:56:03.858289,0 days 00:00:05.753423,0.9255416878440208,0.01178035823294004,9,72,1122,112,1.2739599492307683,0.7122511269690575,0.7294338638087193,extensive,COMPLETE
289,-0.0015984863772403972,2025-12-07 19:56:03.859350,2025-12-07 19:56:09.289010,0 days 00:00:05.429660,0.8473697710075646,0.054191024059280384,5,65,1192,120,1.549763613810271,2.7909573513256163,0.7121390102410744,extensive,COMPLETE
290,-0.0048236173460789455,2025-12-07 19:56:09.290366,2025-12-07 19:56:12.989132,0 days 00:00:03.698766,0.8121779294921911,0.014543937010278783,7,96,585,124,1.020852060434259,0.6202413126121447,0.748198950454219,extensive,COMPLETE
291,-0.0013846931050074396,2025-12-07 19:56:12.991358,2025-12-07 19:56:19.082334,0 days 00:00:06.090976,0.945227672905621,0.022778623828713002,8,68,1275,105,1.3281793527914498,0.43034931867150245,0.7030341576950941,extensive,COMPLETE
292,-0.0023739697083557942,2025-12-07 19:56:19.082334,2025-12-07 19:56:25.445325,0 days 00:00:06.362991,0.9369083697403906,0.04466678068730417,5,58,1301,107,1.2096020154952372,0.45004255314972746,0.7888346650186797,extensive,COMPLETE
293,-0.0016013246341869032,2025-12-07 19:56:25.446325,2025-12-07 19:56:31.670066,0 days 00:00:06.223741,0.9466899449974865,0.007700048314049184,8,68,1256,103,1.4363479415696017,1.991073865548007,0.7036875366915227,extensive,COMPLETE
294,-0.0014159388768279306,2025-12-07 19:56:31.671023,2025-12-07 19:56:39.274350,0 days 00:00:07.603327,0.8317820132271821,0.017352958060405693,8,70,1920,105,1.3094132187903662,0.7754429718717476,0.7109304746476114,extensive,COMPLETE
295,-0.002660260332717083,2025-12-07 19:56:39.274350,2025-12-07 19:56:45.192893,0 days 00:00:05.918543,0.8256645639513698,0.015768087862403468,8,73,1352,104,1.1329013590954278,0.24445392237922647,0.7353338413190893,extensive,COMPLETE
296,-0.0014714178609050628,2025-12-07 19:56:45.194994,2025-12-07 19:56:52.808394,0 days 00:00:07.613400,0.9682134382136354,0.017849998311373443,6,71,1653,105,1.368499888376128,0.8549268443310184,0.7214944268479482,extensive,COMPLETE
297,-0.0015967321795736418,2025-12-07 19:56:52.808394,2025-12-07 19:56:58.636756,0 days 00:00:05.828362,0.8341640352253352,0.0201914790575281,8,70,1307,104,1.5137940262341574,0.798451796282308,0.8393866692141936,extensive,COMPLETE
298,-0.005069958157138066,2025-12-07 19:56:58.636756,2025-12-07 19:57:05.861062,0 days 00:00:07.224306,0.8535721915288426,0.02226310578868878,6,74,1767,108,0.9773439248053525,2.5465943140505787,0.7125893045807624,extensive,COMPLETE
299,-0.0016559720935109083,2025-12-07 19:57:05.862500,2025-12-07 19:57:11.258482,0 days 00:00:05.395982,0.7985945997460074,0.018821876478137566,8,71,1243,106,1.6763875934042298,0.9512093463085295,0.727723772956247,extensive,COMPLETE
