number,value,datetime_start,datetime_complete,duration,params_lgbm_colsample_bytree,params_lgbm_learning_rate,params_lgbm_max_depth,params_lgbm_min_child_samples,params_lgbm_n_estimators,params_lgbm_num_leaves,params_lgbm_reg_alpha,params_lgbm_reg_lambda,params_lgbm_subsample,user_attrs_feature_level,state
92,-0.02314994127953633,2025-12-07 19:26:38.170706,2025-12-07 19:26:45.794739,0 days 00:00:07.624033,0.6237026790649,0.06783274686418575,3,77,2300,77,0.6926764652686135,10.511998311761971,0.5433511013663058,extensive,COMPLETE
93,-0.0016559720935109083,2025-12-07 19:26:45.794739,2025-12-07 19:26:54.197664,0 days 00:00:08.402925,0.670037252559233,0.08660766404495655,3,88,2449,64,1.7468737399614715,12.299431978727691,0.5793122567310927,extensive,COMPLETE
94,-0.004276086142539788,2025-12-07 19:26:54.198667,2025-12-07 19:27:02.576131,0 days 00:00:08.377464,0.6499619511029667,0.07340666533618981,4,84,2605,79,1.044875814116161,5.196978130738941,0.5274412749359613,extensive,COMPLETE
95,-0.0016559720935109083,2025-12-07 19:27:02.576131,2025-12-07 19:27:09.496317,0 days 00:00:06.920186,0.6116926725330177,0.08317283388431798,9,75,2081,84,1.9326096806919728,8.259976940471455,0.570357792623612,extensive,COMPLETE
96,-0.0019868516318564122,2025-12-07 19:27:09.496317,2025-12-07 19:27:17.025663,0 days 00:00:07.529346,0.5932340571738829,0.06499057142723257,3,80,2313,73,1.2783477947419515,7.086612510384453,0.5541539136274535,extensive,COMPLETE
97,-0.0016559720935109083,2025-12-07 19:27:17.025663,2025-12-07 19:27:25.381948,0 days 00:00:08.356285,0.6611028009308697,0.05876927780421646,4,72,2633,78,2.916275083184975,10.010351699636296,0.5408995383151298,extensive,COMPLETE
98,-0.0016559720935109083,2025-12-07 19:27:25.382955,2025-12-07 19:27:31.827485,0 days 00:00:06.444530,0.6285391789887897,0.0910534906005945,3,69,1863,75,3.5788996619708615,17.502629546058294,0.509320518427875,extensive,COMPLETE
99,-0.0015968898574504713,2025-12-07 19:27:31.827485,2025-12-07 19:27:41.699097,0 days 00:00:09.871612,0.7032340023496041,0.016397080781662757,3,62,2906,82,1.491265725080031,0.5317864868747125,0.5233524639002417,extensive,COMPLETE
100,-0.009195492752449574,2025-12-07 19:27:41.700105,2025-12-07 19:27:49.544995,0 days 00:00:07.844890,0.6812177851974279,0.09735796650938137,4,83,2355,99,0.8840212578360298,6.2679021331422735,0.5862735595297727,extensive,COMPLETE
101,-0.0016101167758401462,2025-12-07 19:27:49.544995,2025-12-07 19:27:52.217482,0 days 00:00:02.672487,0.5585507306506841,0.05269731211008064,3,64,301,85,1.3572459611327385,8.94171359486504,0.9287137449054939,extensive,COMPLETE
102,-0.001607239831117176,2025-12-07 19:27:52.217482,2025-12-07 19:27:59.765064,0 days 00:00:07.547582,0.5741173172798938,0.059157104498396125,3,76,2444,90,1.6114579628624306,11.039704842302488,0.6399674294150766,extensive,COMPLETE
103,-0.0022364219374266434,2025-12-07 19:27:59.766612,2025-12-07 19:28:06.626562,0 days 00:00:06.859950,0.5180668044749318,0.07153881462460515,7,47,2156,86,1.17147086225326,4.596395770883659,0.7980497302287568,extensive,COMPLETE
104,-0.0015829264284688005,2025-12-07 19:28:06.627083,2025-12-07 19:28:10.154641,0 days 00:00:03.527558,0.583464014039346,0.07751871355747153,3,24,656,93,1.3875247030221476,7.714928688831527,0.569884606690596,extensive,COMPLETE
105,-0.0016035250906641558,2025-12-07 19:28:10.154641,2025-12-07 19:28:17.367536,0 days 00:00:07.212895,0.6003281944239268,0.0545646324817631,3,35,2239,69,1.4681874786876086,1.4022787517683055,0.5403479173215834,extensive,COMPLETE
106,-0.0016559720935109083,2025-12-07 19:28:17.367536,2025-12-07 19:28:26.029732,0 days 00:00:08.662196,0.6175618016782146,0.047069160281065406,10,53,2858,81,1.7416044060811626,5.5585052073936785,0.6243730394683137,extensive,COMPLETE
107,-0.002058116823230131,2025-12-07 19:28:26.029732,2025-12-07 19:28:32.967689,0 days 00:00:06.937957,0.6406994877892174,0.006526951365121893,3,39,2003,89,1.2414690672346753,9.157778870451459,0.5585853683511743,extensive,COMPLETE
108,-0.0038871960048873313,2025-12-07 19:28:32.967689,2025-12-07 19:28:42.368823,0 days 00:00:09.401134,0.6484227588733491,0.06509861689461113,4,78,2976,101,1.046813148900817,12.246724573334118,0.8480078925605712,extensive,COMPLETE
109,-0.0016203969771877436,2025-12-07 19:28:42.368823,2025-12-07 19:28:47.828263,0 days 00:00:05.459440,0.5666194231883198,0.04979822119175243,3,56,1559,107,1.6639305878990827,0.20888368649410582,0.5998840038057239,extensive,COMPLETE
110,-0.0014440901859531137,2025-12-07 19:28:47.828263,2025-12-07 19:28:51.438591,0 days 00:00:03.610328,0.904556949819254,0.08691719809769682,3,68,584,113,1.3244784685510953,7.459874788700512,0.6957202725657584,extensive,COMPLETE
111,-0.00139383359603699,2025-12-07 19:28:51.442578,2025-12-07 19:28:55.166223,0 days 00:00:03.723645,0.8528898886312622,0.08280776959764677,3,69,600,113,1.3482518430335073,7.321652597113027,0.5896721653270762,extensive,COMPLETE
112,-0.0014965142007240528,2025-12-07 19:28:55.167867,2025-12-07 19:29:05.616543,0 days 00:00:10.448676,0.8516127942347569,0.08743319620552642,3,68,2579,113,1.302200049896105,7.454881899415017,0.6949662844328544,extensive,COMPLETE
113,-0.0015968086650851958,2025-12-07 19:29:05.617567,2025-12-07 19:29:15.439852,0 days 00:00:09.822285,0.870599159727847,0.08680478197836128,3,69,2568,118,1.4944647421635129,6.929508063062636,0.7252883907449621,extensive,COMPLETE
114,-0.002447998818252528,2025-12-07 19:29:15.440809,2025-12-07 19:29:19.847693,0 days 00:00:04.406884,0.8932588317391281,0.08170223285974512,3,73,822,114,1.1928533947708502,7.65962165127937,0.6899009520557702,extensive,COMPLETE
115,-0.007104940550945497,2025-12-07 19:29:19.849240,2025-12-07 19:29:30.371037,0 days 00:00:10.521797,0.9479368700516203,0.07717348642940282,4,66,2647,116,0.9224277059319413,6.136837121830141,0.765731548405203,extensive,COMPLETE
116,-0.001381135635886599,2025-12-07 19:29:30.371037,2025-12-07 19:29:40.305818,0 days 00:00:09.934781,0.8047617384661021,0.08957555746147688,3,68,2735,121,1.344620433227768,8.216904282426816,0.6876134141725757,extensive,COMPLETE
117,-0.0014383836506643988,2025-12-07 19:29:40.306302,2025-12-07 19:29:50.661794,0 days 00:00:10.355492,0.8310344787613092,0.08936571285880496,3,68,2755,122,1.3339315370414755,10.01154396809019,0.7185208028011806,extensive,COMPLETE
118,-0.0016054466756269352,2025-12-07 19:29:50.662797,2025-12-07 19:30:00.890282,0 days 00:00:10.227485,0.829598232572195,0.08996868422221585,3,68,2756,124,1.6021080534003351,10.081110884801852,0.7050836832761909,extensive,COMPLETE
119,-0.0014576792070771782,2025-12-07 19:30:00.891200,2025-12-07 19:30:11.668107,0 days 00:00:10.776907,0.8208960716419699,0.0723163046601999,3,65,2725,122,1.3251137801662531,8.341105196472382,0.7060971525118432,extensive,COMPLETE
120,-0.00405890772335978,2025-12-07 19:30:11.668107,2025-12-07 19:30:22.740199,0 days 00:00:11.072092,0.820911853705993,0.06827860446284036,4,65,3047,122,1.0342787695109277,5.67189021874613,0.6965767102198197,extensive,COMPLETE
121,-0.0013681238619046576,2025-12-07 19:30:22.740199,2025-12-07 19:30:33.674913,0 days 00:00:10.934714,0.8512595112126857,0.07387479574686157,3,71,2842,121,1.34243696389026,8.260985627457659,0.7373937827065716,extensive,COMPLETE
122,-0.003115890148933468,2025-12-07 19:30:33.675913,2025-12-07 19:30:45.667132,0 days 00:00:11.991219,0.8591451936771644,0.07244271116265857,3,72,3247,128,1.1255948653392518,8.401771385931715,0.7254216975714668,extensive,COMPLETE
123,-0.0016008760770946928,2025-12-07 19:30:45.668137,2025-12-07 19:30:55.554920,0 days 00:00:09.886783,0.80408914211177,0.08198203557280567,3,74,2794,121,1.4398439071578062,11.411221410359973,0.7477816536837446,extensive,COMPLETE
124,-0.0015225227204510212,2025-12-07 19:30:55.554920,2025-12-07 19:31:04.676395,0 days 00:00:09.121475,0.7799583167987053,0.09995265991456778,3,62,2532,118,1.349998052697631,6.858105248077851,0.7318883542577093,extensive,COMPLETE
125,-0.0021925689230852066,2025-12-07 19:31:04.677394,2025-12-07 19:31:15.758211,0 days 00:00:11.080817,0.8446378188160665,0.07512978298295353,3,71,2838,125,1.250467455468636,8.100518199206808,0.7617867529593167,extensive,COMPLETE
126,-0.0015973708317080781,2025-12-07 19:31:15.760219,2025-12-07 19:31:26.344019,0 days 00:00:10.583800,0.8992017833788017,0.06169719532045639,3,65,2726,122,1.533177347506027,14.251183778622453,0.6807088490909877,extensive,COMPLETE
127,-0.010757601936047282,2025-12-07 19:31:26.344608,2025-12-07 19:31:35.983958,0 days 00:00:09.639350,0.8460536132568796,0.09370941572409197,3,76,2481,112,0.845659695481098,9.815032544649373,0.7169114063477128,extensive,COMPLETE
128,-0.0026024870143486942,2025-12-07 19:31:35.985965,2025-12-07 19:31:46.856653,0 days 00:00:10.870688,0.8210573113672158,0.06761832890575005,4,67,2978,124,1.1841714472481706,6.395758094731987,0.7029609789641279,extensive,COMPLETE
129,-0.0016559720935109083,2025-12-07 19:31:46.857498,2025-12-07 19:31:55.806691,0 days 00:00:08.949193,0.8747818512201967,0.07851800634877111,3,71,2344,120,1.7677572223003608,4.946359815509379,0.6718036227482209,extensive,COMPLETE
130,-0.0033933146689499503,2025-12-07 19:31:55.806691,2025-12-07 19:32:04.760156,0 days 00:00:08.953465,0.767154221894212,0.08344869814614689,3,63,2416,117,1.0876860073985324,7.552576767092548,0.696691995061887,extensive,COMPLETE
131,-0.0014776360915852438,2025-12-07 19:32:04.760156,2025-12-07 19:32:13.976511,0 days 00:00:09.216355,0.7785698611165773,0.09904223303483846,3,61,2575,118,1.3546965857416486,6.687158803783001,0.7281154775144807,extensive,COMPLETE
132,-0.0018955299033671658,2025-12-07 19:32:13.976511,2025-12-07 19:32:23.379997,0 days 00:00:09.403486,0.8028163851955884,0.0873787208530396,3,60,2603,114,1.3041691561812514,10.905905176950174,0.7397993420071415,extensive,COMPLETE
133,-0.0016007205539783815,2025-12-07 19:32:23.381997,2025-12-07 19:32:33.196505,0 days 00:00:09.814508,0.8176657667096088,0.09347718499184526,3,67,2688,120,1.4410836509041816,8.766660581615529,0.7200620584484207,extensive,COMPLETE
134,-0.0016087730007691519,2025-12-07 19:32:33.197509,2025-12-07 19:32:42.675028,0 days 00:00:09.477519,0.7800349582988962,0.07174317386243416,3,65,2575,124,1.6188368276839373,5.844732964687589,0.7505398581626862,extensive,COMPLETE
135,-0.0021334330019413907,2025-12-07 19:32:42.675028,2025-12-07 19:32:53.090154,0 days 00:00:10.415126,0.8452597412473397,0.07562238125007666,3,70,2795,119,1.241703387391458,7.029033700029448,0.772841139618493,extensive,COMPLETE
136,-0.0015966906421143179,2025-12-07 19:32:53.090154,2025-12-07 19:33:02.946273,0 days 00:00:09.856119,0.8570574574784106,0.08167999520375092,4,63,2492,116,1.509944388980356,9.576639022202789,0.6592023460290283,extensive,COMPLETE
137,-0.005639812811234231,2025-12-07 19:33:02.947293,2025-12-07 19:33:13.417641,0 days 00:00:10.470348,0.8119401013235349,0.08874892899779185,3,73,2717,112,0.9718626201223312,8.240731751680595,0.7083718883688956,extensive,COMPLETE
138,-0.001494075430730805,2025-12-07 19:33:13.419317,2025-12-07 19:33:24.731812,0 days 00:00:11.312495,0.8803248103106551,0.09943359548392146,3,68,2898,122,1.3600002910770708,7.298187470630647,0.6901754889945501,extensive,COMPLETE
139,-0.0032375681597057357,2025-12-07 19:33:24.734489,2025-12-07 19:33:36.128648,0 days 00:00:11.394159,0.8847269495386441,0.09929161485335748,4,58,3074,127,1.1517618263176737,6.481029952943272,0.6895470965904504,extensive,COMPLETE
140,-0.00139240416453749,2025-12-07 19:33:36.128648,2025-12-07 19:33:47.300861,0 days 00:00:11.172213,0.9055127096788816,0.09198831153571653,3,74,2928,123,1.34618346096674,4.252701429538858,0.6680505271990833,extensive,COMPLETE
141,-0.0018160996079872687,2025-12-07 19:33:47.301541,2025-12-07 19:33:58.826771,0 days 00:00:11.525230,0.9230968270152915,0.09286955557935125,3,75,2930,122,1.3075151943464827,4.090795991169751,0.6658400040141313,extensive,COMPLETE
142,-0.001576986770058945,2025-12-07 19:33:58.828827,2025-12-07 19:34:10.173926,0 days 00:00:11.345099,0.9124628134889806,0.08562219152783132,3,67,2862,121,1.4254015468399195,5.124580779103606,0.6967837478740503,extensive,COMPLETE
143,-0.0016036373567024735,2025-12-07 19:34:10.174925,2025-12-07 19:34:20.950803,0 days 00:00:10.775878,0.830998413457668,0.09684711910723108,3,77,2950,126,1.5916434069969536,3.6152652427390497,0.681131768925045,extensive,COMPLETE
144,-0.0019613813199526784,2025-12-07 19:34:20.950803,2025-12-07 19:34:32.200879,0 days 00:00:11.250076,0.7883371214072287,0.09117838355028765,3,79,3217,118,1.2170019345832452,7.354759422039195,0.7160562919506186,extensive,COMPLETE
145,-0.001481717325032328,2025-12-07 19:34:32.201895,2025-12-07 19:34:43.077254,0 days 00:00:10.875359,0.88048328321168,0.08037726340181119,3,73,2855,124,1.37230644123547,4.4849984553323505,0.7335649256270417,extensive,COMPLETE
146,-0.0032508321930940407,2025-12-07 19:34:43.077254,2025-12-07 19:34:55.646563,0 days 00:00:12.569309,0.9380663883629995,0.07969694472330033,3,73,3078,124,1.067838368712934,3.3280097181427553,0.7300860705275115,extensive,COMPLETE
147,-0.0015971972845607585,2025-12-07 19:34:55.646563,2025-12-07 19:35:08.665695,0 days 00:00:13.019132,0.8774558983466615,0.08432321135071591,3,68,3344,123,1.4828482826338476,4.737112013605157,0.747918705046273,extensive,COMPLETE
148,-0.0016559720935109083,2025-12-07 19:35:08.668215,2025-12-07 19:35:19.871167,0 days 00:00:11.202952,0.9016910524672059,0.0936545613887933,3,60,2856,121,1.8920130966679503,5.313891906972666,0.7074891211122776,extensive,COMPLETE
149,-0.0016559720935109083,2025-12-07 19:35:19.872885,2025-12-07 19:35:31.132535,0 days 00:00:11.259650,0.8561627512079198,0.0995380417010983,4,64,3006,119,1.7085813335842979,5.730541800645486,0.73930496426289,extensive,COMPLETE
150,-0.001522946247293507,2025-12-07 19:35:31.132535,2025-12-07 19:35:40.753049,0 days 00:00:09.620514,0.7490541242526585,0.08832226738672004,3,72,2760,126,1.3382499662257352,4.324455040037923,0.6933228249192616,extensive,COMPLETE
151,-0.0015480424514922413,2025-12-07 19:35:40.754792,2025-12-07 19:35:51.407285,0 days 00:00:10.652493,0.8829641194393217,0.0746898212852168,3,70,2663,115,1.3850822819230346,6.5670828833516515,0.6831676574411178,extensive,COMPLETE
152,-0.0023173612727266,2025-12-07 19:35:51.408286,2025-12-07 19:36:01.689873,0 days 00:00:10.281587,0.8640549966471036,0.0797276561988426,3,75,2611,123,1.2321280469016642,7.467305657344039,0.7154913936163709,extensive,COMPLETE
153,-0.0015988966397132802,2025-12-07 19:36:01.690684,2025-12-07 19:36:12.582541,0 days 00:00:10.891857,0.8360968806614708,0.08546868009842717,3,81,2893,111,1.554452244614102,10.405436594185277,0.7256558493028274,extensive,COMPLETE
154,-0.002851325986180394,2025-12-07 19:36:12.585124,2025-12-07 19:36:23.288745,0 days 00:00:10.703621,0.8884936578414586,0.022343326123167376,3,66,2821,123,1.124897370380964,6.215971320772532,0.6704984436831989,extensive,COMPLETE
155,-0.0015423587079516448,2025-12-07 19:36:23.289697,2025-12-07 19:36:33.120674,0 days 00:00:09.830977,0.8416012855524445,0.06939252519463834,3,70,2716,117,1.3377824307566175,8.171386866713998,0.7347750730544038,extensive,COMPLETE
156,-0.0015939893456515068,2025-12-07 19:36:33.122779,2025-12-07 19:36:43.443271,0 days 00:00:10.320492,0.9088420679803443,0.027176228805113726,3,74,2548,126,1.43096777038731,9.047843369483195,0.7541608061916826,extensive,COMPLETE
157,-0.0016559720935109083,2025-12-07 19:36:43.444277,2025-12-07 19:36:54.358779,0 days 00:00:10.914502,0.9328591977417142,0.09270697803996125,4,68,2799,113,4.497740863871026,6.96030789068744,0.7852465735543216,extensive,COMPLETE
158,-0.005800949100310593,2025-12-07 19:36:54.359778,2025-12-07 19:37:04.224993,0 days 00:00:09.865215,0.7892054606664352,0.07609725637596673,3,62,2641,120,0.9865048676945536,9.573676382400297,0.7008244854399532,extensive,COMPLETE
159,-0.0019729616051644694,2025-12-07 19:37:04.224993,2025-12-07 19:37:13.708643,0 days 00:00:09.483650,0.8524583707800433,0.08208436023772656,3,78,2359,109,1.2835752518088595,2.8981821160623555,0.6468240368738056,extensive,COMPLETE
160,-0.0016063804474997963,2025-12-07 19:37:13.709643,2025-12-07 19:37:25.445961,0 days 00:00:11.736318,0.8683213416283446,0.07068913093673654,3,65,3129,121,1.6070846367046123,11.969332975904155,0.7076646980257718,extensive,COMPLETE
161,-0.001574563574486228,2025-12-07 19:37:25.445961,2025-12-07 19:37:34.693037,0 days 00:00:09.247076,0.8099753411679841,0.06576888611133475,3,69,2505,122,1.3892449246521323,8.359289058455426,0.5531077600888747,extensive,COMPLETE
162,-0.0015968963585791436,2025-12-07 19:37:34.694067,2025-12-07 19:37:44.258578,0 days 00:00:09.564511,0.8250764318466146,0.062060040723311616,3,72,2446,119,1.4910416792787098,7.663622370624899,0.7188151777329636,extensive,COMPLETE
163,-0.0021932551334477766,2025-12-07 19:37:44.258578,2025-12-07 19:37:55.185424,0 days 00:00:10.926846,0.8932442528109465,0.08802528582624504,3,54,2742,125,1.194361444654957,5.7726814272613005,0.5792694958847955,extensive,COMPLETE
164,-0.0013631474345996801,2025-12-07 19:37:55.186497,2025-12-07 19:38:05.345125,0 days 00:00:10.158628,0.9174229784648501,0.01933976221492425,3,68,2620,110,1.3333619525690306,9.042411037454363,0.568949776731016,extensive,COMPLETE
165,-0.0016278830490484102,2025-12-07 19:38:05.345694,2025-12-07 19:38:15.928412,0 days 00:00:10.582718,0.9164231326463849,0.018821051998853387,3,67,2615,111,1.2770599595603833,10.285798083318442,0.6866131528634262,extensive,COMPLETE
166,-0.0029246801857234863,2025-12-07 19:38:15.929415,2025-12-07 19:38:27.347601,0 days 00:00:11.418186,0.9038392008597442,0.020131420396302363,3,70,2906,110,1.1112383944264275,6.800768953476208,0.5449820990768459,extensive,COMPLETE
167,-0.0016217785546426278,2025-12-07 19:38:27.349367,2025-12-07 19:38:38.675402,0 days 00:00:11.326035,0.9559294762431371,0.01666347924587577,3,76,2689,117,1.6684569941773946,8.731680491406957,0.5639425694605708,extensive,COMPLETE
168,-0.0015970466469419353,2025-12-07 19:38:38.676405,2025-12-07 19:38:49.009500,0 days 00:00:10.333095,0.9237987489222104,0.0952204066086186,3,64,2565,114,1.4865189773670404,7.594833811281952,0.7404084481082419,extensive,COMPLETE
169,-0.0015176288739789934,2025-12-07 19:38:49.009500,2025-12-07 19:38:59.593349,0 days 00:00:10.583849,0.7634574228377723,0.0326373249976837,4,86,3007,113,1.345208362703536,4.6382703489397805,0.6785443856357958,extensive,COMPLETE
170,-0.002295652903363236,2025-12-07 19:38:59.597367,2025-12-07 19:39:10.246349,0 days 00:00:10.648982,0.8750232805600031,0.02319694567842782,3,73,2840,123,1.1968210591022514,11.20298101660312,0.7265244688342397,extensive,COMPLETE
171,-0.001533983221905899,2025-12-07 19:39:10.247855,2025-12-07 19:39:20.528992,0 days 00:00:10.281137,0.7786658513557533,0.0333698650392342,3,88,2976,115,1.3694061518550544,5.442506303571794,0.684063901249898,extensive,COMPLETE
172,-0.0014082693801310182,2025-12-07 19:39:20.530692,2025-12-07 19:39:30.434887,0 days 00:00:09.904195,0.7678654347665532,0.015207976798934077,3,99,2790,112,1.3033890201932037,3.877294686175576,0.6668306590690055,extensive,COMPLETE
173,-0.0015981327550712205,2025-12-07 19:39:30.435888,2025-12-07 19:39:40.136927,0 days 00:00:09.701039,0.7572930613340911,0.08465126844919682,3,97,2741,110,1.5452745539279076,4.3314746264684185,0.6523209321675579,extensive,COMPLETE
174,-0.001677812392421078,2025-12-07 19:39:40.137930,2025-12-07 19:39:43.639570,0 days 00:00:03.501640,0.7418744077788765,0.0172833763706753,3,96,592,106,1.2740417555751058,3.6079654460078507,0.5347963484833318,extensive,COMPLETE
175,-0.00421573304968829,2025-12-07 19:39:43.639570,2025-12-07 19:39:52.700010,0 days 00:00:09.060440,0.7330422180227949,0.09404374126778321,3,66,2660,108,1.0398043370243175,6.2349255652595525,0.7140736468071994,extensive,COMPLETE
176,-0.0015945753176188255,2025-12-07 19:39:52.701009,2025-12-07 19:40:06.332791,0 days 00:00:13.631782,0.7963290148906841,0.013863099458742131,3,61,3942,112,1.4254252181551725,2.131234637099074,0.6657956336351124,extensive,COMPLETE
177,-0.0024422585871201794,2025-12-07 19:40:06.333838,2025-12-07 19:40:16.608680,0 days 00:00:10.274842,0.84000076771334,0.09962676190753415,3,68,2798,109,1.168686541078831,3.908106881428822,0.6986469788945721,extensive,COMPLETE
178,-0.0017396417430960431,2025-12-07 19:40:16.608680,2025-12-07 19:40:26.109920,0 days 00:00:09.501240,0.8122409453369384,0.07605616811063196,3,52,2545,70,1.2680572536528283,9.369572376853487,0.6606070825568647,extensive,COMPLETE
179,-0.001596679408256474,2025-12-07 19:40:26.109920,2025-12-07 19:40:37.366411,0 days 00:00:11.256491,0.8644845402616076,0.015782868363938215,3,90,2926,116,1.5046553832847374,7.91072412343026,0.6909690579242036,extensive,COMPLETE
180,-0.001600664142573797,2025-12-07 19:40:37.367412,2025-12-07 19:40:45.531625,0 days 00:00:08.164213,0.6325433998566653,0.011938887067472032,3,71,2442,121,1.4415393746192573,6.976558532206614,0.7049571410832962,extensive,COMPLETE
181,-0.0015049990972407408,2025-12-07 19:40:45.531625,2025-12-07 19:40:55.951958,0 days 00:00:10.420333,0.7661649948831775,0.02971254323285721,4,84,3031,112,1.3458191502637726,4.791930159615484,0.6764864269586777,extensive,COMPLETE
182,-0.0018241174540610066,2025-12-07 19:40:55.951958,2025-12-07 19:41:06.014280,0 days 00:00:10.062322,0.7671121258924671,0.026560248812340353,3,74,2886,113,1.2722874211915827,5.147232614289031,0.6745539501284235,extensive,COMPLETE
183,-0.0015261375542000948,2025-12-07 19:41:06.016352,2025-12-07 19:41:15.752412,0 days 00:00:09.736060,0.7741605004297221,0.015026907755576246,3,91,2744,111,1.3571277572712386,4.530742485720837,0.641028064973283,extensive,COMPLETE
184,-0.0031980432696947134,2025-12-07 19:41:15.753401,2025-12-07 19:41:25.954351,0 days 00:00:10.200950,0.8531375990671318,0.02476968517274824,4,100,2623,112,1.12628168922139,6.171537573610169,0.5870743701004161,extensive,COMPLETE
