number,value,datetime_start,datetime_complete,duration,params_lgbm_colsample_bytree,params_lgbm_learning_rate,params_lgbm_max_depth,params_lgbm_min_child_samples,params_lgbm_n_estimators,params_lgbm_num_leaves,params_lgbm_reg_alpha,params_lgbm_reg_lambda,params_lgbm_subsample,user_attrs_feature_level,state
190,-0.0016559720935109083,2025-12-07 18:11:23.224569,2025-12-07 18:11:23.626759,0 days 00:00:00.402190,0.6253092794506321,0.021691441315168536,9,60,859,93,1.6704773596468085,6.300971894916039,0.5993330469521881,none,COMPLETE
191,-0.0016520285001093704,2025-12-07 18:11:23.626759,2025-12-07 18:11:23.995382,0 days 00:00:00.368623,0.6417591634254035,0.01728346125900676,8,69,531,86,1.569510451917701,7.852991989893697,0.5844348007718064,none,COMPLETE
192,-0.0016520445743846146,2025-12-07 18:11:23.995382,2025-12-07 18:11:24.387296,0 days 00:00:00.391914,0.6422122125241023,0.01680315623281912,8,68,564,89,1.5471653201306375,4.498602642068963,0.5839556289605223,none,COMPLETE
193,-0.0016805850118445005,2025-12-07 18:11:24.387296,2025-12-07 18:11:24.761571,0 days 00:00:00.374275,0.6416218616608994,0.014877384678598626,8,66,545,86,1.4292318635712367,5.558698623112932,0.5901203791573806,none,COMPLETE
194,-0.0016559720935109083,2025-12-07 18:11:24.761571,2025-12-07 18:11:25.097517,0 days 00:00:00.335946,0.6605113665777418,0.017062487000273237,8,63,514,91,1.7415913657339286,4.509730386497314,0.6065247859747905,none,COMPLETE
195,-0.0016534335887258649,2025-12-07 18:11:25.097517,2025-12-07 18:11:25.497631,0 days 00:00:00.400114,0.6455130018551829,0.01325180236584463,8,69,671,88,1.5179375763917633,7.4139690605452,0.584804856495449,none,COMPLETE
196,-0.0017753478061324213,2025-12-07 18:11:25.497631,2025-12-07 18:11:25.906121,0 days 00:00:00.408490,0.6807949238034611,0.01616193710229469,8,65,596,89,1.3378147682980794,9.64120870014327,0.6257756127839902,none,COMPLETE
197,-0.001654894144459777,2025-12-07 18:11:25.906121,2025-12-07 18:11:26.329436,0 days 00:00:00.423315,0.6676790826072039,0.019311981728758223,7,62,731,86,1.615910596619078,8.583047279116823,0.5983359828884157,none,COMPLETE
198,-0.0016875290498718314,2025-12-07 18:11:26.330366,2025-12-07 18:11:26.664625,0 days 00:00:00.334259,0.6355823151299582,0.017129034744584694,8,71,466,90,1.414833068599087,4.918597899285529,0.5759592798640306,none,COMPLETE
199,-0.0016559720935109083,2025-12-07 18:11:26.666636,2025-12-07 18:11:26.988509,0 days 00:00:00.321873,0.6542393802002977,0.01550317217054156,9,67,559,82,1.6775358365706676,6.595088580321617,0.6180470478447335,none,COMPLETE
200,-0.0016531543680478784,2025-12-07 18:11:26.988509,2025-12-07 18:11:27.426975,0 days 00:00:00.438466,0.6928930735985304,0.018486196156813073,8,69,780,85,1.5221930963024894,5.931201629122402,0.5842444266844381,none,COMPLETE
201,-0.0016525746548080218,2025-12-07 18:11:27.426975,2025-12-07 18:11:27.811805,0 days 00:00:00.384830,0.6203521490009192,0.019617527624405925,8,67,645,89,1.5856021011402008,5.262331817660523,0.5816169456723674,none,COMPLETE
202,-0.0016553212516414728,2025-12-07 18:11:27.811805,2025-12-07 18:11:28.196987,0 days 00:00:00.385182,0.6285665578602494,0.020724456274952893,8,64,618,88,1.6198683087466579,4.356777515217149,0.5718520124735933,none,COMPLETE
203,-0.0016559720935109083,2025-12-07 18:11:28.196987,2025-12-07 18:11:28.492706,0 days 00:00:00.295719,0.6108932377194841,0.014367314152602851,8,68,438,91,1.7705815214429828,7.955892711477871,0.5923405071419943,none,COMPLETE
204,-0.0016584994845503243,2025-12-07 18:11:28.492706,2025-12-07 18:11:28.881551,0 days 00:00:00.388845,0.6385504556806746,0.022696794274239956,8,65,524,87,1.4811758027772586,3.700728348957365,0.6037189433403225,none,COMPLETE
205,-0.0017142257658562994,2025-12-07 18:11:28.883251,2025-12-07 18:11:29.297743,0 days 00:00:00.414492,0.6727904082781705,0.017734978444526244,8,73,723,92,1.3718895344848046,6.8928832105447455,0.5565718100742899,none,COMPLETE
206,-0.001652022059309551,2025-12-07 18:11:29.297743,2025-12-07 18:11:29.683612,0 days 00:00:00.385869,0.6155061465203095,0.01993813675626037,8,61,624,89,1.5484041674699702,3.0883281312966235,0.5784933946737402,none,COMPLETE
207,-0.0016559720935109083,2025-12-07 18:11:29.689100,2025-12-07 18:11:29.969430,0 days 00:00:00.280330,0.6013665704993923,0.01608747663013838,8,61,325,90,1.871021687409058,7.4322986423156925,0.5657554472204155,none,COMPLETE
208,-0.0016559720935109083,2025-12-07 18:11:29.969430,2025-12-07 18:11:30.312727,0 days 00:00:00.343297,0.6514646987761946,0.02605029229428846,8,58,571,86,1.6850042719447798,4.75612211843406,0.5927194171791716,none,COMPLETE
209,-0.0016567121657646844,2025-12-07 18:11:30.312727,2025-12-07 18:11:30.767982,0 days 00:00:00.455255,0.6834365900063233,0.018007953311966616,9,63,826,88,1.4859361809966585,6.157903826679338,0.5762009893154313,none,COMPLETE
210,-0.0021653937131564938,2025-12-07 18:11:30.768550,2025-12-07 18:11:31.190630,0 days 00:00:00.422080,0.6627084638430478,0.016676521143596378,7,66,695,94,1.2679752479813173,8.621821231210468,0.6120542976387955,none,COMPLETE
211,-0.0016519993959900336,2025-12-07 18:11:31.190630,2025-12-07 18:11:31.583661,0 days 00:00:00.393031,0.6292680488470646,0.01968823763663243,8,69,626,89,1.568083105379584,2.1916190643157347,0.5814640644224397,none,COMPLETE
212,-0.0016519533251479295,2025-12-07 18:11:31.585280,2025-12-07 18:11:31.931556,0 days 00:00:00.346276,0.6333210537589938,0.01919370185798744,8,69,495,87,1.5645992048071369,2.1540991419587128,0.586217381594188,none,COMPLETE
213,-0.0016559720935109083,2025-12-07 18:11:31.933563,2025-12-07 18:11:32.272080,0 days 00:00:00.338517,0.6277420079942924,0.019404728380727525,8,71,473,87,1.6557993311282786,1.981587692802729,0.5976924999284688,none,COMPLETE
214,-0.001670762995880611,2025-12-07 18:11:32.272080,2025-12-07 18:11:32.661577,0 days 00:00:00.389497,0.6389105140171611,0.021726863104338755,10,70,643,85,1.4516069784197148,2.4843338611554575,0.5873313765358998,none,COMPLETE
215,-0.0016519810160621577,2025-12-07 18:11:32.662580,2025-12-07 18:11:32.984275,0 days 00:00:00.321695,0.6462000610150621,0.018907897807971506,8,69,382,88,1.566269000272884,3.08866596989615,0.5685652167060526,none,COMPLETE
216,-0.0016559720935109083,2025-12-07 18:11:32.985281,2025-12-07 18:11:33.290364,0 days 00:00:00.305083,0.6186524177089195,0.018608289177525807,8,74,379,89,1.7415106170034713,2.376565938789479,0.5657033174788877,none,COMPLETE
217,-0.0016525810667212444,2025-12-07 18:11:33.290364,2025-12-07 18:11:33.585837,0 days 00:00:00.295473,0.6454242087187644,0.019813741462724268,8,69,289,88,1.584704642416251,2.943663963270632,0.5520442412804394,none,COMPLETE
218,-0.0017528200114755865,2025-12-07 18:11:33.585837,2025-12-07 18:11:33.933769,0 days 00:00:00.347932,0.6335074691682113,0.010191097188260638,8,72,427,91,1.3431704231604429,2.944191510158768,0.582763153434077,none,COMPLETE
219,-0.0016559720935109083,2025-12-07 18:11:33.935350,2025-12-07 18:11:34.254072,0 days 00:00:00.318722,0.6279198813109698,0.01733544371977702,8,68,505,86,1.8164918983979352,2.0824234057673525,0.5693138099070173,none,COMPLETE
220,-0.0016801180527027022,2025-12-07 18:11:34.255310,2025-12-07 18:11:34.633516,0 days 00:00:00.378206,0.6446485509289207,0.008570817611119374,8,66,578,83,1.4236476358255723,3.357722925722665,0.5605958546284948,none,COMPLETE
221,-0.0016520183172648029,2025-12-07 18:11:34.635583,2025-12-07 18:11:35.017989,0 days 00:00:00.382406,0.6104102988049787,0.01986639089562328,8,70,712,88,1.5486258750545172,3.418843598725231,0.5947354914932763,none,COMPLETE
222,-0.0016555669943989493,2025-12-07 18:11:35.017989,2025-12-07 18:11:35.407917,0 days 00:00:00.389928,0.6122877978480031,0.019414287187440323,8,70,592,89,1.622031496822656,3.414536539236675,0.6017563129208754,none,COMPLETE
223,-0.0016527942020346427,2025-12-07 18:11:35.407917,2025-12-07 18:11:35.826907,0 days 00:00:00.418990,0.6012726982844796,0.01854005292316384,8,71,750,88,1.5279982874454343,3.1875527813281694,0.5849834582043527,none,COMPLETE
224,-0.0016559720935109083,2025-12-07 18:11:35.826907,2025-12-07 18:11:36.184310,0 days 00:00:00.357403,0.6207411240872261,0.01751404682888969,8,68,648,85,1.6723911211354443,2.6652424791244904,0.5748229278984529,none,COMPLETE
225,-0.0016680737803305146,2025-12-07 18:11:36.186024,2025-12-07 18:11:36.521381,0 days 00:00:00.335357,0.6346754067145022,0.020260040986370825,8,67,413,87,1.4568858342901454,4.016060821693953,0.6069969880605511,none,COMPLETE
226,-0.0016525637586971194,2025-12-07 18:11:36.521381,2025-12-07 18:11:36.881857,0 days 00:00:00.360476,0.604286021723599,0.018701083481044194,8,73,514,89,1.5321209391011184,3.6043699236485742,0.59192920314432,none,COMPLETE
227,-0.0016559720935109083,2025-12-07 18:11:36.883698,2025-12-07 18:11:37.294560,0 days 00:00:00.410862,0.6563059639426935,0.021962135326506243,9,69,905,91,1.7239325298333124,4.296013650642921,0.5813907498766676,none,COMPLETE
228,-0.0017084538367896733,2025-12-07 18:11:37.295566,2025-12-07 18:11:37.713661,0 days 00:00:00.418095,0.6283441098820863,0.016583329521733303,8,75,726,87,1.3778250710867825,3.2494786799739144,0.5719705544014708,none,COMPLETE
229,-0.0016548861271021102,2025-12-07 18:11:37.714740,2025-12-07 18:11:38.106671,0 days 00:00:00.391931,0.6511667421744667,0.020243173891897028,8,65,595,84,1.6158308779983348,3.8609389487429113,0.5390012821999842,none,COMPLETE
230,-0.0016520458318015259,2025-12-07 18:11:38.106671,2025-12-07 18:11:38.530131,0 days 00:00:00.423460,0.6175928022872014,0.015547394796440829,8,71,800,90,1.5472296909623242,2.3444764918846586,0.5992762802277506,none,COMPLETE
231,-0.0016525833231311182,2025-12-07 18:11:38.530131,2025-12-07 18:11:38.960368,0 days 00:00:00.430237,0.5899378272699165,0.014994460877528013,8,71,809,90,1.5857618670118274,2.267814740007514,0.597913553095208,none,COMPLETE
232,-0.0016624615541923256,2025-12-07 18:11:38.960368,2025-12-07 18:11:39.375808,0 days 00:00:00.415440,0.6189211756668032,0.01574877895044151,8,69,675,89,1.470986940630541,2.1735965729620426,0.6099106627867436,none,COMPLETE
233,-0.0016520548911543493,2025-12-07 18:11:39.375808,2025-12-07 18:11:39.799860,0 days 00:00:00.424052,0.6138860789410856,0.017653846424058244,8,72,771,92,1.5709472290114264,2.6309593631094925,0.5905191186191637,none,COMPLETE
234,-0.0016559720935109083,2025-12-07 18:11:39.799860,2025-12-07 18:11:40.175593,0 days 00:00:00.375733,0.6111215911298746,0.018073387679126012,8,72,819,93,1.6922022408955775,2.5410302745717344,0.5837694457210902,none,COMPLETE
235,-0.0016519500911289509,2025-12-07 18:11:40.175593,2025-12-07 18:11:40.646176,0 days 00:00:00.470583,0.6394691029678696,0.01885576197706925,8,67,962,92,1.5533507812366047,2.9088944132847256,0.5983369604291102,none,COMPLETE
236,-0.0016912697854467584,2025-12-07 18:11:40.646176,2025-12-07 18:11:41.180007,0 days 00:00:00.533831,0.639447221833534,0.01914074961189928,8,66,1176,92,1.4091102717509845,2.7598503500622935,0.592979746246451,none,COMPLETE
237,-0.0016559720935109083,2025-12-07 18:11:41.180007,2025-12-07 18:11:41.593870,0 days 00:00:00.413863,0.6181718805597339,0.021142195609581325,8,64,993,92,1.6678052647708252,1.8341133384955075,0.5733121768863518,none,COMPLETE
238,-0.0016559720935109083,2025-12-07 18:11:41.595384,2025-12-07 18:11:42.009153,0 days 00:00:00.413769,0.6317300373115714,0.01744098117856682,9,67,888,90,1.7567583564234106,3.1113016779526133,0.6138414271302588,none,COMPLETE
239,-0.0016519344596242675,2025-12-07 18:11:42.009153,2025-12-07 18:11:42.511514,0 days 00:00:00.502361,0.6037380461770855,0.024063488656148824,7,75,966,94,1.56260919986294,2.6128702865296507,0.5612235873066931,none,COMPLETE
240,-0.0018843925149629737,2025-12-07 18:11:42.511514,2025-12-07 18:11:42.951796,0 days 00:00:00.440282,0.6015673608248722,0.022877074519120404,7,76,765,94,1.3092878203511984,2.672065634677966,0.5535285383096104,none,COMPLETE
241,-0.0016520102203763838,2025-12-07 18:11:42.954332,2025-12-07 18:11:43.423063,0 days 00:00:00.468731,0.6088786789632529,0.024635960390100634,7,73,1021,64,1.5687228641602757,2.403328405611638,0.5633408497961406,none,COMPLETE
242,-0.0016540962809289035,2025-12-07 18:11:43.423063,2025-12-07 18:11:43.909538,0 days 00:00:00.486475,0.5938749965776091,0.025333660080208997,8,73,1055,67,1.509970451976547,2.5554264553225603,0.5644671078874434,none,COMPLETE
243,-0.0016559720935109083,2025-12-07 18:11:43.909538,2025-12-07 18:11:44.326826,0 days 00:00:00.417288,0.580691119417159,0.023361331504778655,7,75,960,96,1.6338600228927864,2.4477087792631718,0.5584638957742998,none,COMPLETE
244,-0.0016702672508307852,2025-12-07 18:11:44.327896,2025-12-07 18:11:44.807851,0 days 00:00:00.479955,0.6119534495060115,0.0213748353919835,7,71,916,70,1.4527559651076714,2.1167991456545843,0.5471666183867742,none,COMPLETE
245,-0.00165218018417083,2025-12-07 18:11:44.807851,2025-12-07 18:11:45.322300,0 days 00:00:00.514449,0.6105628340531069,0.024192929765353328,7,74,1132,95,1.5757012621463655,2.7759433040133,0.5851617141055723,none,COMPLETE
246,-0.0016525486160772946,2025-12-07 18:11:45.322300,2025-12-07 18:11:45.776718,0 days 00:00:00.454418,0.6283294225139795,0.019699778588642365,7,72,733,93,1.5327188713850788,2.290390182917557,0.5958936621916893,none,COMPLETE
247,-0.0016559720935109083,2025-12-07 18:11:45.776718,2025-12-07 18:11:46.166889,0 days 00:00:00.390171,0.6214733148374746,0.02744375094864046,7,70,836,74,1.807181825883453,2.3665431236023817,0.5777670694557057,none,COMPLETE
248,-0.005783759060413692,2025-12-07 18:11:46.166889,2025-12-07 18:11:46.763851,0 days 00:00:00.596962,0.600889698461021,0.018496438902336414,8,64,663,91,0.5470268432591445,3.0591185226029456,0.5642962965853546,none,COMPLETE
249,-0.0016559720935109083,2025-12-07 18:11:46.763851,2025-12-07 18:11:47.137188,0 days 00:00:00.373337,0.6422349721128006,0.020133572474283205,8,76,751,92,1.6647519064316774,2.0704391948755054,0.5858288048784321,none,COMPLETE
250,-0.001686222624817546,2025-12-07 18:11:47.137188,2025-12-07 18:11:47.514662,0 days 00:00:00.377474,0.6267363701845396,0.02208132574967659,8,73,573,90,1.4188504394342993,1.7777598119362605,0.5672396347179527,none,COMPLETE
251,-0.0016539645607966207,2025-12-07 18:11:47.515670,2025-12-07 18:11:48.094676,0 days 00:00:00.579006,0.6076411639691928,0.02470396077626999,7,67,1432,91,1.6061611355866288,2.7844081375742875,0.5950644483129454,none,COMPLETE
252,-0.001659881372596761,2025-12-07 18:11:48.095694,2025-12-07 18:11:48.543375,0 days 00:00:00.447681,0.5932176414623556,0.018774461050044457,8,70,872,88,1.4776944144872328,6.722223894543438,0.5779476709905036,none,COMPLETE
253,-0.0017461717255247884,2025-12-07 18:11:48.543375,2025-12-07 18:11:48.962327,0 days 00:00:00.418952,0.619251635607572,0.016980384392827244,8,65,716,94,1.3514979437195664,3.197000025725262,0.6021200063487967,none,COMPLETE
254,-0.11921899314354567,2025-12-07 18:11:48.962327,2025-12-07 18:11:50.259362,0 days 00:00:01.297035,0.6366926343619341,0.017874601734730218,8,71,617,90,0.019484600910357752,2.434830289138484,0.6184190876954225,none,COMPLETE
255,-0.0016559720935109083,2025-12-07 18:11:50.259362,2025-12-07 18:11:50.585836,0 days 00:00:00.326474,0.6315509979834005,0.02037585538924853,8,68,519,89,1.7352862765108985,1.9063245880638557,0.5573917395801854,none,COMPLETE
256,-0.001651931511114017,2025-12-07 18:11:50.585836,2025-12-07 18:11:51.028500,0 days 00:00:00.442664,0.6452429935318521,0.022591811274638045,8,74,821,92,1.5621451573692018,3.7251677866359034,0.5871721920296763,none,COMPLETE
257,-0.0016559537255222228,2025-12-07 18:11:51.028500,2025-12-07 18:11:51.544973,0 days 00:00:00.516473,0.6461063694645188,0.022657620149747384,7,78,958,93,1.4918800792600515,3.6205602293376353,0.6296391455106312,none,COMPLETE
258,-0.0016559720935109083,2025-12-07 18:11:51.545980,2025-12-07 18:11:51.934472,0 days 00:00:00.388492,0.6199837251705277,0.021527138971198217,9,74,813,92,1.9112523732522881,3.939246451292191,0.5695085767685345,none,COMPLETE
259,-0.0016559720935109083,2025-12-07 18:11:51.935987,2025-12-07 18:11:52.329830,0 days 00:00:00.393843,0.6446859830681695,0.025829798414192643,8,75,874,91,1.6260894393319831,3.4608879809777426,0.6063648072765442,none,COMPLETE
260,-0.0024033644299132906,2025-12-07 18:11:52.329830,2025-12-07 18:11:52.791436,0 days 00:00:00.461606,0.6058483073959475,0.023230114528009563,8,72,804,95,1.2268760131697878,3.0108567166191365,0.5889432998619946,none,COMPLETE
261,-0.0016965429062908062,2025-12-07 18:11:52.791436,2025-12-07 18:11:53.211196,0 days 00:00:00.419760,0.6243606158930772,0.024253563687479208,8,80,727,89,1.3991754041673166,4.459936964471413,0.5439662374474157,none,COMPLETE
262,-0.0016559720935109083,2025-12-07 18:11:53.211196,2025-12-07 18:11:53.631477,0 days 00:00:00.420281,0.6336401320209222,0.019602490953636073,9,70,1066,92,1.7290541454326513,2.246608445618904,0.5758977065184264,none,COMPLETE
263,-0.0016523771455034808,2025-12-07 18:11:53.631477,2025-12-07 18:11:53.944546,0 days 00:00:00.313069,0.6131006815293097,0.02144505627782407,8,73,368,88,1.5357232396882918,2.6539473951024855,0.5960541712550854,none,COMPLETE
264,-0.0016559720935109083,2025-12-07 18:11:53.945552,2025-12-07 18:11:54.287547,0 days 00:00:00.341995,0.5837368579275797,0.017007603477438623,8,69,555,90,1.6397552052784032,3.5932219041463394,0.5329511563193586,none,COMPLETE
265,-0.0018250446339639719,2025-12-07 18:11:54.287547,2025-12-07 18:11:54.757603,0 days 00:00:00.470056,0.6501521919223908,0.01916217271408937,8,67,910,91,1.3256173813786125,1.634526351242789,0.5872212561293723,none,COMPLETE
266,-0.0016725840439168287,2025-12-07 18:11:54.757603,2025-12-07 18:11:55.110333,0 days 00:00:00.352730,0.6375219557429659,0.020564222204782105,7,77,459,93,1.4470504353387352,2.981195170014023,0.6074235000677203,none,COMPLETE
267,-0.0016559720935109083,2025-12-07 18:11:55.111198,2025-12-07 18:11:55.466100,0 days 00:00:00.354902,0.5967991304594665,0.02670598933320642,8,66,640,88,1.8216493195512116,5.654881729081383,0.5685888385168547,none,COMPLETE
268,-0.0016519586208039911,2025-12-07 18:11:55.467103,2025-12-07 18:11:55.924503,0 days 00:00:00.457400,0.6233335211619977,0.017826340440474264,8,71,782,90,1.5525593968546663,4.761875013209389,0.5577685143295124,none,COMPLETE
269,-0.0016559720935109083,2025-12-07 18:11:55.924503,2025-12-07 18:11:56.314291,0 days 00:00:00.389788,0.6244646567437426,0.016522304235611962,8,71,786,90,1.7102897780717266,4.580790228843558,0.5509053421404646,none,COMPLETE
270,-0.0016519930425202094,2025-12-07 18:11:56.314291,2025-12-07 18:11:56.797959,0 days 00:00:00.483668,0.6117162676230133,0.011838702788782154,8,74,1002,92,1.550037359945779,4.322086548473625,0.5588618254888043,none,COMPLETE
271,-0.001659452955804941,2025-12-07 18:11:56.797959,2025-12-07 18:11:57.253951,0 days 00:00:00.455992,0.6139289875056865,0.011597584165456275,9,75,832,97,1.478350631163857,4.028084729552159,0.5606109341031313,none,COMPLETE
272,-0.00165270553654695,2025-12-07 18:11:57.253951,2025-12-07 18:11:57.723719,0 days 00:00:00.469768,0.6003728313778789,0.02233263767450485,8,73,1003,93,1.5881746088826358,3.2595920724967846,0.5364230235554829,none,COMPLETE
273,-0.0017548382610751052,2025-12-07 18:11:57.723719,2025-12-07 18:11:58.225741,0 days 00:00:00.502022,0.6296127913699796,0.019075079676369143,8,69,1066,92,1.3461926243122002,3.8402808205753316,0.548515568596573,none,COMPLETE
274,-0.0016559720935109083,2025-12-07 18:11:58.225741,2025-12-07 18:11:58.627553,0 days 00:00:00.401812,0.6164886872287287,0.01758366885862714,8,77,900,94,1.6612599286294505,4.217607840672446,0.5610932838512435,none,COMPLETE
275,-0.0016528422343836298,2025-12-07 18:11:58.627553,2025-12-07 18:11:59.153193,0 days 00:00:00.525640,0.6403031022002255,0.020768588318134645,7,72,1159,64,1.5271871673697455,9.325113853766663,0.5724775720925863,none,COMPLETE
276,-0.0016846930485106733,2025-12-07 18:11:59.153193,2025-12-07 18:11:59.638569,0 days 00:00:00.485376,0.6072132786153017,0.023445251393955605,8,74,985,95,1.4219974908942037,3.28348712805956,0.5543427611493236,none,COMPLETE
277,-0.0016559720935109083,2025-12-07 18:11:59.638569,2025-12-07 18:12:00.058431,0 days 00:00:00.419862,0.6241126849322636,0.015593268737953976,8,68,920,90,1.789560329796298,2.5011241707600833,0.544057432317282,none,COMPLETE
278,-0.0016530824655324554,2025-12-07 18:12:00.058431,2025-12-07 18:12:00.467163,0 days 00:00:00.408732,0.6539970611403199,0.010646065657243183,8,70,734,91,1.5943327010806934,3.6921941859421903,0.5634871384444162,none,COMPLETE
279,-0.002747883496399132,2025-12-07 18:12:00.468680,2025-12-07 18:12:00.796291,0 days 00:00:00.327611,0.5890022640162802,0.020064510708639606,9,68,318,93,1.194125232736175,2.867550513488167,0.578858286267844,none,COMPLETE
280,-0.0016559720935109083,2025-12-07 18:12:00.796291,2025-12-07 18:12:01.182288,0 days 00:00:00.385997,0.6441675897569837,0.018246141135249062,8,71,789,87,1.7054778470641851,4.92831575173244,0.8119953556253358,none,COMPLETE
281,-0.0016585175250120414,2025-12-07 18:12:01.183795,2025-12-07 18:12:01.596719,0 days 00:00:00.412924,0.633946999608654,0.02161810261022724,7,75,697,91,1.481196284532777,2.2161644432616785,0.5716754681990271,none,COMPLETE
282,-0.0016519245275103955,2025-12-07 18:12:01.596719,2025-12-07 18:12:01.910700,0 days 00:00:00.313981,0.6173582314276924,0.016630960701240885,8,66,416,88,1.5590473359094046,4.326574726377403,0.5212388019222629,none,COMPLETE
283,-0.0019543477444951365,2025-12-07 18:12:01.910700,2025-12-07 18:12:02.348688,0 days 00:00:00.437988,0.6134721807515069,0.017042580934233147,8,70,869,69,1.2991501886140557,3.9478294828768705,0.5160140559752063,none,COMPLETE
284,-0.0016559720935109083,2025-12-07 18:12:02.348688,2025-12-07 18:12:02.784058,0 days 00:00:00.435370,0.5996468771142244,0.018813433614191792,8,67,972,77,1.9853169864429305,4.266526593018353,0.5549788025360022,none,COMPLETE
285,-0.0016559241443762456,2025-12-07 18:12:02.785309,2025-12-07 18:12:03.305502,0 days 00:00:00.520193,0.5768188010111168,0.019926906139663154,8,74,1244,66,1.6250585478878075,4.642339630866528,0.5253053536011396,none,COMPLETE
