number,value,datetime_start,datetime_complete,duration,params_lgbm_colsample_bytree,params_lgbm_learning_rate,params_lgbm_max_depth,params_lgbm_min_child_samples,params_lgbm_n_estimators,params_lgbm_num_leaves,params_lgbm_reg_alpha,params_lgbm_reg_lambda,params_lgbm_subsample,user_attrs_feature_level,state
283,-0.0019963742730256437,2025-12-07 18:14:45.063544,2025-12-07 18:14:45.552327,0 days 00:00:00.488783,0.6134721807515069,0.017042580934233147,8,70,869,69,1.2991501886140557,3.9478294828768705,0.5160140559752063,simple,COMPLETE
284,-0.0016559720935109083,2025-12-07 18:14:45.552327,2025-12-07 18:14:46.039380,0 days 00:00:00.487053,0.5996468771142244,0.018813433614191792,8,67,972,77,1.9853169864429305,4.266526593018353,0.5549788025360022,simple,COMPLETE
285,-0.0016559241443762456,2025-12-07 18:14:46.039380,2025-12-07 18:14:46.636336,0 days 00:00:00.596956,0.5768188010111168,0.019926906139663154,8,74,1244,66,1.6250585478878075,4.642339630866528,0.5253053536011396,simple,COMPLETE
286,-0.0016965285531266676,2025-12-07 18:14:46.637459,2025-12-07 18:14:46.949291,0 days 00:00:00.311832,0.621628311326647,0.02493000784152138,8,72,257,88,1.3945934535834033,2.738943970702743,0.6502086882867455,simple,COMPLETE
287,-0.0016559720935109083,2025-12-07 18:14:46.949291,2025-12-07 18:14:47.287211,0 days 00:00:00.337920,0.610199641069492,0.017697268970951387,8,69,384,87,1.8380234743734556,3.47103080864026,0.5436544965093284,simple,COMPLETE
288,-0.0016559720935109083,2025-12-07 18:14:47.287211,2025-12-07 18:14:47.676876,0 days 00:00:00.389665,0.6291014236077486,0.016255498109492828,8,66,508,89,2.6091901716654338,4.310236607090494,0.5807568230386787,simple,COMPLETE
289,-0.0016521811160758275,2025-12-07 18:14:47.676876,2025-12-07 18:14:48.108517,0 days 00:00:00.431641,0.603396304264484,0.02223706043439939,7,63,686,73,1.5420664761475857,4.953511857317863,0.5003415281408684,simple,COMPLETE
290,-0.0016559720935109083,2025-12-07 18:14:48.108517,2025-12-07 18:14:48.478750,0 days 00:00:00.370233,0.6217538494905256,0.018658407603434155,8,61,561,87,1.7160971400144118,1.467956275332777,0.525904535592527,simple,COMPLETE
291,-0.08628511004733623,2025-12-07 18:14:48.478750,2025-12-07 18:14:50.349402,0 days 00:00:01.870652,0.6138522522437283,0.020137305465280222,8,68,801,89,0.18659543100644438,3.2132459273665863,0.5665939001922007,simple,COMPLETE
292,-0.0016679242350491712,2025-12-07 18:14:50.350081,2025-12-07 18:14:50.741246,0 days 00:00:00.391165,0.6475859849536014,0.017664009137888244,8,76,420,86,1.4565398871024817,2.3952576750894283,0.5078223301558911,simple,COMPLETE
293,-0.0016532590948951469,2025-12-07 18:14:50.741246,2025-12-07 18:14:51.193706,0 days 00:00:00.452460,0.6355042404375636,0.023375561993512477,8,71,744,88,1.5971417625092368,2.968736412554183,0.6192939788326174,simple,COMPLETE
294,-0.0016559720935109083,2025-12-07 18:14:51.193706,2025-12-07 18:14:51.582933,0 days 00:00:00.389227,0.6606756777148609,0.020935726391197784,7,65,618,91,1.6707893974099428,2.0731782433280723,0.5355124788078881,simple,COMPLETE
295,-0.001700284152082121,2025-12-07 18:14:51.582933,2025-12-07 18:14:52.117083,0 days 00:00:00.534150,0.5944859642822509,0.01930079787652408,8,70,1051,90,1.3923633033893463,7.329925058893887,0.5787466240711457,simple,COMPLETE
296,-0.0016534457889911813,2025-12-07 18:14:52.117083,2025-12-07 18:14:52.809767,0 days 00:00:00.692684,0.6260544760693421,0.01625686584391026,8,73,1669,89,1.5180884887286463,3.9756661925496855,0.5541409452849724,simple,COMPLETE
297,-0.0016559720935109083,2025-12-07 18:14:52.809767,2025-12-07 18:14:53.509602,0 days 00:00:00.699835,0.6072450735915046,0.012013941143318692,8,67,1995,92,2.3106251021210285,3.56894971091776,0.6389331430987072,simple,COMPLETE
298,-0.0016559720935109083,2025-12-07 18:14:53.509602,2025-12-07 18:14:53.940981,0 days 00:00:00.431379,0.618158517282574,0.0179259850273887,10,69,835,86,1.7514359014474397,2.6178057700151554,0.7636005235695997,simple,COMPLETE
299,-0.0019581461424977853,2025-12-07 18:14:53.940981,2025-12-07 18:14:54.391637,0 days 00:00:00.450656,0.6424272078783595,0.027903709769645454,8,72,679,88,1.299205909845052,4.8228397642692595,0.5986060175035433,simple,COMPLETE
