number,value,datetime_start,datetime_complete,duration,params_ridge_alpha,user_attrs_feature_level,state
159,-26543.418002394086,2025-12-07 16:44:43.201479,2025-12-07 16:44:44.722576,0 days 00:00:01.521097,454.4350535504461,advanced,COMPLETE
160,-12192.710887384945,2025-12-07 16:44:44.724095,2025-12-07 16:44:46.298727,0 days 00:00:01.574632,968.8615271946389,advanced,COMPLETE
161,-17770.84784297045,2025-12-07 16:44:46.300236,2025-12-07 16:44:47.849299,0 days 00:00:01.549063,684.6644433017955,advanced,COMPLETE
162,-1536684.0634952418,2025-12-07 16:44:47.850303,2025-12-07 16:44:49.361597,0 days 00:00:01.511294,0.03193912773814254,advanced,COMPLETE
163,-11948.009415754392,2025-12-07 16:44:49.361597,2025-12-07 16:44:50.881811,0 days 00:00:01.520214,986.3148332512491,advanced,COMPLETE
164,-22584.278327713633,2025-12-07 16:44:50.883556,2025-12-07 16:44:52.365519,0 days 00:00:01.481963,538.9903269674091,advanced,COMPLETE
165,-17549.13020121182,2025-12-07 16:44:52.366741,2025-12-07 16:44:53.840093,0 days 00:00:01.473352,693.0005180869325,advanced,COMPLETE
166,-32109.037886266637,2025-12-07 16:44:53.840093,2025-12-07 16:44:55.418975,0 days 00:00:01.578882,367.8499935715338,advanced,COMPLETE
167,-15927.293678534572,2025-12-07 16:44:55.420043,2025-12-07 16:44:56.979813,0 days 00:00:01.559770,759.8904066359578,advanced,COMPLETE
168,-12182.26271314929,2025-12-07 16:44:56.980815,2025-12-07 16:44:58.550775,0 days 00:00:01.569960,969.5947202668872,advanced,COMPLETE
169,-224699.64310157872,2025-12-07 16:44:58.552831,2025-12-07 16:45:00.151383,0 days 00:00:01.598552,4.396971508374938,advanced,COMPLETE
170,-11970.075822374363,2025-12-07 16:45:00.152388,2025-12-07 16:45:01.651900,0 days 00:00:01.499512,984.7164363280195,advanced,COMPLETE
171,-23151.32224205535,2025-12-07 16:45:01.652904,2025-12-07 16:45:03.065263,0 days 00:00:01.412359,525.3222635583114,advanced,COMPLETE
172,-11950.983972712524,2025-12-07 16:45:03.066317,2025-12-07 16:45:04.567943,0 days 00:00:01.501626,986.099080474234,advanced,COMPLETE
173,-12131.255228920303,2025-12-07 16:45:04.569949,2025-12-07 16:45:06.200543,0 days 00:00:01.630594,973.1893227687951,advanced,COMPLETE
174,-11869.655626913409,2025-12-07 16:45:06.201688,2025-12-07 16:45:07.746765,0 days 00:00:01.545077,992.0306643519132,advanced,COMPLETE
175,-20239.910253604383,2025-12-07 16:45:07.747635,2025-12-07 16:45:09.381838,0 days 00:00:01.634203,602.4896268243482,advanced,COMPLETE
176,-28956.677600462343,2025-12-07 16:45:09.381838,2025-12-07 16:45:11.020089,0 days 00:00:01.638251,413.1499030293608,advanced,COMPLETE
177,-17934.897502298016,2025-12-07 16:45:11.021089,2025-12-07 16:45:12.518965,0 days 00:00:01.497876,678.6093959292705,advanced,COMPLETE
178,-11921.991308187986,2025-12-07 16:45:12.520469,2025-12-07 16:45:14.097710,0 days 00:00:01.577241,988.2058437199753,advanced,COMPLETE
179,-23871.10422478248,2025-12-07 16:45:14.098717,2025-12-07 16:45:15.585310,0 days 00:00:01.486593,508.79528446896813,advanced,COMPLETE
180,-39283.778483425194,2025-12-07 16:45:15.586371,2025-12-07 16:45:17.150200,0 days 00:00:01.563829,290.589089524517,advanced,COMPLETE
181,-16735.681503905722,2025-12-07 16:45:17.151794,2025-12-07 16:45:18.665851,0 days 00:00:01.514057,725.1792323224288,advanced,COMPLETE
182,-12162.663231676544,2025-12-07 16:45:18.666357,2025-12-07 16:45:20.162131,0 days 00:00:01.495774,970.9729467255924,advanced,COMPLETE
183,-17351.747264487665,2025-12-07 16:45:20.162131,2025-12-07 16:45:21.740611,0 days 00:00:01.578480,700.5734861910487,advanced,COMPLETE
184,-12084.079241856425,2025-12-07 16:45:21.740611,2025-12-07 16:45:23.451560,0 days 00:00:01.710949,976.5365358922252,advanced,COMPLETE
185,-21796.4091936542,2025-12-07 16:45:23.453574,2025-12-07 16:45:25.102803,0 days 00:00:01.649229,559.0069267076441,advanced,COMPLETE
186,-29095.643163497927,2025-12-07 16:45:25.102803,2025-12-07 16:45:26.697549,0 days 00:00:01.594746,410.96267547466033,advanced,COMPLETE
187,-16814.728336064596,2025-12-07 16:45:26.697549,2025-12-07 16:45:28.222273,0 days 00:00:01.524724,721.9368634399068,advanced,COMPLETE
188,-21849.430957969696,2025-12-07 16:45:28.223277,2025-12-07 16:45:29.736426,0 days 00:00:01.513149,557.6204916202694,advanced,COMPLETE
189,-11813.724098706087,2025-12-07 16:45:29.736426,2025-12-07 16:45:31.274715,0 days 00:00:01.538289,996.1496558775972,advanced,COMPLETE
190,-16185.637183036122,2025-12-07 16:45:31.275595,2025-12-07 16:45:32.734799,0 days 00:00:01.459204,748.4794889518012,advanced,COMPLETE
191,-11986.29474254668,2025-12-07 16:45:32.736604,2025-12-07 16:45:34.236083,0 days 00:00:01.499479,983.5447525355247,advanced,COMPLETE
192,-16599.55099651142,2025-12-07 16:45:34.236083,2025-12-07 16:45:35.769760,0 days 00:00:01.533677,730.8242167834912,advanced,COMPLETE
193,-11851.361561680022,2025-12-07 16:45:35.770765,2025-12-07 16:45:37.301343,0 days 00:00:01.530578,993.3743159024386,advanced,COMPLETE
194,-24794.64031164565,2025-12-07 16:45:37.303294,2025-12-07 16:45:38.818912,0 days 00:00:01.515618,488.8332691649718,advanced,COMPLETE
195,-11932.836265931786,2025-12-07 16:45:38.819366,2025-12-07 16:45:40.418537,0 days 00:00:01.599171,987.4167861230934,advanced,COMPLETE
196,-19592.60343165732,2025-12-07 16:45:40.420546,2025-12-07 16:45:41.854725,0 days 00:00:01.434179,622.3144249589266,advanced,COMPLETE
197,-27806.825925945745,2025-12-07 16:45:41.856731,2025-12-07 16:45:43.473262,0 days 00:00:01.616531,432.0110485881684,advanced,COMPLETE
198,-18384.638550475745,2025-12-07 16:45:43.473262,2025-12-07 16:45:44.935433,0 days 00:00:01.462171,662.4821632206837,advanced,COMPLETE
199,-15821.176719102807,2025-12-07 16:45:44.936994,2025-12-07 16:45:46.450131,0 days 00:00:01.513137,764.6684628431595,advanced,COMPLETE
200,-32399.137612428047,2025-12-07 16:45:46.451160,2025-12-07 16:45:47.980934,0 days 00:00:01.529774,364.0943573611094,advanced,COMPLETE
201,-12247.932079467435,2025-12-07 16:45:47.981947,2025-12-07 16:45:49.450468,0 days 00:00:01.468521,965.0038417376156,advanced,COMPLETE
202,-16077.8313371747,2025-12-07 16:45:49.451562,2025-12-07 16:45:50.954084,0 days 00:00:01.502522,753.2036096553278,advanced,COMPLETE
203,-12384.890196644235,2025-12-07 16:45:50.956084,2025-12-07 16:45:52.536853,0 days 00:00:01.580769,955.5607134907693,advanced,COMPLETE
204,-11780.609266073814,2025-12-07 16:45:52.537858,2025-12-07 16:45:53.997288,0 days 00:00:01.459430,998.6037903188867,advanced,COMPLETE
205,-21849.473810325577,2025-12-07 16:45:53.997288,2025-12-07 16:45:55.486451,0 days 00:00:01.489163,557.619373463287,advanced,COMPLETE
206,-20800.458174764917,2025-12-07 16:45:55.487477,2025-12-07 16:45:56.952743,0 days 00:00:01.465266,586.1828753900571,advanced,COMPLETE
207,-16754.74076413378,2025-12-07 16:45:56.953079,2025-12-07 16:45:58.386595,0 days 00:00:01.433516,724.3950863574992,advanced,COMPLETE
208,-11893.869948193345,2025-12-07 16:45:58.387681,2025-12-07 16:45:59.855329,0 days 00:00:01.467648,990.2575149712115,advanced,COMPLETE
209,-26111.00759172047,2025-12-07 16:45:59.856335,2025-12-07 16:46:01.388406,0 days 00:00:01.532071,462.5571037101645,advanced,COMPLETE
210,-625757.8223450289,2025-12-07 16:46:01.389432,2025-12-07 16:46:02.930304,0 days 00:00:01.540872,0.12069229751862724,advanced,COMPLETE
211,-12141.712801983194,2025-12-07 16:46:02.930304,2025-12-07 16:46:04.285636,0 days 00:00:01.355332,972.4502935860747,advanced,COMPLETE
212,-16647.93458818647,2025-12-07 16:46:04.285636,2025-12-07 16:46:05.773645,0 days 00:00:01.488009,728.8089338777227,advanced,COMPLETE
213,-11816.894567676958,2025-12-07 16:46:05.776248,2025-12-07 16:46:07.288464,0 days 00:00:01.512216,995.9152978904602,advanced,COMPLETE
214,-11812.697655360702,2025-12-07 16:46:07.289463,2025-12-07 16:46:08.685420,0 days 00:00:01.395957,996.225552169498,advanced,COMPLETE
215,-17368.467665037377,2025-12-07 16:46:08.687422,2025-12-07 16:46:10.204495,0 days 00:00:01.517073,699.9263204777443,advanced,COMPLETE
216,-11767.43797557201,2025-12-07 16:46:10.205499,2025-12-07 16:46:11.602423,0 days 00:00:01.396924,999.5831300752008,advanced,COMPLETE
217,-22697.57315547291,2025-12-07 16:46:11.604386,2025-12-07 16:46:13.100963,0 days 00:00:01.496577,536.2117625664897,advanced,COMPLETE
218,-16385.524736706215,2025-12-07 16:46:13.102027,2025-12-07 16:46:14.651061,0 days 00:00:01.549034,739.8593411558414,advanced,COMPLETE
219,-2015771.8999227176,2025-12-07 16:46:14.651590,2025-12-07 16:46:16.218114,0 days 00:00:01.566524,0.01490425762120297,advanced,COMPLETE
220,-23816.318783201204,2025-12-07 16:46:16.219117,2025-12-07 16:46:17.861301,0 days 00:00:01.642184,510.0223102620729,advanced,COMPLETE
221,-16789.87965888109,2025-12-07 16:46:17.862325,2025-12-07 16:46:19.521721,0 days 00:00:01.659396,722.9533315957123,advanced,COMPLETE
222,-12026.06929358965,2025-12-07 16:46:19.521721,2025-12-07 16:46:21.013240,0 days 00:00:01.491519,980.6825859105775,advanced,COMPLETE
223,-11936.849863868056,2025-12-07 16:46:21.013240,2025-12-07 16:46:22.483275,0 days 00:00:01.470035,987.1250694107905,advanced,COMPLETE
224,-11784.493441278568,2025-12-07 16:46:22.490188,2025-12-07 16:46:23.872123,0 days 00:00:01.381935,998.3153363032801,advanced,COMPLETE
225,-17429.927209306334,2025-12-07 16:46:23.873121,2025-12-07 16:46:25.334109,0 days 00:00:01.460988,697.5565696841918,advanced,COMPLETE
226,-16867.83487457732,2025-12-07 16:46:25.335113,2025-12-07 16:46:26.838173,0 days 00:00:01.503060,719.772966300749,advanced,COMPLETE
227,-11829.865518725674,2025-12-07 16:46:26.840128,2025-12-07 16:46:28.315016,0 days 00:00:01.474888,994.9575945900172,advanced,COMPLETE
228,-23072.489580998226,2025-12-07 16:46:28.316684,2025-12-07 16:46:29.831838,0 days 00:00:01.515154,527.1872435223539,advanced,COMPLETE
229,-20764.476660218632,2025-12-07 16:46:29.831838,2025-12-07 16:46:31.300179,0 days 00:00:01.468341,587.2067824730402,advanced,COMPLETE
230,-2510865.0719363936,2025-12-07 16:46:31.301313,2025-12-07 16:46:32.766093,0 days 00:00:01.464780,0.00257873453394619,advanced,COMPLETE
231,-12196.615016833248,2025-12-07 16:46:32.766093,2025-12-07 16:46:34.323461,0 days 00:00:01.557368,968.5878279420679,advanced,COMPLETE
232,-11950.774111633926,2025-12-07 16:46:34.323461,2025-12-07 16:46:35.805333,0 days 00:00:01.481872,986.1142993224211,advanced,COMPLETE
233,-16664.27880522187,2025-12-07 16:46:35.806337,2025-12-07 16:46:37.295973,0 days 00:00:01.489636,728.1303971470853,advanced,COMPLETE
234,-18530.026336944313,2025-12-07 16:46:37.295973,2025-12-07 16:46:38.782694,0 days 00:00:01.486721,657.4115519304021,advanced,COMPLETE
235,-12120.983911248448,2025-12-07 16:46:38.784612,2025-12-07 16:46:40.248168,0 days 00:00:01.463556,973.9162296374218,advanced,COMPLETE
236,-16662.607875849437,2025-12-07 16:46:40.254177,2025-12-07 16:46:41.720970,0 days 00:00:01.466793,728.1997148059545,advanced,COMPLETE
237,-27129.89472155958,2025-12-07 16:46:41.720970,2025-12-07 16:46:43.201426,0 days 00:00:01.480456,443.7915102611779,advanced,COMPLETE
238,-15946.701674720898,2025-12-07 16:46:43.203529,2025-12-07 16:46:44.715283,0 days 00:00:01.511754,759.0223382246802,advanced,COMPLETE
239,-20598.01289336403,2025-12-07 16:46:44.716600,2025-12-07 16:46:46.172505,0 days 00:00:01.455905,591.9838870130538,advanced,COMPLETE
240,-12269.266538064165,2025-12-07 16:46:46.172505,2025-12-07 16:46:47.722861,0 days 00:00:01.550356,963.5212392391941,advanced,COMPLETE
241,-12511.00638484704,2025-12-07 16:46:47.725089,2025-12-07 16:46:49.292190,0 days 00:00:01.567101,947.0186146322145,advanced,COMPLETE
242,-11995.234428669326,2025-12-07 16:46:49.292190,2025-12-07 16:46:50.802622,0 days 00:00:01.510432,982.9000691114072,advanced,COMPLETE
243,-16485.776965110144,2025-12-07 16:46:50.802622,2025-12-07 16:46:52.298171,0 days 00:00:01.495549,735.6025154863275,advanced,COMPLETE
244,-22529.91644398568,2025-12-07 16:46:52.300176,2025-12-07 16:46:53.751331,0 days 00:00:01.451155,540.3322144986039,advanced,COMPLETE
245,-16555.97228430337,2025-12-07 16:46:53.751331,2025-12-07 16:46:55.253100,0 days 00:00:01.501769,732.6478840738224,advanced,COMPLETE
246,-11950.220871435928,2025-12-07 16:46:55.255107,2025-12-07 16:46:56.740806,0 days 00:00:01.485699,986.1544217180792,advanced,COMPLETE
247,-16792.836170157458,2025-12-07 16:46:56.740806,2025-12-07 16:46:58.238357,0 days 00:00:01.497551,722.8322582206729,advanced,COMPLETE
248,-11904.97914585037,2025-12-07 16:46:58.239357,2025-12-07 16:46:59.820231,0 days 00:00:01.580874,989.446042080507,advanced,COMPLETE
249,-11768.565092141142,2025-12-07 16:46:59.822193,2025-12-07 16:47:01.284343,0 days 00:00:01.462150,999.4992524147805,advanced,COMPLETE
250,-29986.777620224802,2025-12-07 16:47:01.286144,2025-12-07 16:47:02.622846,0 days 00:00:01.336702,397.3795796855871,advanced,COMPLETE
251,-21687.398417556684,2025-12-07 16:47:02.623917,2025-12-07 16:47:04.130189,0 days 00:00:01.506272,561.8758688242522,advanced,COMPLETE
252,-11775.819878722707,2025-12-07 16:47:04.132206,2025-12-07 16:47:05.574733,0 days 00:00:01.442527,998.9596885237036,advanced,COMPLETE
253,-21476.808532294377,2025-12-07 16:47:05.575738,2025-12-07 16:47:07.068638,0 days 00:00:01.492900,567.4896520537374,advanced,COMPLETE
254,-16294.450151790841,2025-12-07 16:47:07.069638,2025-12-07 16:47:08.574760,0 days 00:00:01.505122,743.764787303653,advanced,COMPLETE
255,-11814.157504399505,2025-12-07 16:47:08.575264,2025-12-07 16:47:10.105483,0 days 00:00:01.530219,996.1176127279371,advanced,COMPLETE
256,-27226.39987926392,2025-12-07 16:47:10.106482,2025-12-07 16:47:11.556200,0 days 00:00:01.449718,442.0797200995578,advanced,COMPLETE
257,-17213.10454121826,2025-12-07 16:47:11.557006,2025-12-07 16:47:13.043939,0 days 00:00:01.486933,705.9806930277616,advanced,COMPLETE
258,-11829.420303035964,2025-12-07 16:47:13.044975,2025-12-07 16:47:14.636281,0 days 00:00:01.591306,994.9904376755311,advanced,COMPLETE
259,-22146.571239907575,2025-12-07 16:47:14.636281,2025-12-07 16:47:16.075363,0 days 00:00:01.439082,549.9576628353636,advanced,COMPLETE
260,-16268.422582018633,2025-12-07 16:47:16.075363,2025-12-07 16:47:17.457870,0 days 00:00:01.382507,744.8876775663115,advanced,COMPLETE
261,-34080.578449835186,2025-12-07 16:47:17.461136,2025-12-07 16:47:18.955895,0 days 00:00:01.494759,343.5159859514194,advanced,COMPLETE
262,-11872.74463006494,2025-12-07 16:47:18.956451,2025-12-07 16:47:20.528052,0 days 00:00:01.571601,991.804127649995,advanced,COMPLETE
263,-11883.562188330956,2025-12-07 16:47:20.528052,2025-12-07 16:47:21.995947,0 days 00:00:01.467895,991.0115839836825,advanced,COMPLETE
264,-232679.69839181603,2025-12-07 16:47:21.996952,2025-12-07 16:47:23.496125,0 days 00:00:01.499173,22.258912622141143,advanced,COMPLETE
265,-20865.024782726625,2025-12-07 16:47:23.496125,2025-12-07 16:47:24.965237,0 days 00:00:01.469112,584.3531827072854,advanced,COMPLETE
266,-16791.441365267823,2025-12-07 16:47:24.967023,2025-12-07 16:47:26.477999,0 days 00:00:01.510976,722.8893729870013,advanced,COMPLETE
267,-28186.510748974204,2025-12-07 16:47:26.479004,2025-12-07 16:47:27.971390,0 days 00:00:01.492386,425.6282257810089,advanced,COMPLETE
268,-11904.987781229285,2025-12-07 16:47:27.971390,2025-12-07 16:47:29.450312,0 days 00:00:01.478922,989.4454118018343,advanced,COMPLETE
269,-16536.2420686351,2025-12-07 16:47:29.451604,2025-12-07 16:47:31.056950,0 days 00:00:01.605346,733.4762181702253,advanced,COMPLETE
270,-22028.943537567004,2025-12-07 16:47:31.059727,2025-12-07 16:47:32.614099,0 days 00:00:01.554372,552.9696154156794,advanced,COMPLETE
271,-16420.070609884704,2025-12-07 16:47:32.615107,2025-12-07 16:47:34.086049,0 days 00:00:01.470942,738.3875258777832,advanced,COMPLETE
272,-25915.677098827684,2025-12-07 16:47:34.087354,2025-12-07 16:47:35.589494,0 days 00:00:01.502140,466.3055337829236,advanced,COMPLETE
273,-16546.53532048616,2025-12-07 16:47:35.590500,2025-12-07 16:47:37.115795,0 days 00:00:01.525295,733.0438680727594,advanced,COMPLETE
274,-21889.78370785363,2025-12-07 16:47:37.116839,2025-12-07 16:47:38.651577,0 days 00:00:01.534738,556.5692423975179,advanced,COMPLETE
275,-196297.42450335226,2025-12-07 16:47:38.651577,2025-12-07 16:47:40.140572,0 days 00:00:01.488995,2.162642768083945,advanced,COMPLETE
276,-12217.832887481849,2025-12-07 16:47:40.140572,2025-12-07 16:47:41.624011,0 days 00:00:01.483439,967.102911482399,advanced,COMPLETE
277,-16233.087010288828,2025-12-07 16:47:41.625069,2025-12-07 16:47:43.157311,0 days 00:00:01.532242,746.4169999341871,advanced,COMPLETE
278,-34711.72831174418,2025-12-07 16:47:43.157311,2025-12-07 16:47:44.671064,0 days 00:00:01.513753,336.28073583293565,advanced,COMPLETE
279,-216406.3757615822,2025-12-07 16:47:44.672295,2025-12-07 16:47:46.198914,0 days 00:00:01.526619,0.7766589863539746,advanced,COMPLETE
280,-11959.976933442202,2025-12-07 16:47:46.198914,2025-12-07 16:47:47.703843,0 days 00:00:01.504929,985.4473434855616,advanced,COMPLETE
281,-11773.521366925108,2025-12-07 16:47:47.703843,2025-12-07 16:47:49.242395,0 days 00:00:01.538552,999.130576569544,advanced,COMPLETE
282,-21485.939727687884,2025-12-07 16:47:49.242395,2025-12-07 16:47:50.726940,0 days 00:00:01.484545,567.2442596742713,advanced,COMPLETE
283,-11812.062966510615,2025-12-07 16:47:50.726940,2025-12-07 16:47:52.158903,0 days 00:00:01.431963,996.2724872575751,advanced,COMPLETE
284,-17099.355955014,2025-12-07 16:47:52.159904,2025-12-07 16:47:53.656043,0 days 00:00:01.496139,710.4724253090856,advanced,COMPLETE
285,-28470.867907789794,2025-12-07 16:47:53.658929,2025-12-07 16:47:55.119777,0 days 00:00:01.460848,420.9493879041345,advanced,COMPLETE
286,-16606.894677715416,2025-12-07 16:47:55.119777,2025-12-07 16:47:56.622108,0 days 00:00:01.502331,730.5176974523594,advanced,COMPLETE
287,-21897.294079953776,2025-12-07 16:47:56.624116,2025-12-07 16:47:58.104494,0 days 00:00:01.480378,556.3739576730356,advanced,COMPLETE
288,-16312.837115835942,2025-12-07 16:47:58.104494,2025-12-07 16:48:00.024403,0 days 00:00:01.919909,742.9733543964136,advanced,COMPLETE
289,-21848.236170922017,2025-12-07 16:48:00.025994,2025-12-07 16:48:01.565661,0 days 00:00:01.539667,557.6516690245102,advanced,COMPLETE
290,-11847.594434927667,2025-12-07 16:48:01.566169,2025-12-07 16:48:03.055933,0 days 00:00:01.489764,993.651433392201,advanced,COMPLETE
291,-29546.674386651677,2025-12-07 16:48:03.055933,2025-12-07 16:48:04.492275,0 days 00:00:01.436342,403.99375813322644,advanced,COMPLETE
292,-16601.472205196405,2025-12-07 16:48:04.493974,2025-12-07 16:48:05.958951,0 days 00:00:01.464977,730.7440049448157,advanced,COMPLETE
293,-11779.002535631975,2025-12-07 16:48:05.958951,2025-12-07 16:48:07.408964,0 days 00:00:01.450013,998.7231590217631,advanced,COMPLETE
294,-12043.71683776572,2025-12-07 16:48:07.408964,2025-12-07 16:48:08.901064,0 days 00:00:01.492100,979.417749493799,advanced,COMPLETE
295,-11858.425116381435,2025-12-07 16:48:08.901575,2025-12-07 16:48:10.543629,0 days 00:00:01.642054,992.8551043238703,advanced,COMPLETE
296,-21856.33824203855,2025-12-07 16:48:10.545008,2025-12-07 16:48:12.092270,0 days 00:00:01.547262,557.4403073508188,advanced,COMPLETE
297,-16759.998778868383,2025-12-07 16:48:12.093143,2025-12-07 16:48:13.657977,0 days 00:00:01.564834,724.1790238520898,advanced,COMPLETE
298,-256320.6913024153,2025-12-07 16:48:13.658983,2025-12-07 16:48:15.232653,0 days 00:00:01.573670,7.707437747586905,advanced,COMPLETE
299,-39860.31705129341,2025-12-07 16:48:15.234160,2025-12-07 16:48:16.790910,0 days 00:00:01.556750,285.55665469367165,advanced,COMPLETE
