number,value,datetime_start,datetime_complete,duration,params_ridge_alpha,user_attrs_feature_level,state
0,-33263030.52011223,2025-12-07 16:48:16.793878,2025-12-07 16:48:18.870822,0 days 00:00:02.076944,0.041858227295469716,extensive,COMPLETE
1,-9823.040330334594,2025-12-07 16:48:18.872828,2025-12-07 16:48:20.926767,0 days 00:00:02.053939,451.85609510240965,extensive,COMPLETE
2,-468122.4571242337,2025-12-07 16:48:20.927969,2025-12-07 16:48:22.936047,0 days 00:00:02.008078,13.3032451015229,extensive,COMPLETE
3,-2367218.0335213933,2025-12-07 16:48:22.936047,2025-12-07 16:48:25.038000,0 days 00:00:02.101953,1.55099139875943,extensive,COMPLETE
4,-30833532.399971154,2025-12-07 16:48:25.038000,2025-12-07 16:48:26.993893,0 days 00:00:01.955893,0.0012363188277052211,extensive,COMPLETE
5,-30845383.69032656,2025-12-07 16:48:26.993893,2025-12-07 16:48:29.107734,0 days 00:00:02.113841,0.0012358382772306934,extensive,COMPLETE
6,-106040431.28885442,2025-12-07 16:48:29.110569,2025-12-07 16:48:31.206085,0 days 00:00:02.095516,0.00025502648504032837,extensive,COMPLETE
7,-51601.1485516472,2025-12-07 16:48:31.207090,2025-12-07 16:48:33.257037,0 days 00:00:02.049947,115.67327199145953,extensive,COMPLETE
8,-2268731.395901562,2025-12-07 16:48:33.258041,2025-12-07 16:48:35.260210,0 days 00:00:02.002169,1.6136341713591311,extensive,COMPLETE
9,-601648.8567327327,2025-12-07 16:48:35.261184,2025-12-07 16:48:37.345971,0 days 00:00:02.084787,9.047071957568372,extensive,COMPLETE
10,-6147.703367778892,2025-12-07 16:48:37.346976,2025-12-07 16:48:39.459813,0 days 00:00:02.112837,718.5614470935544,extensive,COMPLETE
11,-13577.785879215613,2025-12-07 16:48:39.461823,2025-12-07 16:48:41.529499,0 days 00:00:02.067676,338.8706842735184,extensive,COMPLETE
12,-7172.166856356415,2025-12-07 16:48:41.531629,2025-12-07 16:48:43.627109,0 days 00:00:02.095480,612.0117715317866,extensive,COMPLETE
13,-168670.32238438367,2025-12-07 16:48:43.627109,2025-12-07 16:48:45.676468,0 days 00:00:02.049359,42.78248928108161,extensive,COMPLETE
14,-5203.005511887935,2025-12-07 16:48:45.676468,2025-12-07 16:48:47.797884,0 days 00:00:02.121416,864.5839377181267,extensive,COMPLETE
15,-26508960.450331394,2025-12-07 16:48:47.797884,2025-12-07 16:48:49.931882,0 days 00:00:02.133998,0.025531292949199733,extensive,COMPLETE
16,-138944.31488344644,2025-12-07 16:48:49.932445,2025-12-07 16:48:52.093964,0 days 00:00:02.161519,51.03761342445244,extensive,COMPLETE
17,-7233462.454922889,2025-12-07 16:48:52.093964,2025-12-07 16:48:54.248260,0 days 00:00:02.154296,0.6053400498632163,extensive,COMPLETE
18,-464057.1366097128,2025-12-07 16:48:54.249264,2025-12-07 16:48:56.396462,0 days 00:00:02.147198,13.472557458267847,extensive,COMPLETE
19,-4741.44123377212,2025-12-07 16:48:56.398500,2025-12-07 16:48:58.473510,0 days 00:00:02.075010,964.0917821827791,extensive,COMPLETE
20,-29804574.283141535,2025-12-07 16:48:58.475518,2025-12-07 16:49:00.511674,0 days 00:00:02.036156,0.12715685875133698,extensive,COMPLETE
21,-6511.502540775677,2025-12-07 16:49:00.513600,2025-12-07 16:49:02.632765,0 days 00:00:02.119165,676.0829634943044,extensive,COMPLETE
22,-52497.818912815856,2025-12-07 16:49:02.632765,2025-12-07 16:49:04.700920,0 days 00:00:02.068155,114.11020267415068,extensive,COMPLETE
23,-5132.476216252692,2025-12-07 16:49:04.700920,2025-12-07 16:49:06.828946,0 days 00:00:02.128026,878.2837156621935,extensive,COMPLETE
24,-33652.26702387572,2025-12-07 16:49:06.830050,2025-12-07 16:49:08.895230,0 days 00:00:02.065180,161.913329039408,extensive,COMPLETE
25,-228471.3462057764,2025-12-07 16:49:08.897061,2025-12-07 16:49:11.007286,0 days 00:00:02.110225,31.807050326647353,extensive,COMPLETE
26,-1177577.9292229635,2025-12-07 16:49:11.007788,2025-12-07 16:49:13.044483,0 days 00:00:02.036695,3.2881108327352506,extensive,COMPLETE
27,-4648.488212200671,2025-12-07 16:49:13.044483,2025-12-07 16:49:15.096827,0 days 00:00:02.052344,987.337322016025,extensive,COMPLETE
28,-30366.848967053113,2025-12-07 16:49:15.097827,2025-12-07 16:49:17.221632,0 days 00:00:02.123805,175.57701770856028,extensive,COMPLETE
29,-34776315.6486356,2025-12-07 16:49:17.221632,2025-12-07 16:49:19.328596,0 days 00:00:02.106964,0.05166059792654139,extensive,COMPLETE
30,-135140.0639187049,2025-12-07 16:49:19.329601,2025-12-07 16:49:21.385305,0 days 00:00:02.055704,52.30948962651508,extensive,COMPLETE
31,-4676.129226469431,2025-12-07 16:49:21.387311,2025-12-07 16:49:23.492307,0 days 00:00:02.104996,980.2957517319637,extensive,COMPLETE
32,-18991.039162158562,2025-12-07 16:49:23.492821,2025-12-07 16:49:25.719838,0 days 00:00:02.227017,255.83558526365496,extensive,COMPLETE
33,-20847.881493510034,2025-12-07 16:49:25.719838,2025-12-07 16:49:27.843895,0 days 00:00:02.124057,237.11303475209897,extensive,COMPLETE
34,-4959.176855205108,2025-12-07 16:49:27.843895,2025-12-07 16:49:29.856122,0 days 00:00:02.012227,914.1194350205664,extensive,COMPLETE
35,-363979.11504614743,2025-12-07 16:49:29.858131,2025-12-07 16:49:31.863060,0 days 00:00:02.004929,18.73142243121762,extensive,COMPLETE
36,-80870.47852479432,2025-12-07 16:49:31.863060,2025-12-07 16:49:33.798307,0 days 00:00:01.935247,80.74148824028408,extensive,COMPLETE
37,-849395.349557099,2025-12-07 16:49:33.800319,2025-12-07 16:49:35.724042,0 days 00:00:01.923723,5.212535701960554,extensive,COMPLETE
38,-7975121.234360491,2025-12-07 16:49:35.724549,2025-12-07 16:49:37.657158,0 days 00:00:01.932609,0.006090362383240358,extensive,COMPLETE
39,-12740.609050132123,2025-12-07 16:49:37.658220,2025-12-07 16:49:39.695318,0 days 00:00:02.037098,358.0484793286321,extensive,COMPLETE
40,-4639.015687699344,2025-12-07 16:49:39.697113,2025-12-07 16:49:41.732452,0 days 00:00:02.035339,989.7763455528143,extensive,COMPLETE
41,-13180.071541802752,2025-12-07 16:49:41.732452,2025-12-07 16:49:43.792126,0 days 00:00:02.059674,347.66991055392435,extensive,COMPLETE
42,-50666.71760912172,2025-12-07 16:49:43.794306,2025-12-07 16:49:45.698659,0 days 00:00:01.904353,117.3536339077416,extensive,COMPLETE
43,-4665.394174687531,2025-12-07 16:49:45.700168,2025-12-07 16:49:47.708883,0 days 00:00:02.008715,983.017249636398,extensive,COMPLETE
44,-15816.8200469134,2025-12-07 16:49:47.708883,2025-12-07 16:49:49.784283,0 days 00:00:02.075400,297.68375110108406,extensive,COMPLETE
45,-4636.2955457754715,2025-12-07 16:49:49.784283,2025-12-07 16:49:51.861802,0 days 00:00:02.077519,990.479209014587,extensive,COMPLETE
46,-9611.8600451935,2025-12-07 16:49:51.862744,2025-12-07 16:49:53.862864,0 days 00:00:02.000120,461.02973991062873,extensive,COMPLETE
47,-304066.4299313997,2025-12-07 16:49:53.864865,2025-12-07 16:49:55.908777,0 days 00:00:02.043912,23.29676504351426,extensive,COMPLETE
48,-94552.14015356703,2025-12-07 16:49:55.908777,2025-12-07 16:49:57.927024,0 days 00:00:02.018247,70.99772233056154,extensive,COMPLETE
49,-10115.945320939934,2025-12-07 16:49:57.927024,2025-12-07 16:49:59.979983,0 days 00:00:02.052959,439.82059764464526,extensive,COMPLETE
50,-32131.460545788676,2025-12-07 16:49:59.979983,2025-12-07 16:50:02.027973,0 days 00:00:02.047990,167.92187259253407,extensive,COMPLETE
51,-5046.286245918829,2025-12-07 16:50:02.027973,2025-12-07 16:50:04.186381,0 days 00:00:02.158408,895.7046097805197,extensive,COMPLETE
52,-91225244.75302018,2025-12-07 16:50:04.187250,2025-12-07 16:50:06.232299,0 days 00:00:02.045049,0.00032090906137060806,extensive,COMPLETE
53,-4762.140118473201,2025-12-07 16:50:06.232809,2025-12-07 16:50:08.219444,0 days 00:00:01.986635,959.0797161804383,extensive,COMPLETE
54,-16325.930154750158,2025-12-07 16:50:08.221272,2025-12-07 16:50:10.264334,0 days 00:00:02.043062,289.8956495321818,extensive,COMPLETE
55,-8632.996370943723,2025-12-07 16:50:10.265550,2025-12-07 16:50:12.297747,0 days 00:00:02.032197,510.0618465199545,extensive,COMPLETE
56,-68324.00076790758,2025-12-07 16:50:12.298753,2025-12-07 16:50:14.414067,0 days 00:00:02.115314,92.53252311374479,extensive,COMPLETE
57,-12866436.46220787,2025-12-07 16:50:14.414067,2025-12-07 16:50:16.431950,0 days 00:00:02.017883,0.36688402991712277,extensive,COMPLETE
58,-8352.67418884592,2025-12-07 16:50:16.432770,2025-12-07 16:50:18.353412,0 days 00:00:01.920642,526.4815822829488,extensive,COMPLETE
59,-33226.649719670066,2025-12-07 16:50:18.353412,2025-12-07 16:50:20.314305,0 days 00:00:01.960893,163.54454950995517,extensive,COMPLETE
60,-6843.100683399421,2025-12-07 16:50:20.315816,2025-12-07 16:50:22.547060,0 days 00:00:02.231244,642.0790700824111,extensive,COMPLETE
61,-5116.83563018768,2025-12-07 16:50:22.547060,2025-12-07 16:50:24.675307,0 days 00:00:02.128247,881.3883257002385,extensive,COMPLETE
62,-4618.746247308703,2025-12-07 16:50:24.675307,2025-12-07 16:50:26.730072,0 days 00:00:02.054765,995.0405345030265,extensive,COMPLETE
63,-8525.105043927373,2025-12-07 16:50:26.730072,2025-12-07 16:50:28.788655,0 days 00:00:02.058583,516.237566274939,extensive,COMPLETE
64,-24060.10911616152,2025-12-07 16:50:28.791032,2025-12-07 16:50:30.844689,0 days 00:00:02.053657,211.26404454024362,extensive,COMPLETE
65,-11350.53853792761,2025-12-07 16:50:30.844689,2025-12-07 16:50:32.932150,0 days 00:00:02.087461,396.3839434505235,extensive,COMPLETE
66,-46655.830678086284,2025-12-07 16:50:32.932720,2025-12-07 16:50:34.995020,0 days 00:00:02.062300,125.23296513109266,extensive,COMPLETE
67,-174972.66883669852,2025-12-07 16:50:34.996773,2025-12-07 16:50:36.996309,0 days 00:00:01.999536,41.33638470770049,extensive,COMPLETE
68,-20471.93819036566,2025-12-07 16:50:36.996309,2025-12-07 16:50:38.994570,0 days 00:00:01.998261,240.6403751641862,extensive,COMPLETE
69,-7244.782678966865,2025-12-07 16:50:38.994570,2025-12-07 16:50:41.016635,0 days 00:00:02.022065,605.8097892325943,extensive,COMPLETE
70,-4731.85136492545,2025-12-07 16:50:41.016635,2025-12-07 16:50:43.054816,0 days 00:00:02.038181,966.4337008444835,extensive,COMPLETE
71,-5033.605545955928,2025-12-07 16:50:43.056823,2025-12-07 16:50:45.062787,0 days 00:00:02.005964,898.3334744727946,extensive,COMPLETE
72,-7640.065978022884,2025-12-07 16:50:45.065099,2025-12-07 16:50:47.046760,0 days 00:00:01.981661,574.4530960322188,extensive,COMPLETE
73,-14430.249351714318,2025-12-07 16:50:47.046760,2025-12-07 16:50:49.030359,0 days 00:00:01.983599,321.6719686115905,extensive,COMPLETE
74,-4782.628004623729,2025-12-07 16:50:49.032269,2025-12-07 16:50:51.057773,0 days 00:00:02.025504,954.1754847404105,extensive,COMPLETE
75,-27993.663023744662,2025-12-07 16:50:51.057773,2025-12-07 16:50:53.129492,0 days 00:00:02.071719,187.2571048887136,extensive,COMPLETE
76,-9003363.005768005,2025-12-07 16:50:53.130497,2025-12-07 16:50:55.219286,0 days 00:00:02.088789,0.007676493548583711,extensive,COMPLETE
77,-1853644.3633077263,2025-12-07 16:50:55.220290,2025-12-07 16:50:57.249387,0 days 00:00:02.029097,1.964538236167475,extensive,COMPLETE
78,-12144.323143334854,2025-12-07 16:50:57.250333,2025-12-07 16:50:59.231127,0 days 00:00:01.980794,373.3726099019628,extensive,COMPLETE
79,-111851.69829457393,2025-12-07 16:50:59.232033,2025-12-07 16:51:01.243642,0 days 00:00:02.011609,61.63812860854364,extensive,COMPLETE
80,-7378.814595139592,2025-12-07 16:51:01.246198,2025-12-07 16:51:03.336918,0 days 00:00:02.090720,594.7376648348604,extensive,COMPLETE
81,-4631.009101654898,2025-12-07 16:51:03.338735,2025-12-07 16:51:05.379573,0 days 00:00:02.040838,991.8483535753805,extensive,COMPLETE
82,-4619.3109354462,2025-12-07 16:51:05.381853,2025-12-07 16:51:07.446851,0 days 00:00:02.064998,994.8930389636428,extensive,COMPLETE
83,-18841.006581693095,2025-12-07 16:51:07.448859,2025-12-07 16:51:09.452684,0 days 00:00:02.003825,257.50334083311117,extensive,COMPLETE
84,-6855.098432145406,2025-12-07 16:51:09.452684,2025-12-07 16:51:11.551730,0 days 00:00:02.099046,640.9224175461995,extensive,COMPLETE
85,-47532.78226468596,2025-12-07 16:51:11.552234,2025-12-07 16:51:13.666933,0 days 00:00:02.114699,123.41039436791226,extensive,COMPLETE
86,-11527.860089616557,2025-12-07 16:51:13.668589,2025-12-07 16:51:15.866130,0 days 00:00:02.197541,390.95485007785135,extensive,COMPLETE
87,-6204.602069496456,2025-12-07 16:51:15.871988,2025-12-07 16:51:18.105059,0 days 00:00:02.233071,711.5147962277687,extensive,COMPLETE
88,-4738.74237375397,2025-12-07 16:51:18.106063,2025-12-07 16:51:20.322770,0 days 00:00:02.216707,964.7495875520185,extensive,COMPLETE
89,-19134.702396582295,2025-12-07 16:51:20.322770,2025-12-07 16:51:22.304691,0 days 00:00:01.981921,254.26233502031283,extensive,COMPLETE
90,-12198.780712035796,2025-12-07 16:51:22.305696,2025-12-07 16:51:24.348332,0 days 00:00:02.042636,371.9085548759099,extensive,COMPLETE
91,-4662.452911430482,2025-12-07 16:51:24.350337,2025-12-07 16:51:26.400516,0 days 00:00:02.050179,983.7658327615118,extensive,COMPLETE
92,-9199.035127492574,2025-12-07 16:51:26.401622,2025-12-07 16:51:28.333653,0 days 00:00:01.932031,480.30077805216484,extensive,COMPLETE
93,-6914.984980911243,2025-12-07 16:51:28.334679,2025-12-07 16:51:30.267235,0 days 00:00:01.932556,635.2204576898281,extensive,COMPLETE
94,-6034.290148141504,2025-12-07 16:51:30.268350,2025-12-07 16:51:32.250293,0 days 00:00:01.981943,733.0972352263931,extensive,COMPLETE
95,-10523.78598213844,2025-12-07 16:51:32.252063,2025-12-07 16:51:34.264947,0 days 00:00:02.012884,424.2649049176461,extensive,COMPLETE
96,-4628.451992634018,2025-12-07 16:51:34.265922,2025-12-07 16:51:36.405002,0 days 00:00:02.139080,992.512129354609,extensive,COMPLETE
97,-30564.566254536374,2025-12-07 16:51:36.406007,2025-12-07 16:51:38.440871,0 days 00:00:02.034864,174.67918978310303,extensive,COMPLETE
98,-27330679.694243807,2025-12-07 16:51:38.441874,2025-12-07 16:51:40.368718,0 days 00:00:01.926844,0.1498386150589921,extensive,COMPLETE
99,-66653.43223061679,2025-12-07 16:51:40.369857,2025-12-07 16:51:42.507463,0 days 00:00:02.137606,94.38719222279961,extensive,COMPLETE
100,-13900.059348925823,2025-12-07 16:51:42.508121,2025-12-07 16:51:44.559777,0 days 00:00:02.051656,332.117079858465,extensive,COMPLETE
101,-4662.74071037655,2025-12-07 16:51:44.559777,2025-12-07 16:51:46.598207,0 days 00:00:02.038430,983.6925290280708,extensive,COMPLETE
102,-6438.553959980418,2025-12-07 16:51:46.605955,2025-12-07 16:51:48.597784,0 days 00:00:01.991829,684.1331257019286,extensive,COMPLETE
103,-9056.753887536424,2025-12-07 16:51:48.598791,2025-12-07 16:51:50.633724,0 days 00:00:02.034933,487.3927433776948,extensive,COMPLETE
104,-4617.924427610137,2025-12-07 16:51:50.633724,2025-12-07 16:51:52.698528,0 days 00:00:02.064804,995.2552788964525,extensive,COMPLETE
105,-19263.319298051043,2025-12-07 16:51:52.698528,2025-12-07 16:51:54.853571,0 days 00:00:02.155043,252.87308900770321,extensive,COMPLETE
106,-5957.207941564798,2025-12-07 16:51:54.853571,2025-12-07 16:51:56.985016,0 days 00:00:02.131445,743.3686645142897,extensive,COMPLETE
107,-9440.26816999712,2025-12-07 16:51:56.986211,2025-12-07 16:51:59.118172,0 days 00:00:02.131961,468.8148460794757,extensive,COMPLETE
108,-39020.324372504976,2025-12-07 16:51:59.119591,2025-12-07 16:52:01.164769,0 days 00:00:02.045178,144.12365061732797,extensive,COMPLETE
109,-6227.546907952274,2025-12-07 16:52:01.165274,2025-12-07 16:52:03.180564,0 days 00:00:02.015290,708.7178611002554,extensive,COMPLETE
110,-564285.7340777217,2025-12-07 16:52:03.180564,2025-12-07 16:52:05.200157,0 days 00:00:02.019593,10.018122214206088,extensive,COMPLETE
111,-5748.863947315408,2025-12-07 16:52:05.201529,2025-12-07 16:52:07.351605,0 days 00:00:02.150076,772.8590675357561,extensive,COMPLETE
112,-4818.402715778969,2025-12-07 16:52:07.352109,2025-12-07 16:52:09.287011,0 days 00:00:01.934902,945.7445081711498,extensive,COMPLETE
113,-8430.151034045943,2025-12-07 16:52:09.287011,2025-12-07 16:52:11.422678,0 days 00:00:02.135667,521.8201980443871,extensive,COMPLETE
114,-14663.040421085478,2025-12-07 16:52:11.424376,2025-12-07 16:52:13.501918,0 days 00:00:02.077542,317.32680405136364,extensive,COMPLETE
115,-4755.142751351438,2025-12-07 16:52:13.501918,2025-12-07 16:52:15.590582,0 days 00:00:02.088664,960.7675751282626,extensive,COMPLETE
116,-156294397.71277785,2025-12-07 16:52:15.591586,2025-12-07 16:52:17.603161,0 days 00:00:02.011575,0.00013228445869535238,extensive,COMPLETE
117,-21565.842495003657,2025-12-07 16:52:17.603893,2025-12-07 16:52:19.649654,0 days 00:00:02.045761,230.70310422149043,extensive,COMPLETE
118,-8312.221197211984,2025-12-07 16:52:19.650601,2025-12-07 16:52:21.653308,0 days 00:00:02.002707,528.9545258191813,extensive,COMPLETE
119,-11506.94031945426,2025-12-07 16:52:21.655243,2025-12-07 16:52:23.785874,0 days 00:00:02.130631,391.58618839148903,extensive,COMPLETE
120,-4606.525963346722,2025-12-07 16:52:23.785874,2025-12-07 16:52:25.825961,0 days 00:00:02.040087,998.2443569153445,extensive,COMPLETE
121,-4717.810175534539,2025-12-07 16:52:25.825961,2025-12-07 16:52:27.836090,0 days 00:00:02.010129,969.8855777406006,extensive,COMPLETE
122,-6782.88827212762,2025-12-07 16:52:27.837182,2025-12-07 16:52:29.904826,0 days 00:00:02.067644,647.9577819629725,extensive,COMPLETE
123,-6642.27244696732,2025-12-07 16:52:29.906904,2025-12-07 16:52:31.954294,0 days 00:00:02.047390,662.1853194494983,extensive,COMPLETE
124,-9284.058575991836,2025-12-07 16:52:31.956300,2025-12-07 16:52:34.004209,0 days 00:00:02.047909,476.177419533895,extensive,COMPLETE
125,-4611.772810907701,2025-12-07 16:52:34.005215,2025-12-07 16:52:36.032073,0 days 00:00:02.026858,996.8659834690883,extensive,COMPLETE
126,-15564.640203868541,2025-12-07 16:52:36.032594,2025-12-07 16:52:38.145825,0 days 00:00:02.113231,301.7287600608128,extensive,COMPLETE
127,-4846798.610075032,2025-12-07 16:52:38.145825,2025-12-07 16:52:40.205907,0 days 00:00:02.060082,0.8398747878281033,extensive,COMPLETE
128,-4766.05675219316,2025-12-07 16:52:40.205907,2025-12-07 16:52:42.312815,0 days 00:00:02.106908,958.1378481687956,extensive,COMPLETE
129,-6744.500111475797,2025-12-07 16:52:42.312815,2025-12-07 16:52:44.212966,0 days 00:00:01.900151,651.771344131178,extensive,COMPLETE
130,-25742.97739075414,2025-12-07 16:52:44.214978,2025-12-07 16:52:46.282245,0 days 00:00:02.067267,200.15809767178857,extensive,COMPLETE
131,-10238.22494424774,2025-12-07 16:52:46.283901,2025-12-07 16:52:48.287841,0 days 00:00:02.003940,435.01644315555484,extensive,COMPLETE
132,-4621.025670361542,2025-12-07 16:52:48.288841,2025-12-07 16:52:50.301186,0 days 00:00:02.012345,994.4454498566239,extensive,COMPLETE
133,-6234.112659778435,2025-12-07 16:52:50.302359,2025-12-07 16:52:52.384643,0 days 00:00:02.082284,707.9221515117392,extensive,COMPLETE
134,-30431192.182278078,2025-12-07 16:52:52.385595,2025-12-07 16:52:54.405713,0 days 00:00:02.020118,0.001252818735576637,extensive,COMPLETE
135,-8636.131114011263,2025-12-07 16:52:54.407044,2025-12-07 16:52:56.414916,0 days 00:00:02.007872,509.8850035702318,extensive,COMPLETE
136,-4771.409227293117,2025-12-07 16:52:56.414916,2025-12-07 16:52:58.416175,0 days 00:00:02.001259,956.8540142007728,extensive,COMPLETE
137,-4602.456648443647,2025-12-07 16:52:58.417621,2025-12-07 16:53:00.494001,0 days 00:00:02.076380,999.3162954777592,extensive,COMPLETE
138,-13121.116335681452,2025-12-07 16:53:00.494001,2025-12-07 16:53:02.523896,0 days 00:00:02.029895,349.02074593232817,extensive,COMPLETE
139,-6439.145576280687,2025-12-07 16:53:02.525903,2025-12-07 16:53:04.664863,0 days 00:00:02.138960,684.0669480331142,extensive,COMPLETE
140,-8057.079715885698,2025-12-07 16:53:04.664863,2025-12-07 16:53:06.734605,0 days 00:00:02.069742,545.2034465746475,extensive,COMPLETE
141,-4832.898196377104,2025-12-07 16:53:06.735308,2025-12-07 16:53:08.815760,0 days 00:00:02.080452,942.3754203626982,extensive,COMPLETE
142,-6064.036806395544,2025-12-07 16:53:08.816769,2025-12-07 16:53:10.895705,0 days 00:00:02.078936,729.2197242954063,extensive,COMPLETE
143,-4653.362980723575,2025-12-07 16:53:10.895705,2025-12-07 16:53:12.949386,0 days 00:00:02.053681,986.0873313038312,extensive,COMPLETE
144,-8169.950569560559,2025-12-07 16:53:12.949897,2025-12-07 16:53:15.056387,0 days 00:00:02.106490,537.8727290125437,extensive,COMPLETE
145,-4606.404088024454,2025-12-07 16:53:15.057448,2025-12-07 16:53:17.163757,0 days 00:00:02.106309,998.2764243292592,extensive,COMPLETE
146,-11497.791935330291,2025-12-07 16:53:17.165263,2025-12-07 16:53:19.215247,0 days 00:00:02.049984,391.86303752560866,extensive,COMPLETE
147,-6172.532182391419,2025-12-07 16:53:19.216253,2025-12-07 16:53:21.270588,0 days 00:00:02.054335,715.4668724181043,extensive,COMPLETE
148,-17149.978836755046,2025-12-07 16:53:21.271588,2025-12-07 16:53:23.288509,0 days 00:00:02.016921,278.2582065411964,extensive,COMPLETE
149,-10798.358694667695,2025-12-07 16:53:23.290517,2025-12-07 16:53:25.322972,0 days 00:00:02.032455,414.50104905987484,extensive,COMPLETE
150,-4603.46339926222,2025-12-07 16:53:25.323977,2025-12-07 16:53:27.238495,0 days 00:00:01.914518,999.0508601182426,extensive,COMPLETE
151,-5969.631859060698,2025-12-07 16:53:27.238495,2025-12-07 16:53:29.254980,0 days 00:00:02.016485,741.690886211796,extensive,COMPLETE
152,-4786.2612332170165,2025-12-07 16:53:29.256203,2025-12-07 16:53:31.237131,0 days 00:00:01.980928,953.3116108379115,extensive,COMPLETE
153,-7936.492263932359,2025-12-07 16:53:31.240428,2025-12-07 16:53:33.118940,0 days 00:00:01.878512,553.2990325933272,extensive,COMPLETE
154,-6411.4243468679115,2025-12-07 16:53:33.118940,2025-12-07 16:53:35.166095,0 days 00:00:02.047155,687.1837673067986,extensive,COMPLETE
155,-8401.356928144121,2025-12-07 16:53:35.166095,2025-12-07 16:53:37.235558,0 days 00:00:02.069463,523.5412469038753,extensive,COMPLETE
156,-14463.113959941838,2025-12-07 16:53:37.237419,2025-12-07 16:53:39.301653,0 days 00:00:02.064234,321.0499882875499,extensive,COMPLETE
157,-4779.297264541132,2025-12-07 16:53:39.301653,2025-12-07 16:53:41.302089,0 days 00:00:02.000436,954.968968984218,extensive,COMPLETE
158,-6106.357106641201,2025-12-07 16:53:41.303094,2025-12-07 16:53:43.345512,0 days 00:00:02.042418,723.7835332253625,extensive,COMPLETE
