number,value,datetime_start,datetime_complete,duration,params_ridge_alpha,user_attrs_feature_level,state
0,-27.265304495108367,2025-12-07 16:31:46.146963,2025-12-07 16:31:46.380163,0 days 00:00:00.233200,0.041858227295469716,simple,COMPLETE
1,-0.29251969035470743,2025-12-07 16:31:46.380163,2025-12-07 16:31:46.585969,0 days 00:00:00.205806,451.85609510240965,simple,COMPLETE
2,-10.558504850971232,2025-12-07 16:31:46.585969,2025-12-07 16:31:46.813922,0 days 00:00:00.227953,13.3032451015229,simple,COMPLETE
3,-23.464831700004186,2025-12-07 16:31:46.815427,2025-12-07 16:31:47.046399,0 days 00:00:00.230972,1.55099139875943,simple,COMPLETE
4,-27.388200555785613,2025-12-07 16:31:47.046399,2025-12-07 16:31:47.265644,0 days 00:00:00.219245,0.0012363188277052211,simple,COMPLETE
5,-27.388202021977254,2025-12-07 16:31:47.266155,2025-12-07 16:31:47.498084,0 days 00:00:00.231929,0.0012358382772306934,simple,COMPLETE
6,-27.391195134112376,2025-12-07 16:31:47.498594,2025-12-07 16:31:47.718583,0 days 00:00:00.219989,0.00025502648504032837,simple,COMPLETE
7,-1.2636827786531806,2025-12-07 16:31:47.718583,2025-12-07 16:31:47.946841,0 days 00:00:00.228258,115.67327199145953,simple,COMPLETE
8,-23.330060195246734,2025-12-07 16:31:47.946841,2025-12-07 16:31:48.164503,0 days 00:00:00.217662,1.6136341713591311,simple,COMPLETE
9,-13.456914753521529,2025-12-07 16:31:48.165011,2025-12-07 16:31:48.396124,0 days 00:00:00.231113,9.047071957568372,simple,COMPLETE
10,-0.17353005268606805,2025-12-07 16:31:48.396124,2025-12-07 16:31:48.630518,0 days 00:00:00.234394,718.5614470935544,simple,COMPLETE
11,-0.4013122770995338,2025-12-07 16:31:48.630518,2025-12-07 16:31:48.863246,0 days 00:00:00.232728,338.8706842735184,simple,COMPLETE
12,-0.20816290962820702,2025-12-07 16:31:48.863246,2025-12-07 16:31:49.096062,0 days 00:00:00.232816,612.0117715317866,simple,COMPLETE
13,-3.695225997389431,2025-12-07 16:31:49.096062,2025-12-07 16:31:49.331737,0 days 00:00:00.235675,42.78248928108161,simple,COMPLETE
14,-0.14060594304721352,2025-12-07 16:31:49.332281,2025-12-07 16:31:49.548018,0 days 00:00:00.215737,864.5839377181267,simple,COMPLETE
15,-27.314456383478575,2025-12-07 16:31:49.548018,2025-12-07 16:31:49.763732,0 days 00:00:00.215714,0.025531292949199733,simple,COMPLETE
16,-3.063274345198561,2025-12-07 16:31:49.763732,2025-12-07 16:31:49.982577,0 days 00:00:00.218845,51.03761342445244,simple,COMPLETE
17,-25.702087062896766,2025-12-07 16:31:49.983584,2025-12-07 16:31:50.198696,0 days 00:00:00.215112,0.6053400498632163,simple,COMPLETE
18,-10.465006007601568,2025-12-07 16:31:50.198696,2025-12-07 16:31:50.413309,0 days 00:00:00.214613,13.472557458267847,simple,COMPLETE
19,-0.12423479942800124,2025-12-07 16:31:50.413309,2025-12-07 16:31:50.631345,0 days 00:00:00.218036,964.0917821827791,simple,COMPLETE
20,-27.01315888806201,2025-12-07 16:31:50.631855,2025-12-07 16:31:50.836139,0 days 00:00:00.204284,0.12715685875133698,simple,COMPLETE
21,-0.18596190403067295,2025-12-07 16:31:50.836139,2025-12-07 16:31:51.063867,0 days 00:00:00.227728,676.0829634943044,simple,COMPLETE
22,-1.2822557687000826,2025-12-07 16:31:51.064875,2025-12-07 16:31:51.280053,0 days 00:00:00.215178,114.11020267415068,simple,COMPLETE
23,-0.13811459461524822,2025-12-07 16:31:51.280053,2025-12-07 16:31:51.497240,0 days 00:00:00.217187,878.2837156621935,simple,COMPLETE
24,-0.8830967338995369,2025-12-07 16:31:51.497240,2025-12-07 16:31:51.714026,0 days 00:00:00.216786,161.913329039408,simple,COMPLETE
25,-5.00613104434638,2025-12-07 16:31:51.715033,2025-12-07 16:31:51.917608,0 days 00:00:00.202575,31.807050326647353,simple,COMPLETE
26,-20.193568067121575,2025-12-07 16:31:51.917608,2025-12-07 16:31:52.131372,0 days 00:00:00.213764,3.2881108327352506,simple,COMPLETE
27,-0.12092115847415215,2025-12-07 16:31:52.131884,2025-12-07 16:31:52.348788,0 days 00:00:00.216904,987.337322016025,simple,COMPLETE
28,-0.8104112147402057,2025-12-07 16:31:52.348788,2025-12-07 16:31:52.564014,0 days 00:00:00.215226,175.57701770856028,simple,COMPLETE
29,-27.235942567654927,2025-12-07 16:31:52.565021,2025-12-07 16:31:52.798059,0 days 00:00:00.233038,0.05166059792654139,simple,COMPLETE
30,-2.983350666796293,2025-12-07 16:31:52.798059,2025-12-07 16:31:53.015760,0 days 00:00:00.217701,52.30948962651508,simple,COMPLETE
31,-0.12190700177437337,2025-12-07 16:31:53.016267,2025-12-07 16:31:53.231236,0 days 00:00:00.214969,980.2957517319637,simple,COMPLETE
32,-0.5432474224304779,2025-12-07 16:31:53.231742,2025-12-07 16:31:53.447412,0 days 00:00:00.215670,255.83558526365496,simple,COMPLETE
33,-0.5891288731216104,2025-12-07 16:31:53.447412,2025-12-07 16:31:53.665663,0 days 00:00:00.218251,237.11303475209897,simple,COMPLETE
34,-0.1319765157646581,2025-12-07 16:31:53.666171,2025-12-07 16:31:53.912846,0 days 00:00:00.246675,914.1194350205664,simple,COMPLETE
35,-8.126864940099209,2025-12-07 16:31:53.912846,2025-12-07 16:31:54.145249,0 days 00:00:00.232403,18.73142243121762,simple,COMPLETE
36,-1.8631349706912264,2025-12-07 16:31:54.145249,2025-12-07 16:31:54.364616,0 days 00:00:00.219367,80.74148824028408,simple,COMPLETE
37,-17.407648451572953,2025-12-07 16:31:54.365179,2025-12-07 16:31:54.582673,0 days 00:00:00.217494,5.212535701960554,simple,COMPLETE
38,-27.373406351248644,2025-12-07 16:31:54.582673,2025-12-07 16:31:54.814336,0 days 00:00:00.231663,0.006090362383240358,simple,COMPLETE
39,-0.3779511642145083,2025-12-07 16:31:54.814898,2025-12-07 16:31:55.048792,0 days 00:00:00.233894,358.0484793286321,simple,COMPLETE
40,-0.1205832226123947,2025-12-07 16:31:55.048792,2025-12-07 16:31:55.281696,0 days 00:00:00.232904,989.7763455528143,simple,COMPLETE
41,-0.39027101030451306,2025-12-07 16:31:55.282331,2025-12-07 16:31:55.513747,0 days 00:00:00.231416,347.66991055392435,simple,COMPLETE
42,-1.2442990108591345,2025-12-07 16:31:55.513747,2025-12-07 16:31:55.729606,0 days 00:00:00.215859,117.3536339077416,simple,COMPLETE
43,-0.12152417249928986,2025-12-07 16:31:55.729606,2025-12-07 16:31:55.948147,0 days 00:00:00.218541,983.017249636398,simple,COMPLETE
44,-0.4617428537874237,2025-12-07 16:31:55.948147,2025-12-07 16:31:56.151611,0 days 00:00:00.203464,297.68375110108406,simple,COMPLETE
45,-0.12048617228526075,2025-12-07 16:31:56.151611,2025-12-07 16:31:56.364096,0 days 00:00:00.212485,990.479209014587,simple,COMPLETE
46,-0.2860580275660272,2025-12-07 16:31:56.365621,2025-12-07 16:31:56.596241,0 days 00:00:00.230620,461.02973991062873,simple,COMPLETE
47,-6.728224991739527,2025-12-07 16:31:56.596241,2025-12-07 16:31:56.831263,0 days 00:00:00.235022,23.29676504351426,simple,COMPLETE
48,-2.142717425896118,2025-12-07 16:31:56.831768,2025-12-07 16:31:57.063989,0 days 00:00:00.232221,70.99772233056154,simple,COMPLETE
49,-0.30141419522384255,2025-12-07 16:31:57.065001,2025-12-07 16:31:57.281322,0 days 00:00:00.216321,439.82059764464526,simple,COMPLETE
50,-0.8496249498116427,2025-12-07 16:31:57.281828,2025-12-07 16:31:57.513968,0 days 00:00:00.232140,167.92187259253407,simple,COMPLETE
51,-0.13506467565561672,2025-12-07 16:31:57.514976,2025-12-07 16:31:57.734495,0 days 00:00:00.219519,895.7046097805197,simple,COMPLETE
52,-27.390994042149032,2025-12-07 16:31:57.734495,2025-12-07 16:31:57.964057,0 days 00:00:00.229562,0.00032090906137060806,simple,COMPLETE
53,-0.12497203334647966,2025-12-07 16:31:57.965065,2025-12-07 16:31:58.196338,0 days 00:00:00.231273,959.0797161804383,simple,COMPLETE
54,-0.47511498934901786,2025-12-07 16:31:58.198068,2025-12-07 16:31:58.432666,0 days 00:00:00.234598,289.8956495321818,simple,COMPLETE
55,-0.2555462049604896,2025-12-07 16:31:58.432666,2025-12-07 16:31:58.663162,0 days 00:00:00.230496,510.0618465199545,simple,COMPLETE
56,-1.6071551903656764,2025-12-07 16:31:58.663162,2025-12-07 16:31:58.882547,0 days 00:00:00.219385,92.53252311374479,simple,COMPLETE
57,-26.337125485560893,2025-12-07 16:31:58.883554,2025-12-07 16:31:59.114813,0 days 00:00:00.231259,0.36688402991712277,simple,COMPLETE
58,-0.24663079482616226,2025-12-07 16:31:59.116428,2025-12-07 16:31:59.381292,0 days 00:00:00.264864,526.4815822829488,simple,COMPLETE
59,-0.8737574347025153,2025-12-07 16:31:59.381799,2025-12-07 16:31:59.613560,0 days 00:00:00.231761,163.54454950995517,simple,COMPLETE
60,-0.197165901759212,2025-12-07 16:31:59.613560,2025-12-07 16:31:59.836573,0 days 00:00:00.223013,642.0790700824111,simple,COMPLETE
61,-0.13756156857701693,2025-12-07 16:31:59.836573,2025-12-07 16:32:00.064182,0 days 00:00:00.227609,881.3883257002385,simple,COMPLETE
62,-0.11985995424198803,2025-12-07 16:32:00.065193,2025-12-07 16:32:00.297580,0 days 00:00:00.232387,995.0405345030265,simple,COMPLETE
63,-0.2521244616764629,2025-12-07 16:32:00.297580,2025-12-07 16:32:00.531949,0 days 00:00:00.234369,516.237566274939,simple,COMPLETE
64,-0.6660511373172139,2025-12-07 16:32:00.531949,2025-12-07 16:32:00.762880,0 days 00:00:00.230931,211.26404454024362,simple,COMPLETE
65,-0.3380879796142706,2025-12-07 16:32:00.762880,2025-12-07 16:32:00.998174,0 days 00:00:00.235294,396.3839434505235,simple,COMPLETE
66,-1.1607151391395134,2025-12-07 16:32:00.998174,2025-12-07 16:32:01.231717,0 days 00:00:00.233543,125.23296513109266,simple,COMPLETE
67,-3.8309203983227884,2025-12-07 16:32:01.232368,2025-12-07 16:32:01.451896,0 days 00:00:00.219528,41.33638470770049,simple,COMPLETE
68,-0.5799321407967939,2025-12-07 16:32:01.451896,2025-12-07 16:32:01.681736,0 days 00:00:00.229840,240.6403751641862,simple,COMPLETE
69,-0.2105733511511331,2025-12-07 16:32:01.682264,2025-12-07 16:32:01.914254,0 days 00:00:00.231990,605.8097892325943,simple,COMPLETE
70,-0.12389315293076512,2025-12-07 16:32:01.915261,2025-12-07 16:32:02.131104,0 days 00:00:00.215843,966.4337008444835,simple,COMPLETE
71,-0.13461547429598086,2025-12-07 16:32:02.132039,2025-12-07 16:32:02.363951,0 days 00:00:00.231912,898.3334744727946,simple,COMPLETE
72,-0.22359186760801575,2025-12-07 16:32:02.364958,2025-12-07 16:32:02.486002,0 days 00:00:00.121044,574.4530960322188,simple,COMPLETE
73,-0.4246514205143593,2025-12-07 16:32:02.486002,2025-12-07 16:32:02.731446,0 days 00:00:00.245444,321.6719686115905,simple,COMPLETE
74,-0.12570150505992275,2025-12-07 16:32:02.731954,2025-12-07 16:32:02.948134,0 days 00:00:00.216180,954.1754847404105,simple,COMPLETE
75,-0.7569425735823515,2025-12-07 16:32:02.948134,2025-12-07 16:32:03.164217,0 days 00:00:00.216083,187.2571048887136,simple,COMPLETE
76,-27.36857881139849,2025-12-07 16:32:03.165228,2025-12-07 16:32:03.382379,0 days 00:00:00.217151,0.007676493548583711,simple,COMPLETE
77,-22.60144526473542,2025-12-07 16:32:03.382379,2025-12-07 16:32:03.615447,0 days 00:00:00.233068,1.964538236167475,simple,COMPLETE
78,-0.3610239052845626,2025-12-07 16:32:03.616457,2025-12-07 16:32:03.847224,0 days 00:00:00.230767,373.3726099019628,simple,COMPLETE
79,-2.4985203434977206,2025-12-07 16:32:03.847224,2025-12-07 16:32:04.082467,0 days 00:00:00.235243,61.63812860854364,simple,COMPLETE
80,-0.21500704362132783,2025-12-07 16:32:04.083471,2025-12-07 16:32:04.314154,0 days 00:00:00.230683,594.7376648348604,simple,COMPLETE
81,-0.12029754996121082,2025-12-07 16:32:04.315162,2025-12-07 16:32:04.532408,0 days 00:00:00.217246,991.8483535753805,simple,COMPLETE
82,-0.11988010653807042,2025-12-07 16:32:04.532408,2025-12-07 16:32:04.762687,0 days 00:00:00.230279,994.8930389636428,simple,COMPLETE
83,-0.5394876255301247,2025-12-07 16:32:04.762687,2025-12-07 16:32:04.982609,0 days 00:00:00.219922,257.50334083311117,simple,COMPLETE
84,-0.19756897983004004,2025-12-07 16:32:04.983617,2025-12-07 16:32:05.216958,0 days 00:00:00.233341,640.9224175461995,simple,COMPLETE
85,-1.1790483633867626,2025-12-07 16:32:05.216958,2025-12-07 16:32:05.447233,0 days 00:00:00.230275,123.41039436791226,simple,COMPLETE
86,-0.3432531352357124,2025-12-07 16:32:05.447233,2025-12-07 16:32:05.685975,0 days 00:00:00.238742,390.95485007785135,simple,COMPLETE
87,-0.1754839349199094,2025-12-07 16:32:05.685975,2025-12-07 16:32:05.913521,0 days 00:00:00.227546,711.5147962277687,simple,COMPLETE
88,-0.12413865573633835,2025-12-07 16:32:05.913521,2025-12-07 16:32:06.131562,0 days 00:00:00.218041,964.7495875520185,simple,COMPLETE
89,-0.5468398532365797,2025-12-07 16:32:06.132596,2025-12-07 16:32:06.364480,0 days 00:00:00.231884,254.26233502031283,simple,COMPLETE
90,-0.36258027080625155,2025-12-07 16:32:06.364986,2025-12-07 16:32:06.598263,0 days 00:00:00.233277,371.9085548759099,simple,COMPLETE
91,-0.12141927189320752,2025-12-07 16:32:06.598263,2025-12-07 16:32:06.815551,0 days 00:00:00.217288,983.7658327615118,simple,COMPLETE
92,-0.2733046724753054,2025-12-07 16:32:06.816559,2025-12-07 16:32:07.032754,0 days 00:00:00.216195,480.30077805216484,simple,COMPLETE
93,-0.19957852935484718,2025-12-07 16:32:07.033765,2025-12-07 16:32:07.263604,0 days 00:00:00.229839,635.2204576898281,simple,COMPLETE
94,-0.16962511081353263,2025-12-07 16:32:07.263604,2025-12-07 16:32:07.498845,0 days 00:00:00.235241,733.0972352263931,simple,COMPLETE
95,-0.31367166995555334,2025-12-07 16:32:07.499856,2025-12-07 16:32:07.730600,0 days 00:00:00.230744,424.2649049176461,simple,COMPLETE
96,-0.12020630643204082,2025-12-07 16:32:07.731610,2025-12-07 16:32:07.964097,0 days 00:00:00.232487,992.512129354609,simple,COMPLETE
97,-0.8148265714875432,2025-12-07 16:32:07.965129,2025-12-07 16:32:08.198674,0 days 00:00:00.233545,174.67918978310303,simple,COMPLETE
98,-26.947281557724253,2025-12-07 16:32:08.198674,2025-12-07 16:32:08.431094,0 days 00:00:00.232420,0.1498386150589921,simple,COMPLETE
99,-1.5730266896031138,2025-12-07 16:32:08.431603,2025-12-07 16:32:08.664046,0 days 00:00:00.232443,94.38719222279961,simple,COMPLETE
100,-0.4101867299874083,2025-12-07 16:32:08.665053,2025-12-07 16:32:08.884371,0 days 00:00:00.219318,332.117079858465,simple,COMPLETE
101,-0.12142953648320372,2025-12-07 16:32:08.884371,2025-12-07 16:32:09.115481,0 days 00:00:00.231110,983.6925290280708,simple,COMPLETE
102,-0.18348072679154778,2025-12-07 16:32:09.116490,2025-12-07 16:32:09.347526,0 days 00:00:00.231036,684.1331257019286,simple,COMPLETE
103,-0.2688709348737561,2025-12-07 16:32:09.347526,2025-12-07 16:32:09.563662,0 days 00:00:00.216136,487.3927433776948,simple,COMPLETE
104,-0.11983062529554145,2025-12-07 16:32:09.563662,2025-12-07 16:32:09.782601,0 days 00:00:00.218939,995.2552788964525,simple,COMPLETE
105,-0.5500496852403436,2025-12-07 16:32:09.783608,2025-12-07 16:32:10.013857,0 days 00:00:00.230249,252.87308900770321,simple,COMPLETE
106,-0.16696328464961904,2025-12-07 16:32:10.014866,2025-12-07 16:32:10.248628,0 days 00:00:00.233762,743.3686645142897,simple,COMPLETE
107,-0.2807768703000357,2025-12-07 16:32:10.248628,2025-12-07 16:32:10.483750,0 days 00:00:00.235122,468.8148460794757,simple,COMPLETE
108,-0.999279294280026,2025-12-07 16:32:10.484263,2025-12-07 16:32:10.713902,0 days 00:00:00.229639,144.12365061732797,simple,COMPLETE
109,-0.17627086223585006,2025-12-07 16:32:10.715421,2025-12-07 16:32:10.947128,0 days 00:00:00.231707,708.7178611002554,simple,COMPLETE
110,-12.688174149394934,2025-12-07 16:32:10.947128,2025-12-07 16:32:11.181249,0 days 00:00:00.234121,10.018122214206088,simple,COMPLETE
111,-0.15973774127470594,2025-12-07 16:32:11.181759,2025-12-07 16:32:11.430642,0 days 00:00:00.248883,772.8590675357561,simple,COMPLETE
112,-0.12697465769868996,2025-12-07 16:32:11.431655,2025-12-07 16:32:11.663869,0 days 00:00:00.232214,945.7445081711498,simple,COMPLETE
113,-0.2491030520570844,2025-12-07 16:32:11.664880,2025-12-07 16:32:11.898044,0 days 00:00:00.233164,521.8201980443871,simple,COMPLETE
114,-0.430951264842675,2025-12-07 16:32:11.898044,2025-12-07 16:32:12.129885,0 days 00:00:00.231841,317.32680405136364,simple,COMPLETE
115,-0.12472283529870613,2025-12-07 16:32:12.129885,2025-12-07 16:32:12.363983,0 days 00:00:00.234098,960.7675751282626,simple,COMPLETE
116,-27.391569792359615,2025-12-07 16:32:12.364990,2025-12-07 16:32:12.585173,0 days 00:00:00.220183,0.00013228445869535238,simple,COMPLETE
117,-0.6065713292882424,2025-12-07 16:32:12.585173,2025-12-07 16:32:12.814293,0 days 00:00:00.229120,230.70310422149043,simple,COMPLETE
118,-0.24533745383439212,2025-12-07 16:32:12.815308,2025-12-07 16:32:13.047544,0 days 00:00:00.232236,528.9545258191813,simple,COMPLETE
119,-0.3426450402331714,2025-12-07 16:32:13.047544,2025-12-07 16:32:13.282562,0 days 00:00:00.235018,391.58618839148903,simple,COMPLETE
120,-0.11942380589328365,2025-12-07 16:32:13.282562,2025-12-07 16:32:13.514094,0 days 00:00:00.231532,998.2443569153445,simple,COMPLETE
121,-0.12339283123451013,2025-12-07 16:32:13.515105,2025-12-07 16:32:13.747073,0 days 00:00:00.231968,969.8855777406006,simple,COMPLETE
122,-0.19514056642669342,2025-12-07 16:32:13.747073,2025-12-07 16:32:13.980317,0 days 00:00:00.233244,647.9577819629725,simple,COMPLETE
123,-0.1903949721271987,2025-12-07 16:32:13.980317,2025-12-07 16:32:14.200213,0 days 00:00:00.219896,662.1853194494983,simple,COMPLETE
124,-0.27594469790911286,2025-12-07 16:32:14.201284,2025-12-07 16:32:14.431021,0 days 00:00:00.229737,476.177419533895,simple,COMPLETE
125,-0.11961107731683847,2025-12-07 16:32:14.432031,2025-12-07 16:32:14.663409,0 days 00:00:00.231378,996.8659834690883,simple,COMPLETE
126,-0.455071919823945,2025-12-07 16:32:14.663409,2025-12-07 16:32:14.898200,0 days 00:00:00.234791,301.7287600608128,simple,COMPLETE
127,-25.10822342261658,2025-12-07 16:32:14.898200,2025-12-07 16:32:15.130034,0 days 00:00:00.231834,0.8398747878281033,simple,COMPLETE
128,-0.12511150437656768,2025-12-07 16:32:15.130034,2025-12-07 16:32:15.349640,0 days 00:00:00.219606,958.1378481687956,simple,COMPLETE
129,-0.19384720776732464,2025-12-07 16:32:15.350147,2025-12-07 16:32:15.580065,0 days 00:00:00.229918,651.771344131178,simple,COMPLETE
130,-0.7053252493498103,2025-12-07 16:32:15.580065,2025-12-07 16:32:15.786301,0 days 00:00:00.206236,200.15809767178857,simple,COMPLETE
131,-0.3051045837282094,2025-12-07 16:32:15.786301,2025-12-07 16:32:16.016895,0 days 00:00:00.230594,435.01644315555484,simple,COMPLETE
132,-0.11994130016577365,2025-12-07 16:32:16.016895,2025-12-07 16:32:16.249681,0 days 00:00:00.232786,994.4454498566239,simple,COMPLETE
133,-0.1764959393586573,2025-12-07 16:32:16.250965,2025-12-07 16:32:16.479668,0 days 00:00:00.228703,707.9221515117392,simple,COMPLETE
134,-27.38815021455621,2025-12-07 16:32:16.479668,2025-12-07 16:32:16.715487,0 days 00:00:00.235819,0.001252818735576637,simple,COMPLETE
135,-0.25564544330419087,2025-12-07 16:32:16.716497,2025-12-07 16:32:16.946077,0 days 00:00:00.229580,509.8850035702318,simple,COMPLETE
136,-0.12530209100726872,2025-12-07 16:32:16.946077,2025-12-07 16:32:17.181452,0 days 00:00:00.235375,956.8540142007728,simple,COMPLETE
137,-0.11927855426468163,2025-12-07 16:32:17.181959,2025-12-07 16:32:17.416645,0 days 00:00:00.234686,999.3162954777592,simple,COMPLETE
138,-0.3886256730777742,2025-12-07 16:32:17.416645,2025-12-07 16:32:17.649400,0 days 00:00:00.232755,349.02074593232817,simple,COMPLETE
139,-0.1835008729009112,2025-12-07 16:32:17.649912,2025-12-07 16:32:17.869457,0 days 00:00:00.219545,684.0669480331142,simple,COMPLETE
140,-0.23714030659979382,2025-12-07 16:32:17.869457,2025-12-07 16:32:18.098641,0 days 00:00:00.229184,545.2034465746475,simple,COMPLETE
141,-0.1274902983304457,2025-12-07 16:32:18.098641,2025-12-07 16:32:18.331701,0 days 00:00:00.233060,942.3754203626982,simple,COMPLETE
142,-0.1706506495760324,2025-12-07 16:32:18.331701,2025-12-07 16:32:18.564247,0 days 00:00:00.232546,729.2197242954063,simple,COMPLETE
143,-0.12109505012860744,2025-12-07 16:32:18.565257,2025-12-07 16:32:18.797939,0 days 00:00:00.232682,986.0873313038312,simple,COMPLETE
144,-0.24077513766482883,2025-12-07 16:32:18.797939,2025-12-07 16:32:19.015802,0 days 00:00:00.217863,537.8727290125437,simple,COMPLETE
145,-0.11941945574327935,2025-12-07 16:32:19.016313,2025-12-07 16:32:19.248386,0 days 00:00:00.232073,998.2764243292592,simple,COMPLETE
146,-0.3423790090145599,2025-12-07 16:32:19.248386,2025-12-07 16:32:19.500592,0 days 00:00:00.252206,391.86303752560866,simple,COMPLETE
147,-0.1743830955768005,2025-12-07 16:32:19.501099,2025-12-07 16:32:19.763333,0 days 00:00:00.262234,715.4668724181043,simple,COMPLETE
148,-0.4965023584428309,2025-12-07 16:32:19.763333,2025-12-07 16:32:19.987256,0 days 00:00:00.223923,278.2582065411964,simple,COMPLETE
149,-0.32184314125880026,2025-12-07 16:32:19.987256,2025-12-07 16:32:20.215449,0 days 00:00:00.228193,414.50104905987484,simple,COMPLETE
150,-0.11931449032147978,2025-12-07 16:32:20.216459,2025-12-07 16:32:20.445761,0 days 00:00:00.229302,999.0508601182426,simple,COMPLETE
151,-0.16739273434110738,2025-12-07 16:32:20.445761,2025-12-07 16:32:20.679618,0 days 00:00:00.233857,741.690886211796,simple,COMPLETE
152,-0.12583084015012158,2025-12-07 16:32:20.679618,2025-12-07 16:32:20.897209,0 days 00:00:00.217591,953.3116108379115,simple,COMPLETE
153,-0.23324188646976038,2025-12-07 16:32:20.897209,2025-12-07 16:32:21.132218,0 days 00:00:00.235009,553.2990325933272,simple,COMPLETE
154,-0.18255647659918894,2025-12-07 16:32:21.132218,2025-12-07 16:32:21.364459,0 days 00:00:00.232241,687.1837673067986,simple,COMPLETE
155,-0.2481849761405229,2025-12-07 16:32:21.364970,2025-12-07 16:32:21.601829,0 days 00:00:00.236859,523.5412469038753,simple,COMPLETE
156,-0.42554266717885647,2025-12-07 16:32:21.601829,2025-12-07 16:32:21.827181,0 days 00:00:00.225352,321.0499882875499,simple,COMPLETE
157,-0.1255829309523632,2025-12-07 16:32:21.827181,2025-12-07 16:32:22.063927,0 days 00:00:00.236746,954.968968984218,simple,COMPLETE
158,-0.1721080489583541,2025-12-07 16:32:22.064936,2025-12-07 16:32:22.299382,0 days 00:00:00.234446,723.7835332253625,simple,COMPLETE
159,-0.2906762439785509,2025-12-07 16:32:22.299896,2025-12-07 16:32:22.531627,0 days 00:00:00.231731,454.4350535504461,simple,COMPLETE
160,-0.12354085726062276,2025-12-07 16:32:22.532708,2025-12-07 16:32:22.762924,0 days 00:00:00.230216,968.8615271946389,simple,COMPLETE
