number,value,datetime_start,datetime_complete,duration,params_ridge_alpha,user_attrs_feature_level,state
0,-34.6164732868097,2025-12-07 16:30:46.793762,2025-12-07 16:30:46.997110,0 days 00:00:00.203348,0.041858227295469716,none,COMPLETE
1,-0.3236302049846189,2025-12-07 16:30:46.997110,2025-12-07 16:30:47.195587,0 days 00:00:00.198477,451.85609510240965,none,COMPLETE
2,-13.554508446655271,2025-12-07 16:30:47.195587,2025-12-07 16:30:47.395214,0 days 00:00:00.199627,13.3032451015229,none,COMPLETE
3,-29.855094583321446,2025-12-07 16:30:47.395214,2025-12-07 16:30:47.596234,0 days 00:00:00.201020,1.55099139875943,none,COMPLETE
4,-34.77004954042685,2025-12-07 16:30:47.596234,2025-12-07 16:30:47.797588,0 days 00:00:00.201354,0.0012363188277052211,none,COMPLETE
5,-34.770051368824106,2025-12-07 16:30:47.797588,2025-12-07 16:30:47.996623,0 days 00:00:00.199035,0.0012358382772306934,none,COMPLETE
6,-34.77378366418572,2025-12-07 16:30:47.996623,2025-12-07 16:30:48.196716,0 days 00:00:00.200093,0.00025502648504032837,none,COMPLETE
7,-1.4528068641880358,2025-12-07 16:30:48.202245,2025-12-07 16:30:48.394561,0 days 00:00:00.192316,115.67327199145953,none,COMPLETE
8,-29.68682149358891,2025-12-07 16:30:48.396765,2025-12-07 16:30:48.596243,0 days 00:00:00.199478,1.6136341713591311,none,COMPLETE
9,-17.266071202416693,2025-12-07 16:30:48.596243,2025-12-07 16:30:48.796147,0 days 00:00:00.199904,9.047071957568372,none,COMPLETE
10,-0.19185134437979082,2025-12-07 16:30:48.796147,2025-12-07 16:30:48.883728,0 days 00:00:00.087581,718.5614470935544,none,COMPLETE
11,-0.4437857121393021,2025-12-07 16:30:48.883728,2025-12-07 16:30:49.080092,0 days 00:00:00.196364,338.8706842735184,none,COMPLETE
12,-0.23038565348684478,2025-12-07 16:30:49.082158,2025-12-07 16:30:49.167611,0 days 00:00:00.085453,612.0117715317866,none,COMPLETE
13,-4.593517366550453,2025-12-07 16:30:49.168611,2025-12-07 16:30:49.365265,0 days 00:00:00.196654,42.78248928108161,none,COMPLETE
14,-0.15496459476156632,2025-12-07 16:30:49.366437,2025-12-07 16:30:49.562537,0 days 00:00:00.196100,864.5839377181267,none,COMPLETE
15,-34.677966535168984,2025-12-07 16:30:49.562537,2025-12-07 16:30:49.762180,0 days 00:00:00.199643,0.025531292949199733,none,COMPLETE
16,-3.7631789229887964,2025-12-07 16:30:49.765256,2025-12-07 16:30:49.962773,0 days 00:00:00.197517,51.03761342445244,none,COMPLETE
17,-32.65213341895197,2025-12-07 16:30:49.962773,2025-12-07 16:30:50.164137,0 days 00:00:00.201364,0.6053400498632163,none,COMPLETE
18,-13.434074143383782,2025-12-07 16:30:50.165188,2025-12-07 16:30:50.364545,0 days 00:00:00.199357,13.472557458267847,none,COMPLETE
19,-0.13650462247819584,2025-12-07 16:30:50.365652,2025-12-07 16:30:50.564076,0 days 00:00:00.198424,964.0917821827791,none,COMPLETE
20,-34.30004391784996,2025-12-07 16:30:50.565086,2025-12-07 16:30:50.764152,0 days 00:00:00.199066,0.12715685875133698,none,COMPLETE
21,-0.20571028436821726,2025-12-07 16:30:50.765164,2025-12-07 16:30:50.950976,0 days 00:00:00.185812,676.0829634943044,none,COMPLETE
22,-1.475664240898894,2025-12-07 16:30:50.951500,2025-12-07 16:30:51.147848,0 days 00:00:00.196348,114.11020267415068,none,COMPLETE
23,-0.1521608981977999,2025-12-07 16:30:51.147848,2025-12-07 16:30:51.346262,0 days 00:00:00.198414,878.2837156621935,none,COMPLETE
24,-0.9937615166453234,2025-12-07 16:30:51.346262,2025-12-07 16:30:51.545783,0 days 00:00:00.199521,161.913329039408,none,COMPLETE
25,-6.319914831677679,2025-12-07 16:30:51.547361,2025-12-07 16:30:51.746453,0 days 00:00:00.199092,31.807050326647353,none,COMPLETE
26,-25.766028025944852,2025-12-07 16:30:51.746453,2025-12-07 16:30:51.946428,0 days 00:00:00.199975,3.2881108327352506,none,COMPLETE
27,-0.13275742143873118,2025-12-07 16:30:51.946428,2025-12-07 16:30:52.145939,0 days 00:00:00.199511,987.337322016025,none,COMPLETE
28,-0.9084312555131504,2025-12-07 16:30:52.145939,2025-12-07 16:30:52.345911,0 days 00:00:00.199972,175.57701770856028,none,COMPLETE
29,-34.579701110051,2025-12-07 16:30:52.345911,2025-12-07 16:30:52.533684,0 days 00:00:00.187773,0.05166059792654139,none,COMPLETE
30,-3.6584409194326604,2025-12-07 16:30:52.534730,2025-12-07 16:30:52.717025,0 days 00:00:00.182295,52.30948962651508,none,COMPLETE
31,-0.13387264341081226,2025-12-07 16:30:52.717025,2025-12-07 16:30:52.914714,0 days 00:00:00.197689,980.2957517319637,none,COMPLETE
32,-0.6021430240994969,2025-12-07 16:30:52.915263,2025-12-07 16:30:53.098504,0 days 00:00:00.183241,255.83558526365496,none,COMPLETE
33,-0.6539259520742808,2025-12-07 16:30:53.098504,2025-12-07 16:30:53.296645,0 days 00:00:00.198141,237.11303475209897,none,COMPLETE
34,-0.14524493434889404,2025-12-07 16:30:53.296645,2025-12-07 16:30:53.496558,0 days 00:00:00.199913,914.1194350205664,none,COMPLETE
35,-10.406716981466786,2025-12-07 16:30:53.496558,2025-12-07 16:30:53.695641,0 days 00:00:00.199083,18.73142243121762,none,COMPLETE
36,-2.205614199344385,2025-12-07 16:30:53.695641,2025-12-07 16:30:53.895796,0 days 00:00:00.200155,80.74148824028408,none,COMPLETE
37,-22.267856268478024,2025-12-07 16:30:53.895796,2025-12-07 16:30:54.111509,0 days 00:00:00.215713,5.212535701960554,none,COMPLETE
38,-34.75159546704242,2025-12-07 16:30:54.112514,2025-12-07 16:30:54.311417,0 days 00:00:00.198903,0.006090362383240358,none,COMPLETE
39,-0.4179318291443935,2025-12-07 16:30:54.312527,2025-12-07 16:30:54.513238,0 days 00:00:00.200711,358.0484793286321,none,COMPLETE
40,-0.13237505969861396,2025-12-07 16:30:54.513238,2025-12-07 16:30:54.600684,0 days 00:00:00.087446,989.7763455528143,none,COMPLETE
41,-0.4315608369923245,2025-12-07 16:30:54.601191,2025-12-07 16:30:54.796429,0 days 00:00:00.195238,347.66991055392435,none,COMPLETE
42,-1.428991439661529,2025-12-07 16:30:54.796429,2025-12-07 16:30:54.995899,0 days 00:00:00.199470,117.3536339077416,none,COMPLETE
43,-0.13343961229764081,2025-12-07 16:30:54.995899,2025-12-07 16:30:55.183850,0 days 00:00:00.187951,983.017249636398,none,COMPLETE
44,-0.5109055862994988,2025-12-07 16:30:55.184385,2025-12-07 16:30:55.379921,0 days 00:00:00.195536,297.68375110108406,none,COMPLETE
45,-0.1322652436817852,2025-12-07 16:30:55.379921,2025-12-07 16:30:55.580216,0 days 00:00:00.200295,990.479209014587,none,COMPLETE
46,-0.316502264635895,2025-12-07 16:30:55.580216,2025-12-07 16:30:55.765322,0 days 00:00:00.185106,461.02973991062873,none,COMPLETE
47,-8.58114778234932,2025-12-07 16:30:55.766920,2025-12-07 16:30:55.962964,0 days 00:00:00.196044,23.29676504351426,none,COMPLETE
48,-2.5644217494371437,2025-12-07 16:30:55.965689,2025-12-07 16:30:56.162274,0 days 00:00:00.196585,70.99772233056154,none,COMPLETE
49,-0.3334409529403446,2025-12-07 16:30:56.162274,2025-12-07 16:30:56.361872,0 days 00:00:00.199598,439.82059764464526,none,COMPLETE
50,-0.9543634661564973,2025-12-07 16:30:56.363508,2025-12-07 16:30:56.563445,0 days 00:00:00.199937,167.92187259253407,none,COMPLETE
51,-0.14872595993427007,2025-12-07 16:30:56.564957,2025-12-07 16:30:56.761296,0 days 00:00:00.196339,895.7046097805197,none,COMPLETE
52,-34.77353292320357,2025-12-07 16:30:56.762301,2025-12-07 16:30:56.963716,0 days 00:00:00.201415,0.00032090906137060806,none,COMPLETE
53,-0.13733781131913933,2025-12-07 16:30:56.965225,2025-12-07 16:30:57.164276,0 days 00:00:00.199051,959.0797161804383,none,COMPLETE
54,-0.5258138321346895,2025-12-07 16:30:57.165288,2025-12-07 16:30:57.363574,0 days 00:00:00.198286,289.8956495321818,none,COMPLETE
55,-0.2828254160649048,2025-12-07 16:30:57.363574,2025-12-07 16:30:57.563250,0 days 00:00:00.199676,510.0618465199545,none,COMPLETE
56,-1.8807965612496282,2025-12-07 16:30:57.563250,2025-12-07 16:30:57.763734,0 days 00:00:00.200484,92.53252311374479,none,COMPLETE
57,-33.44950881804936,2025-12-07 16:30:57.763734,2025-12-07 16:30:57.963492,0 days 00:00:00.199758,0.36688402991712277,none,COMPLETE
58,-0.27297542744898634,2025-12-07 16:30:57.965003,2025-12-07 16:30:58.163099,0 days 00:00:00.198096,526.4815822829488,none,COMPLETE
59,-0.9827511432925355,2025-12-07 16:30:58.163099,2025-12-07 16:30:58.363689,0 days 00:00:00.200590,163.54454950995517,none,COMPLETE
60,-0.2181738023674622,2025-12-07 16:30:58.363689,2025-12-07 16:30:58.563633,0 days 00:00:00.199944,642.0790700824111,none,COMPLETE
61,-0.15153827589848143,2025-12-07 16:30:58.565144,2025-12-07 16:30:58.762878,0 days 00:00:00.197734,881.3883257002385,none,COMPLETE
62,-0.13155657742252921,2025-12-07 16:30:58.762878,2025-12-07 16:30:58.963335,0 days 00:00:00.200457,995.0405345030265,none,COMPLETE
63,-0.279045666311289,2025-12-07 16:30:58.963335,2025-12-07 16:30:59.163534,0 days 00:00:00.200199,516.237566274939,none,COMPLETE
64,-0.7414885995917261,2025-12-07 16:30:59.163534,2025-12-07 16:30:59.362990,0 days 00:00:00.199456,211.26404454024362,none,COMPLETE
65,-0.37389886252655463,2025-12-07 16:30:59.362990,2025-12-07 16:30:59.562570,0 days 00:00:00.199580,396.3839434505235,none,COMPLETE
66,-1.3267840386879797,2025-12-07 16:30:59.562570,2025-12-07 16:30:59.763607,0 days 00:00:00.201037,125.23296513109266,none,COMPLETE
67,-4.772133407969876,2025-12-07 16:30:59.763607,2025-12-07 16:30:59.965790,0 days 00:00:00.202183,41.33638470770049,none,COMPLETE
68,-0.6435203238155284,2025-12-07 16:30:59.966309,2025-12-07 16:31:00.179376,0 days 00:00:00.213067,240.6403751641862,none,COMPLETE
69,-0.23305982602663802,2025-12-07 16:31:00.179376,2025-12-07 16:31:00.396054,0 days 00:00:00.216678,605.8097892325943,none,COMPLETE
70,-0.13611844672275683,2025-12-07 16:31:00.396054,2025-12-07 16:31:00.595879,0 days 00:00:00.199825,966.4337008444835,none,COMPLETE
71,-0.1482198028163404,2025-12-07 16:31:00.595879,2025-12-07 16:31:00.812763,0 days 00:00:00.216884,898.3334744727946,none,COMPLETE
72,-0.24748866416782103,2025-12-07 16:31:00.812763,2025-12-07 16:31:01.012839,0 days 00:00:00.200076,574.4530960322188,none,COMPLETE
73,-0.4696630824312202,2025-12-07 16:31:01.013847,2025-12-07 16:31:01.214317,0 days 00:00:00.200470,321.6719686115905,none,COMPLETE
74,-0.13816204773281307,2025-12-07 16:31:01.214832,2025-12-07 16:31:01.430459,0 days 00:00:00.215627,954.1754847404105,none,COMPLETE
75,-0.8462003191155385,2025-12-07 16:31:01.431967,2025-12-07 16:31:01.643560,0 days 00:00:00.211593,187.2571048887136,none,COMPLETE
76,-34.745571458666106,2025-12-07 16:31:01.643560,2025-12-07 16:31:01.847420,0 days 00:00:00.203860,0.007676493548583711,none,COMPLETE
77,-28.77699156773708,2025-12-07 16:31:01.847420,2025-12-07 16:31:02.047701,0 days 00:00:00.200281,1.964538236167475,none,COMPLETE
78,-0.3992231251454578,2025-12-07 16:31:02.047701,2025-12-07 16:31:02.247173,0 days 00:00:00.199472,373.3726099019628,none,COMPLETE
79,-3.025354630067799,2025-12-07 16:31:02.247173,2025-12-07 16:31:02.444554,0 days 00:00:00.197381,61.63812860854364,none,COMPLETE
80,-0.2379764071536794,2025-12-07 16:31:02.444554,2025-12-07 16:31:02.632457,0 days 00:00:00.187903,594.7376648348604,none,COMPLETE
81,-0.13205180136468445,2025-12-07 16:31:02.633967,2025-12-07 16:31:02.845486,0 days 00:00:00.211519,991.8483535753805,none,COMPLETE
82,-0.13157938507240327,2025-12-07 16:31:02.845486,2025-12-07 16:31:02.935821,0 days 00:00:00.090335,994.8930389636428,none,COMPLETE
83,-0.5979137456539186,2025-12-07 16:31:02.936822,2025-12-07 16:31:03.150143,0 days 00:00:00.213321,257.50334083311117,none,COMPLETE
84,-0.2186217651599387,2025-12-07 16:31:03.151226,2025-12-07 16:31:03.347305,0 days 00:00:00.196079,640.9224175461995,none,COMPLETE
85,-1.349132522751124,2025-12-07 16:31:03.347305,2025-12-07 16:31:03.547245,0 days 00:00:00.199940,123.41039436791226,none,COMPLETE
86,-0.37959978018518875,2025-12-07 16:31:03.547245,2025-12-07 16:31:03.761054,0 days 00:00:00.213809,390.95485007785135,none,COMPLETE
87,-0.19403174651428304,2025-12-07 16:31:03.761054,2025-12-07 16:31:03.963497,0 days 00:00:00.202443,711.5147962277687,none,COMPLETE
88,-0.13639595166826837,2025-12-07 16:31:03.965032,2025-12-07 16:31:04.162584,0 days 00:00:00.197552,964.7495875520185,none,COMPLETE
89,-0.6061859962939687,2025-12-07 16:31:04.162584,2025-12-07 16:31:04.363439,0 days 00:00:00.200855,254.26233502031283,none,COMPLETE
90,-0.4009425346572438,2025-12-07 16:31:04.363439,2025-12-07 16:31:04.578584,0 days 00:00:00.215145,371.9085548759099,none,COMPLETE
91,-0.13332094696463548,2025-12-07 16:31:04.578584,2025-12-07 16:31:04.781922,0 days 00:00:00.203338,983.7658327615118,none,COMPLETE
92,-0.302430788736097,2025-12-07 16:31:04.782449,2025-12-07 16:31:04.998438,0 days 00:00:00.215989,480.30077805216484,none,COMPLETE
93,-0.22085466829502912,2025-12-07 16:31:04.998438,2025-12-07 16:31:05.198292,0 days 00:00:00.199854,635.2204576898281,none,COMPLETE
94,-0.18749105348120576,2025-12-07 16:31:05.198292,2025-12-07 16:31:05.413732,0 days 00:00:00.215440,733.0972352263931,none,COMPLETE
95,-0.3469608710919411,2025-12-07 16:31:05.415245,2025-12-07 16:31:05.629943,0 days 00:00:00.214698,424.2649049176461,none,COMPLETE
96,-0.13194854712643847,2025-12-07 16:31:05.629943,2025-12-07 16:31:05.819032,0 days 00:00:00.189089,992.512129354609,none,COMPLETE
97,-0.9135908456836089,2025-12-07 16:31:05.819032,2025-12-07 16:31:06.029826,0 days 00:00:00.210794,174.67918978310303,none,COMPLETE
98,-34.21720672506243,2025-12-07 16:31:06.029826,2025-12-07 16:31:06.229004,0 days 00:00:00.199178,0.1498386150589921,none,COMPLETE
99,-1.8378225340674448,2025-12-07 16:31:06.229004,2025-12-07 16:31:06.430049,0 days 00:00:00.201045,94.38719222279961,none,COMPLETE
100,-0.45361921680156647,2025-12-07 16:31:06.430049,2025-12-07 16:31:06.628054,0 days 00:00:00.198005,332.117079858465,none,COMPLETE
101,-0.13333255860737783,2025-12-07 16:31:06.628054,2025-12-07 16:31:06.829638,0 days 00:00:00.201584,983.6925290280708,none,COMPLETE
102,-0.20294689583517767,2025-12-07 16:31:06.830643,2025-12-07 16:31:07.030589,0 days 00:00:00.199946,684.1331257019286,none,COMPLETE
103,-0.29753743180973463,2025-12-07 16:31:07.032099,2025-12-07 16:31:07.230430,0 days 00:00:00.198331,487.3927433776948,none,COMPLETE
104,-0.13152338371845604,2025-12-07 16:31:07.231938,2025-12-07 16:31:07.431481,0 days 00:00:00.199543,995.2552788964525,none,COMPLETE
105,-0.60980001448546,2025-12-07 16:31:07.431993,2025-12-07 16:31:07.663001,0 days 00:00:00.231008,252.87308900770321,none,COMPLETE
106,-0.18451676254609017,2025-12-07 16:31:07.663001,2025-12-07 16:31:07.862670,0 days 00:00:00.199669,743.3686645142897,none,COMPLETE
107,-0.31067587567905064,2025-12-07 16:31:07.862670,2025-12-07 16:31:08.062538,0 days 00:00:00.199868,468.8148460794757,none,COMPLETE
108,-1.1318281162081931,2025-12-07 16:31:08.062538,2025-12-07 16:31:08.264567,0 days 00:00:00.202029,144.12365061732797,none,COMPLETE
109,-0.19490966197999757,2025-12-07 16:31:08.265079,2025-12-07 16:31:08.467183,0 days 00:00:00.202104,708.7178611002554,none,COMPLETE
110,-16.285585558194473,2025-12-07 16:31:08.467183,2025-12-07 16:31:08.680272,0 days 00:00:00.213089,10.018122214206088,none,COMPLETE
111,-0.1764341628413665,2025-12-07 16:31:08.681783,2025-12-07 16:31:08.881669,0 days 00:00:00.199886,772.8590675357561,none,COMPLETE
112,-0.13960016689471422,2025-12-07 16:31:08.882758,2025-12-07 16:31:09.080218,0 days 00:00:00.197460,945.7445081711498,none,COMPLETE
113,-0.27570743876711806,2025-12-07 16:31:09.080218,2025-12-07 16:31:09.281233,0 days 00:00:00.201015,521.8201980443871,none,COMPLETE
114,-0.4766572948175077,2025-12-07 16:31:09.281745,2025-12-07 16:31:09.478930,0 days 00:00:00.197185,317.32680405136364,none,COMPLETE
115,-0.137056199299034,2025-12-07 16:31:09.478930,2025-12-07 16:31:09.680252,0 days 00:00:00.201322,960.7675751282626,none,COMPLETE
116,-34.774250819988886,2025-12-07 16:31:09.680252,2025-12-07 16:31:09.880791,0 days 00:00:00.200539,0.00013228445869535238,none,COMPLETE
117,-0.673697771162574,2025-12-07 16:31:09.881797,2025-12-07 16:31:10.082305,0 days 00:00:00.200508,230.70310422149043,none,COMPLETE
118,-0.271546003106786,2025-12-07 16:31:10.082305,2025-12-07 16:31:10.267407,0 days 00:00:00.185102,528.9545258191813,none,COMPLETE
119,-0.3789285545591836,2025-12-07 16:31:10.267407,2025-12-07 16:31:10.464168,0 days 00:00:00.196761,391.58618839148903,none,COMPLETE
120,-0.131062926167176,2025-12-07 16:31:10.465177,2025-12-07 16:31:10.663756,0 days 00:00:00.198579,998.2443569153445,none,COMPLETE
121,-0.13555284330378217,2025-12-07 16:31:10.665267,2025-12-07 16:31:10.863649,0 days 00:00:00.198382,969.8855777406006,none,COMPLETE
122,-0.2159225024774285,2025-12-07 16:31:10.865160,2025-12-07 16:31:10.951679,0 days 00:00:00.086519,647.9577819629725,none,COMPLETE
123,-0.2106445308555037,2025-12-07 16:31:10.951679,2025-12-07 16:31:11.147888,0 days 00:00:00.196209,662.1853194494983,none,COMPLETE
124,-0.305344109971918,2025-12-07 16:31:11.147888,2025-12-07 16:31:11.348262,0 days 00:00:00.200374,476.177419533895,none,COMPLETE
125,-0.1312748959218284,2025-12-07 16:31:11.348262,2025-12-07 16:31:11.548533,0 days 00:00:00.200271,996.8659834690883,none,COMPLETE
126,-0.5034764957323076,2025-12-07 16:31:11.550045,2025-12-07 16:31:11.747559,0 days 00:00:00.197514,301.7287600608128,none,COMPLETE
127,-31.908357263908073,2025-12-07 16:31:11.747559,2025-12-07 16:31:11.946367,0 days 00:00:00.198808,0.8398747878281033,none,COMPLETE
128,-0.1374954146662594,2025-12-07 16:31:11.946367,2025-12-07 16:31:12.150111,0 days 00:00:00.203744,958.1378481687956,none,COMPLETE
129,-0.2144844609967879,2025-12-07 16:31:12.151173,2025-12-07 16:31:12.347480,0 days 00:00:00.196307,651.771344131178,none,COMPLETE
130,-0.7865675378443884,2025-12-07 16:31:12.348208,2025-12-07 16:31:12.433995,0 days 00:00:00.085787,200.15809767178857,none,COMPLETE
131,-0.3375113769803737,2025-12-07 16:31:12.435197,2025-12-07 16:31:12.615901,0 days 00:00:00.180704,435.01644315555484,none,COMPLETE
132,-0.1316486409846683,2025-12-07 16:31:12.616412,2025-12-07 16:31:12.800920,0 days 00:00:00.184508,994.4454498566239,none,COMPLETE
133,-0.19516073816817348,2025-12-07 16:31:12.802007,2025-12-07 16:31:12.998572,0 days 00:00:00.196565,707.9221515117392,none,COMPLETE
134,-34.76998676308659,2025-12-07 16:31:13.000083,2025-12-07 16:31:13.199369,0 days 00:00:00.199286,0.001252818735576637,none,COMPLETE
135,-0.2829350255063767,2025-12-07 16:31:13.200642,2025-12-07 16:31:13.284617,0 days 00:00:00.083975,509.8850035702318,none,COMPLETE
136,-0.1377107684674844,2025-12-07 16:31:13.286622,2025-12-07 16:31:13.480208,0 days 00:00:00.193586,956.8540142007728,none,COMPLETE
137,-0.13089850971165484,2025-12-07 16:31:13.480208,2025-12-07 16:31:13.680510,0 days 00:00:00.200302,999.3162954777592,none,COMPLETE
138,-0.42973998309449196,2025-12-07 16:31:13.680510,2025-12-07 16:31:13.878716,0 days 00:00:00.198206,349.02074593232817,none,COMPLETE
139,-0.20296933843223552,2025-12-07 16:31:13.878716,2025-12-07 16:31:14.079968,0 days 00:00:00.201252,684.0669480331142,none,COMPLETE
140,-0.2624829875233863,2025-12-07 16:31:14.079968,2025-12-07 16:31:14.268078,0 days 00:00:00.188110,545.2034465746475,none,COMPLETE
141,-0.14018246686782634,2025-12-07 16:31:14.268078,2025-12-07 16:31:14.464281,0 days 00:00:00.196203,942.3754203626982,none,COMPLETE
142,-0.1886365246276637,2025-12-07 16:31:14.465290,2025-12-07 16:31:14.664519,0 days 00:00:00.199229,729.2197242954063,none,COMPLETE
143,-0.13295415811500924,2025-12-07 16:31:14.665031,2025-12-07 16:31:14.864300,0 days 00:00:00.199269,986.0873313038312,none,COMPLETE
144,-0.26650251477170944,2025-12-07 16:31:14.865905,2025-12-07 16:31:15.063629,0 days 00:00:00.197724,537.8727290125437,none,COMPLETE
145,-0.13105800215374871,2025-12-07 16:31:15.063629,2025-12-07 16:31:15.262727,0 days 00:00:00.199098,998.2764243292592,none,COMPLETE
146,-0.3786349095599702,2025-12-07 16:31:15.262727,2025-12-07 16:31:15.463394,0 days 00:00:00.200667,391.86303752560866,none,COMPLETE
147,-0.19280338974631742,2025-12-07 16:31:15.464906,2025-12-07 16:31:15.663714,0 days 00:00:00.198808,715.4668724181043,none,COMPLETE
148,-0.5497055530246027,2025-12-07 16:31:15.663714,2025-12-07 16:31:15.866115,0 days 00:00:00.202401,278.2582065411964,none,COMPLETE
149,-0.3559747569537733,2025-12-07 16:31:15.866115,2025-12-07 16:31:16.079079,0 days 00:00:00.212964,414.50104905987484,none,COMPLETE
150,-0.13093918792675777,2025-12-07 16:31:16.079079,2025-12-07 16:31:16.279689,0 days 00:00:00.200610,999.0508601182426,none,COMPLETE
151,-0.1849967402773267,2025-12-07 16:31:16.279689,2025-12-07 16:31:16.494563,0 days 00:00:00.214874,741.690886211796,none,COMPLETE
152,-0.13830816593654638,2025-12-07 16:31:16.494563,2025-12-07 16:31:16.713774,0 days 00:00:00.219211,953.3116108379115,none,COMPLETE
153,-0.2581705481172445,2025-12-07 16:31:16.715287,2025-12-07 16:31:16.914523,0 days 00:00:00.199236,553.2990325933272,none,COMPLETE
154,-0.20191719879777192,2025-12-07 16:31:16.915040,2025-12-07 16:31:17.129960,0 days 00:00:00.214920,687.1837673067986,none,COMPLETE
155,-0.2746929588892002,2025-12-07 16:31:17.129960,2025-12-07 16:31:17.330294,0 days 00:00:00.200334,523.5412469038753,none,COMPLETE
156,-0.47065231237138455,2025-12-07 16:31:17.331805,2025-12-07 16:31:17.529392,0 days 00:00:00.197587,321.0499882875499,none,COMPLETE
157,-0.13802808197855745,2025-12-07 16:31:17.529392,2025-12-07 16:31:17.746442,0 days 00:00:00.217050,954.968968984218,none,COMPLETE
158,-0.19026393466943037,2025-12-07 16:31:17.746442,2025-12-07 16:31:17.948738,0 days 00:00:00.202296,723.7835332253625,none,COMPLETE
159,-0.32159675126699977,2025-12-07 16:31:17.948738,2025-12-07 16:31:18.148272,0 days 00:00:00.199534,454.4350535504461,none,COMPLETE
160,-0.13572019251084763,2025-12-07 16:31:18.148272,2025-12-07 16:31:18.363542,0 days 00:00:00.215270,968.8615271946389,none,COMPLETE
161,-0.20276687472450053,2025-12-07 16:31:18.364062,2025-12-07 16:31:18.563021,0 days 00:00:00.198959,684.6644433017955,none,COMPLETE
162,-34.653795452426046,2025-12-07 16:31:18.563021,2025-12-07 16:31:18.763759,0 days 00:00:00.200738,0.03193912773814254,none,COMPLETE
