number,value,datetime_start,datetime_complete,duration,params_xgb_colsample_bytree,params_xgb_learning_rate,params_xgb_max_depth,params_xgb_min_child_weight,params_xgb_n_estimators,params_xgb_reg_alpha,params_xgb_reg_lambda,params_xgb_subsample,user_attrs_feature_level,state
285,-0.0003807415938163657,2025-12-07 21:46:25.521360,2025-12-07 21:46:38.058805,0 days 00:00:12.537445,0.4921159939004545,0.0014662219861724165,9,10,359,0.10450527341939182,11.344347165574785,0.8153207579511705,simple2,COMPLETE
286,0.0005509450259616097,2025-12-07 21:46:38.060812,2025-12-07 21:46:55.412081,0 days 00:00:17.351269,0.5207514423023268,0.0011718160352340056,9,9,500,0.002486299318756393,13.505825091307743,0.7929664886107709,simple2,COMPLETE
287,-0.0007908843814431835,2025-12-07 21:46:55.413086,2025-12-07 21:47:10.488154,0 days 00:00:15.075068,0.5222956524104001,0.0011501155940844036,9,9,514,0.3344366100952248,15.363171979793615,0.7937031143949718,simple2,COMPLETE
288,0.0005827415578140519,2025-12-07 21:47:10.489153,2025-12-07 21:47:19.573361,0 days 00:00:09.084208,0.5058441166457198,0.0011752862273983586,9,9,324,0.0030522605334414635,9.509147119397298,0.8079961887905116,simple2,COMPLETE
289,-0.0003952552351642972,2025-12-07 21:47:19.574363,2025-12-07 21:47:29.644304,0 days 00:00:10.069941,0.5079200015265349,0.0012245382551421392,9,9,312,0.22998079322989526,8.794506334006417,0.8121183022671326,simple2,COMPLETE
290,-0.0004285950273453798,2025-12-07 21:47:29.646303,2025-12-07 21:47:43.096506,0 days 00:00:13.450203,0.5020632531157723,0.0013975149991383383,9,9,347,0.10832327067139413,7.249965765276477,0.8049376647741859,simple2,COMPLETE
291,-0.00032754279175780293,2025-12-07 21:47:43.098631,2025-12-07 21:47:54.109380,0 days 00:00:11.010749,0.525139245509733,0.0011735373276337026,9,9,278,0.15373638975736736,9.588527445313597,0.7848860089768551,simple2,COMPLETE
292,-0.00029212465487819345,2025-12-07 21:47:54.110380,2025-12-07 21:48:10.944460,0 days 00:00:16.834080,0.512119346238048,0.0012726800745925843,9,9,430,0.07485030217741212,12.25817900119033,0.8233175192885396,simple2,COMPLETE
293,-0.0004615081632194003,2025-12-07 21:48:10.946461,2025-12-07 21:48:22.046372,0 days 00:00:11.099911,0.48807125286563774,0.001141076009838372,9,18,338,0.2513777427990831,8.196081616354583,0.7906306080593921,simple2,COMPLETE
294,-0.0033962249423152477,2025-12-07 21:48:22.046372,2025-12-07 21:48:35.680903,0 days 00:00:13.634531,0.49685727879486435,0.0014055700574766065,9,9,493,0.004780336408159248,0.5697372283290375,0.7743337796170674,simple2,COMPLETE
295,-5.97818655229491e-05,2025-12-07 21:48:35.681906,2025-12-07 21:48:45.515398,0 days 00:00:09.833492,0.5244850798841203,0.0015570287963164022,9,14,275,0.10562273973125517,14.051459011291342,0.8020797141850531,simple2,COMPLETE
296,-0.00010185661213009863,2025-12-07 21:48:45.515398,2025-12-07 21:48:58.196842,0 days 00:00:12.681444,0.4478579595548576,0.001235551428290202,9,10,392,0.18335061270646857,10.811606825905502,0.7964675870640042,simple2,COMPLETE
297,-1.6568906262633593e-05,2025-12-07 21:48:58.198347,2025-12-07 21:49:11.231100,0 days 00:00:13.032753,0.4812996923810481,0.0010965220844449597,9,16,450,0.007732255988047374,9.217995151319268,0.7559082735000382,simple2,COMPLETE
298,-0.0016559721404409238,2025-12-07 21:49:11.232102,2025-12-07 21:49:13.815839,0 days 00:00:02.583737,0.5063547684234762,0.001007168496344758,9,9,271,2.1255955093791092,11.748380791263818,0.7800094985007248,simple2,COMPLETE
299,0.0002798403978359805,2025-12-07 21:49:13.816577,2025-12-07 21:49:23.980498,0 days 00:00:10.163921,0.46770702807966724,0.001329513837290827,9,15,370,0.001720677505420524,10.197923879914496,0.8131081092970845,simple2,COMPLETE
