number,value,datetime_start,datetime_complete,duration,params_xgb_colsample_bytree,params_xgb_learning_rate,params_xgb_max_depth,params_xgb_min_child_weight,params_xgb_n_estimators,params_xgb_reg_alpha,params_xgb_reg_lambda,params_xgb_subsample,user_attrs_feature_level,state
189,-0.0013531834047053233,2025-12-08 01:31:38.475448,2025-12-08 01:31:44.577556,0 days 00:00:06.102108,0.38323529819057867,0.021924954435962853,6,3,673,1.4605463994693095,0.25864953083647657,0.6338832484544953,advanced,COMPLETE
190,-0.004396381962713154,2025-12-08 01:31:44.577556,2025-12-08 01:31:52.286320,0 days 00:00:07.708764,0.38651922664894334,0.02841479596609731,6,4,752,1.2001695335976965,0.25922860129510356,0.6025999459624923,advanced,COMPLETE
191,-0.0015342148827747204,2025-12-08 01:31:52.287325,2025-12-08 01:31:58.459848,0 days 00:00:06.172523,0.31985053525827845,0.023032135597527308,6,3,696,1.429135404722913,0.19112045780356984,0.6369640746034696,advanced,COMPLETE
192,-0.0015261438884768275,2025-12-08 01:31:58.461854,2025-12-08 01:32:04.492987,0 days 00:00:06.031133,0.3214800327171118,0.02282600037854577,6,3,725,1.4332526977167825,0.18118755613057827,0.572127942301282,advanced,COMPLETE
193,-0.0017130130787157787,2025-12-08 01:32:04.493987,2025-12-08 01:32:10.701954,0 days 00:00:06.207967,0.3225763707524333,0.023536326522146763,6,3,733,1.4748250482092915,0.21180187717347437,0.6481476520035181,advanced,COMPLETE
194,-0.0015907252982387081,2025-12-08 01:32:10.701954,2025-12-08 01:32:16.830387,0 days 00:00:06.128433,0.3147112242399944,0.022104576222596217,6,3,693,1.3482849384596347,0.1710391663220165,0.5691499462065877,advanced,COMPLETE
195,-0.0014317227969505482,2025-12-08 01:32:16.831824,2025-12-08 01:32:22.332592,0 days 00:00:05.500768,0.33090371494714915,0.02514433824458352,7,3,645,1.4975132516211396,0.24932708384707317,0.5375971790539589,advanced,COMPLETE
196,-0.003192982893021168,2025-12-08 01:32:22.333595,2025-12-08 01:32:30.634550,0 days 00:00:08.300955,0.4131886427337318,0.03031989825182475,7,3,877,1.2723093670186845,0.25605761629019813,0.5460038102077696,advanced,COMPLETE
197,-0.0014838498297180536,2025-12-08 01:32:30.634550,2025-12-08 01:32:35.497329,0 days 00:00:04.862779,0.3325980583972355,0.025265252622354795,7,4,529,1.50465760644968,0.2410332135788108,0.6115112346615774,advanced,COMPLETE
198,-0.0017453257634349646,2025-12-08 01:32:35.497833,2025-12-08 01:32:40.915233,0 days 00:00:05.417400,0.33617620367908163,0.025824667836681255,7,4,556,1.4173155705039735,0.24428498105520602,0.6213972915520373,advanced,COMPLETE
199,-0.0016608571119172504,2025-12-08 01:32:40.916242,2025-12-08 01:32:46.518190,0 days 00:00:05.601948,0.30658841798105824,0.02165350422585707,7,4,645,1.4962704231811312,0.2722336512399691,0.6037704804479102,advanced,COMPLETE
200,-0.0020365303678970825,2025-12-08 01:32:46.518190,2025-12-08 01:32:52.429442,0 days 00:00:05.911252,0.37537892387232674,0.024538985937565084,7,2,499,1.190283170340152,0.2164530225991396,0.5570576841119188,advanced,COMPLETE
201,-0.0016625492556268846,2025-12-08 01:32:52.430442,2025-12-08 01:32:58.829516,0 days 00:00:06.399074,0.35249511552262863,0.028244197257960783,6,3,745,1.3844503310292882,0.20013335950651484,0.5316356520651929,advanced,COMPLETE
202,-0.0014433869047841459,2025-12-08 01:32:58.831019,2025-12-08 01:33:04.246211,0 days 00:00:05.415192,0.33073060057538,0.020975715554344247,6,1,639,1.5457080098275393,0.22947634456719365,0.5734245547257119,advanced,COMPLETE
203,-0.001479704730970477,2025-12-08 01:33:04.247237,2025-12-08 01:33:09.730949,0 days 00:00:05.483712,0.32997586045539523,0.020933898242756748,6,1,645,1.526032938482978,0.23921922439542256,0.5727213202652115,advanced,COMPLETE
204,-0.0014409589483001344,2025-12-08 01:33:09.731955,2025-12-08 01:33:15.092897,0 days 00:00:05.360942,0.31389158285439905,0.022234449354303697,7,2,624,1.5146849460684462,0.2374401931066707,0.5708307456397241,advanced,COMPLETE
205,-0.0014306861794870507,2025-12-08 01:33:15.092897,2025-12-08 01:33:20.566702,0 days 00:00:05.473805,0.3803126894629586,0.02007377338631657,7,1,606,1.49366522800593,0.23807030912363333,0.5692720306260004,advanced,COMPLETE
206,-0.0019376653703777984,2025-12-08 01:33:20.566702,2025-12-08 01:33:26.737696,0 days 00:00:06.170994,0.3850401067823919,0.020966598801924835,7,1,586,1.2801144107289681,0.272594118186036,0.5700948960412453,advanced,COMPLETE
207,-0.001482716093648806,2025-12-08 01:33:26.737696,2025-12-08 01:33:31.082865,0 days 00:00:04.345169,0.39827058339885424,0.020448794618032333,7,1,452,1.5162958634644337,0.24011443071261518,0.5538671481812937,advanced,COMPLETE
208,-0.0014720492326130892,2025-12-08 01:33:31.084982,2025-12-08 01:33:35.643836,0 days 00:00:04.558854,0.40873243291647143,0.02010309409941015,8,2,439,1.531624800144454,0.23212024543074125,0.5538242764563529,advanced,COMPLETE
209,-0.001559682447929885,2025-12-08 01:33:35.644834,2025-12-08 01:33:40.489767,0 days 00:00:04.844933,0.42586460209632665,0.020550814277714123,9,1,482,1.5259248117848123,0.23803343868696217,0.553289066852825,advanced,COMPLETE
210,-0.0015528379648663086,2025-12-08 01:33:40.491076,2025-12-08 01:33:44.059081,0 days 00:00:03.568005,0.403943533397199,0.018590494468717772,8,1,308,1.5326503246553616,0.2727762625628271,0.5575818668527972,advanced,COMPLETE
211,-0.0015529630997824413,2025-12-08 01:33:44.061434,2025-12-08 01:33:48.188664,0 days 00:00:04.127230,0.38059171952013193,0.017050002261340853,7,1,377,1.3440920369789604,0.24019913704047396,0.5379813679714148,advanced,COMPLETE
212,-0.0013607515154358356,2025-12-08 01:33:48.188664,2025-12-08 01:33:53.816225,0 days 00:00:05.627561,0.4283290654019242,0.025209254661715585,8,2,596,1.4958660135570503,0.22299838742925418,0.5976697257845325,advanced,COMPLETE
213,-0.0013334130533590265,2025-12-08 01:33:53.817520,2025-12-08 01:33:59.049403,0 days 00:00:05.231883,0.44131716982641156,0.025496774017970174,8,2,553,1.5520541344340069,0.22005787041926234,0.6003917207452367,advanced,COMPLETE
214,-0.0015300476358089583,2025-12-08 01:33:59.049403,2025-12-08 01:34:04.770978,0 days 00:00:05.721575,0.44035917344693076,0.02582569486022061,8,2,601,1.5242939532515714,0.22810427178351153,0.6065238758114077,advanced,COMPLETE
215,-0.0012813561250801797,2025-12-08 01:34:04.771975,2025-12-08 01:34:09.739950,0 days 00:00:04.967975,0.3941359821501788,0.03340008777322509,8,1,451,1.3210065325278069,0.27990488740907543,0.5629263110284577,advanced,COMPLETE
216,-0.003320515748389948,2025-12-08 01:34:09.739950,2025-12-08 01:34:15.149145,0 days 00:00:05.409195,0.4254283708401753,0.03843635761969948,8,1,467,1.278200863181349,0.28189005482840157,0.594494721475295,advanced,COMPLETE
217,-0.0016255092287544108,2025-12-08 01:34:15.149145,2025-12-08 01:34:20.791489,0 days 00:00:05.642344,0.3938648862150045,0.027358143362474392,8,2,551,1.344202118944882,0.25593146904260106,0.5655942526490906,advanced,COMPLETE
218,-0.03841849397171404,2025-12-08 01:34:20.792489,2025-12-08 01:34:39.850049,0 days 00:00:19.057560,0.4140114929511556,0.03225119890801471,8,1,636,0.5631157739130939,0.21173288328744255,0.5573962031661215,advanced,COMPLETE
219,-0.0014807148313464118,2025-12-08 01:34:39.851048,2025-12-08 01:34:43.733730,0 days 00:00:03.882682,0.4355923097318645,0.024668933010937047,8,2,370,1.531154682341594,0.25865010395636034,0.5763345368288374,advanced,COMPLETE
220,-0.0028977862448397915,2025-12-08 01:34:43.733730,2025-12-08 01:34:47.604665,0 days 00:00:03.870935,0.4401914995506923,0.034823279204355365,8,2,218,1.1689876100206775,0.2564535058003654,0.5754506638319228,advanced,COMPLETE
221,-0.0016446710775270823,2025-12-08 01:34:47.604665,2025-12-08 01:34:51.928274,0 days 00:00:04.323609,0.4387997669733586,0.02481748882747756,8,1,399,1.5296664150682555,0.2854933231553249,0.5868656479761039,advanced,COMPLETE
222,-0.0012258390011582094,2025-12-08 01:34:51.929274,2025-12-08 01:34:56.963188,0 days 00:00:05.033914,0.39898323401153124,0.021051713819264704,8,2,527,1.4871202243160195,0.22268028653231867,0.5660366651686131,advanced,COMPLETE
223,-0.001801736070253172,2025-12-08 01:34:56.965062,2025-12-08 01:35:01.962999,0 days 00:00:04.997937,0.39944256221632657,0.04721993177368196,8,2,504,1.4774911215122877,0.2232564160969853,0.6099428835855902,advanced,COMPLETE
224,-0.0015975168071936292,2025-12-08 01:35:01.963504,2025-12-08 01:35:06.204326,0 days 00:00:04.240822,0.4667147178100505,0.021057989091769567,8,2,340,1.330786994069924,0.25876548949990047,0.5692778089803507,advanced,COMPLETE
225,-0.0018818242344568932,2025-12-08 01:35:06.204326,2025-12-08 01:35:10.986081,0 days 00:00:04.781755,0.414740326433199,0.022107820970085033,8,1,444,1.3864568178867465,0.2132803119052446,0.5923275436570069,advanced,COMPLETE
226,-0.0015299551477756523,2025-12-08 01:35:10.986081,2025-12-08 01:35:16.021846,0 days 00:00:05.035765,0.4304148889951834,0.02022647881938433,7,2,545,1.5451960044462556,0.340893248026809,0.5530627575230661,advanced,COMPLETE
227,-0.0014960546067559106,2025-12-08 01:35:16.021846,2025-12-08 01:35:23.194316,0 days 00:00:07.172470,0.3973807118349806,0.022327535897964337,8,1,636,1.2372025559722664,0.23796983784276854,0.5786852675274498,advanced,COMPLETE
228,-0.0014063973130216862,2025-12-08 01:35:23.194316,2025-12-08 01:35:28.042498,0 days 00:00:04.848182,0.37608066550435343,0.02454375723590164,7,2,530,1.4763901427690762,0.2871966416310358,0.5643719516904647,advanced,COMPLETE
229,-0.0036598300221522737,2025-12-08 01:35:28.043498,2025-12-08 01:35:34.298001,0 days 00:00:06.254503,0.3815202927941199,0.01977019993142597,9,2,390,1.0477936731286996,0.2897812240981865,0.5370385891975883,advanced,COMPLETE
230,-0.001963953989712164,2025-12-08 01:35:34.306005,2025-12-08 01:35:40.435665,0 days 00:00:06.129660,0.4520359808930483,0.02391996857152635,7,1,637,1.3676673453689918,0.21329379271298837,0.5660357458271237,advanced,COMPLETE
231,-0.0015322102234884838,2025-12-08 01:35:40.436665,2025-12-08 01:35:45.333603,0 days 00:00:04.896938,0.35532068435843955,0.02530516092305172,7,2,525,1.490911132507108,0.24863328542117763,0.5969064157975197,advanced,COMPLETE
232,-0.001699818968978158,2025-12-08 01:35:45.334604,2025-12-08 01:35:49.845671,0 days 00:00:04.511067,0.4085372938625282,0.017988645815831397,7,1,473,1.5575700392434946,0.27822874881166026,0.5591293648561472,advanced,COMPLETE
233,-0.00167789654112586,2025-12-08 01:35:49.846730,2025-12-08 01:35:55.171360,0 days 00:00:05.324630,0.39289323771042595,0.02657924764620785,7,2,588,1.4684450938220244,0.229202306575854,0.577666762150073,advanced,COMPLETE
234,-0.0011420372970576038,2025-12-08 01:35:55.171360,2025-12-08 01:36:01.815152,0 days 00:00:06.643792,0.37393802691875705,0.02068700486236603,8,2,806,1.5777563686153318,0.21270021773877051,0.5477005669531674,advanced,COMPLETE
235,-0.0020875586957576076,2025-12-08 01:36:01.816532,2025-12-08 01:36:10.121536,0 days 00:00:08.305004,0.371880025940693,0.020961210620311324,8,2,847,1.2813155950170665,0.21489284500823938,0.5481912324425203,advanced,COMPLETE
236,-0.001193858858596834,2025-12-08 01:36:10.121536,2025-12-08 01:36:16.523769,0 days 00:00:06.402233,0.37763818300328345,0.022759438855104917,8,3,786,1.5934702067912532,0.20468383579164187,0.5657978709513317,advanced,COMPLETE
237,-0.001294218310458876,2025-12-08 01:36:16.524770,2025-12-08 01:36:23.709157,0 days 00:00:07.184387,0.37402425209614,0.02266025347092043,8,3,818,1.396779243806436,0.21025973550589427,0.5696444403750258,advanced,COMPLETE
238,-0.0012879415654875048,2025-12-08 01:36:23.711775,2025-12-08 01:36:31.219387,0 days 00:00:07.507612,0.37624799218135885,0.022488583358351716,8,3,807,1.3449922153759652,0.19500782189983948,0.567198205991592,advanced,COMPLETE
239,-0.0024647127586584863,2025-12-08 01:36:31.221393,2025-12-08 01:36:39.988909,0 days 00:00:08.767516,0.37547914879062483,0.022641484218805828,8,3,805,1.1662948999760918,0.20199339975265163,0.5433588377775079,advanced,COMPLETE
240,-0.0016559721404409238,2025-12-08 01:36:39.988909,2025-12-08 01:36:46.813179,0 days 00:00:06.824270,0.35995857878786575,0.029081667723470987,8,3,913,4.454129837463892,0.20078689799769964,0.5629598937882809,advanced,COMPLETE
241,-0.0019482106038083795,2025-12-08 01:36:46.814183,2025-12-08 01:36:53.991233,0 days 00:00:07.177050,0.3822342380473141,0.022282884077920916,8,3,770,1.3824109303281675,0.2115087223380961,0.5895304518721972,advanced,COMPLETE
242,-0.001649477349279893,2025-12-08 01:36:53.991233,2025-12-08 01:37:00.461147,0 days 00:00:06.469914,0.3755133480785533,0.019077407339535796,8,3,682,1.418193976692875,0.20030799249781156,0.5693004086566664,advanced,COMPLETE
243,-0.001564666581380621,2025-12-08 01:37:00.462148,2025-12-08 01:37:08.880387,0 days 00:00:08.418239,0.3559185246064683,0.017105630163143815,8,4,872,1.299474834330777,0.22114461486518555,0.5828108916543232,advanced,COMPLETE
244,-0.0017005433049856282,2025-12-08 01:37:08.882070,2025-12-08 01:37:14.582168,0 days 00:00:05.700098,0.366306357175755,0.02332827272983177,8,2,670,1.5951250951596767,0.165227538158011,0.5291514516715841,advanced,COMPLETE
245,-0.0012256322016276355,2025-12-08 01:37:14.582168,2025-12-08 01:37:21.682423,0 days 00:00:07.100255,0.3919028623588559,0.020214893588216952,8,3,783,1.4004879768275758,0.22985325849211913,0.5645909738976579,advanced,COMPLETE
246,-0.0016149315760437914,2025-12-08 01:37:21.682423,2025-12-08 01:37:28.989609,0 days 00:00:07.307186,0.3939021434031812,0.019476188334686728,8,3,798,1.3741773463551419,0.19542575028941414,0.5597838339951361,advanced,COMPLETE
247,-0.0018980061343196741,2025-12-08 01:37:28.993630,2025-12-08 01:37:37.969674,0 days 00:00:08.976044,0.38652406178837584,0.018221365527423167,8,3,908,1.2329508269217442,0.22198504447488282,0.5441476755368522,advanced,COMPLETE
248,-0.001223744057120224,2025-12-08 01:37:37.970676,2025-12-08 01:37:45.019680,0 days 00:00:07.049004,0.3714609459015894,0.022080915066791464,8,4,795,1.4344589299152075,0.29357945167221217,0.5979775511460816,advanced,COMPLETE
249,-0.0015258437364445616,2025-12-08 01:37:45.020680,2025-12-08 01:37:52.631716,0 days 00:00:07.611036,0.3704356821069627,0.022205677433491496,8,4,844,1.3979872420375534,0.30735695899253335,0.6020041390005518,advanced,COMPLETE
250,-0.0009430898162563114,2025-12-08 01:37:52.632330,2025-12-08 01:37:59.861672,0 days 00:00:07.229342,0.34748660387339925,0.023889310251820273,8,4,750,1.3005648097375042,0.2642326737937595,0.5849582708491636,advanced,COMPLETE
251,-0.0030354743040958607,2025-12-08 01:37:59.862672,2025-12-08 01:38:07.699704,0 days 00:00:07.837032,0.37937955281703817,0.027398283241811656,8,3,744,1.2270676995084662,0.2820767077494722,0.5895725843254123,advanced,COMPLETE
252,-0.001717723517829765,2025-12-08 01:38:07.699704,2025-12-08 01:38:15.022626,0 days 00:00:07.322922,0.3537415285290153,0.024043421964385785,8,3,758,1.2994780763324014,0.26339007666901737,0.5839078925199489,advanced,COMPLETE
253,-0.0038116060043517455,2025-12-08 01:38:15.022626,2025-12-08 01:38:23.513215,0 days 00:00:08.490589,0.34072798203273436,0.02167000948855503,8,4,690,1.1141967880655608,0.33132647087822176,0.5952217115386655,advanced,COMPLETE
254,-0.0014619203522343582,2025-12-08 01:38:23.515381,2025-12-08 01:38:31.125701,0 days 00:00:07.610320,0.37090562533061755,0.02338604196313614,8,3,831,1.446851058642974,0.1685524978819813,0.5719697780228755,advanced,COMPLETE
255,-0.0013507295766976106,2025-12-08 01:38:31.125701,2025-12-08 01:38:37.922384,0 days 00:00:06.796683,0.3833317071237863,0.02433992886937712,8,4,836,1.6161359712498198,4.014415837468357,0.5646172896123056,advanced,COMPLETE
256,-0.0011321988969544838,2025-12-08 01:38:37.923386,2025-12-08 01:38:45.297900,0 days 00:00:07.374514,0.38329390004314423,0.026847167804844183,9,4,907,1.6498087020167287,0.36918434581950865,0.5699456605344126,advanced,COMPLETE
257,-0.0012722087298876843,2025-12-08 01:38:45.297900,2025-12-08 01:38:52.540823,0 days 00:00:07.242923,0.3896172494093521,0.026641287936444224,9,4,897,1.6134707929208625,1.720169993888074,0.5639751362728643,advanced,COMPLETE
258,-0.001239776887394295,2025-12-08 01:38:52.540823,2025-12-08 01:38:59.901832,0 days 00:00:07.361009,0.38827111620297566,0.029414930144781734,9,4,903,1.6029114212562297,4.478582173927045,0.5488208646703017,advanced,COMPLETE
259,-0.0016618629998491248,2025-12-08 01:38:59.902833,2025-12-08 01:39:07.123546,0 days 00:00:07.220713,0.38934997957892126,0.028519267758144996,10,4,922,1.6263315113030674,3.6963724803672044,0.5273796124906382,advanced,COMPLETE
260,-0.0014400552926633707,2025-12-08 01:39:07.123546,2025-12-08 01:39:13.582035,0 days 00:00:06.458489,0.4020790104221572,0.02659924051731147,9,4,780,1.6160329781322356,5.3149173140495884,0.5409382126610661,advanced,COMPLETE
261,-0.0013624306452381478,2025-12-08 01:39:13.582035,2025-12-08 01:39:19.977840,0 days 00:00:06.395805,0.40302397231474507,0.033582791118884646,9,4,786,1.639384044771607,9.861264700338404,0.539630432605461,advanced,COMPLETE
262,-0.0016999933804584533,2025-12-08 01:39:19.977840,2025-12-08 01:39:27.429581,0 days 00:00:07.451741,0.3912008141670154,0.031934073577428494,9,5,901,1.444478522615118,2.3548793972616058,0.5153071747589716,advanced,COMPLETE
263,-0.0011372568773260576,2025-12-08 01:39:27.431084,2025-12-08 01:39:33.748062,0 days 00:00:06.316978,0.38167251092621435,0.03292993450080006,9,4,759,1.6432397930047573,3.0441582696154628,0.5485006501396823,advanced,COMPLETE
264,-0.001093654832814724,2025-12-08 01:39:33.749129,2025-12-08 01:39:40.670700,0 days 00:00:06.921571,0.38521513363212057,0.03499540623860487,9,4,836,1.6557279250286037,3.381342442098402,0.551340300553159,advanced,COMPLETE
265,-0.0013264969541899225,2025-12-08 01:39:40.670700,2025-12-08 01:39:47.535118,0 days 00:00:06.864418,0.40533179440122474,0.034552501786636367,9,4,861,1.6866760763731303,4.33936236289017,0.5509132286407176,advanced,COMPLETE
266,-0.0013865306172120562,2025-12-08 01:39:47.535118,2025-12-08 01:39:54.770207,0 days 00:00:07.235089,0.4042979833168689,0.03766800197200499,9,4,924,1.7156087032268517,4.353721612850578,0.5483523667976236,advanced,COMPLETE
267,-0.001407287266932548,2025-12-08 01:39:54.771212,2025-12-08 01:40:01.419066,0 days 00:00:06.647854,0.41730440348252384,0.03546171704900837,9,4,850,1.7367133212106682,3.129867498818866,0.5487487393671464,advanced,COMPLETE
268,-0.001632508353503222,2025-12-08 01:40:01.420066,2025-12-08 01:40:08.556872,0 days 00:00:07.136806,0.4050065504665978,0.03535930301734228,9,4,915,1.705146721307623,4.1781773940959575,0.5243313137854978,advanced,COMPLETE
269,-0.11090806284963566,2025-12-08 01:40:08.559375,2025-12-08 01:41:29.957495,0 days 00:01:21.398120,0.39030458850851496,0.03937391844922371,9,4,750,0.016718304330995082,4.448663779118782,0.5485365833854045,advanced,COMPLETE
270,-0.0017250457420562675,2025-12-08 01:41:29.959005,2025-12-08 01:41:37.338677,0 days 00:00:07.379672,0.4054346989760026,0.033165771536386335,9,4,917,1.6350720110006356,10.304517509820442,0.5372631406996079,advanced,COMPLETE
271,-0.0012114703194930538,2025-12-08 01:41:37.340350,2025-12-08 01:41:44.688960,0 days 00:00:07.348610,0.41879597632705656,0.04348217392872183,9,5,954,1.7126600105278853,2.978289415726676,0.553945677588448,advanced,COMPLETE
272,-0.0014715697856496994,2025-12-08 01:41:44.688960,2025-12-08 01:41:52.772534,0 days 00:00:08.083574,0.4183208186767067,0.04468668465402845,9,5,1074,1.7816009164475979,3.3740001811561595,0.5560812369821321,advanced,COMPLETE
273,-0.0012882688672624099,2025-12-08 01:41:52.774541,2025-12-08 01:42:00.222898,0 days 00:00:07.448357,0.39683489996360055,0.04162076796071156,9,4,954,1.7021995072914307,2.9266931436704753,0.647058808927922,advanced,COMPLETE
274,-0.001360027150454024,2025-12-08 01:42:00.223896,2025-12-08 01:42:07.759246,0 days 00:00:07.535350,0.3960869446542364,0.04090839456805161,9,5,966,1.6728127605218888,2.6336121280434406,0.6568742792516838,advanced,COMPLETE
275,-0.0015720613093798501,2025-12-08 01:42:07.760975,2025-12-08 01:42:15.710145,0 days 00:00:07.949170,0.39123521645017567,0.0427305837942953,9,5,970,1.6373311241239386,2.8590897526808337,0.6648726722018882,advanced,COMPLETE
276,-0.0017023511464632584,2025-12-08 01:42:15.710145,2025-12-08 01:42:24.097353,0 days 00:00:08.387208,0.38710321099645834,0.030106546222605238,9,5,1116,1.7593342683665583,2.347464071645656,0.638800862328225,advanced,COMPLETE
277,-0.001410496990084405,2025-12-08 01:42:24.099485,2025-12-08 01:42:31.197373,0 days 00:00:07.097888,0.4156047315923258,0.043340407773752164,9,4,853,1.618513948870932,3.0071235510054932,0.6490453667829124,advanced,COMPLETE
278,-0.001312949803396431,2025-12-08 01:42:31.199675,2025-12-08 01:42:38.743215,0 days 00:00:07.543540,0.38025377275635897,0.04099259603963639,9,5,956,1.7068310023554627,1.916481070199648,0.665353804657503,advanced,COMPLETE
279,-0.001537031127114415,2025-12-08 01:42:38.743215,2025-12-08 01:42:46.255362,0 days 00:00:07.512147,0.3802348771983446,0.04129496019956236,9,5,996,1.8140999037038805,1.636714667183283,0.6294585440157524,advanced,COMPLETE
280,-0.0014002601357913462,2025-12-08 01:42:46.256363,2025-12-08 01:42:53.733416,0 days 00:00:07.477053,0.39193385766571787,0.03914899140651765,9,4,952,1.7104851563012946,3.7872619783813377,0.6775670385751252,advanced,COMPLETE
281,-0.0019169286717524898,2025-12-08 01:42:53.734414,2025-12-08 01:43:02.430460,0 days 00:00:08.696046,0.3614995901390783,0.036936799438753165,9,5,1088,1.621498832361432,1.3678647127627235,0.6720689530094347,advanced,COMPLETE
282,-0.0015434465497950651,2025-12-08 01:43:02.431254,2025-12-08 01:43:09.235165,0 days 00:00:06.803911,0.3822076711844876,0.046816384941565405,9,4,856,1.6908817031304104,1.788380429932845,0.652681451799271,advanced,COMPLETE
283,-0.015138162728200713,2025-12-08 01:43:09.237671,2025-12-08 01:43:25.018109,0 days 00:00:15.780438,0.3953663874184614,0.030590909466521148,9,5,950,0.8875943078846167,2.597951508145773,0.656858984200977,advanced,COMPLETE
