number,value,datetime_start,datetime_complete,duration,params_xgb_colsample_bytree,params_xgb_learning_rate,params_xgb_max_depth,params_xgb_min_child_weight,params_xgb_n_estimators,params_xgb_reg_alpha,params_xgb_reg_lambda,params_xgb_subsample,user_attrs_feature_level,state
94,-0.0016559721404409238,2025-12-08 01:14:16.144089,2025-12-08 01:14:24.490474,0 days 00:00:08.346385,0.6686526237265563,0.010922141129838133,3,9,1101,2.0572005343860917,0.4448017392190731,0.8424099818273064,advanced,COMPLETE
95,-0.0016073230064443944,2025-12-08 01:14:24.491477,2025-12-08 01:14:36.109862,0 days 00:00:11.618385,0.645350668249218,0.009370103767254527,3,9,1563,1.7137574204226236,0.3164440108169093,0.775355748742075,advanced,COMPLETE
96,-0.0016902750389323022,2025-12-08 01:14:36.109862,2025-12-08 01:14:46.172452,0 days 00:00:10.062590,0.6289824204694319,0.016245677799972973,3,8,1312,1.6614430722483369,0.5694358293546333,0.7710465117912405,advanced,COMPLETE
97,-0.0032115819592117103,2025-12-08 01:14:46.172452,2025-12-08 01:15:00.382508,0 days 00:00:14.210056,0.6453615768084654,0.009274868429281028,3,11,1614,1.317202075649233,0.3713534194932289,0.7353340783457831,advanced,COMPLETE
98,-0.029879984941491616,2025-12-08 01:15:00.383511,2025-12-08 01:15:27.770510,0 days 00:00:27.386999,0.7107438672100838,0.01371258064650087,4,9,1722,0.8515071187938474,0.210546303258959,0.7503044610783028,advanced,COMPLETE
99,-0.008851297574358504,2025-12-08 01:15:27.772557,2025-12-08 01:15:48.229993,0 days 00:00:20.457436,0.7347263760804085,0.0077771337385861275,4,6,1531,1.0639722517943486,0.30882531478057645,0.7045127428583398,advanced,COMPLETE
100,-0.0016559721404409238,2025-12-08 01:15:48.230544,2025-12-08 01:16:01.419876,0 days 00:00:13.189332,0.7707805826158648,0.012280924287653816,3,8,1784,2.467798546468481,0.2554511229275015,0.8878075144697632,advanced,COMPLETE
101,-0.0015977440468014266,2025-12-08 01:16:01.420877,2025-12-08 01:16:10.663279,0 days 00:00:09.242402,0.6793723036825423,0.010786233518289503,3,9,1168,1.6792240340467917,0.28635142349313253,0.797141987090135,advanced,COMPLETE
102,-0.001655575776964587,2025-12-08 01:16:10.663279,2025-12-08 01:16:19.326443,0 days 00:00:08.663164,0.6574393673609917,0.011534783515832642,3,9,1087,1.7178269002570017,0.4030503034765035,0.8183928623476674,advanced,COMPLETE
103,-0.0017384282737847128,2025-12-08 01:16:19.327443,2025-12-08 01:16:29.835657,0 days 00:00:10.508214,0.6922884263107287,0.006335170087374236,3,7,1206,1.4650021285760049,0.46348211344416884,0.7843616276683878,advanced,COMPLETE
104,-0.0016640361629196576,2025-12-08 01:16:29.836658,2025-12-08 01:16:36.861547,0 days 00:00:07.024889,0.6100848718063705,0.009368924248006684,3,10,900,1.9306698225732175,0.2937234580009234,0.7992991623952806,advanced,COMPLETE
105,-0.0016797846658469506,2025-12-08 01:16:36.862549,2025-12-08 01:16:47.632266,0 days 00:00:10.769717,0.7448837886949397,0.008062271479762817,3,12,1355,1.6993704946617634,0.3520402899600157,0.8514586724508628,advanced,COMPLETE
106,-0.0016559721404409238,2025-12-08 01:16:47.634267,2025-12-08 01:16:57.013684,0 days 00:00:09.379417,0.6682459325946633,0.010848871843451685,3,14,1267,2.2786877334051363,0.2341419395965141,0.6313399679910898,advanced,COMPLETE
107,-0.0016559721404409238,2025-12-08 01:16:57.015194,2025-12-08 01:17:09.364302,0 days 00:00:12.349108,0.7091115852776152,0.013160344227316037,4,10,1698,2.1012830972750836,0.1423149233640948,0.8326474731909326,advanced,COMPLETE
108,-0.0018089929184757307,2025-12-08 01:17:09.365807,2025-12-08 01:17:21.715335,0 days 00:00:12.349528,0.6966142500419215,0.014285548938184964,3,11,1568,1.5469344948798103,0.19416522424882862,0.7680154870450884,advanced,COMPLETE
109,-0.005707385902382363,2025-12-08 01:17:21.716948,2025-12-08 01:17:40.163198,0 days 00:00:18.446250,0.7839654885797485,0.008382048361455337,3,15,1857,1.2255799925471997,0.5087013304876029,0.813784703656738,advanced,COMPLETE
110,-0.0016393425499682628,2025-12-08 01:17:40.165377,2025-12-08 01:17:51.017939,0 days 00:00:10.852562,0.7209090761745602,0.009640831836895115,3,13,1446,1.7844264535245142,17.282628550248397,0.780808241132003,advanced,COMPLETE
111,-0.0016541245855784907,2025-12-08 01:17:51.017939,2025-12-08 01:18:02.036283,0 days 00:00:11.018344,0.6866667658837106,0.010283547391199006,3,9,1489,1.9195617181766487,0.3117641764262755,0.7917368186126944,advanced,COMPLETE
112,-0.001631139873651044,2025-12-08 01:18:02.036283,2025-12-08 01:18:17.025680,0 days 00:00:14.989397,0.6772810313816037,0.012497411277850694,3,9,2093,1.7585718465737326,0.3967624620557717,0.800039314344621,advanced,COMPLETE
113,-0.0016595268075123941,2025-12-08 01:18:17.025680,2025-12-08 01:18:29.817162,0 days 00:00:12.791482,0.7454146549104058,0.010620072310089887,3,9,1611,1.5956295842165973,0.26728542941850064,0.7515273094640197,advanced,COMPLETE
114,-0.003142999944963698,2025-12-08 01:18:29.818167,2025-12-08 01:18:48.929006,0 days 00:00:19.110839,0.7293067232830857,0.011629696813609201,3,8,2349,1.4022615290778884,0.3311794964204062,0.7625225473061032,advanced,COMPLETE
115,-0.0016559721404409238,2025-12-08 01:18:48.930514,2025-12-08 01:18:57.825650,0 days 00:00:08.895136,0.6761844369383865,0.008791452006785595,7,10,1182,2.150492624158919,0.17578623149289774,0.7851287629904465,advanced,COMPLETE
116,-0.0016441860996206554,2025-12-08 01:18:57.826650,2025-12-08 01:19:13.428944,0 days 00:00:15.602294,0.7060444527720485,0.007543124336461368,3,11,2168,1.8894973601631984,0.5768857235292791,0.800867806661567,advanced,COMPLETE
117,-0.0016559721404409238,2025-12-08 01:19:13.429944,2025-12-08 01:19:23.609293,0 days 00:00:10.179349,0.6621280264603777,0.009610833268936443,4,10,1384,2.016040285096233,0.2880223777770602,0.8172400894144478,advanced,COMPLETE
118,-0.001644714063536797,2025-12-08 01:19:23.611061,2025-12-08 01:19:38.274674,0 days 00:00:14.663613,0.7634551309917603,0.015780942409380147,3,9,1904,1.6669999716363595,0.13071330765212147,0.8339925919056256,advanced,COMPLETE
119,-0.001650261867734167,2025-12-08 01:19:38.276677,2025-12-08 01:19:50.475561,0 days 00:00:12.198884,0.6460924046687778,0.030963145947200843,3,11,1683,1.810915250629686,0.1130829871144173,0.8685526121672915,advanced,COMPLETE
120,-0.0018558248535866333,2025-12-08 01:19:50.476561,2025-12-08 01:20:02.357506,0 days 00:00:11.880945,0.6320069825115248,0.010327235240387995,3,7,1499,1.5257040721185402,0.22121681508464272,0.8500005210415968,advanced,COMPLETE
121,-0.0016039125360916007,2025-12-08 01:20:02.359011,2025-12-08 01:20:16.376341,0 days 00:00:14.017330,0.6837280004296242,0.007177646225683513,3,8,1949,1.786158747261959,0.11401530144684666,0.7964880148915239,advanced,COMPLETE
122,-0.0016154290347929479,2025-12-08 01:20:16.377340,2025-12-08 01:20:32.595133,0 days 00:00:16.217793,0.6827358299715133,0.00836264190777771,3,8,2255,1.7632110335199989,0.13334633094454215,0.7753848072712887,advanced,COMPLETE
123,-0.0016559721404409238,2025-12-08 01:20:32.595133,2025-12-08 01:20:48.811586,0 days 00:00:16.216453,0.6993440485471205,0.006656974175576143,3,8,2299,2.054551471729662,0.14604942023533177,0.7762378551925219,advanced,COMPLETE
124,-0.0016700626089100796,2025-12-08 01:20:48.813785,2025-12-08 01:21:04.118062,0 days 00:00:15.304277,0.7180271201355672,0.00835026303756822,3,8,2013,1.6253148638903698,0.12719824381095823,0.7274595915000626,advanced,COMPLETE
125,-0.0016528115586586327,2025-12-08 01:21:04.119189,2025-12-08 01:21:19.166684,0 days 00:00:15.047495,0.689274360213071,0.0055399152538365614,3,6,2093,1.953304958386656,0.16406041493862009,0.8073873067651234,advanced,COMPLETE
126,-0.002209514231879317,2025-12-08 01:21:19.166684,2025-12-08 01:21:37.403049,0 days 00:00:18.236365,0.7329874044576776,0.009149810590255969,3,12,2247,1.449164472006098,0.10934038878247603,0.738457621839874,advanced,COMPLETE
127,-0.0016177863437566071,2025-12-08 01:21:37.404049,2025-12-08 01:21:52.133312,0 days 00:00:14.729263,0.7506703330823942,0.007282352120263471,3,7,1936,1.71833836383491,0.134346197440132,0.759664442127532,advanced,COMPLETE
128,-0.0016201309354891464,2025-12-08 01:21:52.133312,2025-12-08 01:22:06.211262,0 days 00:00:14.077950,0.7518645223264278,0.007050850560670811,4,7,1832,1.7072152082406307,0.11970491062312896,0.7590039290441455,advanced,COMPLETE
129,-0.0031176516838021064,2025-12-08 01:22:06.213307,2025-12-08 01:22:23.042435,0 days 00:00:16.829128,0.6519075000783031,0.007457977167144597,3,8,1937,1.332122907336173,0.13069617308272863,0.7743709333228757,advanced,COMPLETE
130,-0.0016559721404409238,2025-12-08 01:22:23.042435,2025-12-08 01:22:36.168979,0 days 00:00:13.126544,0.8042064231211982,0.006235436080246274,3,6,1744,2.2309225002825745,0.16260389876047443,0.7427679779841698,advanced,COMPLETE
131,-0.0015866739052052086,2025-12-08 01:22:36.168979,2025-12-08 01:22:51.063394,0 days 00:00:14.894415,0.7614700273509148,0.0071132823691980335,5,7,1834,1.7080031909137525,0.11445449453758799,0.7626350054579165,advanced,COMPLETE
132,-0.0016131349948772893,2025-12-08 01:22:51.064181,2025-12-08 01:23:05.814419,0 days 00:00:14.750238,0.7747342719959919,0.00797521867116067,5,7,1893,1.8800531922704895,0.11220060826801949,0.785087785649219,advanced,COMPLETE
133,-0.0016239924721201209,2025-12-08 01:23:05.815423,2025-12-08 01:23:20.661970,0 days 00:00:14.846547,0.8179910182093755,0.005688204726075941,5,5,1861,1.8822901373729768,0.1112534657564828,0.7857512320065065,advanced,COMPLETE
134,-0.001486222192729499,2025-12-08 01:23:20.663523,2025-12-08 01:23:33.038834,0 days 00:00:12.375311,0.31151801164566184,0.008012260679477164,5,7,1648,1.585817754537339,0.14088411283621277,0.7647264839032818,advanced,COMPLETE
135,-0.0016559721404409238,2025-12-08 01:23:33.039823,2025-12-08 01:23:44.352928,0 days 00:00:11.313105,0.40188978657847607,0.007964755391689284,5,7,1691,3.3236262594616264,0.1011112217310787,0.682431749741353,advanced,COMPLETE
136,-0.0017355142519783022,2025-12-08 01:23:44.353928,2025-12-08 01:23:57.039468,0 days 00:00:12.685540,0.5327916007324905,0.011384826390744942,6,6,1603,1.6075458119051216,6.993205802090579,0.8211678739747138,advanced,COMPLETE
137,-0.0019050247396586266,2025-12-08 01:23:57.039468,2025-12-08 01:24:14.465641,0 days 00:00:17.426173,0.7880057837194507,0.004569704092759555,5,8,1817,1.4994992728328667,0.11660064343714117,0.768031941233484,advanced,COMPLETE
138,-0.0016840419762613006,2025-12-08 01:24:14.467148,2025-12-08 01:24:27.078794,0 days 00:00:12.611646,0.6155514091340306,0.012640939140717311,5,7,1744,1.9787741174682818,0.14673060722464892,0.7895390551682443,advanced,COMPLETE
139,-0.001609550951811034,2025-12-08 01:24:27.080300,2025-12-08 01:24:38.466984,0 days 00:00:11.386684,0.5942129081708372,0.009579271184152461,6,8,1546,1.8262550491737988,0.1133688251903214,0.7451624092518522,advanced,COMPLETE
140,-0.001652174816258049,2025-12-08 01:24:38.467987,2025-12-08 01:24:49.036708,0 days 00:00:10.568721,0.3292959454596608,0.009683805481292815,6,6,1559,1.8673311995625261,0.11172048934961176,0.7467061698548765,advanced,COMPLETE
141,-0.001630335155673679,2025-12-08 01:24:49.036708,2025-12-08 01:25:02.392622,0 days 00:00:13.355914,0.7726755017504399,0.008574018564828666,5,8,1657,1.78061137109176,0.1311085358175269,0.7823882683874959,advanced,COMPLETE
142,-0.0016559721404409238,2025-12-08 01:25:02.393629,2025-12-08 01:25:15.815342,0 days 00:00:13.421713,0.3871107581194172,0.006530309265935422,6,8,2026,2.099842861034223,0.11766082369781529,0.7711131292587721,advanced,COMPLETE
143,-0.0017344464233537786,2025-12-08 01:25:15.816440,2025-12-08 01:25:29.666489,0 days 00:00:13.850049,0.5946354499567996,0.010841555793030755,5,7,1760,1.6135406956596443,0.14650988948982885,0.8083778529085217,advanced,COMPLETE
144,-0.0016670949033853095,2025-12-08 01:25:29.667492,2025-12-08 01:25:40.363920,0 days 00:00:10.696428,0.717627372545977,0.007734932921277382,5,8,1402,1.9841383300388642,0.1001601072783531,0.7550694665666413,advanced,COMPLETE
145,-0.001706239343387243,2025-12-08 01:25:40.365423,2025-12-08 01:25:53.852010,0 days 00:00:13.486587,0.45488545107487677,0.011885537555656989,6,9,1878,1.7512800726199307,0.17421462255610895,0.7971120222239148,advanced,COMPLETE
146,-0.0016572872841631447,2025-12-08 01:25:53.853010,2025-12-08 01:26:05.413121,0 days 00:00:11.560111,0.48406327651498354,0.009118421211189835,5,5,1650,1.8668339149062239,0.12894041048675492,0.8247690238686182,advanced,COMPLETE
147,-0.0019226621108909454,2025-12-08 01:26:05.413121,2025-12-08 01:26:19.370746,0 days 00:00:13.957625,0.6702422966394401,0.009874180834636767,7,9,1539,1.513550616166516,0.19730846396964377,0.7752449666113025,advanced,COMPLETE
148,-0.0016102608172473924,2025-12-08 01:26:19.371751,2025-12-08 01:26:29.635475,0 days 00:00:10.263724,0.7053986955085431,0.008338653148863309,5,6,1309,1.659213679234855,0.15543868368569233,0.5194379606659993,advanced,COMPLETE
149,-0.0015880520421209798,2025-12-08 01:26:29.637529,2025-12-08 01:26:38.007942,0 days 00:00:08.370413,0.7263588163935281,0.01112265485276602,5,6,1026,1.6510378032862354,0.15548623159551153,0.5191746303692313,advanced,COMPLETE
150,-0.001811116166286079,2025-12-08 01:26:38.009966,2025-12-08 01:26:46.446174,0 days 00:00:08.436208,0.7119407412892442,0.013098671127840897,5,6,888,1.3668620383975072,0.15224865466639187,0.5300466103441257,advanced,COMPLETE
151,-0.0016782585576990232,2025-12-08 01:26:46.446174,2025-12-08 01:26:53.881951,0 days 00:00:07.435777,0.3086568431831175,0.010837792843214147,5,4,1017,1.5753872423331023,0.11054018124336037,0.5043528028738907,advanced,COMPLETE
152,-0.001697477719545019,2025-12-08 01:26:53.883466,2025-12-08 01:27:00.578517,0 days 00:00:06.695051,0.7335148635383738,0.011667026621039026,5,5,796,1.6928644111585944,0.2492165500907466,0.5135591673228816,advanced,COMPLETE
153,-0.0016329918928161085,2025-12-08 01:27:00.578517,2025-12-08 01:27:11.355816,0 days 00:00:10.777299,0.6980273112853445,0.009515329987461471,5,6,1300,1.4444123601927854,0.12006108306162867,0.47888889713533256,advanced,COMPLETE
154,-0.0015536686037091278,2025-12-08 01:27:11.356815,2025-12-08 01:27:22.116871,0 days 00:00:10.760056,0.7614971067830159,0.014242661531136484,6,7,1343,1.6495654552140289,0.10025030313465105,0.5387752444989979,advanced,COMPLETE
155,-0.0026430779461729115,2025-12-08 01:27:22.116871,2025-12-08 01:27:35.420196,0 days 00:00:13.303325,0.7654443126807136,0.018157050159527604,6,7,1249,1.2409270835785822,0.11220962128316216,0.5297901242818096,advanced,COMPLETE
156,-0.0016178355556052033,2025-12-08 01:27:35.423196,2025-12-08 01:27:44.744847,0 days 00:00:09.321651,0.7982910672734213,0.013627362468755694,6,6,1131,1.6464813984161044,0.10040040693058719,0.4785811117104326,advanced,COMPLETE
157,-0.0016592784154559521,2025-12-08 01:27:44.744847,2025-12-08 01:27:55.754987,0 days 00:00:11.010140,0.7582997710983844,0.015570579068678264,6,7,1444,1.9228821355276122,0.15480868950390686,0.5506165923198868,advanced,COMPLETE
158,-0.0016244185560278328,2025-12-08 01:27:55.756700,2025-12-08 01:28:06.739467,0 days 00:00:10.982767,0.8290679209394001,0.014524519857561598,5,7,1323,1.513090426805555,0.12389436994007828,0.4524210168697699,advanced,COMPLETE
159,-0.0014487699137180805,2025-12-08 01:28:06.739467,2025-12-08 01:28:14.595023,0 days 00:00:07.855556,0.44008487295360343,0.012352727708949494,6,6,1021,1.6837917291304223,0.1399378364320003,0.575514358417288,advanced,COMPLETE
160,-0.001547047291762249,2025-12-08 01:28:14.597571,2025-12-08 01:28:22.168523,0 days 00:00:07.570952,0.3289374404199782,0.012527272862208748,6,6,1010,1.661631627496316,0.18280283513953935,0.5797879094619984,advanced,COMPLETE
161,-0.001562973281285777,2025-12-08 01:28:22.168523,2025-12-08 01:28:29.561021,0 days 00:00:07.392498,0.32171239042000266,0.012681827680994651,6,6,984,1.6585564814742524,0.17353063908326669,0.5868080546441437,advanced,COMPLETE
162,-0.001565510070181612,2025-12-08 01:28:29.563024,2025-12-08 01:28:37.176113,0 days 00:00:07.613089,0.36292883547016,0.012894024548614814,6,5,995,1.6237171339367618,0.18285422559001346,0.5887587133740851,advanced,COMPLETE
163,-0.0014994202027029206,2025-12-08 01:28:37.178082,2025-12-08 01:28:44.627307,0 days 00:00:07.449225,0.33377919019728863,0.0125397917122134,6,6,963,1.6093071020771013,0.1949659301018155,0.5960414606970018,advanced,COMPLETE
164,-0.0015223409925655778,2025-12-08 01:28:44.627307,2025-12-08 01:28:53.183146,0 days 00:00:08.555839,0.34636231136855866,0.012905336299601314,6,4,1029,1.423804421662825,0.18053798519589842,0.5787909775695266,advanced,COMPLETE
165,-0.0013439817950558302,2025-12-08 01:28:53.184146,2025-12-08 01:29:01.225126,0 days 00:00:08.040980,0.3322720542321671,0.014442530286179703,6,4,975,1.4014112872993496,0.18549030461834584,0.5808804330668166,advanced,COMPLETE
166,-0.003492442892951216,2025-12-08 01:29:01.225126,2025-12-08 01:29:11.525414,0 days 00:00:10.300288,0.32892755778248367,0.014446240137293176,6,4,1038,1.137039675056712,0.20139198291757432,0.5793079482041689,advanced,COMPLETE
167,-0.0018672821095402359,2025-12-08 01:29:11.526414,2025-12-08 01:29:18.064751,0 days 00:00:06.538337,0.34988592875095753,0.016232515517990122,6,3,685,1.3236199016264574,0.18527238427333614,0.6025079525560576,advanced,COMPLETE
168,-0.0016240305104371726,2025-12-08 01:29:18.065301,2025-12-08 01:29:26.052154,0 days 00:00:07.986853,0.3619557686627002,0.013083314712511448,6,3,962,1.409563003445157,0.2150907345273717,0.5736128949383325,advanced,COMPLETE
169,-0.0014500197243014767,2025-12-08 01:29:26.053154,2025-12-08 01:29:32.857772,0 days 00:00:06.804618,0.3278913154377846,0.014876300902503066,7,4,842,1.5615104268796998,0.1664598033371827,0.5885465221449694,advanced,COMPLETE
170,-0.001925916129222845,2025-12-08 01:29:32.859274,2025-12-08 01:29:38.946054,0 days 00:00:06.086780,0.31980588064540355,0.017564531985497445,7,4,582,1.258683368770404,0.1715819323873682,0.594264063353472,advanced,COMPLETE
171,-0.0015265909352714473,2025-12-08 01:29:38.947561,2025-12-08 01:29:45.472862,0 days 00:00:06.525301,0.34561316297117345,0.013904711780791078,6,5,798,1.5603194157663558,0.18228102086560355,0.6238504357013309,advanced,COMPLETE
172,-0.0017062443563642393,2025-12-08 01:29:45.473862,2025-12-08 01:29:51.895683,0 days 00:00:06.421821,0.3002908221982031,0.015195575458480748,7,5,788,1.5569849473645534,0.18582670377857224,0.6157679012587869,advanced,COMPLETE
173,-0.0014681161993289615,2025-12-08 01:29:51.896682,2025-12-08 01:29:59.921153,0 days 00:00:08.024471,0.349048018082321,0.013899367242724225,6,4,979,1.4126219147094987,0.21042948870761408,0.5631465844709488,advanced,COMPLETE
174,-0.0013548864121149713,2025-12-08 01:29:59.922153,2025-12-08 01:30:07.569935,0 days 00:00:07.647782,0.34407766508920684,0.01944316056329604,6,4,945,1.4321321458537077,0.23097354728749667,0.564921564528297,advanced,COMPLETE
175,-0.005359170317150756,2025-12-08 01:30:07.569935,2025-12-08 01:30:16.858094,0 days 00:00:09.288159,0.35105112001401917,0.02623667961434237,6,4,933,1.1278504178880593,0.23284050094275952,0.563805609106162,advanced,COMPLETE
176,-0.0014191894754677452,2025-12-08 01:30:16.859596,2025-12-08 01:30:23.582033,0 days 00:00:06.722437,0.33847062123897714,0.0217841028066682,6,5,804,1.4141815772618136,0.2060334989195857,0.5836890451522135,advanced,COMPLETE
177,-0.0013237267077922017,2025-12-08 01:30:23.583999,2025-12-08 01:30:30.665320,0 days 00:00:07.081321,0.36983608457857337,0.02287413084380649,6,5,830,1.3814935049515518,0.20517485794938203,0.5775224299618332,advanced,COMPLETE
178,-0.0016189248442607014,2025-12-08 01:30:30.667042,2025-12-08 01:30:37.987438,0 days 00:00:07.320396,0.37375736961124156,0.02130781642921467,6,5,852,1.3809702279545935,0.21034459470201303,0.5800889319021958,advanced,COMPLETE
179,-0.0032562726288400587,2025-12-08 01:30:37.987438,2025-12-08 01:30:47.550072,0 days 00:00:09.562634,0.3377650123181729,0.023213995915926423,6,4,1048,1.2302161396622266,0.20299051772891025,0.6150135913364051,advanced,COMPLETE
180,-0.010740046411386261,2025-12-08 01:30:47.551623,2025-12-08 01:30:57.499439,0 days 00:00:09.947816,0.33707301931131,0.023912851873132922,6,5,827,0.9823344697075773,0.17487666703033447,0.5599566255456513,advanced,COMPLETE
181,-0.0014972619444067654,2025-12-08 01:30:57.500121,2025-12-08 01:31:03.654094,0 days 00:00:06.153973,0.3662217283945173,0.0187607974547129,6,3,712,1.43508696914196,0.235358892313737,0.5459945348629196,advanced,COMPLETE
182,-0.001389276513974691,2025-12-08 01:31:03.656205,2025-12-08 01:31:09.140963,0 days 00:00:05.484758,0.3703654179806508,0.018633556603695527,6,2,612,1.4405176431261097,0.23950904596935027,0.54729251610474,advanced,COMPLETE
183,-0.0014674669848806499,2025-12-08 01:31:09.142966,2025-12-08 01:31:14.116886,0 days 00:00:04.973920,0.36489728136902255,0.01947478885078343,6,3,481,1.3209896199363613,0.19236377982709274,0.5878643071142987,advanced,COMPLETE
184,-0.0020399020317985648,2025-12-08 01:31:14.119090,2025-12-08 01:31:19.274512,0 days 00:00:05.155422,0.3690304035629495,0.01944397510585043,6,3,517,1.3175607123587265,0.2386826513084416,0.546301321158456,advanced,COMPLETE
185,-0.0015715208190503205,2025-12-08 01:31:19.275514,2025-12-08 01:31:25.027261,0 days 00:00:05.751747,0.3437995427897748,0.019602509765446762,6,2,621,1.4277711083724247,0.22366384211093657,0.5872074317180581,advanced,COMPLETE
186,-0.0022513247127742644,2025-12-08 01:31:25.027261,2025-12-08 01:31:29.479125,0 days 00:00:04.451864,0.3450634014552692,0.018776957323560113,6,2,313,1.096071962919218,0.2251838159800739,0.5849192829601567,advanced,COMPLETE
187,-0.0015685769414426713,2025-12-08 01:31:29.495158,2025-12-08 01:31:33.742792,0 days 00:00:04.247634,0.36159601702725175,0.02007549894783373,6,2,412,1.4517803772231042,0.19611691000217948,0.6335746933538141,advanced,COMPLETE
188,-0.0017270039037237857,2025-12-08 01:31:33.743751,2025-12-08 01:31:38.474575,0 days 00:00:04.730824,0.3621131363188603,0.017007541375173997,6,2,434,1.319811493919539,0.1923725972251412,0.5657359355847607,advanced,COMPLETE
