number,value,datetime_start,datetime_complete,duration,params_xgb_colsample_bytree,params_xgb_learning_rate,params_xgb_max_depth,params_xgb_min_child_weight,params_xgb_n_estimators,params_xgb_reg_alpha,params_xgb_reg_lambda,params_xgb_subsample,user_attrs_feature_level,state
282,-0.0016075627732394793,2025-12-08 03:04:49.920591,2025-12-08 03:05:09.888828,0 days 00:00:19.968237,0.5705674707390587,0.0015393016306466407,4,7,585,0.3121227921203595,1.8277094417481319,0.6734715403694018,extensive,COMPLETE
283,-0.0006726070921086272,2025-12-08 03:05:09.889828,2025-12-08 03:05:21.330340,0 days 00:00:11.440512,0.6043896889872824,0.0013431317369889042,4,4,364,0.0058584837535868295,3.291374173773425,0.6243200790466986,extensive,COMPLETE
284,-0.0016559721404409238,2025-12-08 03:05:21.331340,2025-12-08 03:05:26.676203,0 days 00:00:05.344863,0.6949350906940412,0.0010772407793250092,5,14,477,2.0664239706748666,2.903540045759168,0.6403730969467565,extensive,COMPLETE
285,-0.008420074019818813,2025-12-08 03:05:26.678417,2025-12-08 03:06:24.397612,0 days 00:00:57.719195,0.776505649690591,0.0012577471362026852,4,13,1608,0.09413696225549144,2.2813237660702463,0.6611211425426172,extensive,COMPLETE
286,-0.0006522934520979776,2025-12-08 03:06:24.398609,2025-12-08 03:06:35.547000,0 days 00:00:11.148391,0.543223605936747,0.0011718265408199092,4,13,326,0.19541229935228477,2.6320250918765145,0.6138192848587068,extensive,COMPLETE
287,-0.001163353178499545,2025-12-08 03:06:35.547000,2025-12-08 03:07:22.885213,0 days 00:00:47.338213,0.8394132824931549,0.0014284794437504232,7,15,397,0.10342788784823595,3.8591279017545266,0.6488705352245742,extensive,COMPLETE
288,-0.0010688622841998525,2025-12-08 03:07:22.887211,2025-12-08 03:07:50.259509,0 days 00:00:27.372298,0.717708057073956,0.0010707511401842251,4,13,721,0.2685068467298003,2.083594320159718,0.6316893656708424,extensive,COMPLETE
289,-0.0037362616007307428,2025-12-08 03:07:50.259509,2025-12-08 03:08:05.836959,0 days 00:00:15.577450,0.7101611788290209,0.0015844437407808861,4,14,530,0.00475435180656944,3.1736012234611928,0.663140634744226,extensive,COMPLETE
290,-0.018535021599150808,2025-12-08 03:08:05.838726,2025-12-08 03:09:50.880469,0 days 00:01:45.041743,0.5914040636688385,0.0012702825670033184,4,10,3233,0.17098067202438236,2.8115109659021638,0.6041090259583599,extensive,COMPLETE
291,-0.006371603763398219,2025-12-08 03:09:50.881428,2025-12-08 03:10:01.963163,0 days 00:00:11.081735,0.6757028610652688,0.007432217715789533,4,9,273,0.33915154485341953,1.853139196605693,0.6422590687325308,extensive,COMPLETE
292,2.458848492103982e-05,2025-12-08 03:10:01.964163,2025-12-08 03:10:16.023120,0 days 00:00:14.058957,0.5706012789826758,0.0011416998785893258,4,12,436,0.10416142686001947,4.496533095684609,0.6797805910285665,extensive,COMPLETE
293,-0.0009753075660133467,2025-12-08 03:10:16.024623,2025-12-08 03:10:31.866405,0 days 00:00:15.841782,0.5685081142373742,0.0011501334802268308,4,12,476,0.49836890506645537,4.736443960329242,0.684769687219967,extensive,COMPLETE
294,-0.0007745850390602863,2025-12-08 03:10:31.867406,2025-12-08 03:10:52.282828,0 days 00:00:20.415422,0.581699182113001,0.0010774144328465928,4,12,599,0.2354838211856851,4.200142344445615,0.6725457228395108,extensive,COMPLETE
295,0.00010108097232564006,2025-12-08 03:10:52.282828,2025-12-08 03:11:06.106348,0 days 00:00:13.823520,0.5546123911146853,0.0012177079355447905,4,2,420,0.08435411929387446,2.5135245901084287,0.6255331691444684,extensive,COMPLETE
296,-0.0007885633675287865,2025-12-08 03:11:06.106348,2025-12-08 03:11:25.579601,0 days 00:00:19.473253,0.5279078436030605,0.0012573229542818995,5,18,410,0.16129686301721713,2.453491318768605,0.5970375938835143,extensive,COMPLETE
297,2.5261137700220242e-05,2025-12-08 03:11:25.579601,2025-12-08 03:11:37.447257,0 days 00:00:11.867656,0.5602069582405629,0.0013442384643314953,4,3,362,0.0774783017883737,2.2539012162066903,0.6905172932450158,extensive,COMPLETE
298,-0.0007577434874842156,2025-12-08 03:11:37.448560,2025-12-08 03:11:48.101137,0 days 00:00:10.652577,0.5573698538877434,0.0013415779918915208,4,2,344,0.006933157946221388,2.115838373203215,0.6917124319917173,extensive,COMPLETE
299,-0.0003721344569938371,2025-12-08 03:11:48.101137,2025-12-08 03:12:00.473767,0 days 00:00:12.372630,0.5655478277958572,0.0014135084162651002,4,3,368,0.08642471128874285,2.561689842812011,0.7221987259601745,extensive,COMPLETE
