number,value,datetime_start,datetime_complete,duration,params_xgb_colsample_bytree,params_xgb_learning_rate,params_xgb_max_depth,params_xgb_min_child_weight,params_xgb_n_estimators,params_xgb_reg_alpha,params_xgb_reg_lambda,params_xgb_subsample,user_attrs_feature_level,state
284,-0.001645978031355133,2025-12-08 01:43:25.019109,2025-12-08 01:43:31.525572,0 days 00:00:06.506463,0.37259123906622915,0.03128995654664467,9,4,808,1.7302736834532648,3.3107639062724927,0.6435146033934556,advanced,COMPLETE
285,-0.0016559721404409238,2025-12-08 01:43:31.525572,2025-12-08 01:43:38.016471,0 days 00:00:06.490899,0.3983211699136757,0.034527297645297834,9,4,864,2.7995780884577846,1.9414601636391238,0.5609769108763673,advanced,COMPLETE
286,-0.0016559721404409238,2025-12-08 01:43:38.018649,2025-12-08 01:43:43.741168,0 days 00:00:05.722519,0.36362944467849606,0.03996234810348739,9,3,724,3.977823575669549,2.1864732921048047,0.5572891189126344,advanced,COMPLETE
287,-0.001276202759765514,2025-12-08 01:43:43.741168,2025-12-08 01:43:52.109350,0 days 00:00:08.368182,0.3818019983681742,0.04858453583375445,10,5,1033,1.5977828291422655,2.7661958356063145,0.6227040585890247,advanced,COMPLETE
288,-0.0011156140834205353,2025-12-08 01:43:52.109350,2025-12-08 01:44:00.615132,0 days 00:00:08.505782,0.3791346666272604,0.0458559455020942,10,4,1048,1.5929161527941225,5.181220428676753,0.6231057741518744,advanced,COMPLETE
289,-0.001203726389169583,2025-12-08 01:44:00.617555,2025-12-08 01:44:09.340876,0 days 00:00:08.723321,0.38520573937339014,0.04872047851860256,10,3,1070,1.575250470356145,3.9586326998690473,0.6250877990015632,advanced,COMPLETE
290,-0.001567680802173547,2025-12-08 01:44:09.341872,2025-12-08 01:44:17.786800,0 days 00:00:08.444928,0.3756326918156811,0.04901151133533549,10,5,1130,1.8576686788444539,4.869805596263622,0.6305078973813864,advanced,COMPLETE
291,-0.001659355686798832,2025-12-08 01:44:17.787800,2025-12-08 01:44:26.410339,0 days 00:00:08.622539,0.38312944194566234,0.04948382718279897,9,4,1045,1.6080304899986564,3.958815544905957,0.6150253100831574,advanced,COMPLETE
292,-0.0015166514906207091,2025-12-08 01:44:26.411337,2025-12-08 01:44:34.531139,0 days 00:00:08.119802,0.4106560695477974,0.04689132010041025,10,3,1069,1.7771598798981734,5.622493102596216,0.6209073784694543,advanced,COMPLETE
293,-0.001739507866858947,2025-12-08 01:44:34.532143,2025-12-08 01:44:43.981602,0 days 00:00:09.449459,0.36468057718683644,0.04590944222927054,10,4,1160,1.5887338037144718,3.5659436349351736,0.6207699123450381,advanced,COMPLETE
294,-0.0016559721404409238,2025-12-08 01:44:43.982601,2025-12-08 01:44:50.726269,0 days 00:00:06.743668,0.3849503959689168,0.043717981024393934,10,3,914,3.0823851900727304,4.706282530575387,0.6014994803460534,advanced,COMPLETE
295,-0.0015103255143399015,2025-12-08 01:44:50.728272,2025-12-08 01:44:59.235679,0 days 00:00:08.507407,0.3709505536162631,0.04266530058880011,10,5,1013,1.5882530723377446,2.8429843792450344,0.6147499201244555,advanced,COMPLETE
296,-0.001450344973014846,2025-12-08 01:44:59.235679,2025-12-08 01:45:06.068416,0 days 00:00:06.832737,0.3559564958782564,0.03670486832651539,10,4,858,1.750366648737169,6.185449264758476,0.5793725638505672,advanced,COMPLETE
297,-0.0016781052553466551,2025-12-08 01:45:06.070124,2025-12-08 01:45:12.147323,0 days 00:00:06.077199,0.39915798804197644,0.029458422965943473,10,3,780,1.8481411724687409,4.243177593340018,0.6059323730964319,advanced,COMPLETE
298,-0.0015560945481122672,2025-12-08 01:45:12.148525,2025-12-08 01:45:19.267583,0 days 00:00:07.119058,0.41984529498624085,0.027491623426497365,10,5,881,1.6240329523489363,3.5590687788775393,0.5578277401440848,advanced,COMPLETE
299,-0.0007939117974871494,2025-12-08 01:45:19.268585,2025-12-08 01:45:27.706855,0 days 00:00:08.438270,0.3793516059380122,0.04459245136219862,10,4,1009,1.556621481850955,3.221362990113749,0.5654951994790539,advanced,COMPLETE
