number,value,datetime_start,datetime_complete,duration,params_xgb_colsample_bytree,params_xgb_learning_rate,params_xgb_max_depth,params_xgb_min_child_weight,params_xgb_n_estimators,params_xgb_reg_alpha,params_xgb_reg_lambda,params_xgb_subsample,user_attrs_feature_level,state
190,-0.0016827857117078793,2025-12-07 21:30:00.982573,2025-12-07 21:30:14.046674,0 days 00:00:13.064101,0.45829383979138555,0.001561629419192089,9,9,624,0.03192734109823128,9.181365645577225,0.7418703981613441,simple2,COMPLETE
191,-7.599768622886434e-05,2025-12-07 21:30:14.046674,2025-12-07 21:30:19.672021,0 days 00:00:05.625347,0.4685535999524066,0.0013790766837077936,9,19,306,0.014896242983407804,13.616585664976466,0.7608514889319472,simple2,COMPLETE
192,0.0001976519257331407,2025-12-07 21:30:19.673021,2025-12-07 21:30:26.487267,0 days 00:00:06.814246,0.4698058702697099,0.0013850955972638315,9,17,379,0.011278074560863847,9.851923253811718,0.7552863464383033,simple2,COMPLETE
193,-0.00038920406681471526,2025-12-07 21:30:26.488266,2025-12-07 21:30:34.746035,0 days 00:00:08.257769,0.45107108868117846,0.001387894774630982,9,20,425,0.2041724425600266,8.613338525225794,0.7666057260442186,simple2,COMPLETE
194,5.3365634670621276e-05,2025-12-07 21:30:34.747587,2025-12-07 21:30:41.557396,0 days 00:00:06.809809,0.47649343498124047,0.0017589062893004644,9,17,387,0.0006217807247114152,9.962633484699252,0.7595122965889888,simple2,COMPLETE
195,-0.001334550525159628,2025-12-07 21:30:41.557905,2025-12-07 21:30:50.635496,0 days 00:00:09.077591,0.47537467361222413,0.0017570739558090242,9,18,507,0.012292407095901122,10.394827274766982,0.79296165115045,simple2,COMPLETE
196,-0.0005930511009147876,2025-12-07 21:30:50.636503,2025-12-07 21:30:58.200446,0 days 00:00:07.563943,0.4697870903932186,0.0012844913600857167,9,18,405,0.2764920638059345,9.84063153108695,0.7511605637200467,simple2,COMPLETE
197,-0.0016559721404409238,2025-12-07 21:30:58.201784,2025-12-07 21:30:59.765860,0 days 00:00:01.564076,0.4817351615529695,0.0010943622745373356,9,17,332,4.109519999109506,11.460699037579497,0.7657355248252248,simple2,COMPLETE
198,-0.0008692270959973122,2025-12-07 21:30:59.770068,2025-12-07 21:31:08.304793,0 days 00:00:08.534725,0.45554224622599965,0.0013821274344964873,9,19,512,4.934663937493757e-05,8.128906142013872,0.7571811182028525,simple2,COMPLETE
199,-0.0021089232547413608,2025-12-07 21:31:08.305790,2025-12-07 21:31:20.570002,0 days 00:00:12.264212,0.43092939996576934,0.001809575762080949,9,19,641,0.16896595564602007,12.2094411494801,0.7193243436079823,simple2,COMPLETE
200,0.0006792621490812797,2025-12-07 21:31:20.570002,2025-12-07 21:31:27.584962,0 days 00:00:07.014960,0.5442353955278214,0.0011757486290821626,9,16,380,0.003264368504350787,9.465366248732577,0.7842940915153478,simple2,COMPLETE
201,0.00022998936045585486,2025-12-07 21:31:27.587629,2025-12-07 21:31:34.120408,0 days 00:00:06.532779,0.5507176558188199,0.0011756782631803758,9,16,348,0.007867774668323557,9.289781960609808,0.8118403163361051,simple2,COMPLETE
202,0.0004864881034242578,2025-12-07 21:31:34.122357,2025-12-07 21:31:41.371316,0 days 00:00:07.248959,0.5486412529399647,0.0011250079254707345,9,16,390,0.0031506443646055764,9.956373184591676,0.8090273661575103,simple2,COMPLETE
203,-0.00027676213404318845,2025-12-07 21:31:41.372022,2025-12-07 21:31:50.001419,0 days 00:00:08.629397,0.5272980642458277,0.0011934926384934716,9,16,388,0.16945966594061512,9.34272948211795,0.8236335295932514,simple2,COMPLETE
204,-0.0008636820383305007,2025-12-07 21:31:50.005431,2025-12-07 21:32:00.338926,0 days 00:00:10.333495,0.5673769428199376,0.0011271024708367726,9,16,470,0.100102797907143,0.3667007025390133,0.822588907518337,simple2,COMPLETE
205,-0.0005831803186734374,2025-12-07 21:32:00.339870,2025-12-07 21:32:07.523632,0 days 00:00:07.183762,0.5432120936128507,0.0012634354166832244,9,17,370,0.2943761427173441,8.341370539729503,0.7838188922081923,simple2,COMPLETE
206,-0.0003636254462534942,2025-12-07 21:32:07.524513,2025-12-07 21:32:14.190797,0 days 00:00:06.666284,0.5320130594162678,0.0014446425792196736,9,17,295,0.09977900861012194,9.43140841998574,0.8546558195387447,simple2,COMPLETE
207,-0.00042682662091679074,2025-12-07 21:32:14.191857,2025-12-07 21:32:23.975664,0 days 00:00:09.783807,0.585407464113898,0.0011149436147265537,9,17,442,0.19207648710607536,10.87153383306492,0.8043222138749508,simple2,COMPLETE
208,0.0005671838625168624,2025-12-07 21:32:23.976670,2025-12-07 21:32:31.190948,0 days 00:00:07.214278,0.5549120785169522,0.001241801923274556,9,16,383,0.003420181139505642,11.566300767348375,0.8041504675925757,simple2,COMPLETE
209,-0.00023630837105670377,2025-12-07 21:32:31.191706,2025-12-07 21:32:41.875157,0 days 00:00:10.683451,0.5570698017146227,0.0012456116478053796,9,16,547,0.02098017328545782,11.738481660118465,0.8084414470671162,simple2,COMPLETE
210,-0.0008036579635831339,2025-12-07 21:32:41.876218,2025-12-07 21:32:49.020937,0 days 00:00:07.144719,0.5460947107514098,0.001590373604433508,9,15,364,0.304104672822468,9.82876353179687,0.8089098891808603,simple2,COMPLETE
211,-0.0005481492240255736,2025-12-07 21:32:49.020937,2025-12-07 21:32:55.423266,0 days 00:00:06.402329,0.49390428654411433,0.0010005336348507684,9,15,290,0.09002104950177946,10.687880078518152,0.78780160626087,simple2,COMPLETE
212,-0.0003613572330180374,2025-12-07 21:32:55.424430,2025-12-07 21:33:05.372755,0 days 00:00:09.948325,0.5268207496168366,0.001180194856825139,9,16,461,0.1810261808100308,8.402955809230349,0.7771678108505624,simple2,COMPLETE
213,-0.0007321345246799801,2025-12-07 21:33:05.373728,2025-12-07 21:33:11.684159,0 days 00:00:06.310431,0.6179922186892334,0.001317835253163266,9,15,359,0.004536106550752159,0.14683838231689358,0.8361097294176356,simple2,COMPLETE
214,-0.00010452246484056922,2025-12-07 21:33:11.684159,2025-12-07 21:33:18.259470,0 days 00:00:06.575311,0.543173642823064,0.0010914975432676829,9,16,294,0.10089671032804873,12.439904757429476,0.703930417500625,simple2,COMPLETE
215,-0.0006038014684239442,2025-12-07 21:33:18.261520,2025-12-07 21:33:27.495291,0 days 00:00:09.233771,0.5621207346103282,0.001700298042377401,9,17,421,0.16724149170301886,11.529844786013758,0.7773113109505883,simple2,COMPLETE
216,-0.0009885141511916846,2025-12-07 21:33:27.496960,2025-12-07 21:33:37.683214,0 days 00:00:10.186254,0.4835059947544197,0.0015090704430969876,10,15,520,0.0004048357294653114,9.264782671937057,0.733663490548305,simple2,COMPLETE
217,-0.0004946049370274652,2025-12-07 21:33:37.685222,2025-12-07 21:33:46.043113,0 days 00:00:08.357891,0.5777490928265412,0.0019492863145099686,9,16,372,0.09724214339525736,13.065831394219044,0.7155506718516721,simple2,COMPLETE
218,-0.0006590002487715241,2025-12-07 21:33:46.045717,2025-12-07 21:33:52.213234,0 days 00:00:06.167517,0.516731451709538,0.00123096054061538,9,9,292,0.2400826123412334,10.437453560114083,0.6841810554067996,simple2,COMPLETE
219,-0.018656651422286414,2025-12-07 21:33:52.217214,2025-12-07 21:34:36.926272,0 days 00:00:44.709058,0.4492640266436557,0.0010821077033356594,9,18,2619,0.0008507480608397578,15.01589552675588,0.7999181117255603,simple2,COMPLETE
220,-0.000302444409657802,2025-12-07 21:34:36.927969,2025-12-07 21:34:47.395866,0 days 00:00:10.467897,0.5374556316272747,0.0014493992281453681,9,16,482,0.11662650746554662,7.600561114708331,0.7023992753976975,simple2,COMPLETE
221,0.00014420839307519953,2025-12-07 21:34:47.396873,2025-12-07 21:35:00.394333,0 days 00:00:12.997460,0.5564509655845539,0.0010462404921058246,9,8,614,0.007332791707052944,10.325169955289814,0.6923358082866612,simple2,COMPLETE
222,-0.00018816714541410504,2025-12-07 21:35:00.397843,2025-12-07 21:35:14.459611,0 days 00:00:14.061768,0.5562065193066893,0.001123030358727597,9,8,563,0.09097587084997387,11.264196351637983,0.6820379366264369,simple2,COMPLETE
223,-0.00046695959464078857,2025-12-07 21:35:14.460613,2025-12-07 21:35:22.939596,0 days 00:00:08.478983,0.49317907998742605,0.0013043505474819586,9,14,409,0.1936657516129314,9.526235045811156,0.7285897396018609,simple2,COMPLETE
224,-0.0005687519674691573,2025-12-07 21:35:22.940596,2025-12-07 21:35:29.852286,0 days 00:00:06.911690,0.4651589566699782,0.001150908596106446,9,9,283,0.08921794607233138,12.170282054337173,0.8193868303957146,simple2,COMPLETE
225,-0.0003524102752201867,2025-12-07 21:35:29.853291,2025-12-07 21:35:42.962797,0 days 00:00:13.109506,0.5708434100809605,0.0010012086071437573,9,17,751,0.0012558314624086242,8.69892517055343,0.6492142676575116,simple2,COMPLETE
226,-0.00064217280600809,2025-12-07 21:35:42.964465,2025-12-07 21:35:54.580835,0 days 00:00:11.616370,0.548331951188523,0.0012185468845403264,9,8,595,0.3075312638442618,10.145237918111167,0.6947078109613422,simple2,COMPLETE
227,-0.0006571137369476935,2025-12-07 21:35:54.582839,2025-12-07 21:36:04.830412,0 days 00:00:10.247573,0.5316040977348361,0.0010700141634645821,9,9,454,0.18732634072494742,14.135134125706433,0.7157854557233598,simple2,COMPLETE
228,-0.0006356217217347396,2025-12-07 21:36:04.831704,2025-12-07 21:36:14.919068,0 days 00:00:10.087364,0.5208618166419213,0.0012799717005991143,10,7,345,0.09005456151852258,10.959112152691386,0.7372282623427491,simple2,COMPLETE
229,0.0002012021909012507,2025-12-07 21:36:14.920028,2025-12-07 21:36:20.714037,0 days 00:00:05.794009,0.4787994012683644,0.0017134908696105915,9,9,286,0.00211632756688918,12.375179652830855,0.7048450240998816,simple2,COMPLETE
230,-0.00021071185162302442,2025-12-07 21:36:20.716375,2025-12-07 21:36:28.300255,0 days 00:00:07.583880,0.4755288565968962,0.001698844241990073,9,9,368,0.011424703288613577,12.430831459938439,0.7035953727574036,simple2,COMPLETE
231,0.0006553391046608311,2025-12-07 21:36:28.302322,2025-12-07 21:36:33.777518,0 days 00:00:05.475196,0.48307581852582576,0.0014819243932688855,9,9,268,0.004786115284499192,10.094079835613531,0.6842484513192278,simple2,COMPLETE
232,0.0004264708541848646,2025-12-07 21:36:33.777518,2025-12-07 21:36:39.550629,0 days 00:00:05.773111,0.45656521742776746,0.001541854840782988,9,9,282,0.009810581425716385,9.334264768695192,0.6822139267743091,simple2,COMPLETE
233,-0.0006284065433328859,2025-12-07 21:36:39.551628,2025-12-07 21:36:48.736075,0 days 00:00:09.184447,0.45501252203352494,0.0015516800429302303,9,9,479,0.0008515935192650495,9.3460920400072,0.7100400295076443,simple2,COMPLETE
234,-0.0006332299984637876,2025-12-07 21:36:48.737142,2025-12-07 21:36:55.352390,0 days 00:00:06.615248,0.4433214142701651,0.0014832271656889952,9,8,289,0.1426091260155288,8.078665954051107,0.6832969856484079,simple2,COMPLETE
235,-0.0016559721404409238,2025-12-07 21:36:55.353530,2025-12-07 21:36:57.217669,0 days 00:00:01.864139,0.4626283247689171,0.0013637790524130228,9,9,399,3.68393646866636,10.269804288814107,0.6981840564926867,simple2,COMPLETE
236,2.06590984771123e-05,2025-12-07 21:36:57.219732,2025-12-07 21:37:04.230723,0 days 00:00:07.010991,0.4837805244476567,0.0015883125345056966,9,8,284,0.09161158765668394,11.206926644739807,0.724397638112736,simple2,COMPLETE
237,-0.0006426319724340823,2025-12-07 21:37:04.232728,2025-12-07 21:37:10.079417,0 days 00:00:05.846689,0.46921522336919286,0.0017868045160532745,9,8,273,0.20492031307308778,11.122310404463173,0.6587499096246936,simple2,COMPLETE
238,-0.00042764777264333215,2025-12-07 21:37:10.081074,2025-12-07 21:37:18.450819,0 days 00:00:08.369745,0.4820692423055876,0.001628456295777209,9,7,344,0.10293960130957698,8.723361055357563,0.6937106497889024,simple2,COMPLETE
239,-0.00045280600366566964,2025-12-07 21:37:18.452966,2025-12-07 21:37:24.368024,0 days 00:00:05.915058,0.47666353990729965,0.0014670059015143991,9,8,285,0.2428626718133759,9.923935112676345,0.7751438223771763,simple2,COMPLETE
240,-0.0004986579115010548,2025-12-07 21:37:24.369666,2025-12-07 21:37:32.999312,0 days 00:00:08.629646,0.45253129658549107,0.0018702175977333433,9,8,371,0.09606436603469774,11.711422926242536,0.6818315429769665,simple2,COMPLETE
241,0.0003314107170516352,2025-12-07 21:37:33.001320,2025-12-07 21:37:42.051267,0 days 00:00:09.049947,0.4875815987263987,0.0011944414355324015,9,9,442,0.008272916826255736,13.062713876955478,0.7261691335467962,simple2,COMPLETE
242,0.00016602908985778134,2025-12-07 21:37:42.051946,2025-12-07 21:37:50.501850,0 days 00:00:08.449904,0.48525818704354307,0.0013824097461228749,9,9,425,0.002901394780523467,10.680101987174154,0.744376510593568,simple2,COMPLETE
243,-0.00010819427502987515,2025-12-07 21:37:50.502281,2025-12-07 21:38:00.453478,0 days 00:00:09.951197,0.48813903456793883,0.0013829912617403645,9,9,424,0.07955233534765237,10.630904160189246,0.741890643392474,simple2,COMPLETE
244,-0.0003071678035656185,2025-12-07 21:38:00.454703,2025-12-07 21:38:11.471961,0 days 00:00:11.017258,0.48442016304852736,0.001313510859360142,9,9,559,0.0037790754011001056,9.763875576815488,0.7330540206246773,simple2,COMPLETE
245,-0.0005293052644148218,2025-12-07 21:38:11.473046,2025-12-07 21:38:21.923211,0 days 00:00:10.450165,0.5595197118541209,0.0016144698883809065,9,9,432,0.16154305938993216,12.430739334506633,0.7523336751651419,simple2,COMPLETE
246,-0.00011168779664675703,2025-12-07 21:38:21.924210,2025-12-07 21:38:30.459675,0 days 00:00:08.535465,0.49556426374460927,0.0011636884883383313,9,8,349,0.09216246042112512,10.980358349599724,0.7206259803318177,simple2,COMPLETE
247,1.4421045066104199e-05,2025-12-07 21:38:30.460672,2025-12-07 21:38:40.469314,0 days 00:00:10.008642,0.46400819655779,0.0010756111583958515,9,9,520,0.0008819923661750988,8.794363161959401,0.7093728748804657,simple2,COMPLETE
248,-0.0002043293843571048,2025-12-07 21:38:40.471119,2025-12-07 21:38:49.806317,0 days 00:00:09.335198,0.684622434851179,0.0014188758111544646,9,8,354,0.16926530693466255,13.028084306593506,0.7277557069179676,simple2,COMPLETE
249,0.0002732745527640468,2025-12-07 21:38:49.807719,2025-12-07 21:38:59.423262,0 days 00:00:09.615543,0.5471447151845552,0.0012267947705375502,9,9,480,0.006434301941717539,7.446100967814174,0.700370193611656,simple2,COMPLETE
250,-0.0007175621555533344,2025-12-07 21:38:59.423846,2025-12-07 21:39:08.776302,0 days 00:00:09.352456,0.5761235618717032,0.0015303101447222296,9,9,432,0.2559022875911998,7.099095858903488,0.7512165804388595,simple2,COMPLETE
251,-0.0016559721404409238,2025-12-07 21:39:08.777422,2025-12-07 21:39:10.091576,0 days 00:00:01.314154,0.5422641869173133,0.0012473080308711083,9,17,284,2.3545585800890634,8.006439409614304,0.7143693476521344,simple2,COMPLETE
252,-0.0016559721404409238,2025-12-07 21:39:10.091576,2025-12-07 21:39:12.205571,0 days 00:00:02.113995,0.5535056307207662,0.0013303140897053536,9,9,480,4.9818075312117,9.283852169250668,0.7958136219555965,simple2,COMPLETE
253,-0.00030978960135234307,2025-12-07 21:39:12.208077,2025-12-07 21:39:20.791132,0 days 00:00:08.583055,0.47363771383075,0.001654146524754824,9,9,369,0.08247148449752444,10.12587076515232,0.7047074784638696,simple2,COMPLETE
254,-0.0004843836073214665,2025-12-07 21:39:20.791927,2025-12-07 21:39:27.170054,0 days 00:00:06.378127,0.4407085286983167,0.0012064817697997427,9,9,284,0.168252358101173,11.940259227860748,0.8158149541494074,simple2,COMPLETE
255,-0.0003344042478651647,2025-12-07 21:39:27.170054,2025-12-07 21:39:38.926162,0 days 00:00:11.756108,0.45986311972372135,0.0010149427639633266,9,10,509,0.09224864169690358,9.116011153713984,0.8330044134659627,simple2,COMPLETE
256,-0.0002404946965217647,2025-12-07 21:39:38.927161,2025-12-07 21:39:47.524380,0 days 00:00:08.597219,0.56701686617882,0.0014752972871789124,9,9,411,0.00605084073655921,10.622539304041053,0.7359117550118294,simple2,COMPLETE
257,-1.9585396702067232e-05,2025-12-07 21:39:47.524380,2025-12-07 21:39:52.679195,0 days 00:00:05.154815,0.4855248335994358,0.0013879756472354918,9,16,282,0.0008614414068381891,13.371050590716724,0.6809519108339941,simple2,COMPLETE
258,-0.0006623447979697458,2025-12-07 21:39:52.680783,2025-12-07 21:40:00.309372,0 days 00:00:07.628589,0.5495795767666874,0.001731304812339778,10,8,354,0.3159788441570373,7.934056481357328,0.6912806506837371,simple2,COMPLETE
259,-0.023727633791851943,2025-12-07 21:40:00.310509,2025-12-07 21:40:13.640720,0 days 00:00:13.330211,0.5939508472620353,0.007921340174064522,9,9,565,0.17622013606905634,9.752107724387999,0.7224674851846355,simple2,COMPLETE
260,0.0001281176584928175,2025-12-07 21:40:13.642189,2025-12-07 21:40:24.181213,0 days 00:00:10.539024,0.4750069577540857,0.0012247950692534898,9,10,449,0.08891742323777466,11.80269890448074,0.7709833406409397,simple2,COMPLETE
261,-0.000410408120937511,2025-12-07 21:40:24.181213,2025-12-07 21:40:33.825918,0 days 00:00:09.644705,0.45450258569477814,0.0012072470851484936,9,10,462,0.21760176384082164,11.829370538631649,0.7683097532267492,simple2,COMPLETE
262,0.0003422999410845895,2025-12-07 21:40:33.827875,2025-12-07 21:40:45.139362,0 days 00:00:11.311487,0.5344474896464484,0.0010680684302241796,9,10,582,0.0016170432474738041,8.69535305670083,0.7860886784597507,simple2,COMPLETE
263,-0.0007311805144140463,2025-12-07 21:40:45.141370,2025-12-07 21:40:58.994950,0 days 00:00:13.853580,0.427288886763709,0.0012899550836181332,9,10,625,0.10183399337011984,7.33486489302475,0.7994781290309192,simple2,COMPLETE
264,0.00024718825157836005,2025-12-07 21:40:58.994950,2025-12-07 21:41:09.770293,0 days 00:00:10.775343,0.5349574666955136,0.001139770083691014,9,10,550,0.0020485346476547036,8.587724778536451,0.7906843687584475,simple2,COMPLETE
265,-0.000887333996724767,2025-12-07 21:41:09.771299,2025-12-07 21:41:25.880797,0 days 00:00:16.109498,0.5359256483524989,0.001164142098680387,9,10,690,0.1768247527477463,8.46861211005171,0.7850392863078199,simple2,COMPLETE
266,-0.0005924647886644449,2025-12-07 21:41:25.882429,2025-12-07 21:41:37.493691,0 days 00:00:11.611262,0.5352845665220137,0.001083161299472839,9,10,596,0.3107910345723125,6.613234781171929,0.7878827255786074,simple2,COMPLETE
267,-0.0016559721404409238,2025-12-07 21:41:37.494744,2025-12-07 21:41:40.951343,0 days 00:00:03.456599,0.5406307706056078,0.0012501718282165117,9,10,819,2.622493671496505,8.73841070917446,0.7813868374072074,simple2,COMPLETE
268,-0.0005963271637015785,2025-12-07 21:41:40.953348,2025-12-07 21:41:53.529132,0 days 00:00:12.575784,0.5028468311809909,0.0010956449569339013,9,10,529,0.10618205773278373,7.737368320265357,0.806626314519692,simple2,COMPLETE
269,-4.1597915011829896e-06,2025-12-07 21:41:53.530909,2025-12-07 21:42:03.447568,0 days 00:00:09.916659,0.5520148897461022,0.0013607124486471956,9,10,502,0.00041491186376680636,9.001246667355083,0.7755268776252955,simple2,COMPLETE
270,-0.010806663325469609,2025-12-07 21:42:03.449079,2025-12-07 21:42:58.856069,0 days 00:00:55.406990,0.46394330098243713,0.0012054462888326475,9,9,2924,0.24969830453562047,10.240863940299866,0.7018481058536996,simple2,COMPLETE
271,-0.0004636930748847338,2025-12-07 21:42:58.857068,2025-12-07 21:43:13.594274,0 days 00:00:14.737206,0.5314542429839672,0.0011281501727166338,9,10,605,0.10172540491693424,12.906360128066845,0.7957435751097328,simple2,COMPLETE
272,-0.0005528106351386786,2025-12-07 21:43:13.595302,2025-12-07 21:43:29.421750,0 days 00:00:15.826448,0.49767622371206993,0.0013091688870657914,9,9,720,0.1815393454943055,9.519868571975348,0.6899441039669091,simple2,COMPLETE
273,-0.00022237696917104532,2025-12-07 21:43:29.422747,2025-12-07 21:43:39.017595,0 days 00:00:09.594848,0.44843481390631407,0.001067905378398173,9,15,458,0.0957841393506092,8.281571944422799,0.7501535520473745,simple2,COMPLETE
274,-0.0005173720413880201,2025-12-07 21:43:39.019466,2025-12-07 21:43:52.984360,0 days 00:00:13.964894,0.5462911740532462,0.001182210338507927,9,10,571,0.08689715593793215,10.56568805936361,0.8309175321885749,simple2,COMPLETE
275,-0.0005235753620020193,2025-12-07 21:43:52.985814,2025-12-07 21:44:00.454027,0 days 00:00:07.468213,0.5100622783506586,0.0014415886581039185,9,9,339,0.20922100673913588,13.80889377496165,0.7086515885211548,simple2,COMPLETE
276,0.0005867065233588301,2025-12-07 21:44:00.454027,2025-12-07 21:44:10.619377,0 days 00:00:10.165350,0.5262378844316538,0.0010019468426445983,9,10,493,0.00017943299010607199,11.555131844726683,0.7705907426703178,simple2,COMPLETE
277,0.0003421876831748438,2025-12-07 21:44:10.619377,2025-12-07 21:44:19.371508,0 days 00:00:08.752131,0.47433001744376374,0.0012665706385773796,9,10,434,0.0018989928670034451,12.321764643916511,0.79267091359851,simple2,COMPLETE
278,0.0001340641865456016,2025-12-07 21:44:19.371508,2025-12-07 21:44:28.069648,0 days 00:00:08.698140,0.47246575866999113,0.0013127949200233897,9,10,429,0.0010601868496279369,12.926951467226255,0.7688021084052364,simple2,COMPLETE
279,-0.022550705662595243,2025-12-07 21:44:28.069648,2025-12-07 21:45:41.005482,0 days 00:01:12.935834,0.46255843728835333,0.0013815118130521653,9,10,3295,0.16560641907246987,14.238816635621305,0.8489899317728333,simple2,COMPLETE
280,-0.013643427295013074,2025-12-07 21:45:41.006641,2025-12-07 21:45:48.909425,0 days 00:00:07.902784,0.4935962909934851,0.006171674975010077,9,10,389,0.006901065946445482,12.84080250471162,0.794694713936445,simple2,COMPLETE
281,-0.0008601265967767372,2025-12-07 21:45:48.911466,2025-12-07 21:45:54.425753,0 days 00:00:05.514287,0.43513648538250094,0.0015069562714420867,9,10,285,0.2951318565809208,12.617129652049424,0.7633666549969489,simple2,COMPLETE
282,-0.0005653363072790999,2025-12-07 21:45:54.426754,2025-12-07 21:46:06.056873,0 days 00:00:11.630119,0.4761236234748257,0.001301945591560867,9,9,479,0.09832089076867725,11.446270370303312,0.8087282368600507,simple2,COMPLETE
283,0.0004774457012755029,2025-12-07 21:46:06.058933,2025-12-07 21:46:13.556753,0 days 00:00:07.497820,0.5133546123343106,0.001425399714573172,9,10,354,0.0028286860950160813,14.231329173160756,0.7903398572159727,simple2,COMPLETE
284,-0.0004618290917078142,2025-12-07 21:46:13.556753,2025-12-07 21:46:25.519359,0 days 00:00:11.962606,0.5117197619828647,0.0013059927695127764,9,16,404,0.1766560361587603,13.988142199565734,0.7853919397385113,simple2,COMPLETE
