number,value,datetime_start,datetime_complete,duration,params_xgb_colsample_bytree,params_xgb_learning_rate,params_xgb_max_depth,params_xgb_min_child_weight,params_xgb_n_estimators,params_xgb_reg_alpha,params_xgb_reg_lambda,params_xgb_subsample,user_attrs_feature_level,state
0,-0.0016559721404409238,2025-12-08 00:46:09.068173,2025-12-08 00:46:15.523393,0 days 00:00:06.455220,0.659195090518222,0.0018410729205738682,5,20,792,4.330880728874676,0.1360354613611808,0.7391963650868432,advanced,COMPLETE
1,-0.006652417714191931,2025-12-08 00:46:15.523393,2025-12-08 00:46:29.501259,0 days 00:00:13.977866,0.8819459112971966,0.025959425503112647,7,15,1007,0.9170225492671691,0.2620503255096255,0.31235069657748143,advanced,COMPLETE
2,-0.0016559721404409238,2025-12-08 00:46:29.502259,2025-12-08 00:46:35.306100,0 days 00:00:05.803841,0.47473748411882516,0.010952662748632562,5,11,730,1.8318092164684585,0.4701469243560972,0.5591670111852695,advanced,COMPLETE
3,-0.003645778413926326,2025-12-08 00:46:35.307100,2025-12-08 00:46:43.078640,0 days 00:00:07.771540,0.608540663048167,0.010150667045928576,6,16,376,0.8526206184364576,2.5002240473339543,0.41980426929501585,advanced,COMPLETE
4,-0.0016559721404409238,2025-12-08 00:46:43.080688,2025-12-08 00:46:48.192764,0 days 00:00:05.112076,0.7850384088698767,0.0032925293631105254,3,19,571,2.2007624686980067,3.753537145233125,0.8793792198447357,advanced,COMPLETE
5,-0.0016559721404409238,2025-12-08 00:46:48.192764,2025-12-08 00:47:08.288907,0 days 00:00:20.096143,0.8455922412472694,0.0027520696850790523,3,10,2718,2.600340105889054,0.5215026697411662,0.320633112669131,advanced,COMPLETE
6,-0.0016559721404409238,2025-12-08 00:47:08.289907,2025-12-08 00:47:33.803329,0 days 00:00:25.513422,0.7650796940166689,0.03946212980759095,7,4,3601,4.609371175115584,2.375668206925437,0.8817507766587351,advanced,COMPLETE
7,-0.0016559721404409238,2025-12-08 00:47:33.804328,2025-12-08 00:47:42.769439,0 days 00:00:08.965111,0.49519819845795865,0.004574578205475401,3,4,1231,1.7837666334679465,8.071418522169695,0.32713637334632284,advanced,COMPLETE
8,-0.0023222506305392208,2025-12-08 00:47:42.781387,2025-12-08 00:48:31.481843,0 days 00:00:48.700456,0.7813181884524238,0.0013386261584543908,5,11,3951,0.993578407670862,5.983542473217019,0.3845545349848576,advanced,COMPLETE
9,-0.024160840421358354,2025-12-08 00:48:31.482846,2025-12-08 00:48:40.792114,0 days 00:00:09.309268,0.7374043008245925,0.0204345549841614,3,17,481,0.5793452976256486,0.6680983417211186,0.7241144063085703,advanced,COMPLETE
10,-0.0016559721404409238,2025-12-08 00:48:40.793114,2025-12-08 00:48:53.105456,0 days 00:00:12.312342,0.310777125368892,0.0010619628509861785,10,1,1865,4.880699499289976,0.108354597653543,0.6936918182244493,advanced,COMPLETE
11,-0.0016559721404409238,2025-12-08 00:48:53.107464,2025-12-08 00:49:05.029631,0 days 00:00:11.922167,0.5136547340009963,0.010343063828684733,5,11,1701,3.4928387712913023,0.12801139880962656,0.5537546266250812,advanced,COMPLETE
12,-0.0016559721404409238,2025-12-08 00:49:05.031261,2025-12-08 00:49:13.489587,0 days 00:00:08.458326,0.6215444219993109,0.007391733815585547,5,20,1115,3.3840902904780745,0.7942719355704007,0.5406904938177352,advanced,COMPLETE
13,-0.0016559721404409238,2025-12-08 00:49:13.490587,2025-12-08 00:49:30.982442,0 days 00:00:17.491855,0.3946771723074462,0.0019537558352930627,9,13,2711,3.9292280306430944,19.932553932270757,0.6523488860827289,advanced,COMPLETE
14,-0.0016559721404409238,2025-12-08 00:49:30.982442,2025-12-08 00:49:40.997589,0 days 00:00:10.015147,0.49827058667934154,0.01737670720958493,6,7,1398,2.8071610932980056,0.2668629099039187,0.7787969214474102,advanced,COMPLETE
15,-0.0016784180020223232,2025-12-08 00:49:40.997589,2025-12-08 00:50:00.061791,0 days 00:00:19.064202,0.6777242273310715,0.0056976804532249525,8,8,2349,1.5325000367638486,0.27835754889420783,0.49952001268106383,advanced,COMPLETE
16,-0.05773705231312154,2025-12-08 00:50:00.063294,2025-12-08 00:50:17.277167,0 days 00:00:17.213873,0.42237416984784654,0.010842124511799025,4,14,771,0.10456783241701961,1.152184721645233,0.7987107508520895,advanced,COMPLETE
17,-0.0016559721404409238,2025-12-08 00:50:17.279167,2025-12-08 00:50:20.589450,0 days 00:00:03.310283,0.5686913599596384,0.0020251736126772023,4,18,303,4.102078258697054,0.1760925477348949,0.6085592015481325,advanced,COMPLETE
18,-0.0016559721404409238,2025-12-08 00:50:20.589450,2025-12-08 00:50:32.117833,0 days 00:00:11.528383,0.6758873481309698,0.048953979377501074,6,7,1570,3.128191011370342,0.38966407384858365,0.6291479051673992,advanced,COMPLETE
19,-0.001657358777680103,2025-12-08 00:50:32.117833,2025-12-08 00:50:46.566772,0 days 00:00:14.448939,0.4179697526339657,0.0035423877407007565,4,12,2144,1.8693516938940695,1.0641676460463836,0.44671768330480716,advanced,COMPLETE
20,-0.0016559721404409238,2025-12-08 00:50:46.566772,2025-12-08 00:50:53.334091,0 days 00:00:06.767319,0.5576780615129473,0.015373192417376494,8,9,861,4.061080132164644,0.17065779649388513,0.7808196000490231,advanced,COMPLETE
21,-0.0016559721404409238,2025-12-08 00:50:53.335090,2025-12-08 00:50:58.843090,0 days 00:00:05.508000,0.6992020092489893,0.0025982031107980564,4,20,652,2.0563988060258334,3.35082561957348,0.8728557298143396,advanced,COMPLETE
22,-0.0016559721404409238,2025-12-08 00:50:58.844088,2025-12-08 00:51:01.954347,0 days 00:00:03.110259,0.821411634518281,0.004053724049554891,5,18,245,2.34029505988944,4.945753660050298,0.8443683490321584,advanced,COMPLETE
23,-0.0016840224484677702,2025-12-08 00:51:01.955347,2025-12-08 00:51:10.329121,0 days 00:00:08.373774,0.637991356128071,0.0014987302840350335,4,20,717,1.3392212829336758,1.9186878320827776,0.7127028917400899,advanced,COMPLETE
24,-0.0016559721404409238,2025-12-08 00:51:10.330636,2025-12-08 00:51:20.188030,0 days 00:00:09.857394,0.7220229006273835,0.007381309546395461,3,18,1270,2.3607289130589058,11.845995850838584,0.5623653010994467,advanced,COMPLETE
25,-0.0016559721404409238,2025-12-08 00:51:20.190037,2025-12-08 00:51:25.338794,0 days 00:00:05.148757,0.8044079784148431,0.0031448566125135136,5,15,576,2.999116978605937,0.43590628166682854,0.6713561691603634,advanced,COMPLETE
26,-0.0016559721404409238,2025-12-08 00:51:25.339799,2025-12-08 00:51:32.476863,0 days 00:00:07.137064,0.3520896324826829,0.0019595449688674968,6,19,973,2.235855661532507,1.5383658926797843,0.8277923209389786,advanced,COMPLETE
27,-0.002139683556756459,2025-12-08 00:51:32.477863,2025-12-08 00:51:48.366864,0 days 00:00:15.889001,0.5641463880960585,0.00571818166000659,7,16,1512,1.3501722713178244,0.18479108565624688,0.7420938804352083,advanced,COMPLETE
28,-0.0016559721404409238,2025-12-08 00:51:48.374873,2025-12-08 00:52:02.999726,0 days 00:00:14.624853,0.8847582289507021,0.005012226675136518,4,5,1919,3.7250489494745276,0.7668670624556982,0.48768277907630064,advanced,COMPLETE
29,-0.0016559721404409238,2025-12-08 00:52:02.999726,2025-12-08 00:52:10.610674,0 days 00:00:07.610948,0.45966701522809944,0.025997531974864298,7,14,996,4.339497067533287,3.599463888654194,0.7640642556502844,advanced,COMPLETE
30,-0.0016559721404409238,2025-12-08 00:52:10.612350,2025-12-08 00:52:13.723500,0 days 00:00:03.111150,0.6538127898468225,0.0010048826578634787,5,16,245,2.700197046715233,0.33673779916633517,0.8325608243038759,advanced,COMPLETE
31,-0.001651207029176834,2025-12-08 00:52:13.723500,2025-12-08 00:52:35.746496,0 days 00:00:22.022996,0.8527285704476872,0.002641541420603462,3,9,2989,1.6739912525919909,0.5607615917446932,0.33762953886417896,advanced,COMPLETE
32,-0.0016592763578772522,2025-12-08 00:52:35.746496,2025-12-08 00:52:57.777579,0 days 00:00:22.031083,0.8984444227854416,0.0025320243174383065,3,1,2925,1.6756357631303227,0.621482198789996,0.4376656758042404,advanced,COMPLETE
33,-0.0021083776859516234,2025-12-08 00:52:57.778579,2025-12-08 00:53:31.921702,0 days 00:00:34.143123,0.8512841149268803,0.0017211959997560627,3,10,3433,1.0291659270847575,0.21785392929144634,0.38289205181410063,advanced,COMPLETE
34,-0.0016540558603492055,2025-12-08 00:53:31.922704,2025-12-08 00:53:54.354524,0 days 00:00:22.431820,0.8447845561392506,0.0023662061492232657,4,9,3070,2.008701718981724,1.1507653968307778,0.8989701516996018,advanced,COMPLETE
35,-0.008537711796161659,2025-12-08 00:53:54.355527,2025-12-08 00:55:11.501861,0 days 00:01:17.146334,0.8322140892971579,0.0012412491846381269,4,8,3160,0.6590128666327588,1.0362898152728812,0.5897715024124108,advanced,COMPLETE
36,-0.0016559721404409238,2025-12-08 00:55:11.502859,2025-12-08 00:55:28.803040,0 days 00:00:17.300181,0.7517993549127727,0.002347855626187177,6,6,2421,1.8827461530600524,0.520379510693879,0.3064775015359595,advanced,COMPLETE
37,-0.0017778994604009668,2025-12-08 00:55:28.804039,2025-12-08 00:55:54.162104,0 days 00:00:25.358065,0.8697471859311798,0.012997834124643524,5,9,3282,1.4158226782109824,1.5250345330017163,0.37729569937713414,advanced,COMPLETE
38,-0.0016559721404409238,2025-12-08 00:55:54.163608,2025-12-08 00:56:21.070644,0 days 00:00:26.907036,0.7863141136627275,0.003568109644594894,3,3,3808,2.5654943698649593,0.35907631862471423,0.5043954762479703,advanced,COMPLETE
39,-0.002419742709055835,2025-12-08 00:56:21.070644,2025-12-08 00:56:43.379328,0 days 00:00:22.308684,0.5819312926302077,0.008460934395186701,4,12,2906,1.137391465642066,2.6355448134251036,0.34695206385556027,advanced,COMPLETE
40,-0.0016559721404409238,2025-12-08 00:56:43.380831,2025-12-08 00:57:00.380526,0 days 00:00:16.999695,0.5282861421001607,0.0014385499646308285,6,10,2568,2.015215690013893,0.5054485047748397,0.8997205577948815,advanced,COMPLETE
41,-0.0016509180083352042,2025-12-08 00:57:00.381939,2025-12-08 00:57:24.204617,0 days 00:00:23.822678,0.7768089761332987,0.002952813340130449,3,9,3179,1.697151649998399,0.8093529537505867,0.8520717325563517,advanced,COMPLETE
42,-0.001659808919840004,2025-12-08 00:57:24.204617,2025-12-08 00:57:48.487980,0 days 00:00:24.283363,0.8495703215525172,0.0031364922601146168,3,9,3081,1.6250882544968348,0.9896603848807687,0.8634375588627734,advanced,COMPLETE
43,-0.02567287492160449,2025-12-08 00:57:48.488980,2025-12-08 00:58:40.765699,0 days 00:00:52.276719,0.7745143023066237,0.004413334069130753,3,11,3552,0.7955686667290087,0.7157359131239682,0.8224358305731579,advanced,COMPLETE
44,-0.0016559721404409238,2025-12-08 00:58:40.766696,2025-12-08 00:59:01.003765,0 days 00:00:20.237069,0.7209537705463703,0.0021141841315251353,4,7,2898,4.783280340951654,0.1331358195940122,0.7455025180111161,advanced,COMPLETE
45,-0.02679315327474659,2025-12-08 00:59:01.006497,2025-12-08 01:02:00.659117,0 days 00:02:59.652620,0.813489775084642,0.001655640557770068,5,12,3785,0.35089974328156526,2.00110909937182,0.8936266227781571,advanced,COMPLETE
46,-0.0016565941826736097,2025-12-08 01:02:00.661239,2025-12-08 01:02:25.130488,0 days 00:00:24.469249,0.867896736026088,0.003048221857649067,3,8,3308,2.0965763809496645,1.3747464630784094,0.8019845825877517,advanced,COMPLETE
47,-0.003486907253992847,2025-12-08 01:02:25.131965,2025-12-08 01:03:00.794231,0 days 00:00:35.662266,0.6080085184442554,0.0011811613189011522,4,5,2631,1.1394593514590754,0.8794029746630576,0.8520395062955384,advanced,COMPLETE
48,-0.0016180551329239383,2025-12-08 01:03:00.796233,2025-12-08 01:03:16.933929,0 days 00:00:16.137696,0.7442946782624767,0.00862030528903093,3,10,2141,1.7106719576743106,0.6055029085659465,0.8010979423738869,advanced,COMPLETE
49,-0.0016559721404409238,2025-12-08 01:03:16.934930,2025-12-08 01:03:32.887058,0 days 00:00:15.952128,0.7541174845008285,0.005945398596443593,3,9,2198,2.407011307325893,0.6558356109470795,0.6921187830911275,advanced,COMPLETE
50,-0.0016265869565353548,2025-12-08 01:03:32.888056,2025-12-08 01:03:46.535884,0 days 00:00:13.647828,0.6984087159660214,0.008561388899920053,3,10,1884,1.841217782438632,0.10240083880908775,0.804688764763669,advanced,COMPLETE
51,-0.001639213689023089,2025-12-08 01:03:46.537510,2025-12-08 01:04:00.968358,0 days 00:00:14.430848,0.6967835361347733,0.008682295824125122,3,10,1885,1.7532423270458983,0.10614439331245328,0.8081301234761107,advanced,COMPLETE
52,-0.0016267527619771016,2025-12-08 01:04:00.968358,2025-12-08 01:04:15.049371,0 days 00:00:14.081013,0.6952486521899046,0.00894097989152236,3,10,1932,1.7484348704904473,0.1037595603283072,0.8087584591226219,advanced,COMPLETE
53,-0.0016135252674729372,2025-12-08 01:04:15.049371,2025-12-08 01:04:29.051868,0 days 00:00:14.002497,0.706061320147162,0.008881015598216947,3,11,1903,1.748775056579303,0.1027559493967279,0.7996579929264797,advanced,COMPLETE
54,-0.0021378599765215314,2025-12-08 01:04:29.051868,2025-12-08 01:04:44.051505,0 days 00:00:14.999637,0.6885273884586037,0.008913994038027763,3,10,1886,1.484683590267091,0.11200830962894757,0.8078172768169195,advanced,COMPLETE
55,-0.0016107148070603945,2025-12-08 01:04:44.051505,2025-12-08 01:04:56.751245,0 days 00:00:12.699740,0.7189096014494748,0.012111281114876882,3,13,1710,1.7906190386846885,0.1040102014144808,0.7710670248760861,advanced,COMPLETE
56,-0.0015899040762480758,2025-12-08 01:04:56.751245,2025-12-08 01:05:11.436516,0 days 00:00:14.685271,0.7151973694006244,0.01234773225632319,3,11,2014,1.824259922116311,0.10160304654642618,0.7790034080040048,advanced,COMPLETE
57,-0.00357617019112196,2025-12-08 01:05:11.437516,2025-12-08 01:05:26.246194,0 days 00:00:14.808678,0.7196271788844424,0.012532953000940511,3,13,1677,1.3309751680337714,0.13766166038223945,0.7735167331133603,advanced,COMPLETE
58,-0.0016559721404409238,2025-12-08 01:05:26.247193,2025-12-08 01:05:40.778593,0 days 00:00:14.531400,0.6574058198527597,0.02170724842229246,4,13,2094,2.186830259354639,0.2210592283029716,0.719328788399605,advanced,COMPLETE
59,-0.0016696075189762312,2025-12-08 01:05:40.779592,2025-12-08 01:05:56.031870,0 days 00:00:15.252278,0.6378883897838821,0.006650000032244912,10,11,2033,1.9124785612315842,0.16766865561031508,0.7533493368529037,advanced,COMPLETE
60,-0.008642408313133046,2025-12-08 01:05:56.031870,2025-12-08 01:06:13.145389,0 days 00:00:17.113519,0.7313178677391613,0.012466032081051435,3,12,1737,1.174633805902013,0.10084311823533681,0.787092637772493,advanced,COMPLETE
61,-0.001620489596234768,2025-12-08 01:06:13.147394,2025-12-08 01:06:29.580364,0 days 00:00:16.432970,0.7017092661984081,0.009015393082373162,3,11,2270,1.8048299381099695,0.14157994788567407,0.8024284673798036,advanced,COMPLETE
62,-0.001929884379990976,2025-12-08 01:06:29.581894,2025-12-08 01:06:47.320369,0 days 00:00:17.738475,0.7089039291232363,0.009633367283269426,3,13,2293,1.5333586987689067,0.14083356627199625,0.7648116989085058,advanced,COMPLETE
63,-0.0016559721404409238,2025-12-08 01:06:47.321368,2025-12-08 01:07:04.492624,0 days 00:00:17.171256,0.669259187123288,0.0147060828612452,3,12,2480,2.255805971302661,0.15437458306644353,0.7900151701950174,advanced,COMPLETE
64,-0.0016110648135965928,2025-12-08 01:07:04.517152,2025-12-08 01:07:19.765471,0 days 00:00:15.248319,0.7447189685670949,0.010647981641784278,4,14,2031,1.8668848189928537,0.11859185573089594,0.8214793425370768,advanced,COMPLETE
65,-0.0016559721404409238,2025-12-08 01:07:19.767815,2025-12-08 01:07:36.102407,0 days 00:00:16.334592,0.7574621144479335,0.011033164821518667,4,14,2277,2.5002826952987043,0.23008970196660627,0.7225409181027337,advanced,COMPLETE
66,-0.0016437026017689742,2025-12-08 01:07:36.102407,2025-12-08 01:07:49.479407,0 days 00:00:13.377000,0.7444976851976154,0.007720644401211344,4,15,1748,1.8996885456533106,0.12555409808859194,0.8318707817534171,advanced,COMPLETE
67,-0.0016559721404409238,2025-12-08 01:07:49.480912,2025-12-08 01:08:00.286058,0 days 00:00:10.805146,0.7974644743926194,0.017858015038052084,8,11,1400,2.847300149251607,0.19284042335455473,0.6936274258107307,advanced,COMPLETE
68,-0.0029272360050822677,2025-12-08 01:08:00.287058,2025-12-08 01:08:17.891477,0 days 00:00:17.604419,0.6394376666822179,0.00670177277693552,3,14,2024,1.2861928599012176,0.26968190447680507,0.6613334816093783,advanced,COMPLETE
69,-0.0016559721404409238,2025-12-08 01:08:17.892556,2025-12-08 01:08:29.451981,0 days 00:00:11.559425,0.7363622792121882,0.011203124570271356,4,11,1558,2.149307915842248,0.1212702390108033,0.8623671897880509,advanced,COMPLETE
70,-0.02330359470729067,2025-12-08 01:08:29.452980,2025-12-08 01:08:53.032040,0 days 00:00:23.579060,0.6744293173746785,0.016142027478866353,3,13,2200,0.9812234294531883,0.1554885945991863,0.7395937757433657,advanced,COMPLETE
71,-0.0018171028944387047,2025-12-08 01:08:53.032040,2025-12-08 01:09:08.616073,0 days 00:00:15.584033,0.7030202947212157,0.010087462375586234,3,11,2023,1.5542530211554468,0.10384686495239709,0.8228490822378534,advanced,COMPLETE
72,-0.0016280029919002459,2025-12-08 01:09:08.617677,2025-12-08 01:09:21.871306,0 days 00:00:13.253629,0.6887913693035698,0.007928127731099781,3,10,1804,1.7721890062634844,0.12141645437277507,0.8108877938895355,advanced,COMPLETE
73,-0.001628519357709098,2025-12-08 01:09:21.872306,2025-12-08 01:09:36.044897,0 days 00:00:14.172591,0.7127741720575291,0.013454938567098321,3,8,1964,2.0083989794095136,0.20122462739728905,0.7640705337131535,advanced,COMPLETE
74,-0.0016153487118846233,2025-12-08 01:09:36.047402,2025-12-08 01:09:48.522042,0 days 00:00:12.474640,0.7307964729759457,0.009085778226947389,3,12,1666,1.8129910191476908,0.30280621293874127,0.787213172949276,advanced,COMPLETE
75,-0.0016559721404409238,2025-12-08 01:09:48.522042,2025-12-08 01:09:59.766832,0 days 00:00:11.244790,0.7697657074498108,0.006139525335741724,4,15,1467,2.357674160490358,0.3077753074769082,0.8430034576459216,advanced,COMPLETE
76,-0.0017876305287396106,2025-12-08 01:09:59.768922,2025-12-08 01:10:13.311057,0 days 00:00:13.542135,0.7351617844429748,0.005123937069838754,3,12,1637,1.503356788187449,0.14739888948556498,0.8758880116411232,advanced,COMPLETE
77,-0.0016289137509445013,2025-12-08 01:10:13.312058,2025-12-08 01:10:22.987699,0 days 00:00:09.675641,0.7895979600926961,0.011701929667216325,4,13,1202,1.8648842260070349,0.23727403869867536,0.7851376439380338,advanced,COMPLETE
78,-0.0016559721404409238,2025-12-08 01:10:22.987699,2025-12-08 01:10:39.432998,0 days 00:00:16.445299,0.6251213044679717,0.009604100397264408,3,12,2405,2.6593744582276644,0.405387728818593,0.7597545342389712,advanced,COMPLETE
79,-0.0016668068601227344,2025-12-08 01:10:39.433998,2025-12-08 01:10:54.412274,0 days 00:00:14.978276,0.6616788278014492,0.014843909124426393,3,14,2140,1.9891695221491705,0.18011640765116968,0.7765428852080349,advanced,COMPLETE
80,-0.0018950928298207732,2025-12-08 01:10:54.413274,2025-12-08 01:11:10.549328,0 days 00:00:16.136054,0.7534476312682405,0.01945135087958918,9,11,1821,1.6149929590151986,0.1541260182975774,0.7309415235881007,advanced,COMPLETE
81,-0.0016245424884705113,2025-12-08 01:11:10.551451,2025-12-08 01:11:24.766586,0 days 00:00:14.215135,0.685901913531919,0.007095628315692541,3,10,1975,1.8281229386377285,0.10119789603214287,0.7947887356423938,advanced,COMPLETE
82,-0.002318552208945057,2025-12-08 01:11:24.767583,2025-12-08 01:11:43.633690,0 days 00:00:18.866107,0.7177714282044763,0.006955155281137581,3,10,2288,1.4291102402916311,0.1215861104704491,0.794895123145536,advanced,COMPLETE
83,-0.0016559721404409238,2025-12-08 01:11:43.635810,2025-12-08 01:11:55.390347,0 days 00:00:11.754537,0.6800042355555515,0.008207301566860758,3,12,1631,2.2463936912608813,0.11866646490716515,0.8381991522971777,advanced,COMPLETE
84,-0.0016392837511465252,2025-12-08 01:11:55.391445,2025-12-08 01:12:05.498550,0 days 00:00:10.107105,0.7278951484171425,0.010108213538910662,3,8,1334,1.8259146212463293,0.10089042614115776,0.8122752000462433,advanced,COMPLETE
85,-0.006132453403136395,2025-12-08 01:12:05.499096,2025-12-08 01:12:27.333985,0 days 00:00:21.834889,0.7626158370518307,0.007265186257142477,4,11,2070,1.2191395539694163,0.13400903229680475,0.8273344927503048,advanced,COMPLETE
86,-0.0016559721404409238,2025-12-08 01:12:27.334985,2025-12-08 01:12:42.606957,0 days 00:00:15.271972,0.6506166956771663,0.013824364427577042,4,16,2196,2.1244518123925715,0.1629388098049907,0.7752314265881375,advanced,COMPLETE
87,-0.0016916594064220931,2025-12-08 01:12:42.609466,2025-12-08 01:12:56.135864,0 days 00:00:13.526398,0.7048523899854637,0.0118766010181259,3,10,1795,1.639244265290751,0.1845592692834838,0.8604932148358803,advanced,COMPLETE
88,-0.0016307103586240916,2025-12-08 01:12:56.135864,2025-12-08 01:13:14.304577,0 days 00:00:18.168713,0.7423685272377897,0.0052050203372895594,3,12,2495,1.9656690975466675,0.11566531026273676,0.7113137502610755,advanced,COMPLETE
89,-0.002516237987959006,2025-12-08 01:13:14.306579,2025-12-08 01:13:30.626745,0 days 00:00:16.320166,0.5970597402231868,0.00898864152045563,4,13,1977,1.4075485276151642,0.2572200292488435,0.752858239915685,advanced,COMPLETE
90,-0.0016126556952234712,2025-12-08 01:13:30.626745,2025-12-08 01:13:42.592132,0 days 00:00:11.965387,0.6906455956335402,0.010608492624837172,3,9,1603,1.7870285976754197,0.30618030906799376,0.817713731314805,advanced,COMPLETE
91,-0.001623409290502531,2025-12-08 01:13:42.592132,2025-12-08 01:13:53.818429,0 days 00:00:11.226297,0.6817653317159138,0.010213683117831529,3,9,1509,1.8031158228995192,0.30812541150187406,0.7936437791104036,advanced,COMPLETE
92,-0.0015744847117665772,2025-12-08 01:13:53.819428,2025-12-08 01:14:04.579625,0 days 00:00:10.760197,0.685550781813589,0.0106777962696664,3,9,1426,1.7299419494430945,0.3160616675354988,0.7923156464830591,advanced,COMPLETE
93,-0.0017628590555487007,2025-12-08 01:14:04.580677,2025-12-08 01:14:16.144089,0 days 00:00:11.563412,0.7231364684412235,0.010328859583958969,3,7,1437,1.565256402540398,0.33661069604281374,0.8215254364471367,advanced,COMPLETE
