number,value,datetime_start,datetime_complete,duration,params_xgb_colsample_bytree,params_xgb_learning_rate,params_xgb_max_depth,params_xgb_min_child_weight,params_xgb_n_estimators,params_xgb_reg_alpha,params_xgb_reg_lambda,params_xgb_subsample,user_attrs_feature_level,state
0,-0.0016559721404409238,2025-12-08 01:45:27.719323,2025-12-08 01:45:35.499082,0 days 00:00:07.779759,0.659195090518222,0.0018410729205738682,5,20,792,4.330880728874676,0.1360354613611808,0.7391963650868432,extensive,COMPLETE
1,-0.008256042854008458,2025-12-08 01:45:35.499082,2025-12-08 01:45:52.862284,0 days 00:00:17.363202,0.8819459112971966,0.025959425503112647,7,15,1007,0.9170225492671691,0.2620503255096255,0.31235069657748143,extensive,COMPLETE
2,-0.00165061301430236,2025-12-08 01:45:52.863284,2025-12-08 01:46:00.013154,0 days 00:00:07.149870,0.47473748411882516,0.010952662748632562,5,11,730,1.8318092164684585,0.4701469243560972,0.5591670111852695,extensive,COMPLETE
3,-0.004176376954991771,2025-12-08 01:46:00.015360,2025-12-08 01:46:10.036439,0 days 00:00:10.021079,0.608540663048167,0.010150667045928576,6,16,376,0.8526206184364576,2.5002240473339543,0.41980426929501585,extensive,COMPLETE
4,-0.0016559721404409238,2025-12-08 01:46:10.036439,2025-12-08 01:46:16.239750,0 days 00:00:06.203311,0.7850384088698767,0.0032925293631105254,3,19,571,2.2007624686980067,3.753537145233125,0.8793792198447357,extensive,COMPLETE
5,-0.0016559721404409238,2025-12-08 01:46:16.240750,2025-12-08 01:46:39.437065,0 days 00:00:23.196315,0.8455922412472694,0.0027520696850790523,3,10,2718,2.600340105889054,0.5215026697411662,0.320633112669131,extensive,COMPLETE
6,-0.0016559721404409238,2025-12-08 01:46:39.438066,2025-12-08 01:47:09.135564,0 days 00:00:29.697498,0.7650796940166689,0.03946212980759095,7,4,3601,4.609371175115584,2.375668206925437,0.8817507766587351,extensive,COMPLETE
7,-0.0016559721404409238,2025-12-08 01:47:09.135564,2025-12-08 01:47:19.629890,0 days 00:00:10.494326,0.49519819845795865,0.004574578205475401,3,4,1231,1.7837666334679465,8.071418522169695,0.32713637334632284,extensive,COMPLETE
8,-0.002177201567998721,2025-12-08 01:47:19.632088,2025-12-08 01:48:20.253683,0 days 00:01:00.621595,0.7813181884524238,0.0013386261584543908,5,11,3951,0.993578407670862,5.983542473217019,0.3845545349848576,extensive,COMPLETE
9,-0.023352324206027102,2025-12-08 01:48:20.254686,2025-12-08 01:48:31.766978,0 days 00:00:11.512292,0.7374043008245925,0.0204345549841614,3,17,481,0.5793452976256486,0.6680983417211186,0.7241144063085703,extensive,COMPLETE
10,-0.0016559721404409238,2025-12-08 01:48:31.766978,2025-12-08 01:48:46.013280,0 days 00:00:14.246302,0.310777125368892,0.009273525384446297,10,10,1884,3.334291375412892,16.16074119637322,0.5212372636326583,extensive,COMPLETE
11,-0.0016559721404409238,2025-12-08 01:48:46.014708,2025-12-08 01:48:59.784484,0 days 00:00:13.769776,0.5136547340009963,0.0011014724251195624,5,1,1701,4.695776478353494,0.12801139880962656,0.670766746553186,extensive,COMPLETE
12,-0.0016559721404409238,2025-12-08 01:48:59.785485,2025-12-08 01:49:09.988414,0 days 00:00:10.202929,0.6215444219993109,0.012865681082993814,5,20,1115,3.7109617606161134,0.1342229832868124,0.5882256132574295,extensive,COMPLETE
13,-0.0016559721404409238,2025-12-08 01:49:09.990089,2025-12-08 01:49:30.127144,0 days 00:00:20.137055,0.3946771723074462,0.0056265565046301905,9,13,2711,3.71324245436504,0.867951396637233,0.763157750256116,extensive,COMPLETE
14,-0.0016559721404409238,2025-12-08 01:49:30.127144,2025-12-08 01:49:41.729327,0 days 00:00:11.602183,0.49827058667934154,0.002077128177927737,6,7,1398,2.8931722737456926,0.30715057921363803,0.5189480298210062,extensive,COMPLETE
15,-0.0018101134980927542,2025-12-08 01:49:41.729327,2025-12-08 01:50:06.084183,0 days 00:00:24.354856,0.6777242273310715,0.015763402633808796,8,13,2349,1.5325000367638486,0.27835754889420783,0.7887613312944662,extensive,COMPLETE
16,-0.038234777658709605,2025-12-08 01:50:06.085981,2025-12-08 01:50:27.851813,0 days 00:00:21.765832,0.42237416984784654,0.007350426025509245,4,7,771,0.10456783241701961,0.10254326881299437,0.6429884972933552,extensive,COMPLETE
17,-0.0016559721404409238,2025-12-08 01:50:27.852813,2025-12-08 01:50:32.015922,0 days 00:00:04.163109,0.5686913599596384,0.0016983358339402897,4,18,303,4.102078258697054,1.2158932190101244,0.5394680940274434,extensive,COMPLETE
18,-0.0016559721404409238,2025-12-08 01:50:32.019941,2025-12-08 01:50:45.704058,0 days 00:00:13.684117,0.6758873481309698,0.004376192267784829,6,14,1570,4.9864367334813675,0.38966407384858365,0.8109104317140341,extensive,COMPLETE
19,-0.0016576637249795152,2025-12-08 01:50:45.704058,2025-12-08 01:51:02.481526,0 days 00:00:16.777468,0.4179697526339657,0.002605096501850406,4,7,2144,1.8693516938940695,0.1797951177434505,0.6975020770245692,extensive,COMPLETE
20,-0.0016559721404409238,2025-12-08 01:51:02.482527,2025-12-08 01:51:10.458176,0 days 00:00:07.975649,0.5576780615129473,0.04832259207239233,8,20,861,2.97095730557929,0.20329244253870954,0.6096112306191741,extensive,COMPLETE
21,-0.0016559721404409238,2025-12-08 01:51:10.458680,2025-12-08 01:51:17.206246,0 days 00:00:06.747566,0.6992020092489893,0.0025982031107980564,4,18,652,2.0563988060258334,3.35082561957348,0.8728557298143396,extensive,COMPLETE
22,-0.0016559721404409238,2025-12-08 01:51:17.207801,2025-12-08 01:51:21.085207,0 days 00:00:03.877406,0.821411634518281,0.003526361408513758,5,20,245,2.34029505988944,1.4359719791188508,0.8443683490321584,extensive,COMPLETE
23,-0.0016090060834661097,2025-12-08 01:51:21.085207,2025-12-08 01:51:31.728648,0 days 00:00:10.643441,0.637991356128071,0.0014987302840350335,4,18,717,1.3392212829336758,6.972722896648096,0.7308311673362831,extensive,COMPLETE
24,-0.0017339200605134646,2025-12-08 01:51:31.730139,2025-12-08 01:51:50.255780,0 days 00:00:18.525641,0.6216807959450946,0.0016770651661069742,5,16,1270,1.3678613939322435,18.254908851652328,0.744629027350832,extensive,COMPLETE
25,-0.0016022548127759457,2025-12-08 01:51:50.257896,2025-12-08 01:51:59.871906,0 days 00:00:09.614010,0.5504265679198894,0.001057924899360663,4,12,850,1.3755134222313103,0.4779927753945541,0.5709299157307591,extensive,COMPLETE
26,-0.0016555100612158924,2025-12-08 01:51:59.872906,2025-12-08 01:52:09.283365,0 days 00:00:09.410459,0.5473516572077354,0.0010417667253165392,4,8,993,1.5010033341482472,1.1191684555803685,0.46619784308431816,extensive,COMPLETE
27,-0.00598974046856134,2025-12-08 01:52:09.283365,2025-12-08 01:52:52.236852,0 days 00:00:42.953487,0.46193941771764546,0.0013517755644810124,4,12,1503,0.20345535024937744,0.5619559212428372,0.5757757684546256,extensive,COMPLETE
28,-0.0018347338400866997,2025-12-08 01:52:52.240844,2025-12-08 01:53:11.581194,0 days 00:00:19.340350,0.3539062069594575,0.006878533089809049,6,9,1909,1.3282484765518947,1.7678865881215027,0.6381571470976981,extensive,COMPLETE
29,-0.0027663425863619917,2025-12-08 01:53:11.581194,2025-12-08 01:53:26.989862,0 days 00:00:15.408668,0.4530411676989652,0.0021021733020984037,3,12,791,0.39266128393223143,7.436022714648922,0.47793830772789725,extensive,COMPLETE
30,-0.004620730908863724,2025-12-08 01:53:26.990865,2025-12-08 01:53:36.435517,0 days 00:00:09.444652,0.6483321065208851,0.02530473423625893,5,14,636,1.188282650912904,0.8468086779449882,0.5519011079826175,extensive,COMPLETE
31,-0.001660670064496846,2025-12-08 01:53:36.436517,2025-12-08 01:53:46.129339,0 days 00:00:09.692822,0.560152697613261,0.0010251180134022025,4,9,1046,1.6680027080218183,1.0047142961997604,0.4775283244735674,extensive,COMPLETE
32,-0.0022618230081656123,2025-12-08 01:53:46.131854,2025-12-08 01:54:06.781171,0 days 00:00:20.649317,0.5462663220477912,0.001335394496768243,4,5,917,0.7478146991108432,0.40673679521976847,0.4776734315272083,extensive,COMPLETE
33,-0.0016559721404409238,2025-12-08 01:54:06.782888,2025-12-08 01:54:16.356449,0 days 00:00:09.573561,0.5919130366546366,0.0010270550995699697,4,8,1060,1.9926393761649208,1.770608067319696,0.43115026709166515,extensive,COMPLETE
34,-0.001650828339966733,2025-12-08 01:54:16.357449,2025-12-08 01:54:22.730849,0 days 00:00:06.373400,0.5173578362950325,0.001405843271361473,3,15,471,1.1073877114006632,0.6588127998684258,0.425761918628474,extensive,COMPLETE
35,-0.0016614148454468698,2025-12-08 01:54:22.730849,2025-12-08 01:54:26.968261,0 days 00:00:04.237412,0.4713288234937221,0.001622348255745571,3,15,220,0.9248578461311254,0.4268759143230717,0.3508653095871689,extensive,COMPLETE
36,-0.0016559721404409238,2025-12-08 01:54:26.970265,2025-12-08 01:54:32.179826,0 days 00:00:05.209561,0.5187565892919829,0.012181444110949173,3,16,475,2.501265070252707,11.914723619480025,0.3946667170921613,extensive,COMPLETE
37,-0.001822768760756895,2025-12-08 01:54:32.179826,2025-12-08 01:54:45.260838,0 days 00:00:13.081012,0.5938404837788629,0.0022007084224645087,7,15,519,1.1115109659765874,0.5924848343320207,0.6164902930422725,extensive,COMPLETE
38,-0.025456870954697102,2025-12-08 01:54:45.260838,2025-12-08 01:55:47.026210,0 days 00:01:01.765372,0.7124769324526314,0.004124452755782119,3,11,3116,0.6599057140335209,0.7198784149291433,0.6810700497290791,extensive,COMPLETE
39,-0.0016559721404409238,2025-12-08 01:55:47.028210,2025-12-08 01:55:57.911394,0 days 00:00:10.883184,0.6397003590770215,0.0013949790316875224,5,18,1215,2.199867237467071,0.2286442225467196,0.4205838289279557,extensive,COMPLETE
40,-0.0016527715443622377,2025-12-08 01:55:57.912394,2025-12-08 01:56:05.128017,0 days 00:00:07.215623,0.3842221587744935,0.00312675952568112,3,12,730,1.7143316859615045,5.573288271904404,0.5625300875780012,extensive,COMPLETE
41,-0.0016500541834343352,2025-12-08 01:56:05.128650,2025-12-08 01:56:11.832389,0 days 00:00:06.703739,0.3645817076177773,0.0030397821582756413,3,12,688,1.6035734627943605,3.952035627419249,0.5715226814222354,extensive,COMPLETE
42,-0.0016220135999756395,2025-12-08 01:56:11.832389,2025-12-08 01:56:17.227840,0 days 00:00:05.395451,0.3555709490257277,0.0012800166466857442,3,14,402,1.2148048829229323,4.163788372307895,0.5086294973135921,extensive,COMPLETE
43,-0.0015853613290014816,2025-12-08 01:56:17.227840,2025-12-08 01:56:22.209354,0 days 00:00:04.981514,0.33288067006152033,0.008823512687966432,3,10,404,1.359156424945609,4.2316572369778145,0.5112910897674595,extensive,COMPLETE
44,-0.005481116527498091,2025-12-08 01:56:22.210487,2025-12-08 01:56:29.242152,0 days 00:00:07.031665,0.3088804784363496,0.008508843854281871,3,13,365,0.4671074618416673,3.4667021523220654,0.5103221226539723,extensive,COMPLETE
45,-0.0015800965823021447,2025-12-08 01:56:29.244701,2025-12-08 01:56:36.414077,0 days 00:00:07.169376,0.35486599552905895,0.005106932829150197,3,11,642,1.3386554122010579,4.862053739102951,0.6006721893422808,extensive,COMPLETE
46,-0.004578420310442939,2025-12-08 01:56:36.415635,2025-12-08 01:56:43.738636,0 days 00:00:07.323001,0.3333658242107837,0.016828685763677118,3,10,472,0.8955904724598386,11.018965367348173,0.5102000869701867,extensive,COMPLETE
47,-0.0016231496434935637,2025-12-08 01:56:43.738636,2025-12-08 01:56:47.870982,0 days 00:00:04.132346,0.4334003569528659,0.0011925105099891398,4,9,220,1.3195115344646418,4.8290891611910896,0.6601144748506995,extensive,COMPLETE
48,-0.0016559721404409238,2025-12-08 01:56:47.871992,2025-12-08 01:56:55.696152,0 days 00:00:07.824160,0.33778484141912446,0.005901142719854669,3,11,886,1.9164315758973736,2.4144792821716545,0.4551501404838052,extensive,COMPLETE
49,-0.0016559721404409238,2025-12-08 01:56:55.699851,2025-12-08 01:57:07.986071,0 days 00:00:12.286220,0.889702562688369,0.0020987600019712572,4,14,1300,2.808393690669157,8.370667717022389,0.7048861541719688,extensive,COMPLETE
50,-0.008744769220131343,2025-12-08 01:57:07.987455,2025-12-08 01:57:55.668394,0 days 00:00:47.680939,0.3902551555211687,0.005527896920289822,10,19,615,0.33476615515253294,2.743554439692777,0.5991858281501586,extensive,COMPLETE
51,-0.0016218526174873367,2025-12-08 01:57:55.670399,2025-12-08 01:58:01.142450,0 days 00:00:05.472051,0.430217422238872,0.0012797732781603378,4,9,382,1.361619883297659,4.279142435593162,0.6373499136896448,extensive,COMPLETE
52,-0.0016276573717476002,2025-12-08 01:58:01.144418,2025-12-08 01:58:06.005148,0 days 00:00:04.860730,0.33239338279351305,0.0018093524481803361,4,10,395,1.4092147264696901,6.422263230088654,0.5397581725351265,extensive,COMPLETE
53,-0.0015743407003138143,2025-12-08 01:58:06.006147,2025-12-08 01:58:14.225380,0 days 00:00:08.219233,0.40412275085680543,0.0012158417597365266,3,8,564,1.1238972662103983,4.7905263976988595,0.6300426620432551,extensive,COMPLETE
54,-0.002251413491004254,2025-12-08 01:58:14.225380,2025-12-08 01:58:34.835937,0 days 00:00:20.610557,0.4179427240110302,0.001491747663919791,5,8,797,0.7910551884793937,9.602941018505991,0.6297993224172528,extensive,COMPLETE
55,-0.004850183814839815,2025-12-08 01:58:34.835937,2025-12-08 01:58:43.823940,0 days 00:00:08.988003,0.3797410767400471,0.0100455611325413,3,6,605,1.0122354293724585,5.011440633556145,0.6520548546121727,extensive,COMPLETE
56,-0.0016764137188412704,2025-12-08 01:58:43.823940,2025-12-08 01:58:53.505089,0 days 00:00:09.681149,0.30438152212407177,0.013932041081765633,4,6,1145,1.7843898189858782,6.84200387754343,0.5920424861806298,extensive,COMPLETE
57,-0.0016559721404409238,2025-12-08 01:58:53.507090,2025-12-08 01:59:01.650969,0 days 00:00:08.143879,0.44312019109604933,0.0011453832791507835,4,9,903,2.162785629828578,2.8792728660104956,0.7186903831725864,extensive,COMPLETE
58,-0.0016415896888232566,2025-12-08 01:59:01.652431,2025-12-08 01:59:28.421288,0 days 00:00:26.768857,0.4080532215244537,0.0019279451694318253,3,2,3390,1.5616247800133938,5.235610273846275,0.6810814857560107,extensive,COMPLETE
59,-0.005018790792638006,2025-12-08 01:59:28.422288,2025-12-08 01:59:37.793523,0 days 00:00:09.371235,0.49621317654321456,0.007881807426855236,4,10,315,0.6399347753757896,12.631300096171026,0.7718731938146088,extensive,COMPLETE
60,-0.0016348445292549234,2025-12-08 01:59:37.794037,2025-12-08 02:00:05.445189,0 days 00:00:27.651152,0.40238725301977474,0.001566163154698801,5,8,2561,1.3943974725531434,2.1538425096112923,0.7428473514399501,extensive,COMPLETE
61,-0.0016149337009515967,2025-12-08 02:00:05.446189,2025-12-08 02:00:10.931396,0 days 00:00:05.485207,0.3622652119936016,0.0012765486058351472,3,11,382,1.1364991153271933,4.309797273962492,0.49642003367932314,extensive,COMPLETE
62,-0.0015958206442665546,2025-12-08 02:00:10.932396,2025-12-08 02:00:19.822583,0 days 00:00:08.890187,0.37124887563201037,0.0012034726287756237,3,10,584,1.0295725526329707,4.440814824096886,0.6230941442385829,extensive,COMPLETE
63,-0.0016092091921996083,2025-12-08 02:00:19.824591,2025-12-08 02:00:28.170668,0 days 00:00:08.346077,0.32498217510220895,0.001144569575870285,3,11,574,0.9648633886789549,3.0892309597180008,0.5393809121007533,extensive,COMPLETE
64,-0.0032163352920375754,2025-12-08 02:00:28.170668,2025-12-08 02:00:37.446515,0 days 00:00:09.275847,0.30305661651718613,0.0023832564440218074,3,12,581,0.044933434375266534,3.01843719900412,0.6174243633627611,extensive,COMPLETE
65,-0.001524408746674662,2025-12-08 02:00:37.448029,2025-12-08 02:00:49.897857,0 days 00:00:12.449828,0.3397128970771643,0.0011220248999612185,3,13,739,0.5827865119619415,8.424258974207703,0.5367600994587124,extensive,COMPLETE
66,-0.0030195234486058986,2025-12-08 02:00:49.897857,2025-12-08 02:01:44.289088,0 days 00:00:54.391231,0.34497978441536964,0.0017946881822190161,9,13,989,0.5055717933252485,9.108805829107304,0.5824075813080323,extensive,COMPLETE
67,-0.0012609284890335488,2025-12-08 02:01:44.289088,2025-12-08 02:01:57.906795,0 days 00:00:13.617707,0.36066795479409264,0.001012317629543306,3,13,749,0.2665584805316195,6.467351566644391,0.5344346405143912,extensive,COMPLETE
68,-0.0027941411094973834,2025-12-08 02:01:57.906795,2025-12-08 02:02:23.636830,0 days 00:00:25.730035,0.3738843535372186,0.0011294388791047835,3,13,1489,0.3277264408487608,5.712238522762795,0.5490636069459509,extensive,COMPLETE
69,-0.008022209250838333,2025-12-08 02:02:23.637834,2025-12-08 02:02:35.612917,0 days 00:00:11.975083,0.32570388736138584,0.010902877064016348,3,11,798,0.7690365702843602,13.770501017961253,0.5290363912900254,extensive,COMPLETE
70,-0.11571411821076112,2025-12-08 02:02:35.613917,2025-12-08 02:03:29.312282,0 days 00:00:53.698365,0.39722970931368157,0.029627204430692184,3,12,3951,0.5856589946085442,14.7240179644823,0.5610869682150185,extensive,COMPLETE
71,-0.0005525707106572112,2025-12-08 02:03:29.312282,2025-12-08 02:03:41.754989,0 days 00:00:12.442707,0.349941045333618,0.0010168057030393977,3,10,710,0.2452890170744148,7.452051600013003,0.8076966511524403,extensive,COMPLETE
72,-0.0017098023682355912,2025-12-08 02:03:41.757181,2025-12-08 02:03:57.199522,0 days 00:00:15.442341,0.3506881664408425,0.0010368063979502597,3,10,991,0.046194333444958685,9.660674974126795,0.8157518936262345,extensive,COMPLETE
73,-0.0008985539296160564,2025-12-08 02:03:57.199522,2025-12-08 02:04:10.677830,0 days 00:00:13.478308,0.37532166678129997,0.0011579644299444748,3,13,731,0.20196464192572447,7.641448154037786,0.5972448347681341,extensive,COMPLETE
74,-0.0014676917057810563,2025-12-08 02:04:10.677830,2025-12-08 02:04:23.684323,0 days 00:00:13.006493,0.3764746191456323,0.0016251013026854406,3,13,742,0.18871799202942036,7.185342779946948,0.8997433929470291,extensive,COMPLETE
75,-0.0026416891996720038,2025-12-08 02:04:23.686332,2025-12-08 02:04:42.292685,0 days 00:00:18.606353,0.3171959637721983,0.0015604178883599094,3,14,1150,0.20846315083693767,7.988469788824469,0.8539462735929841,extensive,COMPLETE
76,-0.002465745824373237,2025-12-08 02:04:42.292685,2025-12-08 02:06:49.647202,0 days 00:02:07.354517,0.3431739501743603,0.001016223402822659,8,13,1356,0.2251692112259156,19.499534765983146,0.8635761705387713,extensive,COMPLETE
77,-0.005854940929786852,2025-12-08 02:06:49.648929,2025-12-08 02:07:02.786725,0 days 00:00:13.137796,0.38381659293802733,0.0036925407887296764,3,14,705,0.4222140834542809,6.284612191926937,0.8903186708884231,extensive,COMPLETE
78,-0.02219918604210506,2025-12-08 02:07:02.786725,2025-12-08 02:07:20.263639,0 days 00:00:17.476914,0.41394460152054996,0.006607747816888854,3,16,961,0.22040430952870904,10.130456533082784,0.839585071131044,extensive,COMPLETE
79,-0.0029248687539794225,2025-12-08 02:07:20.263639,2025-12-08 02:07:31.304521,0 days 00:00:11.040882,0.3622693099671721,0.0014127953510124876,3,15,709,0.0002135968179887704,7.521337077581735,0.8214830915892615,extensive,COMPLETE
80,-0.0021583681511080735,2025-12-08 02:07:31.304521,2025-12-08 02:07:46.498114,0 days 00:00:15.193593,0.3979428240486227,0.001879436580274565,3,13,823,0.5612833809534858,16.536378899723402,0.787033108293951,extensive,COMPLETE
81,-0.000959080697217285,2025-12-08 02:07:46.499114,2025-12-08 02:07:56.438275,0 days 00:00:09.939161,0.3721420489063232,0.001188248003089445,3,10,517,0.324103832121738,4.785587072903875,0.6175124875457485,extensive,COMPLETE
82,-0.0008708542740546813,2025-12-08 02:07:56.439333,2025-12-08 02:08:05.507709,0 days 00:00:09.068376,0.3214114455538841,0.0012069737587956974,3,11,504,0.30535805450868553,3.7419306265001566,0.6012051803153954,extensive,COMPLETE
83,-0.0002659113051135531,2025-12-08 02:08:05.509710,2025-12-08 02:08:14.297160,0 days 00:00:08.787450,0.3189891741719552,0.0012095635431565454,3,12,503,0.1556618073037513,5.790436777130702,0.5882672213135338,extensive,COMPLETE
84,-3.9999877381236004e-05,2025-12-08 02:08:14.299163,2025-12-08 02:08:27.166723,0 days 00:00:12.867560,0.31867135431687954,0.0012734976600700318,4,12,512,0.13050923945108744,5.743762814014818,0.5853182050296786,extensive,COMPLETE
85,-0.0008022826643326505,2025-12-08 02:08:27.167723,2025-12-08 02:08:40.074701,0 days 00:00:12.906978,0.317847485635791,0.0014414980002585389,4,12,505,0.14763707805067894,8.358769727721823,0.6040662664781624,extensive,COMPLETE
86,-0.0006098899652813294,2025-12-08 02:08:40.075689,2025-12-08 02:08:48.180105,0 days 00:00:08.104416,0.31810922281769666,0.001440491202795824,4,12,294,0.15595857967208673,3.6607754202196925,0.6051433490436315,extensive,COMPLETE
87,-0.0010128569194336468,2025-12-08 02:08:48.181109,2025-12-08 02:08:56.798884,0 days 00:00:08.617775,0.31874093527163794,0.0013887531450414586,4,12,308,0.333654798110468,6.044698628239632,0.6053863790416624,extensive,COMPLETE
88,-0.0006180415412441557,2025-12-08 02:08:56.801002,2025-12-08 02:09:04.738953,0 days 00:00:07.937951,0.31846752826053404,0.0014209645354750302,4,12,292,0.11565984265164518,6.058906663001371,0.602844276127422,extensive,COMPLETE
89,-0.0002789392834471327,2025-12-08 02:09:04.740955,2025-12-08 02:09:11.016405,0 days 00:00:06.275450,0.3001889783240995,0.0014886483189439624,4,11,211,0.15136727075207715,3.561776423307123,0.6638227676260701,extensive,COMPLETE
90,-0.0010467898287920274,2025-12-08 02:09:11.017414,2025-12-08 02:09:19.855807,0 days 00:00:08.838393,0.3020382418807842,0.0023171194966613404,5,12,222,0.1324385417426984,3.5493884999873435,0.586496169569557,extensive,COMPLETE
91,-0.0016211877607705816,2025-12-08 02:09:19.855807,2025-12-08 02:09:33.239904,0 days 00:00:13.384097,0.3170420520603956,0.001715038428032607,4,11,511,0.42269335577814793,2.0495340297049234,0.6628645720501402,extensive,COMPLETE
92,-0.00011155759012615452,2025-12-08 02:09:33.243943,2025-12-08 02:09:41.447958,0 days 00:00:08.204015,0.3147461527209179,0.001289358904040915,4,11,308,0.0892629460932296,3.8519815013886682,0.6099998072007083,extensive,COMPLETE
93,-0.0002666480020521537,2025-12-08 02:09:41.447958,2025-12-08 02:09:48.616218,0 days 00:00:07.168260,0.31698781887222044,0.0014751070405592992,4,12,263,0.1033417340643905,5.5071688577099325,0.6468206846248777,extensive,COMPLETE
