number,value,datetime_start,datetime_complete,duration,params_xgb_colsample_bytree,params_xgb_learning_rate,params_xgb_max_depth,params_xgb_min_child_weight,params_xgb_n_estimators,params_xgb_reg_alpha,params_xgb_reg_lambda,params_xgb_subsample,user_attrs_feature_level,state
0,-0.0016559721404409238,2025-12-07 21:07:24.864812,2025-12-07 21:07:28.195814,0 days 00:00:03.331002,0.659195090518222,0.0018410729205738682,5,20,792,4.330880728874676,0.1360354613611808,0.7391963650868432,simple2,COMPLETE
1,-0.0032260843681083027,2025-12-07 21:07:28.196826,2025-12-07 21:07:33.070542,0 days 00:00:04.873716,0.8819459112971966,0.025959425503112647,7,15,1007,0.9170225492671691,0.2620503255096255,0.31235069657748143,simple2,COMPLETE
2,-0.0016559721404409238,2025-12-07 21:07:33.070542,2025-12-07 21:07:36.136154,0 days 00:00:03.065612,0.47473748411882516,0.010952662748632562,5,11,730,1.8318092164684585,0.4701469243560972,0.5591670111852695,simple2,COMPLETE
3,-0.0019157667263377531,2025-12-07 21:07:36.136154,2025-12-07 21:07:38.311430,0 days 00:00:02.175276,0.608540663048167,0.010150667045928576,6,16,376,0.8526206184364576,2.5002240473339543,0.41980426929501585,simple2,COMPLETE
4,-0.0016559721404409238,2025-12-07 21:07:38.312434,2025-12-07 21:07:40.753380,0 days 00:00:02.440946,0.7850384088698767,0.0032925293631105254,3,19,571,2.2007624686980067,3.753537145233125,0.8793792198447357,simple2,COMPLETE
5,-0.0016559721404409238,2025-12-07 21:07:40.753380,2025-12-07 21:07:51.728431,0 days 00:00:10.975051,0.8455922412472694,0.0027520696850790523,3,10,2718,2.600340105889054,0.5215026697411662,0.320633112669131,simple2,COMPLETE
6,-0.0016559721404409238,2025-12-07 21:07:51.729262,2025-12-07 21:08:06.325985,0 days 00:00:14.596723,0.7650796940166689,0.03946212980759095,7,4,3601,4.609371175115584,2.375668206925437,0.8817507766587351,simple2,COMPLETE
7,-0.0016559721404409238,2025-12-07 21:08:06.327429,2025-12-07 21:08:11.361503,0 days 00:00:05.034074,0.49519819845795865,0.004574578205475401,3,4,1231,1.7837666334679465,8.071418522169695,0.32713637334632284,simple2,COMPLETE
8,-0.0016231705040676097,2025-12-07 21:08:11.362626,2025-12-07 21:08:29.593628,0 days 00:00:18.231002,0.7813181884524238,0.0013386261584543908,5,11,3951,0.993578407670862,5.983542473217019,0.3845545349848576,simple2,COMPLETE
9,-0.010680546173370479,2025-12-07 21:08:29.595775,2025-12-07 21:08:32.877609,0 days 00:00:03.281834,0.7374043008245925,0.0204345549841614,3,17,481,0.5793452976256486,0.6680983417211186,0.7241144063085703,simple2,COMPLETE
10,-0.0016559721404409238,2025-12-07 21:08:32.878820,2025-12-07 21:08:47.315308,0 days 00:00:14.436488,0.310777125368892,0.0010586414866322784,10,10,3650,3.3820892378437533,16.685321327549868,0.48461652687015744,simple2,COMPLETE
11,-0.0016559721404409238,2025-12-07 21:08:47.316870,2025-12-07 21:08:55.203259,0 days 00:00:07.886389,0.6554989635091168,0.0011014724251195624,5,1,1930,4.695776478353494,0.14323741358858905,0.7094834936314305,simple2,COMPLETE
12,-0.0016559721404409238,2025-12-07 21:08:55.203259,2025-12-07 21:09:06.532146,0 days 00:00:11.328887,0.6850321159481426,0.0019570407808016848,5,20,2820,3.7109617606161134,6.829675549923149,0.69445779721767,simple2,COMPLETE
13,-0.03623442760795603,2025-12-07 21:09:06.533735,2025-12-07 21:09:38.865852,0 days 00:00:32.332117,0.5213460475099596,0.0017345286659260657,9,13,1777,0.02616525959119631,0.11645880000439712,0.6102008085910016,simple2,COMPLETE
14,-0.0016559721404409238,2025-12-07 21:09:38.867710,2025-12-07 21:09:51.335406,0 days 00:00:12.467696,0.5768429036921325,0.004171424823239406,6,7,3093,3.3350344041462963,1.1570174807466898,0.7857473510118685,simple2,COMPLETE
15,-0.0016559721404409238,2025-12-07 21:09:51.336413,2025-12-07 21:09:57.376591,0 days 00:00:06.040178,0.39933376883122673,0.0017518252777534015,8,13,1476,3.9732268205604444,17.544098575609052,0.5911861177184772,simple2,COMPLETE
16,-0.0016559721404409238,2025-12-07 21:09:57.376591,2025-12-07 21:10:07.221797,0 days 00:00:09.845206,0.7044091457735527,0.006241352857946716,4,7,2414,2.7643870576890737,1.2036063214986896,0.43676091389973465,simple2,COMPLETE
17,-0.0017195431252578313,2025-12-07 21:10:07.221797,2025-12-07 21:10:21.301840,0 days 00:00:14.080043,0.8157899251173307,0.0023568070907084293,4,18,3294,1.4255705246080306,6.891383689985541,0.8043223150369871,simple2,COMPLETE
18,-0.0016559721404409238,2025-12-07 21:10:21.302941,2025-12-07 21:10:29.901475,0 days 00:00:08.598534,0.6252342641264145,0.0013328197602295402,6,14,2126,4.9864367334813675,0.2794907588112161,0.5236372382152099,simple2,COMPLETE
19,-0.0016559721404409238,2025-12-07 21:10:29.902472,2025-12-07 21:10:36.112105,0 days 00:00:06.209633,0.559647366708295,0.007129607013639369,4,7,1520,4.078649186547714,4.236869541995222,0.6458595440219126,simple2,COMPLETE
20,-0.0016559721404409238,2025-12-07 21:10:36.113615,2025-12-07 21:10:51.851878,0 days 00:00:15.738263,0.7126317048887219,0.0014728683975590833,8,20,3922,2.9111046405876935,0.21366974082820558,0.7947793353131883,simple2,COMPLETE
21,-0.0016636847847643448,2025-12-07 21:10:51.852449,2025-12-07 21:10:55.404478,0 days 00:00:03.552029,0.45347131802190443,0.011726054896928628,5,11,845,1.6401193028080394,0.4931103747307739,0.5664840116054779,simple2,COMPLETE
22,-0.0016559721404409238,2025-12-07 21:10:55.405476,2025-12-07 21:10:56.617681,0 days 00:00:01.212205,0.41701419488080754,0.014559095280735722,5,11,245,2.0959610795350363,0.37812758827683784,0.3971730983432433,simple2,COMPLETE
23,-0.0016329273553941832,2025-12-07 21:10:56.618974,2025-12-07 21:11:00.554417,0 days 00:00:03.935443,0.3553680297096784,0.00803768677537972,4,8,922,1.2786024900146455,0.8041798013694471,0.5057169092805007,simple2,COMPLETE
24,-0.0016284418896689301,2025-12-07 21:11:00.555416,2025-12-07 21:11:05.402813,0 days 00:00:04.847397,0.3089037889604532,0.005791665061717977,4,5,1157,1.3207054320579812,0.7992469361414074,0.49010112675457385,simple2,COMPLETE
25,-0.0015350392192978735,2025-12-07 21:11:05.403857,2025-12-07 21:11:10.387268,0 days 00:00:04.983411,0.3011324117288348,0.007043718149692731,4,5,1194,1.2817644090702203,0.9302454654389094,0.4761274593725298,simple2,COMPLETE
26,-0.015788484898881554,2025-12-07 21:11:10.388304,2025-12-07 21:11:21.135751,0 days 00:00:10.747447,0.3134617801832572,0.005305916425214714,4,4,1277,0.20845978896586814,2.0283570964403195,0.3864622989022038,simple2,COMPLETE
27,-0.0017822559017334576,2025-12-07 21:11:21.135751,2025-12-07 21:11:30.904017,0 days 00:00:09.768266,0.3738144155366984,0.003439606814880333,4,1,2217,1.0176733130073174,0.9234613638761312,0.4705428975894252,simple2,COMPLETE
28,-0.019435961452088184,2025-12-07 21:11:30.904853,2025-12-07 21:11:43.104247,0 days 00:00:12.199394,0.3013888728295501,0.017456084246660272,6,5,1658,0.502270699296061,1.6636219612415661,0.3753690291217358,simple2,COMPLETE
29,-0.0013629948118462076,2025-12-07 21:11:43.105248,2025-12-07 21:11:47.916721,0 days 00:00:04.811473,0.3521268206248657,0.025997531974864298,3,2,1140,1.2337370605303268,3.6601484035218745,0.4496183952224745,simple2,COMPLETE
30,-0.0016559721404409238,2025-12-07 21:11:47.917720,2025-12-07 21:11:57.907329,0 days 00:00:09.989609,0.4244072243595986,0.047589596861045094,3,2,2476,2.225261128073714,11.441992649118937,0.4471704551172252,simple2,COMPLETE
31,-0.0015017715035062402,2025-12-07 21:11:57.907329,2025-12-07 21:12:02.753995,0 days 00:00:04.846666,0.35724282483136327,0.03321536885892435,4,3,1175,1.2723530293274286,3.6439731712169157,0.3600608680061646,simple2,COMPLETE
32,-0.0014831518331455869,2025-12-07 21:12:02.755067,2025-12-07 21:12:08.572919,0 days 00:00:05.817852,0.3529314470670404,0.03189838634889952,3,3,1399,1.0346158332769284,4.527389359800707,0.36284356721477196,simple2,COMPLETE
33,-0.0209088548375204,2025-12-07 21:12:08.574917,2025-12-07 21:12:16.503666,0 days 00:00:07.928749,0.3553427679563651,0.027292592647565662,3,2,1381,0.49567287356699197,3.8569625669736585,0.3428246708968768,simple2,COMPLETE
34,-0.003986365722878471,2025-12-07 21:12:16.504616,2025-12-07 21:12:21.342128,0 days 00:00:04.837512,0.37376829763388114,0.028039762170501886,3,3,1046,0.7834881652267586,3.046871983526871,0.35994330477258896,simple2,COMPLETE
35,-0.0016559721404409238,2025-12-07 21:12:21.343127,2025-12-07 21:12:24.328387,0 days 00:00:02.985260,0.4506732473302585,0.03560746771227356,3,3,698,1.5765998108993264,4.473730674676409,0.3063812994878258,simple2,COMPLETE
36,-0.001336644640985707,2025-12-07 21:12:24.328387,2025-12-07 21:12:31.803095,0 days 00:00:07.474708,0.3426528033775706,0.020236715028115415,4,6,1791,1.179029700404919,9.89424800796736,0.43576480783148613,simple2,COMPLETE
37,-0.0016559721404409238,2025-12-07 21:12:31.804100,2025-12-07 21:12:39.222309,0 days 00:00:07.418209,0.35452339500694674,0.022861568489546784,3,6,1843,1.9661847279986422,10.371119468637035,0.4196156054077505,simple2,COMPLETE
38,-0.003697079035394587,2025-12-07 21:12:39.223629,2025-12-07 21:12:46.115861,0 days 00:00:06.892232,0.40055058935770277,0.03310561888002974,4,2,1593,1.0637590734219189,11.448229824684873,0.5349626941255061,simple2,COMPLETE
39,-0.004996573764566785,2025-12-07 21:12:46.117482,2025-12-07 21:12:49.307612,0 days 00:00:03.190130,0.4860891021632398,0.04620912287746606,3,9,670,0.8078808271294373,5.2196170026055375,0.41844032549585697,simple2,COMPLETE
40,-0.0016559721404409238,2025-12-07 21:12:49.309123,2025-12-07 21:12:57.474026,0 days 00:00:08.164903,0.5279774989688483,0.015976596186285903,7,3,2024,2.2658237832164474,9.381649480979771,0.353562013101773,simple2,COMPLETE
41,-0.0015104325932405367,2025-12-07 21:12:57.475124,2025-12-07 21:13:02.145994,0 days 00:00:04.670870,0.33624603374883455,0.021186514819556808,4,5,1102,1.2504928242093414,2.961402811443066,0.45522167733215657,simple2,COMPLETE
42,-0.0016647573527703112,2025-12-07 21:13:02.147503,2025-12-07 21:13:06.325378,0 days 00:00:04.177875,0.3380200104022164,0.02072307660718771,5,4,1018,1.708993887547599,2.925402833834125,0.44042543582395216,simple2,COMPLETE
43,-0.0016510828556099237,2025-12-07 21:13:06.326377,2025-12-07 21:13:11.864634,0 days 00:00:05.538257,0.38650424875378936,0.031358665231429154,3,6,1333,1.134788528176149,3.0492155192413652,0.30052522821724253,simple2,COMPLETE
44,-0.005715019149523215,2025-12-07 21:13:11.866222,2025-12-07 21:13:21.109420,0 days 00:00:09.243198,0.33642422971927527,0.012793407475669037,4,1,1713,0.6132827332955063,2.156440863445326,0.33723636300090326,simple2,COMPLETE
45,-0.0016559721404409238,2025-12-07 21:13:21.110468,2025-12-07 21:13:23.325091,0 days 00:00:02.214623,0.4466074599049028,0.009334994777954997,3,3,509,1.8869153718692533,5.101440530705697,0.3962166911452137,simple2,COMPLETE
46,-0.06941876284279291,2025-12-07 21:13:23.325540,2025-12-07 21:13:29.973843,0 days 00:00:06.648303,0.3326479506724763,0.04007885367212304,4,6,853,0.32735176437714264,1.710183375595261,0.4484589787335958,simple2,COMPLETE
47,-0.0016580402784226826,2025-12-07 21:13:29.973843,2025-12-07 21:13:34.410515,0 days 00:00:04.436672,0.41368885515981335,0.023777816986106568,5,4,1070,1.6061263921400721,8.086352507132773,0.36882440510671094,simple2,COMPLETE
48,-0.007208454227207395,2025-12-07 21:13:34.415294,2025-12-07 21:13:41.252660,0 days 00:00:06.837366,0.377284543788552,0.02079817985060315,3,2,1440,0.8191748903939821,3.3280485832559488,0.5458527689815319,simple2,COMPLETE
49,-0.0016970586169205621,2025-12-07 21:13:41.255088,2025-12-07 21:13:47.933499,0 days 00:00:06.678411,0.8705794622727765,0.016908536237165688,3,8,1603,1.4725332941441276,14.253322919899603,0.40543198769486555,simple2,COMPLETE
50,-0.002118341423708666,2025-12-07 21:13:47.935399,2025-12-07 21:13:56.675837,0 days 00:00:08.740438,0.4289804245806439,0.03925087462708745,10,5,1942,1.1054943077288357,6.102367431924464,0.46683801861215624,simple2,COMPLETE
51,-0.0014118532411778,2025-12-07 21:13:56.677829,2025-12-07 21:14:01.721100,0 days 00:00:05.043271,0.3253327600039069,0.028349713973033,4,5,1192,1.2124490216341968,2.4775627121052706,0.47478894152359474,simple2,COMPLETE
52,-0.013724682033048552,2025-12-07 21:14:01.721100,2025-12-07 21:14:08.239576,0 days 00:00:06.518476,0.33146635177506106,0.029771993626842727,4,4,1182,0.6633637134203685,2.537595433878548,0.5034172805896334,simple2,COMPLETE
53,-0.0013536270156725057,2025-12-07 21:14:08.241582,2025-12-07 21:14:13.813566,0 days 00:00:05.571984,0.3587869544730415,0.025246718264645723,4,1,1365,1.2624014155043066,1.408553306128406,0.42854421542101573,simple2,COMPLETE
54,-0.0016559721404409238,2025-12-07 21:14:13.814602,2025-12-07 21:14:19.409931,0 days 00:00:05.595329,0.3640214407044192,0.026106354825112584,5,1,1363,2.4384869663617543,1.4363922706369299,0.42267163359942694,simple2,COMPLETE
55,-0.0014916459195095284,2025-12-07 21:14:19.412179,2025-12-07 21:14:27.193416,0 days 00:00:07.781237,0.3879013790136709,0.035511852539295334,5,2,1788,0.9213113086328002,1.8242524311159187,0.3211801438121242,simple2,COMPLETE
56,-0.0018119476959222631,2025-12-07 21:14:27.195463,2025-12-07 21:14:35.120852,0 days 00:00:07.925389,0.3871654566355491,0.0397825958149455,5,2,1812,0.9256889666369105,1.2795130466292068,0.3262885187929971,simple2,COMPLETE
57,-0.05963114518981091,2025-12-07 21:14:35.120852,2025-12-07 21:14:48.696092,0 days 00:00:13.575240,0.39878697003072355,0.024987135395122113,6,1,1520,0.4199136581749553,1.8141978581121407,0.6512375054568796,simple2,COMPLETE
58,-0.0018240596281270764,2025-12-07 21:14:48.698107,2025-12-07 21:14:57.814657,0 days 00:00:09.116550,0.5204289404198995,0.01860153806735106,3,2,2232,1.4803982491516545,2.5731244828998334,0.5671921876182524,simple2,COMPLETE
59,-0.18513641277661583,2025-12-07 21:14:57.816056,2025-12-07 21:15:13.271315,0 days 00:00:15.455259,0.3233733793356462,0.049487513448446686,5,1,1723,0.23237969699011873,4.598059159686854,0.32091185992802024,simple2,COMPLETE
60,-0.0016547352425042572,2025-12-07 21:15:13.272315,2025-12-07 21:15:23.079190,0 days 00:00:09.806875,0.4581581751748553,0.013832155489841104,4,4,2430,1.7683381218625898,1.4989943018451972,0.38348217490876574,simple2,COMPLETE
61,-0.001505202652107777,2025-12-07 21:15:23.081199,2025-12-07 21:15:28.425598,0 days 00:00:05.344399,0.35389799655602416,0.03549302728661804,4,3,1275,1.1724506175107166,3.7364487895859964,0.34988310630441927,simple2,COMPLETE
62,-0.0015259169175382281,2025-12-07 21:15:28.426479,2025-12-07 21:15:33.012693,0 days 00:00:04.586214,0.39888298067866673,0.029686342242869777,7,3,940,0.9301602149505306,2.3064782442123812,0.4094141877411446,simple2,COMPLETE
63,-0.0016559721404409238,2025-12-07 21:15:33.013694,2025-12-07 21:15:39.027728,0 days 00:00:06.014034,0.3519843584178138,0.041700248989707256,4,2,1474,2.0430408010038765,7.271903773460871,0.5080541557774383,simple2,COMPLETE
64,-0.0016161615744267148,2025-12-07 21:15:39.028735,2025-12-07 21:15:46.813541,0 days 00:00:07.784806,0.3181034603784237,0.034490592265981446,3,3,1925,1.391112446969041,1.9670983425420765,0.36995891377198625,simple2,COMPLETE
65,-0.15586125972186346,2025-12-07 21:15:46.814715,2025-12-07 21:15:53.782926,0 days 00:00:06.968211,0.43106974166347733,0.024775674683715884,4,4,816,0.01848544628283344,1.1271205249982723,0.4293421979129926,simple2,COMPLETE
66,-0.005107915113464756,2025-12-07 21:15:53.783931,2025-12-07 21:16:00.266549,0 days 00:00:06.482618,0.36908252330763003,0.018382317540810458,4,6,1246,0.6992393194338601,19.84551433867784,0.39174208804524624,simple2,COMPLETE
67,-0.0011364782980003059,2025-12-07 21:16:00.267553,2025-12-07 21:16:07.127269,0 days 00:00:06.859716,0.30061379191364995,0.02999071821858409,5,1,1619,1.0155828708637222,5.668349102669769,0.33519880915819,simple2,COMPLETE
68,-0.002025141841448974,2025-12-07 21:16:07.129125,2025-12-07 21:16:15.947830,0 days 00:00:08.818705,0.3407742466892842,0.0277841707031729,6,1,2064,0.9774673652677154,6.141507595124885,0.3157744770349393,simple2,COMPLETE
69,-0.001756531536432071,2025-12-07 21:16:15.949153,2025-12-07 21:16:22.551723,0 days 00:00:06.602570,0.30730978047520985,0.0435600294116317,5,2,1616,1.5004384925387928,14.068531417651924,0.3400725548118585,simple2,COMPLETE
70,-0.0016559721404409238,2025-12-07 21:16:22.552988,2025-12-07 21:16:31.166582,0 days 00:00:08.613594,0.3005357729047116,0.021985867983777947,9,1,2174,3.2861227482680406,5.323689292941866,0.835060678183287,simple2,COMPLETE
71,-0.0016942182281601454,2025-12-07 21:16:31.167584,2025-12-07 21:16:36.866332,0 days 00:00:05.698748,0.3223102039521181,0.037014758562247035,5,3,1388,1.3070426260042867,3.837344716911415,0.35944458795660533,simple2,COMPLETE
72,-0.0016711811233735367,2025-12-07 21:16:36.868318,2025-12-07 21:16:44.100696,0 days 00:00:07.232378,0.38515531463146385,0.03172513274944956,4,2,1770,1.1989983921664287,3.3330418032049596,0.33144997258281034,simple2,COMPLETE
73,-0.002292437913899511,2025-12-07 21:16:44.101696,2025-12-07 21:16:50.599627,0 days 00:00:06.497931,0.3484810729015852,0.03200364095742485,3,16,1524,1.0216926321680628,8.556210800870712,0.4593313836649368,simple2,COMPLETE
74,-0.0038649745950940506,2025-12-07 21:16:50.603639,2025-12-07 21:16:56.215788,0 days 00:00:05.612149,0.32075310583637506,0.026282905507525305,5,5,1141,0.7887197307312317,2.5016471257929984,0.3812600688350258,simple2,COMPLETE
75,-0.001782983816717228,2025-12-07 21:16:56.216692,2025-12-07 21:17:04.246574,0 days 00:00:08.029882,0.6350972757269345,0.02288021163889303,4,12,1941,1.3611934759366753,4.403825369446834,0.49125817664850596,simple2,COMPLETE
76,-0.0016559721404409238,2025-12-07 21:17:04.247574,2025-12-07 21:17:08.281972,0 days 00:00:04.034398,0.3710655149113022,0.029135308798946595,6,1,967,1.8400557354478986,7.3347965576111145,0.43071797549076674,simple2,COMPLETE
77,-0.0024513383353947926,2025-12-07 21:17:08.282972,2025-12-07 21:17:11.282042,0 days 00:00:02.999070,0.40732238197539233,0.01928365604763687,3,3,616,0.691611603633301,0.9960654887132904,0.300148673927203,simple2,COMPLETE
78,-0.001273284171592189,2025-12-07 21:17:11.283704,2025-12-07 21:17:16.751656,0 days 00:00:05.467952,0.36298750619927167,0.04439952629404933,4,2,1311,1.1581808649119558,5.519020648601607,0.4069990664759043,simple2,COMPLETE
79,-0.03208223264944491,2025-12-07 21:17:16.752619,2025-12-07 21:17:23.887047,0 days 00:00:07.134428,0.4692851647350851,0.043098113530805005,3,2,1291,0.5407041916543813,0.6552350867137579,0.4024086335893041,simple2,COMPLETE
80,-0.0016746805925110426,2025-12-07 21:17:23.887047,2025-12-07 21:17:30.603877,0 days 00:00:06.716830,0.3878400802093458,0.015886761914620316,5,7,1651,1.623079907258177,5.514626607096929,0.4409298758882806,simple2,COMPLETE
81,-0.0014089665130592177,2025-12-07 21:17:30.605882,2025-12-07 21:17:36.609887,0 days 00:00:06.004005,0.35793131188277305,0.03426101097697927,4,4,1431,1.1214786465804307,3.757786996734249,0.35989227016703157,simple2,COMPLETE
82,-0.0017863795421902233,2025-12-07 21:17:36.611399,2025-12-07 21:17:42.999345,0 days 00:00:06.387946,0.33996428238167803,0.037755986616252644,4,4,1530,1.1307990970327935,4.431240505624225,0.41347935681668013,simple2,COMPLETE
83,-0.003490677495631219,2025-12-07 21:17:43.001350,2025-12-07 21:17:49.128318,0 days 00:00:06.126968,0.3660652763001439,0.04690130160135764,4,1,1390,0.9087424170098308,6.45111473897402,0.37177263547094513,simple2,COMPLETE
84,-0.001897252736972388,2025-12-07 21:17:49.129215,2025-12-07 21:17:56.752218,0 days 00:00:07.623003,0.3234068595219557,0.03434553525334716,4,2,1824,1.0888188012958433,4.883202539492569,0.39645729815363845,simple2,COMPLETE
85,-0.005082502677468274,2025-12-07 21:17:56.753764,2025-12-07 21:18:04.337186,0 days 00:00:07.583422,0.34623643663594883,0.027734027182803368,3,5,1677,0.8641131299417633,2.814176528510378,0.4798650315366592,simple2,COMPLETE
86,-0.0016915818481292681,2025-12-07 21:18:04.338421,2025-12-07 21:18:10.277955,0 days 00:00:05.939534,0.4219557282482801,0.02393815380697899,5,3,1444,1.3710748410663887,9.833424937844674,0.341367402120075,simple2,COMPLETE
87,-0.0017361365254865795,2025-12-07 21:18:10.279071,2025-12-07 21:18:14.837432,0 days 00:00:04.558361,0.437888530638393,0.04344474260478004,4,4,1105,1.5292263189393647,3.349765556070902,0.35760348320079455,simple2,COMPLETE
88,-0.035327609278745786,2025-12-07 21:18:14.839108,2025-12-07 21:18:22.553436,0 days 00:00:07.714328,0.36390924606592306,0.03041865547850646,3,6,1228,0.413610622252787,1.6036750959823036,0.4608453562572757,simple2,COMPLETE
89,-0.0016559721404409238,2025-12-07 21:18:22.553760,2025-12-07 21:18:30.304333,0 days 00:00:07.750573,0.7525107477390225,0.037646800416385406,5,2,1862,1.6878202026886544,2.1536543057939865,0.3122392441076933,simple2,COMPLETE
90,-0.006266161052540298,2025-12-07 21:18:30.305340,2025-12-07 21:18:37.191691,0 days 00:00:06.886351,0.37924810788870306,0.010322774498712444,3,1,1324,0.7567296502665417,4.008724007522812,0.7594757335761746,simple2,COMPLETE
91,-0.0014738613437766575,2025-12-07 21:18:37.191691,2025-12-07 21:18:41.402998,0 days 00:00:04.211307,0.3132427684991118,0.03338834961905402,4,3,1017,1.2613245758748068,3.6646317419096706,0.3705801100802893,simple2,COMPLETE
92,-0.0017308252081755053,2025-12-07 21:18:41.404398,2025-12-07 21:18:45.139024,0 days 00:00:03.734626,0.3089616534852915,0.03357642308160226,4,3,887,1.2028878505716443,2.7488493437591988,0.38404297148508904,simple2,COMPLETE
93,-0.001593446560827827,2025-12-07 21:18:45.139024,2025-12-07 21:18:51.406846,0 days 00:00:06.267822,0.325452653359969,0.02629311638445224,4,4,1564,1.2789642547455238,3.4083486123326554,0.32919955045590776,simple2,COMPLETE
94,-0.0014387900731883303,2025-12-07 21:18:51.407445,2025-12-07 21:18:54.851933,0 days 00:00:03.444488,0.3443909355166196,0.03163275009060606,4,2,769,1.0066289947061955,5.50419444392107,0.4147161981944156,simple2,COMPLETE
