number,value,datetime_start,datetime_complete,duration,params_enet_alpha,params_enet_l1_ratio,params_selector__k,user_attrs_feature_level,user_attrs_top_k_features,state
0,-0.015083003934141895,2025-12-07 02:11:29.348590,2025-12-07 02:11:30.875950,0 days 00:00:01.527360,0.00031489116479568613,0.9507143064099162,366,extensive,366,COMPLETE
1,-0.0033688407647629224,2025-12-07 02:11:30.875950,2025-12-07 02:11:32.302892,0 days 00:00:01.426942,0.0024810409748678114,0.15601864044243652,78,extensive,78,COMPLETE
2,-4.576441707169973,2025-12-07 02:11:32.302892,2025-12-07 02:11:34.505417,0 days 00:00:02.202525,1.7073967431528103e-05,0.8661761457749352,301,extensive,301,COMPLETE
3,-0.2743812254476412,2025-12-07 02:11:34.506420,2025-12-07 02:11:36.378339,0 days 00:00:01.871919,0.006796578090758156,0.020584494295802447,485,extensive,485,COMPLETE
4,-0.0016559721242364045,2025-12-07 02:11:36.379341,2025-12-07 02:11:37.827719,0 days 00:00:01.448378,0.021368329072358756,0.21233911067827616,91,extensive,91,COMPLETE
5,-3.8832627895238363,2025-12-07 02:11:37.828290,2025-12-07 02:11:39.625539,0 days 00:00:01.797249,5.415244119402538e-05,0.3042422429595377,263,extensive,263,COMPLETE
6,-0.21596979993850707,2025-12-07 02:11:39.626542,2025-12-07 02:11:41.309012,0 days 00:00:01.682470,0.0005342937261279777,0.2912291401980419,306,extensive,306,COMPLETE
7,-27.457940802856573,2025-12-07 02:11:41.310016,2025-12-07 02:11:42.966693,0 days 00:00:01.656677,3.613894271216525e-05,0.29214464853521815,184,extensive,184,COMPLETE
8,0.00019577938937898054,2025-12-07 02:11:42.967737,2025-12-07 02:11:44.430814,0 days 00:00:01.463077,0.0006672367170464204,0.7851759613930136,100,extensive,100,COMPLETE
9,7.722615641048147e-05,2025-12-07 02:11:44.431817,2025-12-07 02:11:45.914055,0 days 00:00:01.482238,0.0011400863701127321,0.5924145688620425,24,extensive,24,COMPLETE
10,-0.0016559721242364045,2025-12-07 02:11:45.916559,2025-12-07 02:11:47.387208,0 days 00:00:01.470649,0.06033178530661212,0.6998750099215972,160,extensive,160,COMPLETE
11,-0.03152403422026425,2025-12-07 02:11:47.389211,2025-12-07 02:11:48.802778,0 days 00:00:01.413567,0.00024400771927662236,0.5806112213279113,20,extensive,20,COMPLETE
12,-0.0016559721242364045,2025-12-07 02:11:48.804281,2025-12-07 02:11:50.248219,0 days 00:00:01.443938,0.002086433350183063,0.7471522741026703,20,extensive,20,COMPLETE
13,-0.00011025035094662054,2025-12-07 02:11:50.248723,2025-12-07 02:11:51.860749,0 days 00:00:01.612026,0.001119628107170992,0.5605434198776816,152,extensive,152,COMPLETE
14,-0.3094318107621184,2025-12-07 02:11:51.861753,2025-12-07 02:11:53.496858,0 days 00:00:01.635105,0.00012469878332736528,0.44337392182465307,88,extensive,88,COMPLETE
15,-0.0016559721242364045,2025-12-07 02:11:53.497858,2025-12-07 02:11:54.968307,0 days 00:00:01.470449,0.004664334752212163,0.7241282880805195,3,extensive,3,COMPLETE
16,-0.0016559721242364045,2025-12-07 02:11:54.970305,2025-12-07 02:11:56.402294,0 days 00:00:01.431989,0.01613236140622209,0.8448132833248991,206,extensive,206,COMPLETE
17,-0.0025364415889289984,2025-12-07 02:11:56.403294,2025-12-07 02:11:57.816428,0 days 00:00:01.413134,0.0008767173462676456,0.4687052188878422,115,extensive,115,COMPLETE
18,-0.18836456053979497,2025-12-07 02:11:57.817432,2025-12-07 02:11:59.284585,0 days 00:00:01.467153,9.869080008263714e-05,0.5932491601636256,64,extensive,64,COMPLETE
19,-0.0016559721242364045,2025-12-07 02:11:59.285591,2025-12-07 02:12:00.710560,0 days 00:00:01.424969,0.0016317854542245661,0.9784918861527186,229,extensive,229,COMPLETE
20,-0.007485572510969078,2025-12-07 02:12:00.712562,2025-12-07 02:12:02.118346,0 days 00:00:01.405784,0.00041283868765970637,0.798628552196908,133,extensive,133,COMPLETE
21,0.00032726012547109235,2025-12-07 02:12:02.119346,2025-12-07 02:12:03.545385,0 days 00:00:01.426039,0.000967027202604225,0.584251104659444,147,extensive,147,COMPLETE
22,-0.0016559721242364045,2025-12-07 02:12:03.546385,2025-12-07 02:12:05.101479,0 days 00:00:01.555094,0.004732883792472494,0.6604884639123376,59,extensive,59,COMPLETE
23,-0.01195950630212513,2025-12-07 02:12:05.102478,2025-12-07 02:12:06.527065,0 days 00:00:01.424587,0.0006481583453180494,0.4134140996927128,40,extensive,40,COMPLETE
24,-0.13701017291181694,2025-12-07 02:12:06.528070,2025-12-07 02:12:08.012357,0 days 00:00:01.484287,0.00019482009603461462,0.629540378885119,121,extensive,121,COMPLETE
25,-0.0016559721242364045,2025-12-07 02:12:08.013358,2025-12-07 02:12:09.487562,0 days 00:00:01.474204,0.01078684574031435,0.8981021237333798,184,extensive,184,COMPLETE
26,-0.0016559721242364045,2025-12-07 02:12:09.487562,2025-12-07 02:12:10.961416,0 days 00:00:01.473854,0.002740135239244435,0.5230811666263426,107,extensive,107,COMPLETE
27,-0.0006095876281211702,2025-12-07 02:12:10.962416,2025-12-07 02:12:12.468212,0 days 00:00:01.505796,0.0009344028792207697,0.7752971979631718,489,extensive,489,COMPLETE
28,-0.15156129608332605,2025-12-07 02:12:12.469216,2025-12-07 02:12:13.937751,0 days 00:00:01.468535,0.00011998744990366973,0.6559336999226163,53,extensive,53,COMPLETE
29,-0.2897414022599521,2025-12-07 02:12:13.937751,2025-12-07 02:12:15.457823,0 days 00:00:01.520072,0.0002607692897602122,0.507958944077588,430,extensive,430,COMPLETE
30,-0.06802781392026218,2025-12-07 02:12:15.458829,2025-12-07 02:12:16.960423,0 days 00:00:01.501594,0.0004252182465719529,0.38652818628228397,147,extensive,147,COMPLETE
31,-0.001206716819096861,2025-12-07 02:12:16.960423,2025-12-07 02:12:18.448989,0 days 00:00:01.488566,0.0014464488684100465,0.6181347758798162,178,extensive,178,COMPLETE
32,-0.0002463935399757977,2025-12-07 02:12:18.449991,2025-12-07 02:12:19.955008,0 days 00:00:01.505017,0.001163290389572176,0.5492194440779159,257,extensive,257,COMPLETE
33,-0.0016559721242364045,2025-12-07 02:12:19.956765,2025-12-07 02:12:21.433447,0 days 00:00:01.476682,0.003233547957550215,0.9278562070256168,149,extensive,149,COMPLETE
34,-0.016121807360498137,2025-12-07 02:12:21.434451,2025-12-07 02:12:22.868166,0 days 00:00:01.433715,0.00071952252278394,0.3606791970055566,84,extensive,84,COMPLETE
35,-5.37357469927989,2025-12-07 02:12:22.869209,2025-12-07 02:12:25.653651,0 days 00:00:02.784442,1.1019135879803625e-05,0.8190673762345009,296,extensive,296,COMPLETE
36,-0.0016559721242364045,2025-12-07 02:12:25.655155,2025-12-07 02:12:27.122751,0 days 00:00:01.467596,0.00798310544045975,0.6920571959131409,218,extensive,218,COMPLETE
37,-0.005140095034495085,2025-12-07 02:12:27.124255,2025-12-07 02:12:28.561278,0 days 00:00:01.437023,0.0018045983207648406,0.20510434077962475,34,extensive,34,COMPLETE
38,-3.6309393346126098,2025-12-07 02:12:28.562278,2025-12-07 02:12:30.733148,0 days 00:00:02.170870,0.00040409608987820845,0.07415463393802796,374,extensive,374,COMPLETE
39,-0.0016559721242364045,2025-12-07 02:12:30.734152,2025-12-07 02:12:32.305068,0 days 00:00:01.570916,0.003704225152663227,0.5608695789767884,80,extensive,80,COMPLETE
40,-0.0016559721242364045,2025-12-07 02:12:32.306432,2025-12-07 02:12:33.859765,0 days 00:00:01.553333,0.06592318760277426,0.4994118184635419,105,extensive,105,COMPLETE
41,-0.00035070431121223916,2025-12-07 02:12:33.860770,2025-12-07 02:12:35.555817,0 days 00:00:01.695047,0.0011710993536795844,0.5687702274318368,284,extensive,284,COMPLETE
42,-0.00018247352173047146,2025-12-07 02:12:35.556560,2025-12-07 02:12:37.172875,0 days 00:00:01.616315,0.001158473144752436,0.5390587161097659,253,extensive,253,COMPLETE
43,-0.018642988674253774,2025-12-07 02:12:37.174384,2025-12-07 02:12:38.768344,0 days 00:00:01.593960,0.0006060060803951704,0.46829163776109944,338,extensive,338,COMPLETE
44,-0.0016559721242364045,2025-12-07 02:12:38.769353,2025-12-07 02:12:40.283896,0 days 00:00:01.514543,0.002633651019266868,0.6802969222106963,231,extensive,231,COMPLETE
45,-0.5278073186335273,2025-12-07 02:12:40.284905,2025-12-07 02:12:41.780187,0 days 00:00:01.495282,0.0001684978853280907,0.33376624231413754,170,extensive,170,COMPLETE
46,-1.5024865960248546,2025-12-07 02:12:41.783190,2025-12-07 02:12:43.361749,0 days 00:00:01.578559,5.6762084031947575e-05,0.4208212594085001,197,extensive,197,COMPLETE
47,-0.016647040881180335,2025-12-07 02:12:43.362754,2025-12-07 02:12:44.842621,0 days 00:00:01.479867,0.0003617032181818098,0.7286548480108613,149,extensive,149,COMPLETE
48,-0.0016559721242364045,2025-12-07 02:12:44.844631,2025-12-07 02:12:46.457445,0 days 00:00:01.612814,0.0018182918304615308,0.6212904036835191,333,extensive,333,COMPLETE
49,-3.533890734737829e-05,2025-12-07 02:12:46.457970,2025-12-07 02:12:47.946024,0 days 00:00:01.488054,0.0009204721200910774,0.7470875994109166,14,extensive,14,COMPLETE
50,-0.0016559721242364045,2025-12-07 02:12:47.948344,2025-12-07 02:12:49.402081,0 days 00:00:01.453737,0.041241463974962964,0.8665846744276403,30,extensive,30,COMPLETE
51,-4.681167263613043e-05,2025-12-07 02:12:49.403355,2025-12-07 02:12:50.872875,0 days 00:00:01.469520,0.0009329831785222048,0.7383796096346008,10,extensive,10,COMPLETE
52,0.0008346651715180157,2025-12-07 02:12:50.874387,2025-12-07 02:12:52.298558,0 days 00:00:01.424171,0.0007640791390996363,0.7713554994200068,3,extensive,3,COMPLETE
53,0.0017077940528148854,2025-12-07 02:12:52.298558,2025-12-07 02:12:53.811102,0 days 00:00:01.512544,0.0006432840622187364,0.7717330177529054,5,extensive,5,COMPLETE
54,0.002367499524464689,2025-12-07 02:12:53.812109,2025-12-07 02:12:55.418601,0 days 00:00:01.606492,0.0005007857708093212,0.7795099710783802,4,extensive,4,COMPLETE
55,0.002727557290357526,2025-12-07 02:12:55.419611,2025-12-07 02:12:56.924595,0 days 00:00:01.504984,0.00026567949118264697,0.7897708918819227,3,extensive,3,COMPLETE
56,0.0009659929922407976,2025-12-07 02:12:56.926816,2025-12-07 02:12:58.422836,0 days 00:00:01.496020,0.00025416425992505324,0.7949045058528944,1,extensive,1,COMPLETE
57,0.0005093860202881606,2025-12-07 02:12:58.424719,2025-12-07 02:12:59.917152,0 days 00:00:01.492433,8.114373802154194e-05,0.8579394312234414,1,extensive,1,COMPLETE
58,0.0013256194743156424,2025-12-07 02:12:59.917152,2025-12-07 02:13:01.393105,0 days 00:00:01.475953,7.216853669655477e-05,0.8500875609635441,2,extensive,2,COMPLETE
59,-0.30615410821606276,2025-12-07 02:13:01.394114,2025-12-07 02:13:02.864128,0 days 00:00:01.470014,2.5276873233028953e-05,0.9727703549304635,52,extensive,52,COMPLETE
60,-0.05789440895454856,2025-12-07 02:13:02.865132,2025-12-07 02:13:04.341692,0 days 00:00:01.476560,0.00018625761548849036,0.8941508130396353,66,extensive,66,COMPLETE
61,0.0004000266290067704,2025-12-07 02:13:04.342683,2025-12-07 02:13:05.762788,0 days 00:00:01.420105,5.761801342342719e-05,0.8217440418211363,1,extensive,1,COMPLETE
62,-0.1330744897100611,2025-12-07 02:13:05.763791,2025-12-07 02:13:07.190007,0 days 00:00:01.426216,7.577759819593085e-05,0.7877333506108488,39,extensive,39,COMPLETE
63,0.002163008077868881,2025-12-07 02:13:07.191010,2025-12-07 02:13:08.610201,0 days 00:00:01.419191,0.00027609898203002816,0.8611680459534576,2,extensive,2,COMPLETE
64,-0.010797093269386085,2025-12-07 02:13:08.611204,2025-12-07 02:13:10.035739,0 days 00:00:01.424535,0.00027494376052367023,0.9362748089921131,20,extensive,20,COMPLETE
65,-0.05861575819832565,2025-12-07 02:13:10.036742,2025-12-07 02:13:11.465770,0 days 00:00:01.429028,0.00014027194167556123,0.8935400331485727,44,extensive,44,COMPLETE
66,-0.11416129708869786,2025-12-07 02:13:11.466769,2025-12-07 02:13:12.771027,0 days 00:00:01.304258,2.943796135389867e-05,0.8266637988988842,24,extensive,24,COMPLETE
67,-0.003621994327206927,2025-12-07 02:13:12.772027,2025-12-07 02:13:14.270143,0 days 00:00:01.498116,0.0005132403933527148,0.768077213511563,71,extensive,71,COMPLETE
68,-0.009251109551594175,2025-12-07 02:13:14.271140,2025-12-07 02:13:15.673089,0 days 00:00:01.401949,0.00033534845825920523,0.8079929756416424,19,extensive,19,COMPLETE
69,-0.020794970337043583,2025-12-07 02:13:15.674592,2025-12-07 02:13:17.102404,0 days 00:00:01.427812,0.00022935365577139824,0.8675838879303823,48,extensive,48,COMPLETE
70,0.0021553623352481934,2025-12-07 02:13:17.103404,2025-12-07 02:13:18.572265,0 days 00:00:01.468861,0.0005127883725107987,0.7015614574850177,2,extensive,2,COMPLETE
71,0.0027454926692700443,2025-12-07 02:13:18.573272,2025-12-07 02:13:19.994988,0 days 00:00:01.421716,0.0003104617730487974,0.7149315543919139,3,extensive,3,COMPLETE
72,-0.012325070437505822,2025-12-07 02:13:19.995988,2025-12-07 02:13:21.473714,0 days 00:00:01.477726,0.00031358332711897815,0.7178700030256876,32,extensive,32,COMPLETE
73,0.00198663468875108,2025-12-07 02:13:21.474718,2025-12-07 02:13:22.900167,0 days 00:00:01.425449,0.0005186520975864009,0.8465510518034152,13,extensive,13,COMPLETE
74,-0.0004862300425264217,2025-12-07 02:13:22.901167,2025-12-07 02:13:24.332402,0 days 00:00:01.431235,0.0005466699928244087,0.916841274381806,59,extensive,59,COMPLETE
75,-0.000873239018719385,2025-12-07 02:13:24.333406,2025-12-07 02:13:25.749061,0 days 00:00:01.415655,0.00047345412238084504,0.9636734495441686,24,extensive,24,COMPLETE
76,-0.05306790463432479,2025-12-07 02:13:25.750061,2025-12-07 02:13:27.153049,0 days 00:00:01.402988,0.000154146386880438,0.854184270669152,38,extensive,38,COMPLETE
77,-0.10117761539542702,2025-12-07 02:13:27.154048,2025-12-07 02:13:28.604441,0 days 00:00:01.450393,0.00020032769838935346,0.6622635795342496,95,extensive,95,COMPLETE
78,0.0015883009542666156,2025-12-07 02:13:28.605441,2025-12-07 02:13:30.070886,0 days 00:00:01.465445,0.0006993467584168425,0.715022989095711,14,extensive,14,COMPLETE
79,0.0014928859078452799,2025-12-07 02:13:30.071891,2025-12-07 02:13:31.522049,0 days 00:00:01.450158,0.0006743944278471173,0.7592252588695143,16,extensive,16,COMPLETE
80,-0.011791408877407964,2025-12-07 02:13:31.523046,2025-12-07 02:13:33.046683,0 days 00:00:01.523637,0.0004177325922497103,0.7041304378766697,49,extensive,49,COMPLETE
81,0.00010069023678619764,2025-12-07 02:13:33.047683,2025-12-07 02:13:34.566701,0 days 00:00:01.519018,0.0006748002811695315,0.997098193259883,24,extensive,24,COMPLETE
82,0.00030734663967827797,2025-12-07 02:13:34.567204,2025-12-07 02:13:36.088926,0 days 00:00:01.521722,0.0003139623904501465,0.7617765863473083,15,extensive,15,COMPLETE
83,-0.00716114235035729,2025-12-07 02:13:36.089933,2025-12-07 02:13:37.634063,0 days 00:00:01.544130,0.0005224716976008759,0.6405900285993076,67,extensive,67,COMPLETE
84,-0.0015845992884657711,2025-12-07 02:13:37.634063,2025-12-07 02:13:39.173909,0 days 00:00:01.539846,0.0015390426683598924,0.6832879240009752,15,extensive,15,COMPLETE
85,-0.11184100582697047,2025-12-07 02:13:39.174916,2025-12-07 02:13:40.672079,0 days 00:00:01.497163,0.0001039421270219391,0.718529116777484,39,extensive,39,COMPLETE
86,-0.00018737520659739548,2025-12-07 02:13:40.672079,2025-12-07 02:13:42.095870,0 days 00:00:01.423791,0.0007806111655480456,0.822744140330133,79,extensive,79,COMPLETE
87,-0.001441574984037371,2025-12-07 02:13:42.096867,2025-12-07 02:13:43.675563,0 days 00:00:01.578696,0.001318813475006582,0.7539987988618737,455,extensive,455,COMPLETE
88,-0.0006225957874929448,2025-12-07 02:13:43.676569,2025-12-07 02:13:45.093333,0 days 00:00:01.416764,0.00058809706457494,0.7966201971316776,29,extensive,29,COMPLETE
89,0.0020698009540388584,2025-12-07 02:13:45.094340,2025-12-07 02:13:46.503838,0 days 00:00:01.409498,0.00039781819620102193,0.8764743625826608,11,extensive,11,COMPLETE
90,-0.029559519842551008,2025-12-07 02:13:46.504842,2025-12-07 02:13:47.904703,0 days 00:00:01.399861,0.00023291394246362283,0.8895240311459022,59,extensive,59,COMPLETE
91,0.001563671327660554,2025-12-07 02:13:47.905702,2025-12-07 02:13:49.346490,0 days 00:00:01.440788,0.00037636295363223805,0.8358612259668111,11,extensive,11,COMPLETE
92,0.0017399019266469324,2025-12-07 02:13:49.347496,2025-12-07 02:13:50.767947,0 days 00:00:01.420451,0.0003875392048991394,0.8429667530777527,10,extensive,10,COMPLETE
93,-0.002126020070931508,2025-12-07 02:13:50.768958,2025-12-07 02:13:52.222090,0 days 00:00:01.453132,0.00046082921271561157,0.9210975612093735,33,extensive,33,COMPLETE
94,0.0010363273576407723,2025-12-07 02:13:52.223099,2025-12-07 02:13:53.649055,0 days 00:00:01.425956,0.0003234886015955428,0.872876414715084,11,extensive,11,COMPLETE
95,-0.0332488542628141,2025-12-07 02:13:53.650055,2025-12-07 02:13:55.081950,0 days 00:00:01.431895,0.00020264586107808218,0.7865602185214775,46,extensive,46,COMPLETE
96,-0.013320683661249647,2025-12-07 02:13:55.082948,2025-12-07 02:13:56.566235,0 days 00:00:01.483287,0.0002752595471213759,0.8387281178656882,27,extensive,27,COMPLETE
97,-0.0016559721242364045,2025-12-07 02:13:56.567242,2025-12-07 02:13:58.123057,0 days 00:00:01.555815,0.0021337079613555224,0.9418477888838634,1,extensive,1,COMPLETE
98,0.0005034521170031262,2025-12-07 02:13:58.124068,2025-12-07 02:13:59.567053,0 days 00:00:01.442985,0.0008874838432197217,0.7033511722469189,14,extensive,14,COMPLETE
99,-0.010719615506928756,2025-12-07 02:13:59.568300,2025-12-07 02:14:00.998651,0 days 00:00:01.430351,0.00038410807492755795,0.7379248331311853,43,extensive,43,COMPLETE
100,-0.08226788120391353,2025-12-07 02:14:00.999651,2025-12-07 02:14:02.407102,0 days 00:00:01.407451,0.0001267868702726597,0.8057110814125094,31,extensive,31,COMPLETE
101,0.0017386823969025207,2025-12-07 02:14:02.407640,2025-12-07 02:14:03.795550,0 days 00:00:01.387910,0.0003876557155293816,0.8425208141758193,10,extensive,10,COMPLETE
102,0.001487740889819918,2025-12-07 02:14:03.796550,2025-12-07 02:14:05.188325,0 days 00:00:01.391775,0.0005825255359218871,0.8790703594892787,10,extensive,10,COMPLETE
103,-0.002481783560266293,2025-12-07 02:14:05.189325,2025-12-07 02:14:06.620801,0 days 00:00:01.431476,0.00047568762831972413,0.9151758358869051,55,extensive,55,COMPLETE
104,-0.0022960459758692986,2025-12-07 02:14:06.621807,2025-12-07 02:14:08.048721,0 days 00:00:01.426914,0.00027883621920291035,0.5982105056696398,8,extensive,8,COMPLETE
105,0.000490344404741531,2025-12-07 02:14:08.048721,2025-12-07 02:14:09.482855,0 days 00:00:01.434134,0.0007997611372277894,0.7826591036568946,24,extensive,24,COMPLETE
106,-0.001306376285428475,2025-12-07 02:14:09.483857,2025-12-07 02:14:10.975644,0 days 00:00:01.491787,0.0011103203110745853,0.84214579328342,73,extensive,73,COMPLETE
107,-0.035972821901652664,2025-12-07 02:14:10.976647,2025-12-07 02:14:12.458551,0 days 00:00:01.481904,0.00022584512025585675,0.6679362817560093,34,extensive,34,COMPLETE
108,-0.03908615967137311,2025-12-07 02:14:12.463554,2025-12-07 02:14:13.922836,0 days 00:00:01.459282,0.0001729440596577116,0.808652090840431,23,extensive,23,COMPLETE
109,0.0012038863224084206,2025-12-07 02:14:13.923836,2025-12-07 02:14:15.390786,0 days 00:00:01.466950,0.00040775062233814024,0.7353798453984356,9,extensive,9,COMPLETE
110,0.00013788880774756596,2025-12-07 02:14:15.392790,2025-12-07 02:14:16.904811,0 days 00:00:01.512021,0.0006645894597789106,0.8550266228457436,384,extensive,384,COMPLETE
111,0.0013373885384827533,2025-12-07 02:14:16.904811,2025-12-07 02:14:18.335851,0 days 00:00:01.431040,0.00036119888168629236,0.8309088524099888,10,extensive,10,COMPLETE
112,0.0010830876717075795,2025-12-07 02:14:18.336852,2025-12-07 02:14:19.762997,0 days 00:00:01.426145,0.0003681888766078671,0.7744208603717998,1,extensive,1,COMPLETE
113,0.0007897908669620701,2025-12-07 02:14:19.762997,2025-12-07 02:14:21.192379,0 days 00:00:01.429382,0.0002907617999358736,0.8346626611775028,17,extensive,17,COMPLETE
114,-0.0037365779833467005,2025-12-07 02:14:21.193382,2025-12-07 02:14:22.607963,0 days 00:00:01.414581,0.0004519898080838764,0.8930721320692505,43,extensive,43,COMPLETE
115,-0.0007868461825819203,2025-12-07 02:14:22.608964,2025-12-07 02:14:24.008022,0 days 00:00:01.399058,0.0005668383262795952,0.8098809345059236,24,extensive,24,COMPLETE
116,-0.0012883321370446381,2025-12-07 02:14:24.009534,2025-12-07 02:14:25.417593,0 days 00:00:01.408059,0.0010267031294920897,0.9025673945156055,36,extensive,36,COMPLETE
117,0.0015416932195930395,2025-12-07 02:14:25.418597,2025-12-07 02:14:26.830837,0 days 00:00:01.412240,0.00034381314578455017,0.9535194695089583,13,extensive,13,COMPLETE
118,0.0009657383855471066,2025-12-07 02:14:26.831842,2025-12-07 02:14:28.334061,0 days 00:00:01.502219,0.00023204165679319014,0.8702706783483416,1,extensive,1,COMPLETE
119,-0.0005282710675676242,2025-12-07 02:14:28.335065,2025-12-07 02:14:29.738588,0 days 00:00:01.403523,0.0007024744779282642,0.7109522001047444,60,extensive,60,COMPLETE
120,-0.09043817984220918,2025-12-07 02:14:29.739696,2025-12-07 02:14:31.193272,0 days 00:00:01.453576,0.0004677723616174949,0.2578817570227954,51,extensive,51,COMPLETE
121,0.0020030002865625653,2025-12-07 02:14:31.194325,2025-12-07 02:14:32.601518,0 days 00:00:01.407193,0.0003326622307646901,0.9536043693842055,17,extensive,17,COMPLETE
122,-0.0016559721242364045,2025-12-07 02:14:32.602517,2025-12-07 02:14:34.036967,0 days 00:00:01.434450,0.09735348182003772,0.9892733236470277,19,extensive,19,COMPLETE
123,-0.007580930337638292,2025-12-07 02:14:34.037620,2025-12-07 02:14:35.478261,0 days 00:00:01.440641,0.00038923968358715356,0.792251297353132,29,extensive,29,COMPLETE
124,-0.004367987176427168,2025-12-07 02:14:35.480431,2025-12-07 02:14:36.908094,0 days 00:00:01.427663,0.0001499521359746827,0.7560629714854226,9,extensive,9,COMPLETE
125,-0.002033475348150645,2025-12-07 02:14:36.908094,2025-12-07 02:14:38.361910,0 days 00:00:01.453816,0.0005284038315629864,0.8476103909270196,38,extensive,38,COMPLETE
126,0.001257762140623749,2025-12-07 02:14:38.362914,2025-12-07 02:14:39.816365,0 days 00:00:01.453451,0.0002833589842542836,0.931455903636908,16,extensive,16,COMPLETE
127,0.0008889893846852903,2025-12-07 02:14:39.817368,2025-12-07 02:14:41.224477,0 days 00:00:01.407109,0.0002067563316506961,0.8275097346321142,1,extensive,1,COMPLETE
