number,value,datetime_start,datetime_complete,duration,params_enet_alpha,params_enet_l1_ratio,params_selector__k,user_attrs_feature_level,user_attrs_top_k_features,state
257,0.0017204632804323678,2025-12-07 02:17:49.868172,2025-12-07 02:17:51.293503,0 days 00:00:01.425331,0.0005082776567743545,0.9497437369464624,10,extensive,10,COMPLETE
258,-0.005638228094803595,2025-12-07 02:17:51.294509,2025-12-07 02:17:52.712855,0 days 00:00:01.418346,0.000348738076705156,0.9776961824121122,31,extensive,31,COMPLETE
259,-0.002658051934151399,2025-12-07 02:17:52.713859,2025-12-07 02:17:54.139659,0 days 00:00:01.425800,0.0004310170686603811,0.9462429646284743,167,extensive,167,COMPLETE
260,0.0010744735774004255,2025-12-07 02:17:54.140666,2025-12-07 02:17:55.575146,0 days 00:00:01.434480,0.00026175660539329163,0.970904620339332,18,extensive,18,COMPLETE
261,0.0008990956838135963,2025-12-07 02:17:55.577155,2025-12-07 02:17:57.017184,0 days 00:00:01.440029,0.00048045564041993515,0.9603415583590391,1,extensive,1,COMPLETE
262,-0.07768393772412867,2025-12-07 02:17:57.018189,2025-12-07 02:17:58.459968,0 days 00:00:01.441779,0.00020432598517775656,0.46521715842316225,36,extensive,36,COMPLETE
263,0.001986949725800269,2025-12-07 02:17:58.460779,2025-12-07 02:17:59.892656,0 days 00:00:01.431877,0.0003633490555125424,0.943354853437651,10,extensive,10,COMPLETE
264,0.0005302873145136925,2025-12-07 02:17:59.895191,2025-12-07 02:18:01.408832,0 days 00:00:01.513641,0.0006305399635702906,0.9844050759949471,26,extensive,26,COMPLETE
265,0.0016718301124974226,2025-12-07 02:18:01.409345,2025-12-07 02:18:02.959103,0 days 00:00:01.549758,0.00030568737735719537,0.947290927608373,17,extensive,17,COMPLETE
266,0.002375070208551988,2025-12-07 02:18:02.960198,2025-12-07 02:18:04.469338,0 days 00:00:01.509140,0.00041669161842146775,0.9742290379137566,9,extensive,9,COMPLETE
267,0.0014270792483735602,2025-12-07 02:18:04.470909,2025-12-07 02:18:05.994549,0 days 00:00:01.523640,0.0005283501673078754,0.9821664010460944,10,extensive,10,COMPLETE
268,0.00022585424967865494,2025-12-07 02:18:05.995554,2025-12-07 02:18:07.480330,0 days 00:00:01.484776,1.5829532808138664e-05,0.963367581786732,1,extensive,1,COMPLETE
269,-0.0015229481706954262,2025-12-07 02:18:07.481336,2025-12-07 02:18:09.031989,0 days 00:00:01.550653,0.0004389830989734811,0.9948441353270026,24,extensive,24,COMPLETE
270,0.0015109997055064994,2025-12-07 02:18:09.032993,2025-12-07 02:18:10.524008,0 days 00:00:01.491015,0.0003632553309704023,0.7671669003150974,17,extensive,17,COMPLETE
271,-0.016551388237833864,2025-12-07 02:18:10.525013,2025-12-07 02:18:12.022533,0 days 00:00:01.497520,0.00023881193715178392,0.9467380826741346,42,extensive,42,COMPLETE
272,0.0022196371127498984,2025-12-07 02:18:12.023534,2025-12-07 02:18:13.443461,0 days 00:00:01.419927,0.00044751215545226744,0.9693335381886848,9,extensive,9,COMPLETE
273,0.0009818920558395765,2025-12-07 02:18:13.444466,2025-12-07 02:18:14.939012,0 days 00:00:01.494546,0.0005886586135434229,0.9726547684977511,8,extensive,8,COMPLETE
274,-0.00025603883157517454,2025-12-07 02:18:14.939012,2025-12-07 02:18:16.451177,0 days 00:00:01.512165,0.0007069190977446149,0.9843098854049979,1,extensive,1,COMPLETE
275,-0.0009065499988144543,2025-12-07 02:18:16.452181,2025-12-07 02:18:17.916552,0 days 00:00:01.464371,0.00045976239024594673,0.998826684440218,29,extensive,29,COMPLETE
276,0.0017683618192212425,2025-12-07 02:18:17.918553,2025-12-07 02:18:19.321254,0 days 00:00:01.402701,0.0005331216067708033,0.6160899406055284,10,extensive,10,COMPLETE
277,-0.0016559721242364045,2025-12-07 02:18:19.322261,2025-12-07 02:18:20.765170,0 days 00:00:01.442909,0.006158289724487693,0.9645930294192506,22,extensive,22,COMPLETE
278,0.0021677889439640032,2025-12-07 02:18:20.766176,2025-12-07 02:18:22.180647,0 days 00:00:01.414471,0.0004164468961149876,0.9410738696214119,10,extensive,10,COMPLETE
279,-0.004521428699343614,2025-12-07 02:18:22.181646,2025-12-07 02:18:23.626621,0 days 00:00:01.444975,0.0004131450632266218,0.9345798983695036,36,extensive,36,COMPLETE
280,0.0010868081459720254,2025-12-07 02:18:23.627627,2025-12-07 02:18:25.115096,0 days 00:00:01.487469,0.0003046520789029773,0.9580535596860047,1,extensive,1,COMPLETE
281,0.0016324322536165337,2025-12-07 02:18:25.115096,2025-12-07 02:18:26.553258,0 days 00:00:01.438162,0.0005079940147366807,0.9754065974623582,17,extensive,17,COMPLETE
282,-0.0006486242905766973,2025-12-07 02:18:26.554260,2025-12-07 02:18:28.143748,0 days 00:00:01.589488,0.0007973757058171566,0.9410444408449175,27,extensive,27,COMPLETE
283,0.0008252921615312289,2025-12-07 02:18:28.143748,2025-12-07 02:18:29.698415,0 days 00:00:01.554667,0.0006091463521031718,0.9647484265774139,10,extensive,10,COMPLETE
284,-0.026074953356476877,2025-12-07 02:18:29.698415,2025-12-07 02:18:31.186261,0 days 00:00:01.487846,0.00041945632629902834,0.5203943107653444,121,extensive,121,COMPLETE
285,-0.0336449128106574,2025-12-07 02:18:31.187264,2025-12-07 02:18:32.815348,0 days 00:00:01.628084,0.0003438064343311337,0.7489609353731139,320,extensive,320,COMPLETE
286,0.0010578624252829034,2025-12-07 02:18:32.816353,2025-12-07 02:18:34.292925,0 days 00:00:01.476572,0.00027363438957026133,0.9387339815349696,1,extensive,1,COMPLETE
287,0.0022843176889071706,2025-12-07 02:18:34.293924,2025-12-07 02:18:35.775606,0 days 00:00:01.481682,0.0005028817651700916,0.7810262212763724,18,extensive,18,COMPLETE
288,-0.0006657088811424794,2025-12-07 02:18:35.776606,2025-12-07 02:18:37.231960,0 days 00:00:01.455354,0.0006682156156496348,0.7387215172349463,52,extensive,52,COMPLETE
289,-0.017761107748924216,2025-12-07 02:18:37.231960,2025-12-07 02:18:38.900465,0 days 00:00:01.668505,0.0005158987061711276,0.39324127785152074,23,extensive,23,COMPLETE
290,-0.009194525677920526,2025-12-07 02:18:38.901467,2025-12-07 02:18:40.505373,0 days 00:00:01.603906,0.00038248040706297554,0.7724116871008783,34,extensive,34,COMPLETE
291,-4.065536411105667e-05,2025-12-07 02:18:40.506376,2025-12-07 02:18:42.071172,0 days 00:00:01.564796,0.0008713781006932537,0.7898356306503629,16,extensive,16,COMPLETE
292,0.0018549602766009254,2025-12-07 02:18:42.072718,2025-12-07 02:18:43.529972,0 days 00:00:01.457254,0.0004916460033887673,0.9829576407907331,9,extensive,9,COMPLETE
293,-0.027659460456003464,2025-12-07 02:18:43.531478,2025-12-07 02:18:44.968892,0 days 00:00:01.437414,0.00021356308529099272,0.7918135686211113,24,extensive,24,COMPLETE
294,-0.010833447557581791,2025-12-07 02:18:44.969899,2025-12-07 02:18:46.374665,0 days 00:00:01.404766,0.0003192171603618056,0.006845917608453156,9,extensive,9,COMPLETE
295,0.0011689670711763078,2025-12-07 02:18:46.375670,2025-12-07 02:18:47.782714,0 days 00:00:01.407044,0.0005888061967768477,0.9266982236273288,18,extensive,18,COMPLETE
296,-0.020536388124137567,2025-12-07 02:18:47.782714,2025-12-07 02:18:49.214455,0 days 00:00:01.431741,0.0003745358437912543,0.6901598344233575,188,extensive,188,COMPLETE
297,-0.014755049448327099,2025-12-07 02:18:49.215972,2025-12-07 02:18:50.651434,0 days 00:00:01.435462,0.0002831043029783681,0.7602191932847256,36,extensive,36,COMPLETE
298,0.000924185826339056,2025-12-07 02:18:50.652432,2025-12-07 02:18:52.120238,0 days 00:00:01.467806,0.00046239656287549823,0.9771426586034612,1,extensive,1,COMPLETE
299,-0.004832594563157026,2025-12-07 02:18:52.120829,2025-12-07 02:18:53.585822,0 days 00:00:01.464993,0.0003620117690991994,0.996520381515292,27,extensive,27,COMPLETE
