number,value,datetime_start,datetime_complete,duration,params_lasso_alpha,params_selector__k,user_attrs_feature_level,user_attrs_top_k_features,state
286,-0.0004781251267190756,2025-12-07 02:11:06.035211,2025-12-07 02:11:07.633002,0 days 00:00:01.597791,0.0007033303076019193,137,extensive,137,COMPLETE
287,-0.006246650961809652,2025-12-07 02:11:07.634002,2025-12-07 02:11:09.188301,0 days 00:00:01.554299,0.000342901573257744,115,extensive,115,COMPLETE
288,0.0003105259273830467,2025-12-07 02:11:09.189672,2025-12-07 02:11:10.713619,0 days 00:00:01.523947,0.0005188211483108219,103,extensive,103,COMPLETE
289,4.4341429286739085e-05,2025-12-07 02:11:10.715327,2025-12-07 02:11:12.332118,0 days 00:00:01.616791,0.0006079605219463952,128,extensive,128,COMPLETE
290,-0.00143070122690984,2025-12-07 02:11:12.332118,2025-12-07 02:11:13.836792,0 days 00:00:01.504674,0.00044323146892698935,143,extensive,143,COMPLETE
291,-0.0010282821793650883,2025-12-07 02:11:13.837791,2025-12-07 02:11:15.310410,0 days 00:00:01.472619,0.000854525734767799,158,extensive,158,COMPLETE
292,-0.0016559721242364045,2025-12-07 02:11:15.312413,2025-12-07 02:11:16.731456,0 days 00:00:01.419043,0.0012631359154650949,119,extensive,119,COMPLETE
293,0.00023158918962022193,2025-12-07 02:11:16.732962,2025-12-07 02:11:18.251726,0 days 00:00:01.518764,0.0005119018318573249,131,extensive,131,COMPLETE
294,-0.007461231525472141,2025-12-07 02:11:18.251726,2025-12-07 02:11:19.713500,0 days 00:00:01.461774,0.00032895885260494646,110,extensive,110,COMPLETE
295,-0.00022561279909316667,2025-12-07 02:11:19.714505,2025-12-07 02:11:21.268854,0 days 00:00:01.554349,0.0006493392355311805,103,extensive,103,COMPLETE
296,-0.00246558221331894,2025-12-07 02:11:21.269859,2025-12-07 02:11:22.796893,0 days 00:00:01.527034,0.0004128757369852877,122,extensive,122,COMPLETE
297,-0.0007208830209014158,2025-12-07 02:11:22.797893,2025-12-07 02:11:24.291621,0 days 00:00:01.493728,0.0007423245810630109,136,extensive,136,COMPLETE
298,-0.016083570790028645,2025-12-07 02:11:24.292624,2025-12-07 02:11:25.766501,0 days 00:00:01.473877,0.0002696722705456814,185,extensive,185,COMPLETE
299,0.00042597274485959663,2025-12-07 02:11:25.767501,2025-12-07 02:11:27.228796,0 days 00:00:01.461295,0.0005324345089208561,147,extensive,147,COMPLETE
