number,value,datetime_start,datetime_complete,duration,params_lasso_alpha,params_selector__k,user_attrs_feature_level,user_attrs_top_k_features,state
0,-0.0016559721242364045,2025-12-07 02:04:00.796911,2025-12-07 02:04:02.470504,0 days 00:00:01.673593,0.0074593432857265485,476,extensive,476,COMPLETE
1,-0.0016559721242364045,2025-12-07 02:04:02.471638,2025-12-07 02:04:04.106303,0 days 00:00:01.634665,0.4570563099801455,300,extensive,300,COMPLETE
2,3.751736436567269e-05,2025-12-07 02:04:04.107410,2025-12-07 02:04:05.606218,0 days 00:00:01.498808,0.0006026889128682511,78,extensive,78,COMPLETE
3,-0.09124693247282467,2025-12-07 02:04:05.606855,2025-12-07 02:04:07.220512,0 days 00:00:01.613657,0.00019517224641449495,434,extensive,434,COMPLETE
4,-0.0016559721242364045,2025-12-07 02:04:07.220512,2025-12-07 02:04:08.787775,0 days 00:00:01.567263,0.10129197956845731,355,extensive,355,COMPLETE
5,-0.4064191461306712,2025-12-07 02:04:08.788794,2025-12-07 02:04:10.490406,0 days 00:00:01.701612,0.00012674255898937226,485,extensive,485,COMPLETE
6,-0.0016559721242364045,2025-12-07 02:04:10.491542,2025-12-07 02:04:11.990149,0 days 00:00:01.498607,1.452824663751602,107,extensive,107,COMPLETE
7,-0.000854890122013785,2025-12-07 02:04:11.991207,2025-12-07 02:04:13.636533,0 days 00:00:01.645326,0.0008111941985431928,92,extensive,92,COMPLETE
8,-0.0016559721242364045,2025-12-07 02:04:13.636533,2025-12-07 02:04:15.252540,0 days 00:00:01.616007,0.0033205591037519565,263,extensive,263,COMPLETE
9,-0.0016559721242364045,2025-12-07 02:04:15.252540,2025-12-07 02:04:16.807138,0 days 00:00:01.554598,0.01444525102276306,146,extensive,146,COMPLETE
10,-0.0016559721242364045,2025-12-07 02:04:16.808221,2025-12-07 02:04:18.417857,0 days 00:00:01.609636,5.3171966339820935,3,extensive,3,COMPLETE
11,-0.0016559721242364045,2025-12-07 02:04:18.419362,2025-12-07 02:04:20.035744,0 days 00:00:01.616382,0.001198382948700739,128,extensive,128,COMPLETE
12,-0.00012471734638141996,2025-12-07 02:04:20.036745,2025-12-07 02:04:21.591778,0 days 00:00:01.555033,0.0006971123012897838,20,extensive,20,COMPLETE
13,-0.0016559721242364045,2025-12-07 02:04:21.592839,2025-12-07 02:04:23.121414,0 days 00:00:01.528575,0.05449280398972806,6,extensive,6,COMPLETE
14,-0.0005434058940596564,2025-12-07 02:04:23.122692,2025-12-07 02:04:24.707469,0 days 00:00:01.584777,0.0007147877527105637,190,extensive,190,COMPLETE
15,-0.0016559721242364045,2025-12-07 02:04:24.708568,2025-12-07 02:04:26.252757,0 days 00:00:01.544189,0.00312128163854902,63,extensive,63,COMPLETE
16,-0.007445946985068101,2025-12-07 02:04:26.252757,2025-12-07 02:04:27.887101,0 days 00:00:01.634344,0.0003366138487257742,198,extensive,198,COMPLETE
17,-0.0016559721242364045,2025-12-07 02:04:27.888106,2025-12-07 02:04:29.488523,0 days 00:00:01.600417,0.019469311432399997,44,extensive,44,COMPLETE
18,-0.0016559721242364045,2025-12-07 02:04:29.490786,2025-12-07 02:04:31.158900,0 days 00:00:01.668114,0.003149892123404186,155,extensive,155,COMPLETE
19,-0.0016559721242364045,2025-12-07 02:04:31.160017,2025-12-07 02:04:32.871918,0 days 00:00:01.711901,0.15849892041439206,51,extensive,51,COMPLETE
20,-0.0027550791104542873,2025-12-07 02:04:32.873033,2025-12-07 02:04:34.675234,0 days 00:00:01.802201,0.00041067172757338575,229,extensive,229,COMPLETE
21,-0.000998201750343893,2025-12-07 02:04:34.677385,2025-12-07 02:04:36.408786,0 days 00:00:01.731401,0.0008473988695690193,189,extensive,189,COMPLETE
22,-0.0016559721242364045,2025-12-07 02:04:36.410912,2025-12-07 02:04:38.056236,0 days 00:00:01.645324,0.0022792358458954007,91,extensive,91,COMPLETE
23,-0.21489387265219503,2025-12-07 02:04:38.057241,2025-12-07 02:04:39.762543,0 days 00:00:01.705302,0.0001075891866241094,172,extensive,172,COMPLETE
24,0.00020457715034220372,2025-12-07 02:04:39.764549,2025-12-07 02:04:41.508321,0 days 00:00:01.743772,0.0005128936898979924,331,extensive,331,COMPLETE
25,-0.0016559721242364045,2025-12-07 02:04:41.509367,2025-12-07 02:04:43.192175,0 days 00:00:01.682808,0.006257039211104601,352,extensive,352,COMPLETE
26,-0.012495282463217036,2025-12-07 02:04:43.194244,2025-12-07 02:04:44.774707,0 days 00:00:01.580463,0.000313563037793817,339,extensive,339,COMPLETE
27,-0.0016559721242364045,2025-12-07 02:04:44.776041,2025-12-07 02:04:46.264833,0 days 00:00:01.488792,0.001548356331563737,397,extensive,397,COMPLETE
28,-0.0016559721242364045,2025-12-07 02:04:46.265837,2025-12-07 02:04:47.773494,0 days 00:00:01.507657,0.008835962045044336,273,extensive,273,COMPLETE
29,-0.0017500640987817562,2025-12-07 02:04:47.774498,2025-12-07 02:04:49.391826,0 days 00:00:01.617328,0.0004290587936284601,440,extensive,440,COMPLETE
30,-0.0016559721242364045,2025-12-07 02:04:49.392426,2025-12-07 02:04:50.888738,0 days 00:00:01.496312,0.005761611537614148,36,extensive,36,COMPLETE
31,-0.0004934398984701346,2025-12-07 02:04:50.889547,2025-12-07 02:04:52.391529,0 days 00:00:01.501982,0.0007023510700179702,304,extensive,304,COMPLETE
32,-0.08536660996208852,2025-12-07 02:04:52.392354,2025-12-07 02:04:53.953723,0 days 00:00:01.561369,0.00019924416371594348,287,extensive,287,COMPLETE
33,-0.0016559721242364045,2025-12-07 02:04:53.955728,2025-12-07 02:04:55.506501,0 days 00:00:01.550773,0.0013944004491341655,306,extensive,306,COMPLETE
34,9.2461212867249e-05,2025-12-07 02:04:55.508739,2025-12-07 02:04:56.956998,0 days 00:00:01.448259,0.0005785964669070151,391,extensive,391,COMPLETE
35,-0.11059685424255557,2025-12-07 02:04:56.959200,2025-12-07 02:04:58.440006,0 days 00:00:01.480806,0.00017771162547991268,398,extensive,398,COMPLETE
36,-0.024174034606664674,2025-12-07 02:04:58.441306,2025-12-07 02:05:00.023385,0 days 00:00:01.582079,0.00026622215196149166,397,extensive,397,COMPLETE
37,-0.35098781685198593,2025-12-07 02:05:00.025567,2025-12-07 02:05:01.527295,0 days 00:00:01.501728,0.0001026326660653328,235,extensive,235,COMPLETE
38,-0.0016559721242364045,2025-12-07 02:05:01.528433,2025-12-07 02:05:03.041184,0 days 00:00:01.512751,0.695916179578944,373,extensive,373,COMPLETE
39,-0.00018955089161358055,2025-12-07 02:05:03.042505,2025-12-07 02:05:04.526683,0 days 00:00:01.484178,0.0006258343804329926,464,extensive,464,COMPLETE
40,-0.0016559721242364045,2025-12-07 02:05:04.527727,2025-12-07 02:05:06.042382,0 days 00:00:01.514655,0.0018087395400840183,334,extensive,334,COMPLETE
41,0.00030520316263375297,2025-12-07 02:05:06.042939,2025-12-07 02:05:07.592921,0 days 00:00:01.549982,0.0005126057944045506,458,extensive,458,COMPLETE
42,0.00020955676730290604,2025-12-07 02:05:07.594023,2025-12-07 02:05:09.157973,0 days 00:00:01.563950,0.00055617980642199,450,extensive,450,COMPLETE
43,-0.07593905197926983,2025-12-07 02:05:09.158979,2025-12-07 02:05:10.707503,0 days 00:00:01.548524,0.00020686045688354254,460,extensive,460,COMPLETE
44,-0.00014735889378765984,2025-12-07 02:05:10.709519,2025-12-07 02:05:12.276372,0 days 00:00:01.566853,0.0004862790490780443,486,extensive,486,COMPLETE
45,-0.0014569122957110252,2025-12-07 02:05:12.277397,2025-12-07 02:05:13.792771,0 days 00:00:01.515374,0.0010007925588511944,426,extensive,426,COMPLETE
46,-0.0016559721242364045,2025-12-07 02:05:13.794035,2025-12-07 02:05:15.270502,0 days 00:00:01.476467,0.004287662963748843,424,extensive,424,COMPLETE
47,-0.0016559721242364045,2025-12-07 02:05:15.270828,2025-12-07 02:05:16.890785,0 days 00:00:01.619957,0.002202819216862927,452,extensive,452,COMPLETE
48,-0.0016559721242364045,2025-12-07 02:05:16.890785,2025-12-07 02:05:18.458232,0 days 00:00:01.567447,0.0437149312649795,374,extensive,374,COMPLETE
49,-0.0016559721242364045,2025-12-07 02:05:18.459237,2025-12-07 02:05:20.024450,0 days 00:00:01.565213,4.307394492246533,412,extensive,412,COMPLETE
50,-0.0016559721242364045,2025-12-07 02:05:20.025566,2025-12-07 02:05:21.577488,0 days 00:00:01.551922,0.011178815417152174,496,extensive,496,COMPLETE
51,-0.0014051878927936468,2025-12-07 02:05:21.578491,2025-12-07 02:05:23.041049,0 days 00:00:01.462558,0.000979005971902719,26,extensive,26,COMPLETE
52,8.761275853859847e-05,2025-12-07 02:05:23.042120,2025-12-07 02:05:24.525750,0 days 00:00:01.483630,0.000547446469919902,75,extensive,75,COMPLETE
53,-0.06325217716201736,2025-12-07 02:05:24.526750,2025-12-07 02:05:26.025471,0 days 00:00:01.498721,0.00016085211315268217,84,extensive,84,COMPLETE
54,-2.7857978137979522e-05,2025-12-07 02:05:26.026475,2025-12-07 02:05:27.560092,0 days 00:00:01.533617,0.0004925383224698617,472,extensive,472,COMPLETE
55,-0.023185685313142284,2025-12-07 02:05:27.561764,2025-12-07 02:05:29.110670,0 days 00:00:01.548906,0.0002676360605786245,376,extensive,376,COMPLETE
56,-0.0016559721242364045,2025-12-07 02:05:29.111800,2025-12-07 02:05:30.627455,0 days 00:00:01.515655,0.0012462354259297527,320,extensive,320,COMPLETE
57,0.0003174647395681,2025-12-07 02:05:30.628528,2025-12-07 02:05:32.110370,0 days 00:00:01.481842,0.0005670656473621571,113,extensive,113,COMPLETE
58,-0.0016559721242364045,2025-12-07 02:05:32.111920,2025-12-07 02:05:33.426397,0 days 00:00:01.314477,0.002714611084552874,109,extensive,109,COMPLETE
59,-0.004215462505204807,2025-12-07 02:05:33.428061,2025-12-07 02:05:34.827166,0 days 00:00:01.399105,0.0003724261710127598,125,extensive,125,COMPLETE
60,-0.0016559721242364045,2025-12-07 02:05:34.828385,2025-12-07 02:05:36.208451,0 days 00:00:01.380066,0.26488505526127226,65,extensive,65,COMPLETE
61,0.0003059674708709714,2025-12-07 02:05:36.208451,2025-12-07 02:05:37.611005,0 days 00:00:01.402554,0.0005469103793136245,77,extensive,77,COMPLETE
62,-0.00044461958965250997,2025-12-07 02:05:37.612523,2025-12-07 02:05:39.142032,0 days 00:00:01.529509,0.0006970771871843332,104,extensive,104,COMPLETE
63,-0.01810346964492619,2025-12-07 02:05:39.143239,2025-12-07 02:05:40.825758,0 days 00:00:01.682519,0.0002871712628545467,440,extensive,440,COMPLETE
64,-0.0916882237609616,2025-12-07 02:05:40.826760,2025-12-07 02:05:42.342236,0 days 00:00:01.515476,0.00014137588475919167,67,extensive,67,COMPLETE
65,-0.0002291853565821178,2025-12-07 02:05:42.343338,2025-12-07 02:05:43.776749,0 days 00:00:01.433411,0.0004867022445310298,144,extensive,144,COMPLETE
66,-0.0016286363337232324,2025-12-07 02:05:43.777658,2025-12-07 02:05:45.225736,0 days 00:00:01.448078,0.0010683014026309343,210,extensive,210,COMPLETE
67,-0.0016559721242364045,2025-12-07 02:05:45.225736,2025-12-07 02:05:46.692348,0 days 00:00:01.466612,0.02123843428931311,51,extensive,51,COMPLETE
68,-0.0016559721242364045,2025-12-07 02:05:46.693440,2025-12-07 02:05:48.255642,0 days 00:00:01.562202,0.004080183433830355,415,extensive,415,COMPLETE
69,-0.0016559721242364045,2025-12-07 02:05:48.256646,2025-12-07 02:05:49.677772,0 days 00:00:01.421126,0.0014522496839187338,15,extensive,15,COMPLETE
70,-0.0495110715592364,2025-12-07 02:05:49.678934,2025-12-07 02:05:51.192678,0 days 00:00:01.513744,0.0002243210913656023,355,extensive,355,COMPLETE
71,0.00010402281363501113,2025-12-07 02:05:51.193679,2025-12-07 02:05:52.678925,0 days 00:00:01.485246,0.000592802939525339,96,extensive,96,COMPLETE
72,4.0450710149686486e-05,2025-12-07 02:05:52.680023,2025-12-07 02:05:54.209245,0 days 00:00:01.529222,0.0006084233673296557,115,extensive,115,COMPLETE
73,-0.005020924264532119,2025-12-07 02:05:54.209604,2025-12-07 02:05:55.594837,0 days 00:00:01.385233,0.00035735228443401884,139,extensive,139,COMPLETE
74,-0.0010448745667205699,2025-12-07 02:05:55.594837,2025-12-07 02:05:57.042852,0 days 00:00:01.448015,0.0008583958714161857,159,extensive,159,COMPLETE
75,-0.0016559721242364045,2025-12-07 02:05:57.044014,2025-12-07 02:05:58.546506,0 days 00:00:01.502492,0.0018740635482651093,99,extensive,99,COMPLETE
76,0.0002474548325090605,2025-12-07 02:05:58.547501,2025-12-07 02:06:00.026012,0 days 00:00:01.478511,0.0005292773529667787,81,extensive,81,COMPLETE
77,-0.3137895476109258,2025-12-07 02:06:00.026471,2025-12-07 02:06:01.463341,0 days 00:00:01.436870,0.0001345203178291561,253,extensive,253,COMPLETE
78,-0.0045316347756671664,2025-12-07 02:06:01.464345,2025-12-07 02:06:02.924818,0 days 00:00:01.460473,0.000365092792722033,87,extensive,87,COMPLETE
79,-0.0016559721242364045,2025-12-07 02:06:02.924818,2025-12-07 02:06:04.525685,0 days 00:00:01.600867,0.0012618096135032855,450,extensive,450,COMPLETE
80,-0.0007487219395633978,2025-12-07 02:06:04.526647,2025-12-07 02:06:06.027625,0 days 00:00:01.500978,0.0007477033593438152,39,extensive,39,COMPLETE
81,-0.017240359037295632,2025-12-07 02:06:06.028630,2025-12-07 02:06:07.463123,0 days 00:00:01.434493,0.0002596589584693814,69,extensive,69,COMPLETE
82,-0.00021732139739068698,2025-12-07 02:06:07.464129,2025-12-07 02:06:08.865000,0 days 00:00:01.400871,0.0005130829800690132,76,extensive,76,COMPLETE
83,0.0002921899865839424,2025-12-07 02:06:08.866226,2025-12-07 02:06:10.310368,0 days 00:00:01.444142,0.000571972312103621,123,extensive,123,COMPLETE
84,-0.0012513711880986673,2025-12-07 02:06:10.312524,2025-12-07 02:06:11.793552,0 days 00:00:01.481028,0.0009090886163814056,166,extensive,166,COMPLETE
85,-0.00290905196848823,2025-12-07 02:06:11.795787,2025-12-07 02:06:13.313610,0 days 00:00:01.517823,0.0004014957925929708,127,extensive,127,COMPLETE
86,-0.0016559721242364045,2025-12-07 02:06:13.314614,2025-12-07 02:06:14.726037,0 days 00:00:01.411423,0.0016648916054394817,116,extensive,116,COMPLETE
87,-0.09717564021469653,2025-12-07 02:06:14.727042,2025-12-07 02:06:16.241688,0 days 00:00:01.514646,0.00018286532475073235,390,extensive,390,COMPLETE
88,-0.00022102999563074674,2025-12-07 02:06:16.241688,2025-12-07 02:06:17.796912,0 days 00:00:01.555224,0.000644139865713973,53,extensive,53,COMPLETE
89,-0.0016559721242364045,2025-12-07 02:06:17.797953,2025-12-07 02:06:19.445433,0 days 00:00:01.647480,0.002208534856699555,483,extensive,483,COMPLETE
90,-0.019248237772611903,2025-12-07 02:06:19.446434,2025-12-07 02:06:21.077516,0 days 00:00:01.631082,0.0002981125439327769,287,extensive,287,COMPLETE
91,0.0002412054000000182,2025-12-07 02:06:21.078784,2025-12-07 02:06:22.580115,0 days 00:00:01.501331,0.0005608678722445409,97,extensive,97,COMPLETE
92,-0.0012836287006915044,2025-12-07 02:06:22.582211,2025-12-07 02:06:24.080427,0 days 00:00:01.498216,0.0009244755921268204,179,extensive,179,COMPLETE
93,-0.0025929512882794845,2025-12-07 02:06:24.081549,2025-12-07 02:06:25.564510,0 days 00:00:01.482961,0.00041437560986184985,89,extensive,89,COMPLETE
94,8.96142723189423e-05,2025-12-07 02:06:25.565515,2025-12-07 02:06:27.078552,0 days 00:00:01.513037,0.0005952907029504683,101,extensive,101,COMPLETE
95,-0.022583860318312943,2025-12-07 02:06:27.079556,2025-12-07 02:06:28.562185,0 days 00:00:01.482629,0.00023856968374722437,131,extensive,131,COMPLETE
96,-0.0016559721242364045,2025-12-07 02:06:28.563284,2025-12-07 02:06:30.078251,0 days 00:00:01.514967,0.0011657605854920336,95,extensive,95,COMPLETE
97,-0.0016559721242364045,2025-12-07 02:06:30.079323,2025-12-07 02:06:31.597531,0 days 00:00:01.518208,0.09376513089390097,59,extensive,59,COMPLETE
98,-0.011687288683760752,2025-12-07 02:06:31.598611,2025-12-07 02:06:33.061539,0 days 00:00:01.462928,0.00031905675042466546,432,extensive,432,COMPLETE
99,-0.0007421441835162949,2025-12-07 02:06:33.064527,2025-12-07 02:06:34.512272,0 days 00:00:01.447745,0.0004645110386766049,30,extensive,30,COMPLETE
100,-0.0007500202817657028,2025-12-07 02:06:34.513276,2025-12-07 02:06:35.995030,0 days 00:00:01.481754,0.0007527269189102151,497,extensive,497,COMPLETE
101,-9.099820476573169e-05,2025-12-07 02:06:35.996169,2025-12-07 02:06:37.445043,0 days 00:00:01.448874,0.0006246729508416095,112,extensive,112,COMPLETE
102,-1.8326129233618243e-05,2025-12-07 02:06:37.446284,2025-12-07 02:06:38.941747,0 days 00:00:01.495463,0.0006152448573868126,102,extensive,102,COMPLETE
103,-0.0009562072908201694,2025-12-07 02:06:38.941747,2025-12-07 02:06:40.446199,0 days 00:00:01.504452,0.0008371956147232097,353,extensive,353,COMPLETE
104,0.0002631644626440351,2025-12-07 02:06:40.447238,2025-12-07 02:06:41.862654,0 days 00:00:01.415416,0.0005301756506655367,78,extensive,78,COMPLETE
105,-0.0016315087093371854,2025-12-07 02:06:41.864471,2025-12-07 02:06:43.329104,0 days 00:00:01.464633,0.0010693755986894255,325,extensive,325,COMPLETE
106,-0.0005552092784526877,2025-12-07 02:06:43.330105,2025-12-07 02:06:44.779114,0 days 00:00:01.449009,0.0004813963520324726,83,extensive,83,COMPLETE
107,-0.06082768903307648,2025-12-07 02:06:44.780126,2025-12-07 02:06:46.345587,0 days 00:00:01.565461,0.00021137460181085247,409,extensive,409,COMPLETE
108,-0.0016559721242364045,2025-12-07 02:06:46.346801,2025-12-07 02:06:47.979158,0 days 00:00:01.632357,0.001478049591459539,467,extensive,467,COMPLETE
109,-0.004026987645228057,2025-12-07 02:06:47.981279,2025-12-07 02:06:49.280240,0 days 00:00:01.298961,0.0003969648418615528,41,extensive,41,COMPLETE
110,-0.08285575386221895,2025-12-07 02:06:49.281108,2025-12-07 02:06:50.697618,0 days 00:00:01.416510,0.00014893713115084225,121,extensive,121,COMPLETE
111,0.00045936872751254726,2025-12-07 02:06:50.698800,2025-12-07 02:06:52.079910,0 days 00:00:01.381110,0.000542912349519744,136,extensive,136,COMPLETE
112,-0.008985922602665175,2025-12-07 02:06:52.080914,2025-12-07 02:06:53.498354,0 days 00:00:01.417440,0.000313155976163075,132,extensive,132,COMPLETE
113,0.00037767966394671354,2025-12-07 02:06:53.499642,2025-12-07 02:06:54.958351,0 days 00:00:01.458709,0.0005262712198677662,149,extensive,149,COMPLETE
114,-0.000741128713544074,2025-12-07 02:06:54.958855,2025-12-07 02:06:56.479294,0 days 00:00:01.520439,0.0007719699530797482,153,extensive,153,COMPLETE
115,-0.0068545601966493175,2025-12-07 02:06:56.481021,2025-12-07 02:06:57.996589,0 days 00:00:01.515568,0.0003426430988314699,211,extensive,211,COMPLETE
116,-0.0016559721242364045,2025-12-07 02:06:57.997668,2025-12-07 02:06:59.432173,0 days 00:00:01.434505,0.0010938362081813501,74,extensive,74,COMPLETE
117,-0.0016559721242364045,2025-12-07 02:06:59.433279,2025-12-07 02:07:00.881625,0 days 00:00:01.448346,2.1669404737809566,139,extensive,139,COMPLETE
118,0.00027513804175294254,2025-12-07 02:07:00.882773,2025-12-07 02:07:02.314803,0 days 00:00:01.432030,0.0005321978218621103,94,extensive,94,COMPLETE
119,-0.15415102268570538,2025-12-07 02:07:02.315951,2025-12-07 02:07:03.729785,0 days 00:00:01.413834,0.00011395097770563628,149,extensive,149,COMPLETE
120,-0.0013740521219907098,2025-12-07 02:07:03.731768,2025-12-07 02:07:05.196486,0 days 00:00:01.464718,0.0004450145811738703,108,extensive,108,COMPLETE
121,0.0003453969809111464,2025-12-07 02:07:05.198559,2025-12-07 02:07:06.680577,0 days 00:00:01.482018,0.0005398505154880315,90,extensive,90,COMPLETE
122,-0.02037303251708722,2025-12-07 02:07:06.682097,2025-12-07 02:07:08.169981,0 days 00:00:01.487884,0.0002342654106549787,85,extensive,85,COMPLETE
123,-0.0007811732509319658,2025-12-07 02:07:08.172090,2025-12-07 02:07:09.676072,0 days 00:00:01.503982,0.0004888655215886226,62,extensive,62,COMPLETE
124,-0.0007669844637594458,2025-12-07 02:07:09.676574,2025-12-07 02:07:11.205620,0 days 00:00:01.529046,0.0007867146420706623,78,extensive,78,COMPLETE
125,-0.005468579730958896,2025-12-07 02:07:11.206620,2025-12-07 02:07:12.649664,0 days 00:00:01.443044,0.00035194251290994466,119,extensive,119,COMPLETE
126,-0.040448063990310056,2025-12-07 02:07:12.651665,2025-12-07 02:07:14.211179,0 days 00:00:01.559514,0.0001856189902761682,93,extensive,93,COMPLETE
127,-0.010573600919559278,2025-12-07 02:07:14.212692,2025-12-07 02:07:15.836588,0 days 00:00:01.623896,0.0002845830979893204,47,extensive,47,COMPLETE
128,-0.0013239942842007135,2025-12-07 02:07:15.837592,2025-12-07 02:07:17.380263,0 days 00:00:01.542671,0.0009431537466293091,180,extensive,180,COMPLETE
129,-0.0016559721242364045,2025-12-07 02:07:17.380263,2025-12-07 02:07:18.789050,0 days 00:00:01.408787,0.0013360647710512297,137,extensive,137,COMPLETE
130,0.0002251589011109297,2025-12-07 02:07:18.790015,2025-12-07 02:07:20.246745,0 days 00:00:01.456730,0.0005837216441948216,108,extensive,108,COMPLETE
131,-0.0002475132670114825,2025-12-07 02:07:20.247253,2025-12-07 02:07:21.673486,0 days 00:00:01.426233,0.0006532313329231609,110,extensive,110,COMPLETE
132,0.0004773038117668789,2025-12-07 02:07:21.675768,2025-12-07 02:07:23.128521,0 days 00:00:01.452753,0.0005401217727349512,119,extensive,119,COMPLETE
133,-0.003530522099270702,2025-12-07 02:07:23.129526,2025-12-07 02:07:24.634357,0 days 00:00:01.504831,0.0003868530520927503,124,extensive,124,COMPLETE
134,0.0001346667925434438,2025-12-07 02:07:24.635281,2025-12-07 02:07:26.083334,0 days 00:00:01.448053,0.0005052849804446205,161,extensive,161,COMPLETE
135,-0.00046978504373595964,2025-12-07 02:07:26.084403,2025-12-07 02:07:27.510335,0 days 00:00:01.425932,0.0007017996596807526,101,extensive,101,COMPLETE
136,-0.00012285007233669987,2025-12-07 02:07:27.511338,2025-12-07 02:07:28.918687,0 days 00:00:01.407349,0.0005016128635253776,89,extensive,89,COMPLETE
137,-0.0013138284015714596,2025-12-07 02:07:28.919691,2025-12-07 02:07:30.371987,0 days 00:00:01.452296,0.0009385070383238321,144,extensive,144,COMPLETE
138,-0.0016559721242364045,2025-12-07 02:07:30.372987,2025-12-07 02:07:31.760670,0 days 00:00:01.387683,0.001830651598445438,60,extensive,60,COMPLETE
139,-0.016472140305558252,2025-12-07 02:07:31.761674,2025-12-07 02:07:33.178388,0 days 00:00:01.416714,0.00026417899297444177,71,extensive,71,COMPLETE
140,0.0003477065551069636,2025-12-07 02:07:33.179392,2025-12-07 02:07:34.588741,0 days 00:00:01.409349,0.0005606623999496776,121,extensive,121,COMPLETE
141,0.0004595038157089171,2025-12-07 02:07:34.588741,2025-12-07 02:07:36.002891,0 days 00:00:01.414150,0.0005363083925159667,116,extensive,116,COMPLETE
142,-0.002963994640869864,2025-12-07 02:07:36.004899,2025-12-07 02:07:37.439501,0 days 00:00:01.434602,0.00040013387236079157,116,extensive,116,COMPLETE
