number,value,datetime_start,datetime_complete,duration,params_lgbm_colsample_bytree,params_lgbm_learning_rate,params_lgbm_max_depth,params_lgbm_min_child_samples,params_lgbm_n_estimators,params_lgbm_num_leaves,params_lgbm_reg_alpha,params_lgbm_reg_lambda,params_lgbm_subsample,params_selector__k,user_attrs_feature_level,user_attrs_top_k_features,state
269,-0.0010338237407263584,2025-12-07 02:28:08.303213,2025-12-07 02:28:09.983419,0 days 00:00:01.680206,0.8795531899416638,0.016524298905825317,3,31,750,75,0.806862004634036,4.290212633917118,0.5736831125583607,96,extensive,96,COMPLETE
270,-0.001364947089051068,2025-12-07 02:28:09.984798,2025-12-07 02:28:11.642920,0 days 00:00:01.658122,0.883430680094206,0.017696103373881274,3,38,646,71,0.7092647069328728,4.941359519689186,0.5959764296273868,102,extensive,102,COMPLETE
271,-0.00221188871582223,2025-12-07 02:28:11.643926,2025-12-07 02:28:13.384804,0 days 00:00:01.740878,0.8731581558459327,0.02028030697847352,3,35,732,65,0.8566780736417934,4.012534931604436,0.5857369603129369,135,extensive,135,COMPLETE
272,-0.0006255432412967851,2025-12-07 02:28:13.385800,2025-12-07 02:28:15.094736,0 days 00:00:01.708936,0.865523247993983,0.022381819764450875,3,36,654,74,1.05604522888675,3.631902616850429,0.5687949756766394,117,extensive,117,COMPLETE
273,-0.0016838545120713884,2025-12-07 02:28:15.095736,2025-12-07 02:28:16.848232,0 days 00:00:01.752496,0.8552995436095505,0.01801454521594544,3,38,793,77,0.5792221491628116,4.4786813529382234,0.5579061369407348,105,extensive,105,COMPLETE
274,-0.0014185663060363174,2025-12-07 02:28:16.849231,2025-12-07 02:28:18.593237,0 days 00:00:01.744006,0.5001221724594518,0.02091677884415994,3,43,887,75,0.7773233289378978,8.655324422923698,0.6511811308454692,121,extensive,121,COMPLETE
275,-0.0006119942045257712,2025-12-07 02:28:18.594236,2025-12-07 02:28:20.328687,0 days 00:00:01.734451,0.8228151161802273,0.019579041707920013,3,40,708,69,0.9105424362486837,5.358911705263226,0.5774781124190442,95,extensive,95,COMPLETE
276,-0.0015682043085223363,2025-12-07 02:28:20.329684,2025-12-07 02:28:22.051014,0 days 00:00:01.721330,0.8903868036326194,0.016677223784424305,3,37,648,73,1.1304226877938572,6.157158632050157,0.5659697536707209,143,extensive,143,COMPLETE
277,-0.0010114112297486821,2025-12-07 02:28:22.052020,2025-12-07 02:28:23.786384,0 days 00:00:01.734364,0.8372403404060987,0.018794812839457338,3,39,775,72,1.0005745313991294,2.7960599635126666,0.5511791091685583,128,extensive,128,COMPLETE
278,-0.0017602697250143073,2025-12-07 02:28:23.787390,2025-12-07 02:28:25.420985,0 days 00:00:01.633595,0.8522871949705255,0.017876630537834514,3,45,632,76,0.6812208074901832,2.0181192964190187,0.6087893233616957,113,extensive,113,COMPLETE
279,-0.0016559720935109083,2025-12-07 02:28:25.421983,2025-12-07 02:28:27.371661,0 days 00:00:01.949678,0.8753903311201081,0.02136793795636821,8,32,948,74,2.385936954233875,2.2708577171987776,0.5720045574071013,291,extensive,291,COMPLETE
280,0.0003094365481967065,2025-12-07 02:28:27.372667,2025-12-07 02:28:29.005133,0 days 00:00:01.632466,0.8663754387959836,0.019880153545036697,3,41,710,70,0.8782953076952817,3.4838410887142506,0.5901282617044841,117,extensive,117,COMPLETE
281,-0.0008838178263027574,2025-12-07 02:28:29.006130,2025-12-07 02:28:30.601021,0 days 00:00:01.594891,0.8649446676082423,0.015735596092374328,3,41,831,70,0.9630285519315249,3.3399357147518924,0.5592688262075464,124,extensive,124,COMPLETE
282,-0.0022032060106103777,2025-12-07 02:28:30.603019,2025-12-07 02:28:32.369998,0 days 00:00:01.766979,0.8812823702393575,0.020343006506806403,3,44,626,68,0.7748844688271929,4.373527267792234,0.5833490191804418,135,extensive,135,COMPLETE
283,-0.00014193084588480046,2025-12-07 02:28:32.371004,2025-12-07 02:28:34.183586,0 days 00:00:01.812582,0.819496020181314,0.02306637521512676,3,42,1753,71,0.88685696948813,3.930334227607609,0.5502373718290151,101,extensive,101,COMPLETE
284,-0.0010202849071606994,2025-12-07 02:28:34.184097,2025-12-07 02:28:35.853361,0 days 00:00:01.669264,0.8214734387722049,0.023135260123525604,12,43,708,69,1.1435152025338295,3.4101573357493447,0.546805073560002,94,extensive,94,COMPLETE
285,-0.0006823200659361225,2025-12-07 02:28:35.854358,2025-12-07 02:28:37.599906,0 days 00:00:01.745548,0.8960738412343899,0.022760982500195783,3,42,1051,71,1.0277507454709807,4.7259789986182295,0.6281971909173636,103,extensive,103,COMPLETE
286,-0.0024580089237956626,2025-12-07 02:28:37.600906,2025-12-07 02:28:39.483790,0 days 00:00:01.882884,0.8170587111723275,0.021667630221170454,3,45,2125,72,0.674919464045761,4.00983670412699,0.5476117776408752,103,extensive,103,COMPLETE
287,-0.13740162627430474,2025-12-07 02:28:39.484797,2025-12-07 02:28:42.259011,0 days 00:00:02.774214,0.8303417921466035,0.025229884574110656,3,41,1501,70,0.07597699398728364,3.7370962363717175,0.5574041038620535,115,extensive,115,COMPLETE
288,-0.0010927354523022255,2025-12-07 02:28:42.260009,2025-12-07 02:28:44.224805,0 days 00:00:01.964796,0.8588047628928199,0.01705211604719091,3,39,2321,77,0.8212291027029823,5.379791417885805,0.5426047157510189,93,extensive,93,COMPLETE
289,-0.0049776552373337335,2025-12-07 02:28:44.225803,2025-12-07 02:28:46.016741,0 days 00:00:01.790938,0.868349303040932,0.02031005364851603,3,42,606,72,0.5270745714333729,1.0128450086836849,0.5778034339829695,115,extensive,115,COMPLETE
290,-0.0005483573129230571,2025-12-07 02:28:46.018749,2025-12-07 02:28:47.727775,0 days 00:00:01.709026,0.8817405641743703,0.01803313344495599,3,45,676,73,0.9448076467912442,1.8195266334631581,0.5651579626434549,105,extensive,105,COMPLETE
291,-0.0004959849388589769,2025-12-07 02:28:47.728780,2025-12-07 02:28:49.445708,0 days 00:00:01.716928,0.8340867724830753,0.024313984208164847,3,47,882,76,0.7456758362064675,1.640957911988162,0.5321922031515323,117,extensive,117,COMPLETE
292,-0.0003256311971917188,2025-12-07 02:28:49.447718,2025-12-07 02:28:51.143071,0 days 00:00:01.695353,0.8493679980974168,0.04535573890055506,4,39,730,71,0.8928504594947758,4.854453804070947,0.5526441759760974,96,extensive,96,COMPLETE
293,-0.0024064872277135643,2025-12-07 02:28:51.144079,2025-12-07 02:28:52.850750,0 days 00:00:01.706671,0.8172067313081731,0.021360842470736743,4,29,632,69,0.6335808714929327,4.688797403580472,0.550756735642389,93,extensive,93,COMPLETE
294,-0.00024344733547047395,2025-12-07 02:28:52.852765,2025-12-07 02:28:54.517329,0 days 00:00:01.664564,0.8887756896471337,0.047786384979845976,4,40,788,71,0.8654087495237306,4.341800488199374,0.662618272335139,101,extensive,101,COMPLETE
295,-0.0016959626748823304,2025-12-07 02:28:54.518335,2025-12-07 02:28:56.216668,0 days 00:00:01.698333,0.8689067563079556,0.05161218624960637,4,40,990,67,0.8342099882688885,4.090382482250561,0.5567541790108921,94,extensive,94,COMPLETE
296,-0.002794888166277598,2025-12-07 02:28:56.218199,2025-12-07 02:28:58.026521,0 days 00:00:01.808322,0.6001551799207948,0.01597880055908746,4,43,1795,71,0.7345781566083854,5.037064333706814,0.671167204128114,102,extensive,102,COMPLETE
297,-0.0006993211049356832,2025-12-07 02:28:58.027529,2025-12-07 02:28:59.710609,0 days 00:00:01.683080,0.8842543370879846,0.03498007403363599,4,41,827,71,1.055051792102442,4.462831179801978,0.6434472336435906,89,extensive,89,COMPLETE
298,-0.0016559720935109083,2025-12-07 02:28:59.711606,2025-12-07 02:29:01.720964,0 days 00:00:02.009358,0.8591367210853025,0.04756620727466656,4,39,760,69,3.8735857648353775,6.93567823229616,0.6615582605198214,380,extensive,380,COMPLETE
299,-0.011773579548056615,2025-12-07 02:29:01.721963,2025-12-07 02:29:03.533780,0 days 00:00:01.811817,0.8272527297268818,0.04390631559806228,4,44,893,72,0.3908926379426726,5.788893204023263,0.5906421274135156,123,extensive,123,COMPLETE
