number,value,datetime_start,datetime_complete,duration,params_lgbm_colsample_bytree,params_lgbm_learning_rate,params_lgbm_max_depth,params_lgbm_min_child_samples,params_lgbm_n_estimators,params_lgbm_num_leaves,params_lgbm_reg_alpha,params_lgbm_reg_lambda,params_lgbm_subsample,params_selector__k,user_attrs_feature_level,user_attrs_top_k_features,state
179,-0.003376817134302564,2025-12-07 02:25:33.662779,2025-12-07 02:25:35.692240,0 days 00:00:02.029461,0.7575559986605589,0.00975848549425012,3,65,421,88,0.7313557893863577,0.2385580934414084,0.5007462729560609,479,extensive,479,COMPLETE
180,-0.0016025127665011407,2025-12-07 02:25:35.693245,2025-12-07 02:25:37.307145,0 days 00:00:01.613900,0.7949413553802183,0.021037821840626855,4,51,561,116,1.4044423828741448,0.17022576211548784,0.7891546647110755,104,extensive,104,COMPLETE
181,-0.0009588724894958508,2025-12-07 02:25:37.308146,2025-12-07 02:25:38.899457,0 days 00:00:01.591311,0.9161881774813252,0.08949371326385902,5,10,275,123,1.1157984821703195,0.37708155917604314,0.8655154073445811,99,extensive,99,COMPLETE
182,-0.0028881229244871465,2025-12-07 02:25:38.900464,2025-12-07 02:25:40.797538,0 days 00:00:01.897074,0.9223025266215289,0.08345621281896534,5,12,325,118,0.978556571573838,0.4194456042489712,0.5410875988455441,407,extensive,407,COMPLETE
183,-0.00025289860588650903,2025-12-07 02:25:40.798544,2025-12-07 02:25:42.436675,0 days 00:00:01.638131,0.9012637207315498,0.08861034845191632,5,55,436,122,0.846810820457918,0.5638743660519419,0.5287720195514487,114,extensive,114,COMPLETE
184,-0.0011459156863542486,2025-12-07 02:25:42.437681,2025-12-07 02:25:44.169445,0 days 00:00:01.731764,0.8900507107783129,0.006960289314730725,5,56,472,122,0.7700040341534345,0.5325360542615803,0.5322715901039228,125,extensive,125,COMPLETE
185,-0.0009208561539951754,2025-12-07 02:25:44.170451,2025-12-07 02:25:45.932183,0 days 00:00:01.761732,0.8727746534747081,0.01863087929808721,6,55,394,85,0.8929790726429672,0.5925213641067998,0.5100789356109889,119,extensive,119,COMPLETE
186,-0.001497735452091753,2025-12-07 02:25:45.932183,2025-12-07 02:25:47.622778,0 days 00:00:01.690595,0.9031971981126965,0.02001607499481449,3,52,535,120,0.6437622490836907,0.4951091358326225,0.5239289259668759,110,extensive,110,COMPLETE
187,-0.0020177136729951175,2025-12-07 02:25:47.624305,2025-12-07 02:25:49.344784,0 days 00:00:01.720479,0.8459395083993251,0.08756205980712245,4,58,690,121,0.816136962440382,0.6724552927911454,0.75238198522498,135,extensive,135,COMPLETE
188,1.2711578982231112e-05,2025-12-07 02:25:49.346792,2025-12-07 02:25:51.040086,0 days 00:00:01.693294,0.8832651589237486,0.025245887172969564,5,49,453,81,0.5361013067756022,0.8982337487724669,0.7346866652327011,81,extensive,81,COMPLETE
189,-0.01085896750116048,2025-12-07 02:25:51.041087,2025-12-07 02:25:52.823116,0 days 00:00:01.782029,0.882393929308862,0.025513687697049127,5,46,445,89,0.42656506797866345,0.9269677255137677,0.6931214531044267,92,extensive,92,COMPLETE
190,-0.006240330636608042,2025-12-07 02:25:52.824116,2025-12-07 02:25:54.480253,0 days 00:00:01.656137,0.5748597480055468,0.024198298676641916,6,50,288,81,0.5278074179379596,0.7526297010685912,0.7282379978035615,62,extensive,62,COMPLETE
191,-0.0006515877084546373,2025-12-07 02:25:54.481252,2025-12-07 02:25:56.082598,0 days 00:00:01.601346,0.8963236307582558,0.021863477103779876,5,39,395,84,0.9325537947235724,1.1726760929468185,0.7416489403322972,78,extensive,78,COMPLETE
192,-0.00404101926681059,2025-12-07 02:25:56.083599,2025-12-07 02:25:57.738323,0 days 00:00:01.654724,0.8546982767241739,0.022511483867027948,5,54,587,76,0.6986151700935741,0.8232501179692444,0.5456127273790965,84,extensive,84,COMPLETE
193,-0.004312374540295871,2025-12-07 02:25:57.739330,2025-12-07 02:25:59.361763,0 days 00:00:01.622433,0.7794488240905078,0.033871800812877724,4,49,485,83,0.5717062996041289,0.2207312382128728,0.7142379031314504,100,extensive,100,COMPLETE
194,-0.0006294526959996402,2025-12-07 02:25:59.361763,2025-12-07 02:26:00.983345,0 days 00:00:01.621582,0.8704912850445514,0.028530518859600205,3,54,343,86,0.8260658477274314,0.5915694780227039,0.5159807291110373,111,extensive,111,COMPLETE
195,-0.0007592396531258908,2025-12-07 02:26:00.984403,2025-12-07 02:26:02.591193,0 days 00:00:01.606790,0.8690752036982972,0.029358358321609462,3,52,320,119,0.8312249477670836,0.6598239094687036,0.7331726896354197,113,extensive,113,COMPLETE
196,-0.0014161748041160438,2025-12-07 02:26:02.592201,2025-12-07 02:26:04.227644,0 days 00:00:01.635443,0.8812302086281549,0.027001683894382695,3,26,249,86,0.6714724454439487,0.6273470773377232,0.5136993119632582,124,extensive,124,COMPLETE
197,-0.001906606359071102,2025-12-07 02:26:04.228642,2025-12-07 02:26:05.913881,0 days 00:00:01.685239,0.9070988198231512,0.027482201407729407,3,53,201,97,0.9308565203008771,0.5898466166628822,0.8013690534805178,138,extensive,138,COMPLETE
198,-0.0007989159343299024,2025-12-07 02:26:05.914892,2025-12-07 02:26:07.498636,0 days 00:00:01.583744,0.892840823816197,0.023647151687235277,3,23,377,87,0.7762202509682863,0.5317829392570456,0.5278234783567449,110,extensive,110,COMPLETE
199,-0.03025016093257123,2025-12-07 02:26:07.500634,2025-12-07 02:26:09.145983,0 days 00:00:01.645349,0.8681847181639982,0.0997672898600685,5,60,459,117,0.3383791576012848,0.46893679142223316,0.5100775498498699,94,extensive,94,COMPLETE
200,-0.002105375602072949,2025-12-07 02:26:09.146989,2025-12-07 02:26:10.890591,0 days 00:00:01.743602,0.8124882323054597,0.02083093791268957,3,44,321,122,0.4986265608038041,0.9023961446447755,0.5205075482485877,151,extensive,151,COMPLETE
201,-0.0009492768022006196,2025-12-07 02:26:10.891591,2025-12-07 02:26:12.472548,0 days 00:00:01.580957,0.7642371086354693,0.08037998045125155,5,57,639,86,1.070393861844724,0.24838234909049392,0.5340211920288785,72,extensive,72,COMPLETE
202,-0.0005406602865160407,2025-12-07 02:26:12.474073,2025-12-07 02:26:14.150341,0 days 00:00:01.676268,0.7872824270865991,0.016741190670555614,4,55,532,81,1.0002505360265022,0.19574274238245687,0.5383370991845363,83,extensive,83,COMPLETE
203,-0.00037856297041364656,2025-12-07 02:26:14.151340,2025-12-07 02:26:15.791752,0 days 00:00:01.640412,0.7922001542133535,0.017662733480153903,3,55,558,79,0.8646572536178991,0.1913774336626762,0.538812892857221,103,extensive,103,COMPLETE
204,-0.001069328825844836,2025-12-07 02:26:15.792759,2025-12-07 02:26:17.449407,0 days 00:00:01.656648,0.7859480802318892,0.016283994933642385,5,55,504,78,1.191449115822049,0.19080034547956912,0.5379558730183096,88,extensive,88,COMPLETE
205,-0.00033308337551685163,2025-12-07 02:26:17.450405,2025-12-07 02:26:19.079317,0 days 00:00:01.628912,0.7917092858520451,0.017555463740984205,4,49,580,79,0.9379917610251649,0.19758979470254703,0.5451692023482483,102,extensive,102,COMPLETE
206,-0.00044495323816170124,2025-12-07 02:26:19.081317,2025-12-07 02:26:20.772478,0 days 00:00:01.691161,0.8056085041829231,0.01792555079364348,3,48,567,80,0.9471933299365,0.1815377059077636,0.5515865856677593,119,extensive,119,COMPLETE
207,-0.0005746863418935044,2025-12-07 02:26:20.773489,2025-12-07 02:26:22.468427,0 days 00:00:01.694938,0.802777049690603,0.01812937536629485,3,48,567,75,0.9207416946751052,0.15571064006452395,0.5587655928933096,130,extensive,130,COMPLETE
208,-0.001699604020174772,2025-12-07 02:26:22.469425,2025-12-07 02:26:24.161887,0 days 00:00:01.692462,0.7745919416930611,0.017570685456886854,3,50,541,80,0.7169654084570929,0.18023596225929123,0.549563239224335,121,extensive,121,COMPLETE
209,-0.0004941557443929323,2025-12-07 02:26:24.163392,2025-12-07 02:26:25.859523,0 days 00:00:01.696131,0.7928550623230456,0.019423995459948787,3,46,629,79,0.8625867247348287,1.3483482646777127,0.5440526491827786,102,extensive,102,COMPLETE
210,-0.001881877056832737,2025-12-07 02:26:25.860524,2025-12-07 02:26:27.567971,0 days 00:00:01.707447,0.82476647033986,0.019180982802589685,3,46,629,80,0.6361754958522596,1.458541191056731,0.5466100196868369,105,extensive,105,COMPLETE
211,-0.0008831547812132579,2025-12-07 02:26:27.569981,2025-12-07 02:26:29.270937,0 days 00:00:01.700956,0.7930404796107592,0.01703133416165457,3,49,446,79,0.8616891723809627,0.20248945122021464,0.5553528695746006,100,extensive,100,COMPLETE
212,-0.00044466178162116954,2025-12-07 02:26:29.273206,2025-12-07 02:26:30.922151,0 days 00:00:01.648945,0.8047885969574367,0.01885777638364541,3,47,534,78,0.9648406611415956,0.1499287913841698,0.5396923834192159,118,extensive,118,COMPLETE
213,-0.000317035364680233,2025-12-07 02:26:30.923325,2025-12-07 02:26:32.593706,0 days 00:00:01.670381,0.8073771544567339,0.019808541191546635,3,44,597,77,0.9362097457704583,2.196604083670788,0.5416809755469816,118,extensive,118,COMPLETE
214,-0.0006788925630036857,2025-12-07 02:26:32.594712,2025-12-07 02:26:34.238321,0 days 00:00:01.643609,0.805628388627223,0.0197131093847383,3,46,610,77,0.8000901019941699,0.11715700484700897,0.5437127144133598,122,extensive,122,COMPLETE
215,-0.0023553017249291854,2025-12-07 02:26:34.239327,2025-12-07 02:26:35.925122,0 days 00:00:01.685795,0.8115251845047395,0.018679935173585745,3,44,734,77,0.8882378340077984,1.3396652322280211,0.539347047183979,133,extensive,133,COMPLETE
216,-0.00047013022832450196,2025-12-07 02:26:35.927130,2025-12-07 02:26:37.631310,0 days 00:00:01.704180,0.8158392329767836,0.02054375716726175,3,42,523,79,0.7408573078525161,3.744205968361684,0.552750984826568,117,extensive,117,COMPLETE
217,0.00017292701304227887,2025-12-07 02:26:37.632822,2025-12-07 02:26:39.312181,0 days 00:00:01.679359,0.8190188647391435,0.02009927016959164,3,47,671,75,0.7202354943707706,3.9678447330452014,0.5747886655512581,119,extensive,119,COMPLETE
218,-0.0010267338065987897,2025-12-07 02:26:39.313178,2025-12-07 02:26:40.987230,0 days 00:00:01.674052,0.8323950509920225,0.020420561282408763,3,42,675,72,0.6060073878118182,3.2522492617773255,0.5599897071276115,117,extensive,117,COMPLETE
219,-0.002590128133755217,2025-12-07 02:26:40.988236,2025-12-07 02:26:42.721745,0 days 00:00:01.733509,0.8122749388067506,0.01976825274960318,3,43,575,76,0.7391102941400113,4.614696510480356,0.5685453592483214,146,extensive,146,COMPLETE
220,-0.0007779335801462173,2025-12-07 02:26:42.722752,2025-12-07 02:26:44.373165,0 days 00:00:01.650413,0.8185397740539194,0.021669879038167028,3,45,518,79,0.7464443592702769,2.3449623024750497,0.5803582293885776,127,extensive,127,COMPLETE
221,-8.351389334730157e-05,2025-12-07 02:26:44.374685,2025-12-07 02:26:46.045205,0 days 00:00:01.670520,0.5288491586324653,0.01836641254044511,3,48,627,73,0.8296223856710591,4.117433411874025,0.5525379573304413,116,extensive,116,COMPLETE
222,0.00014863443026943055,2025-12-07 02:26:46.046204,2025-12-07 02:26:47.685429,0 days 00:00:01.639225,0.8045615470731634,0.018312479751149042,3,47,627,74,0.8157983833283735,6.416089130876773,0.5554141746842964,117,extensive,117,COMPLETE
223,0.0001619487987383946,2025-12-07 02:26:47.686937,2025-12-07 02:26:49.388830,0 days 00:00:01.701893,0.8192853773019937,0.018145198887321193,3,47,668,72,0.8359381458663283,4.283516127182882,0.5500645010435807,115,extensive,115,COMPLETE
224,-0.0028938340897064485,2025-12-07 02:26:49.390836,2025-12-07 02:26:51.112472,0 days 00:00:01.721636,0.5348249858352927,0.01756164257043256,3,48,675,72,0.804866650769514,3.9254256718516016,0.5725502734321231,137,extensive,137,COMPLETE
225,-0.0018077338603215882,2025-12-07 02:26:51.113980,2025-12-07 02:26:52.864304,0 days 00:00:01.750324,0.8223850622834568,0.018339338596954916,3,47,594,70,0.6398131288262343,5.525580230794419,0.554271213605108,123,extensive,123,COMPLETE
226,-0.00015539908449209902,2025-12-07 02:26:52.865309,2025-12-07 02:26:54.535443,0 days 00:00:01.670134,0.8440209993578005,0.018164273807629118,3,40,706,70,0.9116172691645912,2.706625667824702,0.5519442260714641,114,extensive,114,COMPLETE
227,-0.0003338827525859456,2025-12-07 02:26:54.538752,2025-12-07 02:26:56.189487,0 days 00:00:01.650735,0.8418741149359008,0.018318814010186243,3,39,801,70,0.9384892670462087,2.7356314606975984,0.5657519561793222,110,extensive,110,COMPLETE
228,-0.0009377641833158146,2025-12-07 02:26:56.190486,2025-12-07 02:26:57.885281,0 days 00:00:01.694795,0.8346288730297645,0.01827756032977399,3,40,866,69,0.9127005300130714,2.626763440236657,0.5645156881705898,129,extensive,129,COMPLETE
229,-0.0003630666401975476,2025-12-07 02:26:57.886794,2025-12-07 02:26:59.589747,0 days 00:00:01.702953,0.8431401151515724,0.01897553122564889,3,40,836,73,0.9380258925610626,2.112441602674763,0.5296696859528573,110,extensive,110,COMPLETE
230,-0.00036435444326591665,2025-12-07 02:26:59.590746,2025-12-07 02:27:01.304141,0 days 00:00:01.713395,0.8480105453704794,0.01866623547167619,3,37,778,73,0.937447243698683,3.030752112984701,0.5719405944729199,113,extensive,113,COMPLETE
231,-0.0003479718617199386,2025-12-07 02:27:01.305140,2025-12-07 02:27:03.145641,0 days 00:00:01.840501,0.8448667873925472,0.018822674670588232,3,38,735,74,0.9383011827990602,2.007947820592597,0.5756627314300897,113,extensive,113,COMPLETE
232,-0.0003542805076762745,2025-12-07 02:27:03.146639,2025-12-07 02:27:04.912688,0 days 00:00:01.766049,0.85157222794309,0.019001543375818282,3,36,739,74,0.8507043067548496,2.187013132943174,0.5940301152952652,111,extensive,111,COMPLETE
233,-0.0003136172872288216,2025-12-07 02:27:04.913688,2025-12-07 02:27:06.797016,0 days 00:00:01.883328,0.8530370186515802,0.019497105720893696,3,36,778,74,0.882565305528336,2.1626597991430025,0.576440362512158,108,extensive,108,COMPLETE
234,-0.0005541697198177727,2025-12-07 02:27:06.798016,2025-12-07 02:27:08.630384,0 days 00:00:01.832368,0.8445314841544017,0.01894997842321475,3,36,774,74,0.8136413957134818,1.9682728448042874,0.5799357759022605,110,extensive,110,COMPLETE
235,-0.0005793329835639035,2025-12-07 02:27:08.632897,2025-12-07 02:27:10.475164,0 days 00:00:01.842267,0.8553483227228045,0.02022598995521031,3,38,726,73,0.819238909756344,2.1134408038277934,0.5845983327058828,109,extensive,109,COMPLETE
236,-0.0019927201577408424,2025-12-07 02:27:10.477175,2025-12-07 02:27:12.214822,0 days 00:00:01.737647,0.8457604328132389,0.021635988293648743,3,41,858,70,0.7047628734724057,3.1934188139787456,0.5907822241263304,106,extensive,106,COMPLETE
237,-0.00035217382885473675,2025-12-07 02:27:12.215329,2025-12-07 02:27:13.914933,0 days 00:00:01.699604,0.8407807615520303,0.01941738723627801,3,36,785,74,0.8847560419049352,2.913987397735696,0.5689606058415597,130,extensive,130,COMPLETE
238,-0.001947752458256032,2025-12-07 02:27:13.915939,2025-12-07 02:27:15.706976,0 days 00:00:01.791037,0.8570703846961981,0.017851858343342946,3,33,939,73,0.9025280296124936,2.768364841721358,0.5696226520086124,140,extensive,140,COMPLETE
239,-0.002551983177410603,2025-12-07 02:27:15.707975,2025-12-07 02:27:17.483654,0 days 00:00:01.775679,0.8494446716717259,0.019311057822172798,3,37,816,74,0.5559878761404753,2.4064800002049367,0.6091048970797794,129,extensive,129,COMPLETE
240,-0.0009188490179706429,2025-12-07 02:27:17.485660,2025-12-07 02:27:19.139391,0 days 00:00:01.653731,0.8383985669209593,0.016751525168770348,3,35,750,71,1.1018064034446815,3.0189599653488908,0.5741782619886691,114,extensive,114,COMPLETE
241,-0.0003116667423993154,2025-12-07 02:27:19.141390,2025-12-07 02:27:20.896377,0 days 00:00:01.754987,0.84157182223426,0.019747418110256407,3,38,821,73,0.8675638555487374,1.7620628418803521,0.5964804144176511,128,extensive,128,COMPLETE
242,-0.0009526727874513696,2025-12-07 02:27:20.897383,2025-12-07 02:27:22.620956,0 days 00:00:01.723573,0.8383391830794297,0.01926535620115394,3,38,875,68,0.800562380658397,2.1936471264858897,0.5892385693802349,121,extensive,121,COMPLETE
243,-0.00026185265735823027,2025-12-07 02:27:22.621962,2025-12-07 02:27:24.309777,0 days 00:00:01.687815,0.8571542417071192,0.018105363626686025,3,39,825,75,0.8802465062010463,1.7537436930522505,0.5957994500818778,106,extensive,106,COMPLETE
244,-0.0004316572771975539,2025-12-07 02:27:24.309777,2025-12-07 02:27:26.020654,0 days 00:00:01.710877,0.8580929841796875,0.019763236079932793,3,40,1002,75,0.9226675730999409,1.7274131733137577,0.6002517252323714,105,extensive,105,COMPLETE
245,-0.00196501982808317,2025-12-07 02:27:26.021659,2025-12-07 02:27:27.693252,0 days 00:00:01.671593,0.8430668294855761,0.01752497459858219,3,36,798,72,0.69265061642127,1.9598736500309635,0.5935341131117562,98,extensive,98,COMPLETE
246,-0.0005142909828321033,2025-12-07 02:27:27.694251,2025-12-07 02:27:29.283874,0 days 00:00:01.589623,0.8293926334726514,0.021237316200497545,3,38,898,75,0.9687232677780319,2.4592934021211366,0.5757009132172607,108,extensive,108,COMPLETE
247,-0.00018329323877856277,2025-12-07 02:27:29.284844,2025-12-07 02:27:31.049145,0 days 00:00:01.764301,0.8510227944260134,0.018899377314641697,3,40,731,73,0.8625366199373635,5.735151514499859,0.6205656172338864,132,extensive,132,COMPLETE
248,-0.0017409055908759556,2025-12-07 02:27:31.050152,2025-12-07 02:27:32.799787,0 days 00:00:01.749635,0.8625535562120007,0.01875792727448739,3,40,832,73,1.0921807309160054,6.924225606693418,0.6290879471867811,133,extensive,133,COMPLETE
249,-0.0022355874805667733,2025-12-07 02:27:32.800793,2025-12-07 02:27:34.475272,0 days 00:00:01.674479,0.8506816285752837,0.022053426227303295,3,34,703,71,0.7446822134619919,4.780563036904167,0.6083353794567078,139,extensive,139,COMPLETE
250,0.00015425368409949236,2025-12-07 02:27:34.476277,2025-12-07 02:27:36.147646,0 days 00:00:01.671369,0.8363998749381759,0.02002055958614022,3,37,761,75,0.8613775568805205,5.651426662607883,0.5649461091414821,117,extensive,117,COMPLETE
251,0.00013409542093467675,2025-12-07 02:27:36.148654,2025-12-07 02:27:37.961503,0 days 00:00:01.812849,0.8331954174229811,0.02014010419962977,3,37,763,74,0.851692115558427,5.236718462749649,0.5629623317720515,116,extensive,116,COMPLETE
252,-0.0016559720935109083,2025-12-07 02:27:37.963779,2025-12-07 02:27:39.677999,0 days 00:00:01.714220,0.8357727541526132,0.019497451332777454,3,36,720,74,2.5644922465507527,6.17046542743112,0.5675909772174104,114,extensive,114,COMPLETE
253,-0.00030178501621240067,2025-12-07 02:27:39.680006,2025-12-07 02:27:41.460449,0 days 00:00:01.780443,0.8490725513397437,0.01851959010242651,3,38,942,75,0.8734767539481638,5.310281630249989,0.580803044844044,126,extensive,126,COMPLETE
254,-0.0016019466687330342,2025-12-07 02:27:41.461450,2025-12-07 02:27:43.251806,0 days 00:00:01.790356,0.8353146751469148,0.020167287294773028,3,39,952,75,0.6559077407263032,6.3336050058838165,0.584054787700121,127,extensive,127,COMPLETE
255,-0.0021073821029901074,2025-12-07 02:27:43.252813,2025-12-07 02:27:45.012677,0 days 00:00:01.759864,0.8281055736032856,0.016547537972872527,3,41,833,76,0.8640127522322985,5.578720779249268,0.5599386663943211,141,extensive,141,COMPLETE
256,-0.0011629487854399878,2025-12-07 02:27:45.015192,2025-12-07 02:27:46.822222,0 days 00:00:01.807030,0.8572075270858079,0.01843761880810363,10,39,906,72,0.7839620884064612,4.234779647861079,0.5810367022491253,130,extensive,130,COMPLETE
257,-0.0016756718638850643,2025-12-07 02:27:46.823219,2025-12-07 02:27:48.545186,0 days 00:00:01.721967,0.8467728930498297,0.020705909599006034,3,34,727,76,1.0593872974281766,5.1262325039515355,0.5979286015223222,153,extensive,153,COMPLETE
258,-0.0006043509677068348,2025-12-07 02:27:48.546185,2025-12-07 02:27:50.299468,0 days 00:00:01.753283,0.8635835871130879,0.020050016217570774,3,36,1030,74,0.8740348566927315,1.5451184272471026,0.6183905286902596,121,extensive,121,COMPLETE
259,-0.002473840851357082,2025-12-07 02:27:50.300480,2025-12-07 02:27:52.061935,0 days 00:00:01.761455,0.8275561147759826,0.01759491415463233,3,32,795,70,0.5999320983828125,3.6344983879200328,0.562100818733849,113,extensive,113,COMPLETE
260,-0.002446060027705791,2025-12-07 02:27:52.063934,2025-12-07 02:27:53.942936,0 days 00:00:01.879002,0.8415238047680091,0.01899149860055574,3,43,689,73,0.9693787875523456,1.7481501032026419,0.5755325207392681,261,extensive,261,COMPLETE
261,-0.001344685911081352,2025-12-07 02:27:53.942936,2025-12-07 02:27:55.656618,0 days 00:00:01.713682,0.8543172970203482,0.02231889048421992,3,41,854,75,0.7185081583233495,7.607304425077131,0.5646245157430326,131,extensive,131,COMPLETE
262,-0.0007053857321950296,2025-12-07 02:27:55.658619,2025-12-07 02:27:57.339078,0 days 00:00:01.680459,0.8230655080746847,0.01607321177782032,3,38,747,72,0.865438965760616,2.120527505135295,0.5900593226053531,97,extensive,97,COMPLETE
263,-0.000758629553533711,2025-12-07 02:27:57.340075,2025-12-07 02:27:59.034707,0 days 00:00:01.694632,0.8734931138148307,0.01719389357641558,3,37,684,77,1.0000664742873169,5.09356367265632,0.5619074876039571,120,extensive,120,COMPLETE
264,-0.0016559720935109083,2025-12-07 02:27:59.035713,2025-12-07 02:28:00.768630,0 days 00:00:01.732917,0.8404622673993414,0.021071260569586647,3,40,922,74,2.0231389267219386,1.9003571300961717,0.6024787074645481,147,extensive,147,COMPLETE
265,-0.0006840597768067447,2025-12-07 02:28:00.769762,2025-12-07 02:28:02.567652,0 days 00:00:01.797890,0.8629440325899552,0.0405729366130981,3,44,804,67,0.7671515362199569,5.820435851929058,0.554901848640106,109,extensive,109,COMPLETE
266,-0.011728107317678335,2025-12-07 02:28:02.568652,2025-12-07 02:28:04.852677,0 days 00:00:02.284025,0.848702509857866,0.019585349398599114,3,34,1179,71,0.48735749925031613,2.5198156092069772,0.5818542925152388,209,extensive,209,COMPLETE
267,-0.0018885098709580477,2025-12-07 02:28:04.854248,2025-12-07 02:28:06.622693,0 days 00:00:01.768445,0.8316327517938086,0.018474159596956873,3,42,658,76,0.6437635049632195,6.769119592245956,0.5504795700134145,126,extensive,126,COMPLETE
268,-0.0002473430419022889,2025-12-07 02:28:06.625209,2025-12-07 02:28:08.301206,0 days 00:00:01.675997,0.8765703917495841,0.01814445015305593,3,38,742,74,0.8517343148092674,4.334443454926781,0.5739010340489924,102,extensive,102,COMPLETE
