number,value,datetime_start,datetime_complete,duration,params_ridge_alpha,params_selector__k,user_attrs_feature_level,user_attrs_top_k_features,state
299,-0.3646598933336893,2025-12-07 02:03:56.981640,2025-12-07 02:03:58.620122,0 days 00:00:01.638482,752.5796088683154,231,extensive,231,COMPLETE
