number,value,datetime_start,datetime_complete,duration,params_enet_alpha,params_enet_l1_ratio,user_attrs_feat_level,user_attrs_label,user_attrs_model_type,user_attrs_pca_mode,user_attrs_use_PCA,state
225,-0.0016559721242364045,2025-12-08 13:50:05.019122,2025-12-08 13:50:06.618827,0 days 00:00:01.599705,0.006973246717862355,0.45829925934519233,extensive,final,elastic,pca_hybrid,True,COMPLETE
226,-0.0016559721242364045,2025-12-08 13:50:06.619826,2025-12-08 13:50:08.170543,0 days 00:00:01.550717,0.010594294951688397,0.5126261929258504,extensive,final,elastic,pca_hybrid,True,COMPLETE
227,-0.0016559721242364045,2025-12-08 13:50:08.171086,2025-12-08 13:50:09.750668,0 days 00:00:01.579582,0.002824216573794234,0.3800075532393855,extensive,final,elastic,pca_hybrid,True,COMPLETE
228,-0.0016559721242364045,2025-12-08 13:50:09.752007,2025-12-08 13:50:11.474118,0 days 00:00:01.722111,0.012606564462939758,0.9531719500325707,extensive,final,elastic,pca_hybrid,True,COMPLETE
229,-0.0016559721242364045,2025-12-08 13:50:11.474118,2025-12-08 13:50:13.120434,0 days 00:00:01.646316,0.04506623830089385,0.9736889721965492,extensive,final,elastic,pca_hybrid,True,COMPLETE
230,-0.0016559721242364045,2025-12-08 13:50:13.121437,2025-12-08 13:50:14.806514,0 days 00:00:01.685077,0.009033140445048913,0.601673628516995,extensive,final,elastic,pca_hybrid,True,COMPLETE
231,-0.0016559721242364045,2025-12-08 13:50:14.806514,2025-12-08 13:50:16.416045,0 days 00:00:01.609531,0.03870495997619402,0.7323285715757618,extensive,final,elastic,pca_hybrid,True,COMPLETE
232,-0.0016559721242364045,2025-12-08 13:50:16.416045,2025-12-08 13:50:18.500501,0 days 00:00:02.084456,0.029540907223013554,0.7542627522053856,extensive,final,elastic,pca_hybrid,True,COMPLETE
233,-0.0016559721242364045,2025-12-08 13:50:18.500501,2025-12-08 13:50:20.307433,0 days 00:00:01.806932,0.04749476972723667,0.7215926132434369,extensive,final,elastic,pca_hybrid,True,COMPLETE
234,-0.0016559721242364045,2025-12-08 13:50:20.307433,2025-12-08 13:50:22.119105,0 days 00:00:01.811672,0.07592414463345305,0.788501343509814,extensive,final,elastic,pca_hybrid,True,COMPLETE
235,-0.0016559721242364045,2025-12-08 13:50:22.120221,2025-12-08 13:50:23.900860,0 days 00:00:01.780639,0.005292092492727261,0.7667285848496506,extensive,final,elastic,pca_hybrid,True,COMPLETE
236,-0.0016559721242364045,2025-12-08 13:50:23.900860,2025-12-08 13:50:25.739439,0 days 00:00:01.838579,0.02687110360083181,0.9071922427188376,extensive,final,elastic,pca_hybrid,True,COMPLETE
237,-0.0016559721242364045,2025-12-08 13:50:25.739439,2025-12-08 13:50:27.450910,0 days 00:00:01.711471,0.05375724373909294,0.6964780148771338,extensive,final,elastic,pca_hybrid,True,COMPLETE
238,-0.0016559721242364045,2025-12-08 13:50:27.452432,2025-12-08 13:50:29.173163,0 days 00:00:01.720731,0.018973146474445417,0.48289103288922913,extensive,final,elastic,pca_hybrid,True,COMPLETE
239,-0.0019731025335497274,2025-12-08 13:50:29.174164,2025-12-08 13:50:30.876828,0 days 00:00:01.702664,0.0009563036782459492,0.6887311287886954,extensive,final,elastic,pca_hybrid,True,COMPLETE
240,-0.0016559721242364045,2025-12-08 13:50:30.876828,2025-12-08 13:50:32.555703,0 days 00:00:01.678875,0.0645696865687414,0.6660386092612811,extensive,final,elastic,pca_hybrid,True,COMPLETE
241,-0.0016559721242364045,2025-12-08 13:50:32.555703,2025-12-08 13:50:34.257853,0 days 00:00:01.702150,0.07646798405440536,0.807428195105899,extensive,final,elastic,pca_hybrid,True,COMPLETE
242,-0.0016559721242364045,2025-12-08 13:50:34.257853,2025-12-08 13:50:35.971043,0 days 00:00:01.713190,0.08081243033826312,0.7806823519914964,extensive,final,elastic,pca_hybrid,True,COMPLETE
243,-0.0016559721242364045,2025-12-08 13:50:35.971043,2025-12-08 13:50:37.756890,0 days 00:00:01.785847,0.09239189872358206,0.7432237969332621,extensive,final,elastic,pca_hybrid,True,COMPLETE
244,-0.0016559721242364045,2025-12-08 13:50:37.756890,2025-12-08 13:50:39.937276,0 days 00:00:02.180386,0.057271904250284014,0.8725915111962779,extensive,final,elastic,pca_hybrid,True,COMPLETE
245,-0.0016559721242364045,2025-12-08 13:50:39.937276,2025-12-08 13:50:41.771145,0 days 00:00:01.833869,0.00359925656173636,0.824224601522254,extensive,final,elastic,pca_hybrid,True,COMPLETE
246,-0.0016559721242364045,2025-12-08 13:50:41.772145,2025-12-08 13:50:43.387553,0 days 00:00:01.615408,0.09787567067250796,0.06457776977920257,extensive,final,elastic,pca_hybrid,True,COMPLETE
247,-0.0016559721242364045,2025-12-08 13:50:43.387553,2025-12-08 13:50:45.154094,0 days 00:00:01.766541,0.0063652950854338666,0.9312020389583591,extensive,final,elastic,pca_hybrid,True,COMPLETE
248,-0.0016559721242364045,2025-12-08 13:50:45.154094,2025-12-08 13:50:47.386803,0 days 00:00:02.232709,0.03309792711528698,0.7741526552192171,extensive,final,elastic,pca_hybrid,True,COMPLETE
249,-0.0016559721242364045,2025-12-08 13:50:47.386803,2025-12-08 13:50:49.470963,0 days 00:00:02.084160,0.0044938409022805825,0.8577477581183335,extensive,final,elastic,pca_hybrid,True,COMPLETE
250,-0.0016559721242364045,2025-12-08 13:50:49.470963,2025-12-08 13:50:51.421731,0 days 00:00:01.950768,0.022221059585332995,0.5381378787850756,extensive,final,elastic,pca_hybrid,True,COMPLETE
251,-344.0815195845358,2025-12-08 13:50:51.421731,2025-12-08 13:50:53.337903,0 days 00:00:01.916172,0.0031457151782741254,0.11435531952281941,extensive,final,elastic,pca_hybrid,True,COMPLETE
252,-0.0016559721242364045,2025-12-08 13:50:53.337903,2025-12-08 13:50:54.988150,0 days 00:00:01.650247,0.014708287081238678,0.8884523269418149,extensive,final,elastic,pca_hybrid,True,COMPLETE
253,-0.0016559721242364045,2025-12-08 13:50:54.988150,2025-12-08 13:50:56.788204,0 days 00:00:01.800054,0.04174428105434162,0.4227886377499577,extensive,final,elastic,pca_hybrid,True,COMPLETE
254,-0.0016559721242364045,2025-12-08 13:50:56.788204,2025-12-08 13:50:58.558204,0 days 00:00:01.770000,0.007279430370127073,0.45204179402080474,extensive,final,elastic,pca_hybrid,True,COMPLETE
255,-0.0016559721242364045,2025-12-08 13:50:58.558204,2025-12-08 13:51:00.387485,0 days 00:00:01.829281,0.02404884527523315,0.9222409421894358,extensive,final,elastic,pca_hybrid,True,COMPLETE
256,-42.879735937437225,2025-12-08 13:51:00.388374,2025-12-08 13:51:02.321421,0 days 00:00:01.933047,0.0007248208523060666,0.5698762164613775,extensive,final,elastic,pca_hybrid,True,COMPLETE
257,-0.0016559721242364045,2025-12-08 13:51:02.322422,2025-12-08 13:51:04.136669,0 days 00:00:01.814247,0.010080517164964026,0.3189595988955426,extensive,final,elastic,pca_hybrid,True,COMPLETE
258,-1298.5241418080018,2025-12-08 13:51:04.137668,2025-12-08 13:51:05.804731,0 days 00:00:01.667063,0.005543376989937081,0.03059975341243375,extensive,final,elastic,pca_hybrid,True,COMPLETE
259,-0.0016559721242364045,2025-12-08 13:51:05.805310,2025-12-08 13:51:07.559163,0 days 00:00:01.753853,0.06448884500243916,0.9541074035151124,extensive,final,elastic,pca_hybrid,True,COMPLETE
260,-0.0016559721242364045,2025-12-08 13:51:07.559163,2025-12-08 13:51:09.905539,0 days 00:00:02.346376,0.0017863655238734865,0.632581599212039,extensive,final,elastic,pca_hybrid,True,COMPLETE
261,-0.0016559721242364045,2025-12-08 13:51:09.905539,2025-12-08 13:51:11.739411,0 days 00:00:01.833872,0.031734596780752515,0.752806819581037,extensive,final,elastic,pca_hybrid,True,COMPLETE
262,-0.0016559721242364045,2025-12-08 13:51:11.739411,2025-12-08 13:51:13.355363,0 days 00:00:01.615952,0.004188011806455584,0.2806810719332873,extensive,final,elastic,pca_hybrid,True,COMPLETE
263,-17941.258596221134,2025-12-08 13:51:13.355363,2025-12-08 13:51:15.074363,0 days 00:00:01.719000,0.001326878749268536,0.001693451004640481,extensive,final,elastic,pca_hybrid,True,COMPLETE
264,-0.0016559721242364045,2025-12-08 13:51:15.075454,2025-12-08 13:51:16.707268,0 days 00:00:01.631814,0.012536639721926467,0.21290261695441035,extensive,final,elastic,pca_hybrid,True,COMPLETE
265,-130.3928039707071,2025-12-08 13:51:16.708269,2025-12-08 13:51:18.574815,0 days 00:00:01.866546,0.002593926240627797,0.1514733660251057,extensive,final,elastic,pca_hybrid,True,COMPLETE
266,-0.0016559721242364045,2025-12-08 13:51:18.575844,2025-12-08 13:51:20.337375,0 days 00:00:01.761531,0.017223046457191346,0.8033038691354275,extensive,final,elastic,pca_hybrid,True,COMPLETE
267,-0.0016559721242364045,2025-12-08 13:51:20.338723,2025-12-08 13:51:22.055484,0 days 00:00:01.716761,0.05784996238106229,0.0893586976488313,extensive,final,elastic,pca_hybrid,True,COMPLETE
268,-0.0016559721242364045,2025-12-08 13:51:22.055484,2025-12-08 13:51:23.689886,0 days 00:00:01.634402,0.003696901434997769,0.9004245381391759,extensive,final,elastic,pca_hybrid,True,COMPLETE
269,-0.0016559721242364045,2025-12-08 13:51:23.689886,2025-12-08 13:51:25.239684,0 days 00:00:01.549798,0.036796600607076554,0.40406263864759207,extensive,final,elastic,pca_hybrid,True,COMPLETE
270,-0.0016559721242364045,2025-12-08 13:51:25.239684,2025-12-08 13:51:27.390089,0 days 00:00:02.150405,0.02047745369056706,0.6135047823808853,extensive,final,elastic,pca_hybrid,True,COMPLETE
271,-0.0016559721242364045,2025-12-08 13:51:27.390089,2025-12-08 13:51:29.109390,0 days 00:00:01.719301,0.008083409382298524,0.7238249194286239,extensive,final,elastic,pca_hybrid,True,COMPLETE
272,-0.0016559721242364045,2025-12-08 13:51:29.110280,2025-12-08 13:51:30.739824,0 days 00:00:01.629544,0.005109206462661792,0.967492279139809,extensive,final,elastic,pca_hybrid,True,COMPLETE
273,-0.0016559721242364045,2025-12-08 13:51:30.740828,2025-12-08 13:51:32.390122,0 days 00:00:01.649294,0.0032240525170620124,0.9870014193208051,extensive,final,elastic,pca_hybrid,True,COMPLETE
274,-0.0016559721242364045,2025-12-08 13:51:32.390122,2025-12-08 13:51:33.945973,0 days 00:00:01.555851,0.0064231439267443055,0.6524781460390344,extensive,final,elastic,pca_hybrid,True,COMPLETE
275,-0.0016559721242364045,2025-12-08 13:51:33.945973,2025-12-08 13:51:35.575354,0 days 00:00:01.629381,0.07576294501790107,0.934936218103691,extensive,final,elastic,pca_hybrid,True,COMPLETE
276,-0.001763664749429313,2025-12-08 13:51:35.576470,2025-12-08 13:51:37.192670,0 days 00:00:01.616200,0.0008569740974496235,0.9075415331294009,extensive,final,elastic,pca_hybrid,True,COMPLETE
277,-0.0016559721242364045,2025-12-08 13:51:37.192670,2025-12-08 13:51:38.873054,0 days 00:00:01.680384,0.04688268293367679,0.43802316556467985,extensive,final,elastic,pca_hybrid,True,COMPLETE
278,-230.55032481134705,2025-12-08 13:51:38.874314,2025-12-08 13:51:40.609375,0 days 00:00:01.735061,0.0010625765613713005,0.12600132012446735,extensive,final,elastic,pca_hybrid,True,COMPLETE
279,-13.633382550152902,2025-12-08 13:51:40.609704,2025-12-08 13:51:42.744539,0 days 00:00:02.134835,0.009165411436956178,0.046382318323105756,extensive,final,elastic,pca_hybrid,True,COMPLETE
280,-0.0016559721242364045,2025-12-08 13:51:42.744539,2025-12-08 13:51:44.695835,0 days 00:00:01.951296,0.02629604838309556,0.5161982416622919,extensive,final,elastic,pca_hybrid,True,COMPLETE
281,-0.0016559721242364045,2025-12-08 13:51:44.695835,2025-12-08 13:51:46.323845,0 days 00:00:01.628010,0.08500740267895705,0.18090032104687326,extensive,final,elastic,pca_hybrid,True,COMPLETE
282,-0.0016559721242364045,2025-12-08 13:51:46.323845,2025-12-08 13:51:47.941300,0 days 00:00:01.617455,0.004554745233351842,0.555820289681495,extensive,final,elastic,pca_hybrid,True,COMPLETE
283,-0.0016559721242364045,2025-12-08 13:51:47.941300,2025-12-08 13:51:49.392437,0 days 00:00:01.451137,0.011643476584199864,0.6777201377987387,extensive,final,elastic,pca_hybrid,True,COMPLETE
284,-0.0016559721242364045,2025-12-08 13:51:49.392437,2025-12-08 13:51:50.997930,0 days 00:00:01.605493,0.0022549963607624173,0.7609622112993919,extensive,final,elastic,pca_hybrid,True,COMPLETE
285,-0.0016559721242364045,2025-12-08 13:51:50.998911,2025-12-08 13:51:52.579065,0 days 00:00:01.580154,0.016284699490908293,0.48894229182482934,extensive,final,elastic,pca_hybrid,True,COMPLETE
286,-0.0016559721242364045,2025-12-08 13:51:52.580067,2025-12-08 13:51:54.291211,0 days 00:00:01.711144,0.033520235244490694,0.9999168032434108,extensive,final,elastic,pca_hybrid,True,COMPLETE
287,-0.0016559721242364045,2025-12-08 13:51:54.291211,2025-12-08 13:51:55.941764,0 days 00:00:01.650553,0.0057184366259165394,0.2311070072847128,extensive,final,elastic,pca_hybrid,True,COMPLETE
288,-0.0016559721242364045,2025-12-08 13:51:55.942804,2025-12-08 13:51:57.524105,0 days 00:00:01.581301,0.02357049764226605,0.5920881580904811,extensive,final,elastic,pca_hybrid,True,COMPLETE
289,-0.0016559721242364045,2025-12-08 13:51:57.524105,2025-12-08 13:51:59.108584,0 days 00:00:01.584479,0.0038344365338243134,0.8295928426175518,extensive,final,elastic,pca_hybrid,True,COMPLETE
290,-0.0016559721242364045,2025-12-08 13:51:59.109583,2025-12-08 13:52:00.626362,0 days 00:00:01.516779,0.014058183122853667,0.7389550948594056,extensive,final,elastic,pca_hybrid,True,COMPLETE
291,-0.004465925637639516,2025-12-08 13:52:00.627362,2025-12-08 13:52:02.176388,0 days 00:00:01.549026,0.0005834794812053018,0.9254979935617228,extensive,final,elastic,pca_hybrid,True,COMPLETE
292,-0.0016559721242364045,2025-12-08 13:52:02.177246,2025-12-08 13:52:03.727076,0 days 00:00:01.549830,0.05230343118798881,0.8789623751373826,extensive,final,elastic,pca_hybrid,True,COMPLETE
293,-0.0016559721242364045,2025-12-08 13:52:03.728118,2025-12-08 13:52:05.242017,0 days 00:00:01.513899,0.008134129784827629,0.7904276327551769,extensive,final,elastic,pca_hybrid,True,COMPLETE
294,-0.0016559721242364045,2025-12-08 13:52:05.242017,2025-12-08 13:52:06.841844,0 days 00:00:01.599827,0.0028525542376959434,0.9474401093086647,extensive,final,elastic,pca_hybrid,True,COMPLETE
295,-0.0016559721242364045,2025-12-08 13:52:06.841844,2025-12-08 13:52:08.458652,0 days 00:00:01.616808,0.09936124270566485,0.36333621826014895,extensive,final,elastic,pca_hybrid,True,COMPLETE
296,-0.0016559721242364045,2025-12-08 13:52:08.458652,2025-12-08 13:52:10.242462,0 days 00:00:01.783810,0.010031673756660897,0.8524730373360364,extensive,final,elastic,pca_hybrid,True,COMPLETE
297,-0.0016559721242364045,2025-12-08 13:52:10.242462,2025-12-08 13:52:11.862743,0 days 00:00:01.620281,0.02935669727734328,0.5405687225461983,extensive,final,elastic,pca_hybrid,True,COMPLETE
298,-0.0016559721242364045,2025-12-08 13:52:11.862743,2025-12-08 13:52:13.458504,0 days 00:00:01.595761,0.04192983408342207,0.7127126576505487,extensive,final,elastic,pca_hybrid,True,COMPLETE
299,-0.0016559721242364045,2025-12-08 13:52:13.458504,2025-12-08 13:52:14.975932,0 days 00:00:01.517428,0.01961007567519721,0.9694908127347707,extensive,final,elastic,pca_hybrid,True,COMPLETE
