number,value,datetime_start,datetime_complete,duration,params_enet_alpha,params_enet_l1_ratio,user_attrs_feat_level,user_attrs_label,user_attrs_model_type,user_attrs_pca_mode,user_attrs_use_PCA,state
114,-0.0016559721242364045,2025-12-08 13:39:12.701144,2025-12-08 13:39:14.247458,0 days 00:00:01.546314,0.001675809311459771,0.5507234976882401,extensive,final,elastic,pca_only,True,COMPLETE
115,-0.0016559721242364045,2025-12-08 13:39:14.247458,2025-12-08 13:39:15.797241,0 days 00:00:01.549783,0.0020741360484009294,0.6056198535844011,extensive,final,elastic,pca_only,True,COMPLETE
116,-0.0016559721242364045,2025-12-08 13:39:15.797761,2025-12-08 13:39:17.347970,0 days 00:00:01.550209,0.003641926832610619,0.9037024701093246,extensive,final,elastic,pca_only,True,COMPLETE
117,-0.0016559721242364045,2025-12-08 13:39:17.347970,2025-12-08 13:39:18.832954,0 days 00:00:01.484984,0.011760991265118469,0.5150033488018003,extensive,final,elastic,pca_only,True,COMPLETE
118,-0.0016559721242364045,2025-12-08 13:39:18.832954,2025-12-08 13:39:20.329843,0 days 00:00:01.496889,0.0529914234596166,0.11810693780695042,extensive,final,elastic,pca_only,True,COMPLETE
119,-0.0016559721242364045,2025-12-08 13:39:20.330913,2025-12-08 13:39:21.863230,0 days 00:00:01.532317,0.06470717947527267,0.2310373861018111,extensive,final,elastic,pca_only,True,COMPLETE
120,-0.0016559721242364045,2025-12-08 13:39:21.864185,2025-12-08 13:39:23.381266,0 days 00:00:01.517081,0.04331901839746796,0.9873514152251405,extensive,final,elastic,pca_only,True,COMPLETE
121,-0.0016559721242364045,2025-12-08 13:39:23.381266,2025-12-08 13:39:24.814968,0 days 00:00:01.433702,0.01682450602541536,0.29096870248320217,extensive,final,elastic,pca_only,True,COMPLETE
122,-767.2219511506937,2025-12-08 13:39:24.814968,2025-12-08 13:39:26.281221,0 days 00:00:01.466253,0.0005006050171896558,0.24783169403849298,extensive,final,elastic,pca_only,True,COMPLETE
123,-0.0016559721242364045,2025-12-08 13:39:26.281849,2025-12-08 13:39:27.796947,0 days 00:00:01.515098,0.030111584811261093,0.21372057548938078,extensive,final,elastic,pca_only,True,COMPLETE
124,-0.0016559721242364045,2025-12-08 13:39:27.798291,2025-12-08 13:39:29.265107,0 days 00:00:01.466816,0.02289222377739634,0.732592154053448,extensive,final,elastic,pca_only,True,COMPLETE
125,-0.0016559721242364045,2025-12-08 13:39:29.265107,2025-12-08 13:39:30.733984,0 days 00:00:01.468877,0.08175785431461122,0.08880549850224204,extensive,final,elastic,pca_only,True,COMPLETE
126,-0.0016559721242364045,2025-12-08 13:39:30.733984,2025-12-08 13:39:32.182968,0 days 00:00:01.448984,0.007375656772340077,0.6839095369278472,extensive,final,elastic,pca_only,True,COMPLETE
127,-0.0016559721242364045,2025-12-08 13:39:32.183973,2025-12-08 13:39:33.650714,0 days 00:00:01.466741,0.019546636680809092,0.415612348122446,extensive,final,elastic,pca_only,True,COMPLETE
128,-0.0016559721242364045,2025-12-08 13:39:33.650714,2025-12-08 13:39:35.298091,0 days 00:00:01.647377,0.03891702001751524,0.17122023896018718,extensive,final,elastic,pca_only,True,COMPLETE
129,-0.0016559721242364045,2025-12-08 13:39:35.298091,2025-12-08 13:39:36.831712,0 days 00:00:01.533621,0.06936584184593814,0.3429735991334917,extensive,final,elastic,pca_only,True,COMPLETE
130,-0.0016559721242364045,2025-12-08 13:39:36.832154,2025-12-08 13:39:38.414951,0 days 00:00:01.582797,0.054678248708171014,0.33628944047541764,extensive,final,elastic,pca_only,True,COMPLETE
131,-0.0016559721242364045,2025-12-08 13:39:38.414951,2025-12-08 13:39:39.735834,0 days 00:00:01.320883,0.009557718314860235,0.876128478962084,extensive,final,elastic,pca_only,True,COMPLETE
132,-0.0016559721242364045,2025-12-08 13:39:39.735834,2025-12-08 13:39:41.233042,0 days 00:00:01.497208,0.005563834833106116,0.27497305089436797,extensive,final,elastic,pca_only,True,COMPLETE
133,-0.0016559721242364045,2025-12-08 13:39:41.233042,2025-12-08 13:39:42.733038,0 days 00:00:01.499996,0.0026560500029771993,0.5841262795096895,extensive,final,elastic,pca_only,True,COMPLETE
134,-0.0016559721242364045,2025-12-08 13:39:42.733038,2025-12-08 13:39:44.248162,0 days 00:00:01.515124,0.011528108712537023,0.6308999828960903,extensive,final,elastic,pca_only,True,COMPLETE
135,-0.0016559721242364045,2025-12-08 13:39:44.248162,2025-12-08 13:39:45.651492,0 days 00:00:01.403330,0.015225714791569082,0.8297857452019567,extensive,final,elastic,pca_only,True,COMPLETE
136,-0.0016559721242364045,2025-12-08 13:39:45.651492,2025-12-08 13:39:47.101598,0 days 00:00:01.450106,0.0040390069432995395,0.7218117433358,extensive,final,elastic,pca_only,True,COMPLETE
137,-0.19142261870136923,2025-12-08 13:39:47.101598,2025-12-08 13:39:48.632927,0 days 00:00:01.531329,0.00133649509565517,0.37351966984575485,extensive,final,elastic,pca_only,True,COMPLETE
138,-4157.639855067981,2025-12-08 13:39:48.633440,2025-12-08 13:39:50.082567,0 days 00:00:01.449127,1.526994410432047e-05,0.13355609384913036,extensive,final,elastic,pca_only,True,COMPLETE
139,-0.0016559721242364045,2025-12-08 13:39:50.083575,2025-12-08 13:39:51.568013,0 days 00:00:01.484438,0.031816881224997366,0.02851512795714209,extensive,final,elastic,pca_only,True,COMPLETE
140,-0.0016559721242364045,2025-12-08 13:39:51.568013,2025-12-08 13:39:52.999757,0 days 00:00:01.431744,0.006572525725801419,0.7835126759428773,extensive,final,elastic,pca_only,True,COMPLETE
141,-0.0016559721242364045,2025-12-08 13:39:52.999757,2025-12-08 13:39:54.449099,0 days 00:00:01.449342,0.025469759043914308,0.29555782509673145,extensive,final,elastic,pca_only,True,COMPLETE
142,-0.0016559721242364045,2025-12-08 13:39:54.449738,2025-12-08 13:39:55.966074,0 days 00:00:01.516336,0.09986748321004155,0.06102007344135815,extensive,final,elastic,pca_only,True,COMPLETE
143,-0.0016559721242364045,2025-12-08 13:39:55.967313,2025-12-08 13:39:57.466389,0 days 00:00:01.499076,0.04579257132201421,0.4523112129172629,extensive,final,elastic,pca_only,True,COMPLETE
144,-0.0016559721242364045,2025-12-08 13:39:57.467389,2025-12-08 13:39:58.981514,0 days 00:00:01.514125,0.0618263849720268,0.32246764711300685,extensive,final,elastic,pca_only,True,COMPLETE
145,-53.04675458956425,2025-12-08 13:39:58.982520,2025-12-08 13:40:00.350330,0 days 00:00:01.367810,0.0009107495451931482,0.3699800915838968,extensive,final,elastic,pca_only,True,COMPLETE
146,-0.0016559721242364045,2025-12-08 13:40:00.350330,2025-12-08 13:40:01.866475,0 days 00:00:01.516145,0.08068451129224051,0.5293536670240669,extensive,final,elastic,pca_only,True,COMPLETE
147,-0.0016559721242364045,2025-12-08 13:40:01.866475,2025-12-08 13:40:03.366647,0 days 00:00:01.500172,0.0006595084074427869,0.9147297142329904,extensive,final,elastic,pca_only,True,COMPLETE
148,-0.0016559721242364045,2025-12-08 13:40:03.367868,2025-12-08 13:40:04.832986,0 days 00:00:01.465118,0.037783727580804144,0.26574567359781104,extensive,final,elastic,pca_only,True,COMPLETE
149,-0.0016559721242364045,2025-12-08 13:40:04.833411,2025-12-08 13:40:06.384314,0 days 00:00:01.550903,0.020576374671158762,0.4845507545069693,extensive,final,elastic,pca_only,True,COMPLETE
150,-0.0016559721242364045,2025-12-08 13:40:06.384314,2025-12-08 13:40:07.950531,0 days 00:00:01.566217,0.014562629165921043,0.6583048513232028,extensive,final,elastic,pca_only,True,COMPLETE
151,-0.0016559721242364045,2025-12-08 13:40:07.950531,2025-12-08 13:40:09.552684,0 days 00:00:01.602153,0.00494835677874019,0.20865373956735161,extensive,final,elastic,pca_only,True,COMPLETE
152,-0.0016559721242364045,2025-12-08 13:40:09.552684,2025-12-08 13:40:11.000883,0 days 00:00:01.448199,0.008618699843483721,0.2945489182294939,extensive,final,elastic,pca_only,True,COMPLETE
153,-0.0016559721242364045,2025-12-08 13:40:11.000883,2025-12-08 13:40:12.317950,0 days 00:00:01.317067,0.012360274090345288,0.25514021922655394,extensive,final,elastic,pca_only,True,COMPLETE
154,-0.0016559721242364045,2025-12-08 13:40:12.317950,2025-12-08 13:40:13.767909,0 days 00:00:01.449959,0.010188069051227383,0.23366781288600413,extensive,final,elastic,pca_only,True,COMPLETE
155,-0.0016559721242364045,2025-12-08 13:40:13.767909,2025-12-08 13:40:15.250248,0 days 00:00:01.482339,0.007554713693368788,0.19234535258278768,extensive,final,elastic,pca_only,True,COMPLETE
156,-0.0016559721242364045,2025-12-08 13:40:15.250610,2025-12-08 13:40:16.720485,0 days 00:00:01.469875,0.02763224045218808,0.33733117279472247,extensive,final,elastic,pca_only,True,COMPLETE
157,-1409.0823833343768,2025-12-08 13:40:16.720485,2025-12-08 13:40:18.222221,0 days 00:00:01.501736,0.0002507566601971566,0.41200186125420457,extensive,final,elastic,pca_only,True,COMPLETE
158,-0.0016559721242364045,2025-12-08 13:40:18.222221,2025-12-08 13:40:19.636770,0 days 00:00:01.414549,0.005757001202671011,0.31033519148634114,extensive,final,elastic,pca_only,True,COMPLETE
159,-0.0016559721242364045,2025-12-08 13:40:19.637777,2025-12-08 13:40:21.051913,0 days 00:00:01.414136,0.0511716715832268,0.1484787693816395,extensive,final,elastic,pca_only,True,COMPLETE
160,-0.0016559721242364045,2025-12-08 13:40:21.051913,2025-12-08 13:40:22.484016,0 days 00:00:01.432103,0.01764530820183006,0.09749138057669193,extensive,final,elastic,pca_only,True,COMPLETE
161,-0.0016559721242364045,2025-12-08 13:40:22.484363,2025-12-08 13:40:23.899963,0 days 00:00:01.415600,0.034782029418037964,0.4969864512850782,extensive,final,elastic,pca_only,True,COMPLETE
162,-0.0016559721242364045,2025-12-08 13:40:23.901421,2025-12-08 13:40:25.321827,0 days 00:00:01.420406,0.04089807132812805,0.5509375937823603,extensive,final,elastic,pca_only,True,COMPLETE
163,-0.0016559721242364045,2025-12-08 13:40:25.321827,2025-12-08 13:40:26.816049,0 days 00:00:01.494222,0.06114744062560102,0.5686616104363064,extensive,final,elastic,pca_only,True,COMPLETE
164,-0.0016559721242364045,2025-12-08 13:40:26.816049,2025-12-08 13:40:28.402235,0 days 00:00:01.586186,0.023198706688583186,0.461489712032116,extensive,final,elastic,pca_only,True,COMPLETE
165,-0.0016559721242364045,2025-12-08 13:40:28.402235,2025-12-08 13:40:30.285798,0 days 00:00:01.883563,0.07290794472814878,0.7540963323239142,extensive,final,elastic,pca_only,True,COMPLETE
166,-0.0016559721242364045,2025-12-08 13:40:30.285798,2025-12-08 13:40:31.885226,0 days 00:00:01.599428,0.031357272438560714,0.43089002288825207,extensive,final,elastic,pca_only,True,COMPLETE
167,-0.0016559721242364045,2025-12-08 13:40:31.885226,2025-12-08 13:40:33.401974,0 days 00:00:01.516748,0.05085629564964153,0.8518548441010616,extensive,final,elastic,pca_only,True,COMPLETE
168,-0.0016559721242364045,2025-12-08 13:40:33.401974,2025-12-08 13:40:34.902060,0 days 00:00:01.500086,0.006288776861048582,0.2789252829253569,extensive,final,elastic,pca_only,True,COMPLETE
169,-0.0016559721242364045,2025-12-08 13:40:34.902060,2025-12-08 13:40:36.435522,0 days 00:00:01.533462,0.0036062420870720912,0.9736330532210702,extensive,final,elastic,pca_only,True,COMPLETE
170,-1.7335863256552475,2025-12-08 13:40:36.435522,2025-12-08 13:40:38.018988,0 days 00:00:01.583466,0.043830492574252755,0.010849827007546355,extensive,final,elastic,pca_only,True,COMPLETE
171,-0.0016559721242364045,2025-12-08 13:40:38.018988,2025-12-08 13:40:39.621712,0 days 00:00:01.602724,0.011257618838970898,0.5712973758619149,extensive,final,elastic,pca_only,True,COMPLETE
172,-0.0016559721242364045,2025-12-08 13:40:39.622217,2025-12-08 13:40:41.119152,0 days 00:00:01.496935,0.01542408119688774,0.5891799469417678,extensive,final,elastic,pca_only,True,COMPLETE
173,-0.0016559721242364045,2025-12-08 13:40:41.119152,2025-12-08 13:40:42.672453,0 days 00:00:01.553301,0.008673920309258659,0.641072508721366,extensive,final,elastic,pca_only,True,COMPLETE
174,-0.0016559721242364045,2025-12-08 13:40:42.672453,2025-12-08 13:40:44.104207,0 days 00:00:01.431754,0.021167235198244913,0.6760976527623187,extensive,final,elastic,pca_only,True,COMPLETE
175,-0.0016559721242364045,2025-12-08 13:40:44.104894,2025-12-08 13:40:45.552368,0 days 00:00:01.447474,0.013489321368290692,0.6095608241840162,extensive,final,elastic,pca_only,True,COMPLETE
176,-0.0016559721242364045,2025-12-08 13:40:45.553471,2025-12-08 13:40:47.286534,0 days 00:00:01.733063,0.01025253915328768,0.6693834993308727,extensive,final,elastic,pca_only,True,COMPLETE
177,-0.0016559721242364045,2025-12-08 13:40:47.286534,2025-12-08 13:40:48.984916,0 days 00:00:01.698382,0.018479935548559413,0.6033358069163067,extensive,final,elastic,pca_only,True,COMPLETE
178,-0.0016559721242364045,2025-12-08 13:40:48.985919,2025-12-08 13:40:50.590595,0 days 00:00:01.604676,0.0071171163155108715,0.7055994330028246,extensive,final,elastic,pca_only,True,COMPLETE
179,-0.0016559721242364045,2025-12-08 13:40:50.590595,2025-12-08 13:40:52.171939,0 days 00:00:01.581344,0.027537531439813093,0.5089368607035042,extensive,final,elastic,pca_only,True,COMPLETE
180,-0.0016559721242364045,2025-12-08 13:40:52.172500,2025-12-08 13:40:53.753516,0 days 00:00:01.581016,0.08187487691323671,0.04617936216767173,extensive,final,elastic,pca_only,True,COMPLETE
181,-0.0016559721242364045,2025-12-08 13:40:53.753516,2025-12-08 13:40:55.319663,0 days 00:00:01.566147,0.013259008406365224,0.696529871976171,extensive,final,elastic,pca_only,True,COMPLETE
182,-0.0016559721242364045,2025-12-08 13:40:55.320210,2025-12-08 13:40:56.920057,0 days 00:00:01.599847,0.016596433082768737,0.9367761583171192,extensive,final,elastic,pca_only,True,COMPLETE
183,-3.273795146173651,2025-12-08 13:40:56.920057,2025-12-08 13:40:58.539025,0 days 00:00:01.618968,0.0007468097190043313,0.6207912124050685,extensive,final,elastic,pca_only,True,COMPLETE
184,-0.0016559721242364045,2025-12-08 13:40:58.540122,2025-12-08 13:41:00.186434,0 days 00:00:01.646312,0.02232536414347777,0.7397974805351035,extensive,final,elastic,pca_only,True,COMPLETE
185,-0.0016559721242364045,2025-12-08 13:41:00.187632,2025-12-08 13:41:01.755721,0 days 00:00:01.568089,0.05754375220749009,0.11727970963919891,extensive,final,elastic,pca_only,True,COMPLETE
186,-0.0016559721242364045,2025-12-08 13:41:01.755721,2025-12-08 13:41:03.287790,0 days 00:00:01.532069,0.035819470107553694,0.22574396105408873,extensive,final,elastic,pca_only,True,COMPLETE
187,-0.0016559721242364045,2025-12-08 13:41:03.288295,2025-12-08 13:41:04.853653,0 days 00:00:01.565358,0.00470894331203153,0.537812217821778,extensive,final,elastic,pca_only,True,COMPLETE
188,-13.31483497673378,2025-12-08 13:41:04.854018,2025-12-08 13:41:06.740632,0 days 00:00:01.886614,0.0011035055629131814,0.3581213031979609,extensive,final,elastic,pca_only,True,COMPLETE
189,-0.0016559721242364045,2025-12-08 13:41:06.741672,2025-12-08 13:41:08.539191,0 days 00:00:01.797519,0.029366149604817378,0.713778298012034,extensive,final,elastic,pca_only,True,COMPLETE
190,-0.0016559721242364045,2025-12-08 13:41:08.540105,2025-12-08 13:41:10.156369,0 days 00:00:01.616264,0.00850421321506882,0.1823625418162812,extensive,final,elastic,pca_only,True,COMPLETE
191,-0.0016559721242364045,2025-12-08 13:41:10.156369,2025-12-08 13:41:11.724621,0 days 00:00:01.568252,0.046730678692518894,0.9459202120064353,extensive,final,elastic,pca_only,True,COMPLETE
192,-0.0016559721242364045,2025-12-08 13:41:11.724621,2025-12-08 13:41:13.320701,0 days 00:00:01.596080,0.06694512515542493,0.06800576121572807,extensive,final,elastic,pca_only,True,COMPLETE
193,-0.0016559721242364045,2025-12-08 13:41:13.321283,2025-12-08 13:41:14.838759,0 days 00:00:01.517476,0.03771015361299991,0.9975145379423997,extensive,final,elastic,pca_only,True,COMPLETE
194,-0.0016559721242364045,2025-12-08 13:41:14.838759,2025-12-08 13:41:16.520940,0 days 00:00:01.682181,0.05769574477704001,0.8917510214564967,extensive,final,elastic,pca_only,True,COMPLETE
195,-0.0016559721242364045,2025-12-08 13:41:16.520940,2025-12-08 13:41:18.287699,0 days 00:00:01.766759,0.023811412636867813,0.974542482120865,extensive,final,elastic,pca_only,True,COMPLETE
196,-0.0016559721242364045,2025-12-08 13:41:18.288284,2025-12-08 13:41:20.073304,0 days 00:00:01.785020,0.019117846996995962,0.29808608471090864,extensive,final,elastic,pca_only,True,COMPLETE
197,-0.0016559721242364045,2025-12-08 13:41:20.073304,2025-12-08 13:41:21.725713,0 days 00:00:01.652409,0.0871003030121536,0.6501482173048159,extensive,final,elastic,pca_only,True,COMPLETE
198,-0.0016559721242364045,2025-12-08 13:41:21.725713,2025-12-08 13:41:23.521349,0 days 00:00:01.795636,0.047076712065287546,0.4790167300091338,extensive,final,elastic,pca_only,True,COMPLETE
199,-0.0016559721242364045,2025-12-08 13:41:23.521349,2025-12-08 13:41:25.138092,0 days 00:00:01.616743,0.010776549577681833,0.24082930511099385,extensive,final,elastic,pca_only,True,COMPLETE
200,-0.0016559721242364045,2025-12-08 13:41:25.139426,2025-12-08 13:41:26.739250,0 days 00:00:01.599824,0.032282920589459405,0.2579480976799176,extensive,final,elastic,pca_only,True,COMPLETE
201,-0.0016559721242364045,2025-12-08 13:41:26.739250,2025-12-08 13:41:28.355391,0 days 00:00:01.616141,0.07007033989577058,0.8074861193135778,extensive,final,elastic,pca_only,True,COMPLETE
202,-0.0016559721242364045,2025-12-08 13:41:28.356400,2025-12-08 13:41:29.939177,0 days 00:00:01.582777,0.055272499189170265,0.8497827172188026,extensive,final,elastic,pca_only,True,COMPLETE
203,-0.0016559721242364045,2025-12-08 13:41:29.939177,2025-12-08 13:41:31.506135,0 days 00:00:01.566958,0.09533538862584542,0.8237360305941172,extensive,final,elastic,pca_only,True,COMPLETE
204,-0.0016559721242364045,2025-12-08 13:41:31.506135,2025-12-08 13:41:33.006229,0 days 00:00:01.500094,0.07513064268696046,0.7759973555655653,extensive,final,elastic,pca_only,True,COMPLETE
205,-0.0016559721242364045,2025-12-08 13:41:33.006229,2025-12-08 13:41:34.608909,0 days 00:00:01.602680,0.03868788796035832,0.3312516593551846,extensive,final,elastic,pca_only,True,COMPLETE
206,-0.013771677494361478,2025-12-08 13:41:34.609421,2025-12-08 13:41:36.139747,0 days 00:00:01.530326,0.0005774313329584896,0.9558700111505164,extensive,final,elastic,pca_only,True,COMPLETE
207,-0.0016559721242364045,2025-12-08 13:41:36.139747,2025-12-08 13:41:37.806885,0 days 00:00:01.667138,0.06566903974495585,0.9287677669896615,extensive,final,elastic,pca_only,True,COMPLETE
208,-0.0016559721242364045,2025-12-08 13:41:37.806885,2025-12-08 13:41:39.373278,0 days 00:00:01.566393,0.09958709445606578,0.1584622661509989,extensive,final,elastic,pca_only,True,COMPLETE
209,-0.0016559721242364045,2025-12-08 13:41:39.373278,2025-12-08 13:41:41.056323,0 days 00:00:01.683045,0.014049321105724199,0.8732894248906606,extensive,final,elastic,pca_only,True,COMPLETE
210,-0.0016559721242364045,2025-12-08 13:41:41.056323,2025-12-08 13:41:42.789151,0 days 00:00:01.732828,0.005650469454694119,0.5252258023861562,extensive,final,elastic,pca_only,True,COMPLETE
211,-0.0016559721242364045,2025-12-08 13:41:42.789675,2025-12-08 13:41:44.353972,0 days 00:00:01.564297,0.0037634047332524645,0.7941297632099017,extensive,final,elastic,pca_only,True,COMPLETE
212,-0.0016559721242364045,2025-12-08 13:41:44.353972,2025-12-08 13:41:45.955866,0 days 00:00:01.601894,0.006975038601950409,0.6828151215450429,extensive,final,elastic,pca_only,True,COMPLETE
213,-0.0016559721242364045,2025-12-08 13:41:45.956228,2025-12-08 13:41:47.456578,0 days 00:00:01.500350,0.004263810001718879,0.7606948947651591,extensive,final,elastic,pca_only,True,COMPLETE
214,-0.0016559721242364045,2025-12-08 13:41:47.457588,2025-12-08 13:41:49.038472,0 days 00:00:01.580884,0.005047479274617753,0.8257192919355313,extensive,final,elastic,pca_only,True,COMPLETE
215,-0.0016559721242364045,2025-12-08 13:41:49.039508,2025-12-08 13:41:50.606267,0 days 00:00:01.566759,0.0021836072420766783,0.7392443415698117,extensive,final,elastic,pca_only,True,COMPLETE
216,-0.0016559721242364045,2025-12-08 13:41:50.606267,2025-12-08 13:41:52.223503,0 days 00:00:01.617236,0.02692941219352874,0.9089703142644696,extensive,final,elastic,pca_only,True,COMPLETE
217,-0.0016559721242364045,2025-12-08 13:41:52.223503,2025-12-08 13:41:53.856365,0 days 00:00:01.632862,0.04423720090759639,0.314763363017856,extensive,final,elastic,pca_only,True,COMPLETE
218,-0.0016559721242364045,2025-12-08 13:41:53.856732,2025-12-08 13:41:55.526494,0 days 00:00:01.669762,0.01657845016982202,0.7219634157878987,extensive,final,elastic,pca_only,True,COMPLETE
219,-0.0016559721242364045,2025-12-08 13:41:55.526494,2025-12-08 13:41:57.224219,0 days 00:00:01.697725,0.007874779705238878,0.5624823967958162,extensive,final,elastic,pca_only,True,COMPLETE
220,-20.27185566308955,2025-12-08 13:41:57.225307,2025-12-08 13:41:58.806643,0 days 00:00:01.581336,0.002805589596336591,0.1360196035067343,extensive,final,elastic,pca_only,True,COMPLETE
221,-0.0016559721242364045,2025-12-08 13:41:58.807300,2025-12-08 13:42:00.390637,0 days 00:00:01.583337,0.0008790629411264025,0.8683708708104758,extensive,final,elastic,pca_only,True,COMPLETE
222,-38.88468234446174,2025-12-08 13:42:00.390637,2025-12-08 13:42:01.990117,0 days 00:00:01.599480,0.0003906439412271819,0.8850999848224322,extensive,final,elastic,pca_only,True,COMPLETE
223,-5.186315383501901,2025-12-08 13:42:01.990117,2025-12-08 13:42:03.592000,0 days 00:00:01.601883,0.0015565991638564517,0.26964226891036147,extensive,final,elastic,pca_only,True,COMPLETE
224,-0.0016559721242364045,2025-12-08 13:42:03.592000,2025-12-08 13:42:05.176709,0 days 00:00:01.584709,0.0008695638297349657,0.9117999160632813,extensive,final,elastic,pca_only,True,COMPLETE
225,-0.0016559721242364045,2025-12-08 13:42:05.176709,2025-12-08 13:42:06.789347,0 days 00:00:01.612638,0.05360172247268519,0.08960594795861139,extensive,final,elastic,pca_only,True,COMPLETE
226,-0.0016559721242364045,2025-12-08 13:42:06.790789,2025-12-08 13:42:08.390108,0 days 00:00:01.599319,0.07603355502098762,0.8962048599869431,extensive,final,elastic,pca_only,True,COMPLETE
227,-139.86865209595507,2025-12-08 13:42:08.390948,2025-12-08 13:42:09.857800,0 days 00:00:01.466852,0.0006541765698131912,0.38809156155537583,extensive,final,elastic,pca_only,True,COMPLETE
