number,value,datetime_start,datetime_complete,duration,params_enet_alpha,params_enet_l1_ratio,user_attrs_feat_level,user_attrs_label,user_attrs_model_type,user_attrs_pca_mode,user_attrs_use_PCA,state
226,-0.0016559721242364045,2025-12-08 13:58:05.311662,2025-12-08 13:58:06.895120,0 days 00:00:01.583458,0.04217721784131584,0.8289558928924158,extensive,final,elastic,pca_block,True,COMPLETE
227,-0.0016559721242364045,2025-12-08 13:58:06.895421,2025-12-08 13:58:08.444216,0 days 00:00:01.548795,0.016905496774383064,0.9968634061280937,extensive,final,elastic,pca_block,True,COMPLETE
228,-0.0016559721242364045,2025-12-08 13:58:08.444216,2025-12-08 13:58:09.996679,0 days 00:00:01.552463,0.03236827985682171,0.898379063864317,extensive,final,elastic,pca_block,True,COMPLETE
229,-0.0016559721242364045,2025-12-08 13:58:09.996679,2025-12-08 13:58:11.495301,0 days 00:00:01.498622,0.07879379552999827,0.2748300305382233,extensive,final,elastic,pca_block,True,COMPLETE
230,-0.17969924065614853,2025-12-08 13:58:11.495301,2025-12-08 13:58:13.115096,0 days 00:00:01.619795,0.0004965125702242642,0.5797496164078538,extensive,final,elastic,pca_block,True,COMPLETE
231,-0.0016559721242364045,2025-12-08 13:58:13.115096,2025-12-08 13:58:14.613790,0 days 00:00:01.498694,0.02358109981120923,0.8493805494702009,extensive,final,elastic,pca_block,True,COMPLETE
232,-0.0016559721242364045,2025-12-08 13:58:14.613790,2025-12-08 13:58:16.096649,0 days 00:00:01.482859,0.012732643980969951,0.9097919579378033,extensive,final,elastic,pca_block,True,COMPLETE
233,-0.0016559721242364045,2025-12-08 13:58:16.096649,2025-12-08 13:58:17.596853,0 days 00:00:01.500204,0.019963552003435903,0.8761452313311505,extensive,final,elastic,pca_block,True,COMPLETE
234,-0.0016559721242364045,2025-12-08 13:58:17.596853,2025-12-08 13:58:19.132305,0 days 00:00:01.535452,0.02570596129902136,0.6653434726222281,extensive,final,elastic,pca_block,True,COMPLETE
235,-0.0016559721242364045,2025-12-08 13:58:19.132305,2025-12-08 13:58:20.631853,0 days 00:00:01.499548,0.054352958398795094,0.82475927732664,extensive,final,elastic,pca_block,True,COMPLETE
236,-0.0016559721242364045,2025-12-08 13:58:20.631853,2025-12-08 13:58:22.029247,0 days 00:00:01.397394,0.002084590608745954,0.9703407074810764,extensive,final,elastic,pca_block,True,COMPLETE
237,-0.0016559721242364045,2025-12-08 13:58:22.029247,2025-12-08 13:58:23.616095,0 days 00:00:01.586848,0.015600183966957223,0.9319842902278959,extensive,final,elastic,pca_block,True,COMPLETE
238,-0.0016676490782584856,2025-12-08 13:58:23.616095,2025-12-08 13:58:25.411407,0 days 00:00:01.795312,0.0012446329522418729,0.6889320607037973,extensive,final,elastic,pca_block,True,COMPLETE
239,-0.0016559721242364045,2025-12-08 13:58:25.412790,2025-12-08 13:58:27.181589,0 days 00:00:01.768799,0.0846501833687814,0.6183751231132514,extensive,final,elastic,pca_block,True,COMPLETE
240,-0.0016559721242364045,2025-12-08 13:58:27.182594,2025-12-08 13:58:28.584447,0 days 00:00:01.401853,0.010469442152926703,0.5444207321633336,extensive,final,elastic,pca_block,True,COMPLETE
241,-0.0016559721242364045,2025-12-08 13:58:28.585447,2025-12-08 13:58:30.033006,0 days 00:00:01.447559,0.006676637197216032,0.8876721135107599,extensive,final,elastic,pca_block,True,COMPLETE
242,-0.0016559721242364045,2025-12-08 13:58:30.034007,2025-12-08 13:58:31.529785,0 days 00:00:01.495778,0.005230595104907094,0.9475284542545698,extensive,final,elastic,pca_block,True,COMPLETE
243,-0.0016559721242364045,2025-12-08 13:58:31.530954,2025-12-08 13:58:32.997622,0 days 00:00:01.466668,0.00900324587690207,0.9211146012851474,extensive,final,elastic,pca_block,True,COMPLETE
244,-6854.83444311398,2025-12-08 13:58:32.997622,2025-12-08 13:58:34.481271,0 days 00:00:01.483649,2.906980818527163e-05,0.8052767853390402,extensive,final,elastic,pca_block,True,COMPLETE
245,-0.0016559721242364045,2025-12-08 13:58:34.481271,2025-12-08 13:58:35.930987,0 days 00:00:01.449716,0.006588149988723087,0.4062118390216189,extensive,final,elastic,pca_block,True,COMPLETE
246,-0.0016559721242364045,2025-12-08 13:58:35.932060,2025-12-08 13:58:37.446786,0 days 00:00:01.514726,0.004273977031515733,0.727424736878345,extensive,final,elastic,pca_block,True,COMPLETE
247,-0.0016559721242364045,2025-12-08 13:58:37.446786,2025-12-08 13:58:38.927560,0 days 00:00:01.480774,0.03758165712724741,0.8610373547970857,extensive,final,elastic,pca_block,True,COMPLETE
248,-0.0016559721242364045,2025-12-08 13:58:38.928799,2025-12-08 13:58:40.411826,0 days 00:00:01.483027,0.0015803886094109309,0.8965477800487842,extensive,final,elastic,pca_block,True,COMPLETE
249,-0.0016559721242364045,2025-12-08 13:58:40.412826,2025-12-08 13:58:41.862463,0 days 00:00:01.449637,0.06227771947727247,0.08550394036301195,extensive,final,elastic,pca_block,True,COMPLETE
250,-0.0016559721242364045,2025-12-08 13:58:41.863464,2025-12-08 13:58:43.414200,0 days 00:00:01.550736,0.005262504749687455,0.5162556116662864,extensive,final,elastic,pca_block,True,COMPLETE
251,-0.0016559721242364045,2025-12-08 13:58:43.414200,2025-12-08 13:58:44.864677,0 days 00:00:01.450477,0.002992485721785443,0.7575371693976413,extensive,final,elastic,pca_block,True,COMPLETE
252,-0.0016559721242364045,2025-12-08 13:58:44.864677,2025-12-08 13:58:46.317154,0 days 00:00:01.452477,0.007817403836640223,0.6001579606521825,extensive,final,elastic,pca_block,True,COMPLETE
253,-0.0016559721242364045,2025-12-08 13:58:46.317154,2025-12-08 13:58:47.663592,0 days 00:00:01.346438,0.031497122315692544,0.8411180932137641,extensive,final,elastic,pca_block,True,COMPLETE
254,-0.0016559721242364045,2025-12-08 13:58:47.664260,2025-12-08 13:58:48.982520,0 days 00:00:01.318260,0.002020859927597459,0.9711193652956028,extensive,final,elastic,pca_block,True,COMPLETE
255,-0.0016559721242364045,2025-12-08 13:58:48.982520,2025-12-08 13:58:50.750254,0 days 00:00:01.767734,0.04498876890324699,0.7720486992878387,extensive,final,elastic,pca_block,True,COMPLETE
256,-0.0016559721242364045,2025-12-08 13:58:50.751308,2025-12-08 13:58:52.349110,0 days 00:00:01.597802,0.08749069459933013,0.6503148893571871,extensive,final,elastic,pca_block,True,COMPLETE
257,-0.0016559721242364045,2025-12-08 13:58:52.349110,2025-12-08 13:58:53.831148,0 days 00:00:01.482038,0.06994990992362773,0.93583146184453,extensive,final,elastic,pca_block,True,COMPLETE
258,-0.0016559721242364045,2025-12-08 13:58:53.831148,2025-12-08 13:58:55.363766,0 days 00:00:01.532618,0.09976796300511034,0.4751963763611103,extensive,final,elastic,pca_block,True,COMPLETE
259,-0.0017463132694504797,2025-12-08 13:58:55.364420,2025-12-08 13:58:56.997880,0 days 00:00:01.633460,0.0035906318588211127,0.22001367883060868,extensive,final,elastic,pca_block,True,COMPLETE
260,-0.0017141853512858685,2025-12-08 13:58:56.997880,2025-12-08 13:58:58.464651,0 days 00:00:01.466771,0.0025233748059221967,0.3230072628534869,extensive,final,elastic,pca_block,True,COMPLETE
261,-0.0016559721242364045,2025-12-08 13:58:58.464651,2025-12-08 13:58:59.914914,0 days 00:00:01.450263,0.018072030994878422,0.902737528012092,extensive,final,elastic,pca_block,True,COMPLETE
262,-0.0016559721242364045,2025-12-08 13:58:59.915918,2025-12-08 13:59:01.448512,0 days 00:00:01.532594,0.021980767931979228,0.6926921020383937,extensive,final,elastic,pca_block,True,COMPLETE
263,-0.0016559721242364045,2025-12-08 13:59:01.449544,2025-12-08 13:59:02.947984,0 days 00:00:01.498440,0.01214406216121287,0.18474103362509325,extensive,final,elastic,pca_block,True,COMPLETE
264,-0.0018578483592599504,2025-12-08 13:59:02.948772,2025-12-08 13:59:04.481707,0 days 00:00:01.532935,0.0010628712803922218,0.6318889206868264,extensive,final,elastic,pca_block,True,COMPLETE
265,-0.0016559721242364045,2025-12-08 13:59:04.482719,2025-12-08 13:59:06.048727,0 days 00:00:01.566008,0.054177106972094026,0.566005368999119,extensive,final,elastic,pca_block,True,COMPLETE
266,-0.0016559721242364045,2025-12-08 13:59:06.048727,2025-12-08 13:59:07.565752,0 days 00:00:01.517025,0.001452039668817359,0.7892238709714929,extensive,final,elastic,pca_block,True,COMPLETE
267,-0.0016559721242364045,2025-12-08 13:59:07.566860,2025-12-08 13:59:09.015765,0 days 00:00:01.448905,0.029292773952250908,0.9542148013712991,extensive,final,elastic,pca_block,True,COMPLETE
268,-0.2142982375061734,2025-12-08 13:59:09.015765,2025-12-08 13:59:10.815363,0 days 00:00:01.799598,0.004820493350912038,0.05390757703724344,extensive,final,elastic,pca_block,True,COMPLETE
269,-0.0016559721242364045,2025-12-08 13:59:10.815363,2025-12-08 13:59:12.285019,0 days 00:00:01.469656,0.0018612616522160992,0.7168004560755171,extensive,final,elastic,pca_block,True,COMPLETE
270,-0.0016559721242364045,2025-12-08 13:59:12.285019,2025-12-08 13:59:13.718038,0 days 00:00:01.433019,0.0071655553906078955,0.99916005679395,extensive,final,elastic,pca_block,True,COMPLETE
271,-0.0016559721242364045,2025-12-08 13:59:13.718038,2025-12-08 13:59:15.088292,0 days 00:00:01.370254,0.07178571822625383,0.6709117494955678,extensive,final,elastic,pca_block,True,COMPLETE
272,-0.0016559721242364045,2025-12-08 13:59:15.089485,2025-12-08 13:59:16.685189,0 days 00:00:01.595704,0.008916242073063262,0.8230245193921935,extensive,final,elastic,pca_block,True,COMPLETE
273,-0.0016559721242364045,2025-12-08 13:59:16.686190,2025-12-08 13:59:18.099806,0 days 00:00:01.413616,0.014506483015630574,0.8689383360643788,extensive,final,elastic,pca_block,True,COMPLETE
274,-0.0016559721242364045,2025-12-08 13:59:18.099806,2025-12-08 13:59:19.523356,0 days 00:00:01.423550,0.036869458483702496,0.7461668705981988,extensive,final,elastic,pca_block,True,COMPLETE
275,-0.0016559721242364045,2025-12-08 13:59:19.524363,2025-12-08 13:59:20.982731,0 days 00:00:01.458368,0.04817678084123808,0.3707447017706268,extensive,final,elastic,pca_block,True,COMPLETE
276,-0.0016559721242364045,2025-12-08 13:59:20.983979,2025-12-08 13:59:22.569687,0 days 00:00:01.585708,0.005994044705622388,0.970484861637947,extensive,final,elastic,pca_block,True,COMPLETE
277,-0.0016559721242364045,2025-12-08 13:59:22.569687,2025-12-08 13:59:24.250489,0 days 00:00:01.680802,0.02684651838029051,0.9250181904095156,extensive,final,elastic,pca_block,True,COMPLETE
278,-0.5313751250355333,2025-12-08 13:59:24.250489,2025-12-08 13:59:25.887410,0 days 00:00:01.636921,0.0001831088056082528,0.8561043763956152,extensive,final,elastic,pca_block,True,COMPLETE
279,-0.0016559721242364045,2025-12-08 13:59:25.887410,2025-12-08 13:59:27.401813,0 days 00:00:01.514403,0.0600485924214371,0.7086180227069613,extensive,final,elastic,pca_block,True,COMPLETE
280,-0.0016559721242364045,2025-12-08 13:59:27.402318,2025-12-08 13:59:29.203500,0 days 00:00:01.801182,0.010396263056454757,0.44588495075660073,extensive,final,elastic,pca_block,True,COMPLETE
281,-0.0016559721242364045,2025-12-08 13:59:29.203500,2025-12-08 13:59:30.899160,0 days 00:00:01.695660,0.0022477096333618817,0.8096393353130118,extensive,final,elastic,pca_block,True,COMPLETE
282,-0.35924638000224407,2025-12-08 13:59:30.899814,2025-12-08 13:59:32.505897,0 days 00:00:01.606083,0.001760803822378592,0.10602526052969197,extensive,final,elastic,pca_block,True,COMPLETE
283,-0.0016559721242364045,2025-12-08 13:59:32.505897,2025-12-08 13:59:33.916176,0 days 00:00:01.410279,0.0029077735062200917,0.8863092500528216,extensive,final,elastic,pca_block,True,COMPLETE
284,-0.0016559721242364045,2025-12-08 13:59:33.916829,2025-12-08 13:59:35.301108,0 days 00:00:01.384279,0.04132092842542401,0.2879570792432035,extensive,final,elastic,pca_block,True,COMPLETE
285,-0.0016559721242364045,2025-12-08 13:59:35.301612,2025-12-08 13:59:36.670010,0 days 00:00:01.368398,0.07841322968031328,0.13494989729367354,extensive,final,elastic,pca_block,True,COMPLETE
286,-6.3940540116315425,2025-12-08 13:59:36.670010,2025-12-08 13:59:38.087332,0 days 00:00:01.417322,9.244518818631805e-05,0.8357694895409881,extensive,final,elastic,pca_block,True,COMPLETE
287,-0.2750450712559174,2025-12-08 13:59:38.087332,2025-12-08 13:59:39.586270,0 days 00:00:01.498938,0.0013077493705798038,0.16451011032245055,extensive,final,elastic,pca_block,True,COMPLETE
288,-0.0016559721242364045,2025-12-08 13:59:39.586782,2025-12-08 13:59:40.884461,0 days 00:00:01.297679,0.004412565066102199,0.982719905074795,extensive,final,elastic,pca_block,True,COMPLETE
289,-0.0016559721242364045,2025-12-08 13:59:40.885486,2025-12-08 13:59:42.339627,0 days 00:00:01.454141,0.021464853909041338,0.5956230396033118,extensive,final,elastic,pca_block,True,COMPLETE
290,-0.0016559721242364045,2025-12-08 13:59:42.340132,2025-12-08 13:59:43.789954,0 days 00:00:01.449822,0.0035637485655173468,0.42192114481145243,extensive,final,elastic,pca_block,True,COMPLETE
291,-0.0016559721242364045,2025-12-08 13:59:43.789954,2025-12-08 13:59:45.287324,0 days 00:00:01.497370,0.05735764937351562,0.34261486691432674,extensive,final,elastic,pca_block,True,COMPLETE
292,-0.0016559721242364045,2025-12-08 13:59:45.288385,2025-12-08 13:59:46.787919,0 days 00:00:01.499534,0.017076263870071506,0.616523819472714,extensive,final,elastic,pca_block,True,COMPLETE
293,-0.0016559721242364045,2025-12-08 13:59:46.788967,2025-12-08 13:59:48.278708,0 days 00:00:01.489741,0.013526430738982879,0.6495679461703588,extensive,final,elastic,pca_block,True,COMPLETE
294,-0.0016559721242364045,2025-12-08 13:59:48.278708,2025-12-08 13:59:49.735835,0 days 00:00:01.457127,0.09958145167109295,0.6753636012083489,extensive,final,elastic,pca_block,True,COMPLETE
295,-0.0016559721242364045,2025-12-08 13:59:49.735835,2025-12-08 13:59:51.119739,0 days 00:00:01.383904,0.0074351590171555975,0.9096769008041102,extensive,final,elastic,pca_block,True,COMPLETE
296,-0.0016559721242364045,2025-12-08 13:59:51.119739,2025-12-08 13:59:52.868455,0 days 00:00:01.748716,0.033248814320446546,0.2554642842138591,extensive,final,elastic,pca_block,True,COMPLETE
297,-0.0016559721242364045,2025-12-08 13:59:52.868455,2025-12-08 13:59:54.355927,0 days 00:00:01.487472,0.07440903818656028,0.9492651762559715,extensive,final,elastic,pca_block,True,COMPLETE
298,-0.0016559721242364045,2025-12-08 13:59:54.356432,2025-12-08 13:59:55.787215,0 days 00:00:01.430783,0.002554795978714665,0.5318177578253251,extensive,final,elastic,pca_block,True,COMPLETE
299,-0.0016559721242364045,2025-12-08 13:59:55.787764,2025-12-08 13:59:57.299983,0 days 00:00:01.512219,0.042506070435031795,0.07326937840691733,extensive,final,elastic,pca_block,True,COMPLETE
