number,value,datetime_start,datetime_complete,duration,params_enet_alpha,params_enet_l1_ratio,user_attrs_feat_level,user_attrs_label,user_attrs_model_type,user_attrs_pca_mode,user_attrs_use_PCA,state
0,-0.0016559721242364045,2025-12-08 13:44:04.847668,2025-12-08 13:44:06.397889,0 days 00:00:01.550221,0.004333326353213267,0.7668487527826934,extensive,final,elastic,pca_hybrid,True,COMPLETE
1,-15516.029104707333,2025-12-08 13:44:06.397889,2025-12-08 13:44:07.930840,0 days 00:00:01.532951,3.9510385611704886e-05,0.4831029575969654,extensive,final,elastic,pca_hybrid,True,COMPLETE
2,-0.0016559721242364045,2025-12-08 13:44:07.930840,2025-12-08 13:44:09.914876,0 days 00:00:01.984036,0.0033966209296192053,0.4420056790960496,extensive,final,elastic,pca_hybrid,True,COMPLETE
3,-1112.632046383572,2025-12-08 13:44:09.914876,2025-12-08 13:44:11.533476,0 days 00:00:01.618600,0.0002537721168752331,0.6369104206964517,extensive,final,elastic,pca_hybrid,True,COMPLETE
4,-0.0016559721242364045,2025-12-08 13:44:11.534526,2025-12-08 13:44:13.066454,0 days 00:00:01.531928,0.0008799290294821404,0.9937239753270982,extensive,final,elastic,pca_hybrid,True,COMPLETE
5,-188.58602997257768,2025-12-08 13:44:13.067413,2025-12-08 13:44:14.635643,0 days 00:00:01.568230,0.00017185602428384256,0.7677707800197199,extensive,final,elastic,pca_hybrid,True,COMPLETE
6,-0.0016559721242364045,2025-12-08 13:44:14.636646,2025-12-08 13:44:16.297901,0 days 00:00:01.661255,0.026727778104716722,0.8774723310153385,extensive,final,elastic,pca_hybrid,True,COMPLETE
7,-3340.0531674866975,2025-12-08 13:44:16.298385,2025-12-08 13:44:18.082412,0 days 00:00:01.784027,0.00027706094468434137,0.2565959226838167,extensive,final,elastic,pca_hybrid,True,COMPLETE
8,-0.0016559721242364045,2025-12-08 13:44:18.083412,2025-12-08 13:44:19.600783,0 days 00:00:01.517371,0.011006794274084733,0.08756048387973958,extensive,final,elastic,pca_hybrid,True,COMPLETE
9,-0.0016559721242364045,2025-12-08 13:44:19.600783,2025-12-08 13:44:21.199244,0 days 00:00:01.598461,0.052137539407910674,0.5610484762329758,extensive,final,elastic,pca_hybrid,True,COMPLETE
10,-16717.32219127228,2025-12-08 13:44:21.200239,2025-12-08 13:44:22.775707,0 days 00:00:01.575468,1.0976443740700615e-05,0.7293388805072619,extensive,final,elastic,pca_hybrid,True,COMPLETE
11,-0.0016559721242364045,2025-12-08 13:44:22.775707,2025-12-08 13:44:24.298436,0 days 00:00:01.522729,0.005243961300010467,0.4065370757362345,extensive,final,elastic,pca_hybrid,True,COMPLETE
12,-0.001731707722258946,2025-12-08 13:44:24.298985,2025-12-08 13:44:25.915193,0 days 00:00:01.616208,0.0028647402919047605,0.279634234367164,extensive,final,elastic,pca_hybrid,True,COMPLETE
13,-0.0022293197474102153,2025-12-08 13:44:25.915193,2025-12-08 13:44:27.465318,0 days 00:00:01.550125,0.0014763459063365364,0.4061325075729536,extensive,final,elastic,pca_hybrid,True,COMPLETE
14,-0.0016559721242364045,2025-12-08 13:44:27.465968,2025-12-08 13:44:28.980340,0 days 00:00:01.514372,0.010976966811406245,0.7017677619565289,extensive,final,elastic,pca_hybrid,True,COMPLETE
15,-0.002750497300733734,2025-12-08 13:44:28.980340,2025-12-08 13:44:30.932177,0 days 00:00:01.951837,0.000682621408898291,0.8636562380623645,extensive,final,elastic,pca_hybrid,True,COMPLETE
16,-0.0016559721242364045,2025-12-08 13:44:30.932528,2025-12-08 13:44:32.548812,0 days 00:00:01.616284,0.0905284802050682,0.03838851665906662,extensive,final,elastic,pca_hybrid,True,COMPLETE
17,-0.0016559721242364045,2025-12-08 13:44:32.549923,2025-12-08 13:44:34.048972,0 days 00:00:01.499049,0.004409572246722938,0.561633692165812,extensive,final,elastic,pca_hybrid,True,COMPLETE
18,-0.0016559721242364045,2025-12-08 13:44:34.049976,2025-12-08 13:44:35.550047,0 days 00:00:01.500071,0.013317505568066615,0.22515331411765466,extensive,final,elastic,pca_hybrid,True,COMPLETE
19,-0.0017395062350795687,2025-12-08 13:44:35.550047,2025-12-08 13:44:37.232766,0 days 00:00:01.682719,0.001864980197818082,0.4263847985780852,extensive,final,elastic,pca_hybrid,True,COMPLETE
20,-11.061642656974486,2025-12-08 13:44:37.232766,2025-12-08 13:44:38.847962,0 days 00:00:01.615196,0.0005211497123966815,0.833784498298116,extensive,final,elastic,pca_hybrid,True,COMPLETE
21,-0.0016559721242364045,2025-12-08 13:44:38.847962,2025-12-08 13:44:40.399396,0 days 00:00:01.551434,0.0009782195484237814,0.9990361671352043,extensive,final,elastic,pca_hybrid,True,COMPLETE
22,-847.4044925611806,2025-12-08 13:44:40.399845,2025-12-08 13:44:41.949917,0 days 00:00:01.550072,9.56909133230294e-05,0.9772051740424815,extensive,final,elastic,pca_hybrid,True,COMPLETE
23,-0.0016559721242364045,2025-12-08 13:44:41.949917,2025-12-08 13:44:43.499989,0 days 00:00:01.550072,0.005008161375090085,0.6357190116300389,extensive,final,elastic,pca_hybrid,True,COMPLETE
24,-0.0016559721242364045,2025-12-08 13:44:43.499989,2025-12-08 13:44:45.049141,0 days 00:00:01.549152,0.0020704593284002815,0.9059355840295586,extensive,final,elastic,pca_hybrid,True,COMPLETE
25,-1.52037592376839,2025-12-08 13:44:45.049531,2025-12-08 13:44:46.734039,0 days 00:00:01.684508,0.0006025697690209656,0.7824494707126761,extensive,final,elastic,pca_hybrid,True,COMPLETE
26,-0.0016559721242364045,2025-12-08 13:44:46.735038,2025-12-08 13:44:48.299521,0 days 00:00:01.564483,0.024783557260253605,0.9344070262993223,extensive,final,elastic,pca_hybrid,True,COMPLETE
27,-0.0016559721242364045,2025-12-08 13:44:48.299521,2025-12-08 13:44:49.719400,0 days 00:00:01.419879,0.0036177057217848924,0.6525716241921882,extensive,final,elastic,pca_hybrid,True,COMPLETE
28,-0.001979264900528429,2025-12-08 13:44:49.719400,2025-12-08 13:44:51.233939,0 days 00:00:01.514539,0.001221552337992759,0.5126679280535686,extensive,final,elastic,pca_hybrid,True,COMPLETE
29,-9212.228648260245,2025-12-08 13:44:51.233939,2025-12-08 13:44:52.833312,0 days 00:00:01.599373,4.5903341702845765e-05,0.830473509674423,extensive,final,elastic,pca_hybrid,True,COMPLETE
30,-0.0016559721242364045,2025-12-08 13:44:52.833762,2025-12-08 13:44:54.450585,0 days 00:00:01.616823,0.007405859134654288,0.32370976882992863,extensive,final,elastic,pca_hybrid,True,COMPLETE
31,-0.0016559721242364045,2025-12-08 13:44:54.450585,2025-12-08 13:44:55.883586,0 days 00:00:01.433001,0.029706002971996322,0.9094556489563275,extensive,final,elastic,pca_hybrid,True,COMPLETE
32,-0.0016559721242364045,2025-12-08 13:44:55.884146,2025-12-08 13:44:57.433894,0 days 00:00:01.549748,0.027067308745301107,0.9426055073278999,extensive,final,elastic,pca_hybrid,True,COMPLETE
33,-0.0016559721242364045,2025-12-08 13:44:57.434553,2025-12-08 13:44:59.284393,0 days 00:00:01.849840,0.018579609566517743,0.7782851291864651,extensive,final,elastic,pca_hybrid,True,COMPLETE
34,-1348.1051216816466,2025-12-08 13:44:59.284393,2025-12-08 13:45:00.800263,0 days 00:00:01.515870,0.0003138469627834522,0.8785709800016672,extensive,final,elastic,pca_hybrid,True,COMPLETE
35,-0.0016559721242364045,2025-12-08 13:45:00.801020,2025-12-08 13:45:02.283871,0 days 00:00:01.482851,0.05038096805766877,0.15560132632630613,extensive,final,elastic,pca_hybrid,True,COMPLETE
36,-805.6003872336206,2025-12-08 13:45:02.284430,2025-12-08 13:45:03.776634,0 days 00:00:01.492204,0.00013948545537773274,0.6780009273971062,extensive,final,elastic,pca_hybrid,True,COMPLETE
37,-0.0016559721242364045,2025-12-08 13:45:03.776634,2025-12-08 13:45:05.251107,0 days 00:00:01.474473,0.0025932057811833675,0.59152416561808,extensive,final,elastic,pca_hybrid,True,COMPLETE
38,-0.0016559721242364045,2025-12-08 13:45:05.251107,2025-12-08 13:45:06.846821,0 days 00:00:01.595714,0.007709849329435869,0.45681476423841566,extensive,final,elastic,pca_hybrid,True,COMPLETE
39,-0.0016559721242364045,2025-12-08 13:45:06.846821,2025-12-08 13:45:08.465022,0 days 00:00:01.618201,0.04604799383329121,0.7441716387454002,extensive,final,elastic,pca_hybrid,True,COMPLETE
40,-0.0016559721242364045,2025-12-08 13:45:08.465022,2025-12-08 13:45:10.101905,0 days 00:00:01.636883,0.09832278592021727,0.8170297528168509,extensive,final,elastic,pca_hybrid,True,COMPLETE
41,-0.0016559721242364045,2025-12-08 13:45:10.102912,2025-12-08 13:45:11.660230,0 days 00:00:01.557318,0.009949507481652792,0.12760471508935922,extensive,final,elastic,pca_hybrid,True,COMPLETE
42,-0.0016559721242364045,2025-12-08 13:45:11.660766,2025-12-08 13:45:13.102925,0 days 00:00:01.442159,0.016606114872240715,0.36473219969420967,extensive,final,elastic,pca_hybrid,True,COMPLETE
43,-0.001804893385218535,2025-12-08 13:45:13.102925,2025-12-08 13:45:14.553506,0 days 00:00:01.450581,0.00691102157268452,0.1084627501720673,extensive,final,elastic,pca_hybrid,True,COMPLETE
44,-0.00185829116362779,2025-12-08 13:45:14.553987,2025-12-08 13:45:16.018127,0 days 00:00:01.464140,0.0033353502045508692,0.21525193336642792,extensive,final,elastic,pca_hybrid,True,COMPLETE
45,-11008.862555826849,2025-12-08 13:45:16.018127,2025-12-08 13:45:17.602627,0 days 00:00:01.584500,0.0010673350553921312,0.029858279944732516,extensive,final,elastic,pca_hybrid,True,COMPLETE
46,-0.0016559721242364045,2025-12-08 13:45:17.603624,2025-12-08 13:45:19.085841,0 days 00:00:01.482217,0.012565156738066687,0.49456286463424287,extensive,final,elastic,pca_hybrid,True,COMPLETE
47,-0.0016559721242364045,2025-12-08 13:45:19.086877,2025-12-08 13:45:20.601738,0 days 00:00:01.514861,0.005562141680419522,0.95939532557874,extensive,final,elastic,pca_hybrid,True,COMPLETE
48,-1455.1645810002158,2025-12-08 13:45:20.602982,2025-12-08 13:45:22.236355,0 days 00:00:01.633373,0.0003752770597430004,0.7170184537573171,extensive,final,elastic,pca_hybrid,True,COMPLETE
49,-0.0016559721242364045,2025-12-08 13:45:22.236355,2025-12-08 13:45:23.721855,0 days 00:00:01.485500,0.002059094653536019,0.8690153076665178,extensive,final,elastic,pca_hybrid,True,COMPLETE
50,-13.393804749152181,2025-12-08 13:45:23.721855,2025-12-08 13:45:25.930987,0 days 00:00:02.209132,0.0007165089089664098,0.5958107738506339,extensive,final,elastic,pca_hybrid,True,COMPLETE
51,-0.0016559721242364045,2025-12-08 13:45:25.930987,2025-12-08 13:45:27.484026,0 days 00:00:01.553039,0.0449837542077572,0.2575468570842285,extensive,final,elastic,pca_hybrid,True,COMPLETE
52,-0.0016559721242364045,2025-12-08 13:45:27.484026,2025-12-08 13:45:29.001232,0 days 00:00:01.517206,0.019712945491708808,0.5430359519064465,extensive,final,elastic,pca_hybrid,True,COMPLETE
53,-0.0016559721242364045,2025-12-08 13:45:29.001232,2025-12-08 13:45:30.516500,0 days 00:00:01.515268,0.052844005117891654,0.3619794830704182,extensive,final,elastic,pca_hybrid,True,COMPLETE
54,-0.0016559721242364045,2025-12-08 13:45:30.516500,2025-12-08 13:45:32.121258,0 days 00:00:01.604758,0.06517974785586937,0.9920376357860653,extensive,final,elastic,pca_hybrid,True,COMPLETE
55,-0.0016559721242364045,2025-12-08 13:45:32.121258,2025-12-08 13:45:33.753989,0 days 00:00:01.632731,0.009689432043515233,0.7952252499778115,extensive,final,elastic,pca_hybrid,True,COMPLETE
56,-0.0016559721242364045,2025-12-08 13:45:33.753989,2025-12-08 13:45:35.501741,0 days 00:00:01.747752,0.03126939599102702,0.8996302090707194,extensive,final,elastic,pca_hybrid,True,COMPLETE
57,-107.64004065572009,2025-12-08 13:45:35.501741,2025-12-08 13:45:37.153231,0 days 00:00:01.651490,0.0017145855550096765,0.0760149118350368,extensive,final,elastic,pca_hybrid,True,COMPLETE
58,-0.0016559721242364045,2025-12-08 13:45:37.153231,2025-12-08 13:45:38.755385,0 days 00:00:01.602154,0.07257253732492587,0.4435437975973209,extensive,final,elastic,pca_hybrid,True,COMPLETE
59,-0.0016559721242364045,2025-12-08 13:45:38.755385,2025-12-08 13:45:40.414298,0 days 00:00:01.658913,0.004637129049358072,0.7517468176809345,extensive,final,elastic,pca_hybrid,True,COMPLETE
60,-0.0019955190191717578,2025-12-08 13:45:40.414298,2025-12-08 13:45:42.002270,0 days 00:00:01.587972,0.003307925011348835,0.19351258646834069,extensive,final,elastic,pca_hybrid,True,COMPLETE
61,-0.0016559721242364045,2025-12-08 13:45:42.002270,2025-12-08 13:45:43.519484,0 days 00:00:01.517214,0.03602417850612484,0.3899277004994963,extensive,final,elastic,pca_hybrid,True,COMPLETE
62,-0.0016559721242364045,2025-12-08 13:45:43.519484,2025-12-08 13:45:45.036482,0 days 00:00:01.516998,0.01557559039148924,0.31616519510725866,extensive,final,elastic,pca_hybrid,True,COMPLETE
63,-16580.550028840524,2025-12-08 13:45:45.036482,2025-12-08 13:45:46.620623,0 days 00:00:01.584141,1.0773409490086528e-05,0.5538164930091989,extensive,final,elastic,pca_hybrid,True,COMPLETE
64,-0.0016559721242364045,2025-12-08 13:45:46.620623,2025-12-08 13:45:48.171277,0 days 00:00:01.550654,0.02263164273491958,0.6353618929572225,extensive,final,elastic,pca_hybrid,True,COMPLETE
65,-0.0016559721242364045,2025-12-08 13:45:48.172284,2025-12-08 13:45:49.885974,0 days 00:00:01.713690,0.0013109220600683136,0.9281600494018685,extensive,final,elastic,pca_hybrid,True,COMPLETE
66,-0.0016559721242364045,2025-12-08 13:45:49.885974,2025-12-08 13:45:51.413757,0 days 00:00:01.527783,0.0025996142000403,0.8492962463468299,extensive,final,elastic,pca_hybrid,True,COMPLETE
67,-293.70684405996883,2025-12-08 13:45:51.413757,2025-12-08 13:45:53.051880,0 days 00:00:01.638123,0.0007768379374006207,0.47084654458315156,extensive,final,elastic,pca_hybrid,True,COMPLETE
68,-15314.180875866921,2025-12-08 13:45:53.051880,2025-12-08 13:45:54.620332,0 days 00:00:01.568452,0.005240282804136921,0.002695420823324579,extensive,final,elastic,pca_hybrid,True,COMPLETE
69,-0.0016559721242364045,2025-12-08 13:45:54.621595,2025-12-08 13:45:56.120412,0 days 00:00:01.498817,0.008406352273296372,0.28922990213925515,extensive,final,elastic,pca_hybrid,True,COMPLETE
70,-0.0016559721242364045,2025-12-08 13:45:56.120412,2025-12-08 13:45:57.639068,0 days 00:00:01.518656,0.006330005576921932,0.6914861362399527,extensive,final,elastic,pca_hybrid,True,COMPLETE
71,-0.0016559721242364045,2025-12-08 13:45:57.639068,2025-12-08 13:45:59.170798,0 days 00:00:01.531730,0.011344491753103047,0.6069721432321384,extensive,final,elastic,pca_hybrid,True,COMPLETE
72,-0.0016559721242364045,2025-12-08 13:45:59.172079,2025-12-08 13:46:00.673387,0 days 00:00:01.501308,0.00399579787167504,0.5128851094522795,extensive,final,elastic,pca_hybrid,True,COMPLETE
73,-0.0016559721242364045,2025-12-08 13:46:00.673387,2025-12-08 13:46:02.205131,0 days 00:00:01.531744,0.016207330725880834,0.7011921285215952,extensive,final,elastic,pca_hybrid,True,COMPLETE
74,-0.0016559721242364045,2025-12-08 13:46:02.205131,2025-12-08 13:46:03.770896,0 days 00:00:01.565765,0.03539688262568467,0.8164951374548233,extensive,final,elastic,pca_hybrid,True,COMPLETE
75,-676.6084080433379,2025-12-08 13:46:03.770896,2025-12-08 13:46:05.452579,0 days 00:00:01.681683,0.0004984666885024494,0.652304321166853,extensive,final,elastic,pca_hybrid,True,COMPLETE
76,-0.0016559721242364045,2025-12-08 13:46:05.452579,2025-12-08 13:46:06.971048,0 days 00:00:01.518469,0.01234119451662772,0.41937962241728977,extensive,final,elastic,pca_hybrid,True,COMPLETE
77,-0.0016559721242364045,2025-12-08 13:46:06.971048,2025-12-08 13:46:08.486690,0 days 00:00:01.515642,0.0026111555925856754,0.7717448998875595,extensive,final,elastic,pca_hybrid,True,COMPLETE
78,-0.0016559721242364045,2025-12-08 13:46:08.486690,2025-12-08 13:46:10.018896,0 days 00:00:01.532206,0.02285469737749501,0.536048627313509,extensive,final,elastic,pca_hybrid,True,COMPLETE
79,-0.0016559721242364045,2025-12-08 13:46:10.018896,2025-12-08 13:46:11.556238,0 days 00:00:01.537342,0.007695864031703787,0.9637225625073543,extensive,final,elastic,pca_hybrid,True,COMPLETE
80,-0.0016559721242364045,2025-12-08 13:46:11.556238,2025-12-08 13:46:13.054631,0 days 00:00:01.498393,0.0016886160886425631,0.7283632556410129,extensive,final,elastic,pca_hybrid,True,COMPLETE
81,-0.0016559721242364045,2025-12-08 13:46:13.055641,2025-12-08 13:46:14.557189,0 days 00:00:01.501548,0.07303848122200575,0.08018908696226273,extensive,final,elastic,pca_hybrid,True,COMPLETE
82,-0.0016559721242364045,2025-12-08 13:46:14.557189,2025-12-08 13:46:16.191539,0 days 00:00:01.634350,0.056579604880927815,0.06484666673100531,extensive,final,elastic,pca_hybrid,True,COMPLETE
83,-0.0016559721242364045,2025-12-08 13:46:16.191539,2025-12-08 13:46:17.772145,0 days 00:00:01.580606,0.08302077186904674,0.16391631623514644,extensive,final,elastic,pca_hybrid,True,COMPLETE
84,-0.0016559721242364045,2025-12-08 13:46:17.772145,2025-12-08 13:46:19.318067,0 days 00:00:01.545922,0.00953404287460498,0.5739859708239181,extensive,final,elastic,pca_hybrid,True,COMPLETE
85,-2229.009907354726,2025-12-08 13:46:19.318067,2025-12-08 13:46:20.756115,0 days 00:00:01.438048,0.03896347789184629,0.005482622506766954,extensive,final,elastic,pca_hybrid,True,COMPLETE
86,-0.0016559721242364045,2025-12-08 13:46:20.756629,2025-12-08 13:46:22.591470,0 days 00:00:01.834841,0.09043095745043284,0.888810647751739,extensive,final,elastic,pca_hybrid,True,COMPLETE
87,-15101.984687049473,2025-12-08 13:46:22.591470,2025-12-08 13:46:24.172430,0 days 00:00:01.580960,1.7945489898034935e-05,0.846477329964525,extensive,final,elastic,pca_hybrid,True,COMPLETE
88,-0.0016559721242364045,2025-12-08 13:46:24.172430,2025-12-08 13:46:25.673058,0 days 00:00:01.500628,0.006162524916077028,0.3881998699133875,extensive,final,elastic,pca_hybrid,True,COMPLETE
89,-289.45774945676095,2025-12-08 13:46:25.673058,2025-12-08 13:46:27.388224,0 days 00:00:01.715166,0.0008861344076551652,0.11807806428122004,extensive,final,elastic,pca_hybrid,True,COMPLETE
90,-0.0016559721242364045,2025-12-08 13:46:27.388769,2025-12-08 13:46:28.972192,0 days 00:00:01.583423,0.029060361282494895,0.8017910168268572,extensive,final,elastic,pca_hybrid,True,COMPLETE
91,-650.4569500028015,2025-12-08 13:46:28.972505,2025-12-08 13:46:30.557627,0 days 00:00:01.585122,0.004203023753428273,0.035089087757408335,extensive,final,elastic,pca_hybrid,True,COMPLETE
92,-0.0016559721242364045,2025-12-08 13:46:30.558629,2025-12-08 13:46:32.043452,0 days 00:00:01.484823,0.003417143496072412,0.48681133634305185,extensive,final,elastic,pca_hybrid,True,COMPLETE
93,-0.0016559721242364045,2025-12-08 13:46:32.043452,2025-12-08 13:46:33.577184,0 days 00:00:01.533732,0.01563246134338832,0.5657109428717838,extensive,final,elastic,pca_hybrid,True,COMPLETE
94,-0.0016559721242364045,2025-12-08 13:46:33.577695,2025-12-08 13:46:35.107661,0 days 00:00:01.529966,0.00212933380981405,0.6111607286309594,extensive,final,elastic,pca_hybrid,True,COMPLETE
95,-0.0016559721242364045,2025-12-08 13:46:35.108167,2025-12-08 13:46:36.640745,0 days 00:00:01.532578,0.005140445511664389,0.44878679109326663,extensive,final,elastic,pca_hybrid,True,COMPLETE
96,-0.0016559721242364045,2025-12-08 13:46:36.640745,2025-12-08 13:46:38.139899,0 days 00:00:01.499154,0.0014344141324504416,0.6739673935505652,extensive,final,elastic,pca_hybrid,True,COMPLETE
97,-0.0016559721242364045,2025-12-08 13:46:38.140686,2025-12-08 13:46:39.659113,0 days 00:00:01.518427,0.020035829296550924,0.5194971032908823,extensive,final,elastic,pca_hybrid,True,COMPLETE
98,-2210.1533898706625,2025-12-08 13:46:39.659113,2025-12-08 13:46:41.142021,0 days 00:00:01.482908,0.0002156056150621598,0.9214689962101095,extensive,final,elastic,pca_hybrid,True,COMPLETE
99,-0.0016559721242364045,2025-12-08 13:46:41.142021,2025-12-08 13:46:42.823615,0 days 00:00:01.681594,0.04196846884596173,0.33115620133829515,extensive,final,elastic,pca_hybrid,True,COMPLETE
100,-0.0016559721242364045,2025-12-08 13:46:42.823615,2025-12-08 13:46:44.425563,0 days 00:00:01.601948,0.0624951360609121,0.9955943040651288,extensive,final,elastic,pca_hybrid,True,COMPLETE
101,-0.0016559721242364045,2025-12-08 13:46:44.426473,2025-12-08 13:46:45.907553,0 days 00:00:01.481080,0.013737396354304416,0.1440963969636822,extensive,final,elastic,pca_hybrid,True,COMPLETE
102,-0.001766190630374161,2025-12-08 13:46:45.907553,2025-12-08 13:46:47.374955,0 days 00:00:01.467402,0.00840394691721034,0.09225035707364262,extensive,final,elastic,pca_hybrid,True,COMPLETE
103,-0.0016559721242364045,2025-12-08 13:46:47.374955,2025-12-08 13:46:48.923746,0 days 00:00:01.548791,0.01034237644944003,0.224130643329277,extensive,final,elastic,pca_hybrid,True,COMPLETE
104,-144.23868765522417,2025-12-08 13:46:48.923746,2025-12-08 13:46:50.691993,0 days 00:00:01.768247,0.006559633144896602,0.05937389047388062,extensive,final,elastic,pca_hybrid,True,COMPLETE
105,-0.0016559721242364045,2025-12-08 13:46:50.692993,2025-12-08 13:46:52.378284,0 days 00:00:01.685291,0.024385190466477323,0.04095009435656169,extensive,final,elastic,pca_hybrid,True,COMPLETE
106,-0.0016559721242364045,2025-12-08 13:46:52.378284,2025-12-08 13:46:53.856621,0 days 00:00:01.478337,0.0030283505467291237,0.749581693276498,extensive,final,elastic,pca_hybrid,True,COMPLETE
107,-193.41577444613077,2025-12-08 13:46:53.857867,2025-12-08 13:46:55.442293,0 days 00:00:01.584426,0.0010717590895900392,0.35570591384821165,extensive,final,elastic,pca_hybrid,True,COMPLETE
108,-889.060453018733,2025-12-08 13:46:55.443290,2025-12-08 13:46:57.109057,0 days 00:00:01.665767,0.0005575803016514027,0.2724546056163252,extensive,final,elastic,pca_hybrid,True,COMPLETE
109,-0.0016559721242364045,2025-12-08 13:46:57.110059,2025-12-08 13:46:58.593991,0 days 00:00:01.483932,0.004017308743785748,0.41329530881851906,extensive,final,elastic,pca_hybrid,True,COMPLETE
110,-2124.99210188842,2025-12-08 13:46:58.594534,2025-12-08 13:47:00.241302,0 days 00:00:01.646768,0.0004098593651472063,0.4724048538470186,extensive,final,elastic,pca_hybrid,True,COMPLETE
111,-0.0016559721242364045,2025-12-08 13:47:00.241302,2025-12-08 13:47:01.774381,0 days 00:00:01.533079,0.013811815080270927,0.9695054501746748,extensive,final,elastic,pca_hybrid,True,COMPLETE
