number,value,datetime_start,datetime_complete,duration,params_enet_alpha,params_enet_l1_ratio,user_attrs_feat_level,user_attrs_label,user_attrs_model_type,user_attrs_pca_mode,user_attrs_use_PCA,state
0,-80411.39452785115,2025-12-08 13:52:14.976938,2025-12-08 13:52:19.890641,0 days 00:00:04.913703,1.655123038850427e-05,0.04719165771068701,extensive,final,elastic,pca_block,True,COMPLETE
1,-0.0016559721242364045,2025-12-08 13:52:19.891641,2025-12-08 13:52:21.426772,0 days 00:00:01.535131,0.06883809438653712,0.14297958604320238,extensive,final,elastic,pca_block,True,COMPLETE
2,-0.0016559721242364045,2025-12-08 13:52:21.426772,2025-12-08 13:52:22.946547,0 days 00:00:01.519775,0.0018739423394702709,0.9670730210319556,extensive,final,elastic,pca_block,True,COMPLETE
3,-0.0016559721242364045,2025-12-08 13:52:22.946547,2025-12-08 13:52:24.475706,0 days 00:00:01.529159,0.05447064416116532,0.6725644781856368,extensive,final,elastic,pca_block,True,COMPLETE
4,-40.16946272900944,2025-12-08 13:52:24.476969,2025-12-08 13:52:26.025816,0 days 00:00:01.548847,4.747186277573873e-05,0.8251517545437739,extensive,final,elastic,pca_block,True,COMPLETE
5,-0.0016559721242364045,2025-12-08 13:52:26.026823,2025-12-08 13:52:27.525903,0 days 00:00:01.499080,0.0015108330622422893,0.810141378499372,extensive,final,elastic,pca_block,True,COMPLETE
6,-61517.60645754853,2025-12-08 13:52:27.525903,2025-12-08 13:52:29.675995,0 days 00:00:02.150092,1.2026611186840856e-05,0.2584892614523717,extensive,final,elastic,pca_block,True,COMPLETE
7,-0.0035050343926350536,2025-12-08 13:52:29.677004,2025-12-08 13:52:31.408525,0 days 00:00:01.731521,0.0010145402167990188,0.4291995900786082,extensive,final,elastic,pca_block,True,COMPLETE
8,-1.1612508632055407,2025-12-08 13:52:31.409481,2025-12-08 13:52:32.940778,0 days 00:00:01.531297,0.0001373872821329411,0.9346046533534134,extensive,final,elastic,pca_block,True,COMPLETE
9,-29802.23251811021,2025-12-08 13:52:32.941779,2025-12-08 13:52:35.008726,0 days 00:00:02.066947,1.7972893158424912e-05,0.5187284380866216,extensive,final,elastic,pca_block,True,COMPLETE
10,-0.0016559721242364045,2025-12-08 13:52:35.010480,2025-12-08 13:52:36.859775,0 days 00:00:01.849295,0.09187699253967832,0.05749734099821835,extensive,final,elastic,pca_block,True,COMPLETE
11,-0.0016559721242364045,2025-12-08 13:52:36.860385,2025-12-08 13:52:38.579072,0 days 00:00:01.718687,0.009908250643996915,0.2818543679907335,extensive,final,elastic,pca_block,True,COMPLETE
12,-0.0016559721242364045,2025-12-08 13:52:38.579687,2025-12-08 13:52:40.460783,0 days 00:00:01.881096,0.00798193631479597,0.9874752533883988,extensive,final,elastic,pca_block,True,COMPLETE
13,-0.0016559721242364045,2025-12-08 13:52:40.460783,2025-12-08 13:52:42.114033,0 days 00:00:01.653250,0.012137044883573415,0.585892914280114,extensive,final,elastic,pca_block,True,COMPLETE
14,-950.4887679882964,2025-12-08 13:52:42.114033,2025-12-08 13:52:43.697464,0 days 00:00:01.583431,0.0001327667868481194,0.2530505901021808,extensive,final,elastic,pca_block,True,COMPLETE
15,-0.0016559721242364045,2025-12-08 13:52:43.697464,2025-12-08 13:52:45.265253,0 days 00:00:01.567789,0.0031221904744919145,0.4192190598705901,extensive,final,elastic,pca_block,True,COMPLETE
16,-15.471065202038409,2025-12-08 13:52:45.265253,2025-12-08 13:52:47.180516,0 days 00:00:01.915263,0.00027928633781695964,0.153841360289021,extensive,final,elastic,pca_block,True,COMPLETE
17,-0.0016559721242364045,2025-12-08 13:52:47.180516,2025-12-08 13:52:48.750896,0 days 00:00:01.570380,0.03297706702763218,0.7025650643776995,extensive,final,elastic,pca_block,True,COMPLETE
18,-0.3013926905044964,2025-12-08 13:52:48.751405,2025-12-08 13:52:50.697496,0 days 00:00:01.946091,0.000471602931113578,0.4147027570395457,extensive,final,elastic,pca_block,True,COMPLETE
19,-0.0016559721242364045,2025-12-08 13:52:50.697496,2025-12-08 13:52:52.361152,0 days 00:00:01.663656,0.002636180337295242,0.8287876928040971,extensive,final,elastic,pca_block,True,COMPLETE
20,-0.0016559721242364045,2025-12-08 13:52:52.361152,2025-12-08 13:52:53.911144,0 days 00:00:01.549992,0.022919811982665968,0.15128097275215896,extensive,final,elastic,pca_block,True,COMPLETE
21,-0.0016559721242364045,2025-12-08 13:52:53.911144,2025-12-08 13:52:55.416785,0 days 00:00:01.505641,0.08471595023632812,0.6217977833145889,extensive,final,elastic,pca_block,True,COMPLETE
22,-0.0016559721242364045,2025-12-08 13:52:55.416785,2025-12-08 13:52:57.059902,0 days 00:00:01.643117,0.03760902598802121,0.7168474321366897,extensive,final,elastic,pca_block,True,COMPLETE
23,-0.0016559721242364045,2025-12-08 13:52:57.060859,2025-12-08 13:52:58.613965,0 days 00:00:01.553106,0.004489752116708097,0.916652406848179,extensive,final,elastic,pca_block,True,COMPLETE
24,-0.0016559721242364045,2025-12-08 13:52:58.614662,2025-12-08 13:53:00.163811,0 days 00:00:01.549149,0.045540632989020655,0.7049546729590193,extensive,final,elastic,pca_block,True,COMPLETE
25,-0.0016559721242364045,2025-12-08 13:53:00.163811,2025-12-08 13:53:01.664172,0 days 00:00:01.500361,0.016170956088853043,0.5279065329450527,extensive,final,elastic,pca_block,True,COMPLETE
26,-0.0016559721242364045,2025-12-08 13:53:01.664172,2025-12-08 13:53:03.162183,0 days 00:00:01.498011,0.00548043398218647,0.3197765479802389,extensive,final,elastic,pca_block,True,COMPLETE
27,-0.0016559721242364045,2025-12-08 13:53:03.163184,2025-12-08 13:53:04.597781,0 days 00:00:01.434597,0.09554930365682543,0.6273693205886133,extensive,final,elastic,pca_block,True,COMPLETE
28,-0.0016559721242364045,2025-12-08 13:53:04.597781,2025-12-08 13:53:06.045338,0 days 00:00:01.447557,0.050631494404531886,0.7706999986459727,extensive,final,elastic,pca_block,True,COMPLETE
29,-0.0016559721242364045,2025-12-08 13:53:06.045889,2025-12-08 13:53:07.493524,0 days 00:00:01.447635,0.002091848233238511,0.8870280049938851,extensive,final,elastic,pca_block,True,COMPLETE
30,-4918.809561413187,2025-12-08 13:53:07.494525,2025-12-08 13:53:09.061486,0 days 00:00:01.566961,0.0005463930969695196,0.04740297102220334,extensive,final,elastic,pca_block,True,COMPLETE
31,-0.0016559721242364045,2025-12-08 13:53:09.061486,2025-12-08 13:53:10.493694,0 days 00:00:01.432208,0.0011940340470438487,0.8204311504307581,extensive,final,elastic,pca_block,True,COMPLETE
32,-0.0016559721242364045,2025-12-08 13:53:10.493694,2025-12-08 13:53:11.996124,0 days 00:00:01.502430,0.0017276584534054922,0.9768216502979096,extensive,final,elastic,pca_block,True,COMPLETE
33,-0.0016559721242364045,2025-12-08 13:53:11.996124,2025-12-08 13:53:13.481102,0 days 00:00:01.484978,0.021483075753197124,0.8672104064129946,extensive,final,elastic,pca_block,True,COMPLETE
34,-0.001778228133036371,2025-12-08 13:53:13.481102,2025-12-08 13:53:15.296235,0 days 00:00:01.815133,0.0007112909851143536,0.7573438728127884,extensive,final,elastic,pca_block,True,COMPLETE
35,-10.40981068669058,2025-12-08 13:53:15.297240,2025-12-08 13:53:16.764972,0 days 00:00:01.467732,5.567247200803925e-05,0.8057414127886869,extensive,final,elastic,pca_block,True,COMPLETE
36,-0.3083777575371267,2025-12-08 13:53:16.764972,2025-12-08 13:53:18.512173,0 days 00:00:01.747201,0.0003029913514296404,0.640994135289381,extensive,final,elastic,pca_block,True,COMPLETE
37,-0.0016559721242364045,2025-12-08 13:53:18.513180,2025-12-08 13:53:20.164631,0 days 00:00:01.651451,0.0064907247159941275,0.9204818052975466,extensive,final,elastic,pca_block,True,COMPLETE
38,-2.794311586006143,2025-12-08 13:53:20.164631,2025-12-08 13:53:21.840455,0 days 00:00:01.675824,0.00011909037865327685,0.8599873673676555,extensive,final,elastic,pca_block,True,COMPLETE
39,-12533.02696338456,2025-12-08 13:53:21.841457,2025-12-08 13:53:23.600313,0 days 00:00:01.758856,2.8544095686548223e-05,0.557763445057549,extensive,final,elastic,pca_block,True,COMPLETE
40,-0.0017786082918616053,2025-12-08 13:53:23.601409,2025-12-08 13:53:25.263277,0 days 00:00:01.661868,0.0010970562087092416,0.4852075025721644,extensive,final,elastic,pca_block,True,COMPLETE
41,-0.0016559721242364045,2025-12-08 13:53:25.263277,2025-12-08 13:53:26.731762,0 days 00:00:01.468485,0.05391246904325912,0.09908070513707479,extensive,final,elastic,pca_block,True,COMPLETE
42,-0.0016559721242364045,2025-12-08 13:53:26.732804,2025-12-08 13:53:28.064682,0 days 00:00:01.331878,0.07295998831632752,0.05736982202816971,extensive,final,elastic,pca_block,True,COMPLETE
43,-0.0016559721242364045,2025-12-08 13:53:28.064682,2025-12-08 13:53:29.478444,0 days 00:00:01.413762,0.012760610524817986,0.3365117444014635,extensive,final,elastic,pca_block,True,COMPLETE
44,-0.0016559721242364045,2025-12-08 13:53:29.478444,2025-12-08 13:53:30.929712,0 days 00:00:01.451268,0.02991722791346582,0.20264981660994405,extensive,final,elastic,pca_block,True,COMPLETE
45,-0.0159821389131225,2025-12-08 13:53:30.930741,2025-12-08 13:53:32.429823,0 days 00:00:01.499082,0.0035962118491666487,0.09553131306790735,extensive,final,elastic,pca_block,True,COMPLETE
46,-0.0016559721242364045,2025-12-08 13:53:32.430865,2025-12-08 13:53:33.844607,0 days 00:00:01.413742,0.06439733821287619,0.9847957672444496,extensive,final,elastic,pca_block,True,COMPLETE
47,-0.0016559721242364045,2025-12-08 13:53:33.844607,2025-12-08 13:53:35.344967,0 days 00:00:01.500360,0.009542751481750685,0.19369549379622578,extensive,final,elastic,pca_block,True,COMPLETE
48,-0.0016559721242364045,2025-12-08 13:53:35.346369,2025-12-08 13:53:36.894461,0 days 00:00:01.548092,0.029756159158531085,0.6722967366711232,extensive,final,elastic,pca_block,True,COMPLETE
49,-3.037700392759092,2025-12-08 13:53:36.894461,2025-12-08 13:53:38.500954,0 days 00:00:01.606493,0.02024260305015246,0.004443820797238568,extensive,final,elastic,pca_block,True,COMPLETE
50,-0.0016559721242364045,2025-12-08 13:53:38.500954,2025-12-08 13:53:40.114445,0 days 00:00:01.613491,0.09606975187284676,0.7501868013007125,extensive,final,elastic,pca_block,True,COMPLETE
51,-0.0016559721242364045,2025-12-08 13:53:40.115448,2025-12-08 13:53:41.616301,0 days 00:00:01.500853,0.009527967919717,0.26641655244113877,extensive,final,elastic,pca_block,True,COMPLETE
52,-0.0016559721242364045,2025-12-08 13:53:41.616301,2025-12-08 13:53:43.063428,0 days 00:00:01.447127,0.037759699868504366,0.09610513516726668,extensive,final,elastic,pca_block,True,COMPLETE
53,-0.0017739615948103211,2025-12-08 13:53:43.063428,2025-12-08 13:53:44.549342,0 days 00:00:01.485914,0.0015796488490158462,0.3598074313820089,extensive,final,elastic,pca_block,True,COMPLETE
54,-0.0016559721242364045,2025-12-08 13:53:44.549342,2025-12-08 13:53:45.979418,0 days 00:00:01.430076,0.015648764844877983,0.14729294526597353,extensive,final,elastic,pca_block,True,COMPLETE
55,-0.0018094268382445506,2025-12-08 13:53:45.979418,2025-12-08 13:53:47.445657,0 days 00:00:01.466239,0.0026761547522341327,0.23009871029705553,extensive,final,elastic,pca_block,True,COMPLETE
56,-0.0016559721242364045,2025-12-08 13:53:47.446169,2025-12-08 13:53:48.862316,0 days 00:00:01.416147,0.06324609859282977,0.015379046594794984,extensive,final,elastic,pca_block,True,COMPLETE
57,-0.0017713115938176038,2025-12-08 13:53:48.862316,2025-12-08 13:53:50.262036,0 days 00:00:01.399720,0.004235188719040777,0.13910932812826193,extensive,final,elastic,pca_block,True,COMPLETE
58,-0.0016559721242364045,2025-12-08 13:53:50.262036,2025-12-08 13:53:51.680569,0 days 00:00:01.418533,0.044172233313605196,0.2847599494896107,extensive,final,elastic,pca_block,True,COMPLETE
59,-0.0016559721242364045,2025-12-08 13:53:51.681630,2025-12-08 13:53:53.066346,0 days 00:00:01.384716,0.007190195146547736,0.4865110599596322,extensive,final,elastic,pca_block,True,COMPLETE
60,-0.015259352754880995,2025-12-08 13:53:53.066346,2025-12-08 13:53:54.700396,0 days 00:00:01.634050,0.0007604741194736246,0.45334438520035275,extensive,final,elastic,pca_block,True,COMPLETE
61,-0.0016559721242364045,2025-12-08 13:53:54.700396,2025-12-08 13:53:56.115946,0 days 00:00:01.415550,0.025814943136615063,0.9520854816652223,extensive,final,elastic,pca_block,True,COMPLETE
62,-0.0016559721242364045,2025-12-08 13:53:56.116951,2025-12-08 13:53:57.529498,0 days 00:00:01.412547,0.0018946384633114438,0.9496678259260708,extensive,final,elastic,pca_block,True,COMPLETE
63,-0.0016559721242364045,2025-12-08 13:53:57.530904,2025-12-08 13:53:58.930598,0 days 00:00:01.399694,0.01047843330820396,0.9143404194929761,extensive,final,elastic,pca_block,True,COMPLETE
64,-0.13942244169208293,2025-12-08 13:53:58.930939,2025-12-08 13:54:00.346504,0 days 00:00:01.415565,0.0003732947756416455,0.7872541243527058,extensive,final,elastic,pca_block,True,COMPLETE
65,-0.4707503529543557,2025-12-08 13:54:00.347508,2025-12-08 13:54:01.764611,0 days 00:00:01.417103,0.00020390231145580836,0.8414366548770726,extensive,final,elastic,pca_block,True,COMPLETE
66,-0.0016559721242364045,2025-12-08 13:54:01.765834,2025-12-08 13:54:03.151416,0 days 00:00:01.385582,0.005242822996775338,0.9893714280406682,extensive,final,elastic,pca_block,True,COMPLETE
67,-0.0016559721242364045,2025-12-08 13:54:03.151416,2025-12-08 13:54:04.550487,0 days 00:00:01.399071,0.015932934619182403,0.8989073434359358,extensive,final,elastic,pca_block,True,COMPLETE
68,-0.0017455527792760162,2025-12-08 13:54:04.550487,2025-12-08 13:54:06.070108,0 days 00:00:01.519621,0.001401262630491276,0.5642937250017791,extensive,final,elastic,pca_block,True,COMPLETE
69,-0.0016559721242364045,2025-12-08 13:54:06.072309,2025-12-08 13:54:07.549360,0 days 00:00:01.477051,0.0024665503080166136,0.3827393107613854,extensive,final,elastic,pca_block,True,COMPLETE
70,-0.0016559721242364045,2025-12-08 13:54:07.549360,2025-12-08 13:54:08.931273,0 days 00:00:01.381913,0.07735273190425022,0.8693268537222688,extensive,final,elastic,pca_block,True,COMPLETE
71,-0.0016559721242364045,2025-12-08 13:54:08.931619,2025-12-08 13:54:10.365683,0 days 00:00:01.434064,0.007357391538822982,0.6848589920031702,extensive,final,elastic,pca_block,True,COMPLETE
72,-0.0016559721242364045,2025-12-08 13:54:10.365683,2025-12-08 13:54:11.831334,0 days 00:00:01.465651,0.037314924565855265,0.5932676756770938,extensive,final,elastic,pca_block,True,COMPLETE
73,-0.0016559721242364045,2025-12-08 13:54:11.831714,2025-12-08 13:54:13.298460,0 days 00:00:01.466746,0.05306867605527568,0.7172751722662323,extensive,final,elastic,pca_block,True,COMPLETE
74,-0.0016559721242364045,2025-12-08 13:54:13.298460,2025-12-08 13:54:14.813765,0 days 00:00:01.515305,0.019637314914882808,0.5365799005466124,extensive,final,elastic,pca_block,True,COMPLETE
75,-0.0019004858765300596,2025-12-08 13:54:14.815207,2025-12-08 13:54:16.515364,0 days 00:00:01.700157,0.0008070705997901116,0.6060660976753296,extensive,final,elastic,pca_block,True,COMPLETE
76,-0.0016559721242364045,2025-12-08 13:54:16.515364,2025-12-08 13:54:17.948551,0 days 00:00:01.433187,0.004129838618190453,0.9425981348547386,extensive,final,elastic,pca_block,True,COMPLETE
77,-0.0016559721242364045,2025-12-08 13:54:17.948551,2025-12-08 13:54:19.382082,0 days 00:00:01.433531,0.011533082578125409,0.6580353176907161,extensive,final,elastic,pca_block,True,COMPLETE
78,-0.0016559721242364045,2025-12-08 13:54:19.383143,2025-12-08 13:54:20.800016,0 days 00:00:01.416873,0.09950944337464167,0.18070814063818313,extensive,final,elastic,pca_block,True,COMPLETE
79,-0.2739654024633094,2025-12-08 13:54:20.800016,2025-12-08 13:54:22.253183,0 days 00:00:01.453167,0.003189457989553694,0.0702365282721126,extensive,final,elastic,pca_block,True,COMPLETE
80,-0.0016559721242364045,2025-12-08 13:54:22.254307,2025-12-08 13:54:23.665806,0 days 00:00:01.411499,0.0262426498574348,0.7369909655551536,extensive,final,elastic,pca_block,True,COMPLETE
81,-0.0016559721242364045,2025-12-08 13:54:23.665806,2025-12-08 13:54:25.082597,0 days 00:00:01.416791,0.005592059021634103,0.39509552784323565,extensive,final,elastic,pca_block,True,COMPLETE
82,-0.0016559721242364045,2025-12-08 13:54:25.082597,2025-12-08 13:54:26.603038,0 days 00:00:01.520441,0.0030031165157756103,0.3061359375130317,extensive,final,elastic,pca_block,True,COMPLETE
83,-0.0016559721242364045,2025-12-08 13:54:26.603548,2025-12-08 13:54:28.066958,0 days 00:00:01.463410,0.002286993628551933,0.4534359790439737,extensive,final,elastic,pca_block,True,COMPLETE
84,-0.8195974337776525,2025-12-08 13:54:28.066958,2025-12-08 13:54:29.568868,0 days 00:00:01.501910,0.0012276755444204513,0.11400692504716939,extensive,final,elastic,pca_block,True,COMPLETE
85,-0.0016559721242364045,2025-12-08 13:54:29.568868,2025-12-08 13:54:30.900016,0 days 00:00:01.331148,0.007408915465041188,0.5732065068644645,extensive,final,elastic,pca_block,True,COMPLETE
86,-0.0016559721242364045,2025-12-08 13:54:30.900016,2025-12-08 13:54:32.303112,0 days 00:00:01.403096,0.07154359084107305,0.031648756651636176,extensive,final,elastic,pca_block,True,COMPLETE
87,-0.0016559721242364045,2025-12-08 13:54:32.303677,2025-12-08 13:54:33.718810,0 days 00:00:01.415133,0.012756810574561885,0.9645879181766308,extensive,final,elastic,pca_block,True,COMPLETE
88,-0.0016559721242364045,2025-12-08 13:54:33.719964,2025-12-08 13:54:35.100369,0 days 00:00:01.380405,0.0018017775974941484,0.7963297593481599,extensive,final,elastic,pca_block,True,COMPLETE
89,-0.0016559721242364045,2025-12-08 13:54:35.100369,2025-12-08 13:54:36.517124,0 days 00:00:01.416755,0.042781656684366585,0.5169231231130039,extensive,final,elastic,pca_block,True,COMPLETE
90,-0.0016559721242364045,2025-12-08 13:54:36.517124,2025-12-08 13:54:37.893477,0 days 00:00:01.376353,0.008590839301771222,0.21719428897304716,extensive,final,elastic,pca_block,True,COMPLETE
91,-0.0016559721242364045,2025-12-08 13:54:37.893477,2025-12-08 13:54:39.287850,0 days 00:00:01.394373,0.06327497654687797,0.6975276507391306,extensive,final,elastic,pca_block,True,COMPLETE
92,-0.0016559721242364045,2025-12-08 13:54:39.287850,2025-12-08 13:54:40.667742,0 days 00:00:01.379892,0.034709819819331036,0.6361073020935399,extensive,final,elastic,pca_block,True,COMPLETE
93,-0.0016559721242364045,2025-12-08 13:54:40.667742,2025-12-08 13:54:42.032591,0 days 00:00:01.364849,0.03025007518511058,0.6656508253427419,extensive,final,elastic,pca_block,True,COMPLETE
94,-0.0016559721242364045,2025-12-08 13:54:42.032591,2025-12-08 13:54:43.381990,0 days 00:00:01.349399,0.018730659234999874,0.7617311927465875,extensive,final,elastic,pca_block,True,COMPLETE
95,-0.0016559721242364045,2025-12-08 13:54:43.381990,2025-12-08 13:54:44.939765,0 days 00:00:01.557775,0.0495849594623758,0.1700209459918337,extensive,final,elastic,pca_block,True,COMPLETE
96,-0.0016559721242364045,2025-12-08 13:54:44.940488,2025-12-08 13:54:46.283717,0 days 00:00:01.343229,0.01393193288016418,0.7275951006775382,extensive,final,elastic,pca_block,True,COMPLETE
97,-0.0016559721242364045,2025-12-08 13:54:46.285282,2025-12-08 13:54:47.767732,0 days 00:00:01.482450,0.0008964683407387456,0.9968656525420435,extensive,final,elastic,pca_block,True,COMPLETE
98,-0.0016559721242364045,2025-12-08 13:54:47.767732,2025-12-08 13:54:49.088023,0 days 00:00:01.320291,0.005687154804417047,0.2430283221582858,extensive,final,elastic,pca_block,True,COMPLETE
99,-0.0016559721242364045,2025-12-08 13:54:49.088023,2025-12-08 13:54:50.415097,0 days 00:00:01.327074,0.0038323465562962906,0.8245015358930737,extensive,final,elastic,pca_block,True,COMPLETE
100,-0.0017720606770958252,2025-12-08 13:54:50.415097,2025-12-08 13:54:51.870997,0 days 00:00:01.455900,0.000648238075220074,0.8878815555211808,extensive,final,elastic,pca_block,True,COMPLETE
101,-0.0016559721242364045,2025-12-08 13:54:51.872113,2025-12-08 13:54:53.755843,0 days 00:00:01.883730,0.0014538702835249072,0.7767454876334379,extensive,final,elastic,pca_block,True,COMPLETE
102,-0.0016559721242364045,2025-12-08 13:54:53.755843,2025-12-08 13:54:55.636642,0 days 00:00:01.880799,0.002907996401751671,0.9285974641526037,extensive,final,elastic,pca_block,True,COMPLETE
103,-0.0016559721242364045,2025-12-08 13:54:55.637643,2025-12-08 13:54:57.325872,0 days 00:00:01.688229,0.004706166245997487,0.6127542409211164,extensive,final,elastic,pca_block,True,COMPLETE
104,-0.0016559721242364045,2025-12-08 13:54:57.325872,2025-12-08 13:54:58.818750,0 days 00:00:01.492878,0.0020698961130555683,0.85060227127833,extensive,final,elastic,pca_block,True,COMPLETE
105,-0.0016559721242364045,2025-12-08 13:54:58.818750,2025-12-08 13:55:00.317908,0 days 00:00:01.499158,0.07795908378208982,0.12150565900487345,extensive,final,elastic,pca_block,True,COMPLETE
106,-0.0016559721242364045,2025-12-08 13:55:00.317908,2025-12-08 13:55:01.719355,0 days 00:00:01.401447,0.022944100869022977,0.06517501100732627,extensive,final,elastic,pca_block,True,COMPLETE
107,-0.0016559721242364045,2025-12-08 13:55:01.719863,2025-12-08 13:55:03.218015,0 days 00:00:01.498152,0.0010861527677034054,0.9131482035948422,extensive,final,elastic,pca_block,True,COMPLETE
108,-0.0016559721242364045,2025-12-08 13:55:03.219254,2025-12-08 13:55:04.654901,0 days 00:00:01.435647,0.055147108825269624,0.3375934172911401,extensive,final,elastic,pca_block,True,COMPLETE
109,-0.0016559721242364045,2025-12-08 13:55:04.654901,2025-12-08 13:55:06.022260,0 days 00:00:01.367359,0.009022608118335308,0.43374379020555553,extensive,final,elastic,pca_block,True,COMPLETE
110,-0.0016559721242364045,2025-12-08 13:55:06.022260,2025-12-08 13:55:07.484959,0 days 00:00:01.462699,0.002499821274379284,0.965413031780978,extensive,final,elastic,pca_block,True,COMPLETE
111,-0.0016559721242364045,2025-12-08 13:55:07.484959,2025-12-08 13:55:08.874822,0 days 00:00:01.389863,0.01681300330867382,0.5839453629637733,extensive,final,elastic,pca_block,True,COMPLETE
112,-0.0016559721242364045,2025-12-08 13:55:08.874822,2025-12-08 13:55:10.371445,0 days 00:00:01.496623,0.03213638350570806,0.07553873228398493,extensive,final,elastic,pca_block,True,COMPLETE
