number,value,datetime_start,datetime_complete,duration,params_enet_alpha,params_enet_l1_ratio,user_attrs_feat_level,user_attrs_label,user_attrs_model_type,user_attrs_pca_mode,user_attrs_use_PCA,state
228,-0.0016559721242364045,2025-12-08 13:42:09.857800,2025-12-08 13:42:11.391783,0 days 00:00:01.533983,0.020830806440427688,0.8096348056125763,extensive,final,elastic,pca_only,True,COMPLETE
229,-0.011195938695458022,2025-12-08 13:42:11.391783,2025-12-08 13:42:12.840858,0 days 00:00:01.449075,0.0010224217893329275,0.4961419136572319,extensive,final,elastic,pca_only,True,COMPLETE
230,-0.0016559721242364045,2025-12-08 13:42:12.841501,2025-12-08 13:42:14.375557,0 days 00:00:01.534056,0.006141627757726775,0.8333585761272113,extensive,final,elastic,pca_only,True,COMPLETE
231,-0.0016559721242364045,2025-12-08 13:42:14.375557,2025-12-08 13:42:15.974709,0 days 00:00:01.599152,0.012005377596247282,0.1943445163662943,extensive,final,elastic,pca_only,True,COMPLETE
232,-0.0016559721242364045,2025-12-08 13:42:15.974709,2025-12-08 13:42:17.527368,0 days 00:00:01.552659,0.01025550083842565,0.2152792548971804,extensive,final,elastic,pca_only,True,COMPLETE
233,-0.0016559721242364045,2025-12-08 13:42:17.527368,2025-12-08 13:42:18.991982,0 days 00:00:01.464614,0.014886517318566165,0.23927289457388068,extensive,final,elastic,pca_only,True,COMPLETE
234,-0.0016559721242364045,2025-12-08 13:42:18.991982,2025-12-08 13:42:21.062345,0 days 00:00:02.070363,0.003260564813232627,0.29354133208858973,extensive,final,elastic,pca_only,True,COMPLETE
235,-0.0016559721242364045,2025-12-08 13:42:21.062345,2025-12-08 13:42:22.791399,0 days 00:00:01.729054,0.00927404035163164,0.7004703484370753,extensive,final,elastic,pca_only,True,COMPLETE
236,-0.0016559721242364045,2025-12-08 13:42:22.791905,2025-12-08 13:42:24.493035,0 days 00:00:01.701130,0.012559815171833789,0.273595440034221,extensive,final,elastic,pca_only,True,COMPLETE
237,-0.0016559721242364045,2025-12-08 13:42:24.493035,2025-12-08 13:42:26.007095,0 days 00:00:01.514060,0.08235707705713217,0.21932605343891354,extensive,final,elastic,pca_only,True,COMPLETE
238,-0.0016559721242364045,2025-12-08 13:42:26.008217,2025-12-08 13:42:27.559333,0 days 00:00:01.551116,0.03296472693515103,0.019868110707669084,extensive,final,elastic,pca_only,True,COMPLETE
239,-0.0016559721242364045,2025-12-08 13:42:27.560332,2025-12-08 13:42:29.077513,0 days 00:00:01.517181,0.016892403404326763,0.4450163001789595,extensive,final,elastic,pca_only,True,COMPLETE
240,-0.0016559721242364045,2025-12-08 13:42:29.077513,2025-12-08 13:42:30.628210,0 days 00:00:01.550697,0.024221090590840183,0.8520091305939171,extensive,final,elastic,pca_only,True,COMPLETE
241,-0.0016559721242364045,2025-12-08 13:42:30.628210,2025-12-08 13:42:32.241864,0 days 00:00:01.613654,0.038816059678848505,0.17130683255964005,extensive,final,elastic,pca_only,True,COMPLETE
242,-0.0016559721242364045,2025-12-08 13:42:32.242183,2025-12-08 13:42:33.759026,0 days 00:00:01.516843,0.02078513306759542,0.10857782440043724,extensive,final,elastic,pca_only,True,COMPLETE
243,-0.0016559721242364045,2025-12-08 13:42:33.759026,2025-12-08 13:42:35.307448,0 days 00:00:01.548422,0.0474153940211991,0.18377884739669953,extensive,final,elastic,pca_only,True,COMPLETE
244,-0.0016559721242364045,2025-12-08 13:42:35.307448,2025-12-08 13:42:36.793155,0 days 00:00:01.485707,0.029684793147144083,0.1265546255500204,extensive,final,elastic,pca_only,True,COMPLETE
245,-0.0016559721242364045,2025-12-08 13:42:36.793155,2025-12-08 13:42:38.458768,0 days 00:00:01.665613,0.06474414280029045,0.07928958257541678,extensive,final,elastic,pca_only,True,COMPLETE
246,-0.0016559721242364045,2025-12-08 13:42:38.459137,2025-12-08 13:42:40.078778,0 days 00:00:01.619641,0.024053010700001803,0.6649536794056969,extensive,final,elastic,pca_only,True,COMPLETE
247,-951.4033673275839,2025-12-08 13:42:40.078778,2025-12-08 13:42:41.711158,0 days 00:00:01.632380,0.0007860098532133115,0.14954201059798916,extensive,final,elastic,pca_only,True,COMPLETE
248,-0.0016559721242364045,2025-12-08 13:42:41.711822,2025-12-08 13:42:43.292674,0 days 00:00:01.580852,0.01843346819438455,0.20347979390977758,extensive,final,elastic,pca_only,True,COMPLETE
249,-4238.474220170688,2025-12-08 13:42:43.293298,2025-12-08 13:42:44.843201,0 days 00:00:01.549903,0.0011916173747123105,0.04243406499663957,extensive,final,elastic,pca_only,True,COMPLETE
250,-0.0016559721242364045,2025-12-08 13:42:44.843201,2025-12-08 13:42:46.476046,0 days 00:00:01.632845,0.007088480174432891,0.9821333415862965,extensive,final,elastic,pca_only,True,COMPLETE
251,-0.0016559721242364045,2025-12-08 13:42:46.476902,2025-12-08 13:42:48.093462,0 days 00:00:01.616560,0.05359242617890861,0.9546924264642088,extensive,final,elastic,pca_only,True,COMPLETE
252,-0.0016559721242364045,2025-12-08 13:42:48.094467,2025-12-08 13:42:49.695511,0 days 00:00:01.601044,0.04129313852331893,0.415400824679583,extensive,final,elastic,pca_only,True,COMPLETE
253,-0.0016559721242364045,2025-12-08 13:42:49.696462,2025-12-08 13:42:51.243367,0 days 00:00:01.546905,0.01435927729720801,0.24877882391772912,extensive,final,elastic,pca_only,True,COMPLETE
254,-0.0016559721242364045,2025-12-08 13:42:51.243367,2025-12-08 13:42:52.824551,0 days 00:00:01.581184,0.02772696791698522,0.9260892933347383,extensive,final,elastic,pca_only,True,COMPLETE
255,-0.0016559721242364045,2025-12-08 13:42:52.824551,2025-12-08 13:42:54.377040,0 days 00:00:01.552489,0.005363040616616028,0.5944842160821476,extensive,final,elastic,pca_only,True,COMPLETE
256,-150.53128118576925,2025-12-08 13:42:54.377040,2025-12-08 13:42:56.010048,0 days 00:00:01.633008,0.000498480726399513,0.4701742806456597,extensive,final,elastic,pca_only,True,COMPLETE
257,-0.0016559721242364045,2025-12-08 13:42:56.011271,2025-12-08 13:42:57.508890,0 days 00:00:01.497619,0.0018678533738677513,0.6276050933562398,extensive,final,elastic,pca_only,True,COMPLETE
258,-0.0016559721242364045,2025-12-08 13:42:57.510057,2025-12-08 13:42:59.325455,0 days 00:00:01.815398,0.03520293121537526,0.16315554039422125,extensive,final,elastic,pca_only,True,COMPLETE
259,-0.0016559721242364045,2025-12-08 13:42:59.326454,2025-12-08 13:43:01.007713,0 days 00:00:01.681259,0.00961705008672975,0.31999820397367024,extensive,final,elastic,pca_only,True,COMPLETE
260,-0.0016559721242364045,2025-12-08 13:43:01.007713,2025-12-08 13:43:02.613913,0 days 00:00:01.606200,0.062101202776919974,0.05836959580138926,extensive,final,elastic,pca_only,True,COMPLETE
261,-0.0016559721242364045,2025-12-08 13:43:02.614966,2025-12-08 13:43:04.195040,0 days 00:00:01.580074,0.0803608023356302,0.7883055676805624,extensive,final,elastic,pca_only,True,COMPLETE
262,-0.0016559721242364045,2025-12-08 13:43:04.195721,2025-12-08 13:43:05.728201,0 days 00:00:01.532480,0.0193661839283854,0.538458621083806,extensive,final,elastic,pca_only,True,COMPLETE
263,-0.0016559721242364045,2025-12-08 13:43:05.729203,2025-12-08 13:43:07.293146,0 days 00:00:01.563943,0.004307772329348087,0.772762045776219,extensive,final,elastic,pca_only,True,COMPLETE
264,-0.0016559721242364045,2025-12-08 13:43:07.293146,2025-12-08 13:43:08.827895,0 days 00:00:01.534749,0.012326773998771115,0.5187217170431981,extensive,final,elastic,pca_only,True,COMPLETE
265,-0.0016559721242364045,2025-12-08 13:43:08.827895,2025-12-08 13:43:10.394817,0 days 00:00:01.566922,0.04493261027332041,0.644127909535417,extensive,final,elastic,pca_only,True,COMPLETE
266,-0.0016559721242364045,2025-12-08 13:43:10.394817,2025-12-08 13:43:11.960910,0 days 00:00:01.566093,0.008717552163495552,0.2250233608116952,extensive,final,elastic,pca_only,True,COMPLETE
267,-0.0016559721242364045,2025-12-08 13:43:11.961415,2025-12-08 13:43:13.511045,0 days 00:00:01.549630,0.09214936079288479,0.7203917413724792,extensive,final,elastic,pca_only,True,COMPLETE
268,-4227.028057180264,2025-12-08 13:43:13.512251,2025-12-08 13:43:14.994986,0 days 00:00:01.482735,0.00013830649112765183,0.3581823108222187,extensive,final,elastic,pca_only,True,COMPLETE
269,-0.0016559721242364045,2025-12-08 13:43:14.994986,2025-12-08 13:43:16.648214,0 days 00:00:01.653228,0.015760851928359083,0.6889475392537114,extensive,final,elastic,pca_only,True,COMPLETE
270,-0.0016559721242364045,2025-12-08 13:43:16.648214,2025-12-08 13:43:18.165364,0 days 00:00:01.517150,0.0064396496606380456,0.8623082245332678,extensive,final,elastic,pca_only,True,COMPLETE
271,-4494.5486913435025,2025-12-08 13:43:18.165364,2025-12-08 13:43:19.961785,0 days 00:00:01.796421,2.1738576065152937e-05,0.2790138517385201,extensive,final,elastic,pca_only,True,COMPLETE
272,-0.0016559721242364045,2025-12-08 13:43:19.961785,2025-12-08 13:43:21.580683,0 days 00:00:01.618898,0.03273768378985523,0.2564639711546664,extensive,final,elastic,pca_only,True,COMPLETE
273,-0.0016559721242364045,2025-12-08 13:43:21.580683,2025-12-08 13:43:23.096893,0 days 00:00:01.516210,0.053527463823592324,0.10486623088237268,extensive,final,elastic,pca_only,True,COMPLETE
274,-0.0016559721242364045,2025-12-08 13:43:23.097894,2025-12-08 13:43:24.713568,0 days 00:00:01.615674,0.024597535732721554,0.3055282184782071,extensive,final,elastic,pca_only,True,COMPLETE
275,-0.0016559721242364045,2025-12-08 13:43:24.714440,2025-12-08 13:43:26.295042,0 days 00:00:01.580602,0.038767528233041026,0.9977683373203616,extensive,final,elastic,pca_only,True,COMPLETE
276,-163.8027922668029,2025-12-08 13:43:26.295554,2025-12-08 13:43:27.926518,0 days 00:00:01.630964,0.06979350446135815,0.003013625724285516,extensive,final,elastic,pca_only,True,COMPLETE
277,-0.0016559721242364045,2025-12-08 13:43:27.927525,2025-12-08 13:43:29.462433,0 days 00:00:01.534908,0.018813317870804824,0.14549956238107822,extensive,final,elastic,pca_only,True,COMPLETE
278,-0.0016559721242364045,2025-12-08 13:43:29.462433,2025-12-08 13:43:31.029025,0 days 00:00:01.566592,0.011284245696438603,0.20031210181018003,extensive,final,elastic,pca_only,True,COMPLETE
279,-0.0016559721242364045,2025-12-08 13:43:31.029025,2025-12-08 13:43:32.581569,0 days 00:00:01.552544,0.02686995694859969,0.8871396888010079,extensive,final,elastic,pca_only,True,COMPLETE
280,-0.0016559721242364045,2025-12-08 13:43:32.581569,2025-12-08 13:43:34.165186,0 days 00:00:01.583617,0.007695954529709385,0.7599584444398677,extensive,final,elastic,pca_only,True,COMPLETE
281,-0.0016559721242364045,2025-12-08 13:43:34.165186,2025-12-08 13:43:35.775019,0 days 00:00:01.609833,0.059243524245209685,0.566898224985738,extensive,final,elastic,pca_only,True,COMPLETE
282,-55.27616864455012,2025-12-08 13:43:35.775019,2025-12-08 13:43:37.496226,0 days 00:00:01.721207,0.000971703215851579,0.33925840307338284,extensive,final,elastic,pca_only,True,COMPLETE
283,-0.0016559721242364045,2025-12-08 13:43:37.496226,2025-12-08 13:43:39.197988,0 days 00:00:01.701762,0.002637314075274047,0.7442919725419674,extensive,final,elastic,pca_only,True,COMPLETE
284,-0.0016559721242364045,2025-12-08 13:43:39.198994,2025-12-08 13:43:40.732404,0 days 00:00:01.533410,0.04741141215831508,0.17515069580800835,extensive,final,elastic,pca_only,True,COMPLETE
285,-0.0016559721242364045,2025-12-08 13:43:40.732404,2025-12-08 13:43:42.579507,0 days 00:00:01.847103,0.0032088749704290214,0.9148417177392083,extensive,final,elastic,pca_only,True,COMPLETE
286,-0.0016559721242364045,2025-12-08 13:43:42.580519,2025-12-08 13:43:44.149134,0 days 00:00:01.568615,0.014429883552248916,0.4959303917074264,extensive,final,elastic,pca_only,True,COMPLETE
287,-0.0016559721242364045,2025-12-08 13:43:44.149134,2025-12-08 13:43:45.764149,0 days 00:00:01.615015,0.004838084310539314,0.8368208307888996,extensive,final,elastic,pca_only,True,COMPLETE
288,-1971.4168325700473,2025-12-08 13:43:45.764149,2025-12-08 13:43:47.430194,0 days 00:00:01.666045,0.0006873446130173053,0.13415642877544437,extensive,final,elastic,pca_only,True,COMPLETE
289,-0.0016559721242364045,2025-12-08 13:43:47.431246,2025-12-08 13:43:49.198413,0 days 00:00:01.767167,0.09938697039587215,0.6755895627136026,extensive,final,elastic,pca_only,True,COMPLETE
290,-0.0016559721242364045,2025-12-08 13:43:49.199604,2025-12-08 13:43:50.795507,0 days 00:00:01.595903,0.020621405446722606,0.8164210089726016,extensive,final,elastic,pca_only,True,COMPLETE
291,-0.0016559721242364045,2025-12-08 13:43:50.796598,2025-12-08 13:43:52.347109,0 days 00:00:01.550511,0.03666114005254104,0.9557120696032823,extensive,final,elastic,pca_only,True,COMPLETE
292,-68.93436470864884,2025-12-08 13:43:52.347109,2025-12-08 13:43:53.913685,0 days 00:00:01.566576,0.001387601765694382,0.23211213760479765,extensive,final,elastic,pca_only,True,COMPLETE
293,-0.0016559721242364045,2025-12-08 13:43:53.913685,2025-12-08 13:43:55.396767,0 days 00:00:01.483082,0.06974168477874483,0.2793667308151787,extensive,final,elastic,pca_only,True,COMPLETE
294,-0.0016559721242364045,2025-12-08 13:43:55.397416,2025-12-08 13:43:56.963936,0 days 00:00:01.566520,0.03227938063524039,0.07644180659483417,extensive,final,elastic,pca_only,True,COMPLETE
295,-0.0016559721242364045,2025-12-08 13:43:56.963936,2025-12-08 13:43:58.566281,0 days 00:00:01.602345,0.00981470968945362,0.43282825025498406,extensive,final,elastic,pca_only,True,COMPLETE
296,-0.0016559721242364045,2025-12-08 13:43:58.566281,2025-12-08 13:44:00.146924,0 days 00:00:01.580643,0.016067086767969727,0.701040720619301,extensive,final,elastic,pca_only,True,COMPLETE
297,-0.0016559721242364045,2025-12-08 13:44:00.148057,2025-12-08 13:44:01.683170,0 days 00:00:01.535113,0.004030869126139395,0.9328909336563503,extensive,final,elastic,pca_only,True,COMPLETE
298,-0.0016559721242364045,2025-12-08 13:44:01.683170,2025-12-08 13:44:03.297537,0 days 00:00:01.614367,0.0058960464843992475,0.6186003751050074,extensive,final,elastic,pca_only,True,COMPLETE
299,-0.0016559721242364045,2025-12-08 13:44:03.297537,2025-12-08 13:44:04.847668,0 days 00:00:01.550131,0.0788732746291944,0.20185760390534507,extensive,final,elastic,pca_only,True,COMPLETE
