number,value,datetime_start,datetime_complete,duration,params_lasso_alpha,user_attrs_feat_level,user_attrs_label,user_attrs_model_type,user_attrs_pca_mode,user_attrs_use_PCA,state
0,-0.0016559721242364045,2025-12-08 13:28:59.428149,2025-12-08 13:29:00.826645,0 days 00:00:01.398496,0.500749083830163,extensive,final,lasso,pca_block,True,COMPLETE
1,-0.19831091007515647,2025-12-08 13:29:00.826645,2025-12-08 13:29:02.210425,0 days 00:00:01.383780,0.0002809538099473401,extensive,final,lasso,pca_block,True,COMPLETE
2,-0.0016559721242364045,2025-12-08 13:29:02.211556,2025-12-08 13:29:03.680084,0 days 00:00:01.468528,0.0064362029485852896,extensive,final,lasso,pca_block,True,COMPLETE
3,-0.0016559721242364045,2025-12-08 13:29:03.680084,2025-12-08 13:29:05.165338,0 days 00:00:01.485254,4.414007849491318,extensive,final,lasso,pca_block,True,COMPLETE
4,-0.0042447240558171435,2025-12-08 13:29:05.165338,2025-12-08 13:29:06.894144,0 days 00:00:01.728806,0.00041668309629435475,extensive,final,lasso,pca_block,True,COMPLETE
5,-0.0016559721242364045,2025-12-08 13:29:06.895646,2025-12-08 13:29:08.930289,0 days 00:00:02.034643,6.117899878686071,extensive,final,lasso,pca_block,True,COMPLETE
6,-0.0016559721242364045,2025-12-08 13:29:08.931301,2025-12-08 13:29:10.843901,0 days 00:00:01.912600,1.4615944684367632,extensive,final,lasso,pca_block,True,COMPLETE
7,-0.002356485876132982,2025-12-08 13:29:10.843901,2025-12-08 13:29:12.556785,0 days 00:00:01.712884,0.0004707154269619621,extensive,final,lasso,pca_block,True,COMPLETE
8,-0.0016559721242364045,2025-12-08 13:29:12.557785,2025-12-08 13:29:14.099081,0 days 00:00:01.541296,7.03843775316638,extensive,final,lasso,pca_block,True,COMPLETE
9,-0.0016559721242364045,2025-12-08 13:29:14.099081,2025-12-08 13:29:15.648861,0 days 00:00:01.549780,0.014564194368482105,extensive,final,lasso,pca_block,True,COMPLETE
10,-0.0016559721242364045,2025-12-08 13:29:15.648861,2025-12-08 13:29:17.147896,0 days 00:00:01.499035,0.18118199422118988,extensive,final,lasso,pca_block,True,COMPLETE
11,-0.0016559721242364045,2025-12-08 13:29:17.147896,2025-12-08 13:29:18.698063,0 days 00:00:01.550167,0.008794795694834686,extensive,final,lasso,pca_block,True,COMPLETE
12,-0.0016559721242364045,2025-12-08 13:29:18.698063,2025-12-08 13:29:20.512724,0 days 00:00:01.814661,0.15738012186100725,extensive,final,lasso,pca_block,True,COMPLETE
13,-0.0016559721242364045,2025-12-08 13:29:20.513845,2025-12-08 13:29:22.279089,0 days 00:00:01.765244,0.0029387401230009237,extensive,final,lasso,pca_block,True,COMPLETE
14,-0.0016559721242364045,2025-12-08 13:29:22.279594,2025-12-08 13:29:23.846411,0 days 00:00:01.566817,0.07454813111164926,extensive,final,lasso,pca_block,True,COMPLETE
15,-0.0016559721242364045,2025-12-08 13:29:23.846916,2025-12-08 13:29:25.532949,0 days 00:00:01.686033,0.6222545607820452,extensive,final,lasso,pca_block,True,COMPLETE
16,-0.0016559721242364045,2025-12-08 13:29:25.532949,2025-12-08 13:29:27.198902,0 days 00:00:01.665953,0.0026314521393211643,extensive,final,lasso,pca_block,True,COMPLETE
17,-0.0016559721242364045,2025-12-08 13:29:27.198902,2025-12-08 13:29:28.648548,0 days 00:00:01.449646,0.039338439271596276,extensive,final,lasso,pca_block,True,COMPLETE
18,-0.0016559721242364045,2025-12-08 13:29:28.648548,2025-12-08 13:29:30.097947,0 days 00:00:01.449399,0.7416341875899473,extensive,final,lasso,pca_block,True,COMPLETE
19,-0.0016559721242364045,2025-12-08 13:29:30.098904,2025-12-08 13:29:31.531526,0 days 00:00:01.432622,0.002213641658348219,extensive,final,lasso,pca_block,True,COMPLETE
20,-0.0016559721242364045,2025-12-08 13:29:31.532534,2025-12-08 13:29:32.980583,0 days 00:00:01.448049,0.01033214597223099,extensive,final,lasso,pca_block,True,COMPLETE
21,-0.0016559721242364045,2025-12-08 13:29:32.980583,2025-12-08 13:29:34.412038,0 days 00:00:01.431455,1.6268999437823999,extensive,final,lasso,pca_block,True,COMPLETE
22,-0.0016559721242364045,2025-12-08 13:29:34.413039,2025-12-08 13:29:35.845521,0 days 00:00:01.432482,2.7863163900882557,extensive,final,lasso,pca_block,True,COMPLETE
23,-0.0016559721242364045,2025-12-08 13:29:35.847393,2025-12-08 13:29:37.347711,0 days 00:00:01.500318,0.4253126145153301,extensive,final,lasso,pca_block,True,COMPLETE
24,-0.0016559721242364045,2025-12-08 13:29:37.347711,2025-12-08 13:29:38.912857,0 days 00:00:01.565146,0.20441483898812304,extensive,final,lasso,pca_block,True,COMPLETE
25,-0.0016559721242364045,2025-12-08 13:29:38.913710,2025-12-08 13:29:40.548261,0 days 00:00:01.634551,3.3608077319185448,extensive,final,lasso,pca_block,True,COMPLETE
26,-0.0016559721242364045,2025-12-08 13:29:40.549261,2025-12-08 13:29:41.964494,0 days 00:00:01.415233,0.04230023271198563,extensive,final,lasso,pca_block,True,COMPLETE
27,-3.0226683463539614,2025-12-08 13:29:41.964494,2025-12-08 13:29:43.397391,0 days 00:00:01.432897,0.00010078365124938127,extensive,final,lasso,pca_block,True,COMPLETE
28,-0.0016559721242364045,2025-12-08 13:29:43.398683,2025-12-08 13:29:44.897784,0 days 00:00:01.499101,1.2033384684120618,extensive,final,lasso,pca_block,True,COMPLETE
29,-0.0016559721242364045,2025-12-08 13:29:44.898831,2025-12-08 13:29:46.347627,0 days 00:00:01.448796,0.2996960985394251,extensive,final,lasso,pca_block,True,COMPLETE
30,-0.0016559721242364045,2025-12-08 13:29:46.348096,2025-12-08 13:29:47.650924,0 days 00:00:01.302828,3.279753364213895,extensive,final,lasso,pca_block,True,COMPLETE
31,-0.0016559721242364045,2025-12-08 13:29:47.651251,2025-12-08 13:29:49.066501,0 days 00:00:01.415250,8.499938471048491,extensive,final,lasso,pca_block,True,COMPLETE
32,-0.0016559721242364045,2025-12-08 13:29:49.066501,2025-12-08 13:29:50.481406,0 days 00:00:01.414905,5.46548463243347,extensive,final,lasso,pca_block,True,COMPLETE
33,-0.0016559721242364045,2025-12-08 13:29:50.481406,2025-12-08 13:29:51.863603,0 days 00:00:01.382197,0.0009728069766205739,extensive,final,lasso,pca_block,True,COMPLETE
34,-0.0016559721242364045,2025-12-08 13:29:51.864614,2025-12-08 13:29:53.315226,0 days 00:00:01.450612,1.839992089311376,extensive,final,lasso,pca_block,True,COMPLETE
35,-0.0016559721242364045,2025-12-08 13:29:53.315226,2025-12-08 13:29:54.848502,0 days 00:00:01.533276,0.10141155757390921,extensive,final,lasso,pca_block,True,COMPLETE
36,-0.0016559721242364045,2025-12-08 13:29:54.848502,2025-12-08 13:29:56.331483,0 days 00:00:01.482981,4.939836661132611,extensive,final,lasso,pca_block,True,COMPLETE
37,-0.0016559721242364045,2025-12-08 13:29:56.332033,2025-12-08 13:29:57.699982,0 days 00:00:01.367949,9.693286881791401,extensive,final,lasso,pca_block,True,COMPLETE
38,-0.0016559721242364045,2025-12-08 13:29:57.700902,2025-12-08 13:29:59.065871,0 days 00:00:01.364969,0.004915810280406407,extensive,final,lasso,pca_block,True,COMPLETE
39,-0.0016559721242364045,2025-12-08 13:29:59.066868,2025-12-08 13:30:00.448563,0 days 00:00:01.381695,1.1626658147126243,extensive,final,lasso,pca_block,True,COMPLETE
40,-0.0016559721242364045,2025-12-08 13:30:00.448563,2025-12-08 13:30:01.830297,0 days 00:00:01.381734,0.027182338497684033,extensive,final,lasso,pca_block,True,COMPLETE
41,-0.0016559721242364045,2025-12-08 13:30:01.830297,2025-12-08 13:30:03.215133,0 days 00:00:01.384836,2.3121063072525843,extensive,final,lasso,pca_block,True,COMPLETE
42,-0.0016559721242364045,2025-12-08 13:30:03.215663,2025-12-08 13:30:04.550367,0 days 00:00:01.334704,0.796138236754668,extensive,final,lasso,pca_block,True,COMPLETE
43,-0.0016559721242364045,2025-12-08 13:30:04.551365,2025-12-08 13:30:05.864215,0 days 00:00:01.312850,3.722189419808244,extensive,final,lasso,pca_block,True,COMPLETE
44,-0.0016559721242364045,2025-12-08 13:30:05.864215,2025-12-08 13:30:07.232368,0 days 00:00:01.368153,0.01923313341664302,extensive,final,lasso,pca_block,True,COMPLETE
45,-0.0016559721242364045,2025-12-08 13:30:07.232368,2025-12-08 13:30:08.550714,0 days 00:00:01.318346,0.482752058085885,extensive,final,lasso,pca_block,True,COMPLETE
46,-0.0016559721242364045,2025-12-08 13:30:08.550714,2025-12-08 13:30:09.898941,0 days 00:00:01.348227,0.0008904637467212175,extensive,final,lasso,pca_block,True,COMPLETE
47,-0.0016559721242364045,2025-12-08 13:30:09.898941,2025-12-08 13:30:11.299103,0 days 00:00:01.400162,5.6072691412313125,extensive,final,lasso,pca_block,True,COMPLETE
48,-0.0016559721242364045,2025-12-08 13:30:11.299481,2025-12-08 13:30:12.966631,0 days 00:00:01.667150,0.0058222029801250795,extensive,final,lasso,pca_block,True,COMPLETE
49,-0.0016559721242364045,2025-12-08 13:30:12.966631,2025-12-08 13:30:14.568433,0 days 00:00:01.601802,1.1351088032104255,extensive,final,lasso,pca_block,True,COMPLETE
50,-0.0016559721242364045,2025-12-08 13:30:14.568433,2025-12-08 13:30:15.999181,0 days 00:00:01.430748,0.06469657589469203,extensive,final,lasso,pca_block,True,COMPLETE
51,-0.0016559721242364045,2025-12-08 13:30:15.999544,2025-12-08 13:30:17.383307,0 days 00:00:01.383763,9.2843561107425,extensive,final,lasso,pca_block,True,COMPLETE
52,-0.0016559721242364045,2025-12-08 13:30:17.383307,2025-12-08 13:30:18.866791,0 days 00:00:01.483484,5.727244973337393,extensive,final,lasso,pca_block,True,COMPLETE
53,-0.0016559721242364045,2025-12-08 13:30:18.866791,2025-12-08 13:30:20.331995,0 days 00:00:01.465204,2.0022340889384425,extensive,final,lasso,pca_block,True,COMPLETE
54,-0.0016559721242364045,2025-12-08 13:30:20.332937,2025-12-08 13:30:21.841728,0 days 00:00:01.508791,4.274333076001507,extensive,final,lasso,pca_block,True,COMPLETE
55,-0.0016559721242364045,2025-12-08 13:30:21.841728,2025-12-08 13:30:23.300114,0 days 00:00:01.458386,0.7866503164556314,extensive,final,lasso,pca_block,True,COMPLETE
56,-0.0016559721242364045,2025-12-08 13:30:23.300114,2025-12-08 13:30:24.735806,0 days 00:00:01.435692,1.513071032537278,extensive,final,lasso,pca_block,True,COMPLETE
57,-0.0016559721242364045,2025-12-08 13:30:24.735806,2025-12-08 13:30:26.136066,0 days 00:00:01.400260,0.27729418080278945,extensive,final,lasso,pca_block,True,COMPLETE
58,-0.0016559721242364045,2025-12-08 13:30:26.136066,2025-12-08 13:30:27.619395,0 days 00:00:01.483329,2.3023345174325756,extensive,final,lasso,pca_block,True,COMPLETE
59,-0.0016559721242364045,2025-12-08 13:30:27.619395,2025-12-08 13:30:29.117768,0 days 00:00:01.498373,6.68078741324585,extensive,final,lasso,pca_block,True,COMPLETE
60,-0.0016559721242364045,2025-12-08 13:30:29.117768,2025-12-08 13:30:30.636282,0 days 00:00:01.518514,3.4101331717526717,extensive,final,lasso,pca_block,True,COMPLETE
61,-0.0016559721242364045,2025-12-08 13:30:30.636282,2025-12-08 13:30:32.069828,0 days 00:00:01.433546,0.01266785587862348,extensive,final,lasso,pca_block,True,COMPLETE
62,-0.0016559721242364045,2025-12-08 13:30:32.069828,2025-12-08 13:30:33.553182,0 days 00:00:01.483354,0.0162024717983402,extensive,final,lasso,pca_block,True,COMPLETE
63,-0.0016559721242364045,2025-12-08 13:30:33.553182,2025-12-08 13:30:35.033744,0 days 00:00:01.480562,0.004830864689468951,extensive,final,lasso,pca_block,True,COMPLETE
64,-0.0016559721242364045,2025-12-08 13:30:35.033744,2025-12-08 13:30:36.501301,0 days 00:00:01.467557,0.002908130666809079,extensive,final,lasso,pca_block,True,COMPLETE
65,-0.0016559721242364045,2025-12-08 13:30:36.501301,2025-12-08 13:30:37.951651,0 days 00:00:01.450350,0.0072517665710511315,extensive,final,lasso,pca_block,True,COMPLETE
66,-0.0016559721242364045,2025-12-08 13:30:37.951651,2025-12-08 13:30:39.417318,0 days 00:00:01.465667,0.028724803888110044,extensive,final,lasso,pca_block,True,COMPLETE
67,-0.0016559721242364045,2025-12-08 13:30:39.417729,2025-12-08 13:30:40.884708,0 days 00:00:01.466979,7.362657200554121,extensive,final,lasso,pca_block,True,COMPLETE
68,-0.0016559721242364045,2025-12-08 13:30:40.884708,2025-12-08 13:30:42.417851,0 days 00:00:01.533143,0.12399290285334287,extensive,final,lasso,pca_block,True,COMPLETE
69,-0.0016559721242364045,2025-12-08 13:30:42.417851,2025-12-08 13:30:43.888156,0 days 00:00:01.470305,0.0016432653883095077,extensive,final,lasso,pca_block,True,COMPLETE
70,-0.0016559721242364045,2025-12-08 13:30:43.888156,2025-12-08 13:30:45.351211,0 days 00:00:01.463055,0.051294085435848014,extensive,final,lasso,pca_block,True,COMPLETE
71,-0.0016559721242364045,2025-12-08 13:30:45.351211,2025-12-08 13:30:47.117872,0 days 00:00:01.766661,0.2293239698979649,extensive,final,lasso,pca_block,True,COMPLETE
72,-0.0016559721242364045,2025-12-08 13:30:47.118880,2025-12-08 13:30:48.801752,0 days 00:00:01.682872,0.4659952388140738,extensive,final,lasso,pca_block,True,COMPLETE
73,-0.0016559721242364045,2025-12-08 13:30:48.801752,2025-12-08 13:30:50.334421,0 days 00:00:01.532669,0.16403969910497232,extensive,final,lasso,pca_block,True,COMPLETE
74,-0.0016559721242364045,2025-12-08 13:30:50.335228,2025-12-08 13:30:51.801153,0 days 00:00:01.465925,2.880007321315411,extensive,final,lasso,pca_block,True,COMPLETE
75,-0.0016559721242364045,2025-12-08 13:30:51.801995,2025-12-08 13:30:53.268202,0 days 00:00:01.466207,0.9720276579604638,extensive,final,lasso,pca_block,True,COMPLETE
76,-0.0016559721242364045,2025-12-08 13:30:53.268805,2025-12-08 13:30:54.736454,0 days 00:00:01.467649,0.5616509061483906,extensive,final,lasso,pca_block,True,COMPLETE
77,-0.0016559721242364045,2025-12-08 13:30:54.736454,2025-12-08 13:30:56.219550,0 days 00:00:01.483096,0.08793863088527272,extensive,final,lasso,pca_block,True,COMPLETE
78,-0.0016559721242364045,2025-12-08 13:30:56.219550,2025-12-08 13:30:57.671647,0 days 00:00:01.452097,0.009069276408951154,extensive,final,lasso,pca_block,True,COMPLETE
79,-0.0016559721242364045,2025-12-08 13:30:57.671647,2025-12-08 13:30:59.154741,0 days 00:00:01.483094,1.4625603643518497,extensive,final,lasso,pca_block,True,COMPLETE
80,-0.0016559721242364045,2025-12-08 13:30:59.154741,2025-12-08 13:31:00.502740,0 days 00:00:01.347999,0.30889979436199094,extensive,final,lasso,pca_block,True,COMPLETE
81,-0.0016559721242364045,2025-12-08 13:31:00.502740,2025-12-08 13:31:01.935790,0 days 00:00:01.433050,0.004014838578706868,extensive,final,lasso,pca_block,True,COMPLETE
82,-0.0016559721242364045,2025-12-08 13:31:01.935790,2025-12-08 13:31:03.537389,0 days 00:00:01.601599,0.00785221521905247,extensive,final,lasso,pca_block,True,COMPLETE
83,-0.0016559721242364045,2025-12-08 13:31:03.537389,2025-12-08 13:31:05.019276,0 days 00:00:01.481887,0.013801738070022036,extensive,final,lasso,pca_block,True,COMPLETE
84,-0.0016559721242364045,2025-12-08 13:31:05.019276,2025-12-08 13:31:06.469256,0 days 00:00:01.449980,4.453794529213938,extensive,final,lasso,pca_block,True,COMPLETE
85,-0.3420583753711677,2025-12-08 13:31:06.469256,2025-12-08 13:31:07.818557,0 days 00:00:01.349301,0.0001884294356996551,extensive,final,lasso,pca_block,True,COMPLETE
86,-0.0016559721242364045,2025-12-08 13:31:07.818557,2025-12-08 13:31:09.638445,0 days 00:00:01.819888,0.022751982387241097,extensive,final,lasso,pca_block,True,COMPLETE
87,-0.0016559721242364045,2025-12-08 13:31:09.638445,2025-12-08 13:31:11.189881,0 days 00:00:01.551436,2.4468723188452097,extensive,final,lasso,pca_block,True,COMPLETE
88,-0.0016559721242364045,2025-12-08 13:31:11.189881,2025-12-08 13:31:12.636901,0 days 00:00:01.447020,0.03700889636554844,extensive,final,lasso,pca_block,True,COMPLETE
89,-0.0016559721242364045,2025-12-08 13:31:12.637899,2025-12-08 13:31:14.189576,0 days 00:00:01.551677,0.0017246331763084472,extensive,final,lasso,pca_block,True,COMPLETE
90,-0.0016559721242364045,2025-12-08 13:31:14.189576,2025-12-08 13:31:15.687691,0 days 00:00:01.498115,0.010079018661741794,extensive,final,lasso,pca_block,True,COMPLETE
91,-0.0016559721242364045,2025-12-08 13:31:15.687691,2025-12-08 13:31:17.157103,0 days 00:00:01.469412,0.38913862730805876,extensive,final,lasso,pca_block,True,COMPLETE
92,-0.0016559721242364045,2025-12-08 13:31:17.157103,2025-12-08 13:31:18.639046,0 days 00:00:01.481943,0.12624602682869346,extensive,final,lasso,pca_block,True,COMPLETE
93,-0.0016559721242364045,2025-12-08 13:31:18.639046,2025-12-08 13:31:20.089732,0 days 00:00:01.450686,0.15831004150759934,extensive,final,lasso,pca_block,True,COMPLETE
94,-0.0016559721242364045,2025-12-08 13:31:20.089732,2025-12-08 13:31:21.604046,0 days 00:00:01.514314,7.783182164890637,extensive,final,lasso,pca_block,True,COMPLETE
95,-0.0016559721242364045,2025-12-08 13:31:21.605046,2025-12-08 13:31:23.154816,0 days 00:00:01.549770,0.055741125160393014,extensive,final,lasso,pca_block,True,COMPLETE
96,-0.0016559721242364045,2025-12-08 13:31:23.154816,2025-12-08 13:31:24.685404,0 days 00:00:01.530588,0.6390186476550329,extensive,final,lasso,pca_block,True,COMPLETE
97,-0.0016559721242364045,2025-12-08 13:31:24.686409,2025-12-08 13:31:26.071362,0 days 00:00:01.384953,1.7593995186015685,extensive,final,lasso,pca_block,True,COMPLETE
98,-0.0016559721242364045,2025-12-08 13:31:26.072363,2025-12-08 13:31:27.572660,0 days 00:00:01.500297,4.033010355718211,extensive,final,lasso,pca_block,True,COMPLETE
99,-0.0016559721242364045,2025-12-08 13:31:27.572660,2025-12-08 13:31:29.039463,0 days 00:00:01.466803,5.534988826936119,extensive,final,lasso,pca_block,True,COMPLETE
100,-0.0016559721242364045,2025-12-08 13:31:29.039463,2025-12-08 13:31:30.453797,0 days 00:00:01.414334,0.9952381815844171,extensive,final,lasso,pca_block,True,COMPLETE
101,-0.0016559721242364045,2025-12-08 13:31:30.453797,2025-12-08 13:31:31.937112,0 days 00:00:01.483315,0.002737657663795212,extensive,final,lasso,pca_block,True,COMPLETE
102,-0.0016559721242364045,2025-12-08 13:31:31.937112,2025-12-08 13:31:33.335839,0 days 00:00:01.398727,0.004843506260315027,extensive,final,lasso,pca_block,True,COMPLETE
103,-0.0016559721242364045,2025-12-08 13:31:33.335839,2025-12-08 13:31:34.673992,0 days 00:00:01.338153,0.0035087979289166443,extensive,final,lasso,pca_block,True,COMPLETE
104,-0.0016559721242364045,2025-12-08 13:31:34.673992,2025-12-08 13:31:36.386466,0 days 00:00:01.712474,0.00087972951349419,extensive,final,lasso,pca_block,True,COMPLETE
105,-0.0016559721242364045,2025-12-08 13:31:36.386466,2025-12-08 13:31:37.850953,0 days 00:00:01.464487,0.00648318644632888,extensive,final,lasso,pca_block,True,COMPLETE
106,-0.0016559721242364045,2025-12-08 13:31:37.850953,2025-12-08 13:31:39.237050,0 days 00:00:01.386097,0.018935938276590535,extensive,final,lasso,pca_block,True,COMPLETE
107,-0.0016559721242364045,2025-12-08 13:31:39.237050,2025-12-08 13:31:40.554550,0 days 00:00:01.317500,3.15843858808062,extensive,final,lasso,pca_block,True,COMPLETE
108,-0.0016559721242364045,2025-12-08 13:31:40.554550,2025-12-08 13:31:41.904276,0 days 00:00:01.349726,0.011451225147671945,extensive,final,lasso,pca_block,True,COMPLETE
109,-0.0016559721242364045,2025-12-08 13:31:41.904898,2025-12-08 13:31:43.222037,0 days 00:00:01.317139,0.21373072624989958,extensive,final,lasso,pca_block,True,COMPLETE
110,-0.0016559721242364045,2025-12-08 13:31:43.222037,2025-12-08 13:31:44.554873,0 days 00:00:01.332836,0.0019083069443193424,extensive,final,lasso,pca_block,True,COMPLETE
111,-0.0016559721242364045,2025-12-08 13:31:44.555894,2025-12-08 13:31:45.888448,0 days 00:00:01.332554,0.09471758230171837,extensive,final,lasso,pca_block,True,COMPLETE
112,-0.0016559721242364045,2025-12-08 13:31:45.888448,2025-12-08 13:31:47.220690,0 days 00:00:01.332242,0.07548582557566345,extensive,final,lasso,pca_block,True,COMPLETE
113,-0.0016559721242364045,2025-12-08 13:31:47.221362,2025-12-08 13:31:48.539230,0 days 00:00:01.317868,0.36747343475353084,extensive,final,lasso,pca_block,True,COMPLETE
114,-0.0016559721242364045,2025-12-08 13:31:48.539230,2025-12-08 13:31:50.090247,0 days 00:00:01.551017,0.0012852269721267309,extensive,final,lasso,pca_block,True,COMPLETE
115,-0.0016559721242364045,2025-12-08 13:31:50.090247,2025-12-08 13:31:51.438482,0 days 00:00:01.348235,0.1623986826823725,extensive,final,lasso,pca_block,True,COMPLETE
116,-0.0016559721242364045,2025-12-08 13:31:51.438482,2025-12-08 13:31:52.787016,0 days 00:00:01.348534,6.724329472642336,extensive,final,lasso,pca_block,True,COMPLETE
117,-0.0016559721242364045,2025-12-08 13:31:52.788017,2025-12-08 13:31:54.120772,0 days 00:00:01.332755,9.740839313733572,extensive,final,lasso,pca_block,True,COMPLETE
118,-0.0016559721242364045,2025-12-08 13:31:54.120772,2025-12-08 13:31:55.472120,0 days 00:00:01.351348,0.008479098592150248,extensive,final,lasso,pca_block,True,COMPLETE
119,-0.0016559721242364045,2025-12-08 13:31:55.472120,2025-12-08 13:31:56.886318,0 days 00:00:01.414198,0.03956267654122513,extensive,final,lasso,pca_block,True,COMPLETE
120,-0.0016559721242364045,2025-12-08 13:31:56.886318,2025-12-08 13:31:58.191466,0 days 00:00:01.305148,0.2789711897165939,extensive,final,lasso,pca_block,True,COMPLETE
121,-0.0016559721242364045,2025-12-08 13:31:58.191466,2025-12-08 13:31:59.522674,0 days 00:00:01.331208,0.6079698951814763,extensive,final,lasso,pca_block,True,COMPLETE
122,-0.0016559721242364045,2025-12-08 13:31:59.522674,2025-12-08 13:32:00.887661,0 days 00:00:01.364987,1.3676913713782122,extensive,final,lasso,pca_block,True,COMPLETE
123,-0.0016559721242364045,2025-12-08 13:32:00.888664,2025-12-08 13:32:02.240421,0 days 00:00:01.351757,0.02357928921139686,extensive,final,lasso,pca_block,True,COMPLETE
124,-0.0016559721242364045,2025-12-08 13:32:02.240421,2025-12-08 13:32:03.558431,0 days 00:00:01.318010,0.801280246423981,extensive,final,lasso,pca_block,True,COMPLETE
125,-0.0016559721242364045,2025-12-08 13:32:03.558431,2025-12-08 13:32:04.904299,0 days 00:00:01.345868,0.1321802147985769,extensive,final,lasso,pca_block,True,COMPLETE
126,-0.0016559721242364045,2025-12-08 13:32:04.905697,2025-12-08 13:32:06.271702,0 days 00:00:01.366005,0.00350876470007063,extensive,final,lasso,pca_block,True,COMPLETE
127,-0.0016559721242364045,2025-12-08 13:32:06.271702,2025-12-08 13:32:07.589375,0 days 00:00:01.317673,0.005497591495481867,extensive,final,lasso,pca_block,True,COMPLETE
