number,value,datetime_start,datetime_complete,duration,params_lasso_alpha,user_attrs_feat_level,user_attrs_label,user_attrs_model_type,user_attrs_pca_mode,user_attrs_use_PCA,state
254,-0.0016559721242364045,2025-12-08 13:27:48.644889,2025-12-08 13:27:50.174324,0 days 00:00:01.529435,0.010923834284780509,extensive,final,lasso,pca_hybrid,True,COMPLETE
255,-0.0016559721242364045,2025-12-08 13:27:50.176475,2025-12-08 13:27:51.691078,0 days 00:00:01.514603,0.6309978590142108,extensive,final,lasso,pca_hybrid,True,COMPLETE
256,-0.0016559721242364045,2025-12-08 13:27:51.692789,2025-12-08 13:27:53.323117,0 days 00:00:01.630328,2.6984307789000916,extensive,final,lasso,pca_hybrid,True,COMPLETE
257,-0.0016559721242364045,2025-12-08 13:27:53.323117,2025-12-08 13:27:54.854447,0 days 00:00:01.531330,0.003333131309010254,extensive,final,lasso,pca_hybrid,True,COMPLETE
258,-0.0016559721242364045,2025-12-08 13:27:54.854447,2025-12-08 13:27:56.468189,0 days 00:00:01.613742,0.9422334003266198,extensive,final,lasso,pca_hybrid,True,COMPLETE
259,-0.0016559721242364045,2025-12-08 13:27:56.468189,2025-12-08 13:27:58.275413,0 days 00:00:01.807224,0.0012657527777776684,extensive,final,lasso,pca_hybrid,True,COMPLETE
260,-0.0016559721242364045,2025-12-08 13:27:58.275958,2025-12-08 13:27:59.872352,0 days 00:00:01.596394,0.00570846277530651,extensive,final,lasso,pca_hybrid,True,COMPLETE
261,-0.0016559721242364045,2025-12-08 13:27:59.872352,2025-12-08 13:28:01.390678,0 days 00:00:01.518326,0.09830038143778164,extensive,final,lasso,pca_hybrid,True,COMPLETE
262,-0.0016559721242364045,2025-12-08 13:28:01.390678,2025-12-08 13:28:02.918258,0 days 00:00:01.527580,3.952498997309084,extensive,final,lasso,pca_hybrid,True,COMPLETE
263,-0.0016559721242364045,2025-12-08 13:28:02.918258,2025-12-08 13:28:04.470086,0 days 00:00:01.551828,0.057699255755320616,extensive,final,lasso,pca_hybrid,True,COMPLETE
264,-0.0016559721242364045,2025-12-08 13:28:04.470086,2025-12-08 13:28:06.007522,0 days 00:00:01.537436,5.9069867619229095,extensive,final,lasso,pca_hybrid,True,COMPLETE
265,-0.0016559721242364045,2025-12-08 13:28:06.007522,2025-12-08 13:28:07.593195,0 days 00:00:01.585673,0.2701223099706734,extensive,final,lasso,pca_hybrid,True,COMPLETE
266,-0.0016559721242364045,2025-12-08 13:28:07.594199,2025-12-08 13:28:09.110006,0 days 00:00:01.515807,0.004003601741706072,extensive,final,lasso,pca_hybrid,True,COMPLETE
267,-0.0016559721242364045,2025-12-08 13:28:09.110006,2025-12-08 13:28:10.593313,0 days 00:00:01.483307,0.002131586940124355,extensive,final,lasso,pca_hybrid,True,COMPLETE
268,-0.0016559721242364045,2025-12-08 13:28:10.593313,2025-12-08 13:28:11.926445,0 days 00:00:01.333132,1.705822655517007,extensive,final,lasso,pca_hybrid,True,COMPLETE
269,-0.0016559721242364045,2025-12-08 13:28:11.926445,2025-12-08 13:28:13.391218,0 days 00:00:01.464773,0.027853909874040805,extensive,final,lasso,pca_hybrid,True,COMPLETE
270,-0.0016559721242364045,2025-12-08 13:28:13.391218,2025-12-08 13:28:14.891861,0 days 00:00:01.500643,0.006035272057778389,extensive,final,lasso,pca_hybrid,True,COMPLETE
271,-0.0016559721242364045,2025-12-08 13:28:14.892318,2025-12-08 13:28:16.338088,0 days 00:00:01.445770,0.001608484154535237,extensive,final,lasso,pca_hybrid,True,COMPLETE
272,-0.0016559721242364045,2025-12-08 13:28:16.338088,2025-12-08 13:28:18.093231,0 days 00:00:01.755143,0.19609904418102284,extensive,final,lasso,pca_hybrid,True,COMPLETE
273,-0.0016559721242364045,2025-12-08 13:28:18.093231,2025-12-08 13:28:19.693429,0 days 00:00:01.600198,0.04556453948559155,extensive,final,lasso,pca_hybrid,True,COMPLETE
274,-0.0016559721242364045,2025-12-08 13:28:19.693429,2025-12-08 13:28:21.258499,0 days 00:00:01.565070,0.021004998528913573,extensive,final,lasso,pca_hybrid,True,COMPLETE
275,-0.0016559721242364045,2025-12-08 13:28:21.258499,2025-12-08 13:28:22.791781,0 days 00:00:01.533282,0.4029646819549721,extensive,final,lasso,pca_hybrid,True,COMPLETE
276,-0.0016559721242364045,2025-12-08 13:28:22.793358,2025-12-08 13:28:24.337830,0 days 00:00:01.544472,1.2913854423420958,extensive,final,lasso,pca_hybrid,True,COMPLETE
277,-0.0016559721242364045,2025-12-08 13:28:24.337830,2025-12-08 13:28:25.874310,0 days 00:00:01.536480,0.0029309944995850896,extensive,final,lasso,pca_hybrid,True,COMPLETE
278,-0.0016559721242364045,2025-12-08 13:28:25.874310,2025-12-08 13:28:27.393388,0 days 00:00:01.519078,0.008910244727084876,extensive,final,lasso,pca_hybrid,True,COMPLETE
279,-0.0016559721242364045,2025-12-08 13:28:27.393388,2025-12-08 13:28:28.909838,0 days 00:00:01.516450,0.004670426428729711,extensive,final,lasso,pca_hybrid,True,COMPLETE
280,-0.00172376920956759,2025-12-08 13:28:28.910458,2025-12-08 13:28:30.506547,0 days 00:00:01.596089,0.0008074302043707121,extensive,final,lasso,pca_hybrid,True,COMPLETE
281,-0.0016559721242364045,2025-12-08 13:28:30.506547,2025-12-08 13:28:32.076818,0 days 00:00:01.570271,8.213011314935692,extensive,final,lasso,pca_hybrid,True,COMPLETE
282,-0.0016559721242364045,2025-12-08 13:28:32.076818,2025-12-08 13:28:33.611811,0 days 00:00:01.534993,0.12953164273674475,extensive,final,lasso,pca_hybrid,True,COMPLETE
283,-0.0016559721242364045,2025-12-08 13:28:33.612816,2025-12-08 13:28:35.194715,0 days 00:00:01.581899,0.7582768535484762,extensive,final,lasso,pca_hybrid,True,COMPLETE
284,-0.0016559721242364045,2025-12-08 13:28:35.195266,2025-12-08 13:28:36.794846,0 days 00:00:01.599580,2.1496737480831825,extensive,final,lasso,pca_hybrid,True,COMPLETE
285,-0.0016559721242364045,2025-12-08 13:28:36.794846,2025-12-08 13:28:38.281363,0 days 00:00:01.486517,0.0702541629941382,extensive,final,lasso,pca_hybrid,True,COMPLETE
286,-122.19062961909607,2025-12-08 13:28:38.281679,2025-12-08 13:28:39.743914,0 days 00:00:01.462235,0.00011191452153103293,extensive,final,lasso,pca_hybrid,True,COMPLETE
287,-0.0016559721242364045,2025-12-08 13:28:39.744922,2025-12-08 13:28:41.257822,0 days 00:00:01.512900,0.032261409733019636,extensive,final,lasso,pca_hybrid,True,COMPLETE
288,-0.0016559721242364045,2025-12-08 13:28:41.257822,2025-12-08 13:28:42.843933,0 days 00:00:01.586111,0.01242701445255344,extensive,final,lasso,pca_hybrid,True,COMPLETE
289,-0.0016559721242364045,2025-12-08 13:28:42.844943,2025-12-08 13:28:44.291251,0 days 00:00:01.446308,1.0243324393155788,extensive,final,lasso,pca_hybrid,True,COMPLETE
290,-0.0016559721242364045,2025-12-08 13:28:44.291251,2025-12-08 13:28:46.064383,0 days 00:00:01.773132,0.00790914642848856,extensive,final,lasso,pca_hybrid,True,COMPLETE
291,-0.0016559721242364045,2025-12-08 13:28:46.064383,2025-12-08 13:28:47.577406,0 days 00:00:01.513023,0.10640233985378368,extensive,final,lasso,pca_hybrid,True,COMPLETE
292,-0.0016559721242364045,2025-12-08 13:28:47.578636,2025-12-08 13:28:49.006558,0 days 00:00:01.427922,0.5140944621168312,extensive,final,lasso,pca_hybrid,True,COMPLETE
293,-0.0016559721242364045,2025-12-08 13:28:49.006558,2025-12-08 13:28:50.485986,0 days 00:00:01.479428,0.0025327881864435613,extensive,final,lasso,pca_hybrid,True,COMPLETE
294,-0.0016559721242364045,2025-12-08 13:28:50.485986,2025-12-08 13:28:51.812520,0 days 00:00:01.326534,0.16187828134017845,extensive,final,lasso,pca_hybrid,True,COMPLETE
295,-0.0016559721242364045,2025-12-08 13:28:51.812520,2025-12-08 13:28:53.306229,0 days 00:00:01.493709,0.0049156660703713806,extensive,final,lasso,pca_hybrid,True,COMPLETE
296,-0.0016559721242364045,2025-12-08 13:28:53.306229,2025-12-08 13:28:54.813735,0 days 00:00:01.507506,0.0036042994042100084,extensive,final,lasso,pca_hybrid,True,COMPLETE
297,-0.0016559721242364045,2025-12-08 13:28:54.814875,2025-12-08 13:28:56.385353,0 days 00:00:01.570478,0.6493386482331782,extensive,final,lasso,pca_hybrid,True,COMPLETE
298,-0.0016559721242364045,2025-12-08 13:28:56.385353,2025-12-08 13:28:57.914500,0 days 00:00:01.529147,3.2741481202386202,extensive,final,lasso,pca_hybrid,True,COMPLETE
299,-0.0016559721242364045,2025-12-08 13:28:57.915768,2025-12-08 13:28:59.426716,0 days 00:00:01.510948,0.006248904581771486,extensive,final,lasso,pca_hybrid,True,COMPLETE
