number,value,datetime_start,datetime_complete,duration,params_lasso_alpha,user_attrs_feat_level,user_attrs_label,user_attrs_model_type,user_attrs_pca_mode,user_attrs_use_PCA,state
0,-0.0016559721242364045,2025-12-08 13:21:31.719395,2025-12-08 13:21:33.201915,0 days 00:00:01.482520,0.004088726167607177,extensive,final,lasso,pca_hybrid,True,COMPLETE
1,-0.0016559721242364045,2025-12-08 13:21:33.201915,2025-12-08 13:21:34.572363,0 days 00:00:01.370448,1.080251116221146,extensive,final,lasso,pca_hybrid,True,COMPLETE
2,-0.0016559721242364045,2025-12-08 13:21:34.572363,2025-12-08 13:21:35.998553,0 days 00:00:01.426190,0.005039284678426523,extensive,final,lasso,pca_hybrid,True,COMPLETE
3,-0.0016559721242364045,2025-12-08 13:21:35.998553,2025-12-08 13:21:37.453693,0 days 00:00:01.455140,2.0626137625937573,extensive,final,lasso,pca_hybrid,True,COMPLETE
4,-0.0016559721242364045,2025-12-08 13:21:37.453693,2025-12-08 13:21:38.899016,0 days 00:00:01.445323,0.8912356763349621,extensive,final,lasso,pca_hybrid,True,COMPLETE
5,-0.0016559721242364045,2025-12-08 13:21:38.899016,2025-12-08 13:21:40.367330,0 days 00:00:01.468314,0.007099699737238504,extensive,final,lasso,pca_hybrid,True,COMPLETE
6,-0.0016559721242364045,2025-12-08 13:21:40.367330,2025-12-08 13:21:41.834452,0 days 00:00:01.467122,0.1302354054345432,extensive,final,lasso,pca_hybrid,True,COMPLETE
7,-0.0016559721242364045,2025-12-08 13:21:41.835960,2025-12-08 13:21:43.269022,0 days 00:00:01.433062,0.12018618926660092,extensive,final,lasso,pca_hybrid,True,COMPLETE
8,-0.0016559721242364045,2025-12-08 13:21:43.269022,2025-12-08 13:21:44.836305,0 days 00:00:01.567283,0.7905602773937309,extensive,final,lasso,pca_hybrid,True,COMPLETE
9,-1901.3338103986125,2025-12-08 13:21:44.836305,2025-12-08 13:21:46.282684,0 days 00:00:01.446379,0.00024352555252609866,extensive,final,lasso,pca_hybrid,True,COMPLETE
10,-280.1841659034011,2025-12-08 13:21:46.282684,2025-12-08 13:21:47.736400,0 days 00:00:01.453716,0.00010422227077848489,extensive,final,lasso,pca_hybrid,True,COMPLETE
11,-0.0016559721242364045,2025-12-08 13:21:47.737684,2025-12-08 13:21:49.217745,0 days 00:00:01.480061,0.0020242051345265603,extensive,final,lasso,pca_hybrid,True,COMPLETE
12,-0.0016559721242364045,2025-12-08 13:21:49.218751,2025-12-08 13:21:50.639010,0 days 00:00:01.420259,0.04857064457348672,extensive,final,lasso,pca_hybrid,True,COMPLETE
13,-0.0016559721242364045,2025-12-08 13:21:50.639010,2025-12-08 13:21:52.069696,0 days 00:00:01.430686,5.361697694816658,extensive,final,lasso,pca_hybrid,True,COMPLETE
14,-0.0017476581037296768,2025-12-08 13:21:52.071205,2025-12-08 13:21:53.519687,0 days 00:00:01.448482,0.0007892222260805044,extensive,final,lasso,pca_hybrid,True,COMPLETE
15,-0.0016559721242364045,2025-12-08 13:21:53.519687,2025-12-08 13:21:55.053349,0 days 00:00:01.533662,0.02783079283404237,extensive,final,lasso,pca_hybrid,True,COMPLETE
16,-0.0016559721242364045,2025-12-08 13:21:55.053349,2025-12-08 13:21:56.502332,0 days 00:00:01.448983,0.013442469080356607,extensive,final,lasso,pca_hybrid,True,COMPLETE
17,-0.0016559721242364045,2025-12-08 13:21:56.503337,2025-12-08 13:21:57.934071,0 days 00:00:01.430734,0.2657993511648293,extensive,final,lasso,pca_hybrid,True,COMPLETE
18,-0.0016559721242364045,2025-12-08 13:21:57.934071,2025-12-08 13:21:59.403154,0 days 00:00:01.469083,0.0015402208865060631,extensive,final,lasso,pca_hybrid,True,COMPLETE
19,-0.0016559721242364045,2025-12-08 13:21:59.403154,2025-12-08 13:22:00.899421,0 days 00:00:01.496267,8.144510414959626,extensive,final,lasso,pca_hybrid,True,COMPLETE
20,-0.0016559721242364045,2025-12-08 13:22:00.899421,2025-12-08 13:22:02.379976,0 days 00:00:01.480555,0.5270713038780983,extensive,final,lasso,pca_hybrid,True,COMPLETE
21,-0.0016559721242364045,2025-12-08 13:22:02.379976,2025-12-08 13:22:03.835478,0 days 00:00:01.455502,0.005139406430678893,extensive,final,lasso,pca_hybrid,True,COMPLETE
22,-0.0016559721242364045,2025-12-08 13:22:03.835478,2025-12-08 13:22:05.319316,0 days 00:00:01.483838,0.005058287342500696,extensive,final,lasso,pca_hybrid,True,COMPLETE
23,-0.0016559721242364045,2025-12-08 13:22:05.320627,2025-12-08 13:22:06.819090,0 days 00:00:01.498463,0.03466052733286391,extensive,final,lasso,pca_hybrid,True,COMPLETE
24,-0.001773790317651865,2025-12-08 13:22:06.819090,2025-12-08 13:22:08.351309,0 days 00:00:01.532219,0.0007707466080098899,extensive,final,lasso,pca_hybrid,True,COMPLETE
25,-0.0016559721242364045,2025-12-08 13:22:08.351309,2025-12-08 13:22:09.850676,0 days 00:00:01.499367,0.013045491248370877,extensive,final,lasso,pca_hybrid,True,COMPLETE
26,-0.0016559721242364045,2025-12-08 13:22:09.850676,2025-12-08 13:22:11.384931,0 days 00:00:01.534255,0.0024010602769101905,extensive,final,lasso,pca_hybrid,True,COMPLETE
27,-0.0016559721242364045,2025-12-08 13:22:11.384931,2025-12-08 13:22:12.836868,0 days 00:00:01.451937,0.08513456650819594,extensive,final,lasso,pca_hybrid,True,COMPLETE
28,-27.444341600464146,2025-12-08 13:22:12.838011,2025-12-08 13:22:14.287664,0 days 00:00:01.449653,0.00041683026877942735,extensive,final,lasso,pca_hybrid,True,COMPLETE
29,-0.0016559721242364045,2025-12-08 13:22:14.287664,2025-12-08 13:22:15.622560,0 days 00:00:01.334896,1.6798112061157082,extensive,final,lasso,pca_hybrid,True,COMPLETE
30,-0.0016559721242364045,2025-12-08 13:22:15.623064,2025-12-08 13:22:17.039731,0 days 00:00:01.416667,0.01791737476842585,extensive,final,lasso,pca_hybrid,True,COMPLETE
31,-0.0016559721242364045,2025-12-08 13:22:17.040731,2025-12-08 13:22:18.471973,0 days 00:00:01.431242,2.8222389809245216,extensive,final,lasso,pca_hybrid,True,COMPLETE
32,-0.0016559721242364045,2025-12-08 13:22:18.471973,2025-12-08 13:22:19.904473,0 days 00:00:01.432500,1.8185847208319685,extensive,final,lasso,pca_hybrid,True,COMPLETE
33,-0.0016559721242364045,2025-12-08 13:22:19.904473,2025-12-08 13:22:21.453468,0 days 00:00:01.548995,0.30832453260443754,extensive,final,lasso,pca_hybrid,True,COMPLETE
34,-0.0016559721242364045,2025-12-08 13:22:21.454650,2025-12-08 13:22:22.987046,0 days 00:00:01.532396,0.007290865914545253,extensive,final,lasso,pca_hybrid,True,COMPLETE
35,-0.0016559721242364045,2025-12-08 13:22:22.988121,2025-12-08 13:22:24.605874,0 days 00:00:01.617753,4.042551933976925,extensive,final,lasso,pca_hybrid,True,COMPLETE
36,-0.0016559721242364045,2025-12-08 13:22:24.605874,2025-12-08 13:22:26.040270,0 days 00:00:01.434396,1.086913483790687,extensive,final,lasso,pca_hybrid,True,COMPLETE
37,-0.0016559721242364045,2025-12-08 13:22:26.041270,2025-12-08 13:22:27.605569,0 days 00:00:01.564299,0.19423398685105517,extensive,final,lasso,pca_hybrid,True,COMPLETE
38,-0.0016559721242364045,2025-12-08 13:22:27.605569,2025-12-08 13:22:29.004001,0 days 00:00:01.398432,0.5689128161495273,extensive,final,lasso,pca_hybrid,True,COMPLETE
39,-0.0016559721242364045,2025-12-08 13:22:29.005016,2025-12-08 13:22:30.405950,0 days 00:00:01.400934,9.702279176290137,extensive,final,lasso,pca_hybrid,True,COMPLETE
40,-0.0016559721242364045,2025-12-08 13:22:30.405950,2025-12-08 13:22:31.855670,0 days 00:00:01.449720,0.004011862542679856,extensive,final,lasso,pca_hybrid,True,COMPLETE
41,-0.0016559721242364045,2025-12-08 13:22:31.855670,2025-12-08 13:22:33.321816,0 days 00:00:01.466146,1.0274066763965273,extensive,final,lasso,pca_hybrid,True,COMPLETE
42,-0.0016559721242364045,2025-12-08 13:22:33.322911,2025-12-08 13:22:34.803931,0 days 00:00:01.481020,2.6254167397400874,extensive,final,lasso,pca_hybrid,True,COMPLETE
43,-0.0016559721242364045,2025-12-08 13:22:34.803931,2025-12-08 13:22:36.222571,0 days 00:00:01.418640,0.0796502894351438,extensive,final,lasso,pca_hybrid,True,COMPLETE
44,-0.0016559721242364045,2025-12-08 13:22:36.222571,2025-12-08 13:22:37.675531,0 days 00:00:01.452960,0.40054631200446333,extensive,final,lasso,pca_hybrid,True,COMPLETE
45,-0.0016559721242364045,2025-12-08 13:22:37.675531,2025-12-08 13:22:39.073703,0 days 00:00:01.398172,0.14302299325782702,extensive,final,lasso,pca_hybrid,True,COMPLETE
46,-0.0016559721242364045,2025-12-08 13:22:39.074361,2025-12-08 13:22:40.508738,0 days 00:00:01.434377,0.009091127367384499,extensive,final,lasso,pca_hybrid,True,COMPLETE
47,-138.3852172221765,2025-12-08 13:22:40.508738,2025-12-08 13:22:41.956193,0 days 00:00:01.447455,0.00011004502058311371,extensive,final,lasso,pca_hybrid,True,COMPLETE
48,-0.0016559721242364045,2025-12-08 13:22:41.956193,2025-12-08 13:22:43.389229,0 days 00:00:01.433036,0.0013587243845025242,extensive,final,lasso,pca_hybrid,True,COMPLETE
49,-0.0016559721242364045,2025-12-08 13:22:43.389229,2025-12-08 13:22:44.822588,0 days 00:00:01.433359,5.739754674942418,extensive,final,lasso,pca_hybrid,True,COMPLETE
50,-0.0016559721242364045,2025-12-08 13:22:44.823255,2025-12-08 13:22:46.320191,0 days 00:00:01.496936,0.0029526735996087132,extensive,final,lasso,pca_hybrid,True,COMPLETE
51,-0.0016559721242364045,2025-12-08 13:22:46.320191,2025-12-08 13:22:47.823471,0 days 00:00:01.503280,0.01822180372782774,extensive,final,lasso,pca_hybrid,True,COMPLETE
52,-0.0016559721242364045,2025-12-08 13:22:47.823471,2025-12-08 13:22:49.372145,0 days 00:00:01.548674,0.007962226541568362,extensive,final,lasso,pca_hybrid,True,COMPLETE
53,-0.0016559721242364045,2025-12-08 13:22:49.373347,2025-12-08 13:22:50.888754,0 days 00:00:01.515407,0.0012298576158974465,extensive,final,lasso,pca_hybrid,True,COMPLETE
54,-0.0016559721242364045,2025-12-08 13:22:50.889693,2025-12-08 13:22:52.340320,0 days 00:00:01.450627,0.048819609462618124,extensive,final,lasso,pca_hybrid,True,COMPLETE
55,-0.0016559721242364045,2025-12-08 13:22:52.340320,2025-12-08 13:22:53.789910,0 days 00:00:01.449590,0.8052553612788222,extensive,final,lasso,pca_hybrid,True,COMPLETE
56,-0.0016559721242364045,2025-12-08 13:22:53.791070,2025-12-08 13:22:55.220321,0 days 00:00:01.429251,0.003110540775854338,extensive,final,lasso,pca_hybrid,True,COMPLETE
57,-0.0016559721242364045,2025-12-08 13:22:55.220321,2025-12-08 13:22:56.674407,0 days 00:00:01.454086,1.4807438124718908,extensive,final,lasso,pca_hybrid,True,COMPLETE
58,-0.0016559721242364045,2025-12-08 13:22:56.675407,2025-12-08 13:22:58.126324,0 days 00:00:01.450917,0.02674515984096019,extensive,final,lasso,pca_hybrid,True,COMPLETE
59,-0.0035676848876540213,2025-12-08 13:22:58.126324,2025-12-08 13:22:59.506046,0 days 00:00:01.379722,0.0005717706473476712,extensive,final,lasso,pca_hybrid,True,COMPLETE
60,-0.0016559721242364045,2025-12-08 13:22:59.507051,2025-12-08 13:23:00.956944,0 days 00:00:01.449893,0.0019727471898538045,extensive,final,lasso,pca_hybrid,True,COMPLETE
61,-0.0016559721242364045,2025-12-08 13:23:00.956944,2025-12-08 13:23:02.357041,0 days 00:00:01.400097,0.5594272657723347,extensive,final,lasso,pca_hybrid,True,COMPLETE
62,-0.0016559721242364045,2025-12-08 13:23:02.357041,2025-12-08 13:23:03.806230,0 days 00:00:01.449189,2.3641142869105534,extensive,final,lasso,pca_hybrid,True,COMPLETE
63,-0.0016559721242364045,2025-12-08 13:23:03.807173,2025-12-08 13:23:05.143822,0 days 00:00:01.336649,0.005614053802596223,extensive,final,lasso,pca_hybrid,True,COMPLETE
64,-0.0016559721242364045,2025-12-08 13:23:05.144920,2025-12-08 13:23:06.543484,0 days 00:00:01.398564,0.012435413845778422,extensive,final,lasso,pca_hybrid,True,COMPLETE
65,-0.0016559721242364045,2025-12-08 13:23:06.543484,2025-12-08 13:23:07.990868,0 days 00:00:01.447384,4.125768724040765,extensive,final,lasso,pca_hybrid,True,COMPLETE
66,-0.0016559721242364045,2025-12-08 13:23:07.990868,2025-12-08 13:23:09.441347,0 days 00:00:01.450479,0.05680764020808286,extensive,final,lasso,pca_hybrid,True,COMPLETE
67,-0.0016559721242364045,2025-12-08 13:23:09.441347,2025-12-08 13:23:10.906523,0 days 00:00:01.465176,0.4141970730353257,extensive,final,lasso,pca_hybrid,True,COMPLETE
68,-0.0016559721242364045,2025-12-08 13:23:10.907495,2025-12-08 13:23:12.350487,0 days 00:00:01.442992,0.17294808399745085,extensive,final,lasso,pca_hybrid,True,COMPLETE
69,-0.0016559721242364045,2025-12-08 13:23:12.350487,2025-12-08 13:23:13.777246,0 days 00:00:01.426759,1.3235323407037314,extensive,final,lasso,pca_hybrid,True,COMPLETE
70,-0.0016559721242364045,2025-12-08 13:23:13.777246,2025-12-08 13:23:15.192485,0 days 00:00:01.415239,0.021798712188280906,extensive,final,lasso,pca_hybrid,True,COMPLETE
71,-0.0016559721242364045,2025-12-08 13:23:15.193449,2025-12-08 13:23:16.642395,0 days 00:00:01.448946,0.10492774522576358,extensive,final,lasso,pca_hybrid,True,COMPLETE
72,-0.0016559721242364045,2025-12-08 13:23:16.643391,2025-12-08 13:23:18.094550,0 days 00:00:01.451159,0.8363050074112524,extensive,final,lasso,pca_hybrid,True,COMPLETE
73,-0.0016559721242364045,2025-12-08 13:23:18.095549,2025-12-08 13:23:19.511480,0 days 00:00:01.415931,0.24179415549706232,extensive,final,lasso,pca_hybrid,True,COMPLETE
74,-0.0016559721242364045,2025-12-08 13:23:19.511480,2025-12-08 13:23:21.008751,0 days 00:00:01.497271,0.12813651456700284,extensive,final,lasso,pca_hybrid,True,COMPLETE
75,-0.0016559721242364045,2025-12-08 13:23:21.008751,2025-12-08 13:23:22.642679,0 days 00:00:01.633928,0.037367192988960386,extensive,final,lasso,pca_hybrid,True,COMPLETE
76,-0.0016559721242364045,2025-12-08 13:23:22.643675,2025-12-08 13:23:24.209048,0 days 00:00:01.565373,0.07241769825177152,extensive,final,lasso,pca_hybrid,True,COMPLETE
77,-0.0016559721242364045,2025-12-08 13:23:24.209048,2025-12-08 13:23:25.608233,0 days 00:00:01.399185,0.012201884827808394,extensive,final,lasso,pca_hybrid,True,COMPLETE
78,-0.0016559721242364045,2025-12-08 13:23:25.609481,2025-12-08 13:23:27.108526,0 days 00:00:01.499045,0.005559404536735686,extensive,final,lasso,pca_hybrid,True,COMPLETE
79,-0.0016559721242364045,2025-12-08 13:23:27.109643,2025-12-08 13:23:28.592953,0 days 00:00:01.483310,2.0891616687799273,extensive,final,lasso,pca_hybrid,True,COMPLETE
80,-0.0016559721242364045,2025-12-08 13:23:28.593954,2025-12-08 13:23:30.028345,0 days 00:00:01.434391,0.3062680641002037,extensive,final,lasso,pca_hybrid,True,COMPLETE
81,-0.0016559721242364045,2025-12-08 13:23:30.028345,2025-12-08 13:23:31.561310,0 days 00:00:01.532965,0.9366557929825144,extensive,final,lasso,pca_hybrid,True,COMPLETE
82,-0.0016559721242364045,2025-12-08 13:23:31.561310,2025-12-08 13:23:33.008877,0 days 00:00:01.447567,3.7634456279261665,extensive,final,lasso,pca_hybrid,True,COMPLETE
83,-0.0016559721242364045,2025-12-08 13:23:33.009423,2025-12-08 13:23:34.458960,0 days 00:00:01.449537,0.4454597713851698,extensive,final,lasso,pca_hybrid,True,COMPLETE
84,-0.0016559721242364045,2025-12-08 13:23:34.459465,2025-12-08 13:23:35.874643,0 days 00:00:01.415178,0.7202725073757417,extensive,final,lasso,pca_hybrid,True,COMPLETE
85,-0.0016559721242364045,2025-12-08 13:23:35.874643,2025-12-08 13:23:37.375855,0 days 00:00:01.501212,0.004298218856449277,extensive,final,lasso,pca_hybrid,True,COMPLETE
86,-0.0016559721242364045,2025-12-08 13:23:37.375855,2025-12-08 13:23:38.892597,0 days 00:00:01.516742,1.3970340093773461,extensive,final,lasso,pca_hybrid,True,COMPLETE
87,-0.0016559721242364045,2025-12-08 13:23:38.892597,2025-12-08 13:23:40.325148,0 days 00:00:01.432551,6.006062685636482,extensive,final,lasso,pca_hybrid,True,COMPLETE
88,-0.0016559721242364045,2025-12-08 13:23:40.326044,2025-12-08 13:23:41.910037,0 days 00:00:01.583993,0.2185713304976849,extensive,final,lasso,pca_hybrid,True,COMPLETE
89,-0.0016559721242364045,2025-12-08 13:23:41.910037,2025-12-08 13:23:43.325341,0 days 00:00:01.415304,0.0009619808530325165,extensive,final,lasso,pca_hybrid,True,COMPLETE
90,-0.0016559721242364045,2025-12-08 13:23:43.326185,2025-12-08 13:23:44.859175,0 days 00:00:01.532990,0.0021223789272420595,extensive,final,lasso,pca_hybrid,True,COMPLETE
91,-0.0016559721242364045,2025-12-08 13:23:44.859677,2025-12-08 13:23:46.308872,0 days 00:00:01.449195,0.0035199755951065034,extensive,final,lasso,pca_hybrid,True,COMPLETE
92,-0.0016559721242364045,2025-12-08 13:23:46.309709,2025-12-08 13:23:47.679192,0 days 00:00:01.369483,0.0025709977025132934,extensive,final,lasso,pca_hybrid,True,COMPLETE
93,-0.0016559721242364045,2025-12-08 13:23:47.679192,2025-12-08 13:23:49.078978,0 days 00:00:01.399786,0.001574171875899605,extensive,final,lasso,pca_hybrid,True,COMPLETE
94,-0.0016559721242364045,2025-12-08 13:23:49.078978,2025-12-08 13:23:50.492280,0 days 00:00:01.413302,0.00951512529017193,extensive,final,lasso,pca_hybrid,True,COMPLETE
95,-0.0016559721242364045,2025-12-08 13:23:50.493400,2025-12-08 13:23:51.877055,0 days 00:00:01.383655,3.047783434434897,extensive,final,lasso,pca_hybrid,True,COMPLETE
96,-0.0016559721242364045,2025-12-08 13:23:51.877055,2025-12-08 13:23:53.309117,0 days 00:00:01.432062,0.6624208399826624,extensive,final,lasso,pca_hybrid,True,COMPLETE
97,-0.0016559721242364045,2025-12-08 13:23:53.310193,2025-12-08 13:23:54.712697,0 days 00:00:01.402504,1.0736813141811976,extensive,final,lasso,pca_hybrid,True,COMPLETE
98,-0.0016559721242364045,2025-12-08 13:23:54.712697,2025-12-08 13:23:56.111310,0 days 00:00:01.398613,0.0066808383389484124,extensive,final,lasso,pca_hybrid,True,COMPLETE
99,-0.0016559721242364045,2025-12-08 13:23:56.111310,2025-12-08 13:23:57.512984,0 days 00:00:01.401674,1.8394298667697115,extensive,final,lasso,pca_hybrid,True,COMPLETE
100,-8.365646681706847,2025-12-08 13:23:57.512984,2025-12-08 13:23:58.894117,0 days 00:00:01.381133,0.0004428398985712729,extensive,final,lasso,pca_hybrid,True,COMPLETE
101,-0.0016559721242364045,2025-12-08 13:23:58.894117,2025-12-08 13:24:00.309712,0 days 00:00:01.415595,0.04439907944840581,extensive,final,lasso,pca_hybrid,True,COMPLETE
102,-0.0016559721242364045,2025-12-08 13:24:00.310623,2025-12-08 13:24:01.810595,0 days 00:00:01.499972,0.09206843162892896,extensive,final,lasso,pca_hybrid,True,COMPLETE
103,-0.0016559721242364045,2025-12-08 13:24:01.811073,2025-12-08 13:24:03.294010,0 days 00:00:01.482937,0.016145256254388247,extensive,final,lasso,pca_hybrid,True,COMPLETE
104,-0.0016559721242364045,2025-12-08 13:24:03.294607,2025-12-08 13:24:04.728423,0 days 00:00:01.433816,0.02954729384840582,extensive,final,lasso,pca_hybrid,True,COMPLETE
105,-0.0016559721242364045,2025-12-08 13:24:04.729427,2025-12-08 13:24:06.129523,0 days 00:00:01.400096,0.061568954052551,extensive,final,lasso,pca_hybrid,True,COMPLETE
106,-0.0016559721242364045,2025-12-08 13:24:06.130403,2025-12-08 13:24:07.478401,0 days 00:00:01.347998,0.15973549433892748,extensive,final,lasso,pca_hybrid,True,COMPLETE
107,-0.0016559721242364045,2025-12-08 13:24:07.478401,2025-12-08 13:24:08.893656,0 days 00:00:01.415255,0.1165054399982266,extensive,final,lasso,pca_hybrid,True,COMPLETE
108,-0.0016559721242364045,2025-12-08 13:24:08.893656,2025-12-08 13:24:10.327833,0 days 00:00:01.434177,0.0043317866502633855,extensive,final,lasso,pca_hybrid,True,COMPLETE
109,-0.0016559721242364045,2025-12-08 13:24:10.327833,2025-12-08 13:24:11.811305,0 days 00:00:01.483472,0.0017415104286131575,extensive,final,lasso,pca_hybrid,True,COMPLETE
110,-0.0016559721242364045,2025-12-08 13:24:11.811305,2025-12-08 13:24:13.345190,0 days 00:00:01.533885,0.0009437928171460485,extensive,final,lasso,pca_hybrid,True,COMPLETE
111,-0.0016559721242364045,2025-12-08 13:24:13.345190,2025-12-08 13:24:14.844741,0 days 00:00:01.499551,9.603157185464285,extensive,final,lasso,pca_hybrid,True,COMPLETE
112,-0.0016559721242364045,2025-12-08 13:24:14.844741,2025-12-08 13:24:16.148936,0 days 00:00:01.304195,3.464813611600078,extensive,final,lasso,pca_hybrid,True,COMPLETE
113,-0.0016559721242364045,2025-12-08 13:24:16.148936,2025-12-08 13:24:17.428645,0 days 00:00:01.279709,0.4876080443716343,extensive,final,lasso,pca_hybrid,True,COMPLETE
114,-0.0016559721242364045,2025-12-08 13:24:17.428645,2025-12-08 13:24:18.878318,0 days 00:00:01.449673,7.236411779393433,extensive,final,lasso,pca_hybrid,True,COMPLETE
115,-0.0016559721242364045,2025-12-08 13:24:18.878697,2025-12-08 13:24:20.378428,0 days 00:00:01.499731,0.00932999891299307,extensive,final,lasso,pca_hybrid,True,COMPLETE
116,-0.0016559721242364045,2025-12-08 13:24:20.378428,2025-12-08 13:24:21.811792,0 days 00:00:01.433364,0.3392409588065357,extensive,final,lasso,pca_hybrid,True,COMPLETE
117,-0.0016559721242364045,2025-12-08 13:24:21.812141,2025-12-08 13:24:23.205869,0 days 00:00:01.393728,2.318941719212281,extensive,final,lasso,pca_hybrid,True,COMPLETE
118,-0.0016559721242364045,2025-12-08 13:24:23.205869,2025-12-08 13:24:24.614456,0 days 00:00:01.408587,1.4420531016380593,extensive,final,lasso,pca_hybrid,True,COMPLETE
119,-0.0016559721242364045,2025-12-08 13:24:24.614456,2025-12-08 13:24:25.978793,0 days 00:00:01.364337,4.461861360383933,extensive,final,lasso,pca_hybrid,True,COMPLETE
120,-0.0016559721242364045,2025-12-08 13:24:25.979428,2025-12-08 13:24:27.394458,0 days 00:00:01.415030,0.002611274265350336,extensive,final,lasso,pca_hybrid,True,COMPLETE
121,-0.0016559721242364045,2025-12-08 13:24:27.394458,2025-12-08 13:24:28.845856,0 days 00:00:01.451398,0.034062746398191686,extensive,final,lasso,pca_hybrid,True,COMPLETE
122,-0.0016559721242364045,2025-12-08 13:24:28.845856,2025-12-08 13:24:30.312387,0 days 00:00:01.466531,0.006825416631167433,extensive,final,lasso,pca_hybrid,True,COMPLETE
123,-0.0016559721242364045,2025-12-08 13:24:30.312753,2025-12-08 13:24:31.715796,0 days 00:00:01.403043,0.02037025327325113,extensive,final,lasso,pca_hybrid,True,COMPLETE
124,-0.0016559721242364045,2025-12-08 13:24:31.715796,2025-12-08 13:24:33.095864,0 days 00:00:01.380068,5.278098170216936,extensive,final,lasso,pca_hybrid,True,COMPLETE
125,-0.0016559721242364045,2025-12-08 13:24:33.095864,2025-12-08 13:24:34.565044,0 days 00:00:01.469180,0.02504321807111988,extensive,final,lasso,pca_hybrid,True,COMPLETE
126,-0.0016559721242364045,2025-12-08 13:24:34.565044,2025-12-08 13:24:36.012757,0 days 00:00:01.447713,0.014754642695710644,extensive,final,lasso,pca_hybrid,True,COMPLETE
