number,value,datetime_start,datetime_complete,duration,params_lasso_alpha,user_attrs_feat_level,user_attrs_label,user_attrs_model_type,user_attrs_pca_mode,user_attrs_use_PCA,state
256,-0.0016559721242364045,2025-12-08 13:35:06.067479,2025-12-08 13:35:07.400087,0 days 00:00:01.332608,8.178412079943355,extensive,final,lasso,pca_block,True,COMPLETE
257,-0.0016559721242364045,2025-12-08 13:35:07.400087,2025-12-08 13:35:08.833077,0 days 00:00:01.432990,0.005053425473789125,extensive,final,lasso,pca_block,True,COMPLETE
258,-0.0016559721242364045,2025-12-08 13:35:08.833077,2025-12-08 13:35:10.317096,0 days 00:00:01.484019,0.01035312862079185,extensive,final,lasso,pca_block,True,COMPLETE
259,-0.0016559721242364045,2025-12-08 13:35:10.317096,2025-12-08 13:35:11.733328,0 days 00:00:01.416232,0.12072515012178003,extensive,final,lasso,pca_block,True,COMPLETE
260,-0.0060159047034796425,2025-12-08 13:35:11.733328,2025-12-08 13:35:13.217213,0 days 00:00:01.483885,0.00037796405108861283,extensive,final,lasso,pca_block,True,COMPLETE
261,-0.0016559721242364045,2025-12-08 13:35:13.217213,2025-12-08 13:35:14.733423,0 days 00:00:01.516210,0.0010253503074968465,extensive,final,lasso,pca_block,True,COMPLETE
262,-0.0016559721242364045,2025-12-08 13:35:14.733423,2025-12-08 13:35:16.382502,0 days 00:00:01.649079,0.031260003181727926,extensive,final,lasso,pca_block,True,COMPLETE
263,-0.0016559721242364045,2025-12-08 13:35:16.382502,2025-12-08 13:35:17.797268,0 days 00:00:01.414766,0.1838497975905776,extensive,final,lasso,pca_block,True,COMPLETE
264,-0.0016559721242364045,2025-12-08 13:35:17.797268,2025-12-08 13:35:19.186731,0 days 00:00:01.389463,0.05183751817102224,extensive,final,lasso,pca_block,True,COMPLETE
265,-0.0016559721242364045,2025-12-08 13:35:19.186731,2025-12-08 13:35:20.585500,0 days 00:00:01.398769,0.24613456193498534,extensive,final,lasso,pca_block,True,COMPLETE
266,-0.0016559721242364045,2025-12-08 13:35:20.586004,2025-12-08 13:35:22.101099,0 days 00:00:01.515095,0.7877554496493683,extensive,final,lasso,pca_block,True,COMPLETE
267,-0.0016559721242364045,2025-12-08 13:35:22.101099,2025-12-08 13:35:23.567083,0 days 00:00:01.465984,2.342761849500139,extensive,final,lasso,pca_block,True,COMPLETE
268,-0.0016559721242364045,2025-12-08 13:35:23.567083,2025-12-08 13:35:25.032613,0 days 00:00:01.465530,0.01506040324479699,extensive,final,lasso,pca_block,True,COMPLETE
269,-0.0016559721242364045,2025-12-08 13:35:25.034304,2025-12-08 13:35:26.501373,0 days 00:00:01.467069,0.003908263764967798,extensive,final,lasso,pca_block,True,COMPLETE
270,-0.0016559721242364045,2025-12-08 13:35:26.501373,2025-12-08 13:35:28.153753,0 days 00:00:01.652380,0.007307404987802102,extensive,final,lasso,pca_block,True,COMPLETE
271,-0.0016559721242364045,2025-12-08 13:35:28.153753,2025-12-08 13:35:29.863972,0 days 00:00:01.710219,0.15534630227315255,extensive,final,lasso,pca_block,True,COMPLETE
272,-0.0016559721242364045,2025-12-08 13:35:29.863972,2025-12-08 13:35:31.482771,0 days 00:00:01.618799,0.5814826416684021,extensive,final,lasso,pca_block,True,COMPLETE
273,-0.0016559721242364045,2025-12-08 13:35:31.482771,2025-12-08 13:35:32.917978,0 days 00:00:01.435207,2.7346932057148243,extensive,final,lasso,pca_block,True,COMPLETE
274,-0.0016559721242364045,2025-12-08 13:35:32.917978,2025-12-08 13:35:34.783025,0 days 00:00:01.865047,0.3517285976099592,extensive,final,lasso,pca_block,True,COMPLETE
275,-0.0016559721242364045,2025-12-08 13:35:34.783025,2025-12-08 13:35:36.283040,0 days 00:00:01.500015,1.0981237702870101,extensive,final,lasso,pca_block,True,COMPLETE
276,-0.0016559721242364045,2025-12-08 13:35:36.283040,2025-12-08 13:35:37.767515,0 days 00:00:01.484475,5.52165917726153,extensive,final,lasso,pca_block,True,COMPLETE
277,-0.0016559721242364045,2025-12-08 13:35:37.768358,2025-12-08 13:35:39.218935,0 days 00:00:01.450577,1.6510181371709425,extensive,final,lasso,pca_block,True,COMPLETE
278,-0.0016559721242364045,2025-12-08 13:35:39.218935,2025-12-08 13:35:40.687528,0 days 00:00:01.468593,0.001911377579295051,extensive,final,lasso,pca_block,True,COMPLETE
279,-0.0016559721242364045,2025-12-08 13:35:40.687528,2025-12-08 13:35:42.186915,0 days 00:00:01.499387,0.08290538258589103,extensive,final,lasso,pca_block,True,COMPLETE
280,-0.0016559721242364045,2025-12-08 13:35:42.186915,2025-12-08 13:35:43.688833,0 days 00:00:01.501918,0.044993358677360186,extensive,final,lasso,pca_block,True,COMPLETE
281,-0.0016559721242364045,2025-12-08 13:35:43.688833,2025-12-08 13:35:45.137013,0 days 00:00:01.448180,3.8834334275263704,extensive,final,lasso,pca_block,True,COMPLETE
282,-0.0016559721242364045,2025-12-08 13:35:45.137608,2025-12-08 13:35:46.604342,0 days 00:00:01.466734,0.008611876865641438,extensive,final,lasso,pca_block,True,COMPLETE
283,-0.0016559721242364045,2025-12-08 13:35:46.604342,2025-12-08 13:35:48.088616,0 days 00:00:01.484274,0.0025809963429074324,extensive,final,lasso,pca_block,True,COMPLETE
284,-0.0016559721242364045,2025-12-08 13:35:48.089275,2025-12-08 13:35:49.702998,0 days 00:00:01.613723,0.8769264356011844,extensive,final,lasso,pca_block,True,COMPLETE
285,-0.0016559721242364045,2025-12-08 13:35:49.703994,2025-12-08 13:35:51.236920,0 days 00:00:01.532926,3.179319548213733,extensive,final,lasso,pca_block,True,COMPLETE
286,-0.0016559721242364045,2025-12-08 13:35:51.236920,2025-12-08 13:35:53.035532,0 days 00:00:01.798612,0.019434922062394687,extensive,final,lasso,pca_block,True,COMPLETE
287,-0.0016559721242364045,2025-12-08 13:35:53.035532,2025-12-08 13:35:54.521439,0 days 00:00:01.485907,0.011215461476244686,extensive,final,lasso,pca_block,True,COMPLETE
288,-0.0016559721242364045,2025-12-08 13:35:54.521439,2025-12-08 13:35:55.915834,0 days 00:00:01.394395,9.637726522278376,extensive,final,lasso,pca_block,True,COMPLETE
289,-0.0016559721242364045,2025-12-08 13:35:55.915834,2025-12-08 13:35:57.335445,0 days 00:00:01.419611,6.842672826117769,extensive,final,lasso,pca_block,True,COMPLETE
290,-0.0016559721242364045,2025-12-08 13:35:57.335838,2025-12-08 13:35:58.902904,0 days 00:00:01.567066,0.005492595729780827,extensive,final,lasso,pca_block,True,COMPLETE
291,-0.0016559721242364045,2025-12-08 13:35:58.903951,2025-12-08 13:36:00.573878,0 days 00:00:01.669927,0.03455591244280086,extensive,final,lasso,pca_block,True,COMPLETE
292,-0.0016559721242364045,2025-12-08 13:36:00.573878,2025-12-08 13:36:02.173875,0 days 00:00:01.599997,0.6484084211138542,extensive,final,lasso,pca_block,True,COMPLETE
293,-0.0016559721242364045,2025-12-08 13:36:02.173875,2025-12-08 13:36:03.719332,0 days 00:00:01.545457,0.44734632933563157,extensive,final,lasso,pca_block,True,COMPLETE
294,-0.0016559721242364045,2025-12-08 13:36:03.720433,2025-12-08 13:36:05.138145,0 days 00:00:01.417712,0.0031268603798617883,extensive,final,lasso,pca_block,True,COMPLETE
295,-0.0016559721242364045,2025-12-08 13:36:05.139145,2025-12-08 13:36:06.522256,0 days 00:00:01.383111,0.06533526955623456,extensive,final,lasso,pca_block,True,COMPLETE
296,-0.0016559721242364045,2025-12-08 13:36:06.522256,2025-12-08 13:36:07.933973,0 days 00:00:01.411717,0.025176085174341632,extensive,final,lasso,pca_block,True,COMPLETE
297,-0.0016559721242364045,2025-12-08 13:36:07.933973,2025-12-08 13:36:09.436497,0 days 00:00:01.502524,4.864806280770975,extensive,final,lasso,pca_block,True,COMPLETE
298,-0.0016559721242364045,2025-12-08 13:36:09.437001,2025-12-08 13:36:10.850819,0 days 00:00:01.413818,0.3063350416679593,extensive,final,lasso,pca_block,True,COMPLETE
299,-0.0016559721242364045,2025-12-08 13:36:10.850819,2025-12-08 13:36:12.336649,0 days 00:00:01.485830,1.2749703870382225,extensive,final,lasso,pca_block,True,COMPLETE
