number,value,datetime_start,datetime_complete,duration,params_lasso_alpha,user_attrs_feat_level,user_attrs_label,user_attrs_model_type,user_attrs_pca_mode,user_attrs_use_PCA,state
127,-0.0016559721242364045,2025-12-08 13:24:36.013518,2025-12-08 13:24:37.462503,0 days 00:00:01.448985,1.082382530013221,extensive,final,lasso,pca_hybrid,True,COMPLETE
128,-0.0016559721242364045,2025-12-08 13:24:37.463079,2025-12-08 13:24:38.863019,0 days 00:00:01.399940,0.0036286814323352517,extensive,final,lasso,pca_hybrid,True,COMPLETE
129,-0.0016559721242364045,2025-12-08 13:24:38.863019,2025-12-08 13:24:40.329549,0 days 00:00:01.466530,0.04432461136372908,extensive,final,lasso,pca_hybrid,True,COMPLETE
130,-0.0016559721242364045,2025-12-08 13:24:40.330016,2025-12-08 13:24:41.763606,0 days 00:00:01.433590,0.6042821718796788,extensive,final,lasso,pca_hybrid,True,COMPLETE
131,-0.0016559721242364045,2025-12-08 13:24:41.763606,2025-12-08 13:24:43.180798,0 days 00:00:01.417192,0.012132433271674906,extensive,final,lasso,pca_hybrid,True,COMPLETE
132,-0.0016559721242364045,2025-12-08 13:24:43.181801,2025-12-08 13:24:44.664707,0 days 00:00:01.482906,0.00493158387633426,extensive,final,lasso,pca_hybrid,True,COMPLETE
133,-0.0016559721242364045,2025-12-08 13:24:44.664707,2025-12-08 13:24:46.097226,0 days 00:00:01.432519,0.00833581814223408,extensive,final,lasso,pca_hybrid,True,COMPLETE
134,-0.0016559721242364045,2025-12-08 13:24:46.097226,2025-12-08 13:24:47.531500,0 days 00:00:01.434274,0.06546957425719759,extensive,final,lasso,pca_hybrid,True,COMPLETE
135,-0.0016559721242364045,2025-12-08 13:24:47.531500,2025-12-08 13:24:48.949741,0 days 00:00:01.418241,0.011116271662270576,extensive,final,lasso,pca_hybrid,True,COMPLETE
136,-0.0016559721242364045,2025-12-08 13:24:48.949741,2025-12-08 13:24:50.364020,0 days 00:00:01.414279,1.9136248267080145,extensive,final,lasso,pca_hybrid,True,COMPLETE
137,-0.0016559721242364045,2025-12-08 13:24:50.364020,2025-12-08 13:24:51.813709,0 days 00:00:01.449689,0.006450700922138073,extensive,final,lasso,pca_hybrid,True,COMPLETE
138,-0.0016559721242364045,2025-12-08 13:24:51.814138,2025-12-08 13:24:53.247280,0 days 00:00:01.433142,0.003033481487128853,extensive,final,lasso,pca_hybrid,True,COMPLETE
139,-0.0016559721242364045,2025-12-08 13:24:53.247280,2025-12-08 13:24:54.631453,0 days 00:00:01.384173,2.8341367257319625,extensive,final,lasso,pca_hybrid,True,COMPLETE
140,-0.0016559721242364045,2025-12-08 13:24:54.632456,2025-12-08 13:24:56.014335,0 days 00:00:01.381879,0.022289050888682296,extensive,final,lasso,pca_hybrid,True,COMPLETE
141,-0.0016559721242364045,2025-12-08 13:24:56.014335,2025-12-08 13:24:57.414218,0 days 00:00:01.399883,0.28793544128325055,extensive,final,lasso,pca_hybrid,True,COMPLETE
142,-0.0016559721242364045,2025-12-08 13:24:57.414218,2025-12-08 13:24:58.947463,0 days 00:00:01.533245,0.17988786333709467,extensive,final,lasso,pca_hybrid,True,COMPLETE
143,-0.0016559721242364045,2025-12-08 13:24:58.947991,2025-12-08 13:25:00.379910,0 days 00:00:01.431919,0.08720556900563457,extensive,final,lasso,pca_hybrid,True,COMPLETE
144,-0.0016559721242364045,2025-12-08 13:25:00.381117,2025-12-08 13:25:01.846517,0 days 00:00:01.465400,0.8009442934845096,extensive,final,lasso,pca_hybrid,True,COMPLETE
145,-0.0016559721242364045,2025-12-08 13:25:01.847858,2025-12-08 13:25:03.268198,0 days 00:00:01.420340,0.23807144540919806,extensive,final,lasso,pca_hybrid,True,COMPLETE
146,-0.0016559721242364045,2025-12-08 13:25:03.268198,2025-12-08 13:25:04.698692,0 days 00:00:01.430494,0.14310701793064695,extensive,final,lasso,pca_hybrid,True,COMPLETE
147,-0.0016559721242364045,2025-12-08 13:25:04.699693,2025-12-08 13:25:06.101387,0 days 00:00:01.401694,0.05399103064727594,extensive,final,lasso,pca_hybrid,True,COMPLETE
148,-0.0016559721242364045,2025-12-08 13:25:06.101387,2025-12-08 13:25:07.583254,0 days 00:00:01.481867,1.27725724184901,extensive,final,lasso,pca_hybrid,True,COMPLETE
149,-0.0016559721242364045,2025-12-08 13:25:07.584256,2025-12-08 13:25:09.015076,0 days 00:00:01.430820,0.017346201851525266,extensive,final,lasso,pca_hybrid,True,COMPLETE
150,-0.0016559721242364045,2025-12-08 13:25:09.015076,2025-12-08 13:25:10.464753,0 days 00:00:01.449677,0.09871325779066231,extensive,final,lasso,pca_hybrid,True,COMPLETE
151,-0.0016559721242364045,2025-12-08 13:25:10.464753,2025-12-08 13:25:11.881266,0 days 00:00:01.416513,0.0020660137375301223,extensive,final,lasso,pca_hybrid,True,COMPLETE
152,-0.0016559721242364045,2025-12-08 13:25:11.881266,2025-12-08 13:25:13.246857,0 days 00:00:01.365591,0.001029029502888924,extensive,final,lasso,pca_hybrid,True,COMPLETE
153,-0.0016559721242364045,2025-12-08 13:25:13.246857,2025-12-08 13:25:14.732233,0 days 00:00:01.485376,0.0016253121023552047,extensive,final,lasso,pca_hybrid,True,COMPLETE
154,-0.0016559721242364045,2025-12-08 13:25:14.732233,2025-12-08 13:25:16.184061,0 days 00:00:01.451828,0.0013139654001694066,extensive,final,lasso,pca_hybrid,True,COMPLETE
155,-0.0019968379908363123,2025-12-08 13:25:16.184710,2025-12-08 13:25:17.599466,0 days 00:00:01.414756,0.0006423583410187681,extensive,final,lasso,pca_hybrid,True,COMPLETE
156,-0.0016559721242364045,2025-12-08 13:25:17.600468,2025-12-08 13:25:18.998521,0 days 00:00:01.398053,0.00498549796924809,extensive,final,lasso,pca_hybrid,True,COMPLETE
157,-0.0016559721242364045,2025-12-08 13:25:18.998521,2025-12-08 13:25:20.464358,0 days 00:00:01.465837,0.39313826208988834,extensive,final,lasso,pca_hybrid,True,COMPLETE
158,-1724.6606317106016,2025-12-08 13:25:20.465693,2025-12-08 13:25:21.915373,0 days 00:00:01.449680,0.0002531740744752884,extensive,final,lasso,pca_hybrid,True,COMPLETE
159,-0.0016559721242364045,2025-12-08 13:25:21.915373,2025-12-08 13:25:23.365480,0 days 00:00:01.450107,0.04008755816537431,extensive,final,lasso,pca_hybrid,True,COMPLETE
160,-0.0016559721242364045,2025-12-08 13:25:23.365890,2025-12-08 13:25:24.798843,0 days 00:00:01.432953,0.9032207805877495,extensive,final,lasso,pca_hybrid,True,COMPLETE
161,-0.0016559721242364045,2025-12-08 13:25:24.799162,2025-12-08 13:25:26.249424,0 days 00:00:01.450262,7.890359577301377,extensive,final,lasso,pca_hybrid,True,COMPLETE
162,-0.0016559721242364045,2025-12-08 13:25:26.249424,2025-12-08 13:25:27.533401,0 days 00:00:01.283977,6.224798646052526,extensive,final,lasso,pca_hybrid,True,COMPLETE
163,-0.0016559721242364045,2025-12-08 13:25:27.533401,2025-12-08 13:25:28.916052,0 days 00:00:01.382651,4.617710432756286,extensive,final,lasso,pca_hybrid,True,COMPLETE
164,-0.0016559721242364045,2025-12-08 13:25:28.916052,2025-12-08 13:25:30.332820,0 days 00:00:01.416768,1.7349039608903496,extensive,final,lasso,pca_hybrid,True,COMPLETE
165,-0.0016559721242364045,2025-12-08 13:25:30.332820,2025-12-08 13:25:31.757268,0 days 00:00:01.424448,0.5741830395494842,extensive,final,lasso,pca_hybrid,True,COMPLETE
166,-0.0016559721242364045,2025-12-08 13:25:31.757268,2025-12-08 13:25:33.132779,0 days 00:00:01.375511,0.0034960516269811814,extensive,final,lasso,pca_hybrid,True,COMPLETE
167,-0.0016559721242364045,2025-12-08 13:25:33.133784,2025-12-08 13:25:34.466551,0 days 00:00:01.332767,0.030512936842453073,extensive,final,lasso,pca_hybrid,True,COMPLETE
168,-0.0016559721242364045,2025-12-08 13:25:34.466551,2025-12-08 13:25:35.866555,0 days 00:00:01.400004,8.905357893551203,extensive,final,lasso,pca_hybrid,True,COMPLETE
169,-0.0016559721242364045,2025-12-08 13:25:35.866555,2025-12-08 13:25:37.299339,0 days 00:00:01.432784,0.0024713107924884932,extensive,final,lasso,pca_hybrid,True,COMPLETE
170,-0.0016559721242364045,2025-12-08 13:25:37.299745,2025-12-08 13:25:39.533188,0 days 00:00:02.233443,0.07644689545737171,extensive,final,lasso,pca_hybrid,True,COMPLETE
171,-0.0016559721242364045,2025-12-08 13:25:39.534196,2025-12-08 13:25:41.185257,0 days 00:00:01.651061,0.38358423736893527,extensive,final,lasso,pca_hybrid,True,COMPLETE
172,-0.0016559721242364045,2025-12-08 13:25:41.185257,2025-12-08 13:25:42.703961,0 days 00:00:01.518704,0.6559265692459788,extensive,final,lasso,pca_hybrid,True,COMPLETE
173,-0.0016559721242364045,2025-12-08 13:25:42.703961,2025-12-08 13:25:44.234062,0 days 00:00:01.530101,0.4872946384584081,extensive,final,lasso,pca_hybrid,True,COMPLETE
174,-0.0016559721242364045,2025-12-08 13:25:44.236517,2025-12-08 13:25:45.720707,0 days 00:00:01.484190,0.2660613830228697,extensive,final,lasso,pca_hybrid,True,COMPLETE
175,-0.0016559721242364045,2025-12-08 13:25:45.720707,2025-12-08 13:25:47.216888,0 days 00:00:01.496181,1.1747258277956,extensive,final,lasso,pca_hybrid,True,COMPLETE
176,-0.0016559721242364045,2025-12-08 13:25:47.216888,2025-12-08 13:25:48.653363,0 days 00:00:01.436475,0.7915656816914372,extensive,final,lasso,pca_hybrid,True,COMPLETE
177,-0.0016559721242364045,2025-12-08 13:25:48.653363,2025-12-08 13:25:50.250943,0 days 00:00:01.597580,0.004078295077677289,extensive,final,lasso,pca_hybrid,True,COMPLETE
178,-0.0016559721242364045,2025-12-08 13:25:50.250943,2025-12-08 13:25:52.136065,0 days 00:00:01.885122,0.12797871488260174,extensive,final,lasso,pca_hybrid,True,COMPLETE
179,-0.0016559721242364045,2025-12-08 13:25:52.137066,2025-12-08 13:25:53.736710,0 days 00:00:01.599644,0.006184303970475213,extensive,final,lasso,pca_hybrid,True,COMPLETE
180,-0.0016559721242364045,2025-12-08 13:25:53.736710,2025-12-08 13:25:55.267075,0 days 00:00:01.530365,0.009644765174998012,extensive,final,lasso,pca_hybrid,True,COMPLETE
181,-0.0016559721242364045,2025-12-08 13:25:55.267507,2025-12-08 13:25:56.737184,0 days 00:00:01.469677,0.005277454080846155,extensive,final,lasso,pca_hybrid,True,COMPLETE
182,-0.0016559721242364045,2025-12-08 13:25:56.737184,2025-12-08 13:25:58.250893,0 days 00:00:01.513709,6.808653001640676,extensive,final,lasso,pca_hybrid,True,COMPLETE
183,-0.0016559721242364045,2025-12-08 13:25:58.251449,2025-12-08 13:25:59.767698,0 days 00:00:01.516249,0.20936904082306368,extensive,final,lasso,pca_hybrid,True,COMPLETE
184,-0.0016559721242364045,2025-12-08 13:25:59.768078,2025-12-08 13:26:01.283591,0 days 00:00:01.515513,0.006970138071813818,extensive,final,lasso,pca_hybrid,True,COMPLETE
185,-0.0016559721242364045,2025-12-08 13:26:01.284845,2025-12-08 13:26:02.807317,0 days 00:00:01.522472,1.0716824309877602,extensive,final,lasso,pca_hybrid,True,COMPLETE
186,-0.0016559721242364045,2025-12-08 13:26:02.807317,2025-12-08 13:26:04.351802,0 days 00:00:01.544485,0.0077978981570348115,extensive,final,lasso,pca_hybrid,True,COMPLETE
187,-0.0016559721242364045,2025-12-08 13:26:04.351802,2025-12-08 13:26:05.868057,0 days 00:00:01.516255,0.014836559015398898,extensive,final,lasso,pca_hybrid,True,COMPLETE
188,-0.0016559721242364045,2025-12-08 13:26:05.868487,2025-12-08 13:26:07.369263,0 days 00:00:01.500776,0.00442314248824102,extensive,final,lasso,pca_hybrid,True,COMPLETE
189,-0.0016559721242364045,2025-12-08 13:26:07.369768,2025-12-08 13:26:08.852144,0 days 00:00:01.482376,0.0032233913968147784,extensive,final,lasso,pca_hybrid,True,COMPLETE
190,-0.0016559721242364045,2025-12-08 13:26:08.852144,2025-12-08 13:26:10.319408,0 days 00:00:01.467264,0.5337702831878036,extensive,final,lasso,pca_hybrid,True,COMPLETE
191,-0.0016559721242364045,2025-12-08 13:26:10.319408,2025-12-08 13:26:11.985541,0 days 00:00:01.666133,0.001869101911406393,extensive,final,lasso,pca_hybrid,True,COMPLETE
192,-0.0016559721242364045,2025-12-08 13:26:11.985541,2025-12-08 13:26:13.485739,0 days 00:00:01.500198,0.005361593152862733,extensive,final,lasso,pca_hybrid,True,COMPLETE
193,-0.0016559721242364045,2025-12-08 13:26:13.485739,2025-12-08 13:26:14.985323,0 days 00:00:01.499584,0.0026540943477408015,extensive,final,lasso,pca_hybrid,True,COMPLETE
194,-0.0016559721242364045,2025-12-08 13:26:14.985835,2025-12-08 13:26:16.571709,0 days 00:00:01.585874,1.4258024620015313,extensive,final,lasso,pca_hybrid,True,COMPLETE
195,-0.0016559721242364045,2025-12-08 13:26:16.572292,2025-12-08 13:26:18.218563,0 days 00:00:01.646271,2.4104459696368443,extensive,final,lasso,pca_hybrid,True,COMPLETE
196,-0.0016559721242364045,2025-12-08 13:26:18.218563,2025-12-08 13:26:19.802689,0 days 00:00:01.584126,0.9383804938032562,extensive,final,lasso,pca_hybrid,True,COMPLETE
197,-0.0016559721242364045,2025-12-08 13:26:19.802689,2025-12-08 13:26:21.286238,0 days 00:00:01.483549,0.01083236530704714,extensive,final,lasso,pca_hybrid,True,COMPLETE
198,-0.0016559721242364045,2025-12-08 13:26:21.286238,2025-12-08 13:26:22.688967,0 days 00:00:01.402729,0.32670542584474377,extensive,final,lasso,pca_hybrid,True,COMPLETE
199,-0.0016559721242364045,2025-12-08 13:26:22.688967,2025-12-08 13:26:24.169668,0 days 00:00:01.480701,3.3531817928495626,extensive,final,lasso,pca_hybrid,True,COMPLETE
200,-0.0016559721242364045,2025-12-08 13:26:24.170172,2025-12-08 13:26:25.622229,0 days 00:00:01.452057,0.0039928358571945195,extensive,final,lasso,pca_hybrid,True,COMPLETE
201,-0.0016559721242364045,2025-12-08 13:26:25.622229,2025-12-08 13:26:27.120904,0 days 00:00:01.498675,0.0339736449264746,extensive,final,lasso,pca_hybrid,True,COMPLETE
202,-0.0016559721242364045,2025-12-08 13:26:27.121905,2025-12-08 13:26:28.621854,0 days 00:00:01.499949,0.01805181787599348,extensive,final,lasso,pca_hybrid,True,COMPLETE
203,-0.0016559721242364045,2025-12-08 13:26:28.621854,2025-12-08 13:26:30.070009,0 days 00:00:01.448155,0.028820772113543912,extensive,final,lasso,pca_hybrid,True,COMPLETE
204,-0.0016559721242364045,2025-12-08 13:26:30.070562,2025-12-08 13:26:31.523782,0 days 00:00:01.453220,0.05950285472106123,extensive,final,lasso,pca_hybrid,True,COMPLETE
205,-0.0016559721242364045,2025-12-08 13:26:31.524329,2025-12-08 13:26:33.039009,0 days 00:00:01.514680,0.0013663838945095522,extensive,final,lasso,pca_hybrid,True,COMPLETE
206,-0.0016559721242364045,2025-12-08 13:26:33.039009,2025-12-08 13:26:34.539151,0 days 00:00:01.500142,0.023306775586105707,extensive,final,lasso,pca_hybrid,True,COMPLETE
207,-0.0016559721242364045,2025-12-08 13:26:34.539151,2025-12-08 13:26:35.987245,0 days 00:00:01.448094,0.008040136519642981,extensive,final,lasso,pca_hybrid,True,COMPLETE
208,-0.0016559721242364045,2025-12-08 13:26:35.987245,2025-12-08 13:26:37.453501,0 days 00:00:01.466256,0.6636613856830992,extensive,final,lasso,pca_hybrid,True,COMPLETE
209,-0.0016559721242364045,2025-12-08 13:26:37.453501,2025-12-08 13:26:38.936627,0 days 00:00:01.483126,0.03997723818628729,extensive,final,lasso,pca_hybrid,True,COMPLETE
210,-0.0016559721242364045,2025-12-08 13:26:38.937004,2025-12-08 13:26:40.420513,0 days 00:00:01.483509,0.05191935987297909,extensive,final,lasso,pca_hybrid,True,COMPLETE
211,-0.0016559721242364045,2025-12-08 13:26:40.420513,2025-12-08 13:26:41.920458,0 days 00:00:01.499945,0.005584578258565814,extensive,final,lasso,pca_hybrid,True,COMPLETE
212,-0.0016559721242364045,2025-12-08 13:26:41.920458,2025-12-08 13:26:43.437399,0 days 00:00:01.516941,9.797849996661082,extensive,final,lasso,pca_hybrid,True,COMPLETE
213,-0.0016559721242364045,2025-12-08 13:26:43.437399,2025-12-08 13:26:44.987783,0 days 00:00:01.550384,0.015425034048177353,extensive,final,lasso,pca_hybrid,True,COMPLETE
214,-0.0016559721242364045,2025-12-08 13:26:44.987783,2025-12-08 13:26:46.387542,0 days 00:00:01.399759,0.16429795260356464,extensive,final,lasso,pca_hybrid,True,COMPLETE
215,-0.0016559721242364045,2025-12-08 13:26:46.387542,2025-12-08 13:26:47.871326,0 days 00:00:01.483784,0.013268788807076682,extensive,final,lasso,pca_hybrid,True,COMPLETE
216,-0.0016559721242364045,2025-12-08 13:26:47.871326,2025-12-08 13:26:49.591479,0 days 00:00:01.720153,0.009223078086123587,extensive,final,lasso,pca_hybrid,True,COMPLETE
217,-0.0016559721242364045,2025-12-08 13:26:49.591992,2025-12-08 13:26:51.221330,0 days 00:00:01.629338,4.978969753205822,extensive,final,lasso,pca_hybrid,True,COMPLETE
218,-0.0016559721242364045,2025-12-08 13:26:51.221330,2025-12-08 13:26:52.837527,0 days 00:00:01.616197,0.0068584496228227985,extensive,final,lasso,pca_hybrid,True,COMPLETE
219,-0.0016559721242364045,2025-12-08 13:26:52.837527,2025-12-08 13:26:54.387598,0 days 00:00:01.550071,0.01951784543514529,extensive,final,lasso,pca_hybrid,True,COMPLETE
220,-0.0016559721242364045,2025-12-08 13:26:54.388276,2025-12-08 13:26:55.916330,0 days 00:00:01.528054,0.003668313153123595,extensive,final,lasso,pca_hybrid,True,COMPLETE
221,-0.0016559721242364045,2025-12-08 13:26:55.917330,2025-12-08 13:26:57.540624,0 days 00:00:01.623294,0.002369142754096978,extensive,final,lasso,pca_hybrid,True,COMPLETE
222,-0.0016559721242364045,2025-12-08 13:26:57.540624,2025-12-08 13:26:59.071201,0 days 00:00:01.530577,0.002808640553496684,extensive,final,lasso,pca_hybrid,True,COMPLETE
223,-0.0016559721242364045,2025-12-08 13:26:59.072248,2025-12-08 13:27:00.607176,0 days 00:00:01.534928,0.0018897356148827788,extensive,final,lasso,pca_hybrid,True,COMPLETE
224,-0.0016559721242364045,2025-12-08 13:27:00.607623,2025-12-08 13:27:02.156735,0 days 00:00:01.549112,0.7892785710456259,extensive,final,lasso,pca_hybrid,True,COMPLETE
225,-0.0016559721242364045,2025-12-08 13:27:02.157694,2025-12-08 13:27:03.673469,0 days 00:00:01.515775,0.11254757549023298,extensive,final,lasso,pca_hybrid,True,COMPLETE
226,-0.0016559721242364045,2025-12-08 13:27:03.674413,2025-12-08 13:27:05.173538,0 days 00:00:01.499125,0.00306234870792943,extensive,final,lasso,pca_hybrid,True,COMPLETE
227,-0.0016559721242364045,2025-12-08 13:27:05.174536,2025-12-08 13:27:06.707658,0 days 00:00:01.533122,0.0010404016480484019,extensive,final,lasso,pca_hybrid,True,COMPLETE
228,-0.0016559721242364045,2025-12-08 13:27:06.708955,2025-12-08 13:27:08.254439,0 days 00:00:01.545484,0.004471944177849313,extensive,final,lasso,pca_hybrid,True,COMPLETE
229,-0.0016559721242364045,2025-12-08 13:27:08.254439,2025-12-08 13:27:09.839510,0 days 00:00:01.585071,0.0015669192497022246,extensive,final,lasso,pca_hybrid,True,COMPLETE
230,-0.0016559721242364045,2025-12-08 13:27:09.839510,2025-12-08 13:27:11.355254,0 days 00:00:01.515744,0.07864192148803972,extensive,final,lasso,pca_hybrid,True,COMPLETE
231,-0.0016559721242364045,2025-12-08 13:27:11.355820,2025-12-08 13:27:12.972628,0 days 00:00:01.616808,0.08240051069705377,extensive,final,lasso,pca_hybrid,True,COMPLETE
232,-0.0016559721242364045,2025-12-08 13:27:12.972628,2025-12-08 13:27:14.523571,0 days 00:00:01.550943,0.1222488619543268,extensive,final,lasso,pca_hybrid,True,COMPLETE
233,-0.0016559721242364045,2025-12-08 13:27:14.523571,2025-12-08 13:27:16.038840,0 days 00:00:01.515269,0.18521583565677166,extensive,final,lasso,pca_hybrid,True,COMPLETE
234,-0.0016559721242364045,2025-12-08 13:27:16.039848,2025-12-08 13:27:17.589417,0 days 00:00:01.549569,0.025999119107921454,extensive,final,lasso,pca_hybrid,True,COMPLETE
235,-0.0016559721242364045,2025-12-08 13:27:17.590442,2025-12-08 13:27:19.288612,0 days 00:00:01.698170,0.04145840479035761,extensive,final,lasso,pca_hybrid,True,COMPLETE
236,-0.0016559721242364045,2025-12-08 13:27:19.288612,2025-12-08 13:27:21.192382,0 days 00:00:01.903770,0.005603711209750838,extensive,final,lasso,pca_hybrid,True,COMPLETE
237,-0.0016559721242364045,2025-12-08 13:27:21.192382,2025-12-08 13:27:22.981027,0 days 00:00:01.788645,0.050331570232373064,extensive,final,lasso,pca_hybrid,True,COMPLETE
238,-0.0016559721242364045,2025-12-08 13:27:22.982097,2025-12-08 13:27:24.642839,0 days 00:00:01.660742,0.09382352691736805,extensive,final,lasso,pca_hybrid,True,COMPLETE
239,-0.0016559721242364045,2025-12-08 13:27:24.643357,2025-12-08 13:27:26.272365,0 days 00:00:01.629008,0.47371554835711627,extensive,final,lasso,pca_hybrid,True,COMPLETE
240,-0.0016559721242364045,2025-12-08 13:27:26.272365,2025-12-08 13:27:27.819997,0 days 00:00:01.547632,0.070052642031213,extensive,final,lasso,pca_hybrid,True,COMPLETE
241,-0.0016559721242364045,2025-12-08 13:27:27.821002,2025-12-08 13:27:29.387317,0 days 00:00:01.566315,2.148621447970382,extensive,final,lasso,pca_hybrid,True,COMPLETE
242,-0.0016559721242364045,2025-12-08 13:27:29.387317,2025-12-08 13:27:30.973101,0 days 00:00:01.585784,1.5308136820929235,extensive,final,lasso,pca_hybrid,True,COMPLETE
243,-0.0016559721242364045,2025-12-08 13:27:30.973101,2025-12-08 13:27:32.488374,0 days 00:00:01.515273,1.005421940324598,extensive,final,lasso,pca_hybrid,True,COMPLETE
244,-0.0016559721242364045,2025-12-08 13:27:32.488374,2025-12-08 13:27:33.982324,0 days 00:00:01.493950,1.2503426038195466,extensive,final,lasso,pca_hybrid,True,COMPLETE
245,-0.0016559721242364045,2025-12-08 13:27:33.982324,2025-12-08 13:27:35.502625,0 days 00:00:01.520301,7.041701695655904,extensive,final,lasso,pca_hybrid,True,COMPLETE
246,-0.0016559721242364045,2025-12-08 13:27:35.502625,2025-12-08 13:27:37.024942,0 days 00:00:01.522317,1.6684507978169107,extensive,final,lasso,pca_hybrid,True,COMPLETE
247,-0.0016559721242364045,2025-12-08 13:27:37.024942,2025-12-08 13:27:38.624295,0 days 00:00:01.599353,0.004441116856779821,extensive,final,lasso,pca_hybrid,True,COMPLETE
248,-0.0016559721242364045,2025-12-08 13:27:38.624295,2025-12-08 13:27:40.160041,0 days 00:00:01.535746,0.7768566108183316,extensive,final,lasso,pca_hybrid,True,COMPLETE
249,-0.0016559721242364045,2025-12-08 13:27:40.161039,2025-12-08 13:27:41.741167,0 days 00:00:01.580128,1.1857917057154772,extensive,final,lasso,pca_hybrid,True,COMPLETE
250,-0.0016559721242364045,2025-12-08 13:27:41.741167,2025-12-08 13:27:43.708018,0 days 00:00:01.966851,0.002219081059372117,extensive,final,lasso,pca_hybrid,True,COMPLETE
251,-0.0016559721242364045,2025-12-08 13:27:43.708018,2025-12-08 13:27:45.526781,0 days 00:00:01.818763,0.14269651919347767,extensive,final,lasso,pca_hybrid,True,COMPLETE
252,-0.0016559721242364045,2025-12-08 13:27:45.527414,2025-12-08 13:27:47.112179,0 days 00:00:01.584765,0.007468667981652917,extensive,final,lasso,pca_hybrid,True,COMPLETE
253,-0.0016559721242364045,2025-12-08 13:27:47.112179,2025-12-08 13:27:48.644889,0 days 00:00:01.532710,0.03532041908359932,extensive,final,lasso,pca_hybrid,True,COMPLETE
