number,value,datetime_start,datetime_complete,duration,params_lgbm_colsample_bytree,params_lgbm_learning_rate,params_lgbm_max_depth,params_lgbm_min_child_samples,params_lgbm_n_estimators,params_lgbm_num_leaves,params_lgbm_reg_alpha,params_lgbm_reg_lambda,params_lgbm_subsample,user_attrs_feat_level,user_attrs_label,user_attrs_model_type,user_attrs_pca_mode,user_attrs_use_PCA,state
0,-0.0023855694731637436,2025-12-08 13:59:57.301307,2025-12-08 14:00:01.068252,0 days 00:00:03.766945,0.55379223463738,0.018633849622908816,7,68,3991,71,0.971360477882588,0.13100484620524588,0.7450136582929829,extensive,final,lgbm,pca_only,True,COMPLETE
1,-0.0037068013606714376,2025-12-08 14:00:01.069253,2025-12-08 14:00:04.251416,0 days 00:00:03.182163,0.9301780836510403,0.03345309171368315,12,71,1055,106,0.6321331160903815,1.1492071020262122,0.850837908707073,extensive,final,lgbm,pca_only,True,COMPLETE
2,-0.0016559720935109083,2025-12-08 14:00:04.251416,2025-12-08 14:00:07.469218,0 days 00:00:03.217802,0.5511446482702094,0.006805667222662842,3,40,2740,80,4.682363330874883,0.2922205455136748,0.8871152667198151,extensive,final,lgbm,pca_only,True,COMPLETE
3,-0.0016559720935109083,2025-12-08 14:00:07.469218,2025-12-08 14:00:10.573456,0 days 00:00:03.104238,0.7972714699313832,0.0433763895872593,6,12,883,124,1.247441195675032,16.82809869291056,0.6971370510740359,extensive,final,lgbm,pca_only,True,COMPLETE
4,-0.0016559720935109083,2025-12-08 14:00:10.573456,2025-12-08 14:00:13.800593,0 days 00:00:03.227137,0.6513486806430417,0.05429994586576643,10,90,3872,99,1.8855990653392818,1.1440830999900626,0.8092015617592843,extensive,final,lgbm,pca_only,True,COMPLETE
5,-0.0017182028671814582,2025-12-08 14:00:13.801595,2025-12-08 14:00:16.786684,0 days 00:00:02.985089,0.7772467375497982,0.016920948972325822,7,21,1082,90,1.1751536186695106,1.2861395515723684,0.612895902919891,extensive,final,lgbm,pca_only,True,COMPLETE
6,-0.0016559720935109083,2025-12-08 14:00:16.787710,2025-12-08 14:00:18.721783,0 days 00:00:01.934073,0.7937028075883321,0.08835457208728117,5,50,3135,118,3.959795647743429,2.0987483080474285,0.8921448102946459,extensive,final,lgbm,pca_only,True,COMPLETE
7,-0.0016559720935109083,2025-12-08 14:00:18.721783,2025-12-08 14:00:20.485948,0 days 00:00:01.764165,0.5332146759036273,0.034327283216659156,5,88,770,69,3.1934332359094544,0.12962813377119456,0.9663269829402029,extensive,final,lgbm,pca_only,True,COMPLETE
8,-0.003813881630776006,2025-12-08 14:00:20.485948,2025-12-08 14:00:23.102591,0 days 00:00:02.616643,0.7874424917522677,0.011319945088216992,9,10,405,71,0.2801992761922967,1.7236844082028189,0.7409560317362958,extensive,final,lgbm,pca_only,True,COMPLETE
9,-0.0016559720935109083,2025-12-08 14:00:23.103843,2025-12-08 14:00:24.969694,0 days 00:00:01.865851,0.9527686363797776,0.012275436144615792,5,77,868,76,1.786785958559105,2.0387769401307168,0.6472997067295365,extensive,final,lgbm,pca_only,True,COMPLETE
10,-0.0016559720935109083,2025-12-08 14:00:24.969694,2025-12-08 14:00:26.786378,0 days 00:00:01.816684,0.6533089128280031,0.005931129982108475,3,39,2097,86,4.950897171784973,0.33456206497510294,0.963447769632299,extensive,final,lgbm,pca_only,True,COMPLETE
11,-0.0016559720935109083,2025-12-08 14:00:26.787638,2025-12-08 14:00:28.686306,0 days 00:00:01.898668,0.8813376010999843,0.005381195375510497,3,33,2112,123,2.573809475108038,19.687041725637354,0.5242720184933417,extensive,final,lgbm,pca_only,True,COMPLETE
12,-0.0016559720935109083,2025-12-08 14:00:28.687469,2025-12-08 14:00:30.453985,0 days 00:00:01.766516,0.6746190245538516,0.03590927478998473,4,27,2121,110,4.589885892573632,17.59491623259199,0.6651258010990221,extensive,final,lgbm,pca_only,True,COMPLETE
13,-0.0016559720935109083,2025-12-08 14:00:30.455207,2025-12-08 14:00:32.376276,0 days 00:00:01.921069,0.8414752869270489,0.0681452481359059,6,48,2673,87,3.3023368869678924,6.371914935785378,0.7949782849415675,extensive,final,lgbm,pca_only,True,COMPLETE
14,-0.0016559720935109083,2025-12-08 14:00:32.376276,2025-12-08 14:00:34.137379,0 days 00:00:01.761103,0.7096925445637178,0.008605929088394516,9,14,1455,79,2.2370076197196074,0.38066054968902413,0.8765592462598958,extensive,final,lgbm,pca_only,True,COMPLETE
15,-0.0016559720935109083,2025-12-08 14:00:34.137379,2025-12-08 14:00:36.204598,0 days 00:00:02.067219,0.5956629423497963,0.024835703442784542,3,60,3167,128,3.993772085760991,5.638905877497293,0.6984577133660094,extensive,final,lgbm,pca_only,True,COMPLETE
16,-0.0016559720935109083,2025-12-08 14:00:36.204598,2025-12-08 14:00:38.109106,0 days 00:00:01.904508,0.725534500822428,0.05246047073203592,8,40,1603,98,1.4087901040881554,0.45370317616776573,0.5626922120577245,extensive,final,lgbm,pca_only,True,COMPLETE
17,-0.10886394889658561,2025-12-08 14:00:38.109631,2025-12-08 14:00:44.821020,0 days 00:00:06.711389,0.5948123027889716,0.008007147652822514,6,20,2773,64,0.10668683333550488,6.0010077494617144,0.9301143640749243,extensive,final,lgbm,pca_only,True,COMPLETE
18,-0.0016559720935109083,2025-12-08 14:00:44.821020,2025-12-08 14:00:46.580462,0 days 00:00:01.759442,0.8478901581185732,0.02447896628947888,4,30,298,112,2.768249867839935,0.2282552751649893,0.9973131083837534,extensive,final,lgbm,pca_only,True,COMPLETE
19,-0.0016559720935109083,2025-12-08 14:00:46.580462,2025-12-08 14:00:48.659465,0 days 00:00:02.079003,0.5185655249647122,0.013417687212751467,12,57,1563,81,4.03609883023513,0.6607965956714839,0.8010892942734733,extensive,final,lgbm,pca_only,True,COMPLETE
20,-0.0016559720935109083,2025-12-08 14:00:48.659973,2025-12-08 14:00:50.503374,0 days 00:00:01.843401,0.5868255622358602,0.04554120310075199,6,42,3519,93,3.1532074973353863,10.81679117534334,0.7020336918482056,extensive,final,lgbm,pca_only,True,COMPLETE
21,-0.0016559720935109083,2025-12-08 14:00:50.504265,2025-12-08 14:00:52.437702,0 days 00:00:01.933437,0.6467080693056447,0.0576044226921645,10,98,3926,100,1.8457599860717109,3.4228214616713366,0.815151497953335,extensive,final,lgbm,pca_only,True,COMPLETE
22,-0.0016559720935109083,2025-12-08 14:00:52.438974,2025-12-08 14:00:54.238256,0 days 00:00:01.799282,0.6802669547014635,0.07983084102941837,11,83,2523,105,1.998716580597617,0.7571867269503985,0.8374005511301144,extensive,final,lgbm,pca_only,True,COMPLETE
23,-0.0016559720935109083,2025-12-08 14:00:54.239298,2025-12-08 14:00:56.105238,0 days 00:00:01.865940,0.6305767228121016,0.04375833099143254,8,100,3489,119,1.4773683112384648,3.554355763570204,0.7731043990169011,extensive,final,lgbm,pca_only,True,COMPLETE
24,-0.0036190501987749535,2025-12-08 14:00:56.105238,2025-12-08 14:00:57.970336,0 days 00:00:01.865098,0.7278806242328922,0.028710107275578985,10,66,3593,84,0.735225245350839,0.8655286239124279,0.9046578853285743,extensive,final,lgbm,pca_only,True,COMPLETE
25,-0.0016559720935109083,2025-12-08 14:00:57.971463,2025-12-08 14:00:59.809184,0 days 00:00:01.837721,0.5654605403132672,0.06269312758729842,9,21,3032,94,2.4159266126881405,0.21209044475268427,0.7145528080437201,extensive,final,lgbm,pca_only,True,COMPLETE
26,-0.0016559720935109083,2025-12-08 14:00:59.809184,2025-12-08 14:01:01.593758,0 days 00:00:01.784574,0.6117698911665357,0.042874240423306335,4,92,2453,102,1.6099787243161083,0.5578673365516664,0.858487944628239,extensive,final,lgbm,pca_only,True,COMPLETE
27,-0.0016559720935109083,2025-12-08 14:01:01.593758,2025-12-08 14:01:03.305012,0 days 00:00:01.711254,0.8369021573513754,0.09895743646129104,11,51,1841,112,2.8704035874689975,3.071470696792533,0.7642495575708925,extensive,final,lgbm,pca_only,True,COMPLETE
28,-0.0016559720935109083,2025-12-08 14:01:03.305012,2025-12-08 14:01:05.021059,0 days 00:00:01.716047,0.7568243139367891,0.020387353999087157,7,75,2927,128,3.6772162718008623,0.19978438209744542,0.8251503935646248,extensive,final,lgbm,pca_only,True,COMPLETE
29,-0.0023041140597118335,2025-12-08 14:01:05.022019,2025-12-08 14:01:07.188564,0 days 00:00:02.166545,0.5548680929083241,0.01774710460079694,8,63,3789,78,0.7783258222246621,0.10338277558382665,0.6092307756905332,extensive,final,lgbm,pca_only,True,COMPLETE
30,-0.0016988109356315857,2025-12-08 14:01:07.189658,2025-12-08 14:01:09.006109,0 days 00:00:01.816451,0.5012943983315861,0.0734004768761813,10,35,2361,118,1.230845700145473,11.654258583967469,0.7428112646938186,extensive,final,lgbm,pca_only,True,COMPLETE
31,-0.0016559720935109083,2025-12-08 14:01:09.007134,2025-12-08 14:01:10.922140,0 days 00:00:01.915006,0.7972892341090752,0.0961817535422593,5,51,3286,121,4.553586849781879,2.3080576984015035,0.9039696619885974,extensive,final,lgbm,pca_only,True,COMPLETE
32,-0.0016559720935109083,2025-12-08 14:01:10.922140,2025-12-08 14:01:12.890244,0 days 00:00:01.968104,0.8963276753315207,0.049697467647033595,5,46,3285,116,4.471015710712411,1.2242684131208963,0.8805742237330894,extensive,final,lgbm,pca_only,True,COMPLETE
33,-0.0016559720935109083,2025-12-08 14:01:12.890244,2025-12-08 14:01:14.857378,0 days 00:00:01.967134,0.995565303995418,0.08482673225299299,6,71,3989,124,4.058010355954171,0.9166656414146696,0.9507501948410559,extensive,final,lgbm,pca_only,True,COMPLETE
34,-0.001882988881343417,2025-12-08 14:01:14.857378,2025-12-08 14:01:16.939277,0 days 00:00:02.081899,0.8070929920463583,0.03812607605713194,7,56,2957,109,1.0973092036871939,0.30768146276676583,0.9147742835270045,extensive,final,lgbm,pca_only,True,COMPLETE
35,-0.0016559720935109083,2025-12-08 14:01:16.940542,2025-12-08 14:01:19.076304,0 days 00:00:02.135762,0.7451488456859192,0.02987441813735821,4,26,3740,115,4.867544064375721,1.6910113270980252,0.8530017481956303,extensive,final,lgbm,pca_only,True,COMPLETE
36,-0.0016559720935109083,2025-12-08 14:01:19.076304,2025-12-08 14:01:21.021344,0 days 00:00:01.945040,0.69484661400254,0.057665712858625005,5,83,1152,74,2.1139820643034692,9.221591502428623,0.767470636753505,extensive,final,lgbm,pca_only,True,COMPLETE
37,-0.0016559720935109083,2025-12-08 14:01:21.022731,2025-12-08 14:01:22.693327,0 days 00:00:01.670596,0.7713468373551218,0.01587081967485931,7,15,700,90,3.6277946802927907,0.16774185760319002,0.8781263670667492,extensive,final,lgbm,pca_only,True,COMPLETE
38,-0.0016559720935109083,2025-12-08 14:01:22.694389,2025-12-08 14:01:24.556253,0 days 00:00:01.861864,0.8078186386465587,0.009292127505822267,3,10,3340,125,4.341337587206017,4.7134731369585525,0.6579878441766753,extensive,final,lgbm,pca_only,True,COMPLETE
39,-0.0016559720935109083,2025-12-08 14:01:24.557839,2025-12-08 14:01:26.189667,0 days 00:00:01.631828,0.887699825705889,0.06899969797405972,5,45,2657,105,4.7853096021274455,1.1463455921594297,0.9426787567599616,extensive,final,lgbm,pca_only,True,COMPLETE
40,-0.008760845881553495,2025-12-08 14:01:26.190740,2025-12-08 14:01:27.841299,0 days 00:00:01.650559,0.6707713451221083,0.08252296011597687,4,38,522,67,0.41736429712211187,2.507849681116845,0.9771591961939061,extensive,final,lgbm,pca_only,True,COMPLETE
41,-0.0016559720935109083,2025-12-08 14:01:27.841803,2025-12-08 14:01:30.023338,0 days 00:00:02.181535,0.5308955305968693,0.03162470672677968,6,86,1158,70,3.442614084839391,0.1228319749506741,0.9876463558510638,extensive,final,lgbm,pca_only,True,COMPLETE
42,-0.0016559720935109083,2025-12-08 14:01:30.023338,2025-12-08 14:01:31.838599,0 days 00:00:01.815261,0.5342326647847965,0.03912244333027882,5,87,889,71,4.247568663837724,0.15399828811173685,0.9283784248119773,extensive,final,lgbm,pca_only,True,COMPLETE
43,-0.0016559720935109083,2025-12-08 14:01:31.839602,2025-12-08 14:01:33.590377,0 days 00:00:01.750775,0.5715346496852911,0.007035021081955926,3,89,593,75,3.012188830640525,0.24979394102086175,0.9707168725215892,extensive,final,lgbm,pca_only,True,COMPLETE
44,-0.0016559720935109083,2025-12-08 14:01:33.591533,2025-12-08 14:01:35.390719,0 days 00:00:01.799186,0.6360227195799036,0.03592547200757041,4,78,2219,84,3.785938479632603,0.5219904456127052,0.7255107076314086,extensive,final,lgbm,pca_only,True,COMPLETE
45,-0.0016559720935109083,2025-12-08 14:01:35.390719,2025-12-08 14:01:37.078626,0 days 00:00:01.687907,0.8235311895046276,0.052793383750900785,6,94,1344,90,2.4141822311331445,0.3701396225215757,0.6861260346802932,extensive,final,lgbm,pca_only,True,COMPLETE
46,-0.0016559720935109083,2025-12-08 14:01:37.078626,2025-12-08 14:01:38.810251,0 days 00:00:01.731625,0.8648007912247785,0.06226556830877431,5,52,883,64,3.2596412428112727,15.107058320092444,0.6219338484917911,extensive,final,lgbm,pca_only,True,COMPLETE
47,-0.0016559720935109083,2025-12-08 14:01:38.810251,2025-12-08 14:01:40.690472,0 days 00:00:01.880221,0.5001725805960272,0.02544014398753115,7,61,1885,68,2.7573650217540426,1.593401385475783,0.8927609276674702,extensive,final,lgbm,pca_only,True,COMPLETE
48,-0.0016559720935109083,2025-12-08 14:01:40.692219,2025-12-08 14:01:42.593814,0 days 00:00:01.901595,0.7706970820424505,0.010452472794384738,3,68,1821,81,1.7683203688615534,0.14602729394805888,0.792688249740068,extensive,final,lgbm,pca_only,True,COMPLETE
49,-0.0016559720935109083,2025-12-08 14:01:42.593814,2025-12-08 14:01:44.222604,0 days 00:00:01.628790,0.6139853655482822,0.02119258888883881,8,26,230,96,3.876036169778697,8.232547126651399,0.8602603463111111,extensive,final,lgbm,pca_only,True,COMPLETE
50,-0.0016559720935109083,2025-12-08 14:01:44.224002,2025-12-08 14:01:46.022478,0 days 00:00:01.798476,0.5416231746095931,0.046180524743359694,9,96,3123,121,3.540935547910226,0.28379502154414094,0.949852982413023,extensive,final,lgbm,pca_only,True,COMPLETE
51,-0.0016559720935109083,2025-12-08 14:01:46.022478,2025-12-08 14:01:48.125286,0 days 00:00:02.102808,0.9612179338006853,0.0059396463342114144,6,77,844,75,1.2726912867826317,2.037074791317339,0.6413648106043374,extensive,final,lgbm,pca_only,True,COMPLETE
52,-0.0016559720935109083,2025-12-08 14:01:48.126294,2025-12-08 14:01:49.941823,0 days 00:00:01.815529,0.9234969567134608,0.00661891699436503,5,80,1291,73,1.6360598765120598,4.154355552847887,0.5825191311015588,extensive,final,lgbm,pca_only,True,COMPLETE
53,-0.0016559720935109083,2025-12-08 14:01:49.942830,2025-12-08 14:01:51.805367,0 days 00:00:01.862537,0.7108654508640841,0.013094745170074777,4,90,365,77,2.1810993940532035,0.42139648105022737,0.5204389438901997,extensive,final,lgbm,pca_only,True,COMPLETE
54,-0.002811801226480689,2025-12-08 14:01:51.806368,2025-12-08 14:01:53.657846,0 days 00:00:01.851478,0.9457612148103939,0.012345556376539233,12,73,739,86,0.9721666234184911,2.6218945592439575,0.6752030437315552,extensive,final,lgbm,pca_only,True,COMPLETE
55,-0.0016559720935109083,2025-12-08 14:01:53.657846,2025-12-08 14:01:55.524919,0 days 00:00:01.867073,0.5880377083839923,0.015958160128738855,6,82,2811,69,1.944571389016142,1.0737576589026108,0.838989409203519,extensive,final,lgbm,pca_only,True,COMPLETE
56,-0.0016559720935109083,2025-12-08 14:01:55.525466,2025-12-08 14:01:57.375426,0 days 00:00:01.849960,0.6657840081229425,0.024649237357990874,5,35,1690,66,1.430151626493663,1.431113605928136,0.7276602478683984,extensive,final,lgbm,pca_only,True,COMPLETE
57,-0.0016559720935109083,2025-12-08 14:01:57.375426,2025-12-08 14:01:59.141483,0 days 00:00:01.766057,0.8622932445052075,0.0052386825108493166,4,93,992,82,2.5802049762442048,1.9537431532401741,0.6557432599030457,extensive,final,lgbm,pca_only,True,COMPLETE
58,-0.0016559720935109083,2025-12-08 14:01:59.142032,2025-12-08 14:02:00.907109,0 days 00:00:01.765077,0.7411141583209075,0.008113676762257657,11,44,571,102,1.7047254460904302,0.6834245772071024,0.8020306766964462,extensive,final,lgbm,pca_only,True,COMPLETE
59,-0.0016559720935109083,2025-12-08 14:02:00.908113,2025-12-08 14:02:02.875159,0 days 00:00:01.967046,0.9112481946940295,0.03374989537249822,3,17,3467,126,4.250167526934378,0.10936029932288487,0.9999396106957434,extensive,final,lgbm,pca_only,True,COMPLETE
60,-0.0016559720935109083,2025-12-08 14:02:02.876122,2025-12-08 14:02:04.694016,0 days 00:00:01.817894,0.6162726617206118,0.010533429375082958,6,29,2608,72,4.78596949688102,0.17659051591118663,0.700863351358947,extensive,final,lgbm,pca_only,True,COMPLETE
61,-0.0016559720935109083,2025-12-08 14:02:04.695021,2025-12-08 14:02:06.539689,0 days 00:00:01.844668,0.6552891424851393,0.005822242617262655,3,40,2082,91,4.675291362241618,0.3643846041278922,0.9607838071123985,extensive,final,lgbm,pca_only,True,COMPLETE
62,-0.0016559720935109083,2025-12-08 14:02:06.540690,2025-12-08 14:02:08.357861,0 days 00:00:01.817171,0.6989657610004606,0.007293587621244715,3,32,3727,79,4.936435714414025,0.8474343454520396,0.918542173978711,extensive,final,lgbm,pca_only,True,COMPLETE
63,-0.0016559720935109083,2025-12-08 14:02:08.358367,2025-12-08 14:02:10.559234,0 days 00:00:02.200867,0.5707785286575912,0.008841395389202701,4,22,2404,86,4.102912792995363,0.525570096738954,0.6277384179170954,extensive,final,lgbm,pca_only,True,COMPLETE
64,-0.0016559720935109083,2025-12-08 14:02:10.559704,2025-12-08 14:02:12.441370,0 days 00:00:01.881666,0.7836831109975112,0.006520446978180969,4,48,2807,77,4.4551326411525904,7.259497863221717,0.5993104468112239,extensive,final,lgbm,pca_only,True,COMPLETE
65,-0.0016559720935109083,2025-12-08 14:02:12.442201,2025-12-08 14:02:14.292339,0 days 00:00:01.850138,0.5175363052728149,0.04996594741611813,5,100,2277,83,4.654516250051021,0.3064694127307536,0.8899746815824984,extensive,final,lgbm,pca_only,True,COMPLETE
66,-0.0016559720935109083,2025-12-08 14:02:14.292845,2025-12-08 14:02:16.009130,0 days 00:00:01.716285,0.9965534175997983,0.040979054393351214,8,54,1017,122,4.99973680767261,2.9011912863122298,0.5511903598391499,extensive,final,lgbm,pca_only,True,COMPLETE
67,-0.0016559720935109083,2025-12-08 14:02:16.009130,2025-12-08 14:02:17.910363,0 days 00:00:01.901233,0.5519728047527963,0.09114186022355847,4,37,2047,88,1.918723028284514,4.635579911610113,0.9383329332549124,extensive,final,lgbm,pca_only,True,COMPLETE
68,-0.0023093448576139153,2025-12-08 14:02:17.910363,2025-12-08 14:02:19.745778,0 days 00:00:01.835415,0.6017583266729536,0.07329107383669192,5,42,1517,108,0.9585345539880292,0.2377346483667664,0.7514985828247848,extensive,final,lgbm,pca_only,True,COMPLETE
69,-0.0016559720935109083,2025-12-08 14:02:19.745778,2025-12-08 14:02:21.410346,0 days 00:00:01.664568,0.82902068157687,0.027521305343567923,3,65,477,114,1.5708884375645304,0.19985710145748997,0.8257459438644797,extensive,final,lgbm,pca_only,True,COMPLETE
70,-0.003300563009214663,2025-12-08 14:02:21.410346,2025-12-08 14:02:23.506724,0 days 00:00:02.096378,0.6866462671186877,0.018977931391369985,10,84,3614,118,0.5599449800977789,17.58152351953664,0.9621108147042361,extensive,final,lgbm,pca_only,True,COMPLETE
71,-0.0016559720935109083,2025-12-08 14:02:23.506724,2025-12-08 14:02:25.326376,0 days 00:00:01.819652,0.7572257709885355,0.006192197923839577,3,59,1385,128,2.55925303307239,12.436770106460912,0.8716339104628182,extensive,final,lgbm,pca_only,True,COMPLETE
72,-0.0016559720935109083,2025-12-08 14:02:25.327099,2025-12-08 14:02:27.298616,0 days 00:00:01.971517,0.9758348312307339,0.005092140697645517,4,47,3152,121,2.335091451858646,14.766798668156955,0.5634123465624429,extensive,final,lgbm,pca_only,True,COMPLETE
73,-0.0016559720935109083,2025-12-08 14:02:27.298616,2025-12-08 14:02:29.096179,0 days 00:00:01.797563,0.8916986381962924,0.007378903095108754,9,35,2531,124,3.065001110637255,19.86233226122816,0.7839839280970882,extensive,final,lgbm,pca_only,True,COMPLETE
74,-0.0016559720935109083,2025-12-08 14:02:29.097179,2025-12-08 14:02:30.727249,0 days 00:00:01.630070,0.8732711141289333,0.00552159391310666,3,24,692,112,2.1683139676803735,10.656020991432344,0.5037682098591939,extensive,final,lgbm,pca_only,True,COMPLETE
75,-0.0016559720935109083,2025-12-08 14:02:30.727249,2025-12-08 14:02:32.794474,0 days 00:00:02.067225,0.8473874293581287,0.05884762562345949,7,32,1226,80,2.702615157747998,14.408091050976873,0.9075829199425478,extensive,final,lgbm,pca_only,True,COMPLETE
76,-0.0016559720935109083,2025-12-08 14:02:32.794474,2025-12-08 14:02:34.611072,0 days 00:00:01.816598,0.8093838424455515,0.014531827575676507,6,10,2924,94,2.0383991032937407,0.12762822262059345,0.9291920068328027,extensive,final,lgbm,pca_only,True,COMPLETE
77,-0.0016559720935109083,2025-12-08 14:02:34.612076,2025-12-08 14:02:36.441281,0 days 00:00:01.829205,0.9341555100958517,0.0056141746332834435,3,42,1980,97,2.8817841990055535,0.6046037130598246,0.8158016584166013,extensive,final,lgbm,pca_only,True,COMPLETE
78,-0.0016559720935109083,2025-12-08 14:02:36.442784,2025-12-08 14:02:38.561096,0 days 00:00:02.118312,0.5160488112553577,0.00942379347639072,5,50,3385,123,3.391619713825039,3.870047906169408,0.977119786465262,extensive,final,lgbm,pca_only,True,COMPLETE
79,-0.0016559720935109083,2025-12-08 14:02:38.561096,2025-12-08 14:02:40.613822,0 days 00:00:02.052726,0.7341778912256876,0.00796027149855988,4,88,3847,119,1.2609367415417456,1.0175186933675033,0.6906442947083699,extensive,final,lgbm,pca_only,True,COMPLETE
80,-0.7009925657051248,2025-12-08 14:02:40.614826,2025-12-08 14:02:44.182085,0 days 00:00:03.567259,0.7222911943786537,0.04681491397493405,4,40,2228,116,0.031040078487654776,1.2842245277752014,0.7195885844204728,extensive,final,lgbm,pca_only,True,COMPLETE
81,-0.0016559720935109083,2025-12-08 14:02:44.183088,2025-12-08 14:02:46.017162,0 days 00:00:01.834074,0.6575576130796558,0.034886912151496585,3,30,1595,126,4.497797408035234,17.73210812769149,0.6769308558138748,extensive,final,lgbm,pca_only,True,COMPLETE
