number,value,datetime_start,datetime_complete,duration,params_lgbm_colsample_bytree,params_lgbm_learning_rate,params_lgbm_max_depth,params_lgbm_min_child_samples,params_lgbm_n_estimators,params_lgbm_num_leaves,params_lgbm_reg_alpha,params_lgbm_reg_lambda,params_lgbm_subsample,user_attrs_feat_level,user_attrs_label,user_attrs_model_type,user_attrs_pca_mode,user_attrs_use_PCA,state
250,-0.0016559720935109083,2025-12-08 14:07:56.646413,2025-12-08 14:07:58.410187,0 days 00:00:01.763774,0.6706568255168173,0.05683545330155283,6,18,2751,79,4.221086694032603,0.6431840877779057,0.6290440670722546,extensive,final,lgbm,pca_only,True,COMPLETE
251,-0.0016559720935109083,2025-12-08 14:07:58.410187,2025-12-08 14:08:00.360235,0 days 00:00:01.950048,0.5148310185506116,0.005823746886726166,12,12,3046,102,1.8224124038428555,6.929782261585716,0.8886263480799512,extensive,final,lgbm,pca_only,True,COMPLETE
252,-0.0016559720935109083,2025-12-08 14:08:00.361236,2025-12-08 14:08:02.060426,0 days 00:00:01.699190,0.5526584910443917,0.0653692084634618,4,91,1961,128,3.6999249792847135,0.24541961352615038,0.6096675715895684,extensive,final,lgbm,pca_only,True,COMPLETE
253,-0.0016559720935109083,2025-12-08 14:08:02.061843,2025-12-08 14:08:03.892983,0 days 00:00:01.831140,0.942660087191641,0.04742461915664865,5,66,3571,100,1.400914932511138,5.61312768363046,0.6495656485086637,extensive,final,lgbm,pca_only,True,COMPLETE
254,-0.0016559720935109083,2025-12-08 14:08:03.892983,2025-12-08 14:08:05.563098,0 days 00:00:01.670115,0.7258495145073348,0.051323822857199344,3,94,1445,99,3.2088287657998302,0.3391952797215697,0.7774684160483418,extensive,final,lgbm,pca_only,True,COMPLETE
255,-0.0016559720935109083,2025-12-08 14:08:05.563606,2025-12-08 14:08:07.425312,0 days 00:00:01.861706,0.8714000707231538,0.04111563896963412,10,98,3297,76,1.6560239844233426,0.789243469535856,0.8500611567657549,extensive,final,lgbm,pca_only,True,COMPLETE
256,-0.0016559720935109083,2025-12-08 14:08:07.425312,2025-12-08 14:08:09.093824,0 days 00:00:01.668512,0.816409585354814,0.005408465174449102,9,39,2564,84,4.007767416436448,18.75876131538962,0.7929129385718423,extensive,final,lgbm,pca_only,True,COMPLETE
257,-0.0016559720935109083,2025-12-08 14:08:09.094828,2025-12-08 14:08:10.810991,0 days 00:00:01.716163,0.7042291761285868,0.06055527417318777,8,100,3214,112,4.792883289128939,2.81390049661604,0.7592749462451535,extensive,final,lgbm,pca_only,True,COMPLETE
258,-0.0016559720935109083,2025-12-08 14:08:10.810991,2025-12-08 14:08:12.330296,0 days 00:00:01.519305,0.7392108734274581,0.01862123711983139,11,43,1027,124,4.514831964030132,0.287572444731541,0.9626100512237465,extensive,final,lgbm,pca_only,True,COMPLETE
259,-0.0016559720935109083,2025-12-08 14:08:12.330296,2025-12-08 14:08:14.063621,0 days 00:00:01.733325,0.5019998173273931,0.07288937433563318,6,46,1615,96,2.7656873838248184,19.799737251520344,0.8686664529357213,extensive,final,lgbm,pca_only,True,COMPLETE
260,-0.0016559720935109083,2025-12-08 14:08:14.063621,2025-12-08 14:08:16.061843,0 days 00:00:01.998222,0.6588890636041607,0.05351437924534668,7,63,837,116,3.3838469028372358,1.9365968655885506,0.7337707559196031,extensive,final,lgbm,pca_only,True,COMPLETE
261,-0.0016559720935109083,2025-12-08 14:08:16.063196,2025-12-08 14:08:17.811889,0 days 00:00:01.748693,0.8426564760944779,0.012247883582293166,3,34,1749,118,1.9536515712677258,14.68059173279479,0.8952734208610684,extensive,final,lgbm,pca_only,True,COMPLETE
262,-0.0016559720935109083,2025-12-08 14:08:17.811889,2025-12-08 14:08:19.646233,0 days 00:00:01.834344,0.9596019278382716,0.08429514069641313,4,15,3829,122,1.3051389890869047,3.403373969052388,0.8042644219822148,extensive,final,lgbm,pca_only,True,COMPLETE
263,-0.0016559720935109083,2025-12-08 14:08:19.647235,2025-12-08 14:08:21.395394,0 days 00:00:01.748159,0.5738558888562166,0.045012280154108256,5,48,1860,126,3.0838363674001608,0.201714385403707,0.8820629464426241,extensive,final,lgbm,pca_only,True,COMPLETE
264,-0.0016559720935109083,2025-12-08 14:08:21.395394,2025-12-08 14:08:23.167405,0 days 00:00:01.772011,0.9096059618684501,0.03299728184026762,5,88,509,119,1.7509410076543515,2.31559998546924,0.7064119042880238,extensive,final,lgbm,pca_only,True,COMPLETE
265,-0.0018277534826125486,2025-12-08 14:08:23.167405,2025-12-08 14:08:25.163748,0 days 00:00:01.996343,0.6210093056135209,0.005001846147260553,10,84,2681,80,1.1010381081760086,0.46755408751516775,0.9092766266482661,extensive,final,lgbm,pca_only,True,COMPLETE
266,-0.0016559720935109083,2025-12-08 14:08:25.163748,2025-12-08 14:08:26.946571,0 days 00:00:01.782823,0.7723805487652908,0.09113928301624594,3,51,2444,106,4.387528556108408,5.1298939425474215,0.8327455016428174,extensive,final,lgbm,pca_only,True,COMPLETE
267,-0.0016559720935109083,2025-12-08 14:08:26.947657,2025-12-08 14:08:28.779498,0 days 00:00:01.831841,0.6107004977465554,0.06737980797617195,7,36,2978,82,3.8458647693952606,4.180825155126937,0.813774843271141,extensive,final,lgbm,pca_only,True,COMPLETE
268,-0.0016559720935109083,2025-12-08 14:08:28.779498,2025-12-08 14:08:30.614092,0 days 00:00:01.834594,0.54003333572573,0.0077389489610843595,5,28,3644,86,3.302270724692608,1.471785655321299,0.9848407308741074,extensive,final,lgbm,pca_only,True,COMPLETE
269,-0.0016559720935109083,2025-12-08 14:08:30.614622,2025-12-08 14:08:32.380085,0 days 00:00:01.765463,0.681278176464248,0.006314225554107616,6,54,2264,111,1.4678501741142282,0.3968358059097262,0.7477593410608949,extensive,final,lgbm,pca_only,True,COMPLETE
270,-0.0016559720935109083,2025-12-08 14:08:32.380085,2025-12-08 14:08:34.190080,0 days 00:00:01.809995,0.7957596283022401,0.04795930836436644,4,49,2179,101,4.873134173394128,0.5663475720175647,0.9999583884190636,extensive,final,lgbm,pca_only,True,COMPLETE
271,-0.0016559720935109083,2025-12-08 14:08:34.190080,2025-12-08 14:08:35.928835,0 days 00:00:01.738755,0.5933697897307854,0.022484345037532764,10,38,2905,120,1.88063137447836,16.891544521144052,0.6607024324292274,extensive,final,lgbm,pca_only,True,COMPLETE
272,-0.0016559720935109083,2025-12-08 14:08:35.928835,2025-12-08 14:08:38.097781,0 days 00:00:02.168946,0.6552273572090322,0.042312296889101556,3,89,3931,71,4.655280653631314,10.2422017050224,0.7227371816772568,extensive,final,lgbm,pca_only,True,COMPLETE
273,-0.0016559720935109083,2025-12-08 14:08:38.098805,2025-12-08 14:08:39.979244,0 days 00:00:01.880439,0.9241375148894002,0.055530903694189185,12,97,2030,97,2.1420998108187335,0.6852974142490692,0.9337008327495631,extensive,final,lgbm,pca_only,True,COMPLETE
274,-0.0016559720935109083,2025-12-08 14:08:39.979244,2025-12-08 14:08:41.909929,0 days 00:00:01.930685,0.692505174521799,0.0943270142627048,8,30,3495,109,4.282614299732638,7.760537233426708,0.8666566062870505,extensive,final,lgbm,pca_only,True,COMPLETE
275,-0.0016559720935109083,2025-12-08 14:08:41.909929,2025-12-08 14:08:43.729032,0 days 00:00:01.819103,0.635057643041063,0.007067228604168673,11,92,3103,94,2.427006299717382,0.36955900524359997,0.825707149664189,extensive,final,lgbm,pca_only,True,COMPLETE
276,-0.0016559720935109083,2025-12-08 14:08:43.730033,2025-12-08 14:08:45.448191,0 days 00:00:01.718158,0.8784993061729941,0.03498131127912608,9,86,1510,89,2.6873879830633385,6.326952438136287,0.7674182868081526,extensive,final,lgbm,pca_only,True,COMPLETE
277,-0.0016559720935109083,2025-12-08 14:08:45.448191,2025-12-08 14:08:47.326285,0 days 00:00:01.878094,0.5236519911583518,0.04973888342005124,4,41,3357,113,3.538260766785795,0.12231007727026715,0.9508124623658544,extensive,final,lgbm,pca_only,True,COMPLETE
278,-0.0016559720935109083,2025-12-08 14:08:47.326285,2025-12-08 14:08:49.146310,0 days 00:00:01.820025,0.644244081553554,0.008586402007458084,5,45,2813,74,2.259312811294397,0.2468666035671733,0.6893864376938755,extensive,final,lgbm,pca_only,True,COMPLETE
279,-0.0016559720935109083,2025-12-08 14:08:49.147529,2025-12-08 14:08:50.993679,0 days 00:00:01.846150,0.669113848778285,0.029892518112815163,3,13,2354,103,1.5653608330031337,0.1683871057338139,0.8999657990116414,extensive,final,lgbm,pca_only,True,COMPLETE
280,-0.0016698651099001556,2025-12-08 14:08:50.993679,2025-12-08 14:08:52.898192,0 days 00:00:01.904513,0.780452425859585,0.026183562468179034,5,57,3160,78,1.2343265050924885,3.645091417390628,0.790366160792877,extensive,final,lgbm,pca_only,True,COMPLETE
281,-0.0016559720935109083,2025-12-08 14:08:52.898192,2025-12-08 14:08:54.784647,0 days 00:00:01.886455,0.5637347694679951,0.038866347142521344,9,20,2522,66,3.7813451098781283,1.6496864753557008,0.6392403870165293,extensive,final,lgbm,pca_only,True,COMPLETE
282,-0.010423964760407042,2025-12-08 14:08:54.784647,2025-12-08 14:08:56.733451,0 days 00:00:01.948804,0.8528049288367646,0.024192685303833977,6,24,3694,128,0.3413619114288773,2.958643030241019,0.7821109847806627,extensive,final,lgbm,pca_only,True,COMPLETE
283,-0.0016559720935109083,2025-12-08 14:08:56.734461,2025-12-08 14:08:58.880072,0 days 00:00:02.145611,0.8132848529385408,0.0776469470515733,7,44,2116,123,2.5384272279951867,1.2687931410944162,0.8588340134367259,extensive,final,lgbm,pca_only,True,COMPLETE
284,-0.0016559720935109083,2025-12-08 14:08:58.880072,2025-12-08 14:09:00.635023,0 days 00:00:01.754951,0.5470355721218503,0.045287402993294826,8,52,363,122,4.135519770115618,13.519516844975605,0.880486093226107,extensive,final,lgbm,pca_only,True,COMPLETE
285,-0.0016559720935109083,2025-12-08 14:09:00.636028,2025-12-08 14:09:02.300597,0 days 00:00:01.664569,0.7166799887316471,0.08606956510304842,5,71,703,125,2.9263869741097395,2.557223692758071,0.8055699502910578,extensive,final,lgbm,pca_only,True,COMPLETE
286,-0.0016559720935109083,2025-12-08 14:09:02.300597,2025-12-08 14:09:04.134558,0 days 00:00:01.833961,0.8339958025620646,0.0059888651400139045,3,47,3224,116,3.955431693568963,0.32163572464856227,0.8429963714356091,extensive,final,lgbm,pca_only,True,COMPLETE
287,-0.0016559720935109083,2025-12-08 14:09:04.135606,2025-12-08 14:09:05.718534,0 days 00:00:01.582928,0.5816531139119395,0.05879658795073396,4,75,213,92,4.46264849542973,0.4127539988047059,0.6997579944100768,extensive,final,lgbm,pca_only,True,COMPLETE
288,-0.0016559720935109083,2025-12-08 14:09:05.719677,2025-12-08 14:09:07.377499,0 days 00:00:01.657822,0.7552906775360697,0.01759438645288279,10,90,918,81,3.128973051816563,2.0806727506131915,0.9775855994824374,extensive,final,lgbm,pca_only,True,COMPLETE
289,-0.0016559720935109083,2025-12-08 14:09:07.378695,2025-12-08 14:09:09.347246,0 days 00:00:01.968551,0.8605916189972601,0.013819245179556974,11,59,3981,98,2.0269384487075617,0.216932733847352,0.8921307416688256,extensive,final,lgbm,pca_only,True,COMPLETE
290,-0.0016559720935109083,2025-12-08 14:09:09.348250,2025-12-08 14:09:11.102095,0 days 00:00:01.753845,0.8258093646763849,0.05184787788865124,6,83,1104,100,1.7731083331054767,16.59126010418891,0.7138383541844034,extensive,final,lgbm,pca_only,True,COMPLETE
291,-0.0016559720935109083,2025-12-08 14:09:11.103182,2025-12-08 14:09:12.945688,0 days 00:00:01.842506,0.6264733456079297,0.040894665755566675,4,32,2609,105,4.656971675856884,3.24190286511056,0.8169993492589405,extensive,final,lgbm,pca_only,True,COMPLETE
292,-0.0016559720935109083,2025-12-08 14:09:12.945688,2025-12-08 14:09:14.735591,0 days 00:00:01.789903,0.6015402269271796,0.010601472408900456,5,95,3061,127,1.6567107959427623,0.6033508806047803,0.5330581062279126,extensive,final,lgbm,pca_only,True,COMPLETE
293,-0.0016559720935109083,2025-12-08 14:09:14.736679,2025-12-08 14:09:16.413415,0 days 00:00:01.676736,0.7330941228465508,0.027791926989467954,12,81,804,108,4.972125525940642,0.512823075947746,0.6176235418186734,extensive,final,lgbm,pca_only,True,COMPLETE
294,-0.0016559720935109083,2025-12-08 14:09:16.414416,2025-12-08 14:09:18.164529,0 days 00:00:01.750113,0.9824945751907702,0.06063515720858471,3,40,1645,120,2.799852141444174,0.27535182957829984,0.8359041410654448,extensive,final,lgbm,pca_only,True,COMPLETE
295,-0.0016559720935109083,2025-12-08 14:09:18.164529,2025-12-08 14:09:19.702555,0 days 00:00:01.538026,0.6458229033459522,0.0055990695295041375,10,27,1729,77,1.5054063941221802,0.1804187088891609,0.5186014660408663,extensive,final,lgbm,pca_only,True,COMPLETE
296,-0.0016559720935109083,2025-12-08 14:09:19.703655,2025-12-08 14:09:21.605902,0 days 00:00:01.902247,0.8076538128385892,0.03645772429482105,8,16,3334,69,1.8689434140834749,0.9040670699748229,0.6806723449868822,extensive,final,lgbm,pca_only,True,COMPLETE
297,-0.0016559720935109083,2025-12-08 14:09:21.606901,2025-12-08 14:09:23.883183,0 days 00:00:02.276282,0.6623594451378829,0.06429691500102079,5,53,1898,110,1.4094968688870437,0.15541598224473158,0.5534546606101148,extensive,final,lgbm,pca_only,True,COMPLETE
298,-0.0016559720935109083,2025-12-08 14:09:23.883183,2025-12-08 14:09:25.896170,0 days 00:00:02.012987,0.6752917074080323,0.046587271397370955,7,42,2989,117,4.064722486622135,4.655384620475725,0.7968034631239247,extensive,final,lgbm,pca_only,True,COMPLETE
299,-0.0016559720935109083,2025-12-08 14:09:25.896170,2025-12-08 14:09:27.416734,0 days 00:00:01.520564,0.5362635923206972,0.09414709190023902,9,37,602,95,2.3416505554050184,1.7762534320571464,0.8643049283167826,extensive,final,lgbm,pca_only,True,COMPLETE
