number,value,datetime_start,datetime_complete,duration,params_lgbm_colsample_bytree,params_lgbm_learning_rate,params_lgbm_max_depth,params_lgbm_min_child_samples,params_lgbm_n_estimators,params_lgbm_num_leaves,params_lgbm_reg_alpha,params_lgbm_reg_lambda,params_lgbm_subsample,user_attrs_feat_level,user_attrs_label,user_attrs_model_type,user_attrs_pca_mode,user_attrs_use_PCA,state
166,-0.0016559720935109083,2025-12-08 14:05:22.537782,2025-12-08 14:05:24.553267,0 days 00:00:02.015485,0.5660469537658368,0.022103833418665057,3,97,3367,98,2.6343525223634026,1.949185491803589,0.8564137730013707,extensive,final,lgbm,pca_only,True,COMPLETE
167,-0.0016559720935109083,2025-12-08 14:05:24.553267,2025-12-08 14:05:26.205479,0 days 00:00:01.652212,0.6176053485071685,0.0056222678994728124,9,91,800,109,1.8530533600583508,1.2039898516716019,0.596961020731285,extensive,final,lgbm,pca_only,True,COMPLETE
168,-0.0016559720935109083,2025-12-08 14:05:26.205479,2025-12-08 14:05:28.120361,0 days 00:00:01.914882,0.7167349968260848,0.05985815892077332,3,56,3817,102,3.985212667083121,0.3767795466337296,0.7134833722360538,extensive,final,lgbm,pca_only,True,COMPLETE
169,-0.0016559720935109083,2025-12-08 14:05:28.121505,2025-12-08 14:05:29.818474,0 days 00:00:01.696969,0.8912655916454668,0.02472470126313265,4,38,708,121,2.220773338706624,0.2503189642546905,0.8036910878853734,extensive,final,lgbm,pca_only,True,COMPLETE
170,-0.0016559720935109083,2025-12-08 14:05:29.818474,2025-12-08 14:05:31.818607,0 days 00:00:02.000133,0.6667243753042329,0.04919509687531777,7,86,2157,118,2.093042949028361,0.3310138433759218,0.9374971743848092,extensive,final,lgbm,pca_only,True,COMPLETE
171,-0.0016559720935109083,2025-12-08 14:05:31.818607,2025-12-08 14:05:33.771380,0 days 00:00:01.952773,0.7032431750700348,0.009675547526916998,11,87,2648,107,1.7141124913060952,0.8118705598541995,0.8342483644872539,extensive,final,lgbm,pca_only,True,COMPLETE
172,-0.0016559720935109083,2025-12-08 14:05:33.771380,2025-12-08 14:05:35.553582,0 days 00:00:01.782202,0.681418212839164,0.08221767480563104,12,82,2512,105,2.39427953402742,0.9569076562293356,0.9999191664458108,extensive,final,lgbm,pca_only,True,COMPLETE
173,-0.0016559720935109083,2025-12-08 14:05:35.554716,2025-12-08 14:05:37.402653,0 days 00:00:01.847937,0.6885496006096796,0.07360448426863991,11,90,2296,100,1.860630940217935,3.85521854124538,0.7848043231512382,extensive,final,lgbm,pca_only,True,COMPLETE
174,-0.0016559720935109083,2025-12-08 14:05:37.402653,2025-12-08 14:05:39.106276,0 days 00:00:01.703623,0.5141885922637484,0.07592039888522371,12,34,2408,114,1.9257858446891178,0.4352240473184197,0.8719892834850638,extensive,final,lgbm,pca_only,True,COMPLETE
175,-0.0016559720935109083,2025-12-08 14:05:39.106276,2025-12-08 14:05:41.403431,0 days 00:00:02.297155,0.6588193588773765,0.08769209628079665,10,30,3003,97,2.0937677485952646,1.5366927198883131,0.8105267935401619,extensive,final,lgbm,pca_only,True,COMPLETE
176,-0.0016559720935109083,2025-12-08 14:05:41.403985,2025-12-08 14:05:43.467207,0 days 00:00:02.063222,0.7546703944177241,0.07995849757276749,3,83,2844,104,1.3342548650863382,2.874878016060408,0.8248892312542891,extensive,final,lgbm,pca_only,True,COMPLETE
177,-0.0016559720935109083,2025-12-08 14:05:43.467207,2025-12-08 14:05:45.448251,0 days 00:00:01.981044,0.9353778986059355,0.09222954538747041,5,73,2660,95,2.2881229492497326,11.047674165100023,0.8568923962776562,extensive,final,lgbm,pca_only,True,COMPLETE
178,-0.0016559720935109083,2025-12-08 14:05:45.448251,2025-12-08 14:05:47.271524,0 days 00:00:01.823273,0.8454081222059233,0.0051749176353214745,11,52,1947,111,2.531659300233346,0.7448038110229579,0.6560142762538512,extensive,final,lgbm,pca_only,True,COMPLETE
179,-0.0020658363907416857,2025-12-08 14:05:47.271524,2025-12-08 14:05:49.170912,0 days 00:00:01.899388,0.5225597928695084,0.006252613855461553,6,85,2773,78,1.0515801432870746,0.6493094655329934,0.8812696039040886,extensive,final,lgbm,pca_only,True,COMPLETE
180,-0.0016559720935109083,2025-12-08 14:05:49.172118,2025-12-08 14:05:50.892269,0 days 00:00:01.720151,0.8161864678649394,0.006915715582391088,8,41,1830,75,2.9853804391567724,19.98226005780786,0.841755927249793,extensive,final,lgbm,pca_only,True,COMPLETE
181,-0.0016559720935109083,2025-12-08 14:05:50.892269,2025-12-08 14:05:52.787966,0 days 00:00:01.895697,0.6418340875281208,0.04520874236662262,8,100,3298,120,1.5117742892475938,4.732237426891434,0.7962782326649857,extensive,final,lgbm,pca_only,True,COMPLETE
182,-0.0016559720935109083,2025-12-08 14:05:52.789063,2025-12-08 14:05:54.518433,0 days 00:00:01.729370,0.6718938049566319,0.03731370767887028,8,96,1603,123,1.7557751472701693,4.364004837209039,0.781332946469467,extensive,final,lgbm,pca_only,True,COMPLETE
183,-0.0016559720935109083,2025-12-08 14:05:54.519438,2025-12-08 14:05:56.404813,0 days 00:00:01.885375,0.8306554065042572,0.019640873939220843,8,94,3667,125,1.2087080344507273,0.49876644724926916,0.7534643579402935,extensive,final,lgbm,pca_only,True,COMPLETE
184,-0.0016559720935109083,2025-12-08 14:05:56.404813,2025-12-08 14:05:58.262333,0 days 00:00:01.857520,0.6507667542962237,0.04094983794261002,9,98,3584,128,1.487672326545719,2.1967336328051172,0.7940821969882148,extensive,final,lgbm,pca_only,True,COMPLETE
185,-0.0016559720935109083,2025-12-08 14:05:58.262333,2025-12-08 14:06:00.088236,0 days 00:00:01.825903,0.5894591006169148,0.04668544499030346,3,61,2929,116,3.1344974181052954,6.117372081820936,0.8139555755173927,extensive,final,lgbm,pca_only,True,COMPLETE
186,-0.0016559720935109083,2025-12-08 14:06:00.089370,2025-12-08 14:06:02.072670,0 days 00:00:01.983300,0.6293939639982524,0.05273517884456823,10,78,3477,119,4.62675705444886,1.0469586196719811,0.774341982632274,extensive,final,lgbm,pca_only,True,COMPLETE
187,-0.0016559720935109083,2025-12-08 14:06:02.072670,2025-12-08 14:06:03.891204,0 days 00:00:01.818534,0.7907997413349178,0.03369527248180787,5,89,1717,85,4.99429334706156,16.562048640497277,0.7639339843759464,extensive,final,lgbm,pca_only,True,COMPLETE
188,-0.0016559720935109083,2025-12-08 14:06:03.891204,2025-12-08 14:06:05.676140,0 days 00:00:01.784936,0.6584302760534414,0.06334288818548689,3,50,568,80,1.4008435230880525,0.29329979538581,0.7020250812782378,extensive,final,lgbm,pca_only,True,COMPLETE
189,-0.0016559720935109083,2025-12-08 14:06:05.677272,2025-12-08 14:06:07.357218,0 days 00:00:01.679946,0.6031701276050558,0.00756594050854324,12,45,2105,101,1.669082888860378,0.36345806828606836,0.9771319912066602,extensive,final,lgbm,pca_only,True,COMPLETE
190,-0.0016559720935109083,2025-12-08 14:06:07.357218,2025-12-08 14:06:09.113893,0 days 00:00:01.756675,0.8835410488698652,0.011315677230135377,6,15,1090,82,3.5999806457751196,3.4096932790077616,0.9136024988558101,extensive,final,lgbm,pca_only,True,COMPLETE
191,-0.0016559720935109083,2025-12-08 14:06:09.113893,2025-12-08 14:06:10.956298,0 days 00:00:01.842405,0.5830559630689147,0.07028346144929022,9,24,3252,110,1.9604274730234128,0.19615274590787943,0.6861931772791756,extensive,final,lgbm,pca_only,True,COMPLETE
192,-0.0016559720935109083,2025-12-08 14:06:10.957807,2025-12-08 14:06:12.571986,0 days 00:00:01.614179,0.5658262965755534,0.0633233706996361,8,22,888,96,2.46883595887174,0.23689052251638312,0.7330110462168536,extensive,final,lgbm,pca_only,True,COMPLETE
193,-0.0016559720935109083,2025-12-08 14:06:12.572377,2025-12-08 14:06:14.356705,0 days 00:00:01.784328,0.5776882133556777,0.05781281980015443,9,20,3025,93,2.138472098213332,0.2182078687448323,0.7121176488918338,extensive,final,lgbm,pca_only,True,COMPLETE
194,-0.0016559720935109083,2025-12-08 14:06:14.356705,2025-12-08 14:06:15.987180,0 days 00:00:01.630475,0.5404755726752624,0.018033863914577494,10,17,1463,91,3.9129957998056493,0.16707346215928284,0.6722464321798044,extensive,final,lgbm,pca_only,True,COMPLETE
195,-0.0016559720935109083,2025-12-08 14:06:15.987180,2025-12-08 14:06:17.774708,0 days 00:00:01.787528,0.5620898637434696,0.05438484708616403,8,28,3184,99,1.579151839995675,0.31270886770827183,0.7255275335313813,extensive,final,lgbm,pca_only,True,COMPLETE
196,-0.0016559720935109083,2025-12-08 14:06:17.775969,2025-12-08 14:06:19.503682,0 days 00:00:01.727713,0.5475732488694744,0.06820312434111866,5,26,2602,94,4.837700857059124,1.9269228850602,0.6967379340008031,extensive,final,lgbm,pca_only,True,COMPLETE
197,-0.0016559720935109083,2025-12-08 14:06:19.505402,2025-12-08 14:06:21.222841,0 days 00:00:01.717439,0.7320065459008158,0.02596115342994727,4,55,2716,126,2.8367184081138492,14.394384849910258,0.9576835066387436,extensive,final,lgbm,pca_only,True,COMPLETE
198,-0.0016559720935109083,2025-12-08 14:06:21.223968,2025-12-08 14:06:22.993088,0 days 00:00:01.769120,0.5742454912960409,0.043754437088718345,3,40,3090,123,4.093584270324148,8.004568394511436,0.8004067646724714,extensive,final,lgbm,pca_only,True,COMPLETE
199,-0.0016559720935109083,2025-12-08 14:06:22.994129,2025-12-08 14:06:24.855377,0 days 00:00:01.861248,0.8646405499398443,0.016270089246848463,11,12,3423,88,1.2460504972718056,1.3361889824204018,0.8197346619496723,extensive,final,lgbm,pca_only,True,COMPLETE
200,-0.0016559720935109083,2025-12-08 14:06:24.856378,2025-12-08 14:06:26.473076,0 days 00:00:01.616698,0.7637833973309178,0.06006939837887488,7,31,1547,78,2.682749384583218,17.415040501426954,0.5596370240563217,extensive,final,lgbm,pca_only,True,COMPLETE
201,-0.0016559720935109083,2025-12-08 14:06:26.473076,2025-12-08 14:06:28.589773,0 days 00:00:02.116697,0.626203338853802,0.04012759565878112,4,93,2445,103,1.7825629207815188,0.5082148576904618,0.8647369969694115,extensive,final,lgbm,pca_only,True,COMPLETE
202,-0.0016559720935109083,2025-12-08 14:06:28.591027,2025-12-08 14:06:30.374413,0 days 00:00:01.783386,0.6083277329963461,0.04933652443693183,4,88,2546,102,2.381816951117175,0.6228756639605751,0.8695025064238876,extensive,final,lgbm,pca_only,True,COMPLETE
203,-0.0016559720935109083,2025-12-08 14:06:30.375627,2025-12-08 14:06:32.310766,0 days 00:00:01.935139,0.6363594240132588,0.0059603722502978365,4,96,3859,106,1.6155653664693825,0.5611000996047678,0.8316120688171877,extensive,final,lgbm,pca_only,True,COMPLETE
204,-0.0016559720935109083,2025-12-08 14:06:32.310766,2025-12-08 14:06:34.055049,0 days 00:00:01.744283,0.6173043494306805,0.04309572637537273,3,92,2235,99,1.6662997892044573,0.43943896823285256,0.8492449198678155,extensive,final,lgbm,pca_only,True,COMPLETE
205,-0.0016559720935109083,2025-12-08 14:06:34.056337,2025-12-08 14:06:35.690776,0 days 00:00:01.634439,0.5946164182648286,0.04654323426277686,5,37,2016,101,4.473019463426174,0.5708912487709681,0.8870195478172458,extensive,final,lgbm,pca_only,True,COMPLETE
206,-0.0016559720935109083,2025-12-08 14:06:35.690776,2025-12-08 14:06:37.823332,0 days 00:00:02.132556,0.5334969594827778,0.03570867051055052,9,98,646,96,1.4109876983677865,0.26655154270490766,0.537142422694574,extensive,final,lgbm,pca_only,True,COMPLETE
207,-0.0016559720935109083,2025-12-08 14:06:37.823814,2025-12-08 14:06:39.558129,0 days 00:00:01.734315,0.5550710682247971,0.02901974334474537,3,89,2335,98,3.2441156553088057,2.6959064289936623,0.7859552945532329,extensive,final,lgbm,pca_only,True,COMPLETE
208,-0.0016559720935109083,2025-12-08 14:06:39.558129,2025-12-08 14:06:41.353982,0 days 00:00:01.795853,0.9150687056043979,0.031238238655129126,6,100,2666,67,1.989749043427129,4.771773691787345,0.5714194173375529,extensive,final,lgbm,pca_only,True,COMPLETE
209,-0.0016559720935109083,2025-12-08 14:06:41.353982,2025-12-08 14:06:43.158705,0 days 00:00:01.804723,0.7211746803769848,0.021965304148101154,11,35,2385,117,1.8270711061710718,0.13321895328287855,0.8777863376095054,extensive,final,lgbm,pca_only,True,COMPLETE
210,-0.0016559720935109083,2025-12-08 14:06:43.159708,2025-12-08 14:06:44.851054,0 days 00:00:01.691346,0.8012499660902056,0.05307609778308051,4,91,1201,79,3.7356186900226507,3.02220120790318,0.5238796232943096,extensive,final,lgbm,pca_only,True,COMPLETE
211,-0.0016559720935109083,2025-12-08 14:06:44.852038,2025-12-08 14:06:46.560791,0 days 00:00:01.708753,0.8316779532279269,0.08161297501597706,11,49,1665,100,2.7570052589769496,3.8330229806990532,0.7438886020829205,extensive,final,lgbm,pca_only,True,COMPLETE
212,-0.0016559720935109083,2025-12-08 14:06:46.560791,2025-12-08 14:06:48.276342,0 days 00:00:01.715551,0.848886984249181,0.09738569801714345,10,51,2183,112,2.5821820665490756,2.435216746062169,0.7685170248360192,extensive,final,lgbm,pca_only,True,COMPLETE
213,-0.0016559720935109083,2025-12-08 14:06:48.277433,2025-12-08 14:06:49.970341,0 days 00:00:01.692908,0.6666558945502843,0.008379470355238401,12,54,1832,113,2.2272340099061667,0.3850480896394229,0.753620413250176,extensive,final,lgbm,pca_only,True,COMPLETE
214,-0.0016559720935109083,2025-12-08 14:06:49.971345,2025-12-08 14:06:51.708937,0 days 00:00:01.737592,0.6431429272428397,0.005539361214158706,5,47,1943,109,3.0235193382552783,3.03143913475859,0.510105043840712,extensive,final,lgbm,pca_only,True,COMPLETE
215,-0.0016559720935109083,2025-12-08 14:06:51.708937,2025-12-08 14:06:53.441246,0 days 00:00:01.732309,0.8225866769934876,0.0863026345243582,7,52,2074,122,2.90784694342758,4.135357399940013,0.6859355740628206,extensive,final,lgbm,pca_only,True,COMPLETE
216,-0.0016559720935109083,2025-12-08 14:06:53.442289,2025-12-08 14:06:55.108829,0 days 00:00:01.666540,0.837251212324362,0.09323663835941551,10,43,1791,113,4.32453558532657,3.370501301879446,0.8928287140009875,extensive,final,lgbm,pca_only,True,COMPLETE
217,-0.0016559720935109083,2025-12-08 14:06:55.108829,2025-12-08 14:06:56.861213,0 days 00:00:01.752384,0.7439957002866394,0.09957753942813939,3,59,2487,115,3.103595906985501,0.4653278029916172,0.8412738426380669,extensive,final,lgbm,pca_only,True,COMPLETE
218,-0.0016559720935109083,2025-12-08 14:06:56.861213,2025-12-08 14:06:58.818341,0 days 00:00:01.957128,0.6152977018144721,0.050047170627260024,11,95,3939,70,4.750476978462956,0.7278033787272248,0.7078672946872543,extensive,final,lgbm,pca_only,True,COMPLETE
219,-0.0016559720935109083,2025-12-08 14:06:58.818341,2025-12-08 14:07:00.645114,0 days 00:00:01.826773,0.8702359272511944,0.0765915639967702,9,14,2860,77,1.311440117764309,0.3454254411554199,0.8585390580706608,extensive,final,lgbm,pca_only,True,COMPLETE
220,-0.0016559720935109083,2025-12-08 14:07:00.645114,2025-12-08 14:07:02.540784,0 days 00:00:01.895670,0.6963477888137797,0.09021687924015606,4,38,3128,73,1.4990158316435134,2.1635338634639303,0.5466147885509504,extensive,final,lgbm,pca_only,True,COMPLETE
221,-0.0016559720935109083,2025-12-08 14:07:02.540784,2025-12-08 14:07:04.357079,0 days 00:00:01.816295,0.7716508919157712,0.02346903558748037,6,10,2775,128,4.004691050097742,0.17620532681152734,0.824585229322536,extensive,final,lgbm,pca_only,True,COMPLETE
222,-0.0016559720935109083,2025-12-08 14:07:04.357079,2025-12-08 14:07:06.177468,0 days 00:00:01.820389,0.7794308692159875,0.013175014507092351,6,70,2954,126,3.4732241764967933,0.21629867306795686,0.8160675008021128,extensive,final,lgbm,pca_only,True,COMPLETE
223,-0.0016559720935109083,2025-12-08 14:07:06.177468,2025-12-08 14:07:08.128411,0 days 00:00:01.950943,0.8135817178257694,0.014673520519002139,7,82,2938,127,3.2453871276414104,0.2144437709194932,0.7995141835077078,extensive,final,lgbm,pca_only,True,COMPLETE
224,-0.0016559720935109083,2025-12-08 14:07:08.129930,2025-12-08 14:07:10.142286,0 days 00:00:02.012356,0.7111384165053112,0.04177675035990858,6,85,3052,125,3.841753482072756,1.5728238000877535,0.8085989407721491,extensive,final,lgbm,pca_only,True,COMPLETE
225,-0.0016559720935109083,2025-12-08 14:07:10.143476,2025-12-08 14:07:11.746977,0 days 00:00:01.603501,0.6812823087727167,0.05755284225273707,8,73,415,111,3.6014293729296427,18.119672553082037,0.7877030695114869,extensive,final,lgbm,pca_only,True,COMPLETE
226,-0.0016559720935109083,2025-12-08 14:07:11.746977,2025-12-08 14:07:13.476315,0 days 00:00:01.729338,0.5855361434537476,0.03783005145988644,12,75,1664,64,4.193449806869437,0.18780525783840413,0.829703231030645,extensive,final,lgbm,pca_only,True,COMPLETE
227,-0.0016559720935109083,2025-12-08 14:07:13.476315,2025-12-08 14:07:15.391872,0 days 00:00:01.915557,0.6514242331087717,0.06183904182696757,3,29,2615,83,1.908146244280181,0.261559929634527,0.7720967137153112,extensive,final,lgbm,pca_only,True,COMPLETE
228,-0.0016559720935109083,2025-12-08 14:07:15.391872,2025-12-08 14:07:17.151652,0 days 00:00:01.759780,0.7500501321144322,0.006629198732821047,10,76,763,104,2.4673027653753157,9.11916241382522,0.8407496900182689,extensive,final,lgbm,pca_only,True,COMPLETE
229,-0.0016559720935109083,2025-12-08 14:07:17.151652,2025-12-08 14:07:19.039893,0 days 00:00:01.888241,0.6047739972932956,0.005163873843138952,5,79,3306,97,3.3985609546332456,0.15114286968048996,0.9015359761831584,extensive,final,lgbm,pca_only,True,COMPLETE
230,-0.0016559720935109083,2025-12-08 14:07:19.039893,2025-12-08 14:07:21.212990,0 days 00:00:02.173097,0.8531492957273212,0.02722881707831221,8,41,3191,117,1.5735966092905198,0.4125445299875635,0.7178875855060157,extensive,final,lgbm,pca_only,True,COMPLETE
231,-0.0016559720935109083,2025-12-08 14:07:21.212990,2025-12-08 14:07:23.290569,0 days 00:00:02.077579,0.8044310064374941,0.09473073179141181,5,55,3514,119,4.755346317142818,2.4866628402123396,0.8764366101378803,extensive,final,lgbm,pca_only,True,COMPLETE
232,-0.0016559720935109083,2025-12-08 14:07:23.291569,2025-12-08 14:07:25.126422,0 days 00:00:01.834853,0.7889426176599418,0.08804182591515596,5,50,3215,121,4.568258988833903,0.11242900616240784,0.883680449569202,extensive,final,lgbm,pca_only,True,COMPLETE
233,-0.0016559720935109083,2025-12-08 14:07:25.127588,2025-12-08 14:07:26.975581,0 days 00:00:01.847993,0.8002360594380833,0.09742314318816414,5,48,3370,123,4.428572566253602,1.7227863922989541,0.8990803097369534,extensive,final,lgbm,pca_only,True,COMPLETE
234,-0.0016559720935109083,2025-12-08 14:07:26.975581,2025-12-08 14:07:28.523943,0 days 00:00:01.548362,0.8984835286615863,0.08208898279246045,5,57,295,120,3.8798488043186476,2.2864205849438664,0.5923850911473978,extensive,final,lgbm,pca_only,True,COMPLETE
235,-0.0016559720935109083,2025-12-08 14:07:28.523943,2025-12-08 14:07:30.409553,0 days 00:00:01.885610,0.8404885078940932,0.04482666700856831,6,32,3006,124,2.653893164020863,3.1178144741548377,0.8076657293572606,extensive,final,lgbm,pca_only,True,COMPLETE
236,-0.0016559720935109083,2025-12-08 14:07:30.409553,2025-12-08 14:07:32.258711,0 days 00:00:01.849158,0.5287915448613651,0.010153469419191196,4,46,1374,94,4.586634478072487,2.035986254382041,0.7020109472817118,extensive,final,lgbm,pca_only,True,COMPLETE
237,-0.0016559720935109083,2025-12-08 14:07:32.258711,2025-12-08 14:07:34.110856,0 days 00:00:01.852145,0.6290551925371574,0.011279432019033577,5,80,3142,92,1.7276214114668784,2.6607097311631507,0.9468146996594455,extensive,final,lgbm,pca_only,True,COMPLETE
238,-0.0016559720935109083,2025-12-08 14:07:34.110856,2025-12-08 14:07:35.851037,0 days 00:00:01.740181,0.7878290246116246,0.009153731701456476,7,52,3266,108,4.916202131465047,1.7816482748272118,0.9233345514532906,extensive,final,lgbm,pca_only,True,COMPLETE
239,-0.0016559720935109083,2025-12-08 14:07:35.851037,2025-12-08 14:07:37.926433,0 days 00:00:02.075396,0.7624317277836903,0.09069590264264032,3,49,940,87,4.0915889767301525,15.873692340890193,0.9889272137284895,extensive,final,lgbm,pca_only,True,COMPLETE
240,-0.0016559720935109083,2025-12-08 14:07:37.926433,2025-12-08 14:07:39.959330,0 days 00:00:02.032897,0.9999327343212863,0.09983019769536056,11,26,3774,121,4.694993346879105,0.305419463801584,0.6700854452953762,extensive,final,lgbm,pca_only,True,COMPLETE
241,-0.0016559720935109083,2025-12-08 14:07:39.960339,2025-12-08 14:07:41.956651,0 days 00:00:01.996312,0.9746133192064058,0.04727055203741012,5,42,3358,118,4.33875436469002,1.0398800989464037,0.888997687607855,extensive,final,lgbm,pca_only,True,COMPLETE
242,-0.0016559720935109083,2025-12-08 14:07:41.956651,2025-12-08 14:07:43.873581,0 days 00:00:01.916930,0.9303634245379198,0.055128999590923405,5,45,3137,115,4.480353866495879,1.1070599097234801,0.8566597150680042,extensive,final,lgbm,pca_only,True,COMPLETE
243,-0.0016559720935109083,2025-12-08 14:07:43.873581,2025-12-08 14:07:45.628961,0 days 00:00:01.755380,0.8857157566403889,0.049294685903817394,5,22,3250,119,2.3280176395005774,3.7888941518343864,0.874871345292206,extensive,final,lgbm,pca_only,True,COMPLETE
244,-0.0016559720935109083,2025-12-08 14:07:45.628961,2025-12-08 14:07:47.848317,0 days 00:00:02.219356,0.8261048848777753,0.02454162707624653,6,47,3097,117,4.557924381226811,12.087528379345656,0.970999365525037,extensive,final,lgbm,pca_only,True,COMPLETE
245,-0.0016559720935109083,2025-12-08 14:07:47.848819,2025-12-08 14:07:49.681937,0 days 00:00:01.833118,0.5967576747109324,0.05208268472263086,4,44,3435,81,2.0496153292078882,1.1766366539049582,0.6782049537406973,extensive,final,lgbm,pca_only,True,COMPLETE
246,-0.0016559720935109083,2025-12-08 14:07:49.681937,2025-12-08 14:07:51.389623,0 days 00:00:01.707686,0.898609521001118,0.04420678804285323,5,87,1546,121,2.8575448972083577,1.4359093765955508,0.9085976345142439,extensive,final,lgbm,pca_only,True,COMPLETE
247,-0.0016559720935109083,2025-12-08 14:07:51.389623,2025-12-08 14:07:53.095235,0 days 00:00:01.705612,0.8588118847510157,0.03945900636646724,3,53,1281,90,2.985100298932748,0.9053499217052365,0.870753522167217,extensive,final,lgbm,pca_only,True,COMPLETE
248,-0.0016559720935109083,2025-12-08 14:07:53.095235,2025-12-08 14:07:54.826269,0 days 00:00:01.731034,0.6367959681510722,0.015476526017680485,8,40,2100,114,4.664062827636065,1.2371470766803747,0.6930276661987047,extensive,final,lgbm,pca_only,True,COMPLETE
249,-0.0016559720935109083,2025-12-08 14:07:54.826269,2025-12-08 14:07:56.645282,0 days 00:00:01.819013,0.648566941781912,0.020574247919251738,9,50,2858,98,2.5518791228030637,0.5342916766587668,0.820456266223181,extensive,final,lgbm,pca_only,True,COMPLETE
