number,value,datetime_start,datetime_complete,duration,params_ridge_alpha,user_attrs_feat_level,user_attrs_label,user_attrs_model_type,user_attrs_pca_mode,user_attrs_use_PCA,state
263,-80.26044362422915,2025-12-08 13:09:13.207849,2025-12-08 13:09:15.563466,0 days 00:00:02.355617,598.6884499274548,extensive,final,ridge,pca_block,True,COMPLETE
264,-3256.8846909837025,2025-12-08 13:09:15.563466,2025-12-08 13:09:17.205511,0 days 00:00:01.642045,239.9769162797698,extensive,final,ridge,pca_block,True,COMPLETE
265,-94.5756275885759,2025-12-08 13:09:17.207777,2025-12-08 13:09:19.916931,0 days 00:00:02.709154,975.9249355965968,extensive,final,ridge,pca_block,True,COMPLETE
266,-568.2139696766652,2025-12-08 13:09:19.916931,2025-12-08 13:09:21.714102,0 days 00:00:01.797171,434.07526208149665,extensive,final,ridge,pca_block,True,COMPLETE
267,-8.581936249915875,2025-12-08 13:09:21.714102,2025-12-08 13:09:24.147913,0 days 00:00:02.433811,732.973205346959,extensive,final,ridge,pca_block,True,COMPLETE
268,-130.45917512247408,2025-12-08 13:09:24.147913,2025-12-08 13:09:25.793726,0 days 00:00:01.645813,564.6409843667607,extensive,final,ridge,pca_block,True,COMPLETE
269,-9.727463165771828,2025-12-08 13:09:25.794736,2025-12-08 13:09:28.816441,0 days 00:00:03.021705,761.3272446718055,extensive,final,ridge,pca_block,True,COMPLETE
270,-621.9317781347103,2025-12-08 13:09:28.817445,2025-12-08 13:09:31.302926,0 days 00:00:02.485481,424.81032306153975,extensive,final,ridge,pca_block,True,COMPLETE
271,-102.63115625193012,2025-12-08 13:09:31.303553,2025-12-08 13:09:33.626833,0 days 00:00:02.323280,990.2382737219189,extensive,final,ridge,pca_block,True,COMPLETE
272,-100.24573304122039,2025-12-08 13:09:33.627830,2025-12-08 13:09:35.462368,0 days 00:00:01.834538,583.6389555510456,extensive,final,ridge,pca_block,True,COMPLETE
273,-56.81874715501608,2025-12-08 13:09:35.464380,2025-12-08 13:09:38.015470,0 days 00:00:02.551090,620.3705029368391,extensive,final,ridge,pca_block,True,COMPLETE
274,-1617.748935476615,2025-12-08 13:09:38.017479,2025-12-08 13:09:40.382538,0 days 00:00:02.365059,320.12495409952425,extensive,final,ridge,pca_block,True,COMPLETE
275,-105.86370758909989,2025-12-08 13:09:40.383540,2025-12-08 13:09:42.843973,0 days 00:00:02.460433,995.9490987516132,extensive,final,ridge,pca_block,True,COMPLETE
276,-88271.19612045016,2025-12-08 13:09:42.845989,2025-12-08 13:09:45.269728,0 days 00:00:02.423739,0.05639362960506964,extensive,final,ridge,pca_block,True,COMPLETE
277,-389.2596339284464,2025-12-08 13:09:45.270731,2025-12-08 13:09:47.841773,0 days 00:00:02.571042,471.52175871265575,extensive,final,ridge,pca_block,True,COMPLETE
278,-8.783615142645937,2025-12-08 13:09:47.842294,2025-12-08 13:09:50.430507,0 days 00:00:02.588213,728.2845149184651,extensive,final,ridge,pca_block,True,COMPLETE
279,-8.724303568453132,2025-12-08 13:09:50.432515,2025-12-08 13:09:53.066707,0 days 00:00:02.634192,729.400060477241,extensive,final,ridge,pca_block,True,COMPLETE
280,-236.47117596830637,2025-12-08 13:09:53.066707,2025-12-08 13:09:55.529021,0 days 00:00:02.462314,516.8364369108182,extensive,final,ridge,pca_block,True,COMPLETE
281,-1237.3385938411689,2025-12-08 13:09:55.530020,2025-12-08 13:09:57.566522,0 days 00:00:02.036502,350.39888833545865,extensive,final,ridge,pca_block,True,COMPLETE
282,-8.495870056763911,2025-12-08 13:09:57.566522,2025-12-08 13:10:00.183891,0 days 00:00:02.617369,739.3364279644277,extensive,final,ridge,pca_block,True,COMPLETE
283,-2874.44348730703,2025-12-08 13:10:00.183891,2025-12-08 13:10:02.858404,0 days 00:00:02.674513,254.25285081139486,extensive,final,ridge,pca_block,True,COMPLETE
284,-106.99567417217106,2025-12-08 13:10:02.858404,2025-12-08 13:10:05.629686,0 days 00:00:02.771282,997.965101212856,extensive,final,ridge,pca_block,True,COMPLETE
285,-135.3615474463908,2025-12-08 13:10:05.629686,2025-12-08 13:10:08.467762,0 days 00:00:02.838076,561.8894050415523,extensive,final,ridge,pca_block,True,COMPLETE
286,-539.586622905518,2025-12-08 13:10:08.468569,2025-12-08 13:10:11.152527,0 days 00:00:02.683958,439.3746073304846,extensive,final,ridge,pca_block,True,COMPLETE
287,-9.411197071341528,2025-12-08 13:10:11.152527,2025-12-08 13:10:13.878503,0 days 00:00:02.725976,720.2197489441339,extensive,final,ridge,pca_block,True,COMPLETE
288,-59.958830206624846,2025-12-08 13:10:13.878503,2025-12-08 13:10:16.447939,0 days 00:00:02.569436,617.0807494765312,extensive,final,ridge,pca_block,True,COMPLETE
289,-890.3442113988211,2025-12-08 13:10:16.447939,2025-12-08 13:10:19.030535,0 days 00:00:02.582596,386.7204827001081,extensive,final,ridge,pca_block,True,COMPLETE
290,-8.763120983921334,2025-12-08 13:10:19.031539,2025-12-08 13:10:21.653926,0 days 00:00:02.622387,749.1318758040096,extensive,final,ridge,pca_block,True,COMPLETE
291,-83577.16904764138,2025-12-08 13:10:21.653926,2025-12-08 13:10:24.199480,0 days 00:00:02.545554,0.6520401141303123,extensive,final,ridge,pca_block,True,COMPLETE
292,-9.910425290057798,2025-12-08 13:10:24.201488,2025-12-08 13:10:26.631547,0 days 00:00:02.430059,762.9505834142567,extensive,final,ridge,pca_block,True,COMPLETE
293,-226.83895301327593,2025-12-08 13:10:26.631547,2025-12-08 13:10:28.716067,0 days 00:00:02.084520,520.4329795030309,extensive,final,ridge,pca_block,True,COMPLETE
294,-93.8525147528217,2025-12-08 13:10:28.716067,2025-12-08 13:10:30.763413,0 days 00:00:02.047346,974.6285395814247,extensive,final,ridge,pca_block,True,COMPLETE
295,-109.14212020490346,2025-12-08 13:10:30.765423,2025-12-08 13:10:32.961374,0 days 00:00:02.195951,577.6733234412569,extensive,final,ridge,pca_block,True,COMPLETE
296,-36684.08850990378,2025-12-08 13:10:32.962748,2025-12-08 13:10:34.667579,0 days 00:00:01.704831,22.92414883073182,extensive,final,ridge,pca_block,True,COMPLETE
297,-902.4404865222319,2025-12-08 13:10:34.667579,2025-12-08 13:10:37.170887,0 days 00:00:02.503308,385.2550528037564,extensive,final,ridge,pca_block,True,COMPLETE
298,-8.748444003673322,2025-12-08 13:10:37.171949,2025-12-08 13:10:39.699321,0 days 00:00:02.527372,748.8367152988681,extensive,final,ridge,pca_block,True,COMPLETE
299,-104.73266076491531,2025-12-08 13:10:39.700318,2025-12-08 13:10:42.250751,0 days 00:00:02.550433,993.860130079956,extensive,final,ridge,pca_block,True,COMPLETE
