number,value,datetime_start,datetime_complete,duration,params_ridge_alpha,user_attrs_feat_level,user_attrs_label,user_attrs_model_type,user_attrs_pca_mode,user_attrs_use_PCA,state
0,-88868.88113352715,2025-12-08 12:58:57.155599,2025-12-08 12:58:58.849361,0 days 00:00:01.693762,0.0008824763948910679,extensive,final,ridge,pca_block,True,COMPLETE
1,-88860.98806119488,2025-12-08 12:58:58.849361,2025-12-08 12:59:00.566789,0 days 00:00:01.717428,0.0013215107400658729,extensive,final,ridge,pca_block,True,COMPLETE
2,-88844.50576607154,2025-12-08 12:59:00.581066,2025-12-08 12:59:02.937601,0 days 00:00:02.356535,0.0029962278947444116,extensive,final,ridge,pca_block,True,COMPLETE
3,-88777.50314670161,2025-12-08 12:59:02.939118,2025-12-08 12:59:05.268310,0 days 00:00:02.329192,0.009340102798075204,extensive,final,ridge,pca_block,True,COMPLETE
4,-10171.524681290015,2025-12-08 12:59:05.270326,2025-12-08 12:59:07.593986,0 days 00:00:02.323660,117.45611861236719,extensive,final,ridge,pca_block,True,COMPLETE
5,-87942.53877470382,2025-12-08 12:59:07.593986,2025-12-08 12:59:09.817428,0 days 00:00:02.223442,0.09011026749095355,extensive,final,ridge,pca_block,True,COMPLETE
6,-75238.38909502492,2025-12-08 12:59:09.817428,2025-12-08 12:59:11.556369,0 days 00:00:01.738941,2.188917047433688,extensive,final,ridge,pca_block,True,COMPLETE
7,-88669.58189935895,2025-12-08 12:59:11.556369,2025-12-08 12:59:13.022983,0 days 00:00:01.466614,0.019681738839699574,extensive,final,ridge,pca_block,True,COMPLETE
8,-84463.15043895289,2025-12-08 12:59:13.022983,2025-12-08 12:59:14.722799,0 days 00:00:01.699816,0.5219712101219686,extensive,final,ridge,pca_block,True,COMPLETE
9,-88770.32027569374,2025-12-08 12:59:14.722799,2025-12-08 12:59:16.395802,0 days 00:00:01.673003,0.00975239310466585,extensive,final,ridge,pca_block,True,COMPLETE
10,-212.3078214394468,2025-12-08 12:59:16.395802,2025-12-08 12:59:18.869171,0 days 00:00:02.473369,526.0317763236222,extensive,final,ridge,pca_block,True,COMPLETE
11,-12.260239780181278,2025-12-08 12:59:18.871186,2025-12-08 12:59:21.318674,0 days 00:00:02.447488,778.9922333088854,extensive,final,ridge,pca_block,True,COMPLETE
12,-30.229932911931357,2025-12-08 12:59:21.318674,2025-12-08 12:59:23.643843,0 days 00:00:02.325169,842.5615120603856,extensive,final,ridge,pca_block,True,COMPLETE
13,-55537.24640135883,2025-12-08 12:59:23.643843,2025-12-08 12:59:25.572128,0 days 00:00:01.928285,8.568057863624949,extensive,final,ridge,pca_block,True,COMPLETE
14,-15623.35943269395,2025-12-08 12:59:25.573135,2025-12-08 12:59:27.525060,0 days 00:00:01.951925,78.45229893410728,extensive,final,ridge,pca_block,True,COMPLETE
15,-95.04105114649126,2025-12-08 12:59:27.527844,2025-12-08 12:59:30.071315,0 days 00:00:02.543471,976.930730759945,extensive,final,ridge,pca_block,True,COMPLETE
16,-41530.66124707877,2025-12-08 12:59:30.071315,2025-12-08 12:59:32.630281,0 days 00:00:02.558966,17.821603039832365,extensive,final,ridge,pca_block,True,COMPLETE
17,-10135.162328311782,2025-12-08 12:59:32.630281,2025-12-08 12:59:35.225430,0 days 00:00:02.595149,117.80735948127571,extensive,final,ridge,pca_block,True,COMPLETE
18,-57719.19296387894,2025-12-08 12:59:35.227448,2025-12-08 12:59:37.870582,0 days 00:00:02.643134,7.594313052418626,extensive,final,ridge,pca_block,True,COMPLETE
19,-82199.17164459336,2025-12-08 12:59:37.870582,2025-12-08 12:59:40.443819,0 days 00:00:02.573237,0.8681099230665359,extensive,final,ridge,pca_block,True,COMPLETE
20,-88881.9669542723,2025-12-08 12:59:40.443819,2025-12-08 12:59:42.542624,0 days 00:00:02.098805,0.00024949330877273773,extensive,final,ridge,pca_block,True,COMPLETE
21,-61.16821877681636,2025-12-08 12:59:42.542624,2025-12-08 12:59:44.626122,0 days 00:00:02.083498,615.9103529448427,extensive,final,ridge,pca_block,True,COMPLETE
22,-1251.4597961020534,2025-12-08 12:59:44.627122,2025-12-08 12:59:47.096365,0 days 00:00:02.469243,349.1389226340135,extensive,final,ridge,pca_block,True,COMPLETE
23,-29773.191105737773,2025-12-08 12:59:47.097139,2025-12-08 12:59:49.559105,0 days 00:00:02.461966,33.243743336751024,extensive,final,ridge,pca_block,True,COMPLETE
24,-4559.547479922973,2025-12-08 12:59:49.559105,2025-12-08 12:59:51.888654,0 days 00:00:02.329549,201.97886603818554,extensive,final,ridge,pca_block,True,COMPLETE
25,-15.073153977913826,2025-12-08 12:59:51.888654,2025-12-08 12:59:54.157741,0 days 00:00:02.269087,792.7763437378999,extensive,final,ridge,pca_block,True,COMPLETE
26,-20482.985469824245,2025-12-08 12:59:54.158752,2025-12-08 12:59:56.708981,0 days 00:00:02.550229,57.188038149997645,extensive,final,ridge,pca_block,True,COMPLETE
27,-70632.93523255148,2025-12-08 12:59:56.709979,2025-12-08 12:59:59.074159,0 days 00:00:02.364180,3.2812713404370752,extensive,final,ridge,pca_block,True,COMPLETE
28,-87687.16101744304,2025-12-08 12:59:59.076182,2025-12-08 13:00:01.418300,0 days 00:00:02.342118,0.11662683360423876,extensive,final,ridge,pca_block,True,COMPLETE
29,-67.71619159843571,2025-12-08 13:00:01.418300,2025-12-08 13:00:03.826198,0 days 00:00:02.407898,925.834730655731,extensive,final,ridge,pca_block,True,COMPLETE
30,-43929.86582582245,2025-12-08 13:00:03.826198,2025-12-08 13:00:05.891051,0 days 00:00:02.064853,15.75273107035949,extensive,final,ridge,pca_block,True,COMPLETE
31,-2058.1737130426513,2025-12-08 13:00:05.891051,2025-12-08 13:00:08.147180,0 days 00:00:02.256129,292.59368212847164,extensive,final,ridge,pca_block,True,COMPLETE
32,-101.56874964676216,2025-12-08 13:00:08.147180,2025-12-08 13:00:10.778915,0 days 00:00:02.631735,988.3950539289285,extensive,final,ridge,pca_block,True,COMPLETE
33,-5628.637021142536,2025-12-08 13:00:10.778915,2025-12-08 13:00:13.340087,0 days 00:00:02.561172,178.77114049675845,extensive,final,ridge,pca_block,True,COMPLETE
34,-21434.90319762508,2025-12-08 13:00:13.340087,2025-12-08 13:00:15.776449,0 days 00:00:02.436362,53.92523339644335,extensive,final,ridge,pca_block,True,COMPLETE
35,-754.9759406007612,2025-12-08 13:00:15.776449,2025-12-08 13:00:18.093172,0 days 00:00:02.316723,404.44823719512067,extensive,final,ridge,pca_block,True,COMPLETE
36,-6872.317218325402,2025-12-08 13:00:18.094250,2025-12-08 13:00:20.149417,0 days 00:00:02.055167,157.3328051704891,extensive,final,ridge,pca_block,True,COMPLETE
37,-585.723077190806,2025-12-08 13:00:20.152416,2025-12-08 13:00:23.060401,0 days 00:00:02.907985,430.9964889956285,extensive,final,ridge,pca_block,True,COMPLETE
38,-29654.268685727802,2025-12-08 13:00:23.061912,2025-12-08 13:00:25.481417,0 days 00:00:02.419505,33.470170467247854,extensive,final,ridge,pca_block,True,COMPLETE
39,-11007.61055929216,2025-12-08 13:00:25.481417,2025-12-08 13:00:28.035883,0 days 00:00:02.554466,109.86359372635745,extensive,final,ridge,pca_block,True,COMPLETE
40,-228.05357536224892,2025-12-08 13:00:28.035883,2025-12-08 13:00:30.479210,0 days 00:00:02.443327,519.9572234113411,extensive,final,ridge,pca_block,True,COMPLETE
41,-57.34227555435664,2025-12-08 13:00:30.479210,2025-12-08 13:00:33.000710,0 days 00:00:02.521500,905.1592466205753,extensive,final,ridge,pca_block,True,COMPLETE
42,-77.40004916774014,2025-12-08 13:00:33.000710,2025-12-08 13:00:35.616150,0 days 00:00:02.615440,944.3474407465004,extensive,final,ridge,pca_block,True,COMPLETE
43,-3658.305117095948,2025-12-08 13:00:35.618408,2025-12-08 13:00:38.209225,0 days 00:00:02.590817,226.75941023571318,extensive,final,ridge,pca_block,True,COMPLETE
44,-732.0393035863693,2025-12-08 13:00:38.210320,2025-12-08 13:00:40.097611,0 days 00:00:01.887291,407.7230942658949,extensive,final,ridge,pca_block,True,COMPLETE
45,-17663.33372635482,2025-12-08 13:00:40.098122,2025-12-08 13:00:42.529135,0 days 00:00:02.431013,68.44547331356243,extensive,final,ridge,pca_block,True,COMPLETE
46,-88849.46494967652,2025-12-08 13:00:42.529646,2025-12-08 13:00:44.175208,0 days 00:00:01.645562,0.002472694908869886,extensive,final,ridge,pca_block,True,COMPLETE
47,-33006.034799829664,2025-12-08 13:00:44.176216,2025-12-08 13:00:47.145122,0 days 00:00:02.968906,27.870666177174677,extensive,final,ridge,pca_block,True,COMPLETE
48,-88257.01454152995,2025-12-08 13:00:47.146333,2025-12-08 13:00:49.683647,0 days 00:00:02.537314,0.05850631540761905,extensive,final,ridge,pca_block,True,COMPLETE
49,-33.3057175513209,2025-12-08 13:00:49.685758,2025-12-08 13:00:52.380071,0 days 00:00:02.694313,650.4880228817523,extensive,final,ridge,pca_block,True,COMPLETE
50,-10359.601087265639,2025-12-08 13:00:52.380071,2025-12-08 13:00:54.930469,0 days 00:00:02.550398,115.68913509030611,extensive,final,ridge,pca_block,True,COMPLETE
51,-275.127589648052,2025-12-08 13:00:54.930469,2025-12-08 13:00:57.550236,0 days 00:00:02.619767,503.57163125261326,extensive,final,ridge,pca_block,True,COMPLETE
52,-29.212943418520315,2025-12-08 13:00:57.550236,2025-12-08 13:01:00.186255,0 days 00:00:02.636019,657.4170335942705,extensive,final,ridge,pca_block,True,COMPLETE
53,-3141.5654203968447,2025-12-08 13:01:00.186255,2025-12-08 13:01:02.865430,0 days 00:00:02.679175,244.09708524445014,extensive,final,ridge,pca_block,True,COMPLETE
54,-21.981967761754802,2025-12-08 13:01:02.865430,2025-12-08 13:01:05.295825,0 days 00:00:02.430395,671.7783422886212,extensive,final,ridge,pca_block,True,COMPLETE
55,-3550.5592886896134,2025-12-08 13:01:05.295825,2025-12-08 13:01:07.513225,0 days 00:00:02.217400,230.13843281304926,extensive,final,ridge,pca_block,True,COMPLETE
56,-88876.97412268365,2025-12-08 13:01:07.513225,2025-12-08 13:01:09.412078,0 days 00:00:01.898853,0.00012449484692411735,extensive,final,ridge,pca_block,True,COMPLETE
57,-12556.16868272284,2025-12-08 13:01:09.412871,2025-12-08 13:01:11.846060,0 days 00:00:02.433189,97.60189203652962,extensive,final,ridge,pca_block,True,COMPLETE
58,-106.00321474362221,2025-12-08 13:01:11.847111,2025-12-08 13:01:14.229797,0 days 00:00:02.382686,579.7269410090913,extensive,final,ridge,pca_block,True,COMPLETE
59,-68479.80149158745,2025-12-08 13:01:14.230126,2025-12-08 13:01:16.700438,0 days 00:00:02.470312,3.860383631117098,extensive,final,ridge,pca_block,True,COMPLETE
60,-45319.617579004895,2025-12-08 13:01:16.701053,2025-12-08 13:01:18.829818,0 days 00:00:02.128765,14.665678315577242,extensive,final,ridge,pca_block,True,COMPLETE
61,-10.897170926670475,2025-12-08 13:01:18.829818,2025-12-08 13:01:21.064266,0 days 00:00:02.234448,770.5954170127121,extensive,final,ridge,pca_block,True,COMPLETE
62,-1865.2241918926995,2025-12-08 13:01:21.064266,2025-12-08 13:01:23.501986,0 days 00:00:02.437720,303.87367571079386,extensive,final,ridge,pca_block,True,COMPLETE
63,-25.371099076544976,2025-12-08 13:01:23.502508,2025-12-08 13:01:25.997546,0 days 00:00:02.495038,664.6905199303667,extensive,final,ridge,pca_block,True,COMPLETE
64,-6179.594537149306,2025-12-08 13:01:25.999053,2025-12-08 13:01:28.432221,0 days 00:00:02.433168,168.65778471243368,extensive,final,ridge,pca_block,True,COMPLETE
65,-80540.00982860995,2025-12-08 13:01:28.434245,2025-12-08 13:01:30.281394,0 days 00:00:01.847149,1.1483680433866987,extensive,final,ridge,pca_block,True,COMPLETE
66,-106.17506152236831,2025-12-08 13:01:30.281394,2025-12-08 13:01:32.431346,0 days 00:00:02.149952,996.5185663100835,extensive,final,ridge,pca_block,True,COMPLETE
67,-1056.063000337467,2025-12-08 13:01:32.431346,2025-12-08 13:01:34.865265,0 days 00:00:02.433919,368.0317474142135,extensive,final,ridge,pca_block,True,COMPLETE
68,-18577.34908896616,2025-12-08 13:01:34.865265,2025-12-08 13:01:37.149847,0 days 00:00:02.284582,64.50887879826276,extensive,final,ridge,pca_block,True,COMPLETE
69,-7418.863361533861,2025-12-08 13:01:37.151478,2025-12-08 13:01:39.485223,0 days 00:00:02.333745,149.29872147711959,extensive,final,ridge,pca_block,True,COMPLETE
70,-33.31874861814842,2025-12-08 13:01:39.488028,2025-12-08 13:01:41.781730,0 days 00:00:02.293702,650.4586122997837,extensive,final,ridge,pca_block,True,COMPLETE
71,-117.12619600498105,2025-12-08 13:01:41.782238,2025-12-08 13:01:44.053225,0 days 00:00:02.270987,572.5715680576825,extensive,final,ridge,pca_block,True,COMPLETE
72,-2454.9976085758817,2025-12-08 13:01:44.054225,2025-12-08 13:01:46.569682,0 days 00:00:02.515457,272.35369545187655,extensive,final,ridge,pca_block,True,COMPLETE
73,-19.87431487724601,2025-12-08 13:01:46.569682,2025-12-08 13:01:48.798604,0 days 00:00:02.228922,676.9145652116529,extensive,final,ridge,pca_block,True,COMPLETE
74,-1372.3436546268247,2025-12-08 13:01:48.799110,2025-12-08 13:01:50.708713,0 days 00:00:01.909603,338.7715415487103,extensive,final,ridge,pca_block,True,COMPLETE
75,-16.923320030269196,2025-12-08 13:01:50.708713,2025-12-08 13:01:53.088121,0 days 00:00:02.379408,684.9882874598266,extensive,final,ridge,pca_block,True,COMPLETE
76,-86583.46341294116,2025-12-08 13:01:53.088121,2025-12-08 13:01:55.264694,0 days 00:00:02.176573,0.2421110477455092,extensive,final,ridge,pca_block,True,COMPLETE
77,-66.39585385154265,2025-12-08 13:01:55.265303,2025-12-08 13:01:57.183990,0 days 00:00:01.918687,610.8259871117417,extensive,final,ridge,pca_block,True,COMPLETE
78,-23904.890202127386,2025-12-08 13:01:57.186006,2025-12-08 13:01:59.719763,0 days 00:00:02.533757,46.476079354276536,extensive,final,ridge,pca_block,True,COMPLETE
79,-7454.314659678038,2025-12-08 13:01:59.721889,2025-12-08 13:02:02.231946,0 days 00:00:02.510057,148.80451881072347,extensive,final,ridge,pca_block,True,COMPLETE
80,-13824.098448418561,2025-12-08 13:02:02.232670,2025-12-08 13:02:04.746225,0 days 00:00:02.513555,88.96661760373374,extensive,final,ridge,pca_block,True,COMPLETE
81,-8.571765863594042,2025-12-08 13:02:04.747819,2025-12-08 13:02:07.137517,0 days 00:00:02.389698,744.2581715827625,extensive,final,ridge,pca_block,True,COMPLETE
82,-952.1444195440704,2025-12-08 13:02:07.139527,2025-12-08 13:02:09.521481,0 days 00:00:02.381954,379.41855843870655,extensive,final,ridge,pca_block,True,COMPLETE
83,-10.630096867091597,2025-12-08 13:02:09.521481,2025-12-08 13:02:11.916718,0 days 00:00:02.395237,710.8134246208172,extensive,final,ridge,pca_block,True,COMPLETE
84,-2919.8441862286436,2025-12-08 13:02:11.918730,2025-12-08 13:02:14.364417,0 days 00:00:02.445687,252.4650059355009,extensive,final,ridge,pca_block,True,COMPLETE
85,-88867.28730315024,2025-12-08 13:02:14.364417,2025-12-08 13:02:16.832880,0 days 00:00:02.468463,0.0006964408573883614,extensive,final,ridge,pca_block,True,COMPLETE
86,-10.14848219913559,2025-12-08 13:02:16.833675,2025-12-08 13:02:18.983219,0 days 00:00:02.149544,764.9766814654902,extensive,final,ridge,pca_block,True,COMPLETE
87,-77.83834394407742,2025-12-08 13:02:18.983219,2025-12-08 13:02:21.182924,0 days 00:00:02.199705,945.2053673791789,extensive,final,ridge,pca_block,True,COMPLETE
88,-640.1632136111951,2025-12-08 13:02:21.182924,2025-12-08 13:02:23.734153,0 days 00:00:02.551229,421.7948490988237,extensive,final,ridge,pca_block,True,COMPLETE
89,-6233.10226497846,2025-12-08 13:02:23.736161,2025-12-08 13:02:26.233423,0 days 00:00:02.497262,167.7336837459131,extensive,final,ridge,pca_block,True,COMPLETE
90,-570.0155447157697,2025-12-08 13:02:26.234592,2025-12-08 13:02:28.691437,0 days 00:00:02.456845,433.7934298323483,extensive,final,ridge,pca_block,True,COMPLETE
91,-8.777257835123656,2025-12-08 13:02:28.691437,2025-12-08 13:02:31.284707,0 days 00:00:02.593270,728.3674940177549,extensive,final,ridge,pca_block,True,COMPLETE
92,-9.605394372611244,2025-12-08 13:02:31.284707,2025-12-08 13:02:33.284679,0 days 00:00:01.999972,718.4165029863457,extensive,final,ridge,pca_block,True,COMPLETE
93,-2317.272117168902,2025-12-08 13:02:33.284679,2025-12-08 13:02:35.608651,0 days 00:00:02.323972,278.96866994410726,extensive,final,ridge,pca_block,True,COMPLETE
94,-10.486371248077932,2025-12-08 13:02:35.609671,2025-12-08 13:02:37.937042,0 days 00:00:02.327371,767.6521475905471,extensive,final,ridge,pca_block,True,COMPLETE
95,-93.39259193280024,2025-12-08 13:02:37.937042,2025-12-08 13:02:40.141985,0 days 00:00:02.204943,973.8100274182743,extensive,final,ridge,pca_block,True,COMPLETE
96,-88779.13112465612,2025-12-08 13:02:40.143504,2025-12-08 13:02:42.656995,0 days 00:00:02.513491,0.008742836533941584,extensive,final,ridge,pca_block,True,COMPLETE
97,-233.11153778970152,2025-12-08 13:02:42.659010,2025-12-08 13:02:45.085896,0 days 00:00:02.426886,518.0920149397006,extensive,final,ridge,pca_block,True,COMPLETE
98,-3931.2554556504433,2025-12-08 13:02:45.085896,2025-12-08 13:02:47.139133,0 days 00:00:02.053237,218.62354197424827,extensive,final,ridge,pca_block,True,COMPLETE
99,-1168.7165396616392,2025-12-08 13:02:47.141144,2025-12-08 13:02:49.519391,0 days 00:00:02.378247,356.8021198193277,extensive,final,ridge,pca_block,True,COMPLETE
100,-8972.384003443354,2025-12-08 13:02:49.520399,2025-12-08 13:02:51.834363,0 days 00:00:02.313964,129.8303401000903,extensive,final,ridge,pca_block,True,COMPLETE
101,-11.42062761007879,2025-12-08 13:02:51.834363,2025-12-08 13:02:54.122960,0 days 00:00:02.288597,706.2159446248312,extensive,final,ridge,pca_block,True,COMPLETE
102,-11.720319084435973,2025-12-08 13:02:54.125690,2025-12-08 13:02:56.455792,0 days 00:00:02.330102,775.8580752017219,extensive,final,ridge,pca_block,True,COMPLETE
103,-423.1255540380668,2025-12-08 13:02:56.457818,2025-12-08 13:02:58.850040,0 days 00:00:02.392222,463.48847876261664,extensive,final,ridge,pca_block,True,COMPLETE
104,-13.855682616680417,2025-12-08 13:02:58.850040,2025-12-08 13:03:00.894318,0 days 00:00:02.044278,787.2080079467889,extensive,final,ridge,pca_block,True,COMPLETE
105,-15.682827391393324,2025-12-08 13:03:00.894318,2025-12-08 13:03:03.867161,0 days 00:00:02.972843,795.3775169041855,extensive,final,ridge,pca_block,True,COMPLETE
106,-4698.045662030275,2025-12-08 13:03:03.869293,2025-12-08 13:03:06.441942,0 days 00:00:02.572649,198.66075437136973,extensive,final,ridge,pca_block,True,COMPLETE
107,-2131.0892568730656,2025-12-08 13:03:06.441942,2025-12-08 13:03:09.037862,0 days 00:00:02.595920,288.6021777406264,extensive,final,ridge,pca_block,True,COMPLETE
108,-429.03012097419577,2025-12-08 13:03:09.038860,2025-12-08 13:03:11.478372,0 days 00:00:02.439512,462.13470207583913,extensive,final,ridge,pca_block,True,COMPLETE
109,-25.320332652269638,2025-12-08 13:03:11.478372,2025-12-08 13:03:13.737448,0 days 00:00:02.259076,828.700021811634,extensive,final,ridge,pca_block,True,COMPLETE
110,-106.80745352172117,2025-12-08 13:03:13.737448,2025-12-08 13:03:15.655278,0 days 00:00:01.917830,997.6064784488265,extensive,final,ridge,pca_block,True,COMPLETE
111,-163.60830116082414,2025-12-08 13:03:15.655278,2025-12-08 13:03:17.507357,0 days 00:00:01.852079,547.2720880947668,extensive,final,ridge,pca_block,True,COMPLETE
112,-1442.4344900841609,2025-12-08 13:03:17.507357,2025-12-08 13:03:19.884387,0 days 00:00:02.377030,333.14296764865367,extensive,final,ridge,pca_block,True,COMPLETE
113,-8.831722995351072,2025-12-08 13:03:19.884387,2025-12-08 13:03:22.398036,0 days 00:00:02.513649,727.425142360476,extensive,final,ridge,pca_block,True,COMPLETE
114,-11.951863440241851,2025-12-08 13:03:22.398545,2025-12-08 13:03:24.897200,0 days 00:00:02.498655,703.5097366470433,extensive,final,ridge,pca_block,True,COMPLETE
115,-429.65706558797484,2025-12-08 13:03:24.898713,2025-12-08 13:03:27.474228,0 days 00:00:02.575515,461.9891354912104,extensive,final,ridge,pca_block,True,COMPLETE
116,-4777.613154080126,2025-12-08 13:03:27.476253,2025-12-08 13:03:30.007206,0 days 00:00:02.530953,196.7794198896578,extensive,final,ridge,pca_block,True,COMPLETE
117,-1535.169557748308,2025-12-08 13:03:30.007206,2025-12-08 13:03:31.960954,0 days 00:00:01.953748,326.0864954346685,extensive,final,ridge,pca_block,True,COMPLETE
118,-12.598166990431613,2025-12-08 13:03:31.962964,2025-12-08 13:03:34.492812,0 days 00:00:02.529848,700.5680652200326,extensive,final,ridge,pca_block,True,COMPLETE
119,-221.02307746615864,2025-12-08 13:03:34.492812,2025-12-08 13:03:37.109209,0 days 00:00:02.616397,522.6439705504807,extensive,final,ridge,pca_block,True,COMPLETE
120,-3163.9246059969096,2025-12-08 13:03:37.109209,2025-12-08 13:03:39.645054,0 days 00:00:02.535845,243.27882529414273,extensive,final,ridge,pca_block,True,COMPLETE
121,-11.369480075859384,2025-12-08 13:03:39.645054,2025-12-08 13:03:41.824179,0 days 00:00:02.179125,706.4935295648739,extensive,final,ridge,pca_block,True,COMPLETE
122,-102.57157616261513,2025-12-08 13:03:41.825179,2025-12-08 13:03:44.077478,0 days 00:00:02.252299,990.182768452493,extensive,final,ridge,pca_block,True,COMPLETE
123,-49.124419115504764,2025-12-08 13:03:44.077478,2025-12-08 13:03:46.528430,0 days 00:00:02.450952,628.9347004538887,extensive,final,ridge,pca_block,True,COMPLETE
124,-1282.0883841082846,2025-12-08 13:03:46.528430,2025-12-08 13:03:48.821327,0 days 00:00:02.292897,346.41555159714477,extensive,final,ridge,pca_block,True,COMPLETE
125,-319.6257936404794,2025-12-08 13:03:48.821327,2025-12-08 13:03:51.175819,0 days 00:00:02.354492,490.0185612547854,extensive,final,ridge,pca_block,True,COMPLETE
126,-8.681993189163283,2025-12-08 13:03:51.175819,2025-12-08 13:03:53.524623,0 days 00:00:02.348804,730.2861705015914,extensive,final,ridge,pca_block,True,COMPLETE
127,-8.697174308096209,2025-12-08 13:03:53.524623,2025-12-08 13:03:55.723419,0 days 00:00:02.198796,729.9643152208516,extensive,final,ridge,pca_block,True,COMPLETE
128,-790.3973725464049,2025-12-08 13:03:55.723419,2025-12-08 13:03:57.696946,0 days 00:00:01.973527,399.55255607264735,extensive,final,ridge,pca_block,True,COMPLETE
129,-101.27296840312688,2025-12-08 13:03:57.696946,2025-12-08 13:03:59.949289,0 days 00:00:02.252343,987.8771139913331,extensive,final,ridge,pca_block,True,COMPLETE
130,-9896.301070463936,2025-12-08 13:03:59.949289,2025-12-08 13:04:02.126967,0 days 00:00:02.177678,120.13032877403249,extensive,final,ridge,pca_block,True,COMPLETE
