number,value,datetime_start,datetime_complete,duration,params_ridge_alpha,user_attrs_feat_level,user_attrs_label,user_attrs_model_type,user_attrs_pca_mode,user_attrs_use_PCA,state
0,-3624.4670678616762,2025-12-08 12:43:25.320064,2025-12-08 12:43:26.696020,0 days 00:00:01.375956,10.446972594790019,extensive,final,ridge,pca_only,True,COMPLETE
1,-3510.265475064327,2025-12-08 12:43:26.696020,2025-12-08 12:43:28.195182,0 days 00:00:01.499162,0.0002441589322786843,extensive,final,ridge,pca_only,True,COMPLETE
2,-4008.9329483262795,2025-12-08 12:43:28.195182,2025-12-08 12:43:29.625591,0 days 00:00:01.430409,0.08712634246218245,extensive,final,ridge,pca_only,True,COMPLETE
3,-3926.2216664888765,2025-12-08 12:43:29.626595,2025-12-08 12:43:30.976897,0 days 00:00:01.350302,17.773363466443353,extensive,final,ridge,pca_only,True,COMPLETE
4,-4160.309855234656,2025-12-08 12:43:30.978123,2025-12-08 12:43:32.351146,0 days 00:00:01.373023,6.217471004196978,extensive,final,ridge,pca_only,True,COMPLETE
5,-3768.2741004012246,2025-12-08 12:43:32.351146,2025-12-08 12:43:33.728984,0 days 00:00:01.377838,5.9158645787805835,extensive,final,ridge,pca_only,True,COMPLETE
6,-2464.0952295865327,2025-12-08 12:43:33.736749,2025-12-08 12:43:35.115955,0 days 00:00:01.379206,818.9618494992562,extensive,final,ridge,pca_only,True,COMPLETE
7,-4149.461104469969,2025-12-08 12:43:35.116957,2025-12-08 12:43:36.369571,0 days 00:00:01.252614,0.42034083504695163,extensive,final,ridge,pca_only,True,COMPLETE
8,-4014.6860607506974,2025-12-08 12:43:36.369571,2025-12-08 12:43:37.758871,0 days 00:00:01.389300,1.8265877243549007,extensive,final,ridge,pca_only,True,COMPLETE
9,-2397.820302625543,2025-12-08 12:43:37.759382,2025-12-08 12:43:39.080346,0 days 00:00:01.320964,906.7267194182012,extensive,final,ridge,pca_only,True,COMPLETE
10,-3846.143022700888,2025-12-08 12:43:39.081349,2025-12-08 12:43:40.461367,0 days 00:00:01.380018,0.008655629276287746,extensive,final,ridge,pca_only,True,COMPLETE
11,-2137.8228674384795,2025-12-08 12:43:40.462369,2025-12-08 12:43:41.821458,0 days 00:00:01.359089,882.0480470366017,extensive,final,ridge,pca_only,True,COMPLETE
12,-3263.0627768659647,2025-12-08 12:43:41.821458,2025-12-08 12:43:43.179060,0 days 00:00:01.357602,269.6879404574305,extensive,final,ridge,pca_only,True,COMPLETE
13,-3494.9067618459662,2025-12-08 12:43:43.179060,2025-12-08 12:43:44.596804,0 days 00:00:01.417744,126.75378102110604,extensive,final,ridge,pca_only,True,COMPLETE
14,-3344.3561271043486,2025-12-08 12:43:44.596804,2025-12-08 12:43:45.962861,0 days 00:00:01.366057,126.58169524706557,extensive,final,ridge,pca_only,True,COMPLETE
15,-3753.4589290571316,2025-12-08 12:43:45.962861,2025-12-08 12:43:47.357627,0 days 00:00:01.394766,53.94430986205988,extensive,final,ridge,pca_only,True,COMPLETE
16,-2337.5481918614328,2025-12-08 12:43:47.358322,2025-12-08 12:43:48.745165,0 days 00:00:01.386843,968.2683904085944,extensive,final,ridge,pca_only,True,COMPLETE
17,-3992.0392563874448,2025-12-08 12:43:48.745165,2025-12-08 12:43:50.097326,0 days 00:00:01.352161,0.05161439673279334,extensive,final,ridge,pca_only,True,COMPLETE
18,-3377.538995880317,2025-12-08 12:43:50.098611,2025-12-08 12:43:51.514529,0 days 00:00:01.415918,0.00029432589434940287,extensive,final,ridge,pca_only,True,COMPLETE
19,-4048.3871925929893,2025-12-08 12:43:51.515621,2025-12-08 12:43:52.899649,0 days 00:00:01.384028,0.9729114656495009,extensive,final,ridge,pca_only,True,COMPLETE
20,-4119.241148450017,2025-12-08 12:43:52.899649,2025-12-08 12:43:54.296531,0 days 00:00:01.396882,0.0021811912885129187,extensive,final,ridge,pca_only,True,COMPLETE
21,-2324.6994966283232,2025-12-08 12:43:54.296531,2025-12-08 12:43:55.650692,0 days 00:00:01.354161,812.2371764743287,extensive,final,ridge,pca_only,True,COMPLETE
22,-2120.9131069582204,2025-12-08 12:43:55.651693,2025-12-08 12:43:57.014692,0 days 00:00:01.362999,927.4846253006547,extensive,final,ridge,pca_only,True,COMPLETE
23,-3925.4305281252946,2025-12-08 12:43:57.014692,2025-12-08 12:43:58.464789,0 days 00:00:01.450097,37.863868992053874,extensive,final,ridge,pca_only,True,COMPLETE
24,-3474.405515351878,2025-12-08 12:43:58.465791,2025-12-08 12:43:59.885055,0 days 00:00:01.419264,241.28753542050634,extensive,final,ridge,pca_only,True,COMPLETE
25,-3778.013526094995,2025-12-08 12:43:59.886100,2025-12-08 12:44:01.298860,0 days 00:00:01.412760,54.51033137266946,extensive,final,ridge,pca_only,True,COMPLETE
26,-3510.5587216874596,2025-12-08 12:44:01.299860,2025-12-08 12:44:02.711915,0 days 00:00:01.412055,353.10617884363415,extensive,final,ridge,pca_only,True,COMPLETE
27,-3019.3683216565205,2025-12-08 12:44:02.712917,2025-12-08 12:44:04.112732,0 days 00:00:01.399815,82.30284097251268,extensive,final,ridge,pca_only,True,COMPLETE
28,-2884.0546659487513,2025-12-08 12:44:04.113738,2025-12-08 12:44:05.483889,0 days 00:00:01.370151,339.4665484945653,extensive,final,ridge,pca_only,True,COMPLETE
29,-4003.567262343622,2025-12-08 12:44:05.485057,2025-12-08 12:44:06.865297,0 days 00:00:01.380240,25.31146036229113,extensive,final,ridge,pca_only,True,COMPLETE
30,-4164.482895446531,2025-12-08 12:44:06.866377,2025-12-08 12:44:08.228428,0 days 00:00:01.362051,3.120235142944007,extensive,final,ridge,pca_only,True,COMPLETE
31,-2201.45713749138,2025-12-08 12:44:08.228428,2025-12-08 12:44:09.599481,0 days 00:00:01.371053,909.2016334204553,extensive,final,ridge,pca_only,True,COMPLETE
32,-3257.154554599599,2025-12-08 12:44:09.599481,2025-12-08 12:44:11.059251,0 days 00:00:01.459770,421.45290753709185,extensive,final,ridge,pca_only,True,COMPLETE
33,-3689.3664232189803,2025-12-08 12:44:11.060250,2025-12-08 12:44:12.597146,0 days 00:00:01.536896,128.68235087210147,extensive,final,ridge,pca_only,True,COMPLETE
34,-3403.8127722603354,2025-12-08 12:44:12.598151,2025-12-08 12:44:14.105967,0 days 00:00:01.507816,14.346984133296719,extensive,final,ridge,pca_only,True,COMPLETE
35,-2442.2530690657254,2025-12-08 12:44:14.106969,2025-12-08 12:44:15.682501,0 days 00:00:01.575532,882.7927000130333,extensive,final,ridge,pca_only,True,COMPLETE
36,-3311.5967636303303,2025-12-08 12:44:15.683773,2025-12-08 12:44:17.212158,0 days 00:00:01.528385,190.44814265820443,extensive,final,ridge,pca_only,True,COMPLETE
37,-4062.6967827609883,2025-12-08 12:44:17.213159,2025-12-08 12:44:18.733889,0 days 00:00:01.520730,12.49355140517488,extensive,final,ridge,pca_only,True,COMPLETE
38,-4161.292721024438,2025-12-08 12:44:18.733889,2025-12-08 12:44:20.200179,0 days 00:00:01.466290,0.08387075690033732,extensive,final,ridge,pca_only,True,COMPLETE
39,-3204.606228829675,2025-12-08 12:44:20.201008,2025-12-08 12:44:21.715268,0 days 00:00:01.514260,348.0027681366413,extensive,final,ridge,pca_only,True,COMPLETE
40,-2917.603198051251,2025-12-08 12:44:21.715268,2025-12-08 12:44:23.220861,0 days 00:00:01.505593,541.8832872109439,extensive,final,ridge,pca_only,True,COMPLETE
41,-2575.2249927331995,2025-12-08 12:44:23.220861,2025-12-08 12:44:24.668588,0 days 00:00:01.447727,978.7326875788702,extensive,final,ridge,pca_only,True,COMPLETE
42,-2518.1878111364517,2025-12-08 12:44:24.668588,2025-12-08 12:44:26.134601,0 days 00:00:01.466013,908.1377380990778,extensive,final,ridge,pca_only,True,COMPLETE
43,-3780.1927156576076,2025-12-08 12:44:26.134601,2025-12-08 12:44:27.566737,0 days 00:00:01.432136,72.77629995767083,extensive,final,ridge,pca_only,True,COMPLETE
44,-3664.4182804875777,2025-12-08 12:44:27.567837,2025-12-08 12:44:29.000277,0 days 00:00:01.432440,177.28680110091224,extensive,final,ridge,pca_only,True,COMPLETE
45,-3003.6033492214515,2025-12-08 12:44:29.001281,2025-12-08 12:44:30.565425,0 days 00:00:01.564144,513.6816044102641,extensive,final,ridge,pca_only,True,COMPLETE
46,-3714.2027065465822,2025-12-08 12:44:30.566427,2025-12-08 12:44:32.088769,0 days 00:00:01.522342,4.863578132525303,extensive,final,ridge,pca_only,True,COMPLETE
47,-3759.132537709584,2025-12-08 12:44:32.089730,2025-12-08 12:44:33.618836,0 days 00:00:01.529106,31.645746729230666,extensive,final,ridge,pca_only,True,COMPLETE
48,-3682.5913707445484,2025-12-08 12:44:33.620104,2025-12-08 12:44:35.167435,0 days 00:00:01.547331,104.08222097640918,extensive,final,ridge,pca_only,True,COMPLETE
49,-2811.557205275458,2025-12-08 12:44:35.167435,2025-12-08 12:44:36.682227,0 days 00:00:01.514792,513.8008336043512,extensive,final,ridge,pca_only,True,COMPLETE
50,-3940.4372943999156,2025-12-08 12:44:36.683241,2025-12-08 12:44:38.036542,0 days 00:00:01.353301,0.21776788395300425,extensive,final,ridge,pca_only,True,COMPLETE
51,-2668.3256618588607,2025-12-08 12:44:38.036542,2025-12-08 12:44:39.484924,0 days 00:00:01.448382,951.6592020772463,extensive,final,ridge,pca_only,True,COMPLETE
52,-3379.881926766835,2025-12-08 12:44:39.485930,2025-12-08 12:44:40.985383,0 days 00:00:01.499453,204.29063689055906,extensive,final,ridge,pca_only,True,COMPLETE
53,-2852.7496842108653,2025-12-08 12:44:40.986924,2025-12-08 12:44:42.481887,0 days 00:00:01.494963,593.5149077428177,extensive,final,ridge,pca_only,True,COMPLETE
54,-4443.260709909648,2025-12-08 12:44:42.482893,2025-12-08 12:44:43.934516,0 days 00:00:01.451623,0.014430210877933534,extensive,final,ridge,pca_only,True,COMPLETE
55,-2887.4635210544125,2025-12-08 12:44:43.934516,2025-12-08 12:44:45.603309,0 days 00:00:01.668793,350.3685166093715,extensive,final,ridge,pca_only,True,COMPLETE
56,-3868.1039740314154,2025-12-08 12:44:45.604378,2025-12-08 12:44:47.086899,0 days 00:00:01.482521,203.89603749846066,extensive,final,ridge,pca_only,True,COMPLETE
57,-3862.471487334553,2025-12-08 12:44:47.086899,2025-12-08 12:44:48.551865,0 days 00:00:01.464966,50.80122110817988,extensive,final,ridge,pca_only,True,COMPLETE
58,-3904.5710891182675,2025-12-08 12:44:48.551865,2025-12-08 12:44:50.200334,0 days 00:00:01.648469,119.46534101162314,extensive,final,ridge,pca_only,True,COMPLETE
59,-4318.799271831409,2025-12-08 12:44:50.201874,2025-12-08 12:44:51.709994,0 days 00:00:01.508120,0.0005153272710602082,extensive,final,ridge,pca_only,True,COMPLETE
60,-2889.9866886812033,2025-12-08 12:44:51.710999,2025-12-08 12:44:53.217425,0 days 00:00:01.506426,583.6467649111989,extensive,final,ridge,pca_only,True,COMPLETE
61,-2389.2417222524778,2025-12-08 12:44:53.218399,2025-12-08 12:44:54.636763,0 days 00:00:01.418364,858.6095269097584,extensive,final,ridge,pca_only,True,COMPLETE
62,-3299.7078415586034,2025-12-08 12:44:54.637836,2025-12-08 12:44:56.102634,0 days 00:00:01.464798,305.83814400894295,extensive,final,ridge,pca_only,True,COMPLETE
63,-2913.0515598251623,2025-12-08 12:44:56.103632,2025-12-08 12:44:57.552532,0 days 00:00:01.448900,555.0098408217914,extensive,final,ridge,pca_only,True,COMPLETE
64,-4040.527141564696,2025-12-08 12:44:57.553818,2025-12-08 12:44:58.984213,0 days 00:00:01.430395,222.66659291166653,extensive,final,ridge,pca_only,True,COMPLETE
65,-1998.9586508148866,2025-12-08 12:44:58.984995,2025-12-08 12:45:00.462157,0 days 00:00:01.477162,861.4227033118063,extensive,final,ridge,pca_only,True,COMPLETE
66,-2762.8419681264695,2025-12-08 12:45:00.463159,2025-12-08 12:45:01.885400,0 days 00:00:01.422241,683.9299845752229,extensive,final,ridge,pca_only,True,COMPLETE
67,-2379.355172668075,2025-12-08 12:45:01.885400,2025-12-08 12:45:03.338497,0 days 00:00:01.453097,971.6809568311952,extensive,final,ridge,pca_only,True,COMPLETE
68,-3476.5378942335533,2025-12-08 12:45:03.338497,2025-12-08 12:45:04.814031,0 days 00:00:01.475534,134.4015497026883,extensive,final,ridge,pca_only,True,COMPLETE
69,-3501.626424058805,2025-12-08 12:45:04.814031,2025-12-08 12:45:06.285650,0 days 00:00:01.471619,75.84462618911846,extensive,final,ridge,pca_only,True,COMPLETE
70,-2797.1524164115594,2025-12-08 12:45:06.286090,2025-12-08 12:45:07.736908,0 days 00:00:01.450818,1.001418096050584,extensive,final,ridge,pca_only,True,COMPLETE
71,-2271.70387379245,2025-12-08 12:45:07.736908,2025-12-08 12:45:09.269217,0 days 00:00:01.532309,962.6685368882279,extensive,final,ridge,pca_only,True,COMPLETE
72,-3118.4868518970507,2025-12-08 12:45:09.269217,2025-12-08 12:45:10.734481,0 days 00:00:01.465264,367.65042459362485,extensive,final,ridge,pca_only,True,COMPLETE
73,-2217.259149039873,2025-12-08 12:45:10.734481,2025-12-08 12:45:12.234049,0 days 00:00:01.499568,989.2357152283707,extensive,final,ridge,pca_only,True,COMPLETE
74,-3393.868242704981,2025-12-08 12:45:12.234416,2025-12-08 12:45:13.819173,0 days 00:00:01.584757,352.0316790913548,extensive,final,ridge,pca_only,True,COMPLETE
75,-3503.700380365186,2025-12-08 12:45:13.820022,2025-12-08 12:45:15.286786,0 days 00:00:01.466764,247.38121385205497,extensive,final,ridge,pca_only,True,COMPLETE
76,-2705.044542846774,2025-12-08 12:45:15.286786,2025-12-08 12:45:16.775977,0 days 00:00:01.489191,600.3130894968775,extensive,final,ridge,pca_only,True,COMPLETE
77,-3291.9560148513206,2025-12-08 12:45:16.775977,2025-12-08 12:45:18.286672,0 days 00:00:01.510695,424.74217754616046,extensive,final,ridge,pca_only,True,COMPLETE
78,-3754.485819988362,2025-12-08 12:45:18.286672,2025-12-08 12:45:19.820177,0 days 00:00:01.533505,152.85144804050486,extensive,final,ridge,pca_only,True,COMPLETE
79,-3540.8720312482933,2025-12-08 12:45:19.821779,2025-12-08 12:45:21.384977,0 days 00:00:01.563198,273.38058496841995,extensive,final,ridge,pca_only,True,COMPLETE
80,-4276.449494038162,2025-12-08 12:45:21.384977,2025-12-08 12:45:22.853760,0 days 00:00:01.468783,25.064404428701764,extensive,final,ridge,pca_only,True,COMPLETE
81,-2348.419817395133,2025-12-08 12:45:22.853760,2025-12-08 12:45:24.354137,0 days 00:00:01.500377,996.6862190828815,extensive,final,ridge,pca_only,True,COMPLETE
82,-2648.796556760074,2025-12-08 12:45:24.354137,2025-12-08 12:45:25.853961,0 days 00:00:01.499824,666.7713718256833,extensive,final,ridge,pca_only,True,COMPLETE
83,-2612.0715674380585,2025-12-08 12:45:25.853961,2025-12-08 12:45:27.304102,0 days 00:00:01.450141,752.9067211623194,extensive,final,ridge,pca_only,True,COMPLETE
84,-2969.4285815727108,2025-12-08 12:45:27.304102,2025-12-08 12:45:28.752577,0 days 00:00:01.448475,453.07724153061673,extensive,final,ridge,pca_only,True,COMPLETE
85,-2394.431725158322,2025-12-08 12:45:28.752577,2025-12-08 12:45:30.237142,0 days 00:00:01.484565,978.6278828490181,extensive,final,ridge,pca_only,True,COMPLETE
86,-3048.4085950002495,2025-12-08 12:45:30.237142,2025-12-08 12:45:31.754303,0 days 00:00:01.517161,268.34343593213373,extensive,final,ridge,pca_only,True,COMPLETE
87,-3670.9530847298624,2025-12-08 12:45:31.755360,2025-12-08 12:45:33.236116,0 days 00:00:01.480756,95.36754392635997,extensive,final,ridge,pca_only,True,COMPLETE
88,-2943.246909570194,2025-12-08 12:45:33.236116,2025-12-08 12:45:34.700789,0 days 00:00:01.464673,439.68116054827465,extensive,final,ridge,pca_only,True,COMPLETE
89,-3892.2456641128833,2025-12-08 12:45:34.701746,2025-12-08 12:45:36.122915,0 days 00:00:01.421169,163.60357692429446,extensive,final,ridge,pca_only,True,COMPLETE
90,-2372.104090633024,2025-12-08 12:45:36.122915,2025-12-08 12:45:37.721502,0 days 00:00:01.598587,686.7734039984538,extensive,final,ridge,pca_only,True,COMPLETE
91,-2666.21199393834,2025-12-08 12:45:37.722012,2025-12-08 12:45:39.254353,0 days 00:00:01.532341,664.5846877784306,extensive,final,ridge,pca_only,True,COMPLETE
92,-3170.2173625759865,2025-12-08 12:45:39.255502,2025-12-08 12:45:40.733453,0 days 00:00:01.477951,434.3279426695189,extensive,final,ridge,pca_only,True,COMPLETE
93,-2282.270019531429,2025-12-08 12:45:40.734458,2025-12-08 12:45:42.171309,0 days 00:00:01.436851,995.3666174843621,extensive,final,ridge,pca_only,True,COMPLETE
94,-2339.786206663788,2025-12-08 12:45:42.171309,2025-12-08 12:45:43.605655,0 days 00:00:01.434346,953.7840918195253,extensive,final,ridge,pca_only,True,COMPLETE
95,-3514.401964183568,2025-12-08 12:45:43.605655,2025-12-08 12:45:45.062384,0 days 00:00:01.456729,294.1930589989841,extensive,final,ridge,pca_only,True,COMPLETE
96,-2909.548447692088,2025-12-08 12:45:45.063388,2025-12-08 12:45:46.585833,0 days 00:00:01.522445,488.7570093454655,extensive,final,ridge,pca_only,True,COMPLETE
97,-2615.970143601086,2025-12-08 12:45:46.585833,2025-12-08 12:45:48.136134,0 days 00:00:01.550301,758.132101834579,extensive,final,ridge,pca_only,True,COMPLETE
98,-3490.149487678565,2025-12-08 12:45:48.137139,2025-12-08 12:45:49.522369,0 days 00:00:01.385230,199.78048016931822,extensive,final,ridge,pca_only,True,COMPLETE
99,-4059.6058407583428,2025-12-08 12:45:49.522369,2025-12-08 12:45:50.922372,0 days 00:00:01.400003,0.03171399200538918,extensive,final,ridge,pca_only,True,COMPLETE
100,-3103.3272749560433,2025-12-08 12:45:50.922372,2025-12-08 12:45:52.287573,0 days 00:00:01.365201,325.5165363818604,extensive,final,ridge,pca_only,True,COMPLETE
101,-2536.748432329525,2025-12-08 12:45:52.287573,2025-12-08 12:45:53.688776,0 days 00:00:01.401203,945.4301049890984,extensive,final,ridge,pca_only,True,COMPLETE
102,-2666.9755989511673,2025-12-08 12:45:53.688776,2025-12-08 12:45:55.167601,0 days 00:00:01.478825,641.983240487858,extensive,final,ridge,pca_only,True,COMPLETE
103,-3895.1813020167465,2025-12-08 12:45:55.168604,2025-12-08 12:45:56.583582,0 days 00:00:01.414978,0.003868987951101172,extensive,final,ridge,pca_only,True,COMPLETE
104,-3560.0471678380727,2025-12-08 12:45:56.584581,2025-12-08 12:45:58.004359,0 days 00:00:01.419778,499.3370653021705,extensive,final,ridge,pca_only,True,COMPLETE
105,-2188.7738372926265,2025-12-08 12:45:58.004359,2025-12-08 12:45:59.422956,0 days 00:00:01.418597,970.9881650893902,extensive,final,ridge,pca_only,True,COMPLETE
106,-2696.8188090986337,2025-12-08 12:45:59.422956,2025-12-08 12:46:00.872418,0 days 00:00:01.449462,719.7697458090518,extensive,final,ridge,pca_only,True,COMPLETE
107,-4049.6159316027765,2025-12-08 12:46:00.877188,2025-12-08 12:46:02.270491,0 days 00:00:01.393303,0.00010811248540180347,extensive,final,ridge,pca_only,True,COMPLETE
108,-2897.6495210371654,2025-12-08 12:46:02.271501,2025-12-08 12:46:03.654226,0 days 00:00:01.382725,425.1251770458519,extensive,final,ridge,pca_only,True,COMPLETE
109,-3887.601628645591,2025-12-08 12:46:03.654226,2025-12-08 12:46:05.049075,0 days 00:00:01.394849,7.6711450012962095,extensive,final,ridge,pca_only,True,COMPLETE
110,-3751.733242673569,2025-12-08 12:46:05.050078,2025-12-08 12:46:06.486218,0 days 00:00:01.436140,297.2465472346054,extensive,final,ridge,pca_only,True,COMPLETE
111,-2451.204817917681,2025-12-08 12:46:06.487218,2025-12-08 12:46:07.889003,0 days 00:00:01.401785,846.284975897664,extensive,final,ridge,pca_only,True,COMPLETE
112,-3242.9902856573203,2025-12-08 12:46:07.889003,2025-12-08 12:46:09.370909,0 days 00:00:01.481906,988.2842118708691,extensive,final,ridge,pca_only,True,COMPLETE
113,-2712.1695154036356,2025-12-08 12:46:09.370909,2025-12-08 12:46:10.789107,0 days 00:00:01.418198,537.6209955419179,extensive,final,ridge,pca_only,True,COMPLETE
114,-2783.920508958341,2025-12-08 12:46:10.789107,2025-12-08 12:46:12.221470,0 days 00:00:01.432363,678.6734900341711,extensive,final,ridge,pca_only,True,COMPLETE
115,-3119.6770751189033,2025-12-08 12:46:12.221470,2025-12-08 12:46:13.641455,0 days 00:00:01.419985,237.4799291765676,extensive,final,ridge,pca_only,True,COMPLETE
116,-2243.385422343145,2025-12-08 12:46:13.641455,2025-12-08 12:46:15.114931,0 days 00:00:01.473476,958.992219811888,extensive,final,ridge,pca_only,True,COMPLETE
117,-3231.830836451447,2025-12-08 12:46:15.114931,2025-12-08 12:46:16.738119,0 days 00:00:01.623188,387.7564567693682,extensive,final,ridge,pca_only,True,COMPLETE
118,-2343.542973821334,2025-12-08 12:46:16.739120,2025-12-08 12:46:18.287319,0 days 00:00:01.548199,993.5453627365637,extensive,final,ridge,pca_only,True,COMPLETE
119,-2869.6387776231854,2025-12-08 12:46:18.287821,2025-12-08 12:46:19.806396,0 days 00:00:01.518575,569.9140721025216,extensive,final,ridge,pca_only,True,COMPLETE
120,-3744.9600266290877,2025-12-08 12:46:19.806972,2025-12-08 12:46:21.239385,0 days 00:00:01.432413,156.2497643427227,extensive,final,ridge,pca_only,True,COMPLETE
121,-2669.787094576633,2025-12-08 12:46:21.240386,2025-12-08 12:46:22.620146,0 days 00:00:01.379760,719.6486749326125,extensive,final,ridge,pca_only,True,COMPLETE
122,-2436.0086847928565,2025-12-08 12:46:22.621147,2025-12-08 12:46:24.019967,0 days 00:00:01.398820,957.2383337526451,extensive,final,ridge,pca_only,True,COMPLETE
123,-3144.228649046982,2025-12-08 12:46:24.019967,2025-12-08 12:46:25.452400,0 days 00:00:01.432433,386.58848744240385,extensive,final,ridge,pca_only,True,COMPLETE
124,-2979.783638658027,2025-12-08 12:46:25.452400,2025-12-08 12:46:26.858540,0 days 00:00:01.406140,528.1715356093124,extensive,final,ridge,pca_only,True,COMPLETE
125,-2366.851703176946,2025-12-08 12:46:26.858540,2025-12-08 12:46:28.207463,0 days 00:00:01.348923,739.0213068990035,extensive,final,ridge,pca_only,True,COMPLETE
126,-3293.1216890757128,2025-12-08 12:46:28.208519,2025-12-08 12:46:29.602109,0 days 00:00:01.393590,273.48462884827245,extensive,final,ridge,pca_only,True,COMPLETE
127,-2487.2008935713907,2025-12-08 12:46:29.603109,2025-12-08 12:46:30.972312,0 days 00:00:01.369203,976.9227264257173,extensive,final,ridge,pca_only,True,COMPLETE
128,-3016.12085377659,2025-12-08 12:46:30.973315,2025-12-08 12:46:32.341045,0 days 00:00:01.367730,495.88049413258125,extensive,final,ridge,pca_only,True,COMPLETE
129,-3383.982845554447,2025-12-08 12:46:32.342213,2025-12-08 12:46:33.737632,0 days 00:00:01.395419,347.76818474281583,extensive,final,ridge,pca_only,True,COMPLETE
130,-2937.876261642697,2025-12-08 12:46:33.737632,2025-12-08 12:46:35.155638,0 days 00:00:01.418006,598.8342905639698,extensive,final,ridge,pca_only,True,COMPLETE
131,-2231.562599943295,2025-12-08 12:46:35.156640,2025-12-08 12:46:36.555481,0 days 00:00:01.398841,926.9008961462282,extensive,final,ridge,pca_only,True,COMPLETE
