number,value,datetime_start,datetime_complete,duration,params_ridge_alpha,user_attrs_feat_level,user_attrs_label,user_attrs_model_type,user_attrs_pca_mode,user_attrs_use_PCA,state
265,-2935.227149569539,2025-12-08 12:49:37.540861,2025-12-08 12:49:38.925058,0 days 00:00:01.384197,985.0921575701624,extensive,final,ridge,pca_only,True,COMPLETE
266,-3154.0688090439257,2025-12-08 12:49:38.925058,2025-12-08 12:49:40.325150,0 days 00:00:01.400092,333.21502485716525,extensive,final,ridge,pca_only,True,COMPLETE
267,-2608.1520546550987,2025-12-08 12:49:40.325150,2025-12-08 12:49:41.785818,0 days 00:00:01.460668,611.4697010637105,extensive,final,ridge,pca_only,True,COMPLETE
268,-2198.7191058108388,2025-12-08 12:49:41.785818,2025-12-08 12:49:43.336751,0 days 00:00:01.550933,989.9217648513973,extensive,final,ridge,pca_only,True,COMPLETE
269,-2262.249757680274,2025-12-08 12:49:43.338289,2025-12-08 12:49:44.701060,0 days 00:00:01.362771,992.9872027317165,extensive,final,ridge,pca_only,True,COMPLETE
270,-3299.526398542559,2025-12-08 12:49:44.701060,2025-12-08 12:49:46.136758,0 days 00:00:01.435698,461.3886473611099,extensive,final,ridge,pca_only,True,COMPLETE
271,-2633.566455962655,2025-12-08 12:49:46.137804,2025-12-08 12:49:47.520881,0 days 00:00:01.383077,667.6972684800655,extensive,final,ridge,pca_only,True,COMPLETE
272,-2843.1130915161575,2025-12-08 12:49:47.521888,2025-12-08 12:49:48.914163,0 days 00:00:01.392275,607.7510149355616,extensive,final,ridge,pca_only,True,COMPLETE
273,-3124.403456688517,2025-12-08 12:49:48.915065,2025-12-08 12:49:50.305300,0 days 00:00:01.390235,389.0168445478948,extensive,final,ridge,pca_only,True,COMPLETE
274,-4083.188369083676,2025-12-08 12:49:50.305300,2025-12-08 12:49:51.687161,0 days 00:00:01.381861,0.0042691973774262836,extensive,final,ridge,pca_only,True,COMPLETE
275,-2960.6459787949593,2025-12-08 12:49:51.688164,2025-12-08 12:49:53.020669,0 days 00:00:01.332505,704.0523620283886,extensive,final,ridge,pca_only,True,COMPLETE
276,-4006.1915746458835,2025-12-08 12:49:53.021818,2025-12-08 12:49:54.450980,0 days 00:00:01.429162,15.03784507674151,extensive,final,ridge,pca_only,True,COMPLETE
277,-2440.569801468247,2025-12-08 12:49:54.451841,2025-12-08 12:49:55.802617,0 days 00:00:01.350776,749.0171021639648,extensive,final,ridge,pca_only,True,COMPLETE
278,-3036.560361504975,2025-12-08 12:49:55.803544,2025-12-08 12:49:57.152837,0 days 00:00:01.349293,477.50423434655085,extensive,final,ridge,pca_only,True,COMPLETE
279,-2584.87075459295,2025-12-08 12:49:57.154300,2025-12-08 12:49:58.504255,0 days 00:00:01.349955,759.3369500258707,extensive,final,ridge,pca_only,True,COMPLETE
280,-4180.628791115083,2025-12-08 12:49:58.505524,2025-12-08 12:49:59.832340,0 days 00:00:01.326816,0.07903309414216599,extensive,final,ridge,pca_only,True,COMPLETE
281,-2351.6997463773923,2025-12-08 12:49:59.832340,2025-12-08 12:50:01.218236,0 days 00:00:01.385896,966.4471488455703,extensive,final,ridge,pca_only,True,COMPLETE
282,-3394.1763856170332,2025-12-08 12:50:01.218236,2025-12-08 12:50:02.539044,0 days 00:00:01.320808,528.5980252055857,extensive,final,ridge,pca_only,True,COMPLETE
283,-2376.7387117551616,2025-12-08 12:50:02.541164,2025-12-08 12:50:03.889559,0 days 00:00:01.348395,999.4511173189095,extensive,final,ridge,pca_only,True,COMPLETE
284,-3232.8626240705476,2025-12-08 12:50:03.889559,2025-12-08 12:50:05.329958,0 days 00:00:01.440399,341.2370945207662,extensive,final,ridge,pca_only,True,COMPLETE
285,-2550.2861941486854,2025-12-08 12:50:05.329958,2025-12-08 12:50:06.703824,0 days 00:00:01.373866,995.4722532842977,extensive,final,ridge,pca_only,True,COMPLETE
286,-2621.9765566177985,2025-12-08 12:50:06.704721,2025-12-08 12:50:08.105447,0 days 00:00:01.400726,596.9626405149459,extensive,final,ridge,pca_only,True,COMPLETE
287,-6627.771197608573,2025-12-08 12:50:08.105950,2025-12-08 12:50:09.488945,0 days 00:00:01.382995,0.028866436425090607,extensive,final,ridge,pca_only,True,COMPLETE
288,-2459.516412201177,2025-12-08 12:50:09.489544,2025-12-08 12:50:10.921852,0 days 00:00:01.432308,731.9800951711479,extensive,final,ridge,pca_only,True,COMPLETE
289,-2990.841522165401,2025-12-08 12:50:10.921852,2025-12-08 12:50:12.392936,0 days 00:00:01.471084,427.056828572503,extensive,final,ridge,pca_only,True,COMPLETE
290,-3126.029788170126,2025-12-08 12:50:12.392936,2025-12-08 12:50:13.907047,0 days 00:00:01.514111,267.40511750673596,extensive,final,ridge,pca_only,True,COMPLETE
291,-2753.221134457279,2025-12-08 12:50:13.908048,2025-12-08 12:50:15.360778,0 days 00:00:01.452730,582.3859995180065,extensive,final,ridge,pca_only,True,COMPLETE
292,-2598.254427236896,2025-12-08 12:50:15.360778,2025-12-08 12:50:16.876244,0 days 00:00:01.515466,757.938987571267,extensive,final,ridge,pca_only,True,COMPLETE
293,-2468.843487033612,2025-12-08 12:50:16.876244,2025-12-08 12:50:18.335677,0 days 00:00:01.459433,749.0083454525032,extensive,final,ridge,pca_only,True,COMPLETE
294,-2259.953427254682,2025-12-08 12:50:18.336684,2025-12-08 12:50:19.889206,0 days 00:00:01.552522,975.4985395033862,extensive,final,ridge,pca_only,True,COMPLETE
295,-2852.248930522452,2025-12-08 12:50:19.890290,2025-12-08 12:50:21.354119,0 days 00:00:01.463829,461.5787065281804,extensive,final,ridge,pca_only,True,COMPLETE
296,-2256.0760691437144,2025-12-08 12:50:21.355120,2025-12-08 12:50:22.845706,0 days 00:00:01.490586,986.8559738048648,extensive,final,ridge,pca_only,True,COMPLETE
297,-2982.3242551904805,2025-12-08 12:50:22.846708,2025-12-08 12:50:24.234747,0 days 00:00:01.388039,572.7266579727909,extensive,final,ridge,pca_only,True,COMPLETE
298,-2167.7663727769745,2025-12-08 12:50:24.234747,2025-12-08 12:50:25.706288,0 days 00:00:01.471541,999.048553825942,extensive,final,ridge,pca_only,True,COMPLETE
299,-2220.4211236484816,2025-12-08 12:50:25.706288,2025-12-08 12:50:27.087239,0 days 00:00:01.380951,998.2920065654625,extensive,final,ridge,pca_only,True,COMPLETE
