number,value,datetime_start,datetime_complete,duration,params_xgb_colsample_bytree,params_xgb_learning_rate,params_xgb_max_depth,params_xgb_min_child_weight,params_xgb_n_estimators,params_xgb_reg_alpha,params_xgb_reg_lambda,params_xgb_subsample,user_attrs_feat_level,user_attrs_label,user_attrs_model_type,user_attrs_pca_mode,user_attrs_use_PCA,state
167,-0.0016559721404409238,2025-12-08 15:51:03.771892,2025-12-08 15:51:13.804683,0 days 00:00:10.032791,0.641610044831155,0.004732577527073082,3,19,2459,3.9380905048634913,0.9212091221642293,0.33458433949662636,extensive,final,xgb,pca_hybrid,True,COMPLETE
168,-0.0016559721404409238,2025-12-08 15:51:13.805882,2025-12-08 15:51:29.558353,0 days 00:00:15.752471,0.6978516917054312,0.010590647405187252,6,7,3970,3.7114369771573426,0.44179173624140616,0.7345311776654565,extensive,final,xgb,pca_hybrid,True,COMPLETE
169,-0.0016559721404409238,2025-12-08 15:51:29.559363,2025-12-08 15:51:33.670851,0 days 00:00:04.111488,0.6248273590573564,0.0024206474136255277,8,1,928,3.4988472036986504,6.850212982033792,0.8940049782225056,extensive,final,xgb,pca_hybrid,True,COMPLETE
170,-0.0016559721404409238,2025-12-08 15:51:33.670851,2025-12-08 15:51:36.254701,0 days 00:00:02.583850,0.4334184825581717,0.028798548637988024,10,8,449,3.3467928313098376,3.098285644071201,0.40545221940360365,extensive,final,xgb,pca_hybrid,True,COMPLETE
171,-0.0016559721404409238,2025-12-08 15:51:36.254701,2025-12-08 15:51:43.706269,0 days 00:00:07.451568,0.6150190512578162,0.003660146461464304,9,10,1828,3.075786826449307,1.0904635043578177,0.4639046689002098,extensive,final,xgb,pca_hybrid,True,COMPLETE
172,-0.0016559721404409238,2025-12-08 15:51:43.707404,2025-12-08 15:51:50.399814,0 days 00:00:06.692410,0.47690384969326804,0.006866760992737124,7,10,1582,2.997641584371216,1.856633879646344,0.5189884085446823,extensive,final,xgb,pca_hybrid,True,COMPLETE
173,-0.0016559721404409238,2025-12-08 15:51:50.400824,2025-12-08 15:51:56.705923,0 days 00:00:06.305099,0.5083835105622597,0.008056830856769772,7,9,1532,2.8359987616508517,1.4948468285428562,0.44596710419601715,extensive,final,xgb,pca_hybrid,True,COMPLETE
174,-0.0016559721404409238,2025-12-08 15:51:56.706921,2025-12-08 15:51:58.479592,0 days 00:00:01.772671,0.45997859991210266,0.004070160552861855,8,6,207,2.5091596203294646,6.414782307670618,0.5812277037981287,extensive,final,xgb,pca_hybrid,True,COMPLETE
175,-0.0016559721404409238,2025-12-08 15:51:58.479592,2025-12-08 15:52:06.513189,0 days 00:00:08.033597,0.5190554066051961,0.009465310634881584,4,12,1959,2.9125425823803432,11.539571031955997,0.49346386809390747,extensive,final,xgb,pca_hybrid,True,COMPLETE
176,-0.0016559721404409238,2025-12-08 15:52:06.513189,2025-12-08 15:52:12.601882,0 days 00:00:06.088693,0.5378441363516151,0.00648387471723332,8,11,1472,2.195520023649498,0.6251223129918454,0.4294133752336171,extensive,final,xgb,pca_hybrid,True,COMPLETE
177,-0.0016559721404409238,2025-12-08 15:52:12.601882,2025-12-08 15:52:22.339381,0 days 00:00:09.737499,0.4964820932911959,0.005525859153841143,5,13,2357,4.41406294676661,1.6332882893385978,0.41442241812513625,extensive,final,xgb,pca_hybrid,True,COMPLETE
178,-0.0016559721404409238,2025-12-08 15:52:22.339381,2025-12-08 15:52:26.691813,0 days 00:00:04.352432,0.658097837960029,0.003210597838433326,9,8,1015,3.2491027238133907,1.2802392106242173,0.5988418612808851,extensive,final,xgb,pca_hybrid,True,COMPLETE
179,-0.0016559721404409238,2025-12-08 15:52:26.693482,2025-12-08 15:52:35.079534,0 days 00:00:08.386052,0.3457252832017055,0.019517874257010275,3,9,2051,2.4032334483643405,7.940092110035839,0.6963576098126215,extensive,final,xgb,pca_hybrid,True,COMPLETE
180,-0.0016559721404409238,2025-12-08 15:52:35.079534,2025-12-08 15:52:40.841732,0 days 00:00:05.762198,0.37495228473532777,0.00838045383616673,7,3,1311,3.992526575396227,0.17497504181244228,0.7898295588468108,extensive,final,xgb,pca_hybrid,True,COMPLETE
181,-0.0016559721404409238,2025-12-08 15:52:40.841732,2025-12-08 15:52:44.291547,0 days 00:00:03.449815,0.3601591653248904,0.026779574077591236,3,14,678,3.620120704449518,0.206709534342999,0.3790899304090872,extensive,final,xgb,pca_hybrid,True,COMPLETE
182,-0.0016559721404409238,2025-12-08 15:52:44.292550,2025-12-08 15:52:47.466946,0 days 00:00:03.174396,0.7543207127109113,0.033426775481813914,3,12,538,3.842733638202773,0.2418680917917554,0.31512795807878974,extensive,final,xgb,pca_hybrid,True,COMPLETE
183,-0.0016559721404409238,2025-12-08 15:52:47.466946,2025-12-08 15:52:51.356925,0 days 00:00:03.889979,0.7157709460097071,0.022252333571374454,3,13,811,3.1463560889271402,0.19572721815805497,0.35407115281221235,extensive,final,xgb,pca_hybrid,True,COMPLETE
184,-0.0016559721404409238,2025-12-08 15:52:51.356925,2025-12-08 15:52:55.162519,0 days 00:00:03.805594,0.39469440648921195,0.02444198217676425,3,14,892,3.407509109876189,0.29376083478752224,0.8100013804727892,extensive,final,xgb,pca_hybrid,True,COMPLETE
185,-0.0016559721404409238,2025-12-08 15:52:55.163502,2025-12-08 15:53:09.192233,0 days 00:00:14.028731,0.7963132388185937,0.0019833323366283432,4,12,3537,3.710840458588042,0.7068653133553314,0.45406005228178,extensive,final,xgb,pca_hybrid,True,COMPLETE
186,-0.0016559721404409238,2025-12-08 15:53:09.193235,2025-12-08 15:53:17.844665,0 days 00:00:08.651430,0.4183714090847007,0.02047231219094703,9,19,2204,4.067441198035196,4.446997386854038,0.4694799465771059,extensive,final,xgb,pca_hybrid,True,COMPLETE
187,-0.0016559721404409238,2025-12-08 15:53:17.846193,2025-12-08 15:53:19.692521,0 days 00:00:01.846328,0.382534492925794,0.013793443557041174,5,10,368,3.5000311764545695,0.16007382536534429,0.43382877803766784,extensive,final,xgb,pca_hybrid,True,COMPLETE
188,-0.0016559721404409238,2025-12-08 15:53:19.693620,2025-12-08 15:53:21.744432,0 days 00:00:02.050812,0.48527049502863345,0.002622001723846837,6,13,599,4.15331134911723,0.9542670597568027,0.33623643819621907,extensive,final,xgb,pca_hybrid,True,COMPLETE
189,-0.0016559721404409238,2025-12-08 15:53:21.744432,2025-12-08 15:53:26.343829,0 days 00:00:04.599397,0.7701430939660444,0.0010134302157756034,3,16,1145,4.7901978706847315,7.279952216518538,0.39477475376202664,extensive,final,xgb,pca_hybrid,True,COMPLETE
190,-0.0016559721404409238,2025-12-08 15:53:26.343829,2025-12-08 15:53:30.067353,0 days 00:00:03.723524,0.40429468746090286,0.011019029757285593,10,11,734,2.7279102246643228,19.82992498409252,0.8820956743447959,extensive,final,xgb,pca_hybrid,True,COMPLETE
191,-0.0016559721404409238,2025-12-08 15:53:30.067353,2025-12-08 15:53:32.645189,0 days 00:00:02.577836,0.44655556972854143,0.001386916179265735,6,5,496,2.796196198208101,0.7811766942241944,0.4032815881692139,extensive,final,xgb,pca_hybrid,True,COMPLETE
192,-0.0016559721404409238,2025-12-08 15:53:32.646244,2025-12-08 15:53:35.846349,0 days 00:00:03.200105,0.46873648680846064,0.0018001670346771792,6,5,662,2.577355996479608,0.5848760650622411,0.42123843877072387,extensive,final,xgb,pca_hybrid,True,COMPLETE
193,-0.0016559721404409238,2025-12-08 15:53:35.846349,2025-12-08 15:53:37.745196,0 days 00:00:01.898847,0.4361942131501958,0.002125658462900785,6,4,305,2.9416985555370276,0.8536085816799875,0.37010236516732886,extensive,final,xgb,pca_hybrid,True,COMPLETE
194,-0.0012437956135464094,2025-12-08 15:53:37.745685,2025-12-08 15:53:48.374878,0 days 00:00:10.629193,0.41992886364905835,0.0022900842702124283,7,6,770,0.11826776881822143,0.22724677596498272,0.3877452373858071,extensive,final,xgb,pca_hybrid,True,COMPLETE
195,-0.001205184785822951,2025-12-08 15:53:48.374878,2025-12-08 15:53:57.795260,0 days 00:00:09.420382,0.8125416471655126,0.002431732350616008,7,6,750,0.30815045339750197,0.22512189654664655,0.346620530017053,extensive,final,xgb,pca_hybrid,True,COMPLETE
196,-0.0015881304491551413,2025-12-08 15:53:57.795260,2025-12-08 15:54:07.639887,0 days 00:00:09.844627,0.4232231243714785,0.0028815978852188276,7,6,784,0.18412922171282103,0.22788977030555108,0.3452949880239292,extensive,final,xgb,pca_hybrid,True,COMPLETE
197,-0.005448480064373262,2025-12-08 15:54:07.639887,2025-12-08 15:54:18.731240,0 days 00:00:11.091353,0.8190937178720391,0.0029420871633479818,7,6,765,0.06892202212541336,0.22673184959286422,0.31187243982245316,extensive,final,xgb,pca_hybrid,True,COMPLETE
198,-0.0011510172145698199,2025-12-08 15:54:18.732370,2025-12-08 15:54:28.632754,0 days 00:00:09.900384,0.4270158350601284,0.0023202713682830304,7,6,817,0.22986830558186622,0.2646731813548109,0.34499966274916183,extensive,final,xgb,pca_hybrid,True,COMPLETE
199,-0.0014845737561108112,2025-12-08 15:54:28.633799,2025-12-08 15:54:38.848997,0 days 00:00:10.215198,0.4252824117794258,0.0025112232724413147,7,6,938,0.3271464177347946,0.25165655704311657,0.3554992240636292,extensive,final,xgb,pca_hybrid,True,COMPLETE
200,-0.0010927412999715373,2025-12-08 15:54:38.850042,2025-12-08 15:54:49.181857,0 days 00:00:10.331815,0.4231670966922146,0.0023395238633138193,7,6,853,0.20591859384424205,0.2737819841067449,0.34639743998774275,extensive,final,xgb,pca_hybrid,True,COMPLETE
201,-0.0011401718929365072,2025-12-08 15:54:49.182859,2025-12-08 15:55:00.155075,0 days 00:00:10.972216,0.41612467943004566,0.002717100159453564,7,6,914,0.22051883285450197,0.2669721529880159,0.3453124873662559,extensive,final,xgb,pca_hybrid,True,COMPLETE
202,-0.0011197883824869044,2025-12-08 15:55:00.156083,2025-12-08 15:55:10.232998,0 days 00:00:10.076915,0.41987969565076017,0.0024605773859409153,7,6,862,0.22971226720453325,0.24859309749865477,0.3547658733272389,extensive,final,xgb,pca_hybrid,True,COMPLETE
203,-0.0014753754806280013,2025-12-08 15:55:10.232998,2025-12-08 15:55:19.784397,0 days 00:00:09.551399,0.4276365622666853,0.0024418428586731556,7,6,891,0.3277477809985776,0.258743335772553,0.35104707877469493,extensive,final,xgb,pca_hybrid,True,COMPLETE
204,-0.0010966774967369197,2025-12-08 15:55:19.784397,2025-12-08 15:55:30.217319,0 days 00:00:10.432922,0.42364546000051984,0.002340977295934401,7,6,874,0.2286991019614364,0.26899782567679326,0.35218842858334587,extensive,final,xgb,pca_hybrid,True,COMPLETE
205,-0.001024159465371451,2025-12-08 15:55:30.217648,2025-12-08 15:55:40.381504,0 days 00:00:10.163856,0.4239387494261803,0.0023595885894731492,7,6,867,0.25842604981414413,0.26085397332350735,0.3503592841159887,extensive,final,xgb,pca_hybrid,True,COMPLETE
206,-0.0011236854915824823,2025-12-08 15:55:40.381504,2025-12-08 15:55:50.736319,0 days 00:00:10.354815,0.42368961024240454,0.0023299928882408215,7,6,882,0.2181809328002436,0.26201994800731065,0.34355297010972197,extensive,final,xgb,pca_hybrid,True,COMPLETE
207,-0.0011382769802921928,2025-12-08 15:55:50.736319,2025-12-08 15:56:01.174712,0 days 00:00:10.438393,0.4230284010932832,0.002316885313694491,7,6,902,0.24415349844355824,0.2662640509830487,0.34729839801297985,extensive,final,xgb,pca_hybrid,True,COMPLETE
208,-0.0011530806620241307,2025-12-08 15:56:01.175712,2025-12-08 15:56:11.615364,0 days 00:00:10.439652,0.42159723264568605,0.0022844388806018455,7,6,914,0.2722008208605587,0.27292218915157623,0.3474356291224646,extensive,final,xgb,pca_hybrid,True,COMPLETE
209,-0.0010030949624846297,2025-12-08 15:56:11.615364,2025-12-08 15:56:22.254609,0 days 00:00:10.639245,0.4202483592118447,0.002283763162883084,7,6,903,0.26216341161609513,0.2730270365080102,0.3500353777682502,extensive,final,xgb,pca_hybrid,True,COMPLETE
210,-0.0012790798800258092,2025-12-08 15:56:22.254609,2025-12-08 15:56:32.687126,0 days 00:00:10.432517,0.41815170330213597,0.002373751034516304,7,6,908,0.2802139897487501,0.27203634496181933,0.349227076917381,extensive,final,xgb,pca_hybrid,True,COMPLETE
211,-0.0011019316896520766,2025-12-08 15:56:32.688133,2025-12-08 15:56:43.385601,0 days 00:00:10.697468,0.424037703383848,0.002318762324991269,7,6,889,0.24195818033826644,0.26965385329846137,0.349078616534336,extensive,final,xgb,pca_hybrid,True,COMPLETE
212,-0.0009702122600020088,2025-12-08 15:56:43.385601,2025-12-08 15:56:53.854177,0 days 00:00:10.468576,0.42503326304932854,0.00231990643057239,7,6,888,0.24199062456329526,0.26265235532907155,0.3478225345020031,extensive,final,xgb,pca_hybrid,True,COMPLETE
213,-0.0009937898309028137,2025-12-08 15:56:53.855345,2025-12-08 15:57:04.400593,0 days 00:00:10.545248,0.42107430237668475,0.002375789766869051,7,6,894,0.24225989789605443,0.2656618375175692,0.3485802051693345,extensive,final,xgb,pca_hybrid,True,COMPLETE
214,-0.0011481396972126874,2025-12-08 15:57:04.400593,2025-12-08 15:57:15.144213,0 days 00:00:10.743620,0.4251602239417139,0.0024470368676302416,7,6,915,0.2626284676825853,0.2648548343585593,0.3526185599666045,extensive,final,xgb,pca_hybrid,True,COMPLETE
215,-0.0011977914706981323,2025-12-08 15:57:15.145215,2025-12-08 15:57:25.789790,0 days 00:00:10.644575,0.41848596523536247,0.002292687394144436,7,6,924,0.2836189518497858,0.26729749959370763,0.3484824805778348,extensive,final,xgb,pca_hybrid,True,COMPLETE
216,-0.001165261186439115,2025-12-08 15:57:25.790808,2025-12-08 15:57:36.579372,0 days 00:00:10.788564,0.4187083035883731,0.0023194259277081824,7,6,910,0.2532327219611585,0.27223255689256454,0.3481781721409808,extensive,final,xgb,pca_hybrid,True,COMPLETE
217,-0.001198997187348616,2025-12-08 15:57:36.579372,2025-12-08 15:57:47.233779,0 days 00:00:10.654407,0.4230026462335564,0.002315081443050766,7,6,922,0.26114652367214014,0.27435832557059087,0.34598278421833994,extensive,final,xgb,pca_hybrid,True,COMPLETE
218,-0.0017780431147500868,2025-12-08 15:57:47.233779,2025-12-08 15:57:56.627840,0 days 00:00:09.394061,0.4241456034842191,0.00229747629960597,7,6,916,0.37952796553237755,0.26899558513529553,0.35149400114268203,extensive,final,xgb,pca_hybrid,True,COMPLETE
219,-0.0016442537200945055,2025-12-08 15:57:56.627840,2025-12-08 15:58:06.614145,0 days 00:00:09.986305,0.41306572180254547,0.0024443151816431826,7,6,1000,0.3573115097726717,0.3143926134051504,0.3284361887293664,extensive,final,xgb,pca_hybrid,True,COMPLETE
220,-0.0017818391894963703,2025-12-08 15:58:06.615145,2025-12-08 15:58:13.939767,0 days 00:00:07.324622,0.4318508453142445,0.0021978902966162486,7,6,873,0.4944468650497649,0.2605518944094308,0.35914049612577575,extensive,final,xgb,pca_hybrid,True,COMPLETE
221,-0.001076818269178011,2025-12-08 15:58:13.939767,2025-12-08 15:58:25.361144,0 days 00:00:11.421377,0.4219248834416514,0.0025121518862274814,7,6,950,0.20238214186099282,0.2908382744989124,0.34585396020966364,extensive,final,xgb,pca_hybrid,True,COMPLETE
222,-0.0011622842087778047,2025-12-08 15:58:25.361144,2025-12-08 15:58:35.726732,0 days 00:00:10.365588,0.41477436381687965,0.0025135913324122626,7,6,915,0.265634204051273,0.2886636987519337,0.34207245794133057,extensive,final,xgb,pca_hybrid,True,COMPLETE
223,-0.0010846498298869116,2025-12-08 15:58:35.727749,2025-12-08 15:58:48.650892,0 days 00:00:12.923143,0.4088109912985019,0.002336880303871581,7,6,1065,0.205348772279559,0.2950336510324032,0.33844884570447814,extensive,final,xgb,pca_hybrid,True,COMPLETE
224,-0.001216302000744555,2025-12-08 15:58:48.651839,2025-12-08 15:59:01.678322,0 days 00:00:13.026483,0.4109616008188771,0.001984383766771884,7,5,1063,0.1810895531501675,0.2939769946599175,0.33871959447039207,extensive,final,xgb,pca_hybrid,True,COMPLETE
225,-0.030271050658613612,2025-12-08 15:59:01.679345,2025-12-08 15:59:17.331726,0 days 00:00:15.652381,0.4045627201218037,0.0020593658337913815,7,5,1044,0.010186125863551693,0.31258585875946304,0.33634937858419367,extensive,final,xgb,pca_hybrid,True,COMPLETE
226,-0.0012521952145047033,2025-12-08 15:59:17.332728,2025-12-08 15:59:30.279663,0 days 00:00:12.946935,0.44340983068780343,0.002184768913839963,7,7,1068,0.18059447120945885,0.2939313189791269,0.33179024404720864,extensive,final,xgb,pca_hybrid,True,COMPLETE
227,-0.0017423094818922087,2025-12-08 15:59:30.281683,2025-12-08 15:59:38.617916,0 days 00:00:08.336233,0.41225677170793085,0.0019461761964843659,7,6,993,0.4462279341070051,0.3471200795130649,0.3209754557776489,extensive,final,xgb,pca_hybrid,True,COMPLETE
228,-0.0007731028061316314,2025-12-08 15:59:38.617916,2025-12-08 15:59:48.681058,0 days 00:00:10.063142,0.43388308099885464,0.0026151748333152897,7,5,837,0.22593178344018858,0.29562794621630534,0.3687254050715018,extensive,final,xgb,pca_hybrid,True,COMPLETE
229,-0.001127415954654228,2025-12-08 15:59:48.681058,2025-12-08 15:59:58.863413,0 days 00:00:10.182355,0.4371017033743834,0.002637626523164762,7,5,853,0.23295709067782028,0.2936731696669312,0.3655994274866185,extensive,final,xgb,pca_hybrid,True,COMPLETE
230,-0.0018735347863626888,2025-12-08 15:59:58.863413,2025-12-08 16:00:04.649122,0 days 00:00:05.785709,0.43708737993983654,0.0026541283423638044,7,5,845,0.6043306657369281,0.3274063213588933,0.36512166892307,extensive,final,xgb,pca_hybrid,True,COMPLETE
231,-0.0011417974146955556,2025-12-08 16:00:04.649469,2025-12-08 16:00:16.268143,0 days 00:00:11.618674,0.4054130043468865,0.0025268240929597055,7,5,979,0.2211236353529175,0.2769024820487105,0.34248742078319094,extensive,final,xgb,pca_hybrid,True,COMPLETE
232,-0.000958834577551341,2025-12-08 16:00:16.269144,2025-12-08 16:00:27.268288,0 days 00:00:10.999144,0.3978959433812928,0.002570242296311567,7,7,939,0.24467682336282695,0.27446150381534895,0.3461876843089813,extensive,final,xgb,pca_hybrid,True,COMPLETE
233,-0.0009669097490449715,2025-12-08 16:00:27.268288,2025-12-08 16:00:50.535361,0 days 00:00:23.267073,0.39452772208447745,0.0026478545348804744,7,7,963,0.23661452883802767,0.27960455214362767,0.363958271832531,extensive,final,xgb,pca_hybrid,True,COMPLETE
234,-0.0033063489976314178,2025-12-08 16:00:50.535361,2025-12-08 16:01:18.106558,0 days 00:00:27.571197,0.39560238467330266,0.002706055815896937,7,7,994,0.10788008784913412,0.3091883543797623,0.368618153430024,extensive,final,xgb,pca_hybrid,True,COMPLETE
235,-0.001942136314503425,2025-12-08 16:01:18.107119,2025-12-08 16:01:31.375303,0 days 00:00:13.268184,0.40399301154320005,0.0025935015400247365,7,5,849,0.615735397651102,0.3631623461554137,0.3621714229804935,extensive,final,xgb,pca_hybrid,True,COMPLETE
236,-0.001280357848045588,2025-12-08 16:01:31.375303,2025-12-08 16:01:43.620438,0 days 00:00:12.245135,0.4394504209282499,0.0021670609218158313,7,7,967,0.23364388081924717,0.281089453598705,0.32650147997373424,extensive,final,xgb,pca_hybrid,True,COMPLETE
237,-0.001916974223863277,2025-12-08 16:01:43.620438,2025-12-08 16:01:52.324256,0 days 00:00:08.703818,0.39953516476939266,0.0025543816768383303,7,5,839,0.41472665213717996,0.25573266378433596,0.3733438651266378,extensive,final,xgb,pca_hybrid,True,COMPLETE
238,-0.035455548597856414,2025-12-08 16:01:52.325262,2025-12-08 16:02:04.887636,0 days 00:00:12.562374,0.4129377967963273,0.0028153325881949925,7,6,956,0.013456601728293688,0.32813638930780653,0.3394478427323279,extensive,final,xgb,pca_hybrid,True,COMPLETE
239,-0.0008232898438231458,2025-12-08 16:02:04.887636,2025-12-08 16:02:15.208444,0 days 00:00:10.320808,0.4316630925110955,0.002301179623012244,7,6,827,0.20332300089784203,0.2467759034217169,0.359476110994723,extensive,final,xgb,pca_hybrid,True,COMPLETE
240,-0.0012097184585618075,2025-12-08 16:02:15.209444,2025-12-08 16:02:26.113408,0 days 00:00:10.903964,0.4488269295064549,0.002550611313329135,7,5,820,0.16079192964913375,0.2377085219815859,0.3616019766294821,extensive,final,xgb,pca_hybrid,True,COMPLETE
241,-0.0009209819594369432,2025-12-08 16:02:26.113408,2025-12-08 16:02:37.114310,0 days 00:00:11.000902,0.4327854550276809,0.0022965389482304983,7,6,897,0.23384700268619663,0.28685713019147646,0.34796423531111587,extensive,final,xgb,pca_hybrid,True,COMPLETE
242,-0.0009698482312991233,2025-12-08 16:02:37.114310,2025-12-08 16:02:47.975942,0 days 00:00:10.861632,0.4281289353702934,0.0020951268589377175,7,6,880,0.21329440990100368,0.2858464618634474,0.3291457716480033,extensive,final,xgb,pca_hybrid,True,COMPLETE
243,-0.0023399259469873237,2025-12-08 16:02:47.977622,2025-12-08 16:02:59.290766,0 days 00:00:11.313144,0.4325718108971818,0.0020633146142608806,7,7,832,0.1046337190658975,0.30455581826070205,0.32753593462016745,extensive,final,xgb,pca_hybrid,True,COMPLETE
244,-0.0019973302802524704,2025-12-08 16:02:59.291837,2025-12-08 16:03:07.190075,0 days 00:00:07.898238,0.43344815404505976,0.0024831247477585133,7,6,1024,0.5332710665628166,0.2464485536437564,0.3384518703115213,extensive,final,xgb,pca_hybrid,True,COMPLETE
245,-0.0010955785687500885,2025-12-08 16:03:07.190075,2025-12-08 16:03:17.792680,0 days 00:00:10.602605,0.44946635074198815,0.002157134299537817,7,5,866,0.2081306766741174,0.2871565843990114,0.3600810961975624,extensive,final,xgb,pca_hybrid,True,COMPLETE
246,-0.0013020512445386379,2025-12-08 16:03:17.793452,2025-12-08 16:03:28.282953,0 days 00:00:10.489501,0.4486683683506898,0.002134204853548972,7,5,826,0.1815445597749138,0.3480869983868792,0.37591153772123964,extensive,final,xgb,pca_hybrid,True,COMPLETE
247,-0.0018893884994920136,2025-12-08 16:03:28.282953,2025-12-08 16:03:38.089505,0 days 00:00:09.806552,0.4316512296111816,0.002226456408821235,7,5,1091,0.4293530049933292,0.2989827296158158,0.35846961929047144,extensive,final,xgb,pca_hybrid,True,COMPLETE
248,-0.002444865686315708,2025-12-08 16:03:38.089505,2025-12-08 16:03:50.710832,0 days 00:00:12.621327,0.3997728764697163,0.002803677413284599,7,7,986,0.12742079801448264,0.39604755942102776,0.32201364737033894,extensive,final,xgb,pca_hybrid,True,COMPLETE
249,-0.000950948925214116,2025-12-08 16:03:50.711339,2025-12-08 16:04:01.215453,0 days 00:00:10.504114,0.442075223976441,0.0019397820679915214,7,6,859,0.2046979929126754,0.210450539421448,0.3640902656528147,extensive,final,xgb,pca_hybrid,True,COMPLETE
250,-0.02196863897177348,2025-12-08 16:04:01.215453,2025-12-08 16:04:11.146866,0 days 00:00:09.931413,0.45531241030107034,0.001910649411113021,7,5,778,0.005889412181817377,0.21010571418716958,0.3700636468380783,extensive,final,xgb,pca_hybrid,True,COMPLETE
