number,value,datetime_start,datetime_complete,duration,params_xgb_colsample_bytree,params_xgb_learning_rate,params_xgb_max_depth,params_xgb_min_child_weight,params_xgb_n_estimators,params_xgb_reg_alpha,params_xgb_reg_lambda,params_xgb_subsample,user_attrs_feat_level,user_attrs_label,user_attrs_model_type,user_attrs_pca_mode,user_attrs_use_PCA,state
0,-0.0016559721404409238,2025-12-08 15:31:50.014248,2025-12-08 15:31:51.591726,0 days 00:00:01.577478,0.3996346305373394,0.009709753623514748,4,6,393,3.8758017457789857,0.1990061137240173,0.43543073260398135,extensive,final,xgb,pca_hybrid,True,COMPLETE
1,-0.0016559721404409238,2025-12-08 15:31:51.591726,2025-12-08 15:31:56.154628,0 days 00:00:04.562902,0.5195723657272657,0.00258739255257071,5,13,1082,3.2655103752107904,5.690087277130285,0.43560931519258483,extensive,final,xgb,pca_hybrid,True,COMPLETE
2,-0.0016559721404409238,2025-12-08 15:31:56.157851,2025-12-08 15:32:03.618127,0 days 00:00:07.460276,0.7679477999302488,0.0024652382455032937,7,18,1903,3.091158914658154,8.749323912651423,0.7525763883700705,extensive,final,xgb,pca_hybrid,True,COMPLETE
3,-0.0016559721404409238,2025-12-08 15:32:03.618127,2025-12-08 15:32:13.823661,0 days 00:00:10.205534,0.7624564133668204,0.005823819529294945,9,12,2629,4.059897696894276,18.986949242773942,0.5985080106477414,extensive,final,xgb,pca_hybrid,True,COMPLETE
4,-0.0016559721404409238,2025-12-08 15:32:13.825216,2025-12-08 15:32:15.355448,0 days 00:00:01.530232,0.48699645650158674,0.025091950948494993,5,12,309,4.584748795609054,4.414852844330681,0.6237920308036617,extensive,final,xgb,pca_hybrid,True,COMPLETE
5,-0.0016559721404409238,2025-12-08 15:32:15.355448,2025-12-08 15:32:28.631310,0 days 00:00:13.275862,0.8249710974564441,0.045935112430082706,9,14,3345,2.341252950508847,1.370991730519184,0.35185054814039163,extensive,final,xgb,pca_hybrid,True,COMPLETE
6,-0.0016559721404409238,2025-12-08 15:32:28.632506,2025-12-08 15:32:36.563274,0 days 00:00:07.930768,0.31012350401980004,0.003013214383598957,3,4,2010,2.231745026243768,0.3518541834882824,0.6742252555947567,extensive,final,xgb,pca_hybrid,True,COMPLETE
7,-0.008742265043035435,2025-12-08 15:32:36.569801,2025-12-08 15:32:50.324732,0 days 00:00:13.754931,0.710815362890587,0.004252905052752001,5,14,1397,0.20040344992695303,14.372172789897784,0.6056757322306761,extensive,final,xgb,pca_hybrid,True,COMPLETE
8,-0.0016559721404409238,2025-12-08 15:32:50.324732,2025-12-08 15:32:59.985999,0 days 00:00:09.661267,0.553345021273336,0.004465509103918388,6,3,2474,1.8976250880615297,10.527671175231022,0.8789788526596016,extensive,final,xgb,pca_hybrid,True,COMPLETE
9,-0.0016559721404409238,2025-12-08 15:32:59.987691,2025-12-08 15:33:12.020831,0 days 00:00:12.033140,0.37525350822084924,0.03200628141931762,10,19,3081,2.32660737021906,7.18529871184867,0.8324303273466296,extensive,final,xgb,pca_hybrid,True,COMPLETE
10,-0.0016559721404409238,2025-12-08 15:33:12.020831,2025-12-08 15:33:27.359202,0 days 00:00:15.338371,0.41526521612101275,0.011237562440628929,3,7,3997,4.951759126860469,0.19148838635418336,0.4683541983030083,extensive,final,xgb,pca_hybrid,True,COMPLETE
11,-0.0016559721404409238,2025-12-08 15:33:27.359202,2025-12-08 15:33:28.877696,0 days 00:00:01.518494,0.605194233068473,0.0010139025458625471,4,8,320,3.5887081869546154,1.699271035905909,0.41898929591008527,extensive,final,xgb,pca_hybrid,True,COMPLETE
12,-0.0016559721404409238,2025-12-08 15:33:28.877696,2025-12-08 15:33:33.209382,0 days 00:00:04.331686,0.49371561137690667,0.011297568810233681,7,8,971,3.3548950439309126,0.5964970221060907,0.4978905723450287,extensive,final,xgb,pca_hybrid,True,COMPLETE
13,-0.0016604658638540808,2025-12-08 15:33:33.210386,2025-12-08 15:33:37.392174,0 days 00:00:04.181788,0.6006895339916472,0.001495402220821709,5,1,988,1.2314636878925413,2.6686137813962456,0.3118791141026764,extensive,final,xgb,pca_hybrid,True,COMPLETE
14,-0.0016559721404409238,2025-12-08 15:33:37.392174,2025-12-08 15:33:41.360190,0 days 00:00:03.968016,0.4290679128259919,0.010033136508257746,4,6,938,4.003756812831821,0.1137484452561177,0.5131720361085158,extensive,final,xgb,pca_hybrid,True,COMPLETE
15,-0.0016559721404409238,2025-12-08 15:33:41.360190,2025-12-08 15:33:47.458745,0 days 00:00:06.098555,0.34963250557684855,0.017182744492808467,6,16,1529,2.9778007272259974,0.6285378620949643,0.3953544216607252,extensive,final,xgb,pca_hybrid,True,COMPLETE
16,-0.0016559721404409238,2025-12-08 15:33:47.458745,2025-12-08 15:33:50.440394,0 days 00:00:02.981649,0.6630833726359642,0.0021730876498150223,4,10,704,4.069467494556976,3.6486846413939524,0.534131684418318,extensive,final,xgb,pca_hybrid,True,COMPLETE
17,-0.0016559721404409238,2025-12-08 15:33:50.440394,2025-12-08 15:33:56.393214,0 days 00:00:05.952820,0.5016521977340029,0.006745043755165506,8,10,1473,2.8624997905462948,1.0368234029536805,0.429204635760226,extensive,final,xgb,pca_hybrid,True,COMPLETE
18,-0.0016559312822772565,2025-12-08 15:33:56.393214,2025-12-08 15:33:58.895493,0 days 00:00:02.502279,0.4537070137133609,0.018272465937509086,3,16,586,1.4180974803978281,0.25157965129781246,0.31121316129800425,extensive,final,xgb,pca_hybrid,True,COMPLETE
19,-0.001715399339149067,2025-12-08 15:33:58.895493,2025-12-08 15:34:01.297709,0 days 00:00:02.402216,0.43913263307972017,0.017318895365970578,3,17,538,1.2710665629209141,0.24092071410479984,0.3038769736077833,extensive,final,xgb,pca_hybrid,True,COMPLETE
20,-0.01827753882705248,2025-12-08 15:34:01.298788,2025-12-08 15:34:04.006123,0 days 00:00:02.707335,0.30933753077152265,0.017774257068857383,4,20,288,0.10729677267952509,0.1095144165647308,0.3665517928953707,extensive,final,xgb,pca_hybrid,True,COMPLETE
21,-0.0016595505656589182,2025-12-08 15:34:04.006123,2025-12-08 15:34:08.974217,0 days 00:00:04.968094,0.5449657435765429,0.008315364687756488,5,15,1212,1.570626409097187,0.44169954820009977,0.4570515871208194,extensive,final,xgb,pca_hybrid,True,COMPLETE
22,-0.0016559721404409238,2025-12-08 15:34:08.975363,2025-12-08 15:34:11.897254,0 days 00:00:02.921891,0.38289091698935335,0.024100910337957665,3,13,692,3.6468335677636516,0.1981237608044175,0.352959196007169,extensive,final,xgb,pca_hybrid,True,COMPLETE
23,-0.0023878202945103086,2025-12-08 15:34:11.897803,2025-12-08 15:34:19.115890,0 days 00:00:07.218087,0.4788565964343221,0.004519745469874725,4,11,1677,0.9969507420569437,0.2934557824209756,0.546877597946203,extensive,final,xgb,pca_hybrid,True,COMPLETE
24,-0.0016559721404409238,2025-12-08 15:34:19.115890,2025-12-08 15:34:21.959761,0 days 00:00:02.843871,0.4435933010996288,0.001564712176574348,6,5,671,2.7769204467186652,0.7483627551367946,0.39239771803680457,extensive,final,xgb,pca_hybrid,True,COMPLETE
25,-0.008337465664270368,2025-12-08 15:34:21.960883,2025-12-08 15:34:27.410317,0 days 00:00:05.449434,0.532789817402797,0.0491904539695032,5,17,1185,0.8152564314045049,0.15665663589472756,0.4593511799344558,extensive,final,xgb,pca_hybrid,True,COMPLETE
26,-0.0016559721404409238,2025-12-08 15:34:27.410317,2025-12-08 15:34:29.914452,0 days 00:00:02.504135,0.6311565470580791,0.012346829238955226,3,15,554,1.8601080254156,0.4242611311523212,0.3163805848270586,extensive,final,xgb,pca_hybrid,True,COMPLETE
27,-0.0016559721404409238,2025-12-08 15:34:29.914956,2025-12-08 15:34:33.594273,0 days 00:00:03.679317,0.3871189857435362,0.0081152063001577,4,9,899,4.477265017344287,2.0231693883811785,0.56044791341874,extensive,final,xgb,pca_hybrid,True,COMPLETE
28,-0.0016559721404409238,2025-12-08 15:34:33.594273,2025-12-08 15:34:35.025072,0 days 00:00:01.430799,0.8822517504563924,0.014639151976938092,6,1,207,3.44437837568945,5.173033554765781,0.7033129626951302,extensive,final,xgb,pca_hybrid,True,COMPLETE
29,-0.0024331375697154898,2025-12-08 15:34:35.025072,2025-12-08 15:34:48.444275,0 days 00:00:13.419203,0.5713325292992868,0.003478081474799521,7,18,1772,0.5199123102260432,1.0017249259103589,0.36847987719271735,extensive,final,xgb,pca_hybrid,True,COMPLETE
30,-0.0016559721404409238,2025-12-08 15:34:48.444275,2025-12-08 15:34:56.864176,0 days 00:00:08.419901,0.45846457569286375,0.0022696418090190095,3,12,2161,2.6314969969202773,0.15079665568151338,0.4239980302151699,extensive,final,xgb,pca_hybrid,True,COMPLETE
31,-0.0016559721404409238,2025-12-08 15:34:56.865177,2025-12-08 15:35:06.833588,0 days 00:00:09.968411,0.7503319691428683,0.006488632455568553,8,20,2561,3.069439791432774,16.373515833122823,0.7816495944117315,extensive,final,xgb,pca_hybrid,True,COMPLETE
32,-0.0016559721404409238,2025-12-08 15:35:06.834694,2025-12-08 15:35:15.494432,0 days 00:00:08.659738,0.8141975359751936,0.0030450885875808265,7,17,2197,3.9563951923795067,7.831670740246503,0.7420441155556586,extensive,final,xgb,pca_hybrid,True,COMPLETE
33,-0.0016559721404409238,2025-12-08 15:35:15.494432,2025-12-08 15:35:20.634403,0 days 00:00:05.139971,0.6858958843598145,0.002016123522572093,8,12,1273,3.1841126828041024,5.788105183609759,0.6302802252500375,extensive,final,xgb,pca_hybrid,True,COMPLETE
34,-0.0016559721404409238,2025-12-08 15:35:20.634403,2025-12-08 15:35:32.317936,0 days 00:00:11.683533,0.5097293993403756,0.033455022839269655,5,14,3020,4.411991315568037,10.594779527271944,0.655656717227164,extensive,final,xgb,pca_hybrid,True,COMPLETE
35,-0.0016559721404409238,2025-12-08 15:35:32.319038,2025-12-08 15:35:39.541693,0 days 00:00:07.222655,0.773656375151483,0.0013988900384343888,9,18,1789,3.7457313715454585,11.600723147922698,0.5834586211122506,extensive,final,xgb,pca_hybrid,True,COMPLETE
36,-0.0016559721404409238,2025-12-08 15:35:39.541693,2025-12-08 15:35:47.446785,0 days 00:00:07.905092,0.34248704965636756,0.005388541388905237,5,15,2004,2.0389029992419028,3.4412421449673682,0.7220844992578086,extensive,final,xgb,pca_hybrid,True,COMPLETE
37,-0.0016559721404409238,2025-12-08 15:35:47.446785,2025-12-08 15:35:49.351295,0 days 00:00:01.904510,0.876873688426779,0.022837670915318322,4,13,450,2.509931805424687,7.776203798838667,0.798011158126762,extensive,final,xgb,pca_hybrid,True,COMPLETE
38,-0.0016559721404409238,2025-12-08 15:35:49.351295,2025-12-08 15:35:52.767329,0 days 00:00:03.416034,0.47294900349169583,0.0025663868803245168,6,19,801,4.212564168884997,17.517088071792354,0.8798681272698934,extensive,final,xgb,pca_hybrid,True,COMPLETE
39,-0.0016559721404409238,2025-12-08 15:35:52.768912,2025-12-08 15:36:02.153512,0 days 00:00:09.384600,0.4086107974999045,0.003846008027057612,7,16,2396,4.918877283744349,2.26752138644574,0.48472541925532125,extensive,final,xgb,pca_hybrid,True,COMPLETE
40,-0.0016559721404409238,2025-12-08 15:36:02.154655,2025-12-08 15:36:12.948378,0 days 00:00:10.793723,0.5751036279390274,0.00528608784346268,3,4,2765,3.266851874588042,1.3330669367935983,0.3294788236184528,extensive,final,xgb,pca_hybrid,True,COMPLETE
41,-0.0016559721404409238,2025-12-08 15:36:12.948378,2025-12-08 15:36:23.591584,0 days 00:00:10.643206,0.7417952197914137,0.030472030501187585,10,13,2696,3.5095197754661576,13.102672043035641,0.6095776637961811,extensive,final,xgb,pca_hybrid,True,COMPLETE
42,-0.0016559721404409238,2025-12-08 15:36:23.591584,2025-12-08 15:36:36.669268,0 days 00:00:13.077684,0.8349825101340869,0.00292119164254599,9,11,3413,3.7955699969478305,8.61896458380757,0.6695440893842506,extensive,final,xgb,pca_hybrid,True,COMPLETE
43,-0.0016559721404409238,2025-12-08 15:36:36.669268,2025-12-08 15:36:41.141564,0 days 00:00:04.472296,0.7125618283174923,0.009855307576591902,10,14,1065,2.215771891734797,18.773695670712016,0.5790487213070639,extensive,final,xgb,pca_hybrid,True,COMPLETE
44,-0.0016559721404409238,2025-12-08 15:36:41.142580,2025-12-08 15:36:54.623126,0 days 00:00:13.480546,0.8027136943058197,0.0010963990107130126,9,9,3495,4.7394089727302795,5.335395889910706,0.8460937207982626,extensive,final,xgb,pca_hybrid,True,COMPLETE
45,-0.0016559721404409238,2025-12-08 15:36:54.624132,2025-12-08 15:37:06.333603,0 days 00:00:11.709471,0.6321272589842819,0.0018934471074450693,8,6,3022,4.125219378237874,3.733990270866227,0.5177072317070285,extensive,final,xgb,pca_hybrid,True,COMPLETE
46,-0.0016559721404409238,2025-12-08 15:37:06.333603,2025-12-08 15:37:08.079147,0 days 00:00:01.745544,0.8509733107587486,0.013976788727351442,5,12,441,4.247753916778125,14.374863421057261,0.3875978205250711,extensive,final,xgb,pca_hybrid,True,COMPLETE
47,-0.0016559721404409238,2025-12-08 15:37:08.079147,2025-12-08 15:37:22.740755,0 days 00:00:14.661608,0.7713441215998478,0.004512779398617686,4,8,3781,3.7812614916605227,9.825312089283608,0.439428664386672,extensive,final,xgb,pca_hybrid,True,COMPLETE
48,-0.0016559721404409238,2025-12-08 15:37:22.741763,2025-12-08 15:37:30.620550,0 days 00:00:07.878787,0.34604749883451497,0.005788042224762419,9,16,2003,2.919885798402882,6.721161415460528,0.4873583499926668,extensive,final,xgb,pca_hybrid,True,COMPLETE
49,-0.0016559721404409238,2025-12-08 15:37:30.621556,2025-12-08 15:37:39.674712,0 days 00:00:09.053156,0.4080949801335649,0.007920806062420616,3,18,2341,3.286936069847678,0.34566467409988877,0.6344701916998503,extensive,final,xgb,pca_hybrid,True,COMPLETE
50,-0.0016559721404409238,2025-12-08 15:37:39.676480,2025-12-08 15:37:45.455056,0 days 00:00:05.778576,0.7049463740280213,0.009403230119478053,4,2,1410,2.707932208095148,0.23533832192004808,0.6984288890516457,extensive,final,xgb,pca_hybrid,True,COMPLETE
51,-0.0016559721404409238,2025-12-08 15:37:45.455056,2025-12-08 15:37:47.037713,0 days 00:00:01.582657,0.5253080232289258,0.024314158215947068,5,11,377,4.395986668756799,4.789918523591208,0.7613930873325899,extensive,final,xgb,pca_hybrid,True,COMPLETE
52,-0.0016559721404409238,2025-12-08 15:37:47.037713,2025-12-08 15:37:50.001290,0 days 00:00:02.963577,0.4907979653301034,0.04108012510263512,6,10,615,3.9187990201421297,4.300057159341535,0.8301510355640076,extensive,final,xgb,pca_hybrid,True,COMPLETE
53,-0.0016559721404409238,2025-12-08 15:37:50.003298,2025-12-08 15:37:53.828341,0 days 00:00:03.825043,0.4620946369410798,0.020498488463045597,4,9,890,4.648379861276268,2.652000901871286,0.520607613626186,extensive,final,xgb,pca_hybrid,True,COMPLETE
54,-0.0016559721404409238,2025-12-08 15:37:53.829344,2025-12-08 15:37:55.293743,0 days 00:00:01.464399,0.4309696287890273,0.02733848453334489,5,14,292,3.575766626483514,6.331541138776582,0.33504018339627506,extensive,final,xgb,pca_hybrid,True,COMPLETE
55,-0.0016559721404409238,2025-12-08 15:37:55.294149,2025-12-08 15:37:56.859282,0 days 00:00:01.565133,0.5590614510645799,0.03915460542981469,6,13,205,4.6747461627036095,0.14304375076252424,0.5580303311872873,extensive,final,xgb,pca_hybrid,True,COMPLETE
56,-0.0016559721404409238,2025-12-08 15:37:56.860421,2025-12-08 15:38:01.530311,0 days 00:00:04.669890,0.513344616769976,0.015049594357688927,3,19,1090,3.1344439062627827,3.008531771807818,0.452811783644023,extensive,final,xgb,pca_hybrid,True,COMPLETE
57,-0.001662027473087709,2025-12-08 15:38:01.530311,2025-12-08 15:38:05.022381,0 days 00:00:03.492070,0.375143599418861,0.020268656594941353,4,15,785,1.5215319363259023,8.934998832423343,0.40341298519501273,extensive,final,xgb,pca_hybrid,True,COMPLETE
58,-0.0016559721404409238,2025-12-08 15:38:05.023701,2025-12-08 15:38:07.632477,0 days 00:00:02.608776,0.5947141366603697,0.01238370800966164,7,12,585,4.996971353904784,1.6134069631677357,0.3000546141266269,extensive,final,xgb,pca_hybrid,True,COMPLETE
59,-0.0016559721404409238,2025-12-08 15:38:07.634084,2025-12-08 15:38:14.071199,0 days 00:00:06.437115,0.656127629074571,0.0016619566645888855,8,7,1562,3.4103563148939307,0.518722260387985,0.3646838344855882,extensive,final,xgb,pca_hybrid,True,COMPLETE
60,-0.007080290701266034,2025-12-08 15:38:14.072201,2025-12-08 15:38:37.678487,0 days 00:00:23.606286,0.5444058484119296,0.003625443582674352,5,17,2840,0.35431085432492315,13.531972609173797,0.6943708625351573,extensive,final,xgb,pca_hybrid,True,COMPLETE
61,-0.0016559721404409238,2025-12-08 15:38:37.678487,2025-12-08 15:38:39.555562,0 days 00:00:01.877075,0.8051799328632432,0.03418470232157603,9,16,475,2.3577338368495715,0.8009556381867429,0.3442454255848426,extensive,final,xgb,pca_hybrid,True,COMPLETE
62,-0.0016562486744637155,2025-12-08 15:38:39.556200,2025-12-08 15:38:52.162068,0 days 00:00:12.605868,0.44936067446116124,0.046087371295046635,10,14,3202,1.7590114262696017,0.20684065610197988,0.4120470583030797,extensive,final,xgb,pca_hybrid,True,COMPLETE
63,-0.0024064142317143933,2025-12-08 15:38:52.163288,2025-12-08 15:38:57.629538,0 days 00:00:05.466250,0.774264817509182,0.028103968982398173,9,12,1281,1.0432984670567738,0.30222836841167067,0.38170409812523093,extensive,final,xgb,pca_hybrid,True,COMPLETE
64,-0.0016559721404409238,2025-12-08 15:38:57.629538,2025-12-08 15:39:12.865124,0 days 00:00:15.235586,0.8455688898737732,0.016705061693814124,8,13,3957,3.0380717233752037,0.10779869980726015,0.32736148714738345,extensive,final,xgb,pca_hybrid,True,COMPLETE
65,-0.001664116112002419,2025-12-08 15:39:12.865407,2025-12-08 15:39:22.830354,0 days 00:00:09.964947,0.39222690522143233,0.0031992863672610093,3,15,2568,1.4703192925775612,4.33229370166404,0.500102283983674,extensive,final,xgb,pca_hybrid,True,COMPLETE
66,-0.0016559721404409238,2025-12-08 15:39:22.831651,2025-12-08 15:39:25.973494,0 days 00:00:03.141843,0.32608941438785144,0.011247853126474836,6,10,745,2.091941855045166,1.2361513747331876,0.47216695709953027,extensive,final,xgb,pca_hybrid,True,COMPLETE
67,-0.0016559721404409238,2025-12-08 15:39:25.975187,2025-12-08 15:39:38.264888,0 days 00:00:12.289701,0.49232251060212673,0.002381040165366887,5,14,3190,4.2979071233782475,11.810670581467033,0.6067333716168054,extensive,final,xgb,pca_hybrid,True,COMPLETE
68,-0.0016559721404409238,2025-12-08 15:39:38.266106,2025-12-08 15:39:52.379497,0 days 00:00:14.113391,0.4771918862457032,0.0027310420610161153,4,16,3650,4.035092953074799,0.16905170147647836,0.8976119681956147,extensive,final,xgb,pca_hybrid,True,COMPLETE
69,-0.0016559721404409238,2025-12-08 15:39:52.381506,2025-12-08 15:39:59.799101,0 days 00:00:07.417595,0.898964668043589,0.03863743636482333,7,15,1886,4.512877389980537,0.12684194898321097,0.43224297542996076,extensive,final,xgb,pca_hybrid,True,COMPLETE
70,-0.0018425728543748725,2025-12-08 15:39:59.800198,2025-12-08 15:40:02.947507,0 days 00:00:03.147309,0.7437201199423713,0.007091949795990456,9,11,522,0.7745565551096861,15.397650069318225,0.35443767830635803,extensive,final,xgb,pca_hybrid,True,COMPLETE
71,-0.0016559721404409238,2025-12-08 15:40:02.948031,2025-12-08 15:40:11.881659,0 days 00:00:08.933628,0.41787574109069614,0.0019463173559715321,3,4,2246,2.4941677894520202,0.3896704694862334,0.6619774087424988,extensive,final,xgb,pca_hybrid,True,COMPLETE
72,-0.0016587013529708965,2025-12-08 15:40:11.882981,2025-12-08 15:40:13.475503,0 days 00:00:01.592522,0.30896453390336964,0.004203312924844812,3,4,362,1.8080994952701066,0.29295565383420763,0.7280044544932177,extensive,final,xgb,pca_hybrid,True,COMPLETE
73,-0.0016559721404409238,2025-12-08 15:40:13.476748,2025-12-08 15:40:21.834553,0 days 00:00:08.357805,0.3596350883855859,0.002464259313115602,3,3,2019,2.5597759242689433,0.24014731056355718,0.6389689207694187,extensive,final,xgb,pca_hybrid,True,COMPLETE
74,-0.0016559721404409238,2025-12-08 15:40:21.835557,2025-12-08 15:40:28.586071,0 days 00:00:06.750514,0.7884448605138499,0.0033837628008031814,4,5,1645,2.36907454508988,0.543670916480698,0.5867158745335884,extensive,final,xgb,pca_hybrid,True,COMPLETE
75,-0.0016559721404409238,2025-12-08 15:40:28.586071,2025-12-08 15:40:39.769680,0 days 00:00:11.183609,0.8247495580989058,0.005207505064956476,10,3,2899,2.0957723640807746,0.6743799244781205,0.7576447499232004,extensive,final,xgb,pca_hybrid,True,COMPLETE
76,-0.0016559721404409238,2025-12-08 15:40:39.770718,2025-12-08 15:40:47.122268,0 days 00:00:07.351550,0.8680174579342597,0.0012795053848483993,4,19,1873,2.84561706603543,19.838051808565844,0.8048416664683316,extensive,final,xgb,pca_hybrid,True,COMPLETE
77,-0.0016559721404409238,2025-12-08 15:40:47.122268,2025-12-08 15:40:56.964759,0 days 00:00:09.842491,0.7207008816373236,0.001766557980705946,3,13,2530,3.6429920401382296,0.17904276350315143,0.6189881220672733,extensive,final,xgb,pca_hybrid,True,COMPLETE
78,-0.0016853002921431621,2025-12-08 15:40:56.964759,2025-12-08 15:41:00.562496,0 days 00:00:03.597737,0.3309333384246051,0.0021505793136471275,4,2,861,1.3109087023249961,2.1571857827543717,0.6867118032946118,extensive,final,xgb,pca_hybrid,True,COMPLETE
79,-0.0016559721404409238,2025-12-08 15:41:00.564121,2025-12-08 15:41:05.107603,0 days 00:00:04.543482,0.44287938403058175,0.0040088260661519685,6,6,1083,3.8827239992633804,0.27727923877109845,0.3191869515305037,extensive,final,xgb,pca_hybrid,True,COMPLETE
80,-0.0016548026536929623,2025-12-08 15:41:05.109128,2025-12-08 15:41:08.187252,0 days 00:00:03.078124,0.3643263813558226,0.00862279334587339,8,11,676,1.6537864500865387,7.294010790167621,0.5411298696632723,extensive,final,xgb,pca_hybrid,True,COMPLETE
81,-0.0016597864296674647,2025-12-08 15:41:08.187252,2025-12-08 15:41:11.114098,0 days 00:00:02.926846,0.36942241423304945,0.007889976237416866,8,12,663,1.62386054450739,7.571166409183731,0.5428229446942041,extensive,final,xgb,pca_hybrid,True,COMPLETE
82,-0.0016559721404409238,2025-12-08 15:41:11.114098,2025-12-08 15:41:15.203554,0 days 00:00:04.089456,0.39631040581258803,0.008891001695930068,8,11,962,1.9363217841357336,6.205970111882769,0.5746832921771935,extensive,final,xgb,pca_hybrid,True,COMPLETE
