number,value,datetime_start,datetime_complete,duration,params_xgb_colsample_bytree,params_xgb_learning_rate,params_xgb_max_depth,params_xgb_min_child_weight,params_xgb_n_estimators,params_xgb_reg_alpha,params_xgb_reg_lambda,params_xgb_subsample,user_attrs_feat_level,user_attrs_label,user_attrs_model_type,user_attrs_pca_mode,user_attrs_use_PCA,state
0,-0.0016559721404409238,2025-12-08 16:11:40.655522,2025-12-08 16:11:47.168400,0 days 00:00:06.512878,0.6020823534017046,0.04166989912099512,9,15,1508,4.683155615575317,5.366464677427611,0.800772927838773,extensive,final,xgb,pca_block,True,COMPLETE
1,-0.0016559721404409238,2025-12-08 16:11:47.169715,2025-12-08 16:11:59.020533,0 days 00:00:11.850818,0.4138272870779177,0.009475950801993375,10,4,2904,4.595482388411757,17.253436182994477,0.8323501161587945,extensive,final,xgb,pca_block,True,COMPLETE
2,-0.0016559721404409238,2025-12-08 16:11:59.020533,2025-12-08 16:12:12.888831,0 days 00:00:13.868298,0.5959473373179347,0.0399376635784816,4,16,3332,4.971939654522174,5.3060068438101995,0.3310647650979954,extensive,final,xgb,pca_block,True,COMPLETE
3,-0.0016559721404409238,2025-12-08 16:12:12.889831,2025-12-08 16:12:15.512087,0 days 00:00:02.622256,0.5037669368381341,0.0012971458896561803,5,15,427,3.9643865831288583,1.4975113759832268,0.598951517940844,extensive,final,xgb,pca_block,True,COMPLETE
4,-0.0016559721404409238,2025-12-08 16:12:15.513203,2025-12-08 16:12:18.222439,0 days 00:00:02.709236,0.43525256868254264,0.0011061014577030638,6,1,457,2.5242615999653237,0.18769451020678957,0.3501048984809644,extensive,final,xgb,pca_block,True,COMPLETE
5,-0.0016559721404409238,2025-12-08 16:12:18.222439,2025-12-08 16:12:23.953290,0 days 00:00:05.730851,0.33645732756945274,0.005687278776621574,5,1,1213,1.8137067146506318,3.3192178761355318,0.3009235443211129,extensive,final,xgb,pca_block,True,COMPLETE
6,-0.0016559721404409238,2025-12-08 16:12:23.954293,2025-12-08 16:12:28.685632,0 days 00:00:04.731339,0.7632118868133031,0.004675197315276553,7,18,953,3.3226563986510027,6.406472388602403,0.3768852533932671,extensive,final,xgb,pca_block,True,COMPLETE
7,-0.0016559721404409238,2025-12-08 16:12:28.686632,2025-12-08 16:12:30.659320,0 days 00:00:01.972688,0.4871566248515279,0.0029232844255834807,9,13,278,3.349273467734466,6.862111244946111,0.4688014954113585,extensive,final,xgb,pca_block,True,COMPLETE
8,-0.0016473885214844202,2025-12-08 16:12:30.659320,2025-12-08 16:12:36.324460,0 days 00:00:05.665140,0.5031479747303971,0.0023037879491068698,3,13,1112,1.2113198559475742,0.2601417144292797,0.40010549609899343,extensive,final,xgb,pca_block,True,COMPLETE
9,-0.0016559721404409238,2025-12-08 16:12:36.325660,2025-12-08 16:12:42.666420,0 days 00:00:06.340760,0.6286364859244585,0.002375342088421804,10,11,1444,1.9094373110095937,4.5285747114301484,0.34981606207868243,extensive,final,xgb,pca_block,True,COMPLETE
10,-0.09815786729363762,2025-12-08 16:12:42.666420,2025-12-08 16:12:57.884596,0 days 00:00:15.218176,0.8812963835001366,0.016252478799021607,3,8,2280,0.3523878421136508,0.14488759053948122,0.5356373324270495,extensive,final,xgb,pca_block,True,COMPLETE
11,-0.027432698352656937,2025-12-08 16:12:57.884596,2025-12-08 16:13:09.792162,0 days 00:00:11.907566,0.6021818648300916,0.04744524291079855,8,19,1999,0.6366365819716745,0.5622386882714558,0.7681638977203386,extensive,final,xgb,pca_block,True,COMPLETE
12,-0.0005200560653962905,2025-12-08 16:13:09.793165,2025-12-08 16:13:18.706394,0 days 00:00:08.913229,0.7036162615252303,0.017194502715631433,8,9,1910,1.1547387339034723,0.48957214169086405,0.7258121337992597,extensive,final,xgb,pca_block,True,COMPLETE
13,-0.00033434986870484185,2025-12-08 16:13:18.707395,2025-12-08 16:13:29.276327,0 days 00:00:10.568932,0.7483176724977487,0.017063489032279538,7,8,2333,1.1066562597146428,0.3624625913202231,0.6969120217077446,extensive,final,xgb,pca_block,True,COMPLETE
14,-0.0001602909183504956,2025-12-08 16:13:29.276327,2025-12-08 16:13:40.341083,0 days 00:00:11.064756,0.7462017428105889,0.018359678114433627,7,7,2489,1.1016271478816146,0.5415378093639246,0.7190255334964475,extensive,final,xgb,pca_block,True,COMPLETE
15,-0.2537949911578366,2025-12-08 16:13:40.342758,2025-12-08 16:14:11.032634,0 days 00:00:30.689876,0.8328186027166449,0.022598722538105114,6,6,2534,0.130471549858713,0.7162291958197428,0.671852117855406,extensive,final,xgb,pca_block,True,COMPLETE
16,-0.0002350706150007209,2025-12-08 16:14:11.032634,2025-12-08 16:14:28.029235,0 days 00:00:16.996601,0.754600032829996,0.010160409183320413,7,5,3835,1.0756817978749744,1.289597487783751,0.8857082932454977,extensive,final,xgb,pca_block,True,COMPLETE
17,-0.0016559721404409238,2025-12-08 16:14:28.029235,2025-12-08 16:14:44.573743,0 days 00:00:16.544508,0.7022343890518832,0.009112513266404464,8,4,3956,2.114266087588544,1.6248890885908274,0.8921208189403644,extensive,final,xgb,pca_block,True,COMPLETE
18,-0.0016559721404409238,2025-12-08 16:14:44.574746,2025-12-08 16:15:00.545062,0 days 00:00:15.970316,0.8320982984980664,0.010737049375951045,5,5,3829,2.6757360217093273,1.064964948811869,0.8924987370356001,extensive,final,xgb,pca_block,True,COMPLETE
19,-0.043479062717059,2025-12-08 16:15:00.545062,2025-12-08 16:15:22.999718,0 days 00:00:22.454656,0.6660041606259555,0.026001746094857076,7,6,3381,0.5938759177241859,2.4280381816162406,0.6325804877570574,extensive,final,xgb,pca_block,True,COMPLETE
20,-0.0016476231238653494,2025-12-08 16:15:22.999718,2025-12-08 16:15:35.572520,0 days 00:00:12.572802,0.8076638768730042,0.004009303150943335,6,10,2971,1.504327446873768,0.9577357539716197,0.8225471858734686,extensive,final,xgb,pca_block,True,COMPLETE
21,-0.00045348850321462003,2025-12-08 16:15:35.572520,2025-12-08 16:15:47.899457,0 days 00:00:12.326937,0.7655479378919913,0.014239039282242474,7,7,2606,0.9505231893757422,0.3249567393126514,0.721583416244858,extensive,final,xgb,pca_block,True,COMPLETE
22,-0.001400745666806591,2025-12-08 16:15:47.901473,2025-12-08 16:16:01.966864,0 days 00:00:14.065391,0.745758488931399,0.026377192528541833,7,3,3454,1.4903421282399834,0.1070273541628436,0.5692176027494578,extensive,final,xgb,pca_block,True,COMPLETE
23,-0.00021424705921835319,2025-12-08 16:16:01.967869,2025-12-08 16:16:11.684184,0 days 00:00:09.716315,0.8800901168697581,0.007147350417170314,8,8,1744,0.9345855707645506,0.3730707735897479,0.672451401459834,extensive,final,xgb,pca_block,True,COMPLETE
24,-0.2129466991471655,2025-12-08 16:16:11.685689,2025-12-08 16:16:48.102575,0 days 00:00:36.416886,0.8811124398891953,0.0058854373024960155,9,11,1796,0.049089496326394255,0.822246075539635,0.5206523828634715,extensive,final,xgb,pca_block,True,COMPLETE
25,-0.009250118453683287,2025-12-08 16:16:48.102575,2025-12-08 16:17:09.110164,0 days 00:00:21.007589,0.8953593587730679,0.007593795785968196,8,3,2881,0.6560502713029449,1.9755472422873837,0.6354324961390718,extensive,final,xgb,pca_block,True,COMPLETE
26,-0.0016266981335200104,2025-12-08 16:17:09.110164,2025-12-08 16:17:16.399779,0 days 00:00:07.289615,0.8089473534052073,0.010720641489834412,8,7,1641,1.5616396189134192,0.48632577208763955,0.7562986506463293,extensive,final,xgb,pca_block,True,COMPLETE
27,-0.0016559721404409238,2025-12-08 16:17:16.401559,2025-12-08 16:17:25.839185,0 days 00:00:09.437626,0.6971377351312132,0.01340348708482184,6,9,2211,2.1452071679511904,0.2149396995234083,0.8607700162380417,extensive,final,xgb,pca_block,True,COMPLETE
28,-0.0003643415988421328,2025-12-08 16:17:25.840187,2025-12-08 16:17:45.015554,0 days 00:00:19.175367,0.8534609517324228,0.007310390981924733,9,12,3637,0.8724591972906464,1.157084507642943,0.7750211189303988,extensive,final,xgb,pca_block,True,COMPLETE
29,-0.0016559721404409238,2025-12-08 16:17:45.015554,2025-12-08 16:17:57.674984,0 days 00:00:12.659430,0.7934880416648864,0.0036234225162155454,9,5,3095,2.810394693234646,0.3586212693649463,0.6610220210277953,extensive,final,xgb,pca_block,True,COMPLETE
30,-0.05826497426652503,2025-12-08 16:17:57.676085,2025-12-08 16:18:07.020443,0 days 00:00:09.344358,0.6382820646401498,0.032412215680675656,8,2,787,0.353383047627965,0.614817586990001,0.8096692617906847,extensive,final,xgb,pca_block,True,COMPLETE
31,-0.0009858440355925795,2025-12-08 16:18:07.020443,2025-12-08 16:18:17.923572,0 days 00:00:10.903129,0.7329847280947425,0.019414118488215594,7,8,2492,1.1998220615922572,0.37142181118732864,0.6933881000698217,extensive,final,xgb,pca_block,True,COMPLETE
32,-0.0008065381430155671,2025-12-08 16:18:17.923572,2025-12-08 16:18:26.296570,0 days 00:00:08.372998,0.5713467546591324,0.012652492496974222,7,7,1636,0.967984428616655,0.2768322571831315,0.7238518003205412,extensive,final,xgb,pca_block,True,COMPLETE
33,-0.0016391859862797304,2025-12-08 16:18:26.297571,2025-12-08 16:18:35.706726,0 days 00:00:09.409155,0.785571281958012,0.008234564287767226,6,9,2175,1.5424574088142002,0.43725626755128444,0.5918292729728973,extensive,final,xgb,pca_block,True,COMPLETE
34,-0.0016559721404409238,2025-12-08 16:18:35.707731,2025-12-08 16:18:47.309370,0 days 00:00:11.601639,0.7289652117978136,0.020328782392001445,7,5,2725,2.232159829932745,0.7688758868589448,0.6962511796086887,extensive,final,xgb,pca_block,True,COMPLETE
35,-0.0016559721404409238,2025-12-08 16:18:47.310382,2025-12-08 16:18:57.228367,0 days 00:00:09.917985,0.5521931154718251,0.030534910407101244,10,8,2378,1.7864970108299891,0.17581578318358448,0.6282626215449011,extensive,final,xgb,pca_block,True,COMPLETE
36,-0.0016559721404409238,2025-12-08 16:18:57.228367,2025-12-08 16:19:03.128159,0 days 00:00:05.899792,0.6738196981027235,0.00593519335632413,5,10,1352,4.423085385865451,16.093877170779635,0.78885180751498,extensive,final,xgb,pca_block,True,COMPLETE
37,-0.0008609084226054072,2025-12-08 16:19:03.129333,2025-12-08 16:19:16.339516,0 days 00:00:13.210183,0.8443785030893579,0.012706589032016177,6,6,3170,1.2679112824041467,1.139695815638439,0.8396077976660188,extensive,final,xgb,pca_block,True,COMPLETE
38,-0.008058445362483013,2025-12-08 16:19:16.340521,2025-12-08 16:19:29.959547,0 days 00:00:13.619026,0.7663291927620768,0.03548153867924448,4,4,2733,0.785194677173871,0.13352163458380878,0.7561173716688183,extensive,final,xgb,pca_block,True,COMPLETE
39,-0.007715363736118179,2025-12-08 16:19:29.960547,2025-12-08 16:19:39.546490,0 days 00:00:09.585943,0.35009332829492645,0.00987737119272946,8,13,791,0.37896920661046485,1.5180153051590028,0.4782766517531035,extensive,final,xgb,pca_block,True,COMPLETE
40,-0.0016559721404409238,2025-12-08 16:19:39.546490,2025-12-08 16:19:47.295939,0 days 00:00:07.749449,0.6653897059752049,0.004974342040867727,9,15,1792,3.04179030385866,0.24015763336190826,0.5690808473323734,extensive,final,xgb,pca_block,True,COMPLETE
41,-0.0006456738621883895,2025-12-08 16:19:47.296965,2025-12-08 16:20:04.929203,0 days 00:00:17.632238,0.8632557610680137,0.006453186173889503,9,12,3608,0.9430759098172117,0.6577802990620291,0.8641644821293758,extensive,final,xgb,pca_block,True,COMPLETE
42,-0.0010541701509527341,2025-12-08 16:20:04.929203,2025-12-08 16:20:20.596262,0 days 00:00:15.667059,0.8624620090285225,0.007284155077224135,9,11,3623,1.3190500513099752,2.4541294451315774,0.7721982296240802,extensive,final,xgb,pca_block,True,COMPLETE
43,-0.002643950105536049,2025-12-08 16:20:20.597264,2025-12-08 16:20:39.744104,0 days 00:00:19.146840,0.8211716970573266,0.016795200045652898,7,14,3747,0.8490332681437711,1.2543479584355037,0.6719550623782966,extensive,final,xgb,pca_block,True,COMPLETE
44,-0.0016278588620068184,2025-12-08 16:20:39.745103,2025-12-08 16:20:56.220116,0 days 00:00:16.475013,0.8998086320884863,0.008728302111224617,8,17,3974,1.8031522448230204,0.9003607248513277,0.7329987713698464,extensive,final,xgb,pca_block,True,COMPLETE
45,-0.006196333748668496,2025-12-08 16:20:56.220116,2025-12-08 16:21:36.566775,0 days 00:00:40.346659,0.7797538672508806,0.0017142249116367826,10,12,3252,0.5069440950626947,3.2704986756838514,0.7893574997210254,extensive,final,xgb,pca_block,True,COMPLETE
46,-0.0016559721404409238,2025-12-08 16:21:36.566775,2025-12-08 16:21:45.395239,0 days 00:00:08.828464,0.8523516136815678,0.00469165324263575,9,9,2095,3.659296616761636,0.39811994417313495,0.6858566579750386,extensive,final,xgb,pca_block,True,COMPLETE
47,-0.00029836683969249506,2025-12-08 16:21:45.395239,2025-12-08 16:22:00.646002,0 days 00:00:15.250763,0.7372358838830317,0.011372435484119146,8,7,3512,1.10804966531129,0.567718648354268,0.8337175941561183,extensive,final,xgb,pca_block,True,COMPLETE
48,-0.0004638765051352041,2025-12-08 16:22:00.646002,2025-12-08 16:22:09.919009,0 days 00:00:09.273007,0.7196726366275189,0.011171972240772403,8,7,1979,1.0788330625538856,0.5220111948660138,0.8458009749936172,extensive,final,xgb,pca_block,True,COMPLETE
49,-0.0016559721404409238,2025-12-08 16:22:09.920150,2025-12-08 16:22:19.903974,0 days 00:00:09.983824,0.7501701190777134,0.014947899488983932,6,8,2352,2.312748192643755,0.2933418558872079,0.858199898538257,extensive,final,xgb,pca_block,True,COMPLETE
50,-0.11067175661278054,2025-12-08 16:22:19.903974,2025-12-08 16:22:35.936651,0 days 00:00:16.032677,0.6859030601302284,0.02268763729093827,7,6,1294,0.20203863271478006,0.18299169064121587,0.8973249130213742,extensive,final,xgb,pca_block,True,COMPLETE
51,-0.007058030622030771,2025-12-08 16:22:35.936651,2025-12-08 16:22:56.020268,0 days 00:00:20.083617,0.6435666588550135,0.011875709193975412,8,10,3470,0.6927915091902277,0.614861494693791,0.7999977000086913,extensive,final,xgb,pca_block,True,COMPLETE
52,-0.0006580607077069459,2025-12-08 16:22:56.021376,2025-12-08 16:23:11.988938,0 days 00:00:15.967562,0.7957917582626469,0.01796330458108208,7,5,3707,1.2991009441149506,1.3111566079117483,0.7420128583782795,extensive,final,xgb,pca_block,True,COMPLETE
53,-0.0016620421050168588,2025-12-08 16:23:11.989946,2025-12-08 16:23:28.540141,0 days 00:00:16.550195,0.8202736749196393,0.009311078823266152,8,20,3835,1.6945281631980993,0.8663898283450746,0.7094703837253653,extensive,final,xgb,pca_block,True,COMPLETE
54,-0.0006438854697553564,2025-12-08 16:23:28.540141,2025-12-08 16:23:44.544395,0 days 00:00:16.004254,0.7173648881839071,0.007098631071253988,7,7,3546,1.1366518270387964,2.0910263335299915,0.8250656673363879,extensive,final,xgb,pca_block,True,COMPLETE
55,-0.0016909942543619216,2025-12-08 16:23:44.544395,2025-12-08 16:24:03.028065,0 days 00:00:18.483670,0.607952562249555,0.01411970550269199,9,8,3349,0.8164428223776419,1.7322052492339852,0.6568974701778326,extensive,final,xgb,pca_block,True,COMPLETE
56,-0.0016559721404409238,2025-12-08 16:24:03.030557,2025-12-08 16:24:15.921085,0 days 00:00:12.890528,0.7570974578573276,0.005419049531716997,8,12,3056,1.9325159634589948,0.4586097290489493,0.7725449324475046,extensive,final,xgb,pca_block,True,COMPLETE
57,-0.0015182978998355967,2025-12-08 16:24:15.921085,2025-12-08 16:24:27.946222,0 days 00:00:12.025137,0.8744659406529246,0.023256638049643414,7,4,2833,1.4046839353603058,1.035213163593337,0.8699353143978305,extensive,final,xgb,pca_block,True,COMPLETE
58,-0.000791263914187453,2025-12-08 16:24:27.946222,2025-12-08 16:24:46.646617,0 days 00:00:18.700395,0.4646261244908769,0.003981707157118107,10,6,3858,1.038944254185376,0.6915914200188326,0.8177050785982173,extensive,final,xgb,pca_block,True,COMPLETE
59,-0.01772715922803229,2025-12-08 16:24:46.646617,2025-12-08 16:24:57.712915,0 days 00:00:11.066298,0.7789375565084575,0.010120399916778954,6,9,1143,0.4984976899183438,0.3138601775382134,0.7475344957745701,extensive,final,xgb,pca_block,True,COMPLETE
60,-0.1061473528157666,2025-12-08 16:24:57.713924,2025-12-08 16:25:39.616876,0 days 00:00:41.902952,0.8322696035978916,0.015536156622757744,9,3,3273,0.3023476103289966,0.5240083106265098,0.6164228759683743,extensive,final,xgb,pca_block,True,COMPLETE
61,-0.000524169028881305,2025-12-08 16:25:39.616876,2025-12-08 16:25:53.251211,0 days 00:00:13.634335,0.7433190150042923,0.007686300122439629,7,7,2559,0.9167436581668109,0.32761299392948895,0.7076560979463178,extensive,final,xgb,pca_block,True,COMPLETE
62,-0.01633646036078429,2025-12-08 16:25:53.252389,2025-12-08 16:26:11.301285,0 days 00:00:18.048896,0.805718700769324,0.01387491011198953,7,6,2640,0.6404232463365092,0.4056116875793403,0.71905398684226,extensive,final,xgb,pca_block,True,COMPLETE
63,-0.0016140812339792514,2025-12-08 16:26:11.301285,2025-12-08 16:26:21.948944,0 days 00:00:10.647659,0.7735561270589447,0.018887634693488344,8,8,2414,1.6186802242096343,0.24173637274100004,0.6561109978780999,extensive,final,xgb,pca_block,True,COMPLETE
64,-0.0004919984458670404,2025-12-08 16:26:21.948944,2025-12-08 16:26:30.155824,0 days 00:00:08.206880,0.7061521647676022,0.006504695311074277,6,7,1672,1.0426251803309519,0.7628439857904062,0.7850939231756541,extensive,final,xgb,pca_block,True,COMPLETE
65,-0.4701263745057089,2025-12-08 16:26:30.156824,2025-12-08 16:27:08.134096,0 days 00:00:37.977272,0.7376617710242912,0.01173877013017442,8,10,2082,0.01814775152794912,0.35351811739776606,0.6891686789945942,extensive,final,xgb,pca_block,True,COMPLETE
66,-0.001579688931051167,2025-12-08 16:27:08.134550,2025-12-08 16:27:14.620785,0 days 00:00:06.486235,0.8478973402921643,0.008938286924692118,7,5,1508,1.4119903969897523,0.5816931405663639,0.8786190537431469,extensive,final,xgb,pca_block,True,COMPLETE
67,-0.0003480603539804579,2025-12-08 16:27:14.620785,2025-12-08 16:27:24.191072,0 days 00:00:09.570287,0.7618283420360564,0.02728919860575336,8,8,2256,1.204856707528811,0.2817373571337805,0.8401069587653476,extensive,final,xgb,pca_block,True,COMPLETE
68,-0.002670547613387512,2025-12-08 16:27:24.191072,2025-12-08 16:27:33.421707,0 days 00:00:09.230635,0.883174236656463,0.02613908354524507,8,9,1785,0.7866277579978872,0.2121396895596612,0.8352802019138068,extensive,final,xgb,pca_block,True,COMPLETE
69,-0.05333914517456114,2025-12-08 16:27:33.421707,2025-12-08 16:27:47.119165,0 days 00:00:13.697458,0.6872433574859778,0.043521100569196176,9,8,1944,0.49821668840112454,0.13786332867745238,0.8104572490917524,extensive,final,xgb,pca_block,True,COMPLETE
70,-0.0016559721404409238,2025-12-08 16:27:47.119165,2025-12-08 16:28:01.111678,0 days 00:00:13.992513,0.6580471490051825,0.02032353205762623,8,11,3490,1.9666519248991285,11.870053235230648,0.7638014983003774,extensive,final,xgb,pca_block,True,COMPLETE
71,-2.6290339646776555e-05,2025-12-08 16:28:01.111678,2025-12-08 16:28:10.842416,0 days 00:00:09.730738,0.761277664391353,0.029469624680429813,7,7,2300,1.142368294250049,0.2825748067390449,0.8493402862974112,extensive,final,xgb,pca_block,True,COMPLETE
72,2.5154346254570765e-05,2025-12-08 16:28:10.843515,2025-12-08 16:28:20.004768,0 days 00:00:09.161253,0.7969213663408139,0.03043060318638306,7,6,2157,1.144512893595301,0.16318130616629845,0.8436868935204248,extensive,final,xgb,pca_block,True,COMPLETE
73,-0.0006815862573127754,2025-12-08 16:28:20.008777,2025-12-08 16:28:29.342047,0 days 00:00:09.333270,0.7542567010143884,0.030204432834193023,7,4,2263,1.240052329208374,0.15422746596512474,0.8838918068094047,extensive,final,xgb,pca_block,True,COMPLETE
74,-0.0002731523993961815,2025-12-08 16:28:29.342047,2025-12-08 16:28:38.260637,0 days 00:00:08.918590,0.7937794337759281,0.04014995374835228,6,7,2097,1.1392166634461398,0.27674839975188126,0.843752134104805,extensive,final,xgb,pca_block,True,COMPLETE
75,-0.001513478764075667,2025-12-08 16:28:38.260637,2025-12-08 16:28:46.643951,0 days 00:00:08.383314,0.7954577593081575,0.04089234520659317,6,5,2040,1.4813163630225463,0.19901909666431267,0.853730462095854,extensive,final,xgb,pca_block,True,COMPLETE
76,-0.0016559721404409238,2025-12-08 16:28:46.644457,2025-12-08 16:28:54.428557,0 days 00:00:07.784100,0.7204662770067406,0.03678671913521222,5,6,1893,1.6454337249954558,0.24371545314653234,0.899766728696394,extensive,final,xgb,pca_block,True,COMPLETE
77,-0.000685873965600344,2025-12-08 16:28:54.428997,2025-12-08 16:29:03.728738,0 days 00:00:09.299741,0.8222508537133435,0.04796983160561489,6,7,2163,1.0523136855397959,0.10559183971832008,0.8787593155744186,extensive,final,xgb,pca_block,True,COMPLETE
78,-0.0008835932389131088,2025-12-08 16:29:03.728738,2025-12-08 16:29:14.278706,0 days 00:00:10.549968,0.8115829476136632,0.03537322352991537,7,6,2437,1.3624706760274126,0.1570938998936668,0.8011684269368604,extensive,final,xgb,pca_block,True,COMPLETE
79,-0.010735714462789758,2025-12-08 16:29:14.278706,2025-12-08 16:29:36.078354,0 days 00:00:21.799648,0.7882657519018242,0.029433998401617683,5,5,1507,0.7011970817531253,0.4501907764167154,0.8330325694845259,extensive,final,xgb,pca_block,True,COMPLETE
80,-0.000222887635637418,2025-12-08 16:29:36.078865,2025-12-08 16:29:56.029418,0 days 00:00:19.950553,0.6982663238691109,0.024494899952263286,6,3,1839,1.1487913920096493,0.36585941536363087,0.8534306149272315,extensive,final,xgb,pca_block,True,COMPLETE
81,-0.0002145883342087318,2025-12-08 16:29:56.029418,2025-12-08 16:30:13.135625,0 days 00:00:17.106207,0.7249074146252592,0.02260231778316585,6,2,1753,1.1094643040091239,0.3561677126431798,0.8543306928157192,extensive,final,xgb,pca_block,True,COMPLETE
82,-0.00033032996261809594,2025-12-08 16:30:13.135625,2025-12-08 16:30:31.079531,0 days 00:00:17.943906,0.708607258862265,0.032226298024148885,6,1,1742,1.1757945038122732,0.2650026087617489,0.8527945272934451,extensive,final,xgb,pca_block,True,COMPLETE
83,-0.0012227293021905838,2025-12-08 16:30:31.081760,2025-12-08 16:30:52.396932,0 days 00:00:21.315172,0.7367393651654541,0.02475260543593612,5,2,1863,0.9225020917047334,0.12451746462942774,0.8703647415070489,extensive,final,xgb,pca_block,True,COMPLETE
