number,value,datetime_start,datetime_complete,duration,params_xgb_colsample_bytree,params_xgb_learning_rate,params_xgb_max_depth,params_xgb_min_child_weight,params_xgb_n_estimators,params_xgb_reg_alpha,params_xgb_reg_lambda,params_xgb_subsample,user_attrs_feat_level,user_attrs_label,user_attrs_model_type,user_attrs_pca_mode,user_attrs_use_PCA,state
84,-0.00151110864228432,2025-12-08 16:30:52.396932,2025-12-08 16:31:09.533495,0 days 00:00:17.136563,0.6889828629971835,0.02240502109999927,6,2,1634,1.4663522645927927,0.397701456413707,0.8232997634266681,extensive,final,xgb,pca_block,True,COMPLETE
85,-0.005994588236577059,2025-12-08 16:31:09.533495,2025-12-08 16:31:18.051825,0 days 00:00:08.518330,0.7722595820981212,0.037719701500233925,6,3,1421,0.7636012682447652,0.3109428145076878,0.8482237565461077,extensive,final,xgb,pca_block,True,COMPLETE
86,-0.0003317271672012752,2025-12-08 16:31:18.052819,2025-12-08 16:31:28.452899,0 days 00:00:10.400080,0.7301644909082675,0.04450941637420706,6,3,1878,0.9834812624685785,0.21929412431555112,0.869340300835151,extensive,final,xgb,pca_block,True,COMPLETE
87,-0.0016311929794885494,2025-12-08 16:31:28.453901,2025-12-08 16:31:39.587243,0 days 00:00:11.133342,0.5440003618004834,0.0010016697656012271,4,1,2143,1.3034400885117308,0.5191124901460775,0.8854233824713751,extensive,final,xgb,pca_block,True,COMPLETE
88,-0.00029636778528222923,2025-12-08 16:31:39.587243,2025-12-08 16:31:57.583885,0 days 00:00:17.996642,0.3902680325229568,0.03372177794249592,7,4,2053,1.1164217920637403,0.17312605353110322,0.8049129757988025,extensive,final,xgb,pca_block,True,COMPLETE
89,-0.019730490803368566,2025-12-08 16:31:57.585150,2025-12-08 16:32:26.937177,0 days 00:00:29.352027,0.3712671335705482,0.028087742403569652,7,4,2001,0.5837125877722269,0.17172390634850562,0.8032347218981507,extensive,final,xgb,pca_block,True,COMPLETE
90,-0.0016559721404409238,2025-12-08 16:32:26.937177,2025-12-08 16:32:33.789585,0 days 00:00:06.852408,0.30201881118002893,0.03322272204575147,7,4,1574,4.227632462204315,0.2020975938635776,0.8185758518640869,extensive,final,xgb,pca_block,True,COMPLETE
91,-0.0006785637226519592,2025-12-08 16:32:33.789585,2025-12-08 16:32:41.210569,0 days 00:00:07.420984,0.42934638113179485,0.024161711386374317,6,2,1712,1.1336788744235773,0.3421210711094232,0.8354461050882561,extensive,final,xgb,pca_block,True,COMPLETE
92,-3.3511914965256295e-07,2025-12-08 16:32:41.211146,2025-12-08 16:32:51.037444,0 days 00:00:09.826298,0.7509375440003756,0.021949767803276586,7,7,2271,1.0913181421278353,0.256376723161842,0.8550357102913244,extensive,final,xgb,pca_block,True,COMPLETE
93,-0.0026238883912266995,2025-12-08 16:32:51.038836,2025-12-08 16:33:01.973708,0 days 00:00:10.934872,0.7975968623187181,0.02108700191922462,7,5,2298,0.8372887210713695,0.261618063402339,0.8567111979577244,extensive,final,xgb,pca_block,True,COMPLETE
94,-0.0015445326244485358,2025-12-08 16:33:01.974212,2025-12-08 16:33:11.111845,0 days 00:00:09.137633,0.7612079581140808,0.01771884929216584,7,6,2227,1.541840366565006,0.17424387845683673,0.789868955268144,extensive,final,xgb,pca_block,True,COMPLETE
95,-0.0016559721404409238,2025-12-08 16:33:11.111845,2025-12-08 16:33:19.425139,0 days 00:00:08.313294,0.5182773098222491,0.039464453587679395,6,4,2030,1.7368824072055102,0.12275192356215858,0.8646956878540375,extensive,final,xgb,pca_block,True,COMPLETE
96,-0.0014136092855493072,2025-12-08 16:33:19.426145,2025-12-08 16:33:29.687031,0 days 00:00:10.260886,0.7129110456641169,0.03421424595268434,7,3,2488,1.3544219124982413,0.22557780626432755,0.8888159562762666,extensive,final,xgb,pca_block,True,COMPLETE
97,-0.000739810595385304,2025-12-08 16:33:29.688108,2025-12-08 16:33:37.791688,0 days 00:00:08.103580,0.8351540393156285,0.025327390341691784,6,6,1821,0.9771644864863787,0.2952200128054746,0.8464117771899413,extensive,final,xgb,pca_block,True,COMPLETE
98,-0.00040716483810513776,2025-12-08 16:33:37.791688,2025-12-08 16:33:46.759588,0 days 00:00:08.967900,0.7479216590414289,0.049432284763322135,7,2,2104,1.251273551938563,0.40380085928094317,0.8142818022425083,extensive,final,xgb,pca_block,True,COMPLETE
99,-0.001393331930289084,2025-12-08 16:33:46.760593,2025-12-08 16:33:55.700000,0 days 00:00:08.939407,0.6981184103908417,0.029145020945981277,7,5,1943,0.9024878068764334,0.36647337049574585,0.39419848241541955,extensive,final,xgb,pca_block,True,COMPLETE
100,-0.0004183913205355975,2025-12-08 16:33:55.700000,2025-12-08 16:34:05.676707,0 days 00:00:09.976707,0.6169201367695626,0.021087771076500162,6,7,2375,1.1222594088764362,3.4997204944346296,0.8742782022591418,extensive,final,xgb,pca_block,True,COMPLETE
101,0.00010557242655144054,2025-12-08 16:34:05.677853,2025-12-08 16:34:14.991303,0 days 00:00:09.313450,0.727138143843289,0.03130755750771319,7,7,2193,1.1009367998328308,0.4364072661318899,0.8318715341972541,extensive,final,xgb,pca_block,True,COMPLETE
102,-0.0013135411225056275,2025-12-08 16:34:14.991303,2025-12-08 16:34:25.896253,0 days 00:00:10.904950,0.675494880161862,0.030720144083747604,7,7,2695,1.40801092721507,0.4880858697814917,0.8264415199581815,extensive,final,xgb,pca_block,True,COMPLETE
103,-0.010477397940562275,2025-12-08 16:34:25.897206,2025-12-08 16:34:37.144587,0 days 00:00:11.247381,0.727565914203225,0.027861487977531664,7,6,2161,0.7276952730100348,0.261310373182795,0.7964376211092854,extensive,final,xgb,pca_block,True,COMPLETE
104,-0.00015204213794857888,2025-12-08 16:34:37.145631,2025-12-08 16:34:38.899011,0 days 00:00:01.753380,0.7836903462815195,0.039916947304769454,7,8,291,1.0479588258119488,0.312623990982083,0.8548787882219193,extensive,final,xgb,pca_block,True,COMPLETE
105,-0.0010148327739932423,2025-12-08 16:34:38.899011,2025-12-08 16:34:40.591548,0 days 00:00:01.692537,0.7795581057616249,0.044285456462013,6,9,342,1.2603820581930523,0.4255832186823979,0.8999027230281729,extensive,final,xgb,pca_block,True,COMPLETE
106,-0.0102098825657857,2025-12-08 16:34:40.591548,2025-12-08 16:34:47.862775,0 days 00:00:07.271227,0.77098726109342,0.01916962877569375,7,8,915,0.5976822239575859,0.3287887496875048,0.5872387894520694,extensive,final,xgb,pca_block,True,COMPLETE
107,-0.0016559721404409238,2025-12-08 16:34:47.863896,2025-12-08 16:34:52.229011,0 days 00:00:04.365115,0.7492752871119024,0.03871049611962832,6,8,1000,4.796460292945328,0.2982694971109879,0.5461502487256656,extensive,final,xgb,pca_block,True,COMPLETE
108,-0.0003996978522984677,2025-12-08 16:34:52.229959,2025-12-08 16:35:02.246601,0 days 00:00:10.016642,0.8053831226004186,0.023165290988744817,7,7,2334,1.0048316727888378,0.37533612562754115,0.8598637861819095,extensive,final,xgb,pca_block,True,COMPLETE
109,-0.0016646012392903902,2025-12-08 16:35:02.246601,2025-12-08 16:35:04.965541,0 days 00:00:02.718940,0.785282152150584,0.03175269364367708,7,9,589,1.607807984009308,0.6415834971774754,0.780315544560308,extensive,final,xgb,pca_block,True,COMPLETE
110,-0.09514000292219242,2025-12-08 16:35:04.965541,2025-12-08 16:35:15.735919,0 days 00:00:10.770378,0.6507728733122493,0.040938626034411375,7,8,1260,0.3863847973706176,0.24227167270045288,0.8430204612968195,extensive,final,xgb,pca_block,True,COMPLETE
111,-0.0006354735206300921,2025-12-08 16:35:15.736425,2025-12-08 16:35:26.563931,0 days 00:00:10.827506,0.7640039205675851,0.03354513750219737,7,5,2595,1.1499608671397377,0.15902621410316614,0.8849958516782721,extensive,final,xgb,pca_block,True,COMPLETE
112,-0.0010568855441754899,2025-12-08 16:35:26.565062,2025-12-08 16:35:37.165162,0 days 00:00:10.600100,0.3878194691933556,0.015999452574985414,7,7,2227,0.8383780844219165,0.1843712474221202,0.8297546413484298,extensive,final,xgb,pca_block,True,COMPLETE
113,-0.0006709681142870553,2025-12-08 16:35:37.165759,2025-12-08 16:35:40.297527,0 days 00:00:03.131768,0.7251052425233802,0.026997221000895237,7,3,594,1.0400235858841644,0.4622641343014688,0.8136661027879835,extensive,final,xgb,pca_block,True,COMPLETE
114,-0.0007223966634660369,2025-12-08 16:35:40.298568,2025-12-08 16:35:50.469093,0 days 00:00:10.170525,0.4667025586425472,0.03609511019491895,6,6,2456,1.1998790194682425,0.2880860864571531,0.8512832008496704,extensive,final,xgb,pca_block,True,COMPLETE
115,-0.0005916103049474764,2025-12-08 16:35:50.469601,2025-12-08 16:36:04.982268,0 days 00:00:14.512667,0.816100884026141,0.002828550356681543,7,7,2832,0.897669361262051,0.23319315443620717,0.8748477634259989,extensive,final,xgb,pca_block,True,COMPLETE
116,-0.0013496614549393104,2025-12-08 16:36:04.982268,2025-12-08 16:36:13.479866,0 days 00:00:08.497598,0.7413702260559881,0.021791432266612128,6,5,2050,1.3581800174967593,0.19413583626782738,0.8594646685981351,extensive,final,xgb,pca_block,True,COMPLETE
117,-0.00019596752724641378,2025-12-08 16:36:13.481028,2025-12-08 16:36:22.201533,0 days 00:00:08.720505,0.7539974023056263,0.025724343501767312,8,6,1961,1.044155942120028,0.34176814822235535,0.8412315245160495,extensive,final,xgb,pca_block,True,COMPLETE
118,-0.0016559721404409238,2025-12-08 16:36:22.201533,2025-12-08 16:36:30.301297,0 days 00:00:08.099764,0.7972325385935269,0.025692081905096326,8,7,1964,3.2152152991996106,0.3401724049793115,0.44976612973598884,extensive,final,xgb,pca_block,True,COMPLETE
119,-0.003452822707415315,2025-12-08 16:36:30.302108,2025-12-08 16:36:39.966795,0 days 00:00:09.664687,0.7564655731697714,0.02378650651424233,8,8,1807,0.7448942976880706,0.5633005594265632,0.842219303725909,extensive,final,xgb,pca_block,True,COMPLETE
120,-0.0016594727470831128,2025-12-08 16:36:39.966795,2025-12-08 16:36:50.279561,0 days 00:00:10.312766,0.7004227457746285,0.01855688593906304,8,6,2524,1.4779334429495368,0.42969329241505083,0.8659083980847853,extensive,final,xgb,pca_block,True,COMPLETE
121,-0.0002687945706040251,2025-12-08 16:36:50.280562,2025-12-08 16:36:59.524522,0 days 00:00:09.243960,0.5866526641353302,0.02939197590959263,7,7,2141,1.0874716145305268,0.38087807605643653,0.8237446417410346,extensive,final,xgb,pca_block,True,COMPLETE
122,0.00014472370270805315,2025-12-08 16:36:59.525110,2025-12-08 16:37:08.800336,0 days 00:00:09.275226,0.589971617725788,0.02889760848608309,7,7,2140,1.018959043862721,0.32428753387911896,0.8351454314473299,extensive,final,xgb,pca_block,True,COMPLETE
123,-0.0005668667509019695,2025-12-08 16:37:08.800876,2025-12-08 16:37:18.670281,0 days 00:00:09.869405,0.586569451674205,0.02989610230151167,7,6,2287,1.0091775839759687,0.3733183758471834,0.8215435594657614,extensive,final,xgb,pca_block,True,COMPLETE
124,-0.0008706356543645525,2025-12-08 16:37:18.671089,2025-12-08 16:37:27.737628,0 days 00:00:09.066539,0.5454996058868862,0.027309179350205413,7,7,2149,1.2667662287915125,0.32278329740353306,0.8299330855569744,extensive,final,xgb,pca_block,True,COMPLETE
125,-0.0008339613413154146,2025-12-08 16:37:27.738638,2025-12-08 16:37:38.678427,0 days 00:00:10.939789,0.5613204098130279,0.019910373678090662,8,8,2203,0.9133795246787807,0.5181379443202294,0.638124324788921,extensive,final,xgb,pca_block,True,COMPLETE
126,-0.010865219010975924,2025-12-08 16:37:38.679428,2025-12-08 16:37:53.541191,0 days 00:00:14.861763,0.5968507207189906,0.02527879400377375,7,9,3013,0.6590032336159769,0.36780691336004034,0.8796270274579671,extensive,final,xgb,pca_block,True,COMPLETE
127,-0.0035162857118281967,2025-12-08 16:37:53.541191,2025-12-08 16:38:05.085666,0 days 00:00:11.544475,0.6209239077082475,0.031096191675352353,8,7,2375,0.8269931092171869,0.4533443759237928,0.7529051884395155,extensive,final,xgb,pca_block,True,COMPLETE
128,-0.0016559721404409238,2025-12-08 16:38:05.091013,2025-12-08 16:38:12.825258,0 days 00:00:07.734245,0.5915097879115965,0.02209152370210118,7,6,1885,2.682379389128347,0.39659180358307455,0.8547467914350844,extensive,final,xgb,pca_block,True,COMPLETE
129,-0.0004850394319626898,2025-12-08 16:38:12.826787,2025-12-08 16:38:19.723062,0 days 00:00:06.896275,0.5825655071880179,0.028557047624648793,7,10,1585,1.0886739611075118,0.30338668091782756,0.8904814817043336,extensive,final,xgb,pca_block,True,COMPLETE
130,-0.00024042552784582968,2025-12-08 16:38:19.724240,2025-12-08 16:38:28.420934,0 days 00:00:08.696694,0.6323453610322273,0.006564193372671071,8,1,1745,0.973872463370272,6.246756123717705,0.8085336870622744,extensive,final,xgb,pca_block,True,COMPLETE
131,-0.0006444762337758,2025-12-08 16:38:28.422320,2025-12-08 16:38:37.017811,0 days 00:00:08.595491,0.6341812332162803,0.006417346477651067,8,2,1727,0.9563069308443177,12.88500986575188,0.8380635168158699,extensive,final,xgb,pca_block,True,COMPLETE
132,-0.001150132318042581,2025-12-08 16:38:37.017811,2025-12-08 16:38:43.717478,0 days 00:00:06.699667,0.6082405299963494,0.005639435516824165,8,1,1465,1.2195307411742424,2.8114100845230956,0.8093837708921868,extensive,final,xgb,pca_block,True,COMPLETE
133,-0.0005990223928718693,2025-12-08 16:38:43.718482,2025-12-08 16:38:52.675612,0 days 00:00:08.957130,0.5713244880364606,0.0076317833897881745,8,1,1936,1.0489869007291661,8.402837619743718,0.7932687019149098,extensive,final,xgb,pca_block,True,COMPLETE
134,-0.0014354855536437376,2025-12-08 16:38:52.676613,2025-12-08 16:39:01.112684,0 days 00:00:08.436071,0.7167284452297477,0.008636091420436077,7,1,2011,1.3178662784626383,19.763213893766242,0.8691977086645908,extensive,final,xgb,pca_block,True,COMPLETE
135,-0.010541633704813128,2025-12-08 16:39:01.112684,2025-12-08 16:39:11.876544,0 days 00:00:10.763860,0.6746244260790216,0.006624069950773525,3,6,1835,0.5147152403302938,7.333722955989891,0.8217892786265755,extensive,final,xgb,pca_block,True,COMPLETE
136,-0.0010750990564376932,2025-12-08 16:39:11.877560,2025-12-08 16:39:14.294349,0 days 00:00:02.416789,0.7387519446270917,0.0049492377131099925,7,8,217,0.7857125235996005,1.8441592025104956,0.850845860856554,extensive,final,xgb,pca_block,True,COMPLETE
137,-0.00045476804052935194,2025-12-08 16:39:14.294349,2025-12-08 16:39:22.407991,0 days 00:00:08.113642,0.7711095215236243,0.023896321004285886,8,7,1665,0.9083462543207813,1.4600526325505658,0.8343120558615328,extensive,final,xgb,pca_block,True,COMPLETE
138,-0.00032828612636589166,2025-12-08 16:39:22.407991,2025-12-08 16:39:32.449702,0 days 00:00:10.041711,0.7528961150350306,0.026068676760512437,7,6,2327,1.1507950832250424,3.8700636520270417,0.6784205536905834,extensive,final,xgb,pca_block,True,COMPLETE
139,-0.0015742288421037494,2025-12-08 16:39:32.450708,2025-12-08 16:39:41.542157,0 days 00:00:09.091449,0.727168712474475,0.004131131730510898,7,2,2203,1.4153676615997683,5.080265876790652,0.7764798422526872,extensive,final,xgb,pca_block,True,COMPLETE
140,-4.0878133050537e-05,2025-12-08 16:39:41.542157,2025-12-08 16:39:47.860166,0 days 00:00:06.318009,0.6921112355724741,0.0370608597843069,7,7,1383,1.064224453625278,0.26881426289110805,0.7622533608774326,extensive,final,xgb,pca_block,True,COMPLETE
141,-3.158710849981983e-05,2025-12-08 16:39:47.863125,2025-12-08 16:39:55.658348,0 days 00:00:07.795223,0.7102883512779476,0.03366070815409635,7,7,1756,1.0543699999160652,0.34085739643951307,0.7390868881252026,extensive,final,xgb,pca_block,True,COMPLETE
142,-0.0008394995392463726,2025-12-08 16:39:55.659347,2025-12-08 16:40:02.174213,0 days 00:00:06.514866,0.7066621335570359,0.035578351166570946,7,8,1357,0.9494808919452506,0.2554370831271133,0.7094478099529673,extensive,final,xgb,pca_block,True,COMPLETE
143,-0.00029888391931446695,2025-12-08 16:40:02.174213,2025-12-08 16:40:09.387866,0 days 00:00:07.213653,0.6967510797392579,0.03758148505980422,7,7,1573,1.032968213958973,0.34124297680596566,0.7336443427046626,extensive,final,xgb,pca_block,True,COMPLETE
144,-0.00040842115656303246,2025-12-08 16:40:09.387866,2025-12-08 16:40:16.928042,0 days 00:00:07.540176,0.6840405701319306,0.04428787044434364,7,6,1756,1.2053774349853954,0.2762605344315637,0.743647482912896,extensive,final,xgb,pca_block,True,COMPLETE
145,-0.0013718414194195578,2025-12-08 16:40:16.928042,2025-12-08 16:40:24.764434,0 days 00:00:07.836392,0.6611573099318976,0.03271814724141727,8,8,1678,0.8446148268912472,0.2179178582421191,0.8617844024981371,extensive,final,xgb,pca_block,True,COMPLETE
146,-0.0011828055025751756,2025-12-08 16:40:24.764434,2025-12-08 16:40:32.797446,0 days 00:00:08.033012,0.7170962041568508,0.017052083999889077,7,9,1917,1.3295069399971058,0.3240442750536229,0.8103913091758682,extensive,final,xgb,pca_block,True,COMPLETE
147,-0.007930148944979084,2025-12-08 16:40:32.797446,2025-12-08 16:40:39.573419,0 days 00:00:06.775973,0.7437389045396874,0.03099352618988037,6,6,1174,0.6874688914994249,0.48287508584118993,0.7630971907461845,extensive,final,xgb,pca_block,True,COMPLETE
148,-0.0005556625110804866,2025-12-08 16:40:39.573924,2025-12-08 16:40:48.103361,0 days 00:00:08.529437,0.7344481054380951,0.01285223973777834,7,7,1787,1.006086009507928,0.4145468958153007,0.6984848443895357,extensive,final,xgb,pca_block,True,COMPLETE
149,-0.0005245542605784766,2025-12-08 16:40:48.103361,2025-12-08 16:40:54.199926,0 days 00:00:06.096565,0.7815033854015325,0.034935983346036564,7,8,1378,1.2137975807073629,0.28684501007176827,0.7630597635679754,extensive,final,xgb,pca_block,True,COMPLETE
150,-0.0016559721404409238,2025-12-08 16:40:54.200953,2025-12-08 16:40:58.765363,0 days 00:00:04.564410,0.6449565191665051,0.04152689735045734,7,5,1023,2.4314552977451016,0.3427509255438822,0.7216396742315105,extensive,final,xgb,pca_block,True,COMPLETE
151,-0.0011072502610339023,2025-12-08 16:40:58.766375,2025-12-08 16:41:09.232807,0 days 00:00:10.466432,0.7656863399977486,0.0013266534004191964,7,7,2130,1.088682966746088,0.3795816438252217,0.7343398842765211,extensive,final,xgb,pca_block,True,COMPLETE
152,0.00020360741073610633,2025-12-08 16:41:09.232807,2025-12-08 16:41:18.044217,0 days 00:00:08.811410,0.7526023682460655,0.02694869996231326,7,7,1988,1.1038028930193537,0.3052858504786723,0.8463281900171201,extensive,final,xgb,pca_block,True,COMPLETE
153,-7.989408936226461e-05,2025-12-08 16:41:18.044217,2025-12-08 16:41:27.134319,0 days 00:00:09.090102,0.7271049730965667,0.027479647141137573,7,6,2003,0.9594165968290249,0.25388264702741414,0.8454425580603476,extensive,final,xgb,pca_block,True,COMPLETE
154,-0.0016559721404409238,2025-12-08 16:41:27.134836,2025-12-08 16:41:35.553037,0 days 00:00:08.418201,0.7529364530844963,0.027493942898452712,7,6,1993,3.684689679445626,0.26416148616778723,0.8432824112872522,extensive,final,xgb,pca_block,True,COMPLETE
155,-0.0010767431191320103,2025-12-08 16:41:35.553037,2025-12-08 16:41:44.554048,0 days 00:00:09.001011,0.7300829425951605,0.024330374058077812,7,5,2088,1.2775414208225817,0.24251913974267153,0.8687528829920659,extensive,final,xgb,pca_block,True,COMPLETE
156,-0.0007066634743412662,2025-12-08 16:41:44.555889,2025-12-08 16:41:52.649346,0 days 00:00:08.093457,0.7166291635507666,0.02055766568679454,6,7,1896,1.1439693675700124,0.2980033443396546,0.8811268700641491,extensive,final,xgb,pca_block,True,COMPLETE
157,-0.0013275100571483733,2025-12-08 16:41:52.649346,2025-12-08 16:42:03.237076,0 days 00:00:10.587730,0.7631344450080203,0.0225692810844384,7,7,2280,0.8843997928324903,0.2237247799773395,0.8573352508895921,extensive,final,xgb,pca_block,True,COMPLETE
158,-0.0009849665636749345,2025-12-08 16:42:03.237076,2025-12-08 16:42:07.787276,0 days 00:00:04.550200,0.7491781608023409,0.02844506380297149,7,6,775,0.7922681537098311,0.31317283648078026,0.8464734878927872,extensive,final,xgb,pca_block,True,COMPLETE
159,-0.001634082315349043,2025-12-08 16:42:07.788863,2025-12-08 16:42:16.169158,0 days 00:00:08.380295,0.6887460905876374,0.032206185031267015,7,6,1995,1.5407248756692682,0.42115236588899324,0.834565324250561,extensive,final,xgb,pca_block,True,COMPLETE
160,-0.0016075635134827533,2025-12-08 16:42:16.169158,2025-12-08 16:42:23.982913,0 days 00:00:07.813755,0.7019346308491392,0.024301365199418126,7,8,1852,1.4051817558522215,0.26343956235992655,0.8752775859194134,extensive,final,xgb,pca_block,True,COMPLETE
161,-0.00033728690572158254,2025-12-08 16:42:23.982913,2025-12-08 16:42:31.998241,0 days 00:00:08.015328,0.7405826417633237,0.02568613808307754,8,7,1627,0.9462157850597909,0.9817309917055866,0.7991145732415286,extensive,final,xgb,pca_block,True,COMPLETE
162,-0.0002206051782917736,2025-12-08 16:42:31.998241,2025-12-08 16:42:39.873697,0 days 00:00:07.875456,0.7247407805086933,0.037308178160681986,8,8,1739,1.0221856058909553,0.3383690325403973,0.8520063409170605,extensive,final,xgb,pca_block,True,COMPLETE
163,9.632713133833626e-05,2025-12-08 16:42:39.873697,2025-12-08 16:42:48.622194,0 days 00:00:08.748497,0.7242364530165322,0.03680285246548926,7,8,2039,1.0457807467983804,0.3493483918931483,0.8536866844122711,extensive,final,xgb,pca_block,True,COMPLETE
164,-0.0006024393237161382,2025-12-08 16:42:48.623190,2025-12-08 16:42:57.450950,0 days 00:00:08.827760,0.7253355311500863,0.037754483094170746,7,9,2065,1.0762193293324969,0.314243869739605,0.32610040121196626,extensive,final,xgb,pca_block,True,COMPLETE
165,-8.07289178525276e-05,2025-12-08 16:42:57.450950,2025-12-08 16:43:08.040776,0 days 00:00:10.589826,0.7136838539450113,0.03532230307773883,7,8,2441,1.1903326500604587,0.35205664387462754,0.8534483728553038,extensive,final,xgb,pca_block,True,COMPLETE
166,-0.00024902251217003474,2025-12-08 16:43:08.040776,2025-12-08 16:43:18.170780,0 days 00:00:10.130004,0.7139894408204231,0.03415720320710616,7,9,2396,1.2191825026385124,0.33645049834938745,0.8281369276622741,extensive,final,xgb,pca_block,True,COMPLETE
167,-0.00013882963755647756,2025-12-08 16:43:18.170780,2025-12-08 16:43:28.506775,0 days 00:00:10.335995,0.7308755992305451,0.04561671490015735,7,8,2427,1.0140212782935931,0.27466577685266147,0.8435260396854345,extensive,final,xgb,pca_block,True,COMPLETE
168,-0.002416568077643159,2025-12-08 16:43:28.506775,2025-12-08 16:43:40.289665,0 days 00:00:11.782890,0.7773328167151192,0.04599989773925217,7,8,2662,0.8706920260483509,0.2936886810254467,0.844329174816633,extensive,final,xgb,pca_block,True,COMPLETE
