number,value,datetime_start,datetime_complete,duration,params_xgb_colsample_bytree,params_xgb_learning_rate,params_xgb_max_depth,params_xgb_min_child_weight,params_xgb_n_estimators,params_xgb_reg_alpha,params_xgb_reg_lambda,params_xgb_subsample,user_attrs_feat_level,user_attrs_label,user_attrs_model_type,user_attrs_pca_mode,user_attrs_use_PCA,state
254,-0.0005581151581850093,2025-12-08 16:58:07.907075,2025-12-08 16:58:17.222762,0 days 00:00:09.315687,0.7096042873757369,0.03037359907051004,7,10,2063,1.0037515498235416,0.23710935413058892,0.8606929189526119,extensive,final,xgb,pca_block,True,COMPLETE
255,-0.00923763405092067,2025-12-08 16:58:17.222762,2025-12-08 16:58:29.273593,0 days 00:00:12.050831,0.6787049387656285,0.03281612172247657,7,10,2242,0.686246817306527,0.30300626454162344,0.8314923968678807,extensive,final,xgb,pca_block,True,COMPLETE
256,-0.00021697213926038147,2025-12-08 16:58:29.274594,2025-12-08 16:58:38.313102,0 days 00:00:09.038508,0.7220222668241002,0.039378527377118666,7,11,1943,1.208965501915878,0.20132670839188258,0.8362891637023169,extensive,final,xgb,pca_block,True,COMPLETE
257,-0.0010194779321371916,2025-12-08 16:58:38.314107,2025-12-08 16:58:48.586187,0 days 00:00:10.272080,0.6962430789480714,0.041450770634765884,7,9,2159,0.9026693165508887,0.27120792541266736,0.8495947089562125,extensive,final,xgb,pca_block,True,COMPLETE
258,-4.923334839549801e-05,2025-12-08 16:58:48.586187,2025-12-08 16:58:59.275812,0 days 00:00:10.689625,0.5697702315435954,0.02887144906778182,7,10,2353,1.053575379883802,0.22577218444670277,0.8189676227347307,extensive,final,xgb,pca_block,True,COMPLETE
259,-0.0004240134052266494,2025-12-08 16:58:59.275812,2025-12-08 16:59:10.555242,0 days 00:00:11.279430,0.7403999568926672,0.025647699224758586,7,9,2482,0.9797803849024054,0.3225203099851158,0.8720906138879222,extensive,final,xgb,pca_block,True,COMPLETE
260,-0.0012715586480621284,2025-12-08 16:59:10.556480,2025-12-08 16:59:19.672785,0 days 00:00:09.116305,0.6854769257097943,0.035911859117581615,7,11,2090,1.3075228223149353,0.24907229079482926,0.8858818311626387,extensive,final,xgb,pca_block,True,COMPLETE
261,-0.00029634053643827024,2025-12-08 16:59:19.673785,2025-12-08 16:59:31.205078,0 days 00:00:11.531293,0.7110700592369631,0.049901356296838895,7,10,2597,1.1399359128181255,0.18480024001567738,0.8605336265726282,extensive,final,xgb,pca_block,True,COMPLETE
262,-0.0028259756480918017,2025-12-08 16:59:31.206192,2025-12-08 16:59:42.342165,0 days 00:00:11.135973,0.7326193182228753,0.03282260845615681,7,12,2295,0.824334965820962,0.35494466620578086,0.8395679068069568,extensive,final,xgb,pca_block,True,COMPLETE
263,-0.0003561181196556351,2025-12-08 16:59:42.342165,2025-12-08 16:59:52.362192,0 days 00:00:10.020027,0.6974274931073045,0.029583786317120084,7,9,2210,1.060580411670887,0.2121133370847466,0.8082260599738188,extensive,final,xgb,pca_block,True,COMPLETE
264,-0.00023674320924849113,2025-12-08 16:59:52.363192,2025-12-08 17:00:01.058668,0 days 00:00:08.695476,0.7226243540560202,0.027474880300498654,7,10,1982,1.1942207119878132,0.2896981237670497,0.8233111895486002,extensive,final,xgb,pca_block,True,COMPLETE
265,-0.00031825643667833986,2025-12-08 17:00:01.059668,2025-12-08 17:00:12.076424,0 days 00:00:11.016756,0.708833534170342,0.04601167721337897,7,11,2449,0.9426490565347113,0.26536669654053563,0.8504622858395087,extensive,final,xgb,pca_block,True,COMPLETE
266,-6.163267075239472e-05,2025-12-08 17:00:12.077803,2025-12-08 17:00:21.697461,0 days 00:00:09.619658,0.6741764107328995,0.036256502459467065,7,9,2139,1.0815764613330563,0.1499652494298625,0.8426882297377102,extensive,final,xgb,pca_block,True,COMPLETE
267,-0.00116959935188643,2025-12-08 17:00:21.697461,2025-12-08 17:00:31.633662,0 days 00:00:09.936201,0.6069427262786634,0.03207820573991244,7,10,2328,1.320119583292487,0.2306789874775558,0.8687730812990044,extensive,final,xgb,pca_block,True,COMPLETE
268,-0.0007686412071243135,2025-12-08 17:00:31.633662,2025-12-08 17:00:41.073823,0 days 00:00:09.440161,0.6899434701704208,0.04037234841644419,7,10,2040,0.9012175995910426,0.31215166002413963,0.8268646577893116,extensive,final,xgb,pca_block,True,COMPLETE
269,-0.0001233904425886149,2025-12-08 17:00:41.073823,2025-12-08 17:00:51.042919,0 days 00:00:09.969096,0.7461865486881738,0.030197086703727716,7,9,2244,1.0122726850676635,0.1940836458835357,0.8524282370987502,extensive,final,xgb,pca_block,True,COMPLETE
270,-0.0004828089908681295,2025-12-08 17:00:51.042919,2025-12-08 17:01:01.370743,0 days 00:00:10.327824,0.7290251124276379,0.025310632618816956,7,11,2403,1.217230193864543,0.28403625443869857,0.8346142437207333,extensive,final,xgb,pca_block,True,COMPLETE
271,0.0001417020858282362,2025-12-08 17:01:01.371813,2025-12-08 17:01:12.382718,0 days 00:00:11.010905,0.7544377155586188,0.03389144834723623,7,10,2539,1.1033333797838478,0.377700792332313,0.8621102515992669,extensive,final,xgb,pca_block,True,COMPLETE
272,-0.002714835387610156,2025-12-08 17:01:12.382718,2025-12-08 17:01:24.104222,0 days 00:00:11.721504,0.7153220845368522,0.034366568333263625,7,10,2501,0.7887143998603544,0.35839280792363665,0.8799853266309261,extensive,final,xgb,pca_block,True,COMPLETE
273,0.00032352487321033835,2025-12-08 17:01:24.105256,2025-12-08 17:01:35.943770,0 days 00:00:11.838514,0.7663798060592544,0.037959192867148515,7,10,2639,1.133115131233652,0.41569170802037414,0.8618432580598355,extensive,final,xgb,pca_block,True,COMPLETE
274,-0.00024169126252767312,2025-12-08 17:01:35.944770,2025-12-08 17:01:47.812266,0 days 00:00:11.867496,0.7593958814774515,0.04206926822500431,7,11,2741,1.1607009299585014,0.394583408966487,0.8671611880213657,extensive,final,xgb,pca_block,True,COMPLETE
275,-0.0012363379298002315,2025-12-08 17:01:47.813278,2025-12-08 17:01:58.175156,0 days 00:00:10.361878,0.7738267732110915,0.038231032742452147,7,9,2432,1.3238792135285407,0.38106387719368745,0.8927672380178122,extensive,final,xgb,pca_block,True,COMPLETE
276,-0.0013050532129184795,2025-12-08 17:01:58.175156,2025-12-08 17:02:09.886549,0 days 00:00:11.711393,0.7685178162531461,0.03557789721372994,7,10,2696,1.3905022058737637,0.35626172044401355,0.8606924225292155,extensive,final,xgb,pca_block,True,COMPLETE
277,-0.00046848250400669905,2025-12-08 17:02:09.887847,2025-12-08 17:02:21.833973,0 days 00:00:11.946126,0.74920075402302,0.04459189376716815,7,10,2657,0.9682899084283094,0.3161481876071034,0.8103619793977228,extensive,final,xgb,pca_block,True,COMPLETE
278,-0.0003039691464556589,2025-12-08 17:02:21.833973,2025-12-08 17:02:32.367078,0 days 00:00:10.533105,0.7381241176680322,0.03926082853506876,7,9,2520,1.2369814911957568,0.39222483191271895,0.8559837435503964,extensive,final,xgb,pca_block,True,COMPLETE
279,-0.0010665167792640966,2025-12-08 17:02:32.368078,2025-12-08 17:02:44.225294,0 days 00:00:11.857216,0.7602863075990061,0.0018028849709315134,7,9,2598,1.1250700980635253,0.43957778569795225,0.8774026842186554,extensive,final,xgb,pca_block,True,COMPLETE
280,-0.000847705001442082,2025-12-08 17:02:44.225294,2025-12-08 17:02:55.969026,0 days 00:00:11.743732,0.7291882053141123,0.033240826179759556,7,11,2541,0.876002754021495,0.3370228462058648,0.8310881122527373,extensive,final,xgb,pca_block,True,COMPLETE
281,8.644242966741415e-05,2025-12-08 17:02:55.969026,2025-12-08 17:03:07.614301,0 days 00:00:11.645275,0.752872136287546,0.0374509038929761,7,10,2629,1.0066318086828332,0.29635230968889975,0.842606884945929,extensive,final,xgb,pca_block,True,COMPLETE
282,-0.02633533803901848,2025-12-08 17:03:07.614301,2025-12-08 17:03:22.321804,0 days 00:00:14.707503,0.7888842674759432,0.042535559726284665,7,13,2689,0.6121443765241781,0.3228540916895799,0.818242159342001,extensive,final,xgb,pca_block,True,COMPLETE
283,0.00031476455164203276,2025-12-08 17:03:22.322814,2025-12-08 17:03:33.835297,0 days 00:00:11.512483,0.7501187791926532,0.03709906868474619,7,10,2615,0.9769374462366718,0.30107096263524585,0.8403160700388447,extensive,final,xgb,pca_block,True,COMPLETE
284,-0.015866722241454134,2025-12-08 17:03:33.836373,2025-12-08 17:03:47.618071,0 days 00:00:13.781698,0.7675244827639599,0.03865069535240745,7,10,2753,0.7070872947273301,0.39965931182709835,0.801086664178186,extensive,final,xgb,pca_block,True,COMPLETE
285,-0.0016559721404409238,2025-12-08 17:03:47.618071,2025-12-08 17:03:58.240584,0 days 00:00:10.622513,0.7488691628292815,0.03739168940111024,7,10,2601,4.9727893335363085,0.29877747126453524,0.8386975048987317,extensive,final,xgb,pca_block,True,COMPLETE
286,-0.0020572055719142814,2025-12-08 17:03:58.240584,2025-12-08 17:04:10.115813,0 days 00:00:11.875229,0.755513392966848,0.049918608749043435,7,10,2639,0.8496972612000828,0.3496727502664262,0.8292902936970872,extensive,final,xgb,pca_block,True,COMPLETE
287,-4.299541848144332e-06,2025-12-08 17:04:10.115813,2025-12-08 17:04:21.052270,0 days 00:00:10.936457,0.7684271496740696,0.04520293409983508,7,10,2591,1.0269521738920948,0.2791107050221861,0.8432598351622708,extensive,final,xgb,pca_block,True,COMPLETE
288,-0.0005418366799889718,2025-12-08 17:04:21.052270,2025-12-08 17:04:33.006475,0 days 00:00:11.954205,0.7406768537977864,0.041735525510824156,7,10,2865,1.2401827930866636,0.32683788587236606,0.8166182908271742,extensive,final,xgb,pca_block,True,COMPLETE
289,0.00012781560547943846,2025-12-08 17:04:33.008054,2025-12-08 17:04:44.540960,0 days 00:00:11.532906,0.7825885245238595,0.03663964986919084,7,10,2682,1.0099534361724516,0.30151217120655266,0.8250691889164589,extensive,final,xgb,pca_block,True,COMPLETE
290,-0.000733290353407153,2025-12-08 17:04:44.540960,2025-12-08 17:04:56.306329,0 days 00:00:11.765369,0.7780074751754873,0.0367750149636866,7,10,2750,0.9839179580887527,0.3745024515980278,0.8224531756007981,extensive,final,xgb,pca_block,True,COMPLETE
291,-0.0011503839946488033,2025-12-08 17:04:56.307333,2025-12-08 17:05:08.525682,0 days 00:00:12.218349,0.7845702358204804,0.035606279807346104,7,11,2796,0.8924876622034656,0.3005105345288688,0.8451265367365051,extensive,final,xgb,pca_block,True,COMPLETE
292,-0.0016559721404409238,2025-12-08 17:05:08.525682,2025-12-08 17:05:19.061102,0 days 00:00:10.535420,0.7947492868522452,0.03409143704509979,7,10,2548,4.159584007404709,0.42037197909622187,0.42115843366956557,extensive,final,xgb,pca_block,True,COMPLETE
293,-0.00560429386008902,2025-12-08 17:05:19.061102,2025-12-08 17:05:31.731559,0 days 00:00:12.670457,0.8155973803650276,0.03854454258467448,7,10,2622,0.7901835102822246,0.3382880431556552,0.8081711054662905,extensive,final,xgb,pca_block,True,COMPLETE
294,-0.0006039456426699304,2025-12-08 17:05:31.731559,2025-12-08 17:05:43.105718,0 days 00:00:11.374159,0.7995440577614333,0.03518719398221593,4,11,2659,1.043470608592555,0.28207534823893604,0.8286225560164017,extensive,final,xgb,pca_block,True,COMPLETE
295,-3.7166957374360855e-05,2025-12-08 17:05:43.105718,2025-12-08 17:05:54.012860,0 days 00:00:10.907142,0.7712276542034358,0.032522907521383565,7,10,2543,1.113338310667079,0.31371151576363693,0.8451493009015616,extensive,final,xgb,pca_block,True,COMPLETE
296,-0.0008620445242054631,2025-12-08 17:05:54.014031,2025-12-08 17:06:05.305351,0 days 00:00:11.291320,0.7548113685369329,0.02784795801399575,7,10,2482,0.9398495270451421,0.47075610530464335,0.7970496199883129,extensive,final,xgb,pca_block,True,COMPLETE
297,-0.0016559721404409238,2025-12-08 17:06:05.306351,2025-12-08 17:06:13.247424,0 days 00:00:07.941073,0.8062984757306392,0.00317092944915242,7,9,1913,3.4980087957717623,0.2760221483980697,0.8612081168169344,extensive,final,xgb,pca_block,True,COMPLETE
298,0.00035554771801023694,2025-12-08 17:06:13.248557,2025-12-08 17:06:23.597596,0 days 00:00:10.349039,0.7839538949088121,0.039086798341519194,7,11,2440,1.0255992106930816,0.3568755942363813,0.83502572712523,extensive,final,xgb,pca_block,True,COMPLETE
299,0.00018567674790296676,2025-12-08 17:06:23.597596,2025-12-08 17:06:35.029367,0 days 00:00:11.431771,0.7583467810774009,0.03987336330324296,7,12,2668,1.0126843412635036,0.3724791023336204,0.8245019465654011,extensive,final,xgb,pca_block,True,COMPLETE
