number,value,datetime_start,datetime_complete,duration,params_xgb_colsample_bytree,params_xgb_learning_rate,params_xgb_max_depth,params_xgb_min_child_weight,params_xgb_n_estimators,params_xgb_reg_alpha,params_xgb_reg_lambda,params_xgb_subsample,user_attrs_feat_level,user_attrs_label,user_attrs_model_type,user_attrs_pca_mode,user_attrs_use_PCA,state
251,-0.001599050652797455,2025-12-08 16:04:11.146866,2025-12-08 16:04:20.085107,0 days 00:00:08.938241,0.43926239448390797,0.0017240397372880424,7,6,848,0.3668634943188208,0.2434226686365998,0.35951053704445796,extensive,final,xgb,pca_hybrid,True,COMPLETE
252,-0.0009310937442854236,2025-12-08 16:04:20.085107,2025-12-08 16:04:29.695768,0 days 00:00:09.610661,0.44627155175413447,0.0020937092360905885,7,7,730,0.17999753793141976,0.325493366547056,0.37982732247383766,extensive,final,xgb,pca_hybrid,True,COMPLETE
253,-0.0025697288679780903,2025-12-08 16:04:29.695768,2025-12-08 16:04:39.696326,0 days 00:00:10.000558,0.4425516671274006,0.0020374377297001684,7,7,724,0.10191829093906371,0.3280150667904128,0.37937352807646246,extensive,final,xgb,pca_hybrid,True,COMPLETE
254,-0.0009737753271571078,2025-12-08 16:04:39.697402,2025-12-08 16:04:51.959064,0 days 00:00:12.261662,0.4081089210354049,0.0018102447556986496,7,7,976,0.21389389698991562,0.2133803006276181,0.3686750528218411,extensive,final,xgb,pca_hybrid,True,COMPLETE
255,-0.0014211555710648878,2025-12-08 16:04:51.959064,2025-12-08 16:05:04.597545,0 days 00:00:12.638481,0.38938421545980983,0.0018240964207637273,7,7,994,0.16635856853995057,0.22079393150017665,0.3651998087018312,extensive,final,xgb,pca_hybrid,True,COMPLETE
256,-0.0018668130406531331,2025-12-08 16:05:04.597545,2025-12-08 16:05:15.249361,0 days 00:00:10.651816,0.4064571788732693,0.001911714132808738,7,7,1138,0.4035832856059184,0.1951125600185842,0.32791639725360433,extensive,final,xgb,pca_hybrid,True,COMPLETE
257,-0.00212153358735608,2025-12-08 16:05:15.249875,2025-12-08 16:05:23.532997,0 days 00:00:08.283122,0.45411108146674467,0.0030813161805842903,7,5,1047,0.5330073266294135,0.24033382326204444,0.38124195862906496,extensive,final,xgb,pca_hybrid,True,COMPLETE
258,-0.0024777248258587292,2025-12-08 16:05:23.532997,2025-12-08 16:05:35.065994,0 days 00:00:11.532997,0.40342568604628365,0.0020949071383886356,7,6,852,0.09301832989779019,0.3042505875077174,0.3604190929362845,extensive,final,xgb,pca_hybrid,True,COMPLETE
259,-0.0008152214255039795,2025-12-08 16:05:35.065994,2025-12-08 16:05:44.218623,0 days 00:00:09.152629,0.4441854076624234,0.0027019172391878673,7,7,721,0.180778557727806,0.22381283887577094,0.3324132650198743,extensive,final,xgb,pca_hybrid,True,COMPLETE
260,-0.0016300018937167222,2025-12-08 16:05:44.218623,2025-12-08 16:05:51.869065,0 days 00:00:07.650442,0.4603965788058265,0.002721224136299043,7,7,739,0.3518380989615671,0.2126712418741123,0.31405355630341486,extensive,final,xgb,pca_hybrid,True,COMPLETE
261,-0.001084536565857941,2025-12-08 16:05:51.869065,2025-12-08 16:06:01.735328,0 days 00:00:09.866263,0.4436647302527012,0.0016725927560415274,7,7,770,0.1746546847859132,0.23817852198046072,0.33405555544704435,extensive,final,xgb,pca_hybrid,True,COMPLETE
262,-0.010115156271933786,2025-12-08 16:06:01.736294,2025-12-08 16:06:11.068813,0 days 00:00:09.332519,0.4455837696047796,0.0016806371408890422,7,7,699,0.004972999262231992,0.23767023419679337,0.33079750632292754,extensive,final,xgb,pca_hybrid,True,COMPLETE
263,-0.0018025561679360091,2025-12-08 16:06:11.070016,2025-12-08 16:06:21.899318,0 days 00:00:10.829302,0.4322988836758143,0.0015671703254245078,7,7,803,0.12567984309931834,0.18412155968534283,0.37259824048981055,extensive,final,xgb,pca_hybrid,True,COMPLETE
264,-0.0015898032875992414,2025-12-08 16:06:21.900318,2025-12-08 16:06:30.019532,0 days 00:00:08.119214,0.4391280220237964,0.0018629992290152175,7,7,772,0.3521044988301809,0.2041815991890608,0.3016422543664392,extensive,final,xgb,pca_hybrid,True,COMPLETE
265,-0.0010098271004578645,2025-12-08 16:06:30.019532,2025-12-08 16:06:40.970153,0 days 00:00:10.950621,0.46435711798632534,0.0022095812938326682,7,7,871,0.2004740151077904,0.3718211430453021,0.35811320625638876,extensive,final,xgb,pca_hybrid,True,COMPLETE
266,-0.0017737554799487354,2025-12-08 16:06:40.970153,2025-12-08 16:06:47.692276,0 days 00:00:06.722123,0.4593839563161533,0.002081389668914818,7,7,690,0.46911850066418925,0.36443487588393875,0.3628649391255153,extensive,final,xgb,pca_hybrid,True,COMPLETE
267,-0.0010545260743127411,2025-12-08 16:06:47.692276,2025-12-08 16:06:58.920554,0 days 00:00:11.228278,0.44359126418188355,0.0021823062602220828,7,7,862,0.15722127843207923,0.33056238846236946,0.3322184382779187,extensive,final,xgb,pca_hybrid,True,COMPLETE
268,-0.0015946547629980639,2025-12-08 16:06:58.920962,2025-12-08 16:07:09.723597,0 days 00:00:10.802635,0.45410966108328793,0.0015876485929912597,7,7,775,0.08440183060672689,0.3317235563624349,0.31909594266181074,extensive,final,xgb,pca_hybrid,True,COMPLETE
269,-0.000763567058160608,2025-12-08 16:07:09.723597,2025-12-08 16:07:21.089515,0 days 00:00:11.365918,0.4667623302278334,0.0019823479087359417,7,8,864,0.15374152170546318,0.38912962881896435,0.33370111618894027,extensive,final,xgb,pca_hybrid,True,COMPLETE
270,-0.0011772024426065137,2025-12-08 16:07:21.089515,2025-12-08 16:07:30.943245,0 days 00:00:09.853730,0.4720477787503515,0.001785847987732078,7,8,733,0.1295263873936362,0.3848381124046458,0.33468764372032067,extensive,final,xgb,pca_hybrid,True,COMPLETE
271,-0.0014769161910281141,2025-12-08 16:07:30.943245,2025-12-08 16:07:41.718738,0 days 00:00:10.775493,0.46332520185882653,0.0020166419101690564,7,7,970,0.313458328674917,0.3363379724883009,0.3318309309176705,extensive,final,xgb,pca_hybrid,True,COMPLETE
272,-0.008193969909293367,2025-12-08 16:07:41.719742,2025-12-08 16:07:52.858095,0 days 00:00:11.138353,0.447281201265213,0.0021675101673876303,7,8,821,0.056289107064169286,0.4110267925864318,0.32082156686634306,extensive,final,xgb,pca_hybrid,True,COMPLETE
273,-0.0006723938020645193,2025-12-08 16:07:52.859102,2025-12-08 16:08:01.223411,0 days 00:00:08.364309,0.4435322102988797,0.0018671245654171699,7,7,642,0.16795159515554886,0.3193334302356747,0.3558108132167264,extensive,final,xgb,pca_hybrid,True,COMPLETE
274,-0.0007738950668811547,2025-12-08 16:08:01.224009,2025-12-08 16:08:10.619941,0 days 00:00:09.395932,0.4459923270923113,0.0018870480209021018,7,7,709,0.14589785249013387,0.31173849227237227,0.3855263394075523,extensive,final,xgb,pca_hybrid,True,COMPLETE
275,-0.0010076903620823696,2025-12-08 16:08:10.619941,2025-12-08 16:08:19.793708,0 days 00:00:09.173767,0.4505126530945251,0.0018141941077898626,7,8,678,0.11585432269214417,0.3719821856860876,0.38661708510810955,extensive,final,xgb,pca_hybrid,True,COMPLETE
276,-0.0016009370420832318,2025-12-08 16:08:19.794793,2025-12-08 16:08:28.118125,0 days 00:00:08.323332,0.46289848283203244,0.0017075004504430442,7,8,620,0.11849054307157131,0.367478992344849,0.3724720105749878,extensive,final,xgb,pca_hybrid,True,COMPLETE
277,-0.015845200870546156,2025-12-08 16:08:28.118125,2025-12-08 16:08:36.790929,0 days 00:00:08.672804,0.45109182824567856,0.0018732927609564694,7,8,681,0.0018715794578798295,0.43989244245553677,0.38349717089228275,extensive,final,xgb,pca_hybrid,True,COMPLETE
278,-0.001417475483101412,2025-12-08 16:08:36.791930,2025-12-08 16:08:44.041219,0 days 00:00:07.249289,0.4457108791350682,0.0014769843408268665,7,7,638,0.35878872344980234,0.3211649462599719,0.3900052703818508,extensive,final,xgb,pca_hybrid,True,COMPLETE
279,-0.0007886966257367364,2025-12-08 16:08:44.042223,2025-12-08 16:08:53.477617,0 days 00:00:09.435394,0.4731425644821221,0.0018877013745852288,7,7,729,0.14778849864558452,0.3665782210911919,0.31010212747518257,extensive,final,xgb,pca_hybrid,True,COMPLETE
280,-0.0007468740156425143,2025-12-08 16:08:53.477617,2025-12-08 16:09:02.592088,0 days 00:00:09.114471,0.4720955023046652,0.001771648324371533,7,7,709,0.14572989319252613,0.40262877555447674,0.3026686644299127,extensive,final,xgb,pca_hybrid,True,COMPLETE
281,-0.001214356150485818,2025-12-08 16:09:02.592088,2025-12-08 16:09:10.509203,0 days 00:00:07.917115,0.47005608049724135,0.0017423817646706203,7,7,578,0.11657200465191268,0.4033090249739562,0.31273812115071636,extensive,final,xgb,pca_hybrid,True,COMPLETE
282,-0.0015953169647812127,2025-12-08 16:09:10.510209,2025-12-08 16:09:17.975407,0 days 00:00:07.465198,0.4695873409721747,0.001895980776975363,7,8,684,0.33669051402784994,0.467499093529259,0.30478848168150974,extensive,final,xgb,pca_hybrid,True,COMPLETE
283,-0.0024019974679417113,2025-12-08 16:09:17.976407,2025-12-08 16:09:28.086063,0 days 00:00:10.109656,0.4787945266676263,0.0016347090263670605,7,7,734,0.07745900818488403,0.3621891396769025,0.30157144330729907,extensive,final,xgb,pca_hybrid,True,COMPLETE
284,-0.0017665428907003289,2025-12-08 16:09:28.086063,2025-12-08 16:09:34.580496,0 days 00:00:06.494433,0.46690138821629623,0.0019705187330150446,7,8,670,0.41135250297913867,0.37809138816834686,0.31508707935977515,extensive,final,xgb,pca_hybrid,True,COMPLETE
285,-0.000697658095459556,2025-12-08 16:09:34.580496,2025-12-08 16:09:44.263984,0 days 00:00:09.683488,0.43852893387823666,0.001790199598841165,7,7,768,0.16707020623230853,0.3319059672442527,0.3261241198741544,extensive,final,xgb,pca_hybrid,True,COMPLETE
286,-0.010778974006251163,2025-12-08 16:09:44.263984,2025-12-08 16:09:52.023257,0 days 00:00:07.759273,0.4603159614554853,0.0017874729637484663,7,7,601,0.0023863801263688117,0.3356084501630199,0.3223318716448973,extensive,final,xgb,pca_hybrid,True,COMPLETE
287,-0.0008148195846321427,2025-12-08 16:09:52.023257,2025-12-08 16:10:01.796232,0 days 00:00:09.772975,0.44784886119249917,0.0015059880238578092,7,7,756,0.13501079488362264,0.4282766203014158,0.3285190330226611,extensive,final,xgb,pca_hybrid,True,COMPLETE
288,-0.001483090481881703,2025-12-08 16:10:01.797164,2025-12-08 16:10:10.023664,0 days 00:00:08.226500,0.436138840769366,0.001503623011715923,7,7,749,0.3097788836214634,0.38878532919611214,0.31550874326489253,extensive,final,xgb,pca_hybrid,True,COMPLETE
289,-0.0006336604657954936,2025-12-08 16:10:10.023664,2025-12-08 16:10:19.283094,0 days 00:00:09.259430,0.4552832906709837,0.0019530615065270498,7,8,701,0.12947609908041774,0.4233534919889027,0.38255469881452214,extensive,final,xgb,pca_hybrid,True,COMPLETE
290,-0.0019612664218360276,2025-12-08 16:10:19.284232,2025-12-08 16:10:28.184424,0 days 00:00:08.900192,0.45612589694113514,0.0019476193457877236,7,8,651,0.09925185412537334,0.4488912567399003,0.37318034072745154,extensive,final,xgb,pca_hybrid,True,COMPLETE
291,-0.0017263644257760429,2025-12-08 16:10:28.184424,2025-12-08 16:10:33.395978,0 days 00:00:05.211554,0.4548973089767655,0.0013238498520612815,7,8,707,0.6297941364758834,0.4046986489138457,0.3900432805163342,extensive,final,xgb,pca_hybrid,True,COMPLETE
292,-0.001818256065433288,2025-12-08 16:10:33.395978,2025-12-08 16:10:39.105270,0 days 00:00:05.709292,0.4766551921618789,0.0018074306486550872,7,7,599,0.46561217219915757,0.46914962642390284,0.38100949151246094,extensive,final,xgb,pca_hybrid,True,COMPLETE
293,-0.0020622265798883412,2025-12-08 16:10:39.105270,2025-12-08 16:10:49.284470,0 days 00:00:10.179200,0.4401277001283671,0.001599555008052151,7,8,772,0.09529825896454322,0.505188236656496,0.32321966441567823,extensive,final,xgb,pca_hybrid,True,COMPLETE
294,-0.001217928852725721,2025-12-08 16:10:49.284470,2025-12-08 16:10:58.284775,0 days 00:00:09.000305,0.4840199898556653,0.0019845525902763596,7,7,795,0.29896513356649507,0.36295338590536724,0.30982456674951986,extensive,final,xgb,pca_hybrid,True,COMPLETE
295,-0.0018051988409570896,2025-12-08 16:10:58.284775,2025-12-08 16:11:07.577184,0 days 00:00:09.292409,0.46355686002004126,0.0017984323362680704,7,7,679,0.10317342755958095,0.4117628544983985,0.3951581904504792,extensive,final,xgb,pca_hybrid,True,COMPLETE
296,-0.0011316970327310456,2025-12-08 16:11:07.577184,2025-12-08 16:11:17.074720,0 days 00:00:09.497536,0.44757374023115787,0.002071216360273992,7,8,742,0.15553115515146915,0.3301277242311479,0.32965567985955424,extensive,final,xgb,pca_hybrid,True,COMPLETE
297,-0.001308390584684645,2025-12-08 16:11:17.074720,2025-12-08 16:11:23.916990,0 days 00:00:06.842270,0.4366437492351449,0.0019035191512187428,7,7,578,0.31169551950511615,0.35253448496165934,0.38034578134179425,extensive,final,xgb,pca_hybrid,True,COMPLETE
298,-0.007688731332045211,2025-12-08 16:11:23.916990,2025-12-08 16:11:33.996798,0 days 00:00:10.079808,0.45894749234850135,0.0014335770307379577,7,7,795,0.010103977070056364,0.4212360246872028,0.35862079509803857,extensive,final,xgb,pca_hybrid,True,COMPLETE
299,-0.0016583641670111133,2025-12-08 16:11:33.996798,2025-12-08 16:11:40.653524,0 days 00:00:06.656726,0.4343087018597974,0.0016676424811829385,7,7,634,0.40990569521287334,0.3453899646345343,0.3696971172052143,extensive,final,xgb,pca_hybrid,True,COMPLETE
