number,value,datetime_start,datetime_complete,duration,params_xgb_colsample_bytree,params_xgb_learning_rate,params_xgb_max_depth,params_xgb_min_child_weight,params_xgb_n_estimators,params_xgb_reg_alpha,params_xgb_reg_lambda,params_xgb_subsample,user_attrs_feat_level,user_attrs_label,user_attrs_model_type,user_attrs_pca_mode,user_attrs_use_PCA,state
169,-0.0007044301208871673,2025-12-08 16:43:40.290549,2025-12-08 16:43:50.540933,0 days 00:00:10.250384,0.7371958966701765,0.0414981401863897,7,8,2428,1.301583904989562,0.24616344856517153,0.6644454561345715,extensive,final,xgb,pca_block,True,COMPLETE
170,-0.005653268325455836,2025-12-08 16:43:50.541643,2025-12-08 16:44:00.843586,0 days 00:00:10.301943,0.7573001911654043,0.040222351250623914,7,10,2221,0.7628992510623808,0.44105858490269545,0.8636502393899804,extensive,final,xgb,pca_block,True,COMPLETE
171,-7.884701060334454e-05,2025-12-08 16:44:00.843938,2025-12-08 16:44:11.711094,0 days 00:00:10.867156,0.7272322167960619,0.0375515032298596,7,8,2534,1.0565552852074689,0.3621168840707482,0.8542428231052024,extensive,final,xgb,pca_block,True,COMPLETE
172,-0.000208973119541526,2025-12-08 16:44:11.711094,2025-12-08 16:44:22.345778,0 days 00:00:10.634684,0.7041088171379914,0.04576066062563674,7,8,2490,1.1173634455668262,0.27851554641555476,0.837172073891509,extensive,final,xgb,pca_block,True,COMPLETE
173,0.0004911809949544876,2025-12-08 16:44:22.346283,2025-12-08 16:44:32.944001,0 days 00:00:10.597718,0.7071827147036024,0.04939751580328495,7,9,2491,1.0081727630517028,0.27871491472132526,0.8390078727743419,extensive,final,xgb,pca_block,True,COMPLETE
174,-0.0001464147437387764,2025-12-08 16:44:32.944001,2025-12-08 16:44:43.692210,0 days 00:00:10.748209,0.7088145821761449,0.04943861255347786,7,9,2556,1.176948393477709,0.2762042937689609,0.8351282480144511,extensive,final,xgb,pca_block,True,COMPLETE
175,-0.00027181590369233327,2025-12-08 16:44:43.692511,2025-12-08 16:44:55.643424,0 days 00:00:11.950913,0.6905156634249948,0.046753473112190115,7,9,2801,1.0011678508276987,0.2048820447442476,0.8200013317330108,extensive,final,xgb,pca_block,True,COMPLETE
176,-0.0007241608997623864,2025-12-08 16:44:55.643424,2025-12-08 16:45:06.699148,0 days 00:00:11.055724,0.6765416730315035,0.04864209521985372,7,9,2625,1.182168583623603,0.2269238546629556,0.8301021882939208,extensive,final,xgb,pca_block,True,COMPLETE
177,-0.0007888168740609602,2025-12-08 16:45:06.700148,2025-12-08 16:45:17.410393,0 days 00:00:10.710245,0.7100552145785928,0.04192775037133198,7,7,2541,1.3102322317811073,0.2643272670214421,0.8430687167522471,extensive,final,xgb,pca_block,True,COMPLETE
178,-0.0003424863235864291,2025-12-08 16:45:17.410393,2025-12-08 16:45:28.543309,0 days 00:00:11.132916,0.7430137787633645,0.04926013764343579,7,8,2563,1.045786525002111,0.19726587953736194,0.8614009709376013,extensive,final,xgb,pca_block,True,COMPLETE
179,8.873038017320756e-05,2025-12-08 16:45:28.544633,2025-12-08 16:45:39.530250,0 days 00:00:10.985617,0.7319772582697154,0.036541421528272285,7,10,2458,0.9059463571042701,0.290154544029655,0.8240532601233549,extensive,final,xgb,pca_block,True,COMPLETE
180,-0.001003417556245149,2025-12-08 16:45:39.530250,2025-12-08 16:45:50.792144,0 days 00:00:11.261894,0.7137041548039441,0.03906940299304553,7,10,2471,0.8779409871125131,0.24677699304028383,0.8289740484013817,extensive,final,xgb,pca_block,True,COMPLETE
181,-8.942001437891219e-05,2025-12-08 16:45:50.792144,2025-12-08 16:46:01.332734,0 days 00:00:10.540590,0.7307396077401372,0.03598409095754006,7,9,2336,0.9651428813614481,0.2979855150183482,0.8419098096666698,extensive,final,xgb,pca_block,True,COMPLETE
182,-0.0005299144270052292,2025-12-08 16:46:01.332734,2025-12-08 16:46:12.134720,0 days 00:00:10.801986,0.7322798046718391,0.034908695570157376,7,9,2334,0.9364797317380559,0.29628456577692014,0.8153814248892682,extensive,final,xgb,pca_block,True,COMPLETE
183,0.00014915687891200088,2025-12-08 16:46:12.134720,2025-12-08 16:46:22.429392,0 days 00:00:10.294672,0.7239495175488976,0.04281691749737936,7,9,2393,1.178756891324313,0.27577566288240063,0.8548698690668575,extensive,final,xgb,pca_block,True,COMPLETE
184,-0.00022696522380719988,2025-12-08 16:46:22.431504,2025-12-08 16:46:34.048363,0 days 00:00:11.616859,0.7221522462371368,0.04308721055123492,7,10,2735,1.2155341357557887,0.21887602455888308,0.8509325687230849,extensive,final,xgb,pca_block,True,COMPLETE
185,-0.005597147331805052,2025-12-08 16:46:34.049363,2025-12-08 16:46:45.765557,0 days 00:00:11.716194,0.6975606334613498,0.03785616736268555,7,11,2424,0.7489710043844705,0.2795342962900211,0.8706010175084293,extensive,final,xgb,pca_block,True,COMPLETE
186,9.427837554087937e-06,2025-12-08 16:46:45.766557,2025-12-08 16:46:55.853342,0 days 00:00:10.086785,0.7133808744792418,0.04348976194310739,7,9,2287,1.148098231373115,0.24517003350129377,0.8343246913018971,extensive,final,xgb,pca_block,True,COMPLETE
187,0.00017571992691511884,2025-12-08 16:46:55.853342,2025-12-08 16:47:06.099137,0 days 00:00:10.245795,0.7076228885053072,0.049897483069629364,7,9,2299,1.1575861182654987,0.24715657741735217,0.8284428150179267,extensive,final,xgb,pca_block,True,COMPLETE
188,-0.001256982452340923,2025-12-08 16:47:06.099137,2025-12-08 16:47:17.252858,0 days 00:00:11.153721,0.7294269840993268,0.04333124977670935,7,10,2288,0.8647346898186173,0.22747007478558054,0.8194560607648845,extensive,final,xgb,pca_block,True,COMPLETE
189,-0.0009367815713189342,2025-12-08 16:47:17.252858,2025-12-08 16:47:27.501338,0 days 00:00:10.248480,0.7168059718890968,0.03245305559202326,7,9,2358,1.3806263749468968,0.1877166813879766,0.8037596417217103,extensive,final,xgb,pca_block,True,COMPLETE
190,0.0002013199457154835,2025-12-08 16:47:27.503339,2025-12-08 16:47:37.730362,0 days 00:00:10.227023,0.6878666941279624,0.03497368678449728,7,10,2272,0.9925556941826092,0.24614944043061046,0.8423891321445413,extensive,final,xgb,pca_block,True,COMPLETE
191,-3.8299812848345084e-05,2025-12-08 16:47:37.730362,2025-12-08 16:47:48.083794,0 days 00:00:10.353432,0.6901428315320088,0.03550377879217052,7,11,2221,0.986113609597066,0.24361292541444668,0.844005742490551,extensive,final,xgb,pca_block,True,COMPLETE
192,9.481740395644866e-05,2025-12-08 16:47:48.083794,2025-12-08 16:47:58.141229,0 days 00:00:10.057435,0.6726806086120349,0.035642690981560296,7,11,2283,1.1177244326596842,0.2426404584231535,0.8242314603237446,extensive,final,xgb,pca_block,True,COMPLETE
193,-0.0003090587812080159,2025-12-08 16:47:58.142277,2025-12-08 16:48:07.687510,0 days 00:00:09.545233,0.6689360063080861,0.030512353745722462,7,11,2220,1.181484655741448,0.2493749966665314,0.8272128579938561,extensive,final,xgb,pca_block,True,COMPLETE
194,4.528643571736583e-06,2025-12-08 16:48:07.687510,2025-12-08 16:48:17.383433,0 days 00:00:09.695923,0.6861584271865879,0.0336218750188915,7,11,2260,1.1114826240355666,0.20467992714644065,0.8608051475391555,extensive,final,xgb,pca_block,True,COMPLETE
195,-0.0003838224289635095,2025-12-08 16:48:17.384442,2025-12-08 16:48:27.114699,0 days 00:00:09.730257,0.6857154968447421,0.032329434227109086,7,11,2190,1.074993981644235,0.2072643544858856,0.8169341705196248,extensive,final,xgb,pca_block,True,COMPLETE
196,-0.0005126390510913348,2025-12-08 16:48:27.114699,2025-12-08 16:48:37.258850,0 days 00:00:10.144151,0.6794651154899776,0.036464967064034584,7,12,2280,1.2705791050244448,0.14802756068087866,0.7874567041335611,extensive,final,xgb,pca_block,True,COMPLETE
197,-0.0001463992682681677,2025-12-08 16:48:37.258850,2025-12-08 16:48:46.582387,0 days 00:00:09.323537,0.6565031372574058,0.03001037494352409,7,11,2141,1.1090724010395137,0.1895269255878077,0.8639285435320864,extensive,final,xgb,pca_block,True,COMPLETE
198,-0.00127244031475382,2025-12-08 16:48:46.582387,2025-12-08 16:48:56.469235,0 days 00:00:09.886848,0.6867900919167628,0.03959753454285883,7,12,2257,0.9558645477295755,0.2435711001775996,0.8792910447139792,extensive,final,xgb,pca_block,True,COMPLETE
199,0.00017039738341243874,2025-12-08 16:48:56.469235,2025-12-08 16:49:06.158861,0 days 00:00:09.689626,0.7007124161272388,0.033620877132530154,7,10,2178,1.100285484639037,0.16928352019000167,0.8346999013138413,extensive,final,xgb,pca_block,True,COMPLETE
200,-6.073359803819104e-05,2025-12-08 16:49:06.159865,2025-12-08 16:49:15.718100,0 days 00:00:09.558235,0.6658868027033069,0.033122186357349155,7,10,2170,1.100764763778827,0.16170748036703772,0.8305222723596946,extensive,final,xgb,pca_block,True,COMPLETE
201,-0.00015391662336117218,2025-12-08 16:49:15.718100,2025-12-08 16:49:25.385243,0 days 00:00:09.667143,0.6932181722033384,0.03343531823091769,7,10,2198,1.1067458383484827,0.16590308076366625,0.827427665037863,extensive,final,xgb,pca_block,True,COMPLETE
202,-0.00044782154034646765,2025-12-08 16:49:25.386321,2025-12-08 16:49:35.329671,0 days 00:00:09.943350,0.6661512546275653,0.03863706029378166,7,11,2314,1.2862885482865147,0.12620096399444272,0.8083288143854679,extensive,final,xgb,pca_block,True,COMPLETE
203,-0.0002351801720128869,2025-12-08 16:49:35.329671,2025-12-08 16:49:44.446558,0 days 00:00:09.116887,0.6996541048610172,0.03436357957828846,7,10,2093,1.105278470797109,0.16702183944334162,0.8340694140692786,extensive,final,xgb,pca_block,True,COMPLETE
204,-0.002482137144077967,2025-12-08 16:49:44.447073,2025-12-08 16:49:55.631594,0 days 00:00:11.184521,0.6727945435224019,0.03122943261341734,7,10,2369,0.8377862521072166,0.18170138329836596,0.858355384160223,extensive,final,xgb,pca_block,True,COMPLETE
205,-0.000136014840121527,2025-12-08 16:49:55.631594,2025-12-08 16:50:05.795948,0 days 00:00:10.164354,0.7039924730629444,0.04292099114274495,7,11,2267,1.0268142790862822,0.1393376919007284,0.8194527728369098,extensive,final,xgb,pca_block,True,COMPLETE
206,-0.0014763341343323837,2025-12-08 16:50:05.795948,2025-12-08 16:50:14.942212,0 days 00:00:09.146264,0.6828692511700333,0.03665240713260786,7,10,2151,1.456216258469266,0.20960516709025986,0.8364268661100372,extensive,final,xgb,pca_block,True,COMPLETE
207,-0.0004638049148842545,2025-12-08 16:50:14.943212,2025-12-08 16:50:24.383338,0 days 00:00:09.440126,0.6933808702129672,0.033477362517651245,7,10,2198,1.2315202451592104,0.146714446636184,0.7987148325392897,extensive,final,xgb,pca_block,True,COMPLETE
208,-0.00021625430742448307,2025-12-08 16:50:24.383338,2025-12-08 16:50:34.395217,0 days 00:00:10.011879,0.6528103002614073,0.030486210154764597,7,11,2358,1.1781680419075768,0.22569362109596827,0.8509952962162128,extensive,final,xgb,pca_block,True,COMPLETE
209,-0.0005872396867701765,2025-12-08 16:50:34.395217,2025-12-08 16:50:43.682524,0 days 00:00:09.287307,0.7055918207242531,0.04132743426364281,7,12,2104,0.9334957889709988,0.11727479411517236,0.8671542127666675,extensive,final,xgb,pca_block,True,COMPLETE
210,-0.0009044883433910375,2025-12-08 16:50:43.683941,2025-12-08 16:50:53.279303,0 days 00:00:09.595362,0.6706086454256853,0.038312663158123886,7,11,2264,1.3598399392198295,0.20153488761790325,0.8267071018917467,extensive,final,xgb,pca_block,True,COMPLETE
211,-0.0001352555704652314,2025-12-08 16:50:53.279816,2025-12-08 16:51:02.661622,0 days 00:00:09.381806,0.714816279042546,0.027956722097274244,7,10,2090,1.0038958842074523,0.24256592885507558,0.8454588597859914,extensive,final,xgb,pca_block,True,COMPLETE
212,6.804818499421088e-05,2025-12-08 16:51:02.661622,2025-12-08 16:51:11.661673,0 days 00:00:09.000051,0.6876999962323153,0.028932353135065404,7,10,2035,1.1013942223194597,0.25842669321878875,0.83827503706784,extensive,final,xgb,pca_block,True,COMPLETE
213,-0.00024811816887052956,2025-12-08 16:51:11.661673,2025-12-08 16:51:21.165332,0 days 00:00:09.503659,0.6965019229644714,0.03230884621588009,7,10,2202,1.1148755652840812,0.23045890048865353,0.836444267091791,extensive,final,xgb,pca_block,True,COMPLETE
214,9.854393003346414e-05,2025-12-08 16:51:21.165332,2025-12-08 16:51:31.816349,0 days 00:00:10.651017,0.6802252436889454,0.029651325771839484,7,10,2486,1.070824335986001,0.26417790572466715,0.8568236982764077,extensive,final,xgb,pca_block,True,COMPLETE
215,-0.0004577889003705889,2025-12-08 16:51:31.817369,2025-12-08 16:51:41.932660,0 days 00:00:10.115291,0.6787094323177933,0.02926150149521157,7,10,2391,1.1763170873981328,0.26722128916134763,0.8145980364875993,extensive,final,xgb,pca_block,True,COMPLETE
216,-0.00039465412855181164,2025-12-08 16:51:41.933233,2025-12-08 16:51:52.413479,0 days 00:00:10.480246,0.6629676285446384,0.03464601024836151,7,11,2289,0.8631094241612794,0.17860639224532757,0.8324145377833009,extensive,final,xgb,pca_block,True,COMPLETE
217,-0.0008071076757369955,2025-12-08 16:51:52.413479,2025-12-08 16:52:01.557445,0 days 00:00:09.143966,0.6857738801166486,0.029265748338764275,7,10,2171,1.2449512782083119,0.21667908753911083,0.8665559627995244,extensive,final,xgb,pca_block,True,COMPLETE
218,-6.079832127314777e-05,2025-12-08 16:52:01.558445,2025-12-08 16:52:10.548913,0 days 00:00:08.990468,0.6994211289312358,0.03139956872615323,7,10,2057,1.0608868070652278,0.15857759985572695,0.8480224783117514,extensive,final,xgb,pca_block,True,COMPLETE
219,-0.0006288066396059241,2025-12-08 16:52:10.550095,2025-12-08 16:52:20.967431,0 days 00:00:10.417336,0.6786614993058131,0.03424871760861152,7,9,2248,0.9181555387120517,0.3032459089684232,0.8255871126220042,extensive,final,xgb,pca_block,True,COMPLETE
220,-0.00029953127233410076,2025-12-08 16:52:20.967431,2025-12-08 16:52:31.014195,0 days 00:00:10.046764,0.6934265030015546,0.045254301863153566,7,11,2337,1.1278669939404646,0.24917630058653573,0.8770792638204142,extensive,final,xgb,pca_block,True,COMPLETE
221,2.5426776864012623e-06,2025-12-08 16:52:31.015329,2025-12-08 16:52:39.999654,0 days 00:00:08.984325,0.7056039703067296,0.03097145492071846,7,10,2041,1.0602439062416424,0.1935468903428176,0.8439989669187196,extensive,final,xgb,pca_block,True,COMPLETE
222,4.599310375489699e-05,2025-12-08 16:52:39.999654,2025-12-08 16:52:49.515426,0 days 00:00:09.515772,0.7083411822642858,0.02874402104921742,7,10,2150,0.9983572807506034,0.19680615126107076,0.8592275874469444,extensive,final,xgb,pca_block,True,COMPLETE
223,-0.0001493975617468113,2025-12-08 16:52:49.515426,2025-12-08 16:52:58.466477,0 days 00:00:08.951051,0.708712475261933,0.0289188292957053,7,11,2034,0.9561947348177768,0.20861517366690158,0.8610248094410532,extensive,final,xgb,pca_block,True,COMPLETE
224,-0.000315020658072207,2025-12-08 16:52:58.466477,2025-12-08 16:53:09.126705,0 days 00:00:10.660228,0.7108796524482434,0.02753311495494163,7,9,2468,1.0194753302264832,0.19405458436804018,0.8886861860124594,extensive,final,xgb,pca_block,True,COMPLETE
225,-0.0009985920826404888,2025-12-08 16:53:09.126705,2025-12-08 16:53:18.063674,0 days 00:00:08.936969,0.703377813051124,0.031132177656228048,7,10,2119,1.269431037711351,0.26552258935699635,0.8452299276338985,extensive,final,xgb,pca_block,True,COMPLETE
226,-0.0025290650806326274,2025-12-08 16:53:18.064749,2025-12-08 16:53:28.506880,0 days 00:00:10.442131,0.6888676754081208,0.036647580199087454,7,10,2241,0.8159952428858757,0.23009916916197348,0.8600214820470748,extensive,final,xgb,pca_block,True,COMPLETE
227,0.0003811129849445871,2025-12-08 16:53:28.507878,2025-12-08 16:53:39.545110,0 days 00:00:11.037232,0.7173588651844193,0.02649040945870911,7,9,2398,0.9739526067927641,0.3015040464877699,0.8411989874294412,extensive,final,xgb,pca_block,True,COMPLETE
228,-0.005149263025282884,2025-12-08 16:53:39.545110,2025-12-08 16:53:51.543776,0 days 00:00:11.998666,0.7190223401729281,0.02683504690448502,7,9,2382,0.7434848312021662,0.3142261184264224,0.8407409053427111,extensive,final,xgb,pca_block,True,COMPLETE
229,-0.00038808372758680765,2025-12-08 16:53:51.543776,2025-12-08 16:54:02.438036,0 days 00:00:10.894260,0.7471296236635318,0.029316663212757815,7,9,2454,0.9614277414621706,0.2939578606602164,0.8531051206711167,extensive,final,xgb,pca_block,True,COMPLETE
230,-0.0004807774629182286,2025-12-08 16:54:02.438036,2025-12-08 16:54:12.512779,0 days 00:00:10.074743,0.7211588998958697,0.026160503858442184,7,11,2311,1.1629534073924848,0.18406434635976923,0.8740206082198937,extensive,final,xgb,pca_block,True,COMPLETE
231,0.0002842349090640776,2025-12-08 16:54:12.517953,2025-12-08 16:54:22.859910,0 days 00:00:10.341957,0.7067509797696947,0.031095426884823415,7,10,2131,1.0305947072314705,0.2661259472688899,0.8388980119780705,extensive,final,xgb,pca_block,True,COMPLETE
232,0.0004831614031929332,2025-12-08 16:54:22.860910,2025-12-08 16:54:32.894488,0 days 00:00:10.033578,0.7067557650589501,0.03120482723334827,7,10,2129,1.0019600926045407,0.24224922082577757,0.8411742529057589,extensive,final,xgb,pca_block,True,COMPLETE
233,-0.0007961391199638642,2025-12-08 16:54:32.895498,2025-12-08 16:54:43.026518,0 days 00:00:10.131020,0.7091395555324622,0.03109948915319018,7,10,2028,0.8694953791219416,0.28010463963252746,0.8385167813704022,extensive,final,xgb,pca_block,True,COMPLETE
234,3.567202675155053e-05,2025-12-08 16:54:43.027612,2025-12-08 16:54:53.367537,0 days 00:00:10.339925,0.7350150815929735,0.028277462348703125,7,10,2132,1.0580848584858251,0.31941811598445624,0.8558423618493833,extensive,final,xgb,pca_block,True,COMPLETE
235,-0.0002534973745670725,2025-12-08 16:54:53.368544,2025-12-08 16:55:03.144344,0 days 00:00:09.775800,0.7366112025663013,0.028090514535019893,7,10,2124,1.1456947301740752,0.22550182122029538,0.8551975118814718,extensive,final,xgb,pca_block,True,COMPLETE
236,-0.0004601613104479041,2025-12-08 16:55:03.144344,2025-12-08 16:55:12.228259,0 days 00:00:09.083915,0.7353250219618906,0.030053351769257927,7,9,1964,0.9995762010537297,0.2596552664421195,0.480452688116404,extensive,final,xgb,pca_block,True,COMPLETE
237,-0.0007461884524322023,2025-12-08 16:55:12.229266,2025-12-08 16:55:21.226796,0 days 00:00:08.997530,0.720445179873405,0.02551327253445913,7,10,2070,1.2452638824026963,0.3083991358675636,0.8662652360478947,extensive,final,xgb,pca_block,True,COMPLETE
238,-0.00025182687383384916,2025-12-08 16:55:21.226796,2025-12-08 16:55:30.847736,0 days 00:00:09.620940,0.7450384781577752,0.028130860027120817,7,9,2158,1.098372390141621,0.19751488547644397,0.8191081874931649,extensive,final,xgb,pca_block,True,COMPLETE
239,-0.0006865594482357388,2025-12-08 16:55:30.847736,2025-12-08 16:55:41.332020,0 days 00:00:10.484284,0.7217782165338074,0.031523605209719904,7,10,2276,0.9031214963675953,0.2793960014179217,0.8525090885333844,extensive,final,xgb,pca_block,True,COMPLETE
240,-0.00017015044108862712,2025-12-08 16:55:41.332020,2025-12-08 16:55:50.412357,0 days 00:00:09.080337,0.7007471057816173,0.049222259471445005,7,10,2098,1.1804139209319453,0.23207286754991316,0.8350139644149636,extensive,final,xgb,pca_block,True,COMPLETE
241,-0.0004791865755268132,2025-12-08 16:55:50.412357,2025-12-08 16:56:00.151813,0 days 00:00:09.739456,0.709082739924534,0.031585055904856385,7,9,2185,1.02923352968339,0.32147731372242083,0.8461150464873787,extensive,final,xgb,pca_block,True,COMPLETE
242,-0.00041270053670598256,2025-12-08 16:56:00.152992,2025-12-08 16:56:10.508548,0 days 00:00:10.355556,0.7172590916899324,0.026635554013707447,7,10,2358,1.0636991347679003,0.32751286746401836,0.8244241206483032,extensive,final,xgb,pca_block,True,COMPLETE
243,-0.00045690462578173996,2025-12-08 16:56:10.508548,2025-12-08 16:56:19.657288,0 days 00:00:09.148740,0.7040005102598497,0.03327008165892236,7,9,2015,0.9633840408082037,0.25736714710362846,0.8613460168556998,extensive,final,xgb,pca_block,True,COMPLETE
244,4.064868629897559e-05,2025-12-08 16:56:19.657288,2025-12-08 16:56:30.626971,0 days 00:00:10.969683,0.7374263762132343,0.02848466012106002,7,10,2496,1.1070620747191746,0.28627835689356146,0.8328561978718871,extensive,final,xgb,pca_block,True,COMPLETE
245,-0.0007691694615877079,2025-12-08 16:56:30.626971,2025-12-08 16:56:41.282836,0 days 00:00:10.655865,0.7443606406668187,0.02894832946109615,7,18,2514,1.2902724935239656,0.28125416833702266,0.8421218594847186,extensive,final,xgb,pca_block,True,COMPLETE
246,-0.0003143824685592304,2025-12-08 16:56:41.282836,2025-12-08 16:56:52.737658,0 days 00:00:11.454822,0.7584883010932477,0.026541566482476946,7,10,2606,1.151171911612188,0.2431093210708602,0.8313926844610926,extensive,final,xgb,pca_block,True,COMPLETE
247,-0.002116098221738305,2025-12-08 16:56:52.738658,2025-12-08 16:57:04.605618,0 days 00:00:11.866960,0.7332696653616553,0.029161285508470493,7,10,2412,0.84456987779417,0.20997568642293488,0.8106055658199711,extensive,final,xgb,pca_block,True,COMPLETE
248,-6.467219593838298e-05,2025-12-08 16:57:04.605618,2025-12-08 16:57:15.557849,0 days 00:00:10.952231,0.7428862163719459,0.024311221780373714,7,11,2499,1.0920156365622822,0.29380188542580155,0.8369094875007514,extensive,final,xgb,pca_block,True,COMPLETE
249,7.231050737225668e-06,2025-12-08 16:57:15.558925,2025-12-08 16:57:26.284714,0 days 00:00:10.725789,0.7270914284827111,0.03030573999661627,7,9,2299,0.9581229382640968,0.2528588687831614,0.853384171882878,extensive,final,xgb,pca_block,True,COMPLETE
250,-0.0016559721404409238,2025-12-08 16:57:26.285218,2025-12-08 16:57:36.130236,0 days 00:00:09.845018,0.7238821976828469,0.031446288797800565,7,9,2228,2.0358613583280447,0.21670349472414002,0.8549794527882553,extensive,final,xgb,pca_block,True,COMPLETE
251,-0.0013165187748385894,2025-12-08 16:57:36.130236,2025-12-08 16:57:45.933924,0 days 00:00:09.803688,0.7196214038882196,0.03433838921400205,7,9,2150,0.92225320126901,0.2521384041805386,0.8731570747935824,extensive,final,xgb,pca_block,True,COMPLETE
252,-0.003356110696583666,2025-12-08 16:57:45.933924,2025-12-08 16:57:58.087026,0 days 00:00:12.153102,0.6976381728641443,0.027111388063342488,7,10,2396,0.7884696409574202,0.1736402106685773,0.8219094781724224,extensive,final,xgb,pca_block,True,COMPLETE
253,-0.0016559721404409238,2025-12-08 16:57:58.088081,2025-12-08 16:58:07.907075,0 days 00:00:09.818994,0.7330757102469917,0.04445265455574375,7,9,2301,2.9860561947158857,0.26188649958784305,0.8477837265132603,extensive,final,xgb,pca_block,True,COMPLETE
